Running NJOY to get 0K point-wise data (error=0.0005)...
Parsing cross sections within resolved resonance range...
  MTs: [2, 27, 102]
  Energy range: 1.000e-05 to 2.355e+06 eV (1500 points)
Vector fitting piece 1/1...
  energy: 1.000e-05 to 2.355e+06 eV (1500 points)
  error tolerance: rtol=0.001, atol=1e-05
Found 155 peaks
Fitting orders from 310 to 620
Order=310(0/156)
Order=312(1/156)
Order=314(2/156)
Order=316(3/156)
Order=318(4/156)
Order=320(5/156)
Found 2 real poles and 204 conjugate complex pairs.
Final number of poles: 206
Saved figure: WMP_Lib/O16/0-2355319_MT2.png
Saved figure: WMP_Lib/O16/0-2355319_MT27.png
Saved figure: WMP_Lib/O16/0-2355319_MT102.png
Dumped multipole data to file: WMP_Lib/O16/O16_mp.pickle
Start searching ...
Testing N_win=10 N_cf=10
Windowing:
  config: # windows=10, spacing=153.470169534155, CF order=10
  error tolerance: rtol=0.001, atol=1e-05
Failed: Pure curvefit failed for the first window!
Testing N_win=114 N_cf=10
Windowing:
  config: # windows=114, spacing=13.462295573171492, CF order=10
  error tolerance: rtol=0.001, atol=1e-05
Best library so far.
Testing N_win=114 N_cf=9
Windowing:
  config: # windows=114, spacing=13.462295573171492, CF order=9
  error tolerance: rtol=0.001, atol=1e-05
Best library so far.
Testing N_win=114 N_cf=8
Windowing:
  config: # windows=114, spacing=13.462295573171492, CF order=8
  error tolerance: rtol=0.001, atol=1e-05
Best library so far.
Testing N_win=114 N_cf=7
Windowing:
  config: # windows=114, spacing=13.462295573171492, CF order=7
  error tolerance: rtol=0.001, atol=1e-05
Best library so far.
Testing N_win=114 N_cf=6
Windowing:
  config: # windows=114, spacing=13.462295573171492, CF order=6
  error tolerance: rtol=0.001, atol=1e-05
Best library so far.
Testing N_win=114 N_cf=5
Windowing:
  config: # windows=114, spacing=13.462295573171492, CF order=5
  error tolerance: rtol=0.001, atol=1e-05
Best library so far.
Testing N_win=114 N_cf=4
Windowing:
  config: # windows=114, spacing=13.462295573171492, CF order=4
  error tolerance: rtol=0.001, atol=1e-05
Best library so far.
Testing N_win=114 N_cf=3
Windowing:
  config: # windows=114, spacing=13.462295573171492, CF order=3
  error tolerance: rtol=0.001, atol=1e-05
Testing N_win=114 N_cf=2
Windowing:
  config: # windows=114, spacing=13.462295573171492, CF order=2
  error tolerance: rtol=0.001, atol=1e-05
Best library so far.
Testing N_win=219 N_cf=10
Windowing:
  config: # windows=219, spacing=7.007770298363242, CF order=10
  error tolerance: rtol=0.001, atol=1e-05
Testing N_win=219 N_cf=9
Windowing:
  config: # windows=219, spacing=7.007770298363242, CF order=9
  error tolerance: rtol=0.001, atol=1e-05
Testing N_win=219 N_cf=8
Windowing:
  config: # windows=219, spacing=7.007770298363242, CF order=8
  error tolerance: rtol=0.001, atol=1e-05
Testing N_win=219 N_cf=7
Windowing:
  config: # windows=219, spacing=7.007770298363242, CF order=7
  error tolerance: rtol=0.001, atol=1e-05
Testing N_win=219 N_cf=6
Windowing:
  config: # windows=219, spacing=7.007770298363242, CF order=6
  error tolerance: rtol=0.001, atol=1e-05
Testing N_win=219 N_cf=5
Windowing:
  config: # windows=219, spacing=7.007770298363242, CF order=5
  error tolerance: rtol=0.001, atol=1e-05
Testing N_win=219 N_cf=4
Windowing:
  config: # windows=219, spacing=7.007770298363242, CF order=4
  error tolerance: rtol=0.001, atol=1e-05
Testing N_win=219 N_cf=3
Windowing:
  config: # windows=219, spacing=7.007770298363242, CF order=3
  error tolerance: rtol=0.001, atol=1e-05
Best library so far.
Testing N_win=219 N_cf=2
Windowing:
  config: # windows=219, spacing=7.007770298363242, CF order=2
  error tolerance: rtol=0.001, atol=1e-05
Best library so far.
Testing N_win=324 N_cf=10
Windowing:
  config: # windows=324, spacing=4.736733627597377, CF order=10
  error tolerance: rtol=0.001, atol=1e-05
Testing N_win=324 N_cf=9
Windowing:
  config: # windows=324, spacing=4.736733627597377, CF order=9
  error tolerance: rtol=0.001, atol=1e-05
Testing N_win=324 N_cf=8
Windowing:
  config: # windows=324, spacing=4.736733627597377, CF order=8
  error tolerance: rtol=0.001, atol=1e-05
Testing N_win=324 N_cf=7
Windowing:
  config: # windows=324, spacing=4.736733627597377, CF order=7
  error tolerance: rtol=0.001, atol=1e-05
Best library so far.
Testing N_win=324 N_cf=6
Windowing:
  config: # windows=324, spacing=4.736733627597377, CF order=6
  error tolerance: rtol=0.001, atol=1e-05
Best library so far.
Testing N_win=324 N_cf=5
Windowing:
  config: # windows=324, spacing=4.736733627597377, CF order=5
  error tolerance: rtol=0.001, atol=1e-05
Best library so far.
Testing N_win=324 N_cf=4
Windowing:
  config: # windows=324, spacing=4.736733627597377, CF order=4
  error tolerance: rtol=0.001, atol=1e-05
Best library so far.
Testing N_win=324 N_cf=3
Windowing:
  config: # windows=324, spacing=4.736733627597377, CF order=3
  error tolerance: rtol=0.001, atol=1e-05
Best library so far.
Testing N_win=324 N_cf=2
Windowing:
  config: # windows=324, spacing=4.736733627597377, CF order=2
  error tolerance: rtol=0.001, atol=1e-05
Best library so far.
Testing N_win=428 N_cf=10
Windowing:
  config: # windows=428, spacing=3.58575162462979, CF order=10
  error tolerance: rtol=0.001, atol=1e-05
Testing N_win=428 N_cf=9
Windowing:
  config: # windows=428, spacing=3.58575162462979, CF order=9
  error tolerance: rtol=0.001, atol=1e-05
Testing N_win=428 N_cf=8
Windowing:
  config: # windows=428, spacing=3.58575162462979, CF order=8
  error tolerance: rtol=0.001, atol=1e-05
Testing N_win=428 N_cf=7
Windowing:
  config: # windows=428, spacing=3.58575162462979, CF order=7
  error tolerance: rtol=0.001, atol=1e-05
Testing N_win=428 N_cf=6
Windowing:
  config: # windows=428, spacing=3.58575162462979, CF order=6
  error tolerance: rtol=0.001, atol=1e-05
Testing N_win=428 N_cf=5
Windowing:
  config: # windows=428, spacing=3.58575162462979, CF order=5
  error tolerance: rtol=0.001, atol=1e-05
Best library so far.
Testing N_win=428 N_cf=4
Windowing:
  config: # windows=428, spacing=3.58575162462979, CF order=4
  error tolerance: rtol=0.001, atol=1e-05
Best library so far.
Testing N_win=428 N_cf=3
Windowing:
  config: # windows=428, spacing=3.58575162462979, CF order=3
  error tolerance: rtol=0.001, atol=1e-05
Best library so far.
Testing N_win=428 N_cf=2
Windowing:
  config: # windows=428, spacing=3.58575162462979, CF order=2
  error tolerance: rtol=0.001, atol=1e-05
Best library so far.
Testing N_win=533 N_cf=10
Windowing:
  config: # windows=533, spacing=2.879365282066698, CF order=10
  error tolerance: rtol=0.001, atol=1e-05
Testing N_win=533 N_cf=9
Windowing:
  config: # windows=533, spacing=2.879365282066698, CF order=9
  error tolerance: rtol=0.001, atol=1e-05
Testing N_win=533 N_cf=8
Windowing:
  config: # windows=533, spacing=2.879365282066698, CF order=8
  error tolerance: rtol=0.001, atol=1e-05
Testing N_win=533 N_cf=7
Windowing:
  config: # windows=533, spacing=2.879365282066698, CF order=7
  error tolerance: rtol=0.001, atol=1e-05
Testing N_win=533 N_cf=6
Windowing:
  config: # windows=533, spacing=2.879365282066698, CF order=6
  error tolerance: rtol=0.001, atol=1e-05
Testing N_win=533 N_cf=5
Windowing:
  config: # windows=533, spacing=2.879365282066698, CF order=5
  error tolerance: rtol=0.001, atol=1e-05
Testing N_win=533 N_cf=4
Windowing:
  config: # windows=533, spacing=2.879365282066698, CF order=4
  error tolerance: rtol=0.001, atol=1e-05
Best library so far.
Testing N_win=533 N_cf=3
Windowing:
  config: # windows=533, spacing=2.879365282066698, CF order=3
  error tolerance: rtol=0.001, atol=1e-05
Best library so far.
Testing N_win=533 N_cf=2
Windowing:
  config: # windows=533, spacing=2.879365282066698, CF order=2
  error tolerance: rtol=0.001, atol=1e-05
Best library so far.
Testing N_win=638 N_cf=10
Windowing:
  config: # windows=638, spacing=2.405488550692085, CF order=10
  error tolerance: rtol=0.001, atol=1e-05
Testing N_win=638 N_cf=9
Windowing:
  config: # windows=638, spacing=2.405488550692085, CF order=9
  error tolerance: rtol=0.001, atol=1e-05
Testing N_win=638 N_cf=8
Windowing:
  config: # windows=638, spacing=2.405488550692085, CF order=8
  error tolerance: rtol=0.001, atol=1e-05
Testing N_win=638 N_cf=7
Windowing:
  config: # windows=638, spacing=2.405488550692085, CF order=7
  error tolerance: rtol=0.001, atol=1e-05
Testing N_win=638 N_cf=6
Windowing:
  config: # windows=638, spacing=2.405488550692085, CF order=6
  error tolerance: rtol=0.001, atol=1e-05
Testing N_win=638 N_cf=5
Windowing:
  config: # windows=638, spacing=2.405488550692085, CF order=5
  error tolerance: rtol=0.001, atol=1e-05
Testing N_win=638 N_cf=4
Windowing:
  config: # windows=638, spacing=2.405488550692085, CF order=4
  error tolerance: rtol=0.001, atol=1e-05
Testing N_win=638 N_cf=3
Windowing:
  config: # windows=638, spacing=2.405488550692085, CF order=3
  error tolerance: rtol=0.001, atol=1e-05
Testing N_win=638 N_cf=2
Windowing:
  config: # windows=638, spacing=2.405488550692085, CF order=2
  error tolerance: rtol=0.001, atol=1e-05
Best library so far.
Testing N_win=743 N_cf=10
Windowing:
  config: # windows=743, spacing=2.065547369234926, CF order=10
  error tolerance: rtol=0.001, atol=1e-05
Testing N_win=743 N_cf=9
Windowing:
  config: # windows=743, spacing=2.065547369234926, CF order=9
  error tolerance: rtol=0.001, atol=1e-05
Testing N_win=743 N_cf=8
Windowing:
  config: # windows=743, spacing=2.065547369234926, CF order=8
  error tolerance: rtol=0.001, atol=1e-05
Testing N_win=743 N_cf=7
Windowing:
  config: # windows=743, spacing=2.065547369234926, CF order=7
  error tolerance: rtol=0.001, atol=1e-05
Testing N_win=743 N_cf=6
Windowing:
  config: # windows=743, spacing=2.065547369234926, CF order=6
  error tolerance: rtol=0.001, atol=1e-05
Testing N_win=743 N_cf=5
Windowing:
  config: # windows=743, spacing=2.065547369234926, CF order=5
  error tolerance: rtol=0.001, atol=1e-05
Testing N_win=743 N_cf=4
Windowing:
  config: # windows=743, spacing=2.065547369234926, CF order=4
  error tolerance: rtol=0.001, atol=1e-05
Testing N_win=743 N_cf=3
Windowing:
  config: # windows=743, spacing=2.065547369234926, CF order=3
  error tolerance: rtol=0.001, atol=1e-05
Testing N_win=743 N_cf=2
Windowing:
  config: # windows=743, spacing=2.065547369234926, CF order=2
  error tolerance: rtol=0.001, atol=1e-05
Best library so far.
Testing N_win=847 N_cf=10
Windowing:
  config: # windows=847, spacing=1.8119264407810507, CF order=10
  error tolerance: rtol=0.001, atol=1e-05
Testing N_win=847 N_cf=9
Windowing:
  config: # windows=847, spacing=1.8119264407810507, CF order=9
  error tolerance: rtol=0.001, atol=1e-05
Testing N_win=847 N_cf=8
Windowing:
  config: # windows=847, spacing=1.8119264407810507, CF order=8
  error tolerance: rtol=0.001, atol=1e-05
Testing N_win=847 N_cf=7
Windowing:
  config: # windows=847, spacing=1.8119264407810507, CF order=7
  error tolerance: rtol=0.001, atol=1e-05
Testing N_win=847 N_cf=6
Windowing:
  config: # windows=847, spacing=1.8119264407810507, CF order=6
  error tolerance: rtol=0.001, atol=1e-05
Testing N_win=847 N_cf=5
Windowing:
  config: # windows=847, spacing=1.8119264407810507, CF order=5
  error tolerance: rtol=0.001, atol=1e-05
Testing N_win=847 N_cf=4
Windowing:
  config: # windows=847, spacing=1.8119264407810507, CF order=4
  error tolerance: rtol=0.001, atol=1e-05
Testing N_win=847 N_cf=3
Windowing:
  config: # windows=847, spacing=1.8119264407810507, CF order=3
  error tolerance: rtol=0.001, atol=1e-05
Testing N_win=847 N_cf=2
Windowing:
  config: # windows=847, spacing=1.8119264407810507, CF order=2
  error tolerance: rtol=0.001, atol=1e-05
Testing N_win=952 N_cf=10
Windowing:
  config: # windows=952, spacing=1.612081612753729, CF order=10
  error tolerance: rtol=0.001, atol=1e-05
Testing N_win=952 N_cf=9
Windowing:
  config: # windows=952, spacing=1.612081612753729, CF order=9
  error tolerance: rtol=0.001, atol=1e-05
Testing N_win=952 N_cf=8
Windowing:
  config: # windows=952, spacing=1.612081612753729, CF order=8
  error tolerance: rtol=0.001, atol=1e-05
Testing N_win=952 N_cf=7
Windowing:
  config: # windows=952, spacing=1.612081612753729, CF order=7
  error tolerance: rtol=0.001, atol=1e-05
Testing N_win=952 N_cf=6
Windowing:
  config: # windows=952, spacing=1.612081612753729, CF order=6
  error tolerance: rtol=0.001, atol=1e-05
Testing N_win=952 N_cf=5
Windowing:
  config: # windows=952, spacing=1.612081612753729, CF order=5
  error tolerance: rtol=0.001, atol=1e-05
Testing N_win=952 N_cf=4
Windowing:
  config: # windows=952, spacing=1.612081612753729, CF order=4
  error tolerance: rtol=0.001, atol=1e-05
Testing N_win=952 N_cf=3
Windowing:
  config: # windows=952, spacing=1.612081612753729, CF order=3
  error tolerance: rtol=0.001, atol=1e-05
Testing N_win=952 N_cf=2
Windowing:
  config: # windows=952, spacing=1.612081612753729, CF order=2
  error tolerance: rtol=0.001, atol=1e-05
Testing N_win=1057 N_cf=10
Windowing:
  config: # windows=1057, spacing=1.4519410551954115, CF order=10
  error tolerance: rtol=0.001, atol=1e-05
Testing N_win=1057 N_cf=9
Windowing:
  config: # windows=1057, spacing=1.4519410551954115, CF order=9
  error tolerance: rtol=0.001, atol=1e-05
Testing N_win=1057 N_cf=8
Windowing:
  config: # windows=1057, spacing=1.4519410551954115, CF order=8
  error tolerance: rtol=0.001, atol=1e-05
Testing N_win=1057 N_cf=7
Windowing:
  config: # windows=1057, spacing=1.4519410551954115, CF order=7
  error tolerance: rtol=0.001, atol=1e-05
Testing N_win=1057 N_cf=6
Windowing:
  config: # windows=1057, spacing=1.4519410551954115, CF order=6
  error tolerance: rtol=0.001, atol=1e-05
Testing N_win=1057 N_cf=5
Windowing:
  config: # windows=1057, spacing=1.4519410551954115, CF order=5
  error tolerance: rtol=0.001, atol=1e-05
Testing N_win=1057 N_cf=4
Windowing:
  config: # windows=1057, spacing=1.4519410551954115, CF order=4
  error tolerance: rtol=0.001, atol=1e-05
Testing N_win=1057 N_cf=3
Windowing:
  config: # windows=1057, spacing=1.4519410551954115, CF order=3
  error tolerance: rtol=0.001, atol=1e-05
Testing N_win=1057 N_cf=2
Windowing:
  config: # windows=1057, spacing=1.4519410551954115, CF order=2
  error tolerance: rtol=0.001, atol=1e-05
Testing N_win=1162 N_cf=10
Windowing:
  config: # windows=1162, spacing=1.3207415622560672, CF order=10
  error tolerance: rtol=0.001, atol=1e-05
Testing N_win=1162 N_cf=9
Windowing:
  config: # windows=1162, spacing=1.3207415622560672, CF order=9
  error tolerance: rtol=0.001, atol=1e-05
Testing N_win=1162 N_cf=8
Windowing:
  config: # windows=1162, spacing=1.3207415622560672, CF order=8
  error tolerance: rtol=0.001, atol=1e-05
Testing N_win=1162 N_cf=7
Windowing:
  config: # windows=1162, spacing=1.3207415622560672, CF order=7
  error tolerance: rtol=0.001, atol=1e-05
Testing N_win=1162 N_cf=6
Windowing:
  config: # windows=1162, spacing=1.3207415622560672, CF order=6
  error tolerance: rtol=0.001, atol=1e-05
Testing N_win=1162 N_cf=5
Windowing:
  config: # windows=1162, spacing=1.3207415622560672, CF order=5
  error tolerance: rtol=0.001, atol=1e-05
Testing N_win=1162 N_cf=4
Windowing:
  config: # windows=1162, spacing=1.3207415622560672, CF order=4
  error tolerance: rtol=0.001, atol=1e-05
Testing N_win=1162 N_cf=3
Windowing:
  config: # windows=1162, spacing=1.3207415622560672, CF order=3
  error tolerance: rtol=0.001, atol=1e-05
Testing N_win=1162 N_cf=2
Windowing:
  config: # windows=1162, spacing=1.3207415622560672, CF order=2
  error tolerance: rtol=0.001, atol=1e-05
Testing N_win=1266 N_cf=10
Windowing:
  config: # windows=1266, spacing=1.2122446250723145, CF order=10
  error tolerance: rtol=0.001, atol=1e-05
Testing N_win=1266 N_cf=9
Windowing:
  config: # windows=1266, spacing=1.2122446250723145, CF order=9
  error tolerance: rtol=0.001, atol=1e-05
Testing N_win=1266 N_cf=8
Windowing:
  config: # windows=1266, spacing=1.2122446250723145, CF order=8
  error tolerance: rtol=0.001, atol=1e-05
Testing N_win=1266 N_cf=7
Windowing:
  config: # windows=1266, spacing=1.2122446250723145, CF order=7
  error tolerance: rtol=0.001, atol=1e-05
Testing N_win=1266 N_cf=6
Windowing:
  config: # windows=1266, spacing=1.2122446250723145, CF order=6
  error tolerance: rtol=0.001, atol=1e-05
Testing N_win=1266 N_cf=5
Windowing:
  config: # windows=1266, spacing=1.2122446250723145, CF order=5
  error tolerance: rtol=0.001, atol=1e-05
Testing N_win=1266 N_cf=4
Windowing:
  config: # windows=1266, spacing=1.2122446250723145, CF order=4
  error tolerance: rtol=0.001, atol=1e-05
Testing N_win=1266 N_cf=3
Windowing:
  config: # windows=1266, spacing=1.2122446250723145, CF order=3
  error tolerance: rtol=0.001, atol=1e-05
Testing N_win=1266 N_cf=2
Windowing:
  config: # windows=1266, spacing=1.2122446250723145, CF order=2
  error tolerance: rtol=0.001, atol=1e-05
Testing N_win=1371 N_cf=10
Windowing:
  config: # windows=1371, spacing=1.1194031329989425, CF order=10
  error tolerance: rtol=0.001, atol=1e-05
Testing N_win=1371 N_cf=9
Windowing:
  config: # windows=1371, spacing=1.1194031329989425, CF order=9
  error tolerance: rtol=0.001, atol=1e-05
Testing N_win=1371 N_cf=8
Windowing:
  config: # windows=1371, spacing=1.1194031329989425, CF order=8
  error tolerance: rtol=0.001, atol=1e-05
Testing N_win=1371 N_cf=7
Windowing:
  config: # windows=1371, spacing=1.1194031329989425, CF order=7
  error tolerance: rtol=0.001, atol=1e-05
Testing N_win=1371 N_cf=6
Windowing:
  config: # windows=1371, spacing=1.1194031329989425, CF order=6
  error tolerance: rtol=0.001, atol=1e-05
Testing N_win=1371 N_cf=5
Windowing:
  config: # windows=1371, spacing=1.1194031329989425, CF order=5
  error tolerance: rtol=0.001, atol=1e-05
Testing N_win=1371 N_cf=4
Windowing:
  config: # windows=1371, spacing=1.1194031329989425, CF order=4
  error tolerance: rtol=0.001, atol=1e-05
Testing N_win=1371 N_cf=3
Windowing:
  config: # windows=1371, spacing=1.1194031329989425, CF order=3
  error tolerance: rtol=0.001, atol=1e-05
Testing N_win=1371 N_cf=2
Windowing:
  config: # windows=1371, spacing=1.1194031329989425, CF order=2
  error tolerance: rtol=0.001, atol=1e-05
Testing N_win=1476 N_cf=10
Windowing:
  config: # windows=1476, spacing=1.0397707963018632, CF order=10
  error tolerance: rtol=0.001, atol=1e-05
Testing N_win=1476 N_cf=9
Windowing:
  config: # windows=1476, spacing=1.0397707963018632, CF order=9
  error tolerance: rtol=0.001, atol=1e-05
Testing N_win=1476 N_cf=8
Windowing:
  config: # windows=1476, spacing=1.0397707963018632, CF order=8
  error tolerance: rtol=0.001, atol=1e-05
Testing N_win=1476 N_cf=7
Windowing:
  config: # windows=1476, spacing=1.0397707963018632, CF order=7
  error tolerance: rtol=0.001, atol=1e-05
Testing N_win=1476 N_cf=6
Windowing:
  config: # windows=1476, spacing=1.0397707963018632, CF order=6
  error tolerance: rtol=0.001, atol=1e-05
Testing N_win=1476 N_cf=5
Windowing:
  config: # windows=1476, spacing=1.0397707963018632, CF order=5
  error tolerance: rtol=0.001, atol=1e-05
Testing N_win=1476 N_cf=4
Windowing:
  config: # windows=1476, spacing=1.0397707963018632, CF order=4
  error tolerance: rtol=0.001, atol=1e-05
Testing N_win=1476 N_cf=3
Windowing:
  config: # windows=1476, spacing=1.0397707963018632, CF order=3
  error tolerance: rtol=0.001, atol=1e-05
Testing N_win=1476 N_cf=2
Windowing:
  config: # windows=1476, spacing=1.0397707963018632, CF order=2
  error tolerance: rtol=0.001, atol=1e-05
Testing N_win=1581 N_cf=10
Windowing:
  config: # windows=1581, spacing=0.9707158098302024, CF order=10
  error tolerance: rtol=0.001, atol=1e-05
Testing N_win=1581 N_cf=9
Windowing:
  config: # windows=1581, spacing=0.9707158098302024, CF order=9
  error tolerance: rtol=0.001, atol=1e-05
Testing N_win=1581 N_cf=8
Windowing:
  config: # windows=1581, spacing=0.9707158098302024, CF order=8
  error tolerance: rtol=0.001, atol=1e-05
Testing N_win=1581 N_cf=7
Windowing:
  config: # windows=1581, spacing=0.9707158098302024, CF order=7
  error tolerance: rtol=0.001, atol=1e-05
Testing N_win=1581 N_cf=6
Windowing:
  config: # windows=1581, spacing=0.9707158098302024, CF order=6
  error tolerance: rtol=0.001, atol=1e-05
Testing N_win=1581 N_cf=5
Windowing:
  config: # windows=1581, spacing=0.9707158098302024, CF order=5
  error tolerance: rtol=0.001, atol=1e-05
Testing N_win=1581 N_cf=4
Windowing:
  config: # windows=1581, spacing=0.9707158098302024, CF order=4
  error tolerance: rtol=0.001, atol=1e-05
Testing N_win=1581 N_cf=3
Windowing:
  config: # windows=1581, spacing=0.9707158098302024, CF order=3
  error tolerance: rtol=0.001, atol=1e-05
Testing N_win=1581 N_cf=2
Windowing:
  config: # windows=1581, spacing=0.9707158098302024, CF order=2
  error tolerance: rtol=0.001, atol=1e-05
Testing N_win=1685 N_cf=10
Windowing:
  config: # windows=1685, spacing=0.9108021930810386, CF order=10
  error tolerance: rtol=0.001, atol=1e-05
Testing N_win=1685 N_cf=9
Windowing:
  config: # windows=1685, spacing=0.9108021930810386, CF order=9
  error tolerance: rtol=0.001, atol=1e-05
Testing N_win=1685 N_cf=8
Windowing:
  config: # windows=1685, spacing=0.9108021930810386, CF order=8
  error tolerance: rtol=0.001, atol=1e-05
Testing N_win=1685 N_cf=7
Windowing:
  config: # windows=1685, spacing=0.9108021930810386, CF order=7
  error tolerance: rtol=0.001, atol=1e-05
Testing N_win=1685 N_cf=6
Windowing:
  config: # windows=1685, spacing=0.9108021930810386, CF order=6
  error tolerance: rtol=0.001, atol=1e-05
Testing N_win=1685 N_cf=5
Windowing:
  config: # windows=1685, spacing=0.9108021930810386, CF order=5
  error tolerance: rtol=0.001, atol=1e-05
Testing N_win=1685 N_cf=4
Windowing:
  config: # windows=1685, spacing=0.9108021930810386, CF order=4
  error tolerance: rtol=0.001, atol=1e-05
Testing N_win=1685 N_cf=3
Windowing:
  config: # windows=1685, spacing=0.9108021930810386, CF order=3
  error tolerance: rtol=0.001, atol=1e-05
Testing N_win=1685 N_cf=2
Windowing:
  config: # windows=1685, spacing=0.9108021930810386, CF order=2
  error tolerance: rtol=0.001, atol=1e-05
Testing N_win=1790 N_cf=10
Windowing:
  config: # windows=1790, spacing=0.857375248794162, CF order=10
  error tolerance: rtol=0.001, atol=1e-05
Testing N_win=1790 N_cf=9
Windowing:
  config: # windows=1790, spacing=0.857375248794162, CF order=9
  error tolerance: rtol=0.001, atol=1e-05
Testing N_win=1790 N_cf=8
Windowing:
  config: # windows=1790, spacing=0.857375248794162, CF order=8
  error tolerance: rtol=0.001, atol=1e-05
Testing N_win=1790 N_cf=7
Windowing:
  config: # windows=1790, spacing=0.857375248794162, CF order=7
  error tolerance: rtol=0.001, atol=1e-05
Testing N_win=1790 N_cf=6
Windowing:
  config: # windows=1790, spacing=0.857375248794162, CF order=6
  error tolerance: rtol=0.001, atol=1e-05
Testing N_win=1790 N_cf=5
Windowing:
  config: # windows=1790, spacing=0.857375248794162, CF order=5
  error tolerance: rtol=0.001, atol=1e-05
Testing N_win=1790 N_cf=4
Windowing:
  config: # windows=1790, spacing=0.857375248794162, CF order=4
  error tolerance: rtol=0.001, atol=1e-05
Testing N_win=1790 N_cf=3
Windowing:
  config: # windows=1790, spacing=0.857375248794162, CF order=3
  error tolerance: rtol=0.001, atol=1e-05
Testing N_win=1790 N_cf=2
Windowing:
  config: # windows=1790, spacing=0.857375248794162, CF order=2
  error tolerance: rtol=0.001, atol=1e-05
Testing N_win=1895 N_cf=10
Windowing:
  config: # windows=1895, spacing=0.8098689685179683, CF order=10
  error tolerance: rtol=0.001, atol=1e-05
Testing N_win=1895 N_cf=9
Windowing:
  config: # windows=1895, spacing=0.8098689685179683, CF order=9
  error tolerance: rtol=0.001, atol=1e-05
Testing N_win=1895 N_cf=8
Windowing:
  config: # windows=1895, spacing=0.8098689685179683, CF order=8
  error tolerance: rtol=0.001, atol=1e-05
Testing N_win=1895 N_cf=7
Windowing:
  config: # windows=1895, spacing=0.8098689685179683, CF order=7
  error tolerance: rtol=0.001, atol=1e-05
Testing N_win=1895 N_cf=6
Windowing:
  config: # windows=1895, spacing=0.8098689685179683, CF order=6
  error tolerance: rtol=0.001, atol=1e-05
Testing N_win=1895 N_cf=5
Windowing:
  config: # windows=1895, spacing=0.8098689685179683, CF order=5
  error tolerance: rtol=0.001, atol=1e-05
Testing N_win=1895 N_cf=4
Windowing:
  config: # windows=1895, spacing=0.8098689685179683, CF order=4
  error tolerance: rtol=0.001, atol=1e-05
Testing N_win=1895 N_cf=3
Windowing:
  config: # windows=1895, spacing=0.8098689685179683, CF order=3
  error tolerance: rtol=0.001, atol=1e-05
Testing N_win=1895 N_cf=2
Windowing:
  config: # windows=1895, spacing=0.8098689685179683, CF order=2
  error tolerance: rtol=0.001, atol=1e-05
Testing N_win=2000 N_cf=10
Windowing:
  config: # windows=2000, spacing=0.767350847670775, CF order=10
  error tolerance: rtol=0.001, atol=1e-05
Testing N_win=2000 N_cf=9
Windowing:
  config: # windows=2000, spacing=0.767350847670775, CF order=9
  error tolerance: rtol=0.001, atol=1e-05
Testing N_win=2000 N_cf=8
Windowing:
  config: # windows=2000, spacing=0.767350847670775, CF order=8
  error tolerance: rtol=0.001, atol=1e-05
Testing N_win=2000 N_cf=7
Windowing:
  config: # windows=2000, spacing=0.767350847670775, CF order=7
  error tolerance: rtol=0.001, atol=1e-05
Testing N_win=2000 N_cf=6
Windowing:
  config: # windows=2000, spacing=0.767350847670775, CF order=6
  error tolerance: rtol=0.001, atol=1e-05
Testing N_win=2000 N_cf=5
Windowing:
  config: # windows=2000, spacing=0.767350847670775, CF order=5
  error tolerance: rtol=0.001, atol=1e-05
Testing N_win=2000 N_cf=4
Windowing:
  config: # windows=2000, spacing=0.767350847670775, CF order=4
  error tolerance: rtol=0.001, atol=1e-05
Testing N_win=2000 N_cf=3
Windowing:
  config: # windows=2000, spacing=0.767350847670775, CF order=3
  error tolerance: rtol=0.001, atol=1e-05
Testing N_win=2000 N_cf=2
Windowing:
  config: # windows=2000, spacing=0.767350847670775, CF order=2
  error tolerance: rtol=0.001, atol=1e-05
Final library: 82 poles, 743 windows, 0.78 poles per window, 2 CF order
