Running NJOY to get 0K point-wise data (error=0.0005)...
Parsing cross sections within resolved resonance range...
  MTs: [2, 27, 102, 18]
  Energy range: 1.000e-05 to 3.000e+02 eV (38267 points)
Vector fitting piece 1/19...
  energy: 1.000e-05 to 1.116e+00 eV (848 points)
  error tolerance: rtol=0.001, atol=1e-05
Found 1 peaks
Fitting orders from 2 to 200
Order=2(0/100)
Order=4(1/100)
Order=6(2/100)
Order=8(3/100)
Order=10(4/100)
Found ideal results. Stop!
Found 2 real poles and 4 conjugate complex pairs.
Final number of poles: 6
Saved figure: WMP_Lib/Pu241/0-1_MT2.png
Saved figure: WMP_Lib/Pu241/0-1_MT27.png
Saved figure: WMP_Lib/Pu241/0-1_MT102.png
Saved figure: WMP_Lib/Pu241/0-1_MT18.png
Vector fitting piece 2/19...
  energy: 1.067e-01 to 3.849e+00 eV (536 points)
  error tolerance: rtol=0.001, atol=1e-05
Found 1 peaks
Fitting orders from 2 to 200
Order=2(0/100)
Order=4(1/100)
Order=6(2/100)
Order=8(3/100)
Order=10(4/100)
Order=12(5/100)
Order=14(6/100)
Order=16(7/100)
Order=18(8/100)
Order=20(9/100)
Order=22(10/100)
Order=24(11/100)
Order=26(12/100)
Order=28(13/100)
Order=30(14/100)
Order=32(15/100)
Order=34(16/100)
Order=36(17/100)
Order=38(18/100)
Order=40(19/100)
Order=42(20/100)
Order=44(21/100)
Order=46(22/100)
Order=48(23/100)
Order=50(24/100)
Order=52(25/100)
Order=54(26/100)
Order=56(27/100)
Order=58(28/100)
Order=60(29/100)
Found 4 real poles and 4 conjugate complex pairs.
Final number of poles: 8
Saved figure: WMP_Lib/Pu241/0-4_MT2.png
Saved figure: WMP_Lib/Pu241/0-4_MT27.png
Saved figure: WMP_Lib/Pu241/0-4_MT102.png
Saved figure: WMP_Lib/Pu241/0-4_MT18.png
Vector fitting piece 3/19...
  energy: 1.530e+00 to 8.247e+00 eV (797 points)
  error tolerance: rtol=0.001, atol=1e-05
Found 4 peaks
Fitting orders from 8 to 200
Order=8(0/97)
Order=10(1/97)
Order=12(2/97)
Order=14(3/97)
Order=16(4/97)
Found ideal results. Stop!
Found 2 real poles and 7 conjugate complex pairs.
Final number of poles: 9
Saved figure: WMP_Lib/Pu241/2-8_MT2.png
Saved figure: WMP_Lib/Pu241/2-8_MT27.png
Saved figure: WMP_Lib/Pu241/2-8_MT102.png
Saved figure: WMP_Lib/Pu241/2-8_MT18.png
Vector fitting piece 4/19...
  energy: 4.621e+00 to 1.431e+01 eV (1386 points)
  error tolerance: rtol=0.001, atol=1e-05
Found 7 peaks
Fitting orders from 14 to 200
Order=14(0/94)
Order=16(1/94)
Order=18(2/94)
Order=20(3/94)
Order=22(4/94)
Order=24(5/94)
Order=26(6/94)
Order=28(7/94)
Order=30(8/94)
Order=32(9/94)
Order=34(10/94)
Order=36(11/94)
Order=38(12/94)
Order=40(13/94)
Order=42(14/94)
Order=44(15/94)
Order=46(16/94)
Order=48(17/94)
Order=50(18/94)
Order=52(19/94)
Order=54(20/94)
Order=56(21/94)
Order=58(22/94)
Order=60(23/94)
Found 4 real poles and 9 conjugate complex pairs.
Final number of poles: 13
Saved figure: WMP_Lib/Pu241/5-14_MT2.png
Saved figure: WMP_Lib/Pu241/5-14_MT27.png
Saved figure: WMP_Lib/Pu241/5-14_MT102.png
Saved figure: WMP_Lib/Pu241/5-14_MT18.png
Vector fitting piece 5/19...
  energy: 9.365e+00 to 2.202e+01 eV (2198 points)
  error tolerance: rtol=0.001, atol=1e-05
Found 11 peaks
Fitting orders from 22 to 200
Order=22(0/90)
Order=24(1/90)
Order=26(2/90)
Order=28(3/90)
Found ideal results. Stop!
Found 6 real poles and 11 conjugate complex pairs.
Final number of poles: 17
Saved figure: WMP_Lib/Pu241/9-22_MT2.png
Saved figure: WMP_Lib/Pu241/9-22_MT27.png
Saved figure: WMP_Lib/Pu241/9-22_MT102.png
Saved figure: WMP_Lib/Pu241/9-22_MT18.png
Vector fitting piece 6/19...
  energy: 1.578e+01 to 3.141e+01 eV (2341 points)
  error tolerance: rtol=0.001, atol=1e-05
Found 15 peaks
Fitting orders from 30 to 200
Order=30(0/86)
Order=32(1/86)
Order=34(2/86)
Order=36(3/86)
Found ideal results. Stop!
Found 4 real poles and 16 conjugate complex pairs.
Final number of poles: 20
Saved figure: WMP_Lib/Pu241/16-31_MT2.png
Saved figure: WMP_Lib/Pu241/16-31_MT27.png
Saved figure: WMP_Lib/Pu241/16-31_MT102.png
Saved figure: WMP_Lib/Pu241/16-31_MT18.png
Vector fitting piece 7/19...
  energy: 2.385e+01 to 4.246e+01 eV (2541 points)
  error tolerance: rtol=0.001, atol=1e-05
Found 16 peaks
Fitting orders from 32 to 200
Order=32(0/85)
Order=34(1/85)
Order=36(2/85)
Order=38(3/85)
Order=40(4/85)
Order=42(5/85)
Order=44(6/85)
Found ideal results. Stop!
Found 2 real poles and 21 conjugate complex pairs.
Final number of poles: 23
Saved figure: WMP_Lib/Pu241/24-42_MT2.png
Saved figure: WMP_Lib/Pu241/24-42_MT27.png
Saved figure: WMP_Lib/Pu241/24-42_MT102.png
Saved figure: WMP_Lib/Pu241/24-42_MT18.png
Vector fitting piece 8/19...
  energy: 3.359e+01 to 5.523e+01 eV (2930 points)
  error tolerance: rtol=0.001, atol=1e-05
Found 17 peaks
Fitting orders from 34 to 200
Order=34(0/84)
Order=36(1/84)
Order=38(2/84)
Order=40(3/84)
Order=42(4/84)
Order=44(5/84)
Order=46(6/84)
Order=48(7/84)
Order=50(8/84)
Order=52(9/84)
Order=54(10/84)
Order=56(11/84)
Order=58(12/84)
Order=60(13/84)
Found 4 real poles and 19 conjugate complex pairs.
Final number of poles: 23
Saved figure: WMP_Lib/Pu241/34-55_MT2.png
Saved figure: WMP_Lib/Pu241/34-55_MT27.png
Saved figure: WMP_Lib/Pu241/34-55_MT102.png
Saved figure: WMP_Lib/Pu241/34-55_MT18.png
Vector fitting piece 9/19...
  energy: 4.497e+01 to 6.952e+01 eV (3369 points)
  error tolerance: rtol=0.001, atol=1e-05
Found 19 peaks
Fitting orders from 38 to 200
Order=38(0/82)
Order=40(1/82)
Order=42(2/82)
Order=44(3/82)
Order=46(4/82)
Order=48(5/82)
Order=50(6/82)
Order=52(7/82)
Order=54(8/82)
Order=56(9/82)
Order=58(10/82)
Order=60(11/82)
Found 2 real poles and 20 conjugate complex pairs.
Final number of poles: 22
Saved figure: WMP_Lib/Pu241/45-70_MT2.png
Saved figure: WMP_Lib/Pu241/45-70_MT27.png
Saved figure: WMP_Lib/Pu241/45-70_MT102.png
Saved figure: WMP_Lib/Pu241/45-70_MT18.png
Vector fitting piece 10/19...
  energy: 5.804e+01 to 8.555e+01 eV (4155 points)
  error tolerance: rtol=0.001, atol=1e-05
Found 19 peaks
Fitting orders from 38 to 200
Order=38(0/82)
Order=40(1/82)
Order=42(2/82)
Order=44(3/82)
Order=46(4/82)
Order=48(5/82)
Order=50(6/82)
Order=52(7/82)
Found ideal results. Stop!
Found 2 real poles and 25 conjugate complex pairs.
Final number of poles: 27
Saved figure: WMP_Lib/Pu241/58-86_MT2.png
Saved figure: WMP_Lib/Pu241/58-86_MT27.png
Saved figure: WMP_Lib/Pu241/58-86_MT102.png
Saved figure: WMP_Lib/Pu241/58-86_MT18.png
Vector fitting piece 11/19...
  energy: 7.276e+01 to 1.032e+02 eV (4768 points)
  error tolerance: rtol=0.001, atol=1e-05
Found 24 peaks
Fitting orders from 48 to 200
Order=48(0/77)
Order=50(1/77)
Order=52(2/77)
Order=54(3/77)
Order=56(4/77)
Order=58(5/77)
Order=60(6/77)
Order=62(7/77)
Order=64(8/77)
Order=66(9/77)
Found ideal results. Stop!
Found 2 real poles and 32 conjugate complex pairs.
Final number of poles: 34
Saved figure: WMP_Lib/Pu241/73-103_MT2.png
Saved figure: WMP_Lib/Pu241/73-103_MT27.png
Saved figure: WMP_Lib/Pu241/73-103_MT102.png
Saved figure: WMP_Lib/Pu241/73-103_MT18.png
Vector fitting piece 12/19...
  energy: 8.912e+01 to 1.226e+02 eV (4284 points)
  error tolerance: rtol=0.001, atol=1e-05
Found 25 peaks
Fitting orders from 50 to 200
Order=50(0/76)
Order=52(1/76)
Order=54(2/76)
Order=56(3/76)
Order=58(4/76)
Order=60(5/76)
Order=62(6/76)
Order=64(7/76)
Order=66(8/76)
Order=68(9/76)
Order=70(10/76)
Order=72(11/76)
Found 4 real poles and 29 conjugate complex pairs.
Final number of poles: 33
Saved figure: WMP_Lib/Pu241/89-123_MT2.png
Saved figure: WMP_Lib/Pu241/89-123_MT27.png
Saved figure: WMP_Lib/Pu241/89-123_MT102.png
Saved figure: WMP_Lib/Pu241/89-123_MT18.png
Vector fitting piece 13/19...
  energy: 1.072e+02 to 1.436e+02 eV (4587 points)
  error tolerance: rtol=0.001, atol=1e-05
Found 25 peaks
Fitting orders from 50 to 200
Order=50(0/76)
Order=52(1/76)
Order=54(2/76)
Order=56(3/76)
Order=58(4/76)
Order=60(5/76)
Order=62(6/76)
Found ideal results. Stop!
Found 6 real poles and 28 conjugate complex pairs.
Final number of poles: 34
Saved figure: WMP_Lib/Pu241/107-144_MT2.png
Saved figure: WMP_Lib/Pu241/107-144_MT27.png
Saved figure: WMP_Lib/Pu241/107-144_MT102.png
Saved figure: WMP_Lib/Pu241/107-144_MT18.png
Vector fitting piece 14/19...
  energy: 1.269e+02 to 1.663e+02 eV (4964 points)
  error tolerance: rtol=0.001, atol=1e-05
Found 28 peaks
Fitting orders from 56 to 200
Order=56(0/73)
Order=58(1/73)
Order=60(2/73)
Order=62(3/73)
Order=64(4/73)
Order=66(5/73)
Order=68(6/73)
Found ideal results. Stop!
Found 6 real poles and 31 conjugate complex pairs.
Final number of poles: 37
Saved figure: WMP_Lib/Pu241/127-166_MT2.png
Saved figure: WMP_Lib/Pu241/127-166_MT27.png
Saved figure: WMP_Lib/Pu241/127-166_MT102.png
Saved figure: WMP_Lib/Pu241/127-166_MT18.png
Vector fitting piece 15/19...
  energy: 1.482e+02 to 1.907e+02 eV (5658 points)
  error tolerance: rtol=0.001, atol=1e-05
Found 35 peaks
Fitting orders from 70 to 200
Order=70(0/66)
Order=72(1/66)
Order=74(2/66)
Order=76(3/66)
Order=78(4/66)
Order=80(5/66)
Found ideal results. Stop!
Found 6 real poles and 37 conjugate complex pairs.
Final number of poles: 43
Saved figure: WMP_Lib/Pu241/148-191_MT2.png
Saved figure: WMP_Lib/Pu241/148-191_MT27.png
Saved figure: WMP_Lib/Pu241/148-191_MT102.png
Saved figure: WMP_Lib/Pu241/148-191_MT18.png
Vector fitting piece 16/19...
  energy: 1.713e+02 to 2.167e+02 eV (5182 points)
  error tolerance: rtol=0.001, atol=1e-05
Found 29 peaks
Fitting orders from 58 to 200
Order=58(0/72)
Order=60(1/72)
Order=62(2/72)
Order=64(3/72)
Order=66(4/72)
Order=68(5/72)
Order=70(6/72)
Order=72(7/72)
Order=74(8/72)
Order=76(9/72)
Order=78(10/72)
Order=80(11/72)
Order=82(12/72)
Order=84(13/72)
Found 4 real poles and 35 conjugate complex pairs.
Final number of poles: 39
Saved figure: WMP_Lib/Pu241/171-217_MT2.png
Saved figure: WMP_Lib/Pu241/171-217_MT27.png
Saved figure: WMP_Lib/Pu241/171-217_MT102.png
Saved figure: WMP_Lib/Pu241/171-217_MT18.png
Vector fitting piece 17/19...
  energy: 1.960e+02 to 2.443e+02 eV (5712 points)
  error tolerance: rtol=0.001, atol=1e-05
Found 31 peaks
Fitting orders from 62 to 200
Order=62(0/70)
Order=64(1/70)
Order=66(2/70)
Order=68(3/70)
Order=70(4/70)
Order=72(5/70)
Order=74(6/70)
Order=76(7/70)
Order=78(8/70)
Order=80(9/70)
Order=82(10/70)
Order=84(11/70)
Order=86(12/70)
Order=88(13/70)
Found 4 real poles and 37 conjugate complex pairs.
Final number of poles: 41
Saved figure: WMP_Lib/Pu241/196-244_MT2.png
Saved figure: WMP_Lib/Pu241/196-244_MT27.png
Saved figure: WMP_Lib/Pu241/196-244_MT102.png
Saved figure: WMP_Lib/Pu241/196-244_MT18.png
Vector fitting piece 18/19...
  energy: 2.223e+02 to 2.736e+02 eV (5505 points)
  error tolerance: rtol=0.001, atol=1e-05
Found 30 peaks
Fitting orders from 60 to 200
Order=60(0/71)
Order=62(1/71)
Order=64(2/71)
Order=66(3/71)
Order=68(4/71)
Order=70(5/71)
Order=72(6/71)
Order=74(7/71)
Order=76(8/71)
Order=78(9/71)
Found ideal results. Stop!
Found 2 real poles and 38 conjugate complex pairs.
Final number of poles: 40
Saved figure: WMP_Lib/Pu241/222-274_MT2.png
Saved figure: WMP_Lib/Pu241/222-274_MT27.png
Saved figure: WMP_Lib/Pu241/222-274_MT102.png
Saved figure: WMP_Lib/Pu241/222-274_MT18.png
Vector fitting piece 19/19...
  energy: 2.503e+02 to 3.000e+02 eV (4479 points)
  error tolerance: rtol=0.001, atol=1e-05
Found 29 peaks
Fitting orders from 58 to 200
Order=58(0/72)
Order=60(1/72)
Order=62(2/72)
Order=64(3/72)
Order=66(4/72)
Order=68(5/72)
Order=70(6/72)
Order=72(7/72)
Order=74(8/72)
Order=76(9/72)
Order=78(10/72)
Order=80(11/72)
Order=82(12/72)
Found 6 real poles and 33 conjugate complex pairs.
Final number of poles: 39
Saved figure: WMP_Lib/Pu241/250-300_MT2.png
Saved figure: WMP_Lib/Pu241/250-300_MT27.png
Saved figure: WMP_Lib/Pu241/250-300_MT102.png
Saved figure: WMP_Lib/Pu241/250-300_MT18.png
Dumped multipole data to file: WMP_Lib/Pu241/Pu241_mp.pickle
Start searching ...
Testing N_win=25 N_cf=10
Windowing:
  config: # windows=25, spacing=0.6926937164510807, CF order=10
  error tolerance: rtol=0.001, atol=1e-05
Failed: Pure curvefit failed for the first window!
Testing N_win=128 N_cf=10
Windowing:
  config: # windows=128, spacing=0.1352917414943517, CF order=10
  error tolerance: rtol=0.001, atol=1e-05
Best library so far.
Testing N_win=128 N_cf=9
Windowing:
  config: # windows=128, spacing=0.1352917414943517, CF order=9
  error tolerance: rtol=0.001, atol=1e-05
Best library so far.
Testing N_win=128 N_cf=8
Windowing:
  config: # windows=128, spacing=0.1352917414943517, CF order=8
  error tolerance: rtol=0.001, atol=1e-05
Best library so far.
Testing N_win=128 N_cf=7
Windowing:
  config: # windows=128, spacing=0.1352917414943517, CF order=7
  error tolerance: rtol=0.001, atol=1e-05
Best library so far.
Testing N_win=128 N_cf=6
Windowing:
  config: # windows=128, spacing=0.1352917414943517, CF order=6
  error tolerance: rtol=0.001, atol=1e-05
Best library so far.
Testing N_win=128 N_cf=5
Windowing:
  config: # windows=128, spacing=0.1352917414943517, CF order=5
  error tolerance: rtol=0.001, atol=1e-05
Best library so far.
Testing N_win=128 N_cf=4
Windowing:
  config: # windows=128, spacing=0.1352917414943517, CF order=4
  error tolerance: rtol=0.001, atol=1e-05
Failed: Pure curvefit failed for the first window!
Testing N_win=232 N_cf=10
Windowing:
  config: # windows=232, spacing=0.07464371944515956, CF order=10
  error tolerance: rtol=0.001, atol=1e-05
Best library so far.
Testing N_win=232 N_cf=9
Windowing:
  config: # windows=232, spacing=0.07464371944515956, CF order=9
  error tolerance: rtol=0.001, atol=1e-05
Best library so far.
Testing N_win=232 N_cf=8
Windowing:
  config: # windows=232, spacing=0.07464371944515956, CF order=8
  error tolerance: rtol=0.001, atol=1e-05
Best library so far.
Testing N_win=232 N_cf=7
Windowing:
  config: # windows=232, spacing=0.07464371944515956, CF order=7
  error tolerance: rtol=0.001, atol=1e-05
Best library so far.
Testing N_win=232 N_cf=6
Windowing:
  config: # windows=232, spacing=0.07464371944515956, CF order=6
  error tolerance: rtol=0.001, atol=1e-05
Best library so far.
Testing N_win=232 N_cf=5
Windowing:
  config: # windows=232, spacing=0.07464371944515956, CF order=5
  error tolerance: rtol=0.001, atol=1e-05
Best library so far.
Testing N_win=232 N_cf=4
Windowing:
  config: # windows=232, spacing=0.07464371944515956, CF order=4
  error tolerance: rtol=0.001, atol=1e-05
Testing N_win=232 N_cf=3
Windowing:
  config: # windows=232, spacing=0.07464371944515956, CF order=3
  error tolerance: rtol=0.001, atol=1e-05
Failed: Pure curvefit failed for the first window!
Testing N_win=336 N_cf=10
Windowing:
  config: # windows=336, spacing=0.05153971104546731, CF order=10
  error tolerance: rtol=0.001, atol=1e-05
Testing N_win=336 N_cf=9
Windowing:
  config: # windows=336, spacing=0.05153971104546731, CF order=9
  error tolerance: rtol=0.001, atol=1e-05
Best library so far.
Testing N_win=336 N_cf=8
Windowing:
  config: # windows=336, spacing=0.05153971104546731, CF order=8
  error tolerance: rtol=0.001, atol=1e-05
Best library so far.
Testing N_win=336 N_cf=7
Windowing:
  config: # windows=336, spacing=0.05153971104546731, CF order=7
  error tolerance: rtol=0.001, atol=1e-05
Best library so far.
Testing N_win=336 N_cf=6
Windowing:
  config: # windows=336, spacing=0.05153971104546731, CF order=6
  error tolerance: rtol=0.001, atol=1e-05
Best library so far.
Testing N_win=336 N_cf=5
Windowing:
  config: # windows=336, spacing=0.05153971104546731, CF order=5
  error tolerance: rtol=0.001, atol=1e-05
Best library so far.
Testing N_win=336 N_cf=4
Windowing:
  config: # windows=336, spacing=0.05153971104546731, CF order=4
  error tolerance: rtol=0.001, atol=1e-05
Testing N_win=336 N_cf=3
Windowing:
  config: # windows=336, spacing=0.05153971104546731, CF order=3
  error tolerance: rtol=0.001, atol=1e-05
Failed: Pure curvefit failed for the first window!
Testing N_win=440 N_cf=10
Windowing:
  config: # windows=440, spacing=0.03935759752562958, CF order=10
  error tolerance: rtol=0.001, atol=1e-05
Testing N_win=440 N_cf=9
Windowing:
  config: # windows=440, spacing=0.03935759752562958, CF order=9
  error tolerance: rtol=0.001, atol=1e-05
Testing N_win=440 N_cf=8
Windowing:
  config: # windows=440, spacing=0.03935759752562958, CF order=8
  error tolerance: rtol=0.001, atol=1e-05
Testing N_win=440 N_cf=7
Windowing:
  config: # windows=440, spacing=0.03935759752562958, CF order=7
  error tolerance: rtol=0.001, atol=1e-05
Testing N_win=440 N_cf=6
Windowing:
  config: # windows=440, spacing=0.03935759752562958, CF order=6
  error tolerance: rtol=0.001, atol=1e-05
Best library so far.
Testing N_win=440 N_cf=5
Windowing:
  config: # windows=440, spacing=0.03935759752562958, CF order=5
  error tolerance: rtol=0.001, atol=1e-05
Best library so far.
Testing N_win=440 N_cf=4
Windowing:
  config: # windows=440, spacing=0.03935759752562958, CF order=4
  error tolerance: rtol=0.001, atol=1e-05
Testing N_win=440 N_cf=3
Windowing:
  config: # windows=440, spacing=0.03935759752562958, CF order=3
  error tolerance: rtol=0.001, atol=1e-05
Failed: Pure curvefit failed for the first window!
Testing N_win=544 N_cf=10
Windowing:
  config: # windows=544, spacing=0.03183335093984746, CF order=10
  error tolerance: rtol=0.001, atol=1e-05
Testing N_win=544 N_cf=9
Windowing:
  config: # windows=544, spacing=0.03183335093984746, CF order=9
  error tolerance: rtol=0.001, atol=1e-05
Testing N_win=544 N_cf=8
Windowing:
  config: # windows=544, spacing=0.03183335093984746, CF order=8
  error tolerance: rtol=0.001, atol=1e-05
Testing N_win=544 N_cf=7
Windowing:
  config: # windows=544, spacing=0.03183335093984746, CF order=7
  error tolerance: rtol=0.001, atol=1e-05
Testing N_win=544 N_cf=6
Windowing:
  config: # windows=544, spacing=0.03183335093984746, CF order=6
  error tolerance: rtol=0.001, atol=1e-05
Testing N_win=544 N_cf=5
Windowing:
  config: # windows=544, spacing=0.03183335093984746, CF order=5
  error tolerance: rtol=0.001, atol=1e-05
Best library so far.
Testing N_win=544 N_cf=4
Windowing:
  config: # windows=544, spacing=0.03183335093984746, CF order=4
  error tolerance: rtol=0.001, atol=1e-05
Testing N_win=544 N_cf=3
Windowing:
  config: # windows=544, spacing=0.03183335093984746, CF order=3
  error tolerance: rtol=0.001, atol=1e-05
Failed: Pure curvefit failed for the first window!
Testing N_win=648 N_cf=10
Windowing:
  config: # windows=648, spacing=0.026724294616168237, CF order=10
  error tolerance: rtol=0.001, atol=1e-05
Testing N_win=648 N_cf=9
Windowing:
  config: # windows=648, spacing=0.026724294616168237, CF order=9
  error tolerance: rtol=0.001, atol=1e-05
Testing N_win=648 N_cf=8
Windowing:
  config: # windows=648, spacing=0.026724294616168237, CF order=8
  error tolerance: rtol=0.001, atol=1e-05
Testing N_win=648 N_cf=7
Windowing:
  config: # windows=648, spacing=0.026724294616168237, CF order=7
  error tolerance: rtol=0.001, atol=1e-05
Testing N_win=648 N_cf=6
Windowing:
  config: # windows=648, spacing=0.026724294616168237, CF order=6
  error tolerance: rtol=0.001, atol=1e-05
Testing N_win=648 N_cf=5
Windowing:
  config: # windows=648, spacing=0.026724294616168237, CF order=5
  error tolerance: rtol=0.001, atol=1e-05
Testing N_win=648 N_cf=4
Windowing:
  config: # windows=648, spacing=0.026724294616168237, CF order=4
  error tolerance: rtol=0.001, atol=1e-05
Testing N_win=648 N_cf=3
Windowing:
  config: # windows=648, spacing=0.026724294616168237, CF order=3
  error tolerance: rtol=0.001, atol=1e-05
Failed: Pure curvefit failed for the first window!
Testing N_win=752 N_cf=10
Windowing:
  config: # windows=752, spacing=0.02302838153095348, CF order=10
  error tolerance: rtol=0.001, atol=1e-05
Testing N_win=752 N_cf=9
Windowing:
  config: # windows=752, spacing=0.02302838153095348, CF order=9
  error tolerance: rtol=0.001, atol=1e-05
Testing N_win=752 N_cf=8
Windowing:
  config: # windows=752, spacing=0.02302838153095348, CF order=8
  error tolerance: rtol=0.001, atol=1e-05
Testing N_win=752 N_cf=7
Windowing:
  config: # windows=752, spacing=0.02302838153095348, CF order=7
  error tolerance: rtol=0.001, atol=1e-05
Testing N_win=752 N_cf=6
Windowing:
  config: # windows=752, spacing=0.02302838153095348, CF order=6
  error tolerance: rtol=0.001, atol=1e-05
Testing N_win=752 N_cf=5
Windowing:
  config: # windows=752, spacing=0.02302838153095348, CF order=5
  error tolerance: rtol=0.001, atol=1e-05
Testing N_win=752 N_cf=4
Windowing:
  config: # windows=752, spacing=0.02302838153095348, CF order=4
  error tolerance: rtol=0.001, atol=1e-05
Testing N_win=752 N_cf=3
Windowing:
  config: # windows=752, spacing=0.02302838153095348, CF order=3
  error tolerance: rtol=0.001, atol=1e-05
Failed: Pure curvefit failed for the first window!
Testing N_win=856 N_cf=10
Windowing:
  config: # windows=856, spacing=0.02023054078420212, CF order=10
  error tolerance: rtol=0.001, atol=1e-05
Testing N_win=856 N_cf=9
Windowing:
  config: # windows=856, spacing=0.02023054078420212, CF order=9
  error tolerance: rtol=0.001, atol=1e-05
Testing N_win=856 N_cf=8
Windowing:
  config: # windows=856, spacing=0.02023054078420212, CF order=8
  error tolerance: rtol=0.001, atol=1e-05
Testing N_win=856 N_cf=7
Windowing:
  config: # windows=856, spacing=0.02023054078420212, CF order=7
  error tolerance: rtol=0.001, atol=1e-05
Testing N_win=856 N_cf=6
Windowing:
  config: # windows=856, spacing=0.02023054078420212, CF order=6
  error tolerance: rtol=0.001, atol=1e-05
Testing N_win=856 N_cf=5
Windowing:
  config: # windows=856, spacing=0.02023054078420212, CF order=5
  error tolerance: rtol=0.001, atol=1e-05
Testing N_win=856 N_cf=4
Windowing:
  config: # windows=856, spacing=0.02023054078420212, CF order=4
  error tolerance: rtol=0.001, atol=1e-05
Testing N_win=856 N_cf=3
Windowing:
  config: # windows=856, spacing=0.02023054078420212, CF order=3
  error tolerance: rtol=0.001, atol=1e-05
Failed: Pure curvefit failed for the first window!
Testing N_win=960 N_cf=10
Windowing:
  config: # windows=960, spacing=0.018038898865913557, CF order=10
  error tolerance: rtol=0.001, atol=1e-05
Testing N_win=960 N_cf=9
Windowing:
  config: # windows=960, spacing=0.018038898865913557, CF order=9
  error tolerance: rtol=0.001, atol=1e-05
Testing N_win=960 N_cf=8
Windowing:
  config: # windows=960, spacing=0.018038898865913557, CF order=8
  error tolerance: rtol=0.001, atol=1e-05
Testing N_win=960 N_cf=7
Windowing:
  config: # windows=960, spacing=0.018038898865913557, CF order=7
  error tolerance: rtol=0.001, atol=1e-05
Testing N_win=960 N_cf=6
Windowing:
  config: # windows=960, spacing=0.018038898865913557, CF order=6
  error tolerance: rtol=0.001, atol=1e-05
Testing N_win=960 N_cf=5
Windowing:
  config: # windows=960, spacing=0.018038898865913557, CF order=5
  error tolerance: rtol=0.001, atol=1e-05
Testing N_win=960 N_cf=4
Windowing:
  config: # windows=960, spacing=0.018038898865913557, CF order=4
  error tolerance: rtol=0.001, atol=1e-05
Testing N_win=960 N_cf=3
Windowing:
  config: # windows=960, spacing=0.018038898865913557, CF order=3
  error tolerance: rtol=0.001, atol=1e-05
Failed: Pure curvefit failed for the first window!
Testing N_win=1064 N_cf=10
Windowing:
  config: # windows=1064, spacing=0.016275698224884415, CF order=10
  error tolerance: rtol=0.001, atol=1e-05
Testing N_win=1064 N_cf=9
Windowing:
  config: # windows=1064, spacing=0.016275698224884415, CF order=9
  error tolerance: rtol=0.001, atol=1e-05
Testing N_win=1064 N_cf=8
Windowing:
  config: # windows=1064, spacing=0.016275698224884415, CF order=8
  error tolerance: rtol=0.001, atol=1e-05
Testing N_win=1064 N_cf=7
Windowing:
  config: # windows=1064, spacing=0.016275698224884415, CF order=7
  error tolerance: rtol=0.001, atol=1e-05
Testing N_win=1064 N_cf=6
Windowing:
  config: # windows=1064, spacing=0.016275698224884415, CF order=6
  error tolerance: rtol=0.001, atol=1e-05
Testing N_win=1064 N_cf=5
Windowing:
  config: # windows=1064, spacing=0.016275698224884415, CF order=5
  error tolerance: rtol=0.001, atol=1e-05
Testing N_win=1064 N_cf=4
Windowing:
  config: # windows=1064, spacing=0.016275698224884415, CF order=4
  error tolerance: rtol=0.001, atol=1e-05
Testing N_win=1064 N_cf=3
Windowing:
  config: # windows=1064, spacing=0.016275698224884415, CF order=3
  error tolerance: rtol=0.001, atol=1e-05
Failed: Pure curvefit failed for the first window!
Testing N_win=1168 N_cf=10
Windowing:
  config: # windows=1168, spacing=0.01482649221855909, CF order=10
  error tolerance: rtol=0.001, atol=1e-05
Testing N_win=1168 N_cf=9
Windowing:
  config: # windows=1168, spacing=0.01482649221855909, CF order=9
  error tolerance: rtol=0.001, atol=1e-05
Testing N_win=1168 N_cf=8
Windowing:
  config: # windows=1168, spacing=0.01482649221855909, CF order=8
  error tolerance: rtol=0.001, atol=1e-05
Testing N_win=1168 N_cf=7
Windowing:
  config: # windows=1168, spacing=0.01482649221855909, CF order=7
  error tolerance: rtol=0.001, atol=1e-05
Testing N_win=1168 N_cf=6
Windowing:
  config: # windows=1168, spacing=0.01482649221855909, CF order=6
  error tolerance: rtol=0.001, atol=1e-05
Testing N_win=1168 N_cf=5
Windowing:
  config: # windows=1168, spacing=0.01482649221855909, CF order=5
  error tolerance: rtol=0.001, atol=1e-05
Testing N_win=1168 N_cf=4
Windowing:
  config: # windows=1168, spacing=0.01482649221855909, CF order=4
  error tolerance: rtol=0.001, atol=1e-05
Testing N_win=1168 N_cf=3
Windowing:
  config: # windows=1168, spacing=0.01482649221855909, CF order=3
  error tolerance: rtol=0.001, atol=1e-05
Failed: Pure curvefit failed for the first window!
Testing N_win=1272 N_cf=10
Windowing:
  config: # windows=1272, spacing=0.013614263295029102, CF order=10
  error tolerance: rtol=0.001, atol=1e-05
Testing N_win=1272 N_cf=9
Windowing:
  config: # windows=1272, spacing=0.013614263295029102, CF order=9
  error tolerance: rtol=0.001, atol=1e-05
Testing N_win=1272 N_cf=8
Windowing:
  config: # windows=1272, spacing=0.013614263295029102, CF order=8
  error tolerance: rtol=0.001, atol=1e-05
Testing N_win=1272 N_cf=7
Windowing:
  config: # windows=1272, spacing=0.013614263295029102, CF order=7
  error tolerance: rtol=0.001, atol=1e-05
Testing N_win=1272 N_cf=6
Windowing:
  config: # windows=1272, spacing=0.013614263295029102, CF order=6
  error tolerance: rtol=0.001, atol=1e-05
Testing N_win=1272 N_cf=5
Windowing:
  config: # windows=1272, spacing=0.013614263295029102, CF order=5
  error tolerance: rtol=0.001, atol=1e-05
Testing N_win=1272 N_cf=4
Windowing:
  config: # windows=1272, spacing=0.013614263295029102, CF order=4
  error tolerance: rtol=0.001, atol=1e-05
Testing N_win=1272 N_cf=3
Windowing:
  config: # windows=1272, spacing=0.013614263295029102, CF order=3
  error tolerance: rtol=0.001, atol=1e-05
Failed: Pure curvefit failed for the first window!
Testing N_win=1376 N_cf=10
Windowing:
  config: # windows=1376, spacing=0.012585278278544344, CF order=10
  error tolerance: rtol=0.001, atol=1e-05
Testing N_win=1376 N_cf=9
Windowing:
  config: # windows=1376, spacing=0.012585278278544344, CF order=9
  error tolerance: rtol=0.001, atol=1e-05
Testing N_win=1376 N_cf=8
Windowing:
  config: # windows=1376, spacing=0.012585278278544344, CF order=8
  error tolerance: rtol=0.001, atol=1e-05
Testing N_win=1376 N_cf=7
Windowing:
  config: # windows=1376, spacing=0.012585278278544344, CF order=7
  error tolerance: rtol=0.001, atol=1e-05
Testing N_win=1376 N_cf=6
Windowing:
  config: # windows=1376, spacing=0.012585278278544344, CF order=6
  error tolerance: rtol=0.001, atol=1e-05
Testing N_win=1376 N_cf=5
Windowing:
  config: # windows=1376, spacing=0.012585278278544344, CF order=5
  error tolerance: rtol=0.001, atol=1e-05
Testing N_win=1376 N_cf=4
Windowing:
  config: # windows=1376, spacing=0.012585278278544344, CF order=4
  error tolerance: rtol=0.001, atol=1e-05
Testing N_win=1376 N_cf=3
Windowing:
  config: # windows=1376, spacing=0.012585278278544344, CF order=3
  error tolerance: rtol=0.001, atol=1e-05
Failed: Pure curvefit failed for the first window!
Testing N_win=1480 N_cf=10
Windowing:
  config: # windows=1480, spacing=0.01170090737248447, CF order=10
  error tolerance: rtol=0.001, atol=1e-05
Testing N_win=1480 N_cf=9
Windowing:
  config: # windows=1480, spacing=0.01170090737248447, CF order=9
  error tolerance: rtol=0.001, atol=1e-05
Testing N_win=1480 N_cf=8
Windowing:
  config: # windows=1480, spacing=0.01170090737248447, CF order=8
  error tolerance: rtol=0.001, atol=1e-05
Testing N_win=1480 N_cf=7
Windowing:
  config: # windows=1480, spacing=0.01170090737248447, CF order=7
  error tolerance: rtol=0.001, atol=1e-05
Testing N_win=1480 N_cf=6
Windowing:
  config: # windows=1480, spacing=0.01170090737248447, CF order=6
  error tolerance: rtol=0.001, atol=1e-05
Testing N_win=1480 N_cf=5
Windowing:
  config: # windows=1480, spacing=0.01170090737248447, CF order=5
  error tolerance: rtol=0.001, atol=1e-05
Testing N_win=1480 N_cf=4
Windowing:
  config: # windows=1480, spacing=0.01170090737248447, CF order=4
  error tolerance: rtol=0.001, atol=1e-05
Testing N_win=1480 N_cf=3
Windowing:
  config: # windows=1480, spacing=0.01170090737248447, CF order=3
  error tolerance: rtol=0.001, atol=1e-05
Failed: Pure curvefit failed for the first window!
Testing N_win=1584 N_cf=10
Windowing:
  config: # windows=1584, spacing=0.010932665979341552, CF order=10
  error tolerance: rtol=0.001, atol=1e-05
Testing N_win=1584 N_cf=9
Windowing:
  config: # windows=1584, spacing=0.010932665979341552, CF order=9
  error tolerance: rtol=0.001, atol=1e-05
Testing N_win=1584 N_cf=8
Windowing:
  config: # windows=1584, spacing=0.010932665979341552, CF order=8
  error tolerance: rtol=0.001, atol=1e-05
Testing N_win=1584 N_cf=7
Windowing:
  config: # windows=1584, spacing=0.010932665979341552, CF order=7
  error tolerance: rtol=0.001, atol=1e-05
Testing N_win=1584 N_cf=6
Windowing:
  config: # windows=1584, spacing=0.010932665979341552, CF order=6
  error tolerance: rtol=0.001, atol=1e-05
Testing N_win=1584 N_cf=5
Windowing:
  config: # windows=1584, spacing=0.010932665979341552, CF order=5
  error tolerance: rtol=0.001, atol=1e-05
Testing N_win=1584 N_cf=4
Windowing:
  config: # windows=1584, spacing=0.010932665979341552, CF order=4
  error tolerance: rtol=0.001, atol=1e-05
Testing N_win=1584 N_cf=3
Windowing:
  config: # windows=1584, spacing=0.010932665979341552, CF order=3
  error tolerance: rtol=0.001, atol=1e-05
Failed: Pure curvefit failed for the first window!
Testing N_win=1688 N_cf=10
Windowing:
  config: # windows=1688, spacing=0.010259089402415295, CF order=10
  error tolerance: rtol=0.001, atol=1e-05
Testing N_win=1688 N_cf=9
Windowing:
  config: # windows=1688, spacing=0.010259089402415295, CF order=9
  error tolerance: rtol=0.001, atol=1e-05
Testing N_win=1688 N_cf=8
Windowing:
  config: # windows=1688, spacing=0.010259089402415295, CF order=8
  error tolerance: rtol=0.001, atol=1e-05
Testing N_win=1688 N_cf=7
Windowing:
  config: # windows=1688, spacing=0.010259089402415295, CF order=7
  error tolerance: rtol=0.001, atol=1e-05
Testing N_win=1688 N_cf=6
Windowing:
  config: # windows=1688, spacing=0.010259089402415295, CF order=6
  error tolerance: rtol=0.001, atol=1e-05
Testing N_win=1688 N_cf=5
Windowing:
  config: # windows=1688, spacing=0.010259089402415295, CF order=5
  error tolerance: rtol=0.001, atol=1e-05
Testing N_win=1688 N_cf=4
Windowing:
  config: # windows=1688, spacing=0.010259089402415295, CF order=4
  error tolerance: rtol=0.001, atol=1e-05
Testing N_win=1688 N_cf=3
Windowing:
  config: # windows=1688, spacing=0.010259089402415295, CF order=3
  error tolerance: rtol=0.001, atol=1e-05
Failed: Pure curvefit failed for the first window!
Testing N_win=1792 N_cf=10
Windowing:
  config: # windows=1792, spacing=0.009663695821025121, CF order=10
  error tolerance: rtol=0.001, atol=1e-05
Testing N_win=1792 N_cf=9
Windowing:
  config: # windows=1792, spacing=0.009663695821025121, CF order=9
  error tolerance: rtol=0.001, atol=1e-05
Testing N_win=1792 N_cf=8
Windowing:
  config: # windows=1792, spacing=0.009663695821025121, CF order=8
  error tolerance: rtol=0.001, atol=1e-05
Testing N_win=1792 N_cf=7
Windowing:
  config: # windows=1792, spacing=0.009663695821025121, CF order=7
  error tolerance: rtol=0.001, atol=1e-05
Testing N_win=1792 N_cf=6
Windowing:
  config: # windows=1792, spacing=0.009663695821025121, CF order=6
  error tolerance: rtol=0.001, atol=1e-05
Testing N_win=1792 N_cf=5
Windowing:
  config: # windows=1792, spacing=0.009663695821025121, CF order=5
  error tolerance: rtol=0.001, atol=1e-05
Testing N_win=1792 N_cf=4
Windowing:
  config: # windows=1792, spacing=0.009663695821025121, CF order=4
  error tolerance: rtol=0.001, atol=1e-05
Testing N_win=1792 N_cf=3
Windowing:
  config: # windows=1792, spacing=0.009663695821025121, CF order=3
  error tolerance: rtol=0.001, atol=1e-05
Failed: Pure curvefit failed for the first window!
Testing N_win=1896 N_cf=10
Windowing:
  config: # windows=1896, spacing=0.009133619678943574, CF order=10
  error tolerance: rtol=0.001, atol=1e-05
Testing N_win=1896 N_cf=9
Windowing:
  config: # windows=1896, spacing=0.009133619678943574, CF order=9
  error tolerance: rtol=0.001, atol=1e-05
Testing N_win=1896 N_cf=8
Windowing:
  config: # windows=1896, spacing=0.009133619678943574, CF order=8
  error tolerance: rtol=0.001, atol=1e-05
Testing N_win=1896 N_cf=7
Windowing:
  config: # windows=1896, spacing=0.009133619678943574, CF order=7
  error tolerance: rtol=0.001, atol=1e-05
Testing N_win=1896 N_cf=6
Windowing:
  config: # windows=1896, spacing=0.009133619678943574, CF order=6
  error tolerance: rtol=0.001, atol=1e-05
Testing N_win=1896 N_cf=5
Windowing:
  config: # windows=1896, spacing=0.009133619678943574, CF order=5
  error tolerance: rtol=0.001, atol=1e-05
Testing N_win=1896 N_cf=4
Windowing:
  config: # windows=1896, spacing=0.009133619678943574, CF order=4
  error tolerance: rtol=0.001, atol=1e-05
Testing N_win=1896 N_cf=3
Windowing:
  config: # windows=1896, spacing=0.009133619678943574, CF order=3
  error tolerance: rtol=0.001, atol=1e-05
Failed: Pure curvefit failed for the first window!
Testing N_win=2000 N_cf=10
Windowing:
  config: # windows=2000, spacing=0.008658671455638508, CF order=10
  error tolerance: rtol=0.001, atol=1e-05
Testing N_win=2000 N_cf=9
Windowing:
  config: # windows=2000, spacing=0.008658671455638508, CF order=9
  error tolerance: rtol=0.001, atol=1e-05
Testing N_win=2000 N_cf=8
Windowing:
  config: # windows=2000, spacing=0.008658671455638508, CF order=8
  error tolerance: rtol=0.001, atol=1e-05
Testing N_win=2000 N_cf=7
Windowing:
  config: # windows=2000, spacing=0.008658671455638508, CF order=7
  error tolerance: rtol=0.001, atol=1e-05
Testing N_win=2000 N_cf=6
Windowing:
  config: # windows=2000, spacing=0.008658671455638508, CF order=6
  error tolerance: rtol=0.001, atol=1e-05
Testing N_win=2000 N_cf=5
Windowing:
  config: # windows=2000, spacing=0.008658671455638508, CF order=5
  error tolerance: rtol=0.001, atol=1e-05
Testing N_win=2000 N_cf=4
Windowing:
  config: # windows=2000, spacing=0.008658671455638508, CF order=4
  error tolerance: rtol=0.001, atol=1e-05
Testing N_win=2000 N_cf=3
Windowing:
  config: # windows=2000, spacing=0.008658671455638508, CF order=3
  error tolerance: rtol=0.001, atol=1e-05
Failed: Pure curvefit failed for the first window!
Final library: 356 poles, 544 windows, 7.8 poles per window, 5 CF order
