Running NJOY to get 0K point-wise data (error=0.0005)...
Parsing cross sections within resolved resonance range...
  MTs: [2, 27, 102]
  Energy range: 1.000e-05 to 5.400e+03 eV (64998 points)
Vector fitting piece 1/32...
  energy: 1.000e-05 to 6.562e+00 eV (554 points)
  error tolerance: rtol=0.001, atol=1e-05
Found 0 peaks
Fitting orders from 2 to 200
Order=2(0/100)
Order=4(1/100)
Order=6(2/100)
Order=8(3/100)
Order=10(4/100)
Order=12(5/100)
Order=14(6/100)
Order=16(7/100)
Order=18(8/100)
Order=20(9/100)
Order=22(10/100)
Order=24(11/100)
Order=26(12/100)
Order=28(13/100)
Order=30(14/100)
Order=32(15/100)
Order=34(16/100)
Order=36(17/100)
Order=38(18/100)
Order=40(19/100)
Order=42(20/100)
Order=44(21/100)
Order=46(22/100)
Order=48(23/100)
Order=50(24/100)
Order=52(25/100)
Order=54(26/100)
Order=56(27/100)
Order=58(28/100)
Order=60(29/100)
Found 2 real poles and 1 conjugate complex pairs.
Final number of poles: 3
Saved figure: WMP_Lib/Sb123/0-7_MT2.png
Saved figure: WMP_Lib/Sb123/0-7_MT27.png
Saved figure: WMP_Lib/Sb123/0-7_MT102.png
Vector fitting piece 2/32...
  energy: 9.062e-01 to 2.289e+01 eV (548 points)
  error tolerance: rtol=0.001, atol=1e-05
Found 1 peaks
Fitting orders from 2 to 200
Order=2(0/100)
Order=4(1/100)
Order=6(2/100)
Found ideal results. Stop!
Found 0 real poles and 3 conjugate complex pairs.
Final number of poles: 3
Saved figure: WMP_Lib/Sb123/1-23_MT2.png
Saved figure: WMP_Lib/Sb123/1-23_MT27.png
Saved figure: WMP_Lib/Sb123/1-23_MT102.png
Vector fitting piece 3/32...
  energy: 1.062e+01 to 5.009e+01 eV (784 points)
  error tolerance: rtol=0.001, atol=1e-05
Found 1 peaks
Fitting orders from 2 to 200
Order=2(0/100)
Order=4(1/100)
Order=6(2/100)
Order=8(3/100)
Found ideal results. Stop!
Found 2 real poles and 3 conjugate complex pairs.
Final number of poles: 5
Saved figure: WMP_Lib/Sb123/11-50_MT2.png
Saved figure: WMP_Lib/Sb123/11-50_MT27.png
Saved figure: WMP_Lib/Sb123/11-50_MT102.png
Vector fitting piece 4/32...
  energy: 3.081e+01 to 8.838e+01 eV (1440 points)
  error tolerance: rtol=0.001, atol=1e-05
Found 3 peaks
Fitting orders from 6 to 200
Order=6(0/98)
Order=8(1/98)
Order=10(2/98)
Order=12(3/98)
Order=14(4/98)
Order=16(5/98)
Order=18(6/98)
Order=20(7/98)
Order=22(8/98)
Order=24(9/98)
Order=26(10/98)
Order=28(11/98)
Order=30(12/98)
Order=32(13/98)
Order=34(14/98)
Order=36(15/98)
Order=38(16/98)
Order=40(17/98)
Order=42(18/98)
Order=44(19/98)
Order=46(20/98)
Order=48(21/98)
Order=50(22/98)
Order=52(23/98)
Order=54(24/98)
Order=56(25/98)
Order=58(26/98)
Order=60(27/98)
Found 2 real poles and 5 conjugate complex pairs.
Final number of poles: 7
Saved figure: WMP_Lib/Sb123/31-88_MT2.png
Saved figure: WMP_Lib/Sb123/31-88_MT27.png
Saved figure: WMP_Lib/Sb123/31-88_MT102.png
Vector fitting piece 5/32...
  energy: 6.157e+01 to 1.364e+02 eV (1917 points)
  error tolerance: rtol=0.001, atol=1e-05
Found 4 peaks
Fitting orders from 8 to 200
Order=8(0/97)
Order=10(1/97)
Order=12(2/97)
Order=14(3/97)
Order=16(4/97)
Order=18(5/97)
Order=20(6/97)
Order=22(7/97)
Order=24(8/97)
Order=26(9/97)
Order=28(10/97)
Order=30(11/97)
Order=32(12/97)
Order=34(13/97)
Order=36(14/97)
Order=38(15/97)
Order=40(16/97)
Order=42(17/97)
Order=44(18/97)
Order=46(19/97)
Order=48(20/97)
Order=50(21/97)
Order=52(22/97)
Order=54(23/97)
Order=56(24/97)
Order=58(25/97)
Order=60(26/97)
Found 2 real poles and 5 conjugate complex pairs.
Final number of poles: 7
Saved figure: WMP_Lib/Sb123/62-136_MT2.png
Saved figure: WMP_Lib/Sb123/62-136_MT27.png
Saved figure: WMP_Lib/Sb123/62-136_MT102.png
Vector fitting piece 6/32...
  energy: 1.030e+02 to 1.951e+02 eV (2103 points)
  error tolerance: rtol=0.001, atol=1e-05
Found 5 peaks
Fitting orders from 10 to 200
Order=10(0/96)
Order=12(1/96)
Order=14(2/96)
Order=16(3/96)
Order=18(4/96)
Order=20(5/96)
Order=22(6/96)
Order=24(7/96)
Order=26(8/96)
Order=28(9/96)
Order=30(10/96)
Order=32(11/96)
Order=34(12/96)
Order=36(13/96)
Order=38(14/96)
Order=40(15/96)
Order=42(16/96)
Order=44(17/96)
Order=46(18/96)
Order=48(19/96)
Order=50(20/96)
Order=52(21/96)
Order=54(22/96)
Order=56(23/96)
Order=58(24/96)
Order=60(25/96)
Found 2 real poles and 6 conjugate complex pairs.
Final number of poles: 8
Saved figure: WMP_Lib/Sb123/103-195_MT2.png
Saved figure: WMP_Lib/Sb123/103-195_MT27.png
Saved figure: WMP_Lib/Sb123/103-195_MT102.png
Vector fitting piece 7/32...
  energy: 1.543e+02 to 2.655e+02 eV (3275 points)
  error tolerance: rtol=0.001, atol=1e-05
Found 9 peaks
Fitting orders from 18 to 200
Order=18(0/92)
Order=20(1/92)
Order=22(2/92)
Order=24(3/92)
Order=26(4/92)
Order=28(5/92)
Order=30(6/92)
Order=32(7/92)
Order=34(8/92)
Order=36(9/92)
Order=38(10/92)
Order=40(11/92)
Order=42(12/92)
Order=44(13/92)
Order=46(14/92)
Order=48(15/92)
Order=50(16/92)
Order=52(17/92)
Order=54(18/92)
Order=56(19/92)
Order=58(20/92)
Order=60(21/92)
Found 2 real poles and 10 conjugate complex pairs.
Final number of poles: 12
Saved figure: WMP_Lib/Sb123/154-265_MT2.png
Saved figure: WMP_Lib/Sb123/154-265_MT27.png
Saved figure: WMP_Lib/Sb123/154-265_MT102.png
Vector fitting piece 8/32...
  energy: 2.174e+02 to 3.448e+02 eV (3685 points)
  error tolerance: rtol=0.001, atol=1e-05
Found 10 peaks
Fitting orders from 20 to 200
Order=20(0/91)
Order=22(1/91)
Order=24(2/91)
Order=26(3/91)
Order=28(4/91)
Order=30(5/91)
Order=32(6/91)
Order=34(7/91)
Order=36(8/91)
Order=38(9/91)
Order=40(10/91)
Order=42(11/91)
Order=44(12/91)
Order=46(13/91)
Order=48(14/91)
Order=50(15/91)
Order=52(16/91)
Order=54(17/91)
Order=56(18/91)
Order=58(19/91)
Order=60(20/91)
Found 0 real poles and 13 conjugate complex pairs.
Final number of poles: 13
Saved figure: WMP_Lib/Sb123/217-345_MT2.png
Saved figure: WMP_Lib/Sb123/217-345_MT27.png
Saved figure: WMP_Lib/Sb123/217-345_MT102.png
Vector fitting piece 9/32...
  energy: 2.904e+02 to 4.371e+02 eV (3959 points)
  error tolerance: rtol=0.001, atol=1e-05
Found 11 peaks
Fitting orders from 22 to 200
Order=22(0/90)
Order=24(1/90)
Order=26(2/90)
Order=28(3/90)
Order=30(4/90)
Order=32(5/90)
Order=34(6/90)
Order=36(7/90)
Order=38(8/90)
Order=40(9/90)
Order=42(10/90)
Order=44(11/90)
Order=46(12/90)
Order=48(13/90)
Order=50(14/90)
Order=52(15/90)
Order=54(16/90)
Order=56(17/90)
Order=58(18/90)
Order=60(19/90)
Found 2 real poles and 12 conjugate complex pairs.
Final number of poles: 14
Saved figure: WMP_Lib/Sb123/290-437_MT2.png
Saved figure: WMP_Lib/Sb123/290-437_MT27.png
Saved figure: WMP_Lib/Sb123/290-437_MT102.png
Vector fitting piece 10/32...
  energy: 3.739e+02 to 5.361e+02 eV (2881 points)
  error tolerance: rtol=0.001, atol=1e-05
Found 8 peaks
Fitting orders from 16 to 200
Order=16(0/93)
Order=18(1/93)
Order=20(2/93)
Order=22(3/93)
Order=24(4/93)
Order=26(5/93)
Order=28(6/93)
Order=30(7/93)
Order=32(8/93)
Order=34(9/93)
Order=36(10/93)
Order=38(11/93)
Order=40(12/93)
Order=42(13/93)
Order=44(14/93)
Order=46(15/93)
Order=48(16/93)
Order=50(17/93)
Order=52(18/93)
Order=54(19/93)
Order=56(20/93)
Order=58(21/93)
Order=60(22/93)
Found 2 real poles and 10 conjugate complex pairs.
Final number of poles: 12
Saved figure: WMP_Lib/Sb123/374-536_MT2.png
Saved figure: WMP_Lib/Sb123/374-536_MT27.png
Saved figure: WMP_Lib/Sb123/374-536_MT102.png
Vector fitting piece 11/32...
  energy: 4.680e+02 to 6.479e+02 eV (3706 points)
  error tolerance: rtol=0.001, atol=1e-05
Found 10 peaks
Fitting orders from 20 to 200
Order=20(0/91)
Order=22(1/91)
Order=24(2/91)
Order=26(3/91)
Order=28(4/91)
Order=30(5/91)
Order=32(6/91)
Order=34(7/91)
Order=36(8/91)
Order=38(9/91)
Order=40(10/91)
Order=42(11/91)
Order=44(12/91)
Order=46(13/91)
Order=48(14/91)
Order=50(15/91)
Order=52(16/91)
Order=54(17/91)
Order=56(18/91)
Order=58(19/91)
Order=60(20/91)
Found 2 real poles and 12 conjugate complex pairs.
Final number of poles: 14
Saved figure: WMP_Lib/Sb123/468-648_MT2.png
Saved figure: WMP_Lib/Sb123/468-648_MT27.png
Saved figure: WMP_Lib/Sb123/468-648_MT102.png
Vector fitting piece 12/32...
  energy: 5.726e+02 to 7.706e+02 eV (3339 points)
  error tolerance: rtol=0.001, atol=1e-05
Found 9 peaks
Fitting orders from 18 to 200
Order=18(0/92)
Order=20(1/92)
Order=22(2/92)
Order=24(3/92)
Order=26(4/92)
Order=28(5/92)
Order=30(6/92)
Order=32(7/92)
Order=34(8/92)
Order=36(9/92)
Order=38(10/92)
Order=40(11/92)
Order=42(12/92)
Order=44(13/92)
Order=46(14/92)
Order=48(15/92)
Order=50(16/92)
Order=52(17/92)
Order=54(18/92)
Order=56(19/92)
Order=58(20/92)
Order=60(21/92)
Found 2 real poles and 11 conjugate complex pairs.
Final number of poles: 13
Saved figure: WMP_Lib/Sb123/573-771_MT2.png
Saved figure: WMP_Lib/Sb123/573-771_MT27.png
Saved figure: WMP_Lib/Sb123/573-771_MT102.png
Vector fitting piece 13/32...
  energy: 6.876e+02 to 9.030e+02 eV (4115 points)
  error tolerance: rtol=0.001, atol=1e-05
Found 12 peaks
Fitting orders from 24 to 200
Order=24(0/89)
Order=26(1/89)
Order=28(2/89)
Order=30(3/89)
Order=32(4/89)
Order=34(5/89)
Order=36(6/89)
Order=38(7/89)
Order=40(8/89)
Order=42(9/89)
Order=44(10/89)
Order=46(11/89)
Order=48(12/89)
Order=50(13/89)
Order=52(14/89)
Order=54(15/89)
Order=56(16/89)
Order=58(17/89)
Order=60(18/89)
Found 0 real poles and 15 conjugate complex pairs.
Final number of poles: 15
Saved figure: WMP_Lib/Sb123/688-903_MT2.png
Saved figure: WMP_Lib/Sb123/688-903_MT27.png
Saved figure: WMP_Lib/Sb123/688-903_MT102.png
Vector fitting piece 14/32...
  energy: 8.135e+02 to 1.046e+03 eV (4561 points)
  error tolerance: rtol=0.001, atol=1e-05
Found 11 peaks
Fitting orders from 22 to 200
Order=22(0/90)
Order=24(1/90)
Order=26(2/90)
Order=28(3/90)
Order=30(4/90)
Order=32(5/90)
Order=34(6/90)
Order=36(7/90)
Order=38(8/90)
Order=40(9/90)
Order=42(10/90)
Order=44(11/90)
Order=46(12/90)
Order=48(13/90)
Order=50(14/90)
Order=52(15/90)
Order=54(16/90)
Order=56(17/90)
Order=58(18/90)
Order=60(19/90)
Found 6 real poles and 11 conjugate complex pairs.
Final number of poles: 17
Saved figure: WMP_Lib/Sb123/814-1046_MT2.png
Saved figure: WMP_Lib/Sb123/814-1046_MT27.png
Saved figure: WMP_Lib/Sb123/814-1046_MT102.png
Vector fitting piece 15/32...
  energy: 9.497e+02 to 1.201e+03 eV (4171 points)
  error tolerance: rtol=0.001, atol=1e-05
Found 12 peaks
Fitting orders from 24 to 200
Order=24(0/89)
Order=26(1/89)
Order=28(2/89)
Order=30(3/89)
Order=32(4/89)
Order=34(5/89)
Order=36(6/89)
Order=38(7/89)
Order=40(8/89)
Order=42(9/89)
Order=44(10/89)
Order=46(11/89)
Order=48(12/89)
Order=50(13/89)
Order=52(14/89)
Order=54(15/89)
Order=56(16/89)
Order=58(17/89)
Order=60(18/89)
Found 4 real poles and 12 conjugate complex pairs.
Final number of poles: 16
Saved figure: WMP_Lib/Sb123/950-1201_MT2.png
Saved figure: WMP_Lib/Sb123/950-1201_MT27.png
Saved figure: WMP_Lib/Sb123/950-1201_MT102.png
Vector fitting piece 16/32...
  energy: 1.096e+03 to 1.364e+03 eV (4149 points)
  error tolerance: rtol=0.001, atol=1e-05
Found 14 peaks
Fitting orders from 28 to 200
Order=28(0/87)
Order=30(1/87)
Order=32(2/87)
Order=34(3/87)
Order=36(4/87)
Order=38(5/87)
Order=40(6/87)
Order=42(7/87)
Order=44(8/87)
Order=46(9/87)
Order=48(10/87)
Order=50(11/87)
Order=52(12/87)
Order=54(13/87)
Order=56(14/87)
Order=58(15/87)
Order=60(16/87)
Order=62(17/87)
Order=64(18/87)
Order=66(19/87)
Order=68(20/87)
Order=70(21/87)
Found 4 real poles and 15 conjugate complex pairs.
Final number of poles: 19
Saved figure: WMP_Lib/Sb123/1096-1364_MT2.png
Saved figure: WMP_Lib/Sb123/1096-1364_MT27.png
Saved figure: WMP_Lib/Sb123/1096-1364_MT102.png
Vector fitting piece 17/32...
  energy: 1.254e+03 to 1.540e+03 eV (3820 points)
  error tolerance: rtol=0.001, atol=1e-05
Found 12 peaks
Fitting orders from 24 to 200
Order=24(0/89)
Order=26(1/89)
Order=28(2/89)
Order=30(3/89)
Order=32(4/89)
Order=34(5/89)
Order=36(6/89)
Order=38(7/89)
Order=40(8/89)
Order=42(9/89)
Order=44(10/89)
Order=46(11/89)
Order=48(12/89)
Order=50(13/89)
Order=52(14/89)
Order=54(15/89)
Order=56(16/89)
Order=58(17/89)
Order=60(18/89)
Found 4 real poles and 13 conjugate complex pairs.
Final number of poles: 17
Saved figure: WMP_Lib/Sb123/1254-1540_MT2.png
Saved figure: WMP_Lib/Sb123/1254-1540_MT27.png
Saved figure: WMP_Lib/Sb123/1254-1540_MT102.png
Vector fitting piece 18/32...
  energy: 1.422e+03 to 1.725e+03 eV (3772 points)
  error tolerance: rtol=0.001, atol=1e-05
Found 11 peaks
Fitting orders from 22 to 200
Order=22(0/90)
Order=24(1/90)
Order=26(2/90)
Order=28(3/90)
Order=30(4/90)
Order=32(5/90)
Order=34(6/90)
Order=36(7/90)
Order=38(8/90)
Order=40(9/90)
Order=42(10/90)
Order=44(11/90)
Order=46(12/90)
Order=48(13/90)
Order=50(14/90)
Order=52(15/90)
Order=54(16/90)
Order=56(17/90)
Order=58(18/90)
Order=60(19/90)
Found 4 real poles and 12 conjugate complex pairs.
Final number of poles: 16
Saved figure: WMP_Lib/Sb123/1422-1725_MT2.png
Saved figure: WMP_Lib/Sb123/1422-1725_MT27.png
Saved figure: WMP_Lib/Sb123/1422-1725_MT102.png
Vector fitting piece 19/32...
  energy: 1.600e+03 to 1.921e+03 eV (4176 points)
  error tolerance: rtol=0.001, atol=1e-05
Found 12 peaks
Fitting orders from 24 to 200
Order=24(0/89)
Order=26(1/89)
Order=28(2/89)
Order=30(3/89)
Order=32(4/89)
Order=34(5/89)
Order=36(6/89)
Order=38(7/89)
Order=40(8/89)
Order=42(9/89)
Order=44(10/89)
Order=46(11/89)
Order=48(12/89)
Order=50(13/89)
Order=52(14/89)
Order=54(15/89)
Order=56(16/89)
Order=58(17/89)
Order=60(18/89)
Found 6 real poles and 13 conjugate complex pairs.
Final number of poles: 19
Saved figure: WMP_Lib/Sb123/1600-1921_MT2.png
Saved figure: WMP_Lib/Sb123/1600-1921_MT27.png
Saved figure: WMP_Lib/Sb123/1600-1921_MT102.png
Vector fitting piece 20/32...
  energy: 1.789e+03 to 2.128e+03 eV (3755 points)
  error tolerance: rtol=0.001, atol=1e-05
Found 11 peaks
Fitting orders from 22 to 200
Order=22(0/90)
Order=24(1/90)
Order=26(2/90)
Order=28(3/90)
Order=30(4/90)
Order=32(5/90)
Order=34(6/90)
Order=36(7/90)
Order=38(8/90)
Order=40(9/90)
Order=42(10/90)
Order=44(11/90)
Order=46(12/90)
Order=48(13/90)
Order=50(14/90)
Order=52(15/90)
Order=54(16/90)
Order=56(17/90)
Order=58(18/90)
Order=60(19/90)
Found 6 real poles and 11 conjugate complex pairs.
Final number of poles: 17
Saved figure: WMP_Lib/Sb123/1789-2128_MT2.png
Saved figure: WMP_Lib/Sb123/1789-2128_MT27.png
Saved figure: WMP_Lib/Sb123/1789-2128_MT102.png
Vector fitting piece 21/32...
  energy: 1.989e+03 to 2.344e+03 eV (4778 points)
  error tolerance: rtol=0.001, atol=1e-05
Found 16 peaks
Fitting orders from 32 to 200
Order=32(0/85)
Order=34(1/85)
Order=36(2/85)
Order=38(3/85)
Order=40(4/85)
Order=42(5/85)
Order=44(6/85)
Order=46(7/85)
Order=48(8/85)
Order=50(9/85)
Order=52(10/85)
Order=54(11/85)
Order=56(12/85)
Order=58(13/85)
Order=60(14/85)
Order=62(15/85)
Order=64(16/85)
Order=66(17/85)
Order=68(18/85)
Order=70(19/85)
Found 4 real poles and 16 conjugate complex pairs.
Final number of poles: 20
Saved figure: WMP_Lib/Sb123/1989-2344_MT2.png
Saved figure: WMP_Lib/Sb123/1989-2344_MT27.png
Saved figure: WMP_Lib/Sb123/1989-2344_MT102.png
Vector fitting piece 22/32...
  energy: 2.199e+03 to 2.572e+03 eV (4199 points)
  error tolerance: rtol=0.001, atol=1e-05
Found 14 peaks
Fitting orders from 28 to 200
Order=28(0/87)
Order=30(1/87)
Order=32(2/87)
Order=34(3/87)
Order=36(4/87)
Order=38(5/87)
Order=40(6/87)
Order=42(7/87)
Order=44(8/87)
Order=46(9/87)
Order=48(10/87)
Order=50(11/87)
Order=52(12/87)
Order=54(13/87)
Order=56(14/87)
Order=58(15/87)
Order=60(16/87)
Order=62(17/87)
Order=64(18/87)
Order=66(19/87)
Order=68(20/87)
Order=70(21/87)
Found 4 real poles and 15 conjugate complex pairs.
Final number of poles: 19
Saved figure: WMP_Lib/Sb123/2199-2572_MT2.png
Saved figure: WMP_Lib/Sb123/2199-2572_MT27.png
Saved figure: WMP_Lib/Sb123/2199-2572_MT102.png
Vector fitting piece 23/32...
  energy: 2.418e+03 to 2.810e+03 eV (4257 points)
  error tolerance: rtol=0.001, atol=1e-05
Found 16 peaks
Fitting orders from 32 to 200
Order=32(0/85)
Order=34(1/85)
Order=36(2/85)
Order=38(3/85)
Order=40(4/85)
Order=42(5/85)
Order=44(6/85)
Order=46(7/85)
Order=48(8/85)
Order=50(9/85)
Order=52(10/85)
Order=54(11/85)
Order=56(12/85)
Order=58(13/85)
Order=60(14/85)
Order=62(15/85)
Order=64(16/85)
Order=66(17/85)
Order=68(18/85)
Order=70(19/85)
Found 4 real poles and 16 conjugate complex pairs.
Final number of poles: 20
Saved figure: WMP_Lib/Sb123/2418-2810_MT2.png
Saved figure: WMP_Lib/Sb123/2418-2810_MT27.png
Saved figure: WMP_Lib/Sb123/2418-2810_MT102.png
Vector fitting piece 24/32...
  energy: 2.651e+03 to 3.059e+03 eV (4914 points)
  error tolerance: rtol=0.001, atol=1e-05
Found 18 peaks
Fitting orders from 36 to 200
Order=36(0/83)
Order=38(1/83)
Order=40(2/83)
Order=42(3/83)
Order=44(4/83)
Order=46(5/83)
Order=48(6/83)
Order=50(7/83)
Order=52(8/83)
Order=54(9/83)
Order=56(10/83)
Order=58(11/83)
Order=60(12/83)
Order=62(13/83)
Order=64(14/83)
Order=66(15/83)
Order=68(16/83)
Order=70(17/83)
Found 4 real poles and 19 conjugate complex pairs.
Final number of poles: 23
Saved figure: WMP_Lib/Sb123/2651-3059_MT2.png
Saved figure: WMP_Lib/Sb123/2651-3059_MT27.png
Saved figure: WMP_Lib/Sb123/2651-3059_MT102.png
Vector fitting piece 25/32...
  energy: 2.892e+03 to 3.318e+03 eV (4758 points)
  error tolerance: rtol=0.001, atol=1e-05
Found 16 peaks
Fitting orders from 32 to 200
Order=32(0/85)
Order=34(1/85)
Order=36(2/85)
Order=38(3/85)
Order=40(4/85)
Order=42(5/85)
Order=44(6/85)
Order=46(7/85)
Order=48(8/85)
Order=50(9/85)
Order=52(10/85)
Order=54(11/85)
Order=56(12/85)
Order=58(13/85)
Order=60(14/85)
Order=62(15/85)
Order=64(16/85)
Order=66(17/85)
Order=68(18/85)
Order=70(19/85)
Found 4 real poles and 17 conjugate complex pairs.
Final number of poles: 21
Saved figure: WMP_Lib/Sb123/2892-3318_MT2.png
Saved figure: WMP_Lib/Sb123/2892-3318_MT27.png
Saved figure: WMP_Lib/Sb123/2892-3318_MT102.png
Vector fitting piece 26/32...
  energy: 3.145e+03 to 3.588e+03 eV (3829 points)
  error tolerance: rtol=0.001, atol=1e-05
Found 13 peaks
Fitting orders from 26 to 200
Order=26(0/88)
Order=28(1/88)
Order=30(2/88)
Order=32(3/88)
Order=34(4/88)
Order=36(5/88)
Order=38(6/88)
Order=40(7/88)
Order=42(8/88)
Order=44(9/88)
Order=46(10/88)
Order=48(11/88)
Order=50(12/88)
Order=52(13/88)
Order=54(14/88)
Order=56(15/88)
Order=58(16/88)
Order=60(17/88)
Order=62(18/88)
Order=64(19/88)
Order=66(20/88)
Order=68(21/88)
Order=70(22/88)
Found 6 real poles and 14 conjugate complex pairs.
Final number of poles: 20
Saved figure: WMP_Lib/Sb123/3145-3588_MT2.png
Saved figure: WMP_Lib/Sb123/3145-3588_MT27.png
Saved figure: WMP_Lib/Sb123/3145-3588_MT102.png
Vector fitting piece 27/32...
  energy: 3.408e+03 to 3.868e+03 eV (3493 points)
  error tolerance: rtol=0.001, atol=1e-05
Found 13 peaks
Fitting orders from 26 to 200
Order=26(0/88)
Order=28(1/88)
Order=30(2/88)
Order=32(3/88)
Order=34(4/88)
Order=36(5/88)
Order=38(6/88)
Order=40(7/88)
Order=42(8/88)
Order=44(9/88)
Order=46(10/88)
Order=48(11/88)
Order=50(12/88)
Order=52(13/88)
Order=54(14/88)
Order=56(15/88)
Order=58(16/88)
Order=60(17/88)
Order=62(18/88)
Order=64(19/88)
Order=66(20/88)
Order=68(21/88)
Order=70(22/88)
Found 4 real poles and 15 conjugate complex pairs.
Final number of poles: 19
Saved figure: WMP_Lib/Sb123/3408-3868_MT2.png
Saved figure: WMP_Lib/Sb123/3408-3868_MT27.png
Saved figure: WMP_Lib/Sb123/3408-3868_MT102.png
Vector fitting piece 28/32...
  energy: 3.681e+03 to 4.158e+03 eV (4231 points)
  error tolerance: rtol=0.001, atol=1e-05
Found 15 peaks
Fitting orders from 30 to 200
Order=30(0/86)
Order=32(1/86)
Order=34(2/86)
Order=36(3/86)
Order=38(4/86)
Order=40(5/86)
Order=42(6/86)
Order=44(7/86)
Order=46(8/86)
Order=48(9/86)
Order=50(10/86)
Order=52(11/86)
Order=54(12/86)
Order=56(13/86)
Order=58(14/86)
Order=60(15/86)
Order=62(16/86)
Order=64(17/86)
Order=66(18/86)
Order=68(19/86)
Order=70(20/86)
Found 4 real poles and 17 conjugate complex pairs.
Final number of poles: 21
Saved figure: WMP_Lib/Sb123/3681-4158_MT2.png
Saved figure: WMP_Lib/Sb123/3681-4158_MT27.png
Saved figure: WMP_Lib/Sb123/3681-4158_MT102.png
Vector fitting piece 29/32...
  energy: 3.965e+03 to 4.460e+03 eV (4216 points)
  error tolerance: rtol=0.001, atol=1e-05
Found 16 peaks
Fitting orders from 32 to 200
Order=32(0/85)
Order=34(1/85)
Order=36(2/85)
Order=38(3/85)
Order=40(4/85)
Order=42(5/85)
Order=44(6/85)
Order=46(7/85)
Order=48(8/85)
Order=50(9/85)
Order=52(10/85)
Order=54(11/85)
Order=56(12/85)
Order=58(13/85)
Order=60(14/85)
Order=62(15/85)
Order=64(16/85)
Order=66(17/85)
Order=68(18/85)
Order=70(19/85)
Found 2 real poles and 17 conjugate complex pairs.
Final number of poles: 19
Saved figure: WMP_Lib/Sb123/3965-4460_MT2.png
Saved figure: WMP_Lib/Sb123/3965-4460_MT27.png
Saved figure: WMP_Lib/Sb123/3965-4460_MT102.png
Vector fitting piece 30/32...
  energy: 4.258e+03 to 4.772e+03 eV (3471 points)
  error tolerance: rtol=0.001, atol=1e-05
Found 14 peaks
Fitting orders from 28 to 200
Order=28(0/87)
Order=30(1/87)
Order=32(2/87)
Order=34(3/87)
Order=36(4/87)
Order=38(5/87)
Order=40(6/87)
Order=42(7/87)
Order=44(8/87)
Order=46(9/87)
Order=48(10/87)
Order=50(11/87)
Order=52(12/87)
Order=54(13/87)
Order=56(14/87)
Order=58(15/87)
Order=60(16/87)
Order=62(17/87)
Order=64(18/87)
Order=66(19/87)
Order=68(20/87)
Order=70(21/87)
Found 4 real poles and 15 conjugate complex pairs.
Final number of poles: 19
Saved figure: WMP_Lib/Sb123/4258-4772_MT2.png
Saved figure: WMP_Lib/Sb123/4258-4772_MT27.png
Saved figure: WMP_Lib/Sb123/4258-4772_MT102.png
Vector fitting piece 31/32...
  energy: 4.564e+03 to 5.095e+03 eV (3487 points)
  error tolerance: rtol=0.001, atol=1e-05
Found 13 peaks
Fitting orders from 26 to 200
Order=26(0/88)
Order=28(1/88)
Order=30(2/88)
Order=32(3/88)
Order=34(4/88)
Order=36(5/88)
Order=38(6/88)
Order=40(7/88)
Order=42(8/88)
Order=44(9/88)
Order=46(10/88)
Order=48(11/88)
Order=50(12/88)
Order=52(13/88)
Order=54(14/88)
Order=56(15/88)
Order=58(16/88)
Order=60(17/88)
Order=62(18/88)
Order=64(19/88)
Order=66(20/88)
Order=68(21/88)
Order=70(22/88)
Found 2 real poles and 14 conjugate complex pairs.
Final number of poles: 16
Saved figure: WMP_Lib/Sb123/4564-5095_MT2.png
Saved figure: WMP_Lib/Sb123/4564-5095_MT27.png
Saved figure: WMP_Lib/Sb123/4564-5095_MT102.png
Vector fitting piece 32/32...
  energy: 4.880e+03 to 5.400e+03 eV (2775 points)
  error tolerance: rtol=0.001, atol=1e-05
Found 10 peaks
Fitting orders from 20 to 200
Order=20(0/91)
Order=22(1/91)
Order=24(2/91)
Order=26(3/91)
Order=28(4/91)
Order=30(5/91)
Order=32(6/91)
Order=34(7/91)
Order=36(8/91)
Order=38(9/91)
Order=40(10/91)
Order=42(11/91)
Order=44(12/91)
Order=46(13/91)
Order=48(14/91)
Order=50(15/91)
Order=52(16/91)
Order=54(17/91)
Order=56(18/91)
Order=58(19/91)
Order=60(20/91)
Order=62(21/91)
Order=64(22/91)
Order=66(23/91)
Order=68(24/91)
Order=70(25/91)
Found 2 real poles and 11 conjugate complex pairs.
Final number of poles: 13
Saved figure: WMP_Lib/Sb123/4880-5400_MT2.png
Saved figure: WMP_Lib/Sb123/4880-5400_MT27.png
Saved figure: WMP_Lib/Sb123/4880-5400_MT102.png
Dumped multipole data to file: WMP_Lib/Sb123/Sb123_mp.pickle
Start searching ...
Testing N_win=23 N_cf=10
Failed: Window spacing cannot be larger than piece spacing.
Testing N_win=127 N_cf=10
Windowing:
  config: # windows=127, spacing=0.5785946708795014, CF order=10
  error tolerance: rtol=0.001, atol=1e-05
Best library so far.
Testing N_win=127 N_cf=9
Windowing:
  config: # windows=127, spacing=0.5785946708795014, CF order=9
  error tolerance: rtol=0.001, atol=1e-05
Best library so far.
Testing N_win=127 N_cf=8
Windowing:
  config: # windows=127, spacing=0.5785946708795014, CF order=8
  error tolerance: rtol=0.001, atol=1e-05
Best library so far.
Testing N_win=127 N_cf=7
Windowing:
  config: # windows=127, spacing=0.5785946708795014, CF order=7
  error tolerance: rtol=0.001, atol=1e-05
Best library so far.
Testing N_win=127 N_cf=6
Windowing:
  config: # windows=127, spacing=0.5785946708795014, CF order=6
  error tolerance: rtol=0.001, atol=1e-05
Best library so far.
Testing N_win=127 N_cf=5
Windowing:
  config: # windows=127, spacing=0.5785946708795014, CF order=5
  error tolerance: rtol=0.001, atol=1e-05
Best library so far.
Testing N_win=127 N_cf=4
Windowing:
  config: # windows=127, spacing=0.5785946708795014, CF order=4
  error tolerance: rtol=0.001, atol=1e-05
Best library so far.
Testing N_win=127 N_cf=3
Windowing:
  config: # windows=127, spacing=0.5785946708795014, CF order=3
  error tolerance: rtol=0.001, atol=1e-05
Testing N_win=127 N_cf=2
Windowing:
  config: # windows=127, spacing=0.5785946708795014, CF order=2
  error tolerance: rtol=0.001, atol=1e-05
Failed: Pure curvefit failed for the first window!
Testing N_win=231 N_cf=10
Windowing:
  config: # windows=231, spacing=0.318101832041977, CF order=10
  error tolerance: rtol=0.001, atol=1e-05
Best library so far.
Testing N_win=231 N_cf=9
Windowing:
  config: # windows=231, spacing=0.318101832041977, CF order=9
  error tolerance: rtol=0.001, atol=1e-05
Best library so far.
Testing N_win=231 N_cf=8
Windowing:
  config: # windows=231, spacing=0.318101832041977, CF order=8
  error tolerance: rtol=0.001, atol=1e-05
Best library so far.
Testing N_win=231 N_cf=7
Windowing:
  config: # windows=231, spacing=0.318101832041977, CF order=7
  error tolerance: rtol=0.001, atol=1e-05
Best library so far.
Testing N_win=231 N_cf=6
Windowing:
  config: # windows=231, spacing=0.318101832041977, CF order=6
  error tolerance: rtol=0.001, atol=1e-05
Best library so far.
Testing N_win=231 N_cf=5
Windowing:
  config: # windows=231, spacing=0.318101832041977, CF order=5
  error tolerance: rtol=0.001, atol=1e-05
Best library so far.
Testing N_win=231 N_cf=4
Windowing:
  config: # windows=231, spacing=0.318101832041977, CF order=4
  error tolerance: rtol=0.001, atol=1e-05
Best library so far.
Testing N_win=231 N_cf=3
Windowing:
  config: # windows=231, spacing=0.318101832041977, CF order=3
  error tolerance: rtol=0.001, atol=1e-05
Testing N_win=231 N_cf=2
Windowing:
  config: # windows=231, spacing=0.318101832041977, CF order=2
  error tolerance: rtol=0.001, atol=1e-05
Failed: Pure curvefit failed for the first window!
Testing N_win=335 N_cf=10
Windowing:
  config: # windows=335, spacing=0.21934783045282594, CF order=10
  error tolerance: rtol=0.001, atol=1e-05
Testing N_win=335 N_cf=9
Windowing:
  config: # windows=335, spacing=0.21934783045282594, CF order=9
  error tolerance: rtol=0.001, atol=1e-05
Testing N_win=335 N_cf=8
Windowing:
  config: # windows=335, spacing=0.21934783045282594, CF order=8
  error tolerance: rtol=0.001, atol=1e-05
Testing N_win=335 N_cf=7
Windowing:
  config: # windows=335, spacing=0.21934783045282594, CF order=7
  error tolerance: rtol=0.001, atol=1e-05
Best library so far.
Testing N_win=335 N_cf=6
Windowing:
  config: # windows=335, spacing=0.21934783045282594, CF order=6
  error tolerance: rtol=0.001, atol=1e-05
Best library so far.
Testing N_win=335 N_cf=5
Windowing:
  config: # windows=335, spacing=0.21934783045282594, CF order=5
  error tolerance: rtol=0.001, atol=1e-05
Best library so far.
Testing N_win=335 N_cf=4
Windowing:
  config: # windows=335, spacing=0.21934783045282594, CF order=4
  error tolerance: rtol=0.001, atol=1e-05
Best library so far.
Testing N_win=335 N_cf=3
Windowing:
  config: # windows=335, spacing=0.21934783045282594, CF order=3
  error tolerance: rtol=0.001, atol=1e-05
Testing N_win=335 N_cf=2
Windowing:
  config: # windows=335, spacing=0.21934783045282594, CF order=2
  error tolerance: rtol=0.001, atol=1e-05
Testing N_win=439 N_cf=10
Windowing:
  config: # windows=439, spacing=0.16738387973051638, CF order=10
  error tolerance: rtol=0.001, atol=1e-05
Testing N_win=439 N_cf=9
Windowing:
  config: # windows=439, spacing=0.16738387973051638, CF order=9
  error tolerance: rtol=0.001, atol=1e-05
Testing N_win=439 N_cf=8
Windowing:
  config: # windows=439, spacing=0.16738387973051638, CF order=8
  error tolerance: rtol=0.001, atol=1e-05
Testing N_win=439 N_cf=7
Windowing:
  config: # windows=439, spacing=0.16738387973051638, CF order=7
  error tolerance: rtol=0.001, atol=1e-05
Testing N_win=439 N_cf=6
Windowing:
  config: # windows=439, spacing=0.16738387973051638, CF order=6
  error tolerance: rtol=0.001, atol=1e-05
Testing N_win=439 N_cf=5
Windowing:
  config: # windows=439, spacing=0.16738387973051638, CF order=5
  error tolerance: rtol=0.001, atol=1e-05
Best library so far.
Testing N_win=439 N_cf=4
Windowing:
  config: # windows=439, spacing=0.16738387973051638, CF order=4
  error tolerance: rtol=0.001, atol=1e-05
Best library so far.
Testing N_win=439 N_cf=3
Windowing:
  config: # windows=439, spacing=0.16738387973051638, CF order=3
  error tolerance: rtol=0.001, atol=1e-05
Testing N_win=439 N_cf=2
Windowing:
  config: # windows=439, spacing=0.16738387973051638, CF order=2
  error tolerance: rtol=0.001, atol=1e-05
Testing N_win=543 N_cf=10
Windowing:
  config: # windows=543, spacing=0.13532508876923885, CF order=10
  error tolerance: rtol=0.001, atol=1e-05
Testing N_win=543 N_cf=9
Windowing:
  config: # windows=543, spacing=0.13532508876923885, CF order=9
  error tolerance: rtol=0.001, atol=1e-05
Testing N_win=543 N_cf=8
Windowing:
  config: # windows=543, spacing=0.13532508876923885, CF order=8
  error tolerance: rtol=0.001, atol=1e-05
Testing N_win=543 N_cf=7
Windowing:
  config: # windows=543, spacing=0.13532508876923885, CF order=7
  error tolerance: rtol=0.001, atol=1e-05
Testing N_win=543 N_cf=6
Windowing:
  config: # windows=543, spacing=0.13532508876923885, CF order=6
  error tolerance: rtol=0.001, atol=1e-05
Testing N_win=543 N_cf=5
Windowing:
  config: # windows=543, spacing=0.13532508876923885, CF order=5
  error tolerance: rtol=0.001, atol=1e-05
Testing N_win=543 N_cf=4
Windowing:
  config: # windows=543, spacing=0.13532508876923885, CF order=4
  error tolerance: rtol=0.001, atol=1e-05
Best library so far.
Testing N_win=543 N_cf=3
Windowing:
  config: # windows=543, spacing=0.13532508876923885, CF order=3
  error tolerance: rtol=0.001, atol=1e-05
Testing N_win=543 N_cf=2
Windowing:
  config: # windows=543, spacing=0.13532508876923885, CF order=2
  error tolerance: rtol=0.001, atol=1e-05
Testing N_win=647 N_cf=10
Windowing:
  config: # windows=647, spacing=0.11357267882797015, CF order=10
  error tolerance: rtol=0.001, atol=1e-05
Testing N_win=647 N_cf=9
Windowing:
  config: # windows=647, spacing=0.11357267882797015, CF order=9
  error tolerance: rtol=0.001, atol=1e-05
Testing N_win=647 N_cf=8
Windowing:
  config: # windows=647, spacing=0.11357267882797015, CF order=8
  error tolerance: rtol=0.001, atol=1e-05
Testing N_win=647 N_cf=7
Windowing:
  config: # windows=647, spacing=0.11357267882797015, CF order=7
  error tolerance: rtol=0.001, atol=1e-05
Testing N_win=647 N_cf=6
Windowing:
  config: # windows=647, spacing=0.11357267882797015, CF order=6
  error tolerance: rtol=0.001, atol=1e-05
Testing N_win=647 N_cf=5
Windowing:
  config: # windows=647, spacing=0.11357267882797015, CF order=5
  error tolerance: rtol=0.001, atol=1e-05
Testing N_win=647 N_cf=4
Windowing:
  config: # windows=647, spacing=0.11357267882797015, CF order=4
  error tolerance: rtol=0.001, atol=1e-05
Best library so far.
Testing N_win=647 N_cf=3
Windowing:
  config: # windows=647, spacing=0.11357267882797015, CF order=3
  error tolerance: rtol=0.001, atol=1e-05
Testing N_win=647 N_cf=2
Windowing:
  config: # windows=647, spacing=0.11357267882797015, CF order=2
  error tolerance: rtol=0.001, atol=1e-05
Testing N_win=751 N_cf=10
Windowing:
  config: # windows=751, spacing=0.09784490439640038, CF order=10
  error tolerance: rtol=0.001, atol=1e-05
Testing N_win=751 N_cf=9
Windowing:
  config: # windows=751, spacing=0.09784490439640038, CF order=9
  error tolerance: rtol=0.001, atol=1e-05
Testing N_win=751 N_cf=8
Windowing:
  config: # windows=751, spacing=0.09784490439640038, CF order=8
  error tolerance: rtol=0.001, atol=1e-05
Testing N_win=751 N_cf=7
Windowing:
  config: # windows=751, spacing=0.09784490439640038, CF order=7
  error tolerance: rtol=0.001, atol=1e-05
Testing N_win=751 N_cf=6
Windowing:
  config: # windows=751, spacing=0.09784490439640038, CF order=6
  error tolerance: rtol=0.001, atol=1e-05
Testing N_win=751 N_cf=5
Windowing:
  config: # windows=751, spacing=0.09784490439640038, CF order=5
  error tolerance: rtol=0.001, atol=1e-05
Testing N_win=751 N_cf=4
Windowing:
  config: # windows=751, spacing=0.09784490439640038, CF order=4
  error tolerance: rtol=0.001, atol=1e-05
Testing N_win=751 N_cf=3
Windowing:
  config: # windows=751, spacing=0.09784490439640038, CF order=3
  error tolerance: rtol=0.001, atol=1e-05
Testing N_win=751 N_cf=2
Windowing:
  config: # windows=751, spacing=0.09784490439640038, CF order=2
  error tolerance: rtol=0.001, atol=1e-05
Testing N_win=855 N_cf=10
Windowing:
  config: # windows=855, spacing=0.08594330199028853, CF order=10
  error tolerance: rtol=0.001, atol=1e-05
Testing N_win=855 N_cf=9
Windowing:
  config: # windows=855, spacing=0.08594330199028853, CF order=9
  error tolerance: rtol=0.001, atol=1e-05
Testing N_win=855 N_cf=8
Windowing:
  config: # windows=855, spacing=0.08594330199028853, CF order=8
  error tolerance: rtol=0.001, atol=1e-05
Testing N_win=855 N_cf=7
Windowing:
  config: # windows=855, spacing=0.08594330199028853, CF order=7
  error tolerance: rtol=0.001, atol=1e-05
Testing N_win=855 N_cf=6
Windowing:
  config: # windows=855, spacing=0.08594330199028853, CF order=6
  error tolerance: rtol=0.001, atol=1e-05
Testing N_win=855 N_cf=5
Windowing:
  config: # windows=855, spacing=0.08594330199028853, CF order=5
  error tolerance: rtol=0.001, atol=1e-05
Testing N_win=855 N_cf=4
Windowing:
  config: # windows=855, spacing=0.08594330199028853, CF order=4
  error tolerance: rtol=0.001, atol=1e-05
Testing N_win=855 N_cf=3
Windowing:
  config: # windows=855, spacing=0.08594330199028853, CF order=3
  error tolerance: rtol=0.001, atol=1e-05
Testing N_win=855 N_cf=2
Windowing:
  config: # windows=855, spacing=0.08594330199028853, CF order=2
  error tolerance: rtol=0.001, atol=1e-05
Testing N_win=959 N_cf=10
Windowing:
  config: # windows=959, spacing=0.07662306903200906, CF order=10
  error tolerance: rtol=0.001, atol=1e-05
Testing N_win=959 N_cf=9
Windowing:
  config: # windows=959, spacing=0.07662306903200906, CF order=9
  error tolerance: rtol=0.001, atol=1e-05
Testing N_win=959 N_cf=8
Windowing:
  config: # windows=959, spacing=0.07662306903200906, CF order=8
  error tolerance: rtol=0.001, atol=1e-05
Testing N_win=959 N_cf=7
Windowing:
  config: # windows=959, spacing=0.07662306903200906, CF order=7
  error tolerance: rtol=0.001, atol=1e-05
Testing N_win=959 N_cf=6
Windowing:
  config: # windows=959, spacing=0.07662306903200906, CF order=6
  error tolerance: rtol=0.001, atol=1e-05
Testing N_win=959 N_cf=5
Windowing:
  config: # windows=959, spacing=0.07662306903200906, CF order=5
  error tolerance: rtol=0.001, atol=1e-05
Testing N_win=959 N_cf=4
Windowing:
  config: # windows=959, spacing=0.07662306903200906, CF order=4
  error tolerance: rtol=0.001, atol=1e-05
Testing N_win=959 N_cf=3
Windowing:
  config: # windows=959, spacing=0.07662306903200906, CF order=3
  error tolerance: rtol=0.001, atol=1e-05
Testing N_win=959 N_cf=2
Windowing:
  config: # windows=959, spacing=0.07662306903200906, CF order=2
  error tolerance: rtol=0.001, atol=1e-05
Testing N_win=1063 N_cf=10
Windowing:
  config: # windows=1063, spacing=0.06912655051899971, CF order=10
  error tolerance: rtol=0.001, atol=1e-05
Testing N_win=1063 N_cf=9
Windowing:
  config: # windows=1063, spacing=0.06912655051899971, CF order=9
  error tolerance: rtol=0.001, atol=1e-05
Testing N_win=1063 N_cf=8
Windowing:
  config: # windows=1063, spacing=0.06912655051899971, CF order=8
  error tolerance: rtol=0.001, atol=1e-05
Testing N_win=1063 N_cf=7
Windowing:
  config: # windows=1063, spacing=0.06912655051899971, CF order=7
  error tolerance: rtol=0.001, atol=1e-05
Testing N_win=1063 N_cf=6
Windowing:
  config: # windows=1063, spacing=0.06912655051899971, CF order=6
  error tolerance: rtol=0.001, atol=1e-05
Testing N_win=1063 N_cf=5
Windowing:
  config: # windows=1063, spacing=0.06912655051899971, CF order=5
  error tolerance: rtol=0.001, atol=1e-05
Testing N_win=1063 N_cf=4
Windowing:
  config: # windows=1063, spacing=0.06912655051899971, CF order=4
  error tolerance: rtol=0.001, atol=1e-05
Testing N_win=1063 N_cf=3
Windowing:
  config: # windows=1063, spacing=0.06912655051899971, CF order=3
  error tolerance: rtol=0.001, atol=1e-05
Testing N_win=1063 N_cf=2
Windowing:
  config: # windows=1063, spacing=0.06912655051899971, CF order=2
  error tolerance: rtol=0.001, atol=1e-05
Testing N_win=1167 N_cf=10
Windowing:
  config: # windows=1167, spacing=0.06296617240933736, CF order=10
  error tolerance: rtol=0.001, atol=1e-05
Testing N_win=1167 N_cf=9
Windowing:
  config: # windows=1167, spacing=0.06296617240933736, CF order=9
  error tolerance: rtol=0.001, atol=1e-05
Testing N_win=1167 N_cf=8
Windowing:
  config: # windows=1167, spacing=0.06296617240933736, CF order=8
  error tolerance: rtol=0.001, atol=1e-05
Testing N_win=1167 N_cf=7
Windowing:
  config: # windows=1167, spacing=0.06296617240933736, CF order=7
  error tolerance: rtol=0.001, atol=1e-05
Testing N_win=1167 N_cf=6
Windowing:
  config: # windows=1167, spacing=0.06296617240933736, CF order=6
  error tolerance: rtol=0.001, atol=1e-05
Testing N_win=1167 N_cf=5
Windowing:
  config: # windows=1167, spacing=0.06296617240933736, CF order=5
  error tolerance: rtol=0.001, atol=1e-05
Testing N_win=1167 N_cf=4
Windowing:
  config: # windows=1167, spacing=0.06296617240933736, CF order=4
  error tolerance: rtol=0.001, atol=1e-05
Testing N_win=1167 N_cf=3
Windowing:
  config: # windows=1167, spacing=0.06296617240933736, CF order=3
  error tolerance: rtol=0.001, atol=1e-05
Testing N_win=1167 N_cf=2
Windowing:
  config: # windows=1167, spacing=0.06296617240933736, CF order=2
  error tolerance: rtol=0.001, atol=1e-05
Testing N_win=1271 N_cf=10
Windowing:
  config: # windows=1271, spacing=0.05781394429716498, CF order=10
  error tolerance: rtol=0.001, atol=1e-05
Testing N_win=1271 N_cf=9
Windowing:
  config: # windows=1271, spacing=0.05781394429716498, CF order=9
  error tolerance: rtol=0.001, atol=1e-05
Testing N_win=1271 N_cf=8
Windowing:
  config: # windows=1271, spacing=0.05781394429716498, CF order=8
  error tolerance: rtol=0.001, atol=1e-05
Testing N_win=1271 N_cf=7
Windowing:
  config: # windows=1271, spacing=0.05781394429716498, CF order=7
  error tolerance: rtol=0.001, atol=1e-05
Testing N_win=1271 N_cf=6
Windowing:
  config: # windows=1271, spacing=0.05781394429716498, CF order=6
  error tolerance: rtol=0.001, atol=1e-05
Testing N_win=1271 N_cf=5
Windowing:
  config: # windows=1271, spacing=0.05781394429716498, CF order=5
  error tolerance: rtol=0.001, atol=1e-05
Testing N_win=1271 N_cf=4
Windowing:
  config: # windows=1271, spacing=0.05781394429716498, CF order=4
  error tolerance: rtol=0.001, atol=1e-05
Testing N_win=1271 N_cf=3
Windowing:
  config: # windows=1271, spacing=0.05781394429716498, CF order=3
  error tolerance: rtol=0.001, atol=1e-05
Testing N_win=1271 N_cf=2
Windowing:
  config: # windows=1271, spacing=0.05781394429716498, CF order=2
  error tolerance: rtol=0.001, atol=1e-05
Testing N_win=1375 N_cf=10
Windowing:
  config: # windows=1375, spacing=0.05344110778305214, CF order=10
  error tolerance: rtol=0.001, atol=1e-05
Testing N_win=1375 N_cf=9
Windowing:
  config: # windows=1375, spacing=0.05344110778305214, CF order=9
  error tolerance: rtol=0.001, atol=1e-05
Testing N_win=1375 N_cf=8
Windowing:
  config: # windows=1375, spacing=0.05344110778305214, CF order=8
  error tolerance: rtol=0.001, atol=1e-05
Testing N_win=1375 N_cf=7
Windowing:
  config: # windows=1375, spacing=0.05344110778305214, CF order=7
  error tolerance: rtol=0.001, atol=1e-05
Testing N_win=1375 N_cf=6
Windowing:
  config: # windows=1375, spacing=0.05344110778305214, CF order=6
  error tolerance: rtol=0.001, atol=1e-05
Testing N_win=1375 N_cf=5
Windowing:
  config: # windows=1375, spacing=0.05344110778305214, CF order=5
  error tolerance: rtol=0.001, atol=1e-05
Testing N_win=1375 N_cf=4
Windowing:
  config: # windows=1375, spacing=0.05344110778305214, CF order=4
  error tolerance: rtol=0.001, atol=1e-05
Testing N_win=1375 N_cf=3
Windowing:
  config: # windows=1375, spacing=0.05344110778305214, CF order=3
  error tolerance: rtol=0.001, atol=1e-05
Testing N_win=1375 N_cf=2
Windowing:
  config: # windows=1375, spacing=0.05344110778305214, CF order=2
  error tolerance: rtol=0.001, atol=1e-05
Testing N_win=1479 N_cf=10
Windowing:
  config: # windows=1479, spacing=0.04968324760087673, CF order=10
  error tolerance: rtol=0.001, atol=1e-05
Testing N_win=1479 N_cf=9
Windowing:
  config: # windows=1479, spacing=0.04968324760087673, CF order=9
  error tolerance: rtol=0.001, atol=1e-05
Testing N_win=1479 N_cf=8
Windowing:
  config: # windows=1479, spacing=0.04968324760087673, CF order=8
  error tolerance: rtol=0.001, atol=1e-05
Testing N_win=1479 N_cf=7
Windowing:
  config: # windows=1479, spacing=0.04968324760087673, CF order=7
  error tolerance: rtol=0.001, atol=1e-05
Testing N_win=1479 N_cf=6
Windowing:
  config: # windows=1479, spacing=0.04968324760087673, CF order=6
  error tolerance: rtol=0.001, atol=1e-05
Testing N_win=1479 N_cf=5
Windowing:
  config: # windows=1479, spacing=0.04968324760087673, CF order=5
  error tolerance: rtol=0.001, atol=1e-05
Testing N_win=1479 N_cf=4
Windowing:
  config: # windows=1479, spacing=0.04968324760087673, CF order=4
  error tolerance: rtol=0.001, atol=1e-05
Testing N_win=1479 N_cf=3
Windowing:
  config: # windows=1479, spacing=0.04968324760087673, CF order=3
  error tolerance: rtol=0.001, atol=1e-05
Testing N_win=1479 N_cf=2
Windowing:
  config: # windows=1479, spacing=0.04968324760087673, CF order=2
  error tolerance: rtol=0.001, atol=1e-05
Testing N_win=1583 N_cf=10
Windowing:
  config: # windows=1583, spacing=0.04641915552855129, CF order=10
  error tolerance: rtol=0.001, atol=1e-05
Testing N_win=1583 N_cf=9
Windowing:
  config: # windows=1583, spacing=0.04641915552855129, CF order=9
  error tolerance: rtol=0.001, atol=1e-05
Testing N_win=1583 N_cf=8
Windowing:
  config: # windows=1583, spacing=0.04641915552855129, CF order=8
  error tolerance: rtol=0.001, atol=1e-05
Testing N_win=1583 N_cf=7
Windowing:
  config: # windows=1583, spacing=0.04641915552855129, CF order=7
  error tolerance: rtol=0.001, atol=1e-05
Testing N_win=1583 N_cf=6
Windowing:
  config: # windows=1583, spacing=0.04641915552855129, CF order=6
  error tolerance: rtol=0.001, atol=1e-05
Testing N_win=1583 N_cf=5
Windowing:
  config: # windows=1583, spacing=0.04641915552855129, CF order=5
  error tolerance: rtol=0.001, atol=1e-05
Testing N_win=1583 N_cf=4
Windowing:
  config: # windows=1583, spacing=0.04641915552855129, CF order=4
  error tolerance: rtol=0.001, atol=1e-05
Testing N_win=1583 N_cf=3
Windowing:
  config: # windows=1583, spacing=0.04641915552855129, CF order=3
  error tolerance: rtol=0.001, atol=1e-05
Testing N_win=1583 N_cf=2
Windowing:
  config: # windows=1583, spacing=0.04641915552855129, CF order=2
  error tolerance: rtol=0.001, atol=1e-05
Testing N_win=1687 N_cf=10
Windowing:
  config: # windows=1687, spacing=0.04355751227130805, CF order=10
  error tolerance: rtol=0.001, atol=1e-05
Testing N_win=1687 N_cf=9
Windowing:
  config: # windows=1687, spacing=0.04355751227130805, CF order=9
  error tolerance: rtol=0.001, atol=1e-05
Testing N_win=1687 N_cf=8
Windowing:
  config: # windows=1687, spacing=0.04355751227130805, CF order=8
  error tolerance: rtol=0.001, atol=1e-05
Testing N_win=1687 N_cf=7
Windowing:
  config: # windows=1687, spacing=0.04355751227130805, CF order=7
  error tolerance: rtol=0.001, atol=1e-05
Testing N_win=1687 N_cf=6
Windowing:
  config: # windows=1687, spacing=0.04355751227130805, CF order=6
  error tolerance: rtol=0.001, atol=1e-05
Testing N_win=1687 N_cf=5
Windowing:
  config: # windows=1687, spacing=0.04355751227130805, CF order=5
  error tolerance: rtol=0.001, atol=1e-05
Testing N_win=1687 N_cf=4
Windowing:
  config: # windows=1687, spacing=0.04355751227130805, CF order=4
  error tolerance: rtol=0.001, atol=1e-05
Testing N_win=1687 N_cf=3
Windowing:
  config: # windows=1687, spacing=0.04355751227130805, CF order=3
  error tolerance: rtol=0.001, atol=1e-05
Testing N_win=1687 N_cf=2
Windowing:
  config: # windows=1687, spacing=0.04355751227130805, CF order=2
  error tolerance: rtol=0.001, atol=1e-05
Testing N_win=1791 N_cf=10
Windowing:
  config: # windows=1791, spacing=0.041028209492851304, CF order=10
  error tolerance: rtol=0.001, atol=1e-05
Testing N_win=1791 N_cf=9
Windowing:
  config: # windows=1791, spacing=0.041028209492851304, CF order=9
  error tolerance: rtol=0.001, atol=1e-05
Testing N_win=1791 N_cf=8
Windowing:
  config: # windows=1791, spacing=0.041028209492851304, CF order=8
  error tolerance: rtol=0.001, atol=1e-05
Testing N_win=1791 N_cf=7
Windowing:
  config: # windows=1791, spacing=0.041028209492851304, CF order=7
  error tolerance: rtol=0.001, atol=1e-05
Testing N_win=1791 N_cf=6
Windowing:
  config: # windows=1791, spacing=0.041028209492851304, CF order=6
  error tolerance: rtol=0.001, atol=1e-05
Testing N_win=1791 N_cf=5
Windowing:
  config: # windows=1791, spacing=0.041028209492851304, CF order=5
  error tolerance: rtol=0.001, atol=1e-05
Testing N_win=1791 N_cf=4
Windowing:
  config: # windows=1791, spacing=0.041028209492851304, CF order=4
  error tolerance: rtol=0.001, atol=1e-05
Testing N_win=1791 N_cf=3
Windowing:
  config: # windows=1791, spacing=0.041028209492851304, CF order=3
  error tolerance: rtol=0.001, atol=1e-05
Testing N_win=1791 N_cf=2
Windowing:
  config: # windows=1791, spacing=0.041028209492851304, CF order=2
  error tolerance: rtol=0.001, atol=1e-05
Testing N_win=1895 N_cf=10
Windowing:
  config: # windows=1895, spacing=0.03877652939403519, CF order=10
  error tolerance: rtol=0.001, atol=1e-05
Testing N_win=1895 N_cf=9
Windowing:
  config: # windows=1895, spacing=0.03877652939403519, CF order=9
  error tolerance: rtol=0.001, atol=1e-05
Testing N_win=1895 N_cf=8
Windowing:
  config: # windows=1895, spacing=0.03877652939403519, CF order=8
  error tolerance: rtol=0.001, atol=1e-05
Testing N_win=1895 N_cf=7
Windowing:
  config: # windows=1895, spacing=0.03877652939403519, CF order=7
  error tolerance: rtol=0.001, atol=1e-05
Testing N_win=1895 N_cf=6
Windowing:
  config: # windows=1895, spacing=0.03877652939403519, CF order=6
  error tolerance: rtol=0.001, atol=1e-05
Testing N_win=1895 N_cf=5
Windowing:
  config: # windows=1895, spacing=0.03877652939403519, CF order=5
  error tolerance: rtol=0.001, atol=1e-05
Testing N_win=1895 N_cf=4
Windowing:
  config: # windows=1895, spacing=0.03877652939403519, CF order=4
  error tolerance: rtol=0.001, atol=1e-05
Testing N_win=1895 N_cf=3
Windowing:
  config: # windows=1895, spacing=0.03877652939403519, CF order=3
  error tolerance: rtol=0.001, atol=1e-05
Testing N_win=1895 N_cf=2
Windowing:
  config: # windows=1895, spacing=0.03877652939403519, CF order=2
  error tolerance: rtol=0.001, atol=1e-05
Testing N_win=2000 N_cf=10
Windowing:
  config: # windows=2000, spacing=0.03674076160084835, CF order=10
  error tolerance: rtol=0.001, atol=1e-05
Testing N_win=2000 N_cf=9
Windowing:
  config: # windows=2000, spacing=0.03674076160084835, CF order=9
  error tolerance: rtol=0.001, atol=1e-05
Testing N_win=2000 N_cf=8
Windowing:
  config: # windows=2000, spacing=0.03674076160084835, CF order=8
  error tolerance: rtol=0.001, atol=1e-05
Testing N_win=2000 N_cf=7
Windowing:
  config: # windows=2000, spacing=0.03674076160084835, CF order=7
  error tolerance: rtol=0.001, atol=1e-05
Testing N_win=2000 N_cf=6
Windowing:
  config: # windows=2000, spacing=0.03674076160084835, CF order=6
  error tolerance: rtol=0.001, atol=1e-05
Testing N_win=2000 N_cf=5
Windowing:
  config: # windows=2000, spacing=0.03674076160084835, CF order=5
  error tolerance: rtol=0.001, atol=1e-05
Testing N_win=2000 N_cf=4
Windowing:
  config: # windows=2000, spacing=0.03674076160084835, CF order=4
  error tolerance: rtol=0.001, atol=1e-05
Testing N_win=2000 N_cf=3
Windowing:
  config: # windows=2000, spacing=0.03674076160084835, CF order=3
  error tolerance: rtol=0.001, atol=1e-05
Testing N_win=2000 N_cf=2
Windowing:
  config: # windows=2000, spacing=0.03674076160084835, CF order=2
  error tolerance: rtol=0.001, atol=1e-05
Final library: 297 poles, 647 windows, 3.4 poles per window, 4 CF order
