Running NJOY to get 0K point-wise data (error=0.0005)...
Parsing cross sections within resolved resonance range...
  MTs: [2, 27, 102, 18]
  Energy range: 1.000e-05 to 8.434e+03 eV (754 points)
Vector fitting piece 1/1...
  energy: 1.000e-05 to 8.434e+03 eV (754 points)
  error tolerance: rtol=0.001, atol=1e-05
Found 1 peaks
Fitting orders from 2 to 200
Order=2(0/100)
Order=4(1/100)
Order=6(2/100)
Order=8(3/100)
Order=10(4/100)
Order=12(5/100)
Order=14(6/100)
Order=16(7/100)
Order=18(8/100)
Order=20(9/100)
Order=22(10/100)
Order=24(11/100)
Order=26(12/100)
Order=28(13/100)
Order=30(14/100)
Order=32(15/100)
Order=34(16/100)
Order=36(17/100)
Order=38(18/100)
Order=40(19/100)
Order=42(20/100)
Order=44(21/100)
Order=46(22/100)
Order=48(23/100)
Order=50(24/100)
Order=52(25/100)
Order=54(26/100)
Order=56(27/100)
Order=58(28/100)
Order=60(29/100)
Found 2 real poles and 28 conjugate complex pairs.
Final number of poles: 30
Saved figure: WMP_Lib/Es251/0-8434_MT2.png
Saved figure: WMP_Lib/Es251/0-8434_MT27.png
Saved figure: WMP_Lib/Es251/0-8434_MT102.png
Saved figure: WMP_Lib/Es251/0-8434_MT18.png
Dumped multipole data to file: WMP_Lib/Es251/Es251_mp.pickle
Start searching ...
Testing N_win=5 N_cf=10
Windowing:
  config: # windows=5, spacing=18.366457678727123, CF order=10
  error tolerance: rtol=0.001, atol=1e-05
Failed: Pure curvefit failed for the first window!
Testing N_win=110 N_cf=10
Windowing:
  config: # windows=110, spacing=0.8348389853966873, CF order=10
  error tolerance: rtol=0.001, atol=1e-05
Failed: Pure curvefit failed for the first window!
Testing N_win=215 N_cf=10
Windowing:
  config: # windows=215, spacing=0.4271269227610959, CF order=10
  error tolerance: rtol=0.001, atol=1e-05
Best library so far.
Testing N_win=215 N_cf=9
Windowing:
  config: # windows=215, spacing=0.4271269227610959, CF order=9
  error tolerance: rtol=0.001, atol=1e-05
Best library so far.
Testing N_win=215 N_cf=8
Windowing:
  config: # windows=215, spacing=0.4271269227610959, CF order=8
  error tolerance: rtol=0.001, atol=1e-05
Best library so far.
Testing N_win=215 N_cf=7
Windowing:
  config: # windows=215, spacing=0.4271269227610959, CF order=7
  error tolerance: rtol=0.001, atol=1e-05
Best library so far.
Testing N_win=215 N_cf=6
Windowing:
  config: # windows=215, spacing=0.4271269227610959, CF order=6
  error tolerance: rtol=0.001, atol=1e-05
Best library so far.
Testing N_win=215 N_cf=5
Windowing:
  config: # windows=215, spacing=0.4271269227610959, CF order=5
  error tolerance: rtol=0.001, atol=1e-05
Best library so far.
Testing N_win=215 N_cf=4
Windowing:
  config: # windows=215, spacing=0.4271269227610959, CF order=4
  error tolerance: rtol=0.001, atol=1e-05
Best library so far.
Testing N_win=215 N_cf=3
Windowing:
  config: # windows=215, spacing=0.4271269227610959, CF order=3
  error tolerance: rtol=0.001, atol=1e-05
Failed: Pure curvefit failed for the first window!
Testing N_win=320 N_cf=10
Windowing:
  config: # windows=320, spacing=0.2869759012301113, CF order=10
  error tolerance: rtol=0.001, atol=1e-05
Testing N_win=320 N_cf=9
Windowing:
  config: # windows=320, spacing=0.2869759012301113, CF order=9
  error tolerance: rtol=0.001, atol=1e-05
Testing N_win=320 N_cf=8
Windowing:
  config: # windows=320, spacing=0.2869759012301113, CF order=8
  error tolerance: rtol=0.001, atol=1e-05
Testing N_win=320 N_cf=7
Windowing:
  config: # windows=320, spacing=0.2869759012301113, CF order=7
  error tolerance: rtol=0.001, atol=1e-05
Testing N_win=320 N_cf=6
Windowing:
  config: # windows=320, spacing=0.2869759012301113, CF order=6
  error tolerance: rtol=0.001, atol=1e-05
Testing N_win=320 N_cf=5
Windowing:
  config: # windows=320, spacing=0.2869759012301113, CF order=5
  error tolerance: rtol=0.001, atol=1e-05
Testing N_win=320 N_cf=4
Windowing:
  config: # windows=320, spacing=0.2869759012301113, CF order=4
  error tolerance: rtol=0.001, atol=1e-05
Testing N_win=320 N_cf=3
Windowing:
  config: # windows=320, spacing=0.2869759012301113, CF order=3
  error tolerance: rtol=0.001, atol=1e-05
Failed: Pure curvefit failed for the first window!
Testing N_win=425 N_cf=10
Windowing:
  config: # windows=425, spacing=0.2160759726909073, CF order=10
  error tolerance: rtol=0.001, atol=1e-05
Testing N_win=425 N_cf=9
Windowing:
  config: # windows=425, spacing=0.2160759726909073, CF order=9
  error tolerance: rtol=0.001, atol=1e-05
Testing N_win=425 N_cf=8
Windowing:
  config: # windows=425, spacing=0.2160759726909073, CF order=8
  error tolerance: rtol=0.001, atol=1e-05
Testing N_win=425 N_cf=7
Windowing:
  config: # windows=425, spacing=0.2160759726909073, CF order=7
  error tolerance: rtol=0.001, atol=1e-05
Testing N_win=425 N_cf=6
Windowing:
  config: # windows=425, spacing=0.2160759726909073, CF order=6
  error tolerance: rtol=0.001, atol=1e-05
Testing N_win=425 N_cf=5
Windowing:
  config: # windows=425, spacing=0.2160759726909073, CF order=5
  error tolerance: rtol=0.001, atol=1e-05
Testing N_win=425 N_cf=4
Windowing:
  config: # windows=425, spacing=0.2160759726909073, CF order=4
  error tolerance: rtol=0.001, atol=1e-05
Testing N_win=425 N_cf=3
Windowing:
  config: # windows=425, spacing=0.2160759726909073, CF order=3
  error tolerance: rtol=0.001, atol=1e-05
Failed: Pure curvefit failed for the first window!
Testing N_win=530 N_cf=10
Windowing:
  config: # windows=530, spacing=0.173268468667237, CF order=10
  error tolerance: rtol=0.001, atol=1e-05
Testing N_win=530 N_cf=9
Windowing:
  config: # windows=530, spacing=0.173268468667237, CF order=9
  error tolerance: rtol=0.001, atol=1e-05
Testing N_win=530 N_cf=8
Windowing:
  config: # windows=530, spacing=0.173268468667237, CF order=8
  error tolerance: rtol=0.001, atol=1e-05
Testing N_win=530 N_cf=7
Windowing:
  config: # windows=530, spacing=0.173268468667237, CF order=7
  error tolerance: rtol=0.001, atol=1e-05
Testing N_win=530 N_cf=6
Windowing:
  config: # windows=530, spacing=0.173268468667237, CF order=6
  error tolerance: rtol=0.001, atol=1e-05
Testing N_win=530 N_cf=5
Windowing:
  config: # windows=530, spacing=0.173268468667237, CF order=5
  error tolerance: rtol=0.001, atol=1e-05
Testing N_win=530 N_cf=4
Windowing:
  config: # windows=530, spacing=0.173268468667237, CF order=4
  error tolerance: rtol=0.001, atol=1e-05
Testing N_win=530 N_cf=3
Windowing:
  config: # windows=530, spacing=0.173268468667237, CF order=3
  error tolerance: rtol=0.001, atol=1e-05
Testing N_win=530 N_cf=2
Windowing:
  config: # windows=530, spacing=0.173268468667237, CF order=2
  error tolerance: rtol=0.001, atol=1e-05
Failed: Pure curvefit failed for the first window!
Testing N_win=635 N_cf=10
Windowing:
  config: # windows=635, spacing=0.14461777699785136, CF order=10
  error tolerance: rtol=0.001, atol=1e-05
Testing N_win=635 N_cf=9
Windowing:
  config: # windows=635, spacing=0.14461777699785136, CF order=9
  error tolerance: rtol=0.001, atol=1e-05
Testing N_win=635 N_cf=8
Windowing:
  config: # windows=635, spacing=0.14461777699785136, CF order=8
  error tolerance: rtol=0.001, atol=1e-05
Testing N_win=635 N_cf=7
Windowing:
  config: # windows=635, spacing=0.14461777699785136, CF order=7
  error tolerance: rtol=0.001, atol=1e-05
Testing N_win=635 N_cf=6
Windowing:
  config: # windows=635, spacing=0.14461777699785136, CF order=6
  error tolerance: rtol=0.001, atol=1e-05
Testing N_win=635 N_cf=5
Windowing:
  config: # windows=635, spacing=0.14461777699785136, CF order=5
  error tolerance: rtol=0.001, atol=1e-05
Testing N_win=635 N_cf=4
Windowing:
  config: # windows=635, spacing=0.14461777699785136, CF order=4
  error tolerance: rtol=0.001, atol=1e-05
Testing N_win=635 N_cf=3
Windowing:
  config: # windows=635, spacing=0.14461777699785136, CF order=3
  error tolerance: rtol=0.001, atol=1e-05
Testing N_win=635 N_cf=2
Windowing:
  config: # windows=635, spacing=0.14461777699785136, CF order=2
  error tolerance: rtol=0.001, atol=1e-05
Failed: Pure curvefit failed for the first window!
Testing N_win=740 N_cf=10
Windowing:
  config: # windows=740, spacing=0.1240976870184265, CF order=10
  error tolerance: rtol=0.001, atol=1e-05
Testing N_win=740 N_cf=9
Windowing:
  config: # windows=740, spacing=0.1240976870184265, CF order=9
  error tolerance: rtol=0.001, atol=1e-05
Testing N_win=740 N_cf=8
Windowing:
  config: # windows=740, spacing=0.1240976870184265, CF order=8
  error tolerance: rtol=0.001, atol=1e-05
Testing N_win=740 N_cf=7
Windowing:
  config: # windows=740, spacing=0.1240976870184265, CF order=7
  error tolerance: rtol=0.001, atol=1e-05
Testing N_win=740 N_cf=6
Windowing:
  config: # windows=740, spacing=0.1240976870184265, CF order=6
  error tolerance: rtol=0.001, atol=1e-05
Testing N_win=740 N_cf=5
Windowing:
  config: # windows=740, spacing=0.1240976870184265, CF order=5
  error tolerance: rtol=0.001, atol=1e-05
Testing N_win=740 N_cf=4
Windowing:
  config: # windows=740, spacing=0.1240976870184265, CF order=4
  error tolerance: rtol=0.001, atol=1e-05
Testing N_win=740 N_cf=3
Windowing:
  config: # windows=740, spacing=0.1240976870184265, CF order=3
  error tolerance: rtol=0.001, atol=1e-05
Testing N_win=740 N_cf=2
Windowing:
  config: # windows=740, spacing=0.1240976870184265, CF order=2
  error tolerance: rtol=0.001, atol=1e-05
Failed: Pure curvefit failed for the first window!
Testing N_win=845 N_cf=10
Windowing:
  config: # windows=845, spacing=0.1086772643711664, CF order=10
  error tolerance: rtol=0.001, atol=1e-05
Testing N_win=845 N_cf=9
Windowing:
  config: # windows=845, spacing=0.1086772643711664, CF order=9
  error tolerance: rtol=0.001, atol=1e-05
Testing N_win=845 N_cf=8
Windowing:
  config: # windows=845, spacing=0.1086772643711664, CF order=8
  error tolerance: rtol=0.001, atol=1e-05
Testing N_win=845 N_cf=7
Windowing:
  config: # windows=845, spacing=0.1086772643711664, CF order=7
  error tolerance: rtol=0.001, atol=1e-05
Testing N_win=845 N_cf=6
Windowing:
  config: # windows=845, spacing=0.1086772643711664, CF order=6
  error tolerance: rtol=0.001, atol=1e-05
Testing N_win=845 N_cf=5
Windowing:
  config: # windows=845, spacing=0.1086772643711664, CF order=5
  error tolerance: rtol=0.001, atol=1e-05
Testing N_win=845 N_cf=4
Windowing:
  config: # windows=845, spacing=0.1086772643711664, CF order=4
  error tolerance: rtol=0.001, atol=1e-05
Testing N_win=845 N_cf=3
Windowing:
  config: # windows=845, spacing=0.1086772643711664, CF order=3
  error tolerance: rtol=0.001, atol=1e-05
Testing N_win=845 N_cf=2
Windowing:
  config: # windows=845, spacing=0.1086772643711664, CF order=2
  error tolerance: rtol=0.001, atol=1e-05
Failed: Pure curvefit failed for the first window!
Testing N_win=950 N_cf=10
Windowing:
  config: # windows=950, spacing=0.09666556673014275, CF order=10
  error tolerance: rtol=0.001, atol=1e-05
Testing N_win=950 N_cf=9
Windowing:
  config: # windows=950, spacing=0.09666556673014275, CF order=9
  error tolerance: rtol=0.001, atol=1e-05
Testing N_win=950 N_cf=8
Windowing:
  config: # windows=950, spacing=0.09666556673014275, CF order=8
  error tolerance: rtol=0.001, atol=1e-05
Testing N_win=950 N_cf=7
Windowing:
  config: # windows=950, spacing=0.09666556673014275, CF order=7
  error tolerance: rtol=0.001, atol=1e-05
Testing N_win=950 N_cf=6
Windowing:
  config: # windows=950, spacing=0.09666556673014275, CF order=6
  error tolerance: rtol=0.001, atol=1e-05
Testing N_win=950 N_cf=5
Windowing:
  config: # windows=950, spacing=0.09666556673014275, CF order=5
  error tolerance: rtol=0.001, atol=1e-05
Testing N_win=950 N_cf=4
Windowing:
  config: # windows=950, spacing=0.09666556673014275, CF order=4
  error tolerance: rtol=0.001, atol=1e-05
Testing N_win=950 N_cf=3
Windowing:
  config: # windows=950, spacing=0.09666556673014275, CF order=3
  error tolerance: rtol=0.001, atol=1e-05
Testing N_win=950 N_cf=2
Windowing:
  config: # windows=950, spacing=0.09666556673014275, CF order=2
  error tolerance: rtol=0.001, atol=1e-05
Failed: Pure curvefit failed for the first window!
Testing N_win=1055 N_cf=10
Windowing:
  config: # windows=1055, spacing=0.08704482312192949, CF order=10
  error tolerance: rtol=0.001, atol=1e-05
Testing N_win=1055 N_cf=9
Windowing:
  config: # windows=1055, spacing=0.08704482312192949, CF order=9
  error tolerance: rtol=0.001, atol=1e-05
Testing N_win=1055 N_cf=8
Windowing:
  config: # windows=1055, spacing=0.08704482312192949, CF order=8
  error tolerance: rtol=0.001, atol=1e-05
Testing N_win=1055 N_cf=7
Windowing:
  config: # windows=1055, spacing=0.08704482312192949, CF order=7
  error tolerance: rtol=0.001, atol=1e-05
Testing N_win=1055 N_cf=6
Windowing:
  config: # windows=1055, spacing=0.08704482312192949, CF order=6
  error tolerance: rtol=0.001, atol=1e-05
Testing N_win=1055 N_cf=5
Windowing:
  config: # windows=1055, spacing=0.08704482312192949, CF order=5
  error tolerance: rtol=0.001, atol=1e-05
Testing N_win=1055 N_cf=4
Windowing:
  config: # windows=1055, spacing=0.08704482312192949, CF order=4
  error tolerance: rtol=0.001, atol=1e-05
Testing N_win=1055 N_cf=3
Windowing:
  config: # windows=1055, spacing=0.08704482312192949, CF order=3
  error tolerance: rtol=0.001, atol=1e-05
Testing N_win=1055 N_cf=2
Windowing:
  config: # windows=1055, spacing=0.08704482312192949, CF order=2
  error tolerance: rtol=0.001, atol=1e-05
Failed: Pure curvefit failed for the first window!
Testing N_win=1160 N_cf=10
Windowing:
  config: # windows=1160, spacing=0.07916576585658242, CF order=10
  error tolerance: rtol=0.001, atol=1e-05
Testing N_win=1160 N_cf=9
Windowing:
  config: # windows=1160, spacing=0.07916576585658242, CF order=9
  error tolerance: rtol=0.001, atol=1e-05
Testing N_win=1160 N_cf=8
Windowing:
  config: # windows=1160, spacing=0.07916576585658242, CF order=8
  error tolerance: rtol=0.001, atol=1e-05
Testing N_win=1160 N_cf=7
Windowing:
  config: # windows=1160, spacing=0.07916576585658242, CF order=7
  error tolerance: rtol=0.001, atol=1e-05
Testing N_win=1160 N_cf=6
Windowing:
  config: # windows=1160, spacing=0.07916576585658242, CF order=6
  error tolerance: rtol=0.001, atol=1e-05
Testing N_win=1160 N_cf=5
Windowing:
  config: # windows=1160, spacing=0.07916576585658242, CF order=5
  error tolerance: rtol=0.001, atol=1e-05
Testing N_win=1160 N_cf=4
Windowing:
  config: # windows=1160, spacing=0.07916576585658242, CF order=4
  error tolerance: rtol=0.001, atol=1e-05
Testing N_win=1160 N_cf=3
Windowing:
  config: # windows=1160, spacing=0.07916576585658242, CF order=3
  error tolerance: rtol=0.001, atol=1e-05
Testing N_win=1160 N_cf=2
Windowing:
  config: # windows=1160, spacing=0.07916576585658242, CF order=2
  error tolerance: rtol=0.001, atol=1e-05
Failed: Pure curvefit failed for the first window!
Testing N_win=1265 N_cf=10
Windowing:
  config: # windows=1265, spacing=0.07259469438232063, CF order=10
  error tolerance: rtol=0.001, atol=1e-05
Testing N_win=1265 N_cf=9
Windowing:
  config: # windows=1265, spacing=0.07259469438232063, CF order=9
  error tolerance: rtol=0.001, atol=1e-05
Testing N_win=1265 N_cf=8
Windowing:
  config: # windows=1265, spacing=0.07259469438232063, CF order=8
  error tolerance: rtol=0.001, atol=1e-05
Testing N_win=1265 N_cf=7
Windowing:
  config: # windows=1265, spacing=0.07259469438232063, CF order=7
  error tolerance: rtol=0.001, atol=1e-05
Testing N_win=1265 N_cf=6
Windowing:
  config: # windows=1265, spacing=0.07259469438232063, CF order=6
  error tolerance: rtol=0.001, atol=1e-05
Testing N_win=1265 N_cf=5
Windowing:
  config: # windows=1265, spacing=0.07259469438232063, CF order=5
  error tolerance: rtol=0.001, atol=1e-05
Testing N_win=1265 N_cf=4
Windowing:
  config: # windows=1265, spacing=0.07259469438232063, CF order=4
  error tolerance: rtol=0.001, atol=1e-05
Testing N_win=1265 N_cf=3
Windowing:
  config: # windows=1265, spacing=0.07259469438232063, CF order=3
  error tolerance: rtol=0.001, atol=1e-05
Testing N_win=1265 N_cf=2
Windowing:
  config: # windows=1265, spacing=0.07259469438232063, CF order=2
  error tolerance: rtol=0.001, atol=1e-05
Failed: Pure curvefit failed for the first window!
Testing N_win=1370 N_cf=10
Windowing:
  config: # windows=1370, spacing=0.06703086744060993, CF order=10
  error tolerance: rtol=0.001, atol=1e-05
Testing N_win=1370 N_cf=9
Windowing:
  config: # windows=1370, spacing=0.06703086744060993, CF order=9
  error tolerance: rtol=0.001, atol=1e-05
Testing N_win=1370 N_cf=8
Windowing:
  config: # windows=1370, spacing=0.06703086744060993, CF order=8
  error tolerance: rtol=0.001, atol=1e-05
Testing N_win=1370 N_cf=7
Windowing:
  config: # windows=1370, spacing=0.06703086744060993, CF order=7
  error tolerance: rtol=0.001, atol=1e-05
Testing N_win=1370 N_cf=6
Windowing:
  config: # windows=1370, spacing=0.06703086744060993, CF order=6
  error tolerance: rtol=0.001, atol=1e-05
Testing N_win=1370 N_cf=5
Windowing:
  config: # windows=1370, spacing=0.06703086744060993, CF order=5
  error tolerance: rtol=0.001, atol=1e-05
Testing N_win=1370 N_cf=4
Windowing:
  config: # windows=1370, spacing=0.06703086744060993, CF order=4
  error tolerance: rtol=0.001, atol=1e-05
Testing N_win=1370 N_cf=3
Windowing:
  config: # windows=1370, spacing=0.06703086744060993, CF order=3
  error tolerance: rtol=0.001, atol=1e-05
Testing N_win=1370 N_cf=2
Windowing:
  config: # windows=1370, spacing=0.06703086744060993, CF order=2
  error tolerance: rtol=0.001, atol=1e-05
Failed: Pure curvefit failed for the first window!
Testing N_win=1475 N_cf=10
Windowing:
  config: # windows=1475, spacing=0.06225917857195634, CF order=10
  error tolerance: rtol=0.001, atol=1e-05
Testing N_win=1475 N_cf=9
Windowing:
  config: # windows=1475, spacing=0.06225917857195634, CF order=9
  error tolerance: rtol=0.001, atol=1e-05
Testing N_win=1475 N_cf=8
Windowing:
  config: # windows=1475, spacing=0.06225917857195634, CF order=8
  error tolerance: rtol=0.001, atol=1e-05
Testing N_win=1475 N_cf=7
Windowing:
  config: # windows=1475, spacing=0.06225917857195634, CF order=7
  error tolerance: rtol=0.001, atol=1e-05
Testing N_win=1475 N_cf=6
Windowing:
  config: # windows=1475, spacing=0.06225917857195634, CF order=6
  error tolerance: rtol=0.001, atol=1e-05
Testing N_win=1475 N_cf=5
Windowing:
  config: # windows=1475, spacing=0.06225917857195634, CF order=5
  error tolerance: rtol=0.001, atol=1e-05
Testing N_win=1475 N_cf=4
Windowing:
  config: # windows=1475, spacing=0.06225917857195634, CF order=4
  error tolerance: rtol=0.001, atol=1e-05
Testing N_win=1475 N_cf=3
Windowing:
  config: # windows=1475, spacing=0.06225917857195634, CF order=3
  error tolerance: rtol=0.001, atol=1e-05
Testing N_win=1475 N_cf=2
Windowing:
  config: # windows=1475, spacing=0.06225917857195634, CF order=2
  error tolerance: rtol=0.001, atol=1e-05
Failed: Pure curvefit failed for the first window!
Testing N_win=1580 N_cf=10
Windowing:
  config: # windows=1580, spacing=0.05812170151495925, CF order=10
  error tolerance: rtol=0.001, atol=1e-05
Testing N_win=1580 N_cf=9
Windowing:
  config: # windows=1580, spacing=0.05812170151495925, CF order=9
  error tolerance: rtol=0.001, atol=1e-05
Testing N_win=1580 N_cf=8
Windowing:
  config: # windows=1580, spacing=0.05812170151495925, CF order=8
  error tolerance: rtol=0.001, atol=1e-05
Testing N_win=1580 N_cf=7
Windowing:
  config: # windows=1580, spacing=0.05812170151495925, CF order=7
  error tolerance: rtol=0.001, atol=1e-05
Testing N_win=1580 N_cf=6
Windowing:
  config: # windows=1580, spacing=0.05812170151495925, CF order=6
  error tolerance: rtol=0.001, atol=1e-05
Testing N_win=1580 N_cf=5
Windowing:
  config: # windows=1580, spacing=0.05812170151495925, CF order=5
  error tolerance: rtol=0.001, atol=1e-05
Testing N_win=1580 N_cf=4
Windowing:
  config: # windows=1580, spacing=0.05812170151495925, CF order=4
  error tolerance: rtol=0.001, atol=1e-05
Testing N_win=1580 N_cf=3
Windowing:
  config: # windows=1580, spacing=0.05812170151495925, CF order=3
  error tolerance: rtol=0.001, atol=1e-05
Testing N_win=1580 N_cf=2
Windowing:
  config: # windows=1580, spacing=0.05812170151495925, CF order=2
  error tolerance: rtol=0.001, atol=1e-05
Failed: Pure curvefit failed for the first window!
Testing N_win=1685 N_cf=10
Windowing:
  config: # windows=1685, spacing=0.0544998744175879, CF order=10
  error tolerance: rtol=0.001, atol=1e-05
Testing N_win=1685 N_cf=9
Windowing:
  config: # windows=1685, spacing=0.0544998744175879, CF order=9
  error tolerance: rtol=0.001, atol=1e-05
Testing N_win=1685 N_cf=8
Windowing:
  config: # windows=1685, spacing=0.0544998744175879, CF order=8
  error tolerance: rtol=0.001, atol=1e-05
Testing N_win=1685 N_cf=7
Windowing:
  config: # windows=1685, spacing=0.0544998744175879, CF order=7
  error tolerance: rtol=0.001, atol=1e-05
Testing N_win=1685 N_cf=6
Windowing:
  config: # windows=1685, spacing=0.0544998744175879, CF order=6
  error tolerance: rtol=0.001, atol=1e-05
Testing N_win=1685 N_cf=5
Windowing:
  config: # windows=1685, spacing=0.0544998744175879, CF order=5
  error tolerance: rtol=0.001, atol=1e-05
Testing N_win=1685 N_cf=4
Windowing:
  config: # windows=1685, spacing=0.0544998744175879, CF order=4
  error tolerance: rtol=0.001, atol=1e-05
Testing N_win=1685 N_cf=3
Windowing:
  config: # windows=1685, spacing=0.0544998744175879, CF order=3
  error tolerance: rtol=0.001, atol=1e-05
Testing N_win=1685 N_cf=2
Windowing:
  config: # windows=1685, spacing=0.0544998744175879, CF order=2
  error tolerance: rtol=0.001, atol=1e-05
Failed: Pure curvefit failed for the first window!
Testing N_win=1790 N_cf=10
Windowing:
  config: # windows=1790, spacing=0.051302954409852296, CF order=10
  error tolerance: rtol=0.001, atol=1e-05
Testing N_win=1790 N_cf=9
Windowing:
  config: # windows=1790, spacing=0.051302954409852296, CF order=9
  error tolerance: rtol=0.001, atol=1e-05
Testing N_win=1790 N_cf=8
Windowing:
  config: # windows=1790, spacing=0.051302954409852296, CF order=8
  error tolerance: rtol=0.001, atol=1e-05
Testing N_win=1790 N_cf=7
Windowing:
  config: # windows=1790, spacing=0.051302954409852296, CF order=7
  error tolerance: rtol=0.001, atol=1e-05
Testing N_win=1790 N_cf=6
Windowing:
  config: # windows=1790, spacing=0.051302954409852296, CF order=6
  error tolerance: rtol=0.001, atol=1e-05
Testing N_win=1790 N_cf=5
Windowing:
  config: # windows=1790, spacing=0.051302954409852296, CF order=5
  error tolerance: rtol=0.001, atol=1e-05
Testing N_win=1790 N_cf=4
Windowing:
  config: # windows=1790, spacing=0.051302954409852296, CF order=4
  error tolerance: rtol=0.001, atol=1e-05
Testing N_win=1790 N_cf=3
Windowing:
  config: # windows=1790, spacing=0.051302954409852296, CF order=3
  error tolerance: rtol=0.001, atol=1e-05
Testing N_win=1790 N_cf=2
Windowing:
  config: # windows=1790, spacing=0.051302954409852296, CF order=2
  error tolerance: rtol=0.001, atol=1e-05
Failed: Pure curvefit failed for the first window!
Testing N_win=1895 N_cf=10
Windowing:
  config: # windows=1895, spacing=0.04846031049796074, CF order=10
  error tolerance: rtol=0.001, atol=1e-05
Testing N_win=1895 N_cf=9
Windowing:
  config: # windows=1895, spacing=0.04846031049796074, CF order=9
  error tolerance: rtol=0.001, atol=1e-05
Testing N_win=1895 N_cf=8
Windowing:
  config: # windows=1895, spacing=0.04846031049796074, CF order=8
  error tolerance: rtol=0.001, atol=1e-05
Testing N_win=1895 N_cf=7
Windowing:
  config: # windows=1895, spacing=0.04846031049796074, CF order=7
  error tolerance: rtol=0.001, atol=1e-05
Testing N_win=1895 N_cf=6
Windowing:
  config: # windows=1895, spacing=0.04846031049796074, CF order=6
  error tolerance: rtol=0.001, atol=1e-05
Testing N_win=1895 N_cf=5
Windowing:
  config: # windows=1895, spacing=0.04846031049796074, CF order=5
  error tolerance: rtol=0.001, atol=1e-05
Testing N_win=1895 N_cf=4
Windowing:
  config: # windows=1895, spacing=0.04846031049796074, CF order=4
  error tolerance: rtol=0.001, atol=1e-05
Testing N_win=1895 N_cf=3
Windowing:
  config: # windows=1895, spacing=0.04846031049796074, CF order=3
  error tolerance: rtol=0.001, atol=1e-05
Testing N_win=1895 N_cf=2
Windowing:
  config: # windows=1895, spacing=0.04846031049796074, CF order=2
  error tolerance: rtol=0.001, atol=1e-05
Failed: Pure curvefit failed for the first window!
Testing N_win=2000 N_cf=10
Windowing:
  config: # windows=2000, spacing=0.045916144196817804, CF order=10
  error tolerance: rtol=0.001, atol=1e-05
Testing N_win=2000 N_cf=9
Windowing:
  config: # windows=2000, spacing=0.045916144196817804, CF order=9
  error tolerance: rtol=0.001, atol=1e-05
Testing N_win=2000 N_cf=8
Windowing:
  config: # windows=2000, spacing=0.045916144196817804, CF order=8
  error tolerance: rtol=0.001, atol=1e-05
Testing N_win=2000 N_cf=7
Windowing:
  config: # windows=2000, spacing=0.045916144196817804, CF order=7
  error tolerance: rtol=0.001, atol=1e-05
Testing N_win=2000 N_cf=6
Windowing:
  config: # windows=2000, spacing=0.045916144196817804, CF order=6
  error tolerance: rtol=0.001, atol=1e-05
Testing N_win=2000 N_cf=5
Windowing:
  config: # windows=2000, spacing=0.045916144196817804, CF order=5
  error tolerance: rtol=0.001, atol=1e-05
Testing N_win=2000 N_cf=4
Windowing:
  config: # windows=2000, spacing=0.045916144196817804, CF order=4
  error tolerance: rtol=0.001, atol=1e-05
Testing N_win=2000 N_cf=3
Windowing:
  config: # windows=2000, spacing=0.045916144196817804, CF order=3
  error tolerance: rtol=0.001, atol=1e-05
Testing N_win=2000 N_cf=2
Windowing:
  config: # windows=2000, spacing=0.045916144196817804, CF order=2
  error tolerance: rtol=0.001, atol=1e-05
Failed: Pure curvefit failed for the first window!
Final library: 9 poles, 215 windows, 0.074 poles per window, 4 CF order
