Running NJOY to get 0K point-wise data (error=0.0005)...
Parsing cross sections within resolved resonance range...
  MTs: [2, 27, 102]
  Energy range: 1.000e-05 to 3.000e+05 eV (83204 points)
Vector fitting piece 1/41...
  energy: 1.000e-05 to 1.884e+02 eV (1228 points)
  error tolerance: rtol=0.001, atol=1e-05
Found 1 peaks
Fitting orders from 2 to 200
Order=2(0/100)
Order=4(1/100)
Order=6(2/100)
Order=8(3/100)
Order=10(4/100)
Order=12(5/100)
Order=14(6/100)
Order=16(7/100)
Order=18(8/100)
Order=20(9/100)
Order=22(10/100)
Order=24(11/100)
Order=26(12/100)
Order=28(13/100)
Order=30(14/100)
Order=32(15/100)
Order=34(16/100)
Order=36(17/100)
Order=38(18/100)
Order=40(19/100)
Order=42(20/100)
Order=44(21/100)
Order=46(22/100)
Order=48(23/100)
Order=50(24/100)
Order=52(25/100)
Order=54(26/100)
Order=56(27/100)
Order=58(28/100)
Order=60(29/100)
Found 2 real poles and 3 conjugate complex pairs.
Final number of poles: 5
Saved figure: WMP_Lib/Sn122/0-188_MT2.png
Saved figure: WMP_Lib/Sn122/0-188_MT27.png
Saved figure: WMP_Lib/Sn122/0-188_MT102.png
Vector fitting piece 2/41...
  energy: 4.156e+01 to 7.500e+02 eV (1178 points)
  error tolerance: rtol=0.001, atol=1e-05
Found 2 peaks
Fitting orders from 4 to 200
Order=4(0/99)
Order=6(1/99)
Order=8(2/99)
Order=10(3/99)
Order=12(4/99)
Order=14(5/99)
Order=16(6/99)
Order=18(7/99)
Order=20(8/99)
Order=22(9/99)
Order=24(10/99)
Order=26(11/99)
Order=28(12/99)
Order=30(13/99)
Order=32(14/99)
Order=34(15/99)
Order=36(16/99)
Order=38(17/99)
Order=40(18/99)
Order=42(19/99)
Order=44(20/99)
Order=46(21/99)
Order=48(22/99)
Order=50(23/99)
Order=52(24/99)
Order=54(25/99)
Order=56(26/99)
Order=58(27/99)
Order=60(28/99)
Found 2 real poles and 4 conjugate complex pairs.
Final number of poles: 6
Saved figure: WMP_Lib/Sn122/42-750_MT2.png
Saved figure: WMP_Lib/Sn122/42-750_MT27.png
Saved figure: WMP_Lib/Sn122/42-750_MT102.png
Vector fitting piece 3/41...
  energy: 3.873e+02 to 1.627e+03 eV (140 points)
  error tolerance: rtol=0.001, atol=1e-05
Found 0 peaks
Fitting orders from 2 to 200
Order=2(0/100)
Order=4(1/100)
Order=6(2/100)
Found ideal results. Stop!
Found 4 real poles and 1 conjugate complex pairs.
Final number of poles: 5
Saved figure: WMP_Lib/Sn122/387-1627_MT2.png
Saved figure: WMP_Lib/Sn122/387-1627_MT27.png
Saved figure: WMP_Lib/Sn122/387-1627_MT102.png
Vector fitting piece 4/41...
  energy: 1.094e+03 to 2.908e+03 eV (831 points)
  error tolerance: rtol=0.001, atol=1e-05
Found 1 peaks
Fitting orders from 2 to 200
Order=2(0/100)
Order=4(1/100)
Order=6(2/100)
Order=8(3/100)
Order=10(4/100)
Order=12(5/100)
Order=14(6/100)
Order=16(7/100)
Order=18(8/100)
Order=20(9/100)
Order=22(10/100)
Order=24(11/100)
Order=26(12/100)
Order=28(13/100)
Order=30(14/100)
Order=32(15/100)
Order=34(16/100)
Order=36(17/100)
Order=38(18/100)
Order=40(19/100)
Order=42(20/100)
Order=44(21/100)
Order=46(22/100)
Order=48(23/100)
Order=50(24/100)
Order=52(25/100)
Order=54(26/100)
Order=56(27/100)
Order=58(28/100)
Order=60(29/100)
Found 2 real poles and 2 conjugate complex pairs.
Final number of poles: 4
Saved figure: WMP_Lib/Sn122/1094-2908_MT2.png
Saved figure: WMP_Lib/Sn122/1094-2908_MT27.png
Saved figure: WMP_Lib/Sn122/1094-2908_MT102.png
Vector fitting piece 5/41...
  energy: 2.165e+03 to 4.514e+03 eV (1062 points)
  error tolerance: rtol=0.001, atol=1e-05
Found 2 peaks
Fitting orders from 4 to 200
Order=4(0/99)
Order=6(1/99)
Order=8(2/99)
Order=10(3/99)
Order=12(4/99)
Order=14(5/99)
Order=16(6/99)
Order=18(7/99)
Order=20(8/99)
Order=22(9/99)
Order=24(10/99)
Order=26(11/99)
Order=28(12/99)
Order=30(13/99)
Order=32(14/99)
Order=34(15/99)
Order=36(16/99)
Order=38(17/99)
Order=40(18/99)
Order=42(19/99)
Order=44(20/99)
Order=46(21/99)
Order=48(22/99)
Order=50(23/99)
Order=52(24/99)
Order=54(25/99)
Order=56(26/99)
Order=58(27/99)
Order=60(28/99)
Found 4 real poles and 6 conjugate complex pairs.
Final number of poles: 10
Saved figure: WMP_Lib/Sn122/2165-4514_MT2.png
Saved figure: WMP_Lib/Sn122/2165-4514_MT27.png
Saved figure: WMP_Lib/Sn122/2165-4514_MT102.png
Vector fitting piece 6/41...
  energy: 3.592e+03 to 6.467e+03 eV (1512 points)
  error tolerance: rtol=0.001, atol=1e-05
Found 3 peaks
Fitting orders from 6 to 200
Order=6(0/98)
Order=8(1/98)
Order=10(2/98)
Order=12(3/98)
Order=14(4/98)
Order=16(5/98)
Order=18(6/98)
Order=20(7/98)
Order=22(8/98)
Order=24(9/98)
Order=26(10/98)
Order=28(11/98)
Order=30(12/98)
Order=32(13/98)
Order=34(14/98)
Order=36(15/98)
Order=38(16/98)
Order=40(17/98)
Order=42(18/98)
Order=44(19/98)
Order=46(20/98)
Order=48(21/98)
Order=50(22/98)
Order=52(23/98)
Order=54(24/98)
Order=56(25/98)
Order=58(26/98)
Order=60(27/98)
Found 6 real poles and 6 conjugate complex pairs.
Final number of poles: 12
Saved figure: WMP_Lib/Sn122/3592-6467_MT2.png
Saved figure: WMP_Lib/Sn122/3592-6467_MT27.png
Saved figure: WMP_Lib/Sn122/3592-6467_MT102.png
Vector fitting piece 7/41...
  energy: 5.366e+03 to 8.825e+03 eV (1894 points)
  error tolerance: rtol=0.001, atol=1e-05
Found 4 peaks
Fitting orders from 8 to 200
Order=8(0/97)
Order=10(1/97)
Order=12(2/97)
Order=14(3/97)
Order=16(4/97)
Order=18(5/97)
Order=20(6/97)
Order=22(7/97)
Order=24(8/97)
Order=26(9/97)
Order=28(10/97)
Order=30(11/97)
Order=32(12/97)
Order=34(13/97)
Order=36(14/97)
Order=38(15/97)
Order=40(16/97)
Order=42(17/97)
Order=44(18/97)
Order=46(19/97)
Order=48(20/97)
Order=50(21/97)
Order=52(22/97)
Order=54(23/97)
Order=56(24/97)
Order=58(25/97)
Order=60(26/97)
Found 2 real poles and 5 conjugate complex pairs.
Final number of poles: 7
Saved figure: WMP_Lib/Sn122/5366-8825_MT2.png
Saved figure: WMP_Lib/Sn122/5366-8825_MT27.png
Saved figure: WMP_Lib/Sn122/5366-8825_MT102.png
Vector fitting piece 8/41...
  energy: 7.497e+03 to 1.151e+04 eV (949 points)
  error tolerance: rtol=0.001, atol=1e-05
Found 2 peaks
Fitting orders from 4 to 200
Order=4(0/99)
Order=6(1/99)
Order=8(2/99)
Order=10(3/99)
Order=12(4/99)
Order=14(5/99)
Order=16(6/99)
Order=18(7/99)
Order=20(8/99)
Order=22(9/99)
Order=24(10/99)
Order=26(11/99)
Order=28(12/99)
Order=30(13/99)
Order=32(14/99)
Order=34(15/99)
Order=36(16/99)
Order=38(17/99)
Order=40(18/99)
Order=42(19/99)
Order=44(20/99)
Order=46(21/99)
Order=48(22/99)
Order=50(23/99)
Order=52(24/99)
Order=54(25/99)
Order=56(26/99)
Order=58(27/99)
Order=60(28/99)
Found 0 real poles and 5 conjugate complex pairs.
Final number of poles: 5
Saved figure: WMP_Lib/Sn122/7497-11510_MT2.png
Saved figure: WMP_Lib/Sn122/7497-11510_MT27.png
Saved figure: WMP_Lib/Sn122/7497-11510_MT102.png
Vector fitting piece 9/41...
  energy: 1.000e+04 to 1.456e+04 eV (1352 points)
  error tolerance: rtol=0.001, atol=1e-05
Found 3 peaks
Fitting orders from 6 to 200
Order=6(0/98)
Order=8(1/98)
Order=10(2/98)
Order=12(3/98)
Order=14(4/98)
Order=16(5/98)
Order=18(6/98)
Order=20(7/98)
Order=22(8/98)
Order=24(9/98)
Order=26(10/98)
Order=28(11/98)
Order=30(12/98)
Order=32(13/98)
Order=34(14/98)
Order=36(15/98)
Order=38(16/98)
Order=40(17/98)
Order=42(18/98)
Order=44(19/98)
Order=46(20/98)
Order=48(21/98)
Order=50(22/98)
Order=52(23/98)
Order=54(24/98)
Order=56(25/98)
Order=58(26/98)
Order=60(27/98)
Found 2 real poles and 5 conjugate complex pairs.
Final number of poles: 7
Saved figure: WMP_Lib/Sn122/10000-14556_MT2.png
Saved figure: WMP_Lib/Sn122/10000-14556_MT27.png
Saved figure: WMP_Lib/Sn122/10000-14556_MT102.png
Vector fitting piece 10/41...
  energy: 1.284e+04 to 1.792e+04 eV (2492 points)
  error tolerance: rtol=0.001, atol=1e-05
Found 6 peaks
Fitting orders from 12 to 200
Order=12(0/95)
Order=14(1/95)
Order=16(2/95)
Order=18(3/95)
Order=20(4/95)
Order=22(5/95)
Order=24(6/95)
Order=26(7/95)
Order=28(8/95)
Order=30(9/95)
Order=32(10/95)
Order=34(11/95)
Order=36(12/95)
Order=38(13/95)
Order=40(14/95)
Order=42(15/95)
Order=44(16/95)
Order=46(17/95)
Order=48(18/95)
Order=50(19/95)
Order=52(20/95)
Order=54(21/95)
Order=56(22/95)
Order=58(23/95)
Order=60(24/95)
Found 2 real poles and 8 conjugate complex pairs.
Final number of poles: 10
Saved figure: WMP_Lib/Sn122/12837-17916_MT2.png
Saved figure: WMP_Lib/Sn122/12837-17916_MT27.png
Saved figure: WMP_Lib/Sn122/12837-17916_MT102.png
Vector fitting piece 11/41...
  energy: 1.606e+04 to 2.169e+04 eV (2336 points)
  error tolerance: rtol=0.001, atol=1e-05
Found 5 peaks
Fitting orders from 10 to 200
Order=10(0/96)
Order=12(1/96)
Order=14(2/96)
Order=16(3/96)
Order=18(4/96)
Order=20(5/96)
Order=22(6/96)
Order=24(7/96)
Order=26(8/96)
Order=28(9/96)
Order=30(10/96)
Order=32(11/96)
Order=34(12/96)
Order=36(13/96)
Order=38(14/96)
Order=40(15/96)
Order=42(16/96)
Order=44(17/96)
Order=46(18/96)
Order=48(19/96)
Order=50(20/96)
Order=52(21/96)
Order=54(22/96)
Order=56(23/96)
Order=58(24/96)
Order=60(25/96)
Found 0 real poles and 8 conjugate complex pairs.
Final number of poles: 8
Saved figure: WMP_Lib/Sn122/16057-21690_MT2.png
Saved figure: WMP_Lib/Sn122/16057-21690_MT27.png
Saved figure: WMP_Lib/Sn122/16057-21690_MT102.png
Vector fitting piece 12/41...
  energy: 1.962e+04 to 2.581e+04 eV (2076 points)
  error tolerance: rtol=0.001, atol=1e-05
Found 5 peaks
Fitting orders from 10 to 200
Order=10(0/96)
Order=12(1/96)
Order=14(2/96)
Order=16(3/96)
Order=18(4/96)
Order=20(5/96)
Order=22(6/96)
Order=24(7/96)
Order=26(8/96)
Order=28(9/96)
Order=30(10/96)
Order=32(11/96)
Order=34(12/96)
Order=36(13/96)
Order=38(14/96)
Order=40(15/96)
Order=42(16/96)
Order=44(17/96)
Order=46(18/96)
Order=48(19/96)
Order=50(20/96)
Order=52(21/96)
Order=54(22/96)
Order=56(23/96)
Order=58(24/96)
Order=60(25/96)
Found 6 real poles and 5 conjugate complex pairs.
Final number of poles: 11
Saved figure: WMP_Lib/Sn122/19619-25808_MT2.png
Saved figure: WMP_Lib/Sn122/19619-25808_MT27.png
Saved figure: WMP_Lib/Sn122/19619-25808_MT102.png
Vector fitting piece 13/41...
  energy: 2.351e+04 to 3.032e+04 eV (2584 points)
  error tolerance: rtol=0.001, atol=1e-05
Found 8 peaks
Fitting orders from 16 to 200
Order=16(0/93)
Order=18(1/93)
Order=20(2/93)
Order=22(3/93)
Order=24(4/93)
Order=26(5/93)
Order=28(6/93)
Order=30(7/93)
Order=32(8/93)
Order=34(9/93)
Order=36(10/93)
Order=38(11/93)
Order=40(12/93)
Order=42(13/93)
Order=44(14/93)
Order=46(15/93)
Order=48(16/93)
Order=50(17/93)
Order=52(18/93)
Order=54(19/93)
Order=56(20/93)
Order=58(21/93)
Order=60(22/93)
Found 2 real poles and 9 conjugate complex pairs.
Final number of poles: 11
Saved figure: WMP_Lib/Sn122/23515-30325_MT2.png
Saved figure: WMP_Lib/Sn122/23515-30325_MT27.png
Saved figure: WMP_Lib/Sn122/23515-30325_MT102.png
Vector fitting piece 14/41...
  energy: 2.781e+04 to 3.505e+04 eV (2877 points)
  error tolerance: rtol=0.001, atol=1e-05
Found 9 peaks
Fitting orders from 18 to 200
Order=18(0/92)
Order=20(1/92)
Order=22(2/92)
Order=24(3/92)
Order=26(4/92)
Order=28(5/92)
Order=30(6/92)
Order=32(7/92)
Order=34(8/92)
Order=36(9/92)
Order=38(10/92)
Order=40(11/92)
Order=42(12/92)
Order=44(13/92)
Order=46(14/92)
Order=48(15/92)
Order=50(16/92)
Order=52(17/92)
Order=54(18/92)
Order=56(19/92)
Order=58(20/92)
Order=60(21/92)
Found 4 real poles and 9 conjugate complex pairs.
Final number of poles: 13
Saved figure: WMP_Lib/Sn122/27809-35052_MT2.png
Saved figure: WMP_Lib/Sn122/27809-35052_MT27.png
Saved figure: WMP_Lib/Sn122/27809-35052_MT102.png
Vector fitting piece 15/41...
  energy: 3.246e+04 to 4.031e+04 eV (3338 points)
  error tolerance: rtol=0.001, atol=1e-05
Found 11 peaks
Fitting orders from 22 to 200
Order=22(0/90)
Order=24(1/90)
Order=26(2/90)
Order=28(3/90)
Order=30(4/90)
Order=32(5/90)
Order=34(6/90)
Order=36(7/90)
Order=38(8/90)
Order=40(9/90)
Order=42(10/90)
Order=44(11/90)
Order=46(12/90)
Order=48(13/90)
Order=50(14/90)
Order=52(15/90)
Order=54(16/90)
Order=56(17/90)
Order=58(18/90)
Order=60(19/90)
Found 2 real poles and 13 conjugate complex pairs.
Final number of poles: 15
Saved figure: WMP_Lib/Sn122/32457-40310_MT2.png
Saved figure: WMP_Lib/Sn122/32457-40310_MT27.png
Saved figure: WMP_Lib/Sn122/32457-40310_MT102.png
Vector fitting piece 16/41...
  energy: 3.745e+04 to 4.578e+04 eV (2599 points)
  error tolerance: rtol=0.001, atol=1e-05
Found 9 peaks
Fitting orders from 18 to 200
Order=18(0/92)
Order=20(1/92)
Order=22(2/92)
Order=24(3/92)
Order=26(4/92)
Order=28(5/92)
Order=30(6/92)
Order=32(7/92)
Order=34(8/92)
Order=36(9/92)
Order=38(10/92)
Order=40(11/92)
Order=42(12/92)
Order=44(13/92)
Order=46(14/92)
Order=48(15/92)
Order=50(16/92)
Order=52(17/92)
Order=54(18/92)
Order=56(19/92)
Order=58(20/92)
Order=60(21/92)
Order=62(22/92)
Order=64(23/92)
Order=66(24/92)
Order=68(25/92)
Order=70(26/92)
Found 4 real poles and 10 conjugate complex pairs.
Final number of poles: 14
Saved figure: WMP_Lib/Sn122/37449-45777_MT2.png
Saved figure: WMP_Lib/Sn122/37449-45777_MT27.png
Saved figure: WMP_Lib/Sn122/37449-45777_MT102.png
Vector fitting piece 17/41...
  energy: 4.279e+04 to 5.166e+04 eV (3536 points)
  error tolerance: rtol=0.001, atol=1e-05
Found 13 peaks
Fitting orders from 26 to 200
Order=26(0/88)
Order=28(1/88)
Order=30(2/88)
Order=32(3/88)
Order=34(4/88)
Order=36(5/88)
Order=38(6/88)
Order=40(7/88)
Order=42(8/88)
Order=44(9/88)
Order=46(10/88)
Order=48(11/88)
Order=50(12/88)
Order=52(13/88)
Order=54(14/88)
Order=56(15/88)
Order=58(16/88)
Order=60(17/88)
Order=62(18/88)
Order=64(19/88)
Order=66(20/88)
Order=68(21/88)
Order=70(22/88)
Found 2 real poles and 15 conjugate complex pairs.
Final number of poles: 17
Saved figure: WMP_Lib/Sn122/42789-51663_MT2.png
Saved figure: WMP_Lib/Sn122/42789-51663_MT27.png
Saved figure: WMP_Lib/Sn122/42789-51663_MT102.png
Vector fitting piece 18/41...
  energy: 4.849e+04 to 5.794e+04 eV (3711 points)
  error tolerance: rtol=0.001, atol=1e-05
Found 14 peaks
Fitting orders from 28 to 200
Order=28(0/87)
Order=30(1/87)
Order=32(2/87)
Order=34(3/87)
Order=36(4/87)
Order=38(5/87)
Order=40(6/87)
Order=42(7/87)
Order=44(8/87)
Order=46(9/87)
Order=48(10/87)
Order=50(11/87)
Order=52(12/87)
Order=54(13/87)
Order=56(14/87)
Order=58(15/87)
Order=60(16/87)
Order=62(17/87)
Order=64(18/87)
Order=66(19/87)
Order=68(20/87)
Order=70(21/87)
Found 4 real poles and 14 conjugate complex pairs.
Final number of poles: 18
Saved figure: WMP_Lib/Sn122/48488-57935_MT2.png
Saved figure: WMP_Lib/Sn122/48488-57935_MT27.png
Saved figure: WMP_Lib/Sn122/48488-57935_MT102.png
Vector fitting piece 19/41...
  energy: 5.455e+04 to 6.456e+04 eV (3272 points)
  error tolerance: rtol=0.001, atol=1e-05
Found 13 peaks
Fitting orders from 26 to 200
Order=26(0/88)
Order=28(1/88)
Order=30(2/88)
Order=32(3/88)
Order=34(4/88)
Order=36(5/88)
Order=38(6/88)
Order=40(7/88)
Order=42(8/88)
Order=44(9/88)
Order=46(10/88)
Order=48(11/88)
Order=50(12/88)
Order=52(13/88)
Order=54(14/88)
Order=56(15/88)
Order=58(16/88)
Order=60(17/88)
Found 4 real poles and 13 conjugate complex pairs.
Final number of poles: 17
Saved figure: WMP_Lib/Sn122/54551-64562_MT2.png
Saved figure: WMP_Lib/Sn122/54551-64562_MT27.png
Saved figure: WMP_Lib/Sn122/54551-64562_MT102.png
Vector fitting piece 20/41...
  energy: 6.098e+04 to 7.150e+04 eV (2982 points)
  error tolerance: rtol=0.001, atol=1e-05
Found 12 peaks
Fitting orders from 24 to 200
Order=24(0/89)
Order=26(1/89)
Order=28(2/89)
Order=30(3/89)
Order=32(4/89)
Order=34(5/89)
Order=36(6/89)
Order=38(7/89)
Order=40(8/89)
Order=42(9/89)
Order=44(10/89)
Order=46(11/89)
Order=48(12/89)
Order=50(13/89)
Order=52(14/89)
Order=54(15/89)
Order=56(16/89)
Order=58(17/89)
Order=60(18/89)
Found 2 real poles and 14 conjugate complex pairs.
Final number of poles: 16
Saved figure: WMP_Lib/Sn122/60977-71499_MT2.png
Saved figure: WMP_Lib/Sn122/60977-71499_MT27.png
Saved figure: WMP_Lib/Sn122/60977-71499_MT102.png
Vector fitting piece 21/41...
  energy: 6.773e+04 to 7.882e+04 eV (3074 points)
  error tolerance: rtol=0.001, atol=1e-05
Found 12 peaks
Fitting orders from 24 to 200
Order=24(0/89)
Order=26(1/89)
Order=28(2/89)
Order=30(3/89)
Order=32(4/89)
Order=34(5/89)
Order=36(6/89)
Order=38(7/89)
Order=40(8/89)
Order=42(9/89)
Order=44(10/89)
Order=46(11/89)
Order=48(12/89)
Order=50(13/89)
Order=52(14/89)
Order=54(15/89)
Order=56(16/89)
Order=58(17/89)
Order=60(18/89)
Order=62(19/89)
Order=64(20/89)
Order=66(21/89)
Order=68(22/89)
Order=70(23/89)
Found 2 real poles and 14 conjugate complex pairs.
Final number of poles: 16
Saved figure: WMP_Lib/Sn122/67733-78816_MT2.png
Saved figure: WMP_Lib/Sn122/67733-78816_MT27.png
Saved figure: WMP_Lib/Sn122/67733-78816_MT102.png
Vector fitting piece 22/41...
  energy: 7.489e+04 to 8.650e+04 eV (3610 points)
  error tolerance: rtol=0.001, atol=1e-05
Found 16 peaks
Fitting orders from 32 to 200
Order=32(0/85)
Order=34(1/85)
Order=36(2/85)
Order=38(3/85)
Order=40(4/85)
Order=42(5/85)
Order=44(6/85)
Order=46(7/85)
Order=48(8/85)
Order=50(9/85)
Order=52(10/85)
Order=54(11/85)
Order=56(12/85)
Order=58(13/85)
Order=60(14/85)
Order=62(15/85)
Order=64(16/85)
Order=66(17/85)
Order=68(18/85)
Order=70(19/85)
Found 2 real poles and 18 conjugate complex pairs.
Final number of poles: 20
Saved figure: WMP_Lib/Sn122/74886-86496_MT2.png
Saved figure: WMP_Lib/Sn122/74886-86496_MT27.png
Saved figure: WMP_Lib/Sn122/74886-86496_MT102.png
Vector fitting piece 23/41...
  energy: 8.239e+04 to 9.454e+04 eV (3032 points)
  error tolerance: rtol=0.001, atol=1e-05
Found 13 peaks
Fitting orders from 26 to 200
Order=26(0/88)
Order=28(1/88)
Order=30(2/88)
Order=32(3/88)
Order=34(4/88)
Order=36(5/88)
Order=38(6/88)
Order=40(7/88)
Order=42(8/88)
Order=44(9/88)
Order=46(10/88)
Order=48(11/88)
Order=50(12/88)
Order=52(13/88)
Order=54(14/88)
Order=56(15/88)
Order=58(16/88)
Order=60(17/88)
Order=62(18/88)
Order=64(19/88)
Order=66(20/88)
Order=68(21/88)
Order=70(22/88)
Found 4 real poles and 13 conjugate complex pairs.
Final number of poles: 17
Saved figure: WMP_Lib/Sn122/82388-94542_MT2.png
Saved figure: WMP_Lib/Sn122/82388-94542_MT27.png
Saved figure: WMP_Lib/Sn122/82388-94542_MT102.png
Vector fitting piece 24/41...
  energy: 9.024e+04 to 1.029e+05 eV (2291 points)
  error tolerance: rtol=0.001, atol=1e-05
Found 10 peaks
Fitting orders from 20 to 200
Order=20(0/91)
Order=22(1/91)
Order=24(2/91)
Order=26(3/91)
Order=28(4/91)
Order=30(5/91)
Order=32(6/91)
Order=34(7/91)
Order=36(8/91)
Order=38(9/91)
Order=40(10/91)
Order=42(11/91)
Order=44(12/91)
Order=46(13/91)
Order=48(14/91)
Order=50(15/91)
Order=52(16/91)
Order=54(17/91)
Order=56(18/91)
Order=58(19/91)
Order=60(20/91)
Order=62(21/91)
Order=64(22/91)
Order=66(23/91)
Order=68(24/91)
Order=70(25/91)
Found 6 real poles and 10 conjugate complex pairs.
Final number of poles: 16
Saved figure: WMP_Lib/Sn122/90236-102929_MT2.png
Saved figure: WMP_Lib/Sn122/90236-102929_MT27.png
Saved figure: WMP_Lib/Sn122/90236-102929_MT102.png
Vector fitting piece 25/41...
  energy: 9.843e+04 to 1.118e+05 eV (2569 points)
  error tolerance: rtol=0.001, atol=1e-05
Found 12 peaks
Fitting orders from 24 to 200
Order=24(0/89)
Order=26(1/89)
Order=28(2/89)
Order=30(3/89)
Order=32(4/89)
Order=34(5/89)
Order=36(6/89)
Order=38(7/89)
Order=40(8/89)
Order=42(9/89)
Order=44(10/89)
Order=46(11/89)
Order=48(12/89)
Order=50(13/89)
Order=52(14/89)
Order=54(15/89)
Order=56(16/89)
Order=58(17/89)
Order=60(18/89)
Order=62(19/89)
Order=64(20/89)
Order=66(21/89)
Order=68(22/89)
Order=70(23/89)
Found 2 real poles and 13 conjugate complex pairs.
Final number of poles: 15
Saved figure: WMP_Lib/Sn122/98431-111825_MT2.png
Saved figure: WMP_Lib/Sn122/98431-111825_MT27.png
Saved figure: WMP_Lib/Sn122/98431-111825_MT102.png
Vector fitting piece 26/41...
  energy: 1.070e+05 to 1.208e+05 eV (3457 points)
  error tolerance: rtol=0.001, atol=1e-05
Found 17 peaks
Fitting orders from 34 to 200
Order=34(0/84)
Order=36(1/84)
Order=38(2/84)
Order=40(3/84)
Order=42(4/84)
Order=44(5/84)
Order=46(6/84)
Order=48(7/84)
Order=50(8/84)
Order=52(9/84)
Order=54(10/84)
Order=56(11/84)
Order=58(12/84)
Order=60(13/84)
Order=62(14/84)
Order=64(15/84)
Order=66(16/84)
Order=68(17/84)
Order=70(18/84)
Found 6 real poles and 17 conjugate complex pairs.
Final number of poles: 23
Saved figure: WMP_Lib/Sn122/107003-120833_MT2.png
Saved figure: WMP_Lib/Sn122/107003-120833_MT27.png
Saved figure: WMP_Lib/Sn122/107003-120833_MT102.png
Vector fitting piece 27/41...
  energy: 1.159e+05 to 1.303e+05 eV (3505 points)
  error tolerance: rtol=0.001, atol=1e-05
Found 17 peaks
Fitting orders from 34 to 200
Order=34(0/84)
Order=36(1/84)
Order=38(2/84)
Order=40(3/84)
Order=42(4/84)
Order=44(5/84)
Order=46(6/84)
Order=48(7/84)
Order=50(8/84)
Order=52(9/84)
Order=54(10/84)
Order=56(11/84)
Order=58(12/84)
Order=60(13/84)
Order=62(14/84)
Order=64(15/84)
Order=66(16/84)
Order=68(17/84)
Order=70(18/84)
Found 2 real poles and 18 conjugate complex pairs.
Final number of poles: 20
Saved figure: WMP_Lib/Sn122/115916-130259_MT2.png
Saved figure: WMP_Lib/Sn122/115916-130259_MT27.png
Saved figure: WMP_Lib/Sn122/115916-130259_MT102.png
Vector fitting piece 28/41...
  energy: 1.252e+05 to 1.401e+05 eV (2940 points)
  error tolerance: rtol=0.001, atol=1e-05
Found 14 peaks
Fitting orders from 28 to 200
Order=28(0/87)
Order=30(1/87)
Order=32(2/87)
Order=34(3/87)
Order=36(4/87)
Order=38(5/87)
Order=40(6/87)
Order=42(7/87)
Order=44(8/87)
Order=46(9/87)
Order=48(10/87)
Order=50(11/87)
Order=52(12/87)
Order=54(13/87)
Order=56(14/87)
Order=58(15/87)
Order=60(16/87)
Order=62(17/87)
Order=64(18/87)
Order=66(19/87)
Order=68(20/87)
Order=70(21/87)
Found 6 real poles and 14 conjugate complex pairs.
Final number of poles: 20
Saved figure: WMP_Lib/Sn122/125179-140066_MT2.png
Saved figure: WMP_Lib/Sn122/125179-140066_MT27.png
Saved figure: WMP_Lib/Sn122/125179-140066_MT102.png
Vector fitting piece 29/41...
  energy: 1.348e+05 to 1.502e+05 eV (3151 points)
  error tolerance: rtol=0.001, atol=1e-05
Found 16 peaks
Fitting orders from 32 to 200
Order=32(0/85)
Order=34(1/85)
Order=36(2/85)
Order=38(3/85)
Order=40(4/85)
Order=42(5/85)
Order=44(6/85)
Order=46(7/85)
Order=48(8/85)
Order=50(9/85)
Order=52(10/85)
Order=54(11/85)
Order=56(12/85)
Order=58(13/85)
Order=60(14/85)
Order=62(15/85)
Order=64(16/85)
Order=66(17/85)
Order=68(18/85)
Order=70(19/85)
Found 4 real poles and 17 conjugate complex pairs.
Final number of poles: 21
Saved figure: WMP_Lib/Sn122/134829-150239_MT2.png
Saved figure: WMP_Lib/Sn122/134829-150239_MT27.png
Saved figure: WMP_Lib/Sn122/134829-150239_MT102.png
Vector fitting piece 30/41...
  energy: 1.448e+05 to 1.608e+05 eV (3618 points)
  error tolerance: rtol=0.001, atol=1e-05
Found 19 peaks
Fitting orders from 38 to 200
Order=38(0/82)
Order=40(1/82)
Order=42(2/82)
Order=44(3/82)
Order=46(4/82)
Order=48(5/82)
Order=50(6/82)
Order=52(7/82)
Order=54(8/82)
Order=56(9/82)
Order=58(10/82)
Order=60(11/82)
Order=62(12/82)
Order=64(13/82)
Order=66(14/82)
Order=68(15/82)
Order=70(16/82)
Found 6 real poles and 19 conjugate complex pairs.
Final number of poles: 25
Saved figure: WMP_Lib/Sn122/144796-160768_MT2.png
Saved figure: WMP_Lib/Sn122/144796-160768_MT27.png
Saved figure: WMP_Lib/Sn122/144796-160768_MT102.png
Vector fitting piece 31/41...
  energy: 1.552e+05 to 1.717e+05 eV (4980 points)
  error tolerance: rtol=0.001, atol=1e-05
Found 28 peaks
Fitting orders from 56 to 200
Order=56(0/73)
Order=58(1/73)
Order=60(2/73)
Order=62(3/73)
Order=64(4/73)
Order=66(5/73)
Order=68(6/73)
Order=70(7/73)
Order=72(8/73)
Order=74(9/73)
Order=76(10/73)
Order=78(11/73)
Order=80(12/73)
Order=82(13/73)
Found 4 real poles and 29 conjugate complex pairs.
Final number of poles: 33
Saved figure: WMP_Lib/Sn122/155164-171666_MT2.png
Saved figure: WMP_Lib/Sn122/155164-171666_MT27.png
Saved figure: WMP_Lib/Sn122/155164-171666_MT102.png
Vector fitting piece 32/41...
  energy: 1.659e+05 to 1.830e+05 eV (4891 points)
  error tolerance: rtol=0.001, atol=1e-05
Found 26 peaks
Fitting orders from 52 to 200
Order=52(0/75)
Order=54(1/75)
Order=56(2/75)
Order=58(3/75)
Order=60(4/75)
Order=62(5/75)
Order=64(6/75)
Order=66(7/75)
Order=68(8/75)
Order=70(9/75)
Order=72(10/75)
Order=74(11/75)
Order=76(12/75)
Found 2 real poles and 27 conjugate complex pairs.
Final number of poles: 29
Saved figure: WMP_Lib/Sn122/165863-182977_MT2.png
Saved figure: WMP_Lib/Sn122/165863-182977_MT27.png
Saved figure: WMP_Lib/Sn122/165863-182977_MT102.png
Vector fitting piece 33/41...
  energy: 1.769e+05 to 1.946e+05 eV (4669 points)
  error tolerance: rtol=0.001, atol=1e-05
Found 24 peaks
Fitting orders from 48 to 200
Order=48(0/77)
Order=50(1/77)
Order=52(2/77)
Order=54(3/77)
Order=56(4/77)
Order=58(5/77)
Order=60(6/77)
Order=62(7/77)
Order=64(8/77)
Order=66(9/77)
Order=68(10/77)
Order=70(11/77)
Order=72(12/77)
Found 4 real poles and 24 conjugate complex pairs.
Final number of poles: 28
Saved figure: WMP_Lib/Sn122/176917-194619_MT2.png
Saved figure: WMP_Lib/Sn122/176917-194619_MT27.png
Saved figure: WMP_Lib/Sn122/176917-194619_MT102.png
Vector fitting piece 34/41...
  energy: 1.883e+05 to 2.065e+05 eV (4035 points)
  error tolerance: rtol=0.001, atol=1e-05
Found 20 peaks
Fitting orders from 40 to 200
Order=40(0/81)
Order=42(1/81)
Order=44(2/81)
Order=46(3/81)
Order=48(4/81)
Order=50(5/81)
Order=52(6/81)
Order=54(7/81)
Order=56(8/81)
Order=58(9/81)
Order=60(10/81)
Order=62(11/81)
Order=64(12/81)
Order=66(13/81)
Order=68(14/81)
Order=70(15/81)
Found 4 real poles and 20 conjugate complex pairs.
Final number of poles: 24
Saved figure: WMP_Lib/Sn122/188332-206543_MT2.png
Saved figure: WMP_Lib/Sn122/188332-206543_MT27.png
Saved figure: WMP_Lib/Sn122/188332-206543_MT102.png
Vector fitting piece 35/41...
  energy: 2.001e+05 to 2.188e+05 eV (4672 points)
  error tolerance: rtol=0.001, atol=1e-05
Found 23 peaks
Fitting orders from 46 to 200
Order=46(0/78)
Order=48(1/78)
Order=50(2/78)
Order=52(3/78)
Order=54(4/78)
Order=56(5/78)
Order=58(6/78)
Order=60(7/78)
Order=62(8/78)
Order=64(9/78)
Order=66(10/78)
Order=68(11/78)
Order=70(12/78)
Order=72(13/78)
Found 3 real poles and 25 conjugate complex pairs.
Final number of poles: 28
Saved figure: WMP_Lib/Sn122/200104-218794_MT2.png
Saved figure: WMP_Lib/Sn122/200104-218794_MT27.png
Saved figure: WMP_Lib/Sn122/200104-218794_MT102.png
Vector fitting piece 36/41...
  energy: 2.122e+05 to 2.315e+05 eV (4419 points)
  error tolerance: rtol=0.001, atol=1e-05
Found 23 peaks
Fitting orders from 46 to 200
Order=46(0/78)
Order=48(1/78)
Order=50(2/78)
Order=52(3/78)
Order=54(4/78)
Order=56(5/78)
Order=58(6/78)
Order=60(7/78)
Order=62(8/78)
Order=64(9/78)
Order=66(10/78)
Order=68(11/78)
Order=70(12/78)
Found 4 real poles and 23 conjugate complex pairs.
Final number of poles: 27
Saved figure: WMP_Lib/Sn122/212247-231470_MT2.png
Saved figure: WMP_Lib/Sn122/212247-231470_MT27.png
Saved figure: WMP_Lib/Sn122/212247-231470_MT102.png
Vector fitting piece 37/41...
  energy: 2.247e+05 to 2.445e+05 eV (4234 points)
  error tolerance: rtol=0.001, atol=1e-05
Found 22 peaks
Fitting orders from 44 to 200
Order=44(0/79)
Order=46(1/79)
Order=48(2/79)
Order=50(3/79)
Order=52(4/79)
Order=54(5/79)
Order=56(6/79)
Order=58(7/79)
Order=60(8/79)
Order=62(9/79)
Order=64(10/79)
Order=66(11/79)
Order=68(12/79)
Order=70(13/79)
Found 2 real poles and 23 conjugate complex pairs.
Final number of poles: 25
Saved figure: WMP_Lib/Sn122/224724-244534_MT2.png
Saved figure: WMP_Lib/Sn122/224724-244534_MT27.png
Saved figure: WMP_Lib/Sn122/224724-244534_MT102.png
Vector fitting piece 38/41...
  energy: 2.376e+05 to 2.579e+05 eV (4367 points)
  error tolerance: rtol=0.001, atol=1e-05
Found 22 peaks
Fitting orders from 44 to 200
Order=44(0/79)
Order=46(1/79)
Order=48(2/79)
Order=50(3/79)
Order=52(4/79)
Order=54(5/79)
Order=56(6/79)
Order=58(7/79)
Order=60(8/79)
Order=62(9/79)
Order=64(10/79)
Order=66(11/79)
Order=68(12/79)
Order=70(13/79)
Found 2 real poles and 24 conjugate complex pairs.
Final number of poles: 26
Saved figure: WMP_Lib/Sn122/237579-257894_MT2.png
Saved figure: WMP_Lib/Sn122/237579-257894_MT27.png
Saved figure: WMP_Lib/Sn122/237579-257894_MT102.png
Vector fitting piece 39/41...
  energy: 2.508e+05 to 2.717e+05 eV (4290 points)
  error tolerance: rtol=0.001, atol=1e-05
Found 21 peaks
Fitting orders from 42 to 200
Order=42(0/80)
Order=44(1/80)
Order=46(2/80)
Order=48(3/80)
Order=50(4/80)
Order=52(5/80)
Order=54(6/80)
Order=56(7/80)
Order=58(8/80)
Order=60(9/80)
Order=62(10/80)
Order=64(11/80)
Order=66(12/80)
Order=68(13/80)
Order=70(14/80)
Found 4 real poles and 21 conjugate complex pairs.
Final number of poles: 25
Saved figure: WMP_Lib/Sn122/250769-271669_MT2.png
Saved figure: WMP_Lib/Sn122/250769-271669_MT27.png
Saved figure: WMP_Lib/Sn122/250769-271669_MT102.png
Vector fitting piece 40/41...
  energy: 2.643e+05 to 2.858e+05 eV (3857 points)
  error tolerance: rtol=0.001, atol=1e-05
Found 19 peaks
Fitting orders from 38 to 200
Order=38(0/82)
Order=40(1/82)
Order=42(2/82)
Order=44(3/82)
Order=46(4/82)
Order=48(5/82)
Order=50(6/82)
Order=52(7/82)
Order=54(8/82)
Order=56(9/82)
Order=58(10/82)
Order=60(11/82)
Order=62(12/82)
Order=64(13/82)
Order=66(14/82)
Order=68(15/82)
Order=70(16/82)
Found 4 real poles and 20 conjugate complex pairs.
Final number of poles: 24
Saved figure: WMP_Lib/Sn122/264334-285770_MT2.png
Saved figure: WMP_Lib/Sn122/264334-285770_MT27.png
Saved figure: WMP_Lib/Sn122/264334-285770_MT102.png
Vector fitting piece 41/41...
  energy: 2.782e+05 to 3.000e+05 eV (4207 points)
  error tolerance: rtol=0.001, atol=1e-05
Found 21 peaks
Fitting orders from 42 to 200
Order=42(0/80)
Order=44(1/80)
Order=46(2/80)
Order=48(3/80)
Order=50(4/80)
Order=52(5/80)
Order=54(6/80)
Order=56(7/80)
Order=58(8/80)
Order=60(9/80)
Order=62(10/80)
Order=64(11/80)
Order=66(12/80)
Order=68(13/80)
Order=70(14/80)
Found 2 real poles and 21 conjugate complex pairs.
Final number of poles: 23
Saved figure: WMP_Lib/Sn122/278219-300000_MT2.png
Saved figure: WMP_Lib/Sn122/278219-300000_MT27.png
Saved figure: WMP_Lib/Sn122/278219-300000_MT102.png
Dumped multipole data to file: WMP_Lib/Sn122/Sn122_mp.pickle
Start searching ...
Testing N_win=34 N_cf=10
Failed: Window spacing cannot be larger than piece spacing.
Testing N_win=137 N_cf=10
Windowing:
  config: # windows=137, spacing=3.9979511236525935, CF order=10
  error tolerance: rtol=0.001, atol=1e-05
Best library so far.
Testing N_win=137 N_cf=9
Windowing:
  config: # windows=137, spacing=3.9979511236525935, CF order=9
  error tolerance: rtol=0.001, atol=1e-05
Best library so far.
Testing N_win=137 N_cf=8
Windowing:
  config: # windows=137, spacing=3.9979511236525935, CF order=8
  error tolerance: rtol=0.001, atol=1e-05
Best library so far.
Testing N_win=137 N_cf=7
Windowing:
  config: # windows=137, spacing=3.9979511236525935, CF order=7
  error tolerance: rtol=0.001, atol=1e-05
Best library so far.
Testing N_win=137 N_cf=6
Windowing:
  config: # windows=137, spacing=3.9979511236525935, CF order=6
  error tolerance: rtol=0.001, atol=1e-05
Best library so far.
Testing N_win=137 N_cf=5
Windowing:
  config: # windows=137, spacing=3.9979511236525935, CF order=5
  error tolerance: rtol=0.001, atol=1e-05
Best library so far.
Testing N_win=137 N_cf=4
Windowing:
  config: # windows=137, spacing=3.9979511236525935, CF order=4
  error tolerance: rtol=0.001, atol=1e-05
Best library so far.
Testing N_win=137 N_cf=3
Windowing:
  config: # windows=137, spacing=3.9979511236525935, CF order=3
  error tolerance: rtol=0.001, atol=1e-05
Failed: Pure curvefit failed for the first window!
Testing N_win=240 N_cf=10
Windowing:
  config: # windows=240, spacing=2.2821637664183556, CF order=10
  error tolerance: rtol=0.001, atol=1e-05
Best library so far.
Testing N_win=240 N_cf=9
Windowing:
  config: # windows=240, spacing=2.2821637664183556, CF order=9
  error tolerance: rtol=0.001, atol=1e-05
Best library so far.
Testing N_win=240 N_cf=8
Windowing:
  config: # windows=240, spacing=2.2821637664183556, CF order=8
  error tolerance: rtol=0.001, atol=1e-05
Best library so far.
Testing N_win=240 N_cf=7
Windowing:
  config: # windows=240, spacing=2.2821637664183556, CF order=7
  error tolerance: rtol=0.001, atol=1e-05
Best library so far.
Testing N_win=240 N_cf=6
Windowing:
  config: # windows=240, spacing=2.2821637664183556, CF order=6
  error tolerance: rtol=0.001, atol=1e-05
Best library so far.
Testing N_win=240 N_cf=5
Windowing:
  config: # windows=240, spacing=2.2821637664183556, CF order=5
  error tolerance: rtol=0.001, atol=1e-05
Best library so far.
Testing N_win=240 N_cf=4
Windowing:
  config: # windows=240, spacing=2.2821637664183556, CF order=4
  error tolerance: rtol=0.001, atol=1e-05
Best library so far.
Testing N_win=240 N_cf=3
Windowing:
  config: # windows=240, spacing=2.2821637664183556, CF order=3
  error tolerance: rtol=0.001, atol=1e-05
Failed: Pure curvefit failed for the first window!
Testing N_win=344 N_cf=10
Windowing:
  config: # windows=344, spacing=1.5922072788965271, CF order=10
  error tolerance: rtol=0.001, atol=1e-05
Testing N_win=344 N_cf=9
Windowing:
  config: # windows=344, spacing=1.5922072788965271, CF order=9
  error tolerance: rtol=0.001, atol=1e-05
Best library so far.
Testing N_win=344 N_cf=8
Windowing:
  config: # windows=344, spacing=1.5922072788965271, CF order=8
  error tolerance: rtol=0.001, atol=1e-05
Best library so far.
Testing N_win=344 N_cf=7
Windowing:
  config: # windows=344, spacing=1.5922072788965271, CF order=7
  error tolerance: rtol=0.001, atol=1e-05
Best library so far.
Testing N_win=344 N_cf=6
Windowing:
  config: # windows=344, spacing=1.5922072788965271, CF order=6
  error tolerance: rtol=0.001, atol=1e-05
Best library so far.
Testing N_win=344 N_cf=5
Windowing:
  config: # windows=344, spacing=1.5922072788965271, CF order=5
  error tolerance: rtol=0.001, atol=1e-05
Best library so far.
Testing N_win=344 N_cf=4
Windowing:
  config: # windows=344, spacing=1.5922072788965271, CF order=4
  error tolerance: rtol=0.001, atol=1e-05
Best library so far.
Testing N_win=344 N_cf=3
Windowing:
  config: # windows=344, spacing=1.5922072788965271, CF order=3
  error tolerance: rtol=0.001, atol=1e-05
Best library so far.
Testing N_win=344 N_cf=2
Windowing:
  config: # windows=344, spacing=1.5922072788965271, CF order=2
  error tolerance: rtol=0.001, atol=1e-05
Failed: Pure curvefit failed for the first window!
Testing N_win=447 N_cf=10
Windowing:
  config: # windows=447, spacing=1.2253228276071708, CF order=10
  error tolerance: rtol=0.001, atol=1e-05
Testing N_win=447 N_cf=9
Windowing:
  config: # windows=447, spacing=1.2253228276071708, CF order=9
  error tolerance: rtol=0.001, atol=1e-05
Testing N_win=447 N_cf=8
Windowing:
  config: # windows=447, spacing=1.2253228276071708, CF order=8
  error tolerance: rtol=0.001, atol=1e-05
Testing N_win=447 N_cf=7
Windowing:
  config: # windows=447, spacing=1.2253228276071708, CF order=7
  error tolerance: rtol=0.001, atol=1e-05
Testing N_win=447 N_cf=6
Windowing:
  config: # windows=447, spacing=1.2253228276071708, CF order=6
  error tolerance: rtol=0.001, atol=1e-05
Testing N_win=447 N_cf=5
Windowing:
  config: # windows=447, spacing=1.2253228276071708, CF order=5
  error tolerance: rtol=0.001, atol=1e-05
Best library so far.
Testing N_win=447 N_cf=4
Windowing:
  config: # windows=447, spacing=1.2253228276071708, CF order=4
  error tolerance: rtol=0.001, atol=1e-05
Best library so far.
Testing N_win=447 N_cf=3
Windowing:
  config: # windows=447, spacing=1.2253228276071708, CF order=3
  error tolerance: rtol=0.001, atol=1e-05
Best library so far.
Testing N_win=447 N_cf=2
Windowing:
  config: # windows=447, spacing=1.2253228276071708, CF order=2
  error tolerance: rtol=0.001, atol=1e-05
Failed: Pure curvefit failed for the first window!
Testing N_win=551 N_cf=10
Windowing:
  config: # windows=551, spacing=0.9940459236667973, CF order=10
  error tolerance: rtol=0.001, atol=1e-05
Testing N_win=551 N_cf=9
Windowing:
  config: # windows=551, spacing=0.9940459236667973, CF order=9
  error tolerance: rtol=0.001, atol=1e-05
Testing N_win=551 N_cf=8
Windowing:
  config: # windows=551, spacing=0.9940459236667973, CF order=8
  error tolerance: rtol=0.001, atol=1e-05
Testing N_win=551 N_cf=7
Windowing:
  config: # windows=551, spacing=0.9940459236667973, CF order=7
  error tolerance: rtol=0.001, atol=1e-05
Testing N_win=551 N_cf=6
Windowing:
  config: # windows=551, spacing=0.9940459236667973, CF order=6
  error tolerance: rtol=0.001, atol=1e-05
Testing N_win=551 N_cf=5
Windowing:
  config: # windows=551, spacing=0.9940459236667973, CF order=5
  error tolerance: rtol=0.001, atol=1e-05
Testing N_win=551 N_cf=4
Windowing:
  config: # windows=551, spacing=0.9940459236667973, CF order=4
  error tolerance: rtol=0.001, atol=1e-05
Best library so far.
Testing N_win=551 N_cf=3
Windowing:
  config: # windows=551, spacing=0.9940459236667973, CF order=3
  error tolerance: rtol=0.001, atol=1e-05
Best library so far.
Testing N_win=551 N_cf=2
Windowing:
  config: # windows=551, spacing=0.9940459236667973, CF order=2
  error tolerance: rtol=0.001, atol=1e-05
Failed: Pure curvefit failed for the first window!
Testing N_win=654 N_cf=10
Windowing:
  config: # windows=654, spacing=0.8374912904287544, CF order=10
  error tolerance: rtol=0.001, atol=1e-05
Testing N_win=654 N_cf=9
Windowing:
  config: # windows=654, spacing=0.8374912904287544, CF order=9
  error tolerance: rtol=0.001, atol=1e-05
Testing N_win=654 N_cf=8
Windowing:
  config: # windows=654, spacing=0.8374912904287544, CF order=8
  error tolerance: rtol=0.001, atol=1e-05
Testing N_win=654 N_cf=7
Windowing:
  config: # windows=654, spacing=0.8374912904287544, CF order=7
  error tolerance: rtol=0.001, atol=1e-05
Testing N_win=654 N_cf=6
Windowing:
  config: # windows=654, spacing=0.8374912904287544, CF order=6
  error tolerance: rtol=0.001, atol=1e-05
Testing N_win=654 N_cf=5
Windowing:
  config: # windows=654, spacing=0.8374912904287544, CF order=5
  error tolerance: rtol=0.001, atol=1e-05
Testing N_win=654 N_cf=4
Windowing:
  config: # windows=654, spacing=0.8374912904287544, CF order=4
  error tolerance: rtol=0.001, atol=1e-05
Testing N_win=654 N_cf=3
Windowing:
  config: # windows=654, spacing=0.8374912904287544, CF order=3
  error tolerance: rtol=0.001, atol=1e-05
Best library so far.
Testing N_win=654 N_cf=2
Windowing:
  config: # windows=654, spacing=0.8374912904287544, CF order=2
  error tolerance: rtol=0.001, atol=1e-05
Failed: Pure curvefit failed for the first window!
Testing N_win=758 N_cf=10
Windowing:
  config: # windows=758, spacing=0.7225848336944661, CF order=10
  error tolerance: rtol=0.001, atol=1e-05
Testing N_win=758 N_cf=9
Windowing:
  config: # windows=758, spacing=0.7225848336944661, CF order=9
  error tolerance: rtol=0.001, atol=1e-05
Testing N_win=758 N_cf=8
Windowing:
  config: # windows=758, spacing=0.7225848336944661, CF order=8
  error tolerance: rtol=0.001, atol=1e-05
Testing N_win=758 N_cf=7
Windowing:
  config: # windows=758, spacing=0.7225848336944661, CF order=7
  error tolerance: rtol=0.001, atol=1e-05
Testing N_win=758 N_cf=6
Windowing:
  config: # windows=758, spacing=0.7225848336944661, CF order=6
  error tolerance: rtol=0.001, atol=1e-05
Testing N_win=758 N_cf=5
Windowing:
  config: # windows=758, spacing=0.7225848336944661, CF order=5
  error tolerance: rtol=0.001, atol=1e-05
Testing N_win=758 N_cf=4
Windowing:
  config: # windows=758, spacing=0.7225848336944661, CF order=4
  error tolerance: rtol=0.001, atol=1e-05
Testing N_win=758 N_cf=3
Windowing:
  config: # windows=758, spacing=0.7225848336944661, CF order=3
  error tolerance: rtol=0.001, atol=1e-05
Best library so far.
Testing N_win=758 N_cf=2
Windowing:
  config: # windows=758, spacing=0.7225848336944661, CF order=2
  error tolerance: rtol=0.001, atol=1e-05
Failed: Pure curvefit failed for the first window!
Testing N_win=861 N_cf=10
Windowing:
  config: # windows=861, spacing=0.636143210151458, CF order=10
  error tolerance: rtol=0.001, atol=1e-05
Testing N_win=861 N_cf=9
Windowing:
  config: # windows=861, spacing=0.636143210151458, CF order=9
  error tolerance: rtol=0.001, atol=1e-05
Testing N_win=861 N_cf=8
Windowing:
  config: # windows=861, spacing=0.636143210151458, CF order=8
  error tolerance: rtol=0.001, atol=1e-05
Testing N_win=861 N_cf=7
Windowing:
  config: # windows=861, spacing=0.636143210151458, CF order=7
  error tolerance: rtol=0.001, atol=1e-05
Testing N_win=861 N_cf=6
Windowing:
  config: # windows=861, spacing=0.636143210151458, CF order=6
  error tolerance: rtol=0.001, atol=1e-05
Testing N_win=861 N_cf=5
Windowing:
  config: # windows=861, spacing=0.636143210151458, CF order=5
  error tolerance: rtol=0.001, atol=1e-05
Testing N_win=861 N_cf=4
Windowing:
  config: # windows=861, spacing=0.636143210151458, CF order=4
  error tolerance: rtol=0.001, atol=1e-05
Testing N_win=861 N_cf=3
Windowing:
  config: # windows=861, spacing=0.636143210151458, CF order=3
  error tolerance: rtol=0.001, atol=1e-05
Testing N_win=861 N_cf=2
Windowing:
  config: # windows=861, spacing=0.636143210151458, CF order=2
  error tolerance: rtol=0.001, atol=1e-05
Failed: Pure curvefit failed for the first window!
Testing N_win=965 N_cf=10
Windowing:
  config: # windows=965, spacing=0.5675847709226998, CF order=10
  error tolerance: rtol=0.001, atol=1e-05
Testing N_win=965 N_cf=9
Windowing:
  config: # windows=965, spacing=0.5675847709226998, CF order=9
  error tolerance: rtol=0.001, atol=1e-05
Testing N_win=965 N_cf=8
Windowing:
  config: # windows=965, spacing=0.5675847709226998, CF order=8
  error tolerance: rtol=0.001, atol=1e-05
Testing N_win=965 N_cf=7
Windowing:
  config: # windows=965, spacing=0.5675847709226998, CF order=7
  error tolerance: rtol=0.001, atol=1e-05
Testing N_win=965 N_cf=6
Windowing:
  config: # windows=965, spacing=0.5675847709226998, CF order=6
  error tolerance: rtol=0.001, atol=1e-05
Testing N_win=965 N_cf=5
Windowing:
  config: # windows=965, spacing=0.5675847709226998, CF order=5
  error tolerance: rtol=0.001, atol=1e-05
Testing N_win=965 N_cf=4
Windowing:
  config: # windows=965, spacing=0.5675847709226998, CF order=4
  error tolerance: rtol=0.001, atol=1e-05
Testing N_win=965 N_cf=3
Windowing:
  config: # windows=965, spacing=0.5675847709226998, CF order=3
  error tolerance: rtol=0.001, atol=1e-05
Testing N_win=965 N_cf=2
Windowing:
  config: # windows=965, spacing=0.5675847709226998, CF order=2
  error tolerance: rtol=0.001, atol=1e-05
Failed: Pure curvefit failed for the first window!
Testing N_win=1068 N_cf=10
Windowing:
  config: # windows=1068, spacing=0.512845790206372, CF order=10
  error tolerance: rtol=0.001, atol=1e-05
Testing N_win=1068 N_cf=9
Windowing:
  config: # windows=1068, spacing=0.512845790206372, CF order=9
  error tolerance: rtol=0.001, atol=1e-05
Testing N_win=1068 N_cf=8
Windowing:
  config: # windows=1068, spacing=0.512845790206372, CF order=8
  error tolerance: rtol=0.001, atol=1e-05
Testing N_win=1068 N_cf=7
Windowing:
  config: # windows=1068, spacing=0.512845790206372, CF order=7
  error tolerance: rtol=0.001, atol=1e-05
Testing N_win=1068 N_cf=6
Windowing:
  config: # windows=1068, spacing=0.512845790206372, CF order=6
  error tolerance: rtol=0.001, atol=1e-05
Testing N_win=1068 N_cf=5
Windowing:
  config: # windows=1068, spacing=0.512845790206372, CF order=5
  error tolerance: rtol=0.001, atol=1e-05
Testing N_win=1068 N_cf=4
Windowing:
  config: # windows=1068, spacing=0.512845790206372, CF order=4
  error tolerance: rtol=0.001, atol=1e-05
Testing N_win=1068 N_cf=3
Windowing:
  config: # windows=1068, spacing=0.512845790206372, CF order=3
  error tolerance: rtol=0.001, atol=1e-05
Testing N_win=1068 N_cf=2
Windowing:
  config: # windows=1068, spacing=0.512845790206372, CF order=2
  error tolerance: rtol=0.001, atol=1e-05
Failed: Pure curvefit failed for the first window!
Testing N_win=1172 N_cf=10
Windowing:
  config: # windows=1172, spacing=0.4673372900515404, CF order=10
  error tolerance: rtol=0.001, atol=1e-05
Testing N_win=1172 N_cf=9
Windowing:
  config: # windows=1172, spacing=0.4673372900515404, CF order=9
  error tolerance: rtol=0.001, atol=1e-05
Testing N_win=1172 N_cf=8
Windowing:
  config: # windows=1172, spacing=0.4673372900515404, CF order=8
  error tolerance: rtol=0.001, atol=1e-05
Testing N_win=1172 N_cf=7
Windowing:
  config: # windows=1172, spacing=0.4673372900515404, CF order=7
  error tolerance: rtol=0.001, atol=1e-05
Testing N_win=1172 N_cf=6
Windowing:
  config: # windows=1172, spacing=0.4673372900515404, CF order=6
  error tolerance: rtol=0.001, atol=1e-05
Testing N_win=1172 N_cf=5
Windowing:
  config: # windows=1172, spacing=0.4673372900515404, CF order=5
  error tolerance: rtol=0.001, atol=1e-05
Testing N_win=1172 N_cf=4
Windowing:
  config: # windows=1172, spacing=0.4673372900515404, CF order=4
  error tolerance: rtol=0.001, atol=1e-05
Testing N_win=1172 N_cf=3
Windowing:
  config: # windows=1172, spacing=0.4673372900515404, CF order=3
  error tolerance: rtol=0.001, atol=1e-05
Testing N_win=1172 N_cf=2
Windowing:
  config: # windows=1172, spacing=0.4673372900515404, CF order=2
  error tolerance: rtol=0.001, atol=1e-05
Failed: Pure curvefit failed for the first window!
Testing N_win=1275 N_cf=10
Windowing:
  config: # windows=1275, spacing=0.42958376779639634, CF order=10
  error tolerance: rtol=0.001, atol=1e-05
Testing N_win=1275 N_cf=9
Windowing:
  config: # windows=1275, spacing=0.42958376779639634, CF order=9
  error tolerance: rtol=0.001, atol=1e-05
Testing N_win=1275 N_cf=8
Windowing:
  config: # windows=1275, spacing=0.42958376779639634, CF order=8
  error tolerance: rtol=0.001, atol=1e-05
Testing N_win=1275 N_cf=7
Windowing:
  config: # windows=1275, spacing=0.42958376779639634, CF order=7
  error tolerance: rtol=0.001, atol=1e-05
Testing N_win=1275 N_cf=6
Windowing:
  config: # windows=1275, spacing=0.42958376779639634, CF order=6
  error tolerance: rtol=0.001, atol=1e-05
Testing N_win=1275 N_cf=5
Windowing:
  config: # windows=1275, spacing=0.42958376779639634, CF order=5
  error tolerance: rtol=0.001, atol=1e-05
Testing N_win=1275 N_cf=4
Windowing:
  config: # windows=1275, spacing=0.42958376779639634, CF order=4
  error tolerance: rtol=0.001, atol=1e-05
Testing N_win=1275 N_cf=3
Windowing:
  config: # windows=1275, spacing=0.42958376779639634, CF order=3
  error tolerance: rtol=0.001, atol=1e-05
Testing N_win=1275 N_cf=2
Windowing:
  config: # windows=1275, spacing=0.42958376779639634, CF order=2
  error tolerance: rtol=0.001, atol=1e-05
Failed: Pure curvefit failed for the first window!
Testing N_win=1379 N_cf=10
Windowing:
  config: # windows=1379, spacing=0.3971858621757834, CF order=10
  error tolerance: rtol=0.001, atol=1e-05
Testing N_win=1379 N_cf=9
Windowing:
  config: # windows=1379, spacing=0.3971858621757834, CF order=9
  error tolerance: rtol=0.001, atol=1e-05
Testing N_win=1379 N_cf=8
Windowing:
  config: # windows=1379, spacing=0.3971858621757834, CF order=8
  error tolerance: rtol=0.001, atol=1e-05
Testing N_win=1379 N_cf=7
Windowing:
  config: # windows=1379, spacing=0.3971858621757834, CF order=7
  error tolerance: rtol=0.001, atol=1e-05
Testing N_win=1379 N_cf=6
Windowing:
  config: # windows=1379, spacing=0.3971858621757834, CF order=6
  error tolerance: rtol=0.001, atol=1e-05
Testing N_win=1379 N_cf=5
Windowing:
  config: # windows=1379, spacing=0.3971858621757834, CF order=5
  error tolerance: rtol=0.001, atol=1e-05
Testing N_win=1379 N_cf=4
Windowing:
  config: # windows=1379, spacing=0.3971858621757834, CF order=4
  error tolerance: rtol=0.001, atol=1e-05
Testing N_win=1379 N_cf=3
Windowing:
  config: # windows=1379, spacing=0.3971858621757834, CF order=3
  error tolerance: rtol=0.001, atol=1e-05
Testing N_win=1379 N_cf=2
Windowing:
  config: # windows=1379, spacing=0.3971858621757834, CF order=2
  error tolerance: rtol=0.001, atol=1e-05
Testing N_win=1482 N_cf=10
Windowing:
  config: # windows=1482, spacing=0.3695811767479118, CF order=10
  error tolerance: rtol=0.001, atol=1e-05
Testing N_win=1482 N_cf=9
Windowing:
  config: # windows=1482, spacing=0.3695811767479118, CF order=9
  error tolerance: rtol=0.001, atol=1e-05
Testing N_win=1482 N_cf=8
Windowing:
  config: # windows=1482, spacing=0.3695811767479118, CF order=8
  error tolerance: rtol=0.001, atol=1e-05
Testing N_win=1482 N_cf=7
Windowing:
  config: # windows=1482, spacing=0.3695811767479118, CF order=7
  error tolerance: rtol=0.001, atol=1e-05
Testing N_win=1482 N_cf=6
Windowing:
  config: # windows=1482, spacing=0.3695811767479118, CF order=6
  error tolerance: rtol=0.001, atol=1e-05
Testing N_win=1482 N_cf=5
Windowing:
  config: # windows=1482, spacing=0.3695811767479118, CF order=5
  error tolerance: rtol=0.001, atol=1e-05
Testing N_win=1482 N_cf=4
Windowing:
  config: # windows=1482, spacing=0.3695811767479118, CF order=4
  error tolerance: rtol=0.001, atol=1e-05
Testing N_win=1482 N_cf=3
Windowing:
  config: # windows=1482, spacing=0.3695811767479118, CF order=3
  error tolerance: rtol=0.001, atol=1e-05
Testing N_win=1482 N_cf=2
Windowing:
  config: # windows=1482, spacing=0.3695811767479118, CF order=2
  error tolerance: rtol=0.001, atol=1e-05
Testing N_win=1586 N_cf=10
Windowing:
  config: # windows=1586, spacing=0.34534634548575366, CF order=10
  error tolerance: rtol=0.001, atol=1e-05
Testing N_win=1586 N_cf=9
Windowing:
  config: # windows=1586, spacing=0.34534634548575366, CF order=9
  error tolerance: rtol=0.001, atol=1e-05
Testing N_win=1586 N_cf=8
Windowing:
  config: # windows=1586, spacing=0.34534634548575366, CF order=8
  error tolerance: rtol=0.001, atol=1e-05
Testing N_win=1586 N_cf=7
Windowing:
  config: # windows=1586, spacing=0.34534634548575366, CF order=7
  error tolerance: rtol=0.001, atol=1e-05
Testing N_win=1586 N_cf=6
Windowing:
  config: # windows=1586, spacing=0.34534634548575366, CF order=6
  error tolerance: rtol=0.001, atol=1e-05
Testing N_win=1586 N_cf=5
Windowing:
  config: # windows=1586, spacing=0.34534634548575366, CF order=5
  error tolerance: rtol=0.001, atol=1e-05
Testing N_win=1586 N_cf=4
Windowing:
  config: # windows=1586, spacing=0.34534634548575366, CF order=4
  error tolerance: rtol=0.001, atol=1e-05
Testing N_win=1586 N_cf=3
Windowing:
  config: # windows=1586, spacing=0.34534634548575366, CF order=3
  error tolerance: rtol=0.001, atol=1e-05
Testing N_win=1586 N_cf=2
Windowing:
  config: # windows=1586, spacing=0.34534634548575366, CF order=2
  error tolerance: rtol=0.001, atol=1e-05
Testing N_win=1689 N_cf=10
Windowing:
  config: # windows=1689, spacing=0.32428614798129385, CF order=10
  error tolerance: rtol=0.001, atol=1e-05
Testing N_win=1689 N_cf=9
Windowing:
  config: # windows=1689, spacing=0.32428614798129385, CF order=9
  error tolerance: rtol=0.001, atol=1e-05
Testing N_win=1689 N_cf=8
Windowing:
  config: # windows=1689, spacing=0.32428614798129385, CF order=8
  error tolerance: rtol=0.001, atol=1e-05
Testing N_win=1689 N_cf=7
Windowing:
  config: # windows=1689, spacing=0.32428614798129385, CF order=7
  error tolerance: rtol=0.001, atol=1e-05
Testing N_win=1689 N_cf=6
Windowing:
  config: # windows=1689, spacing=0.32428614798129385, CF order=6
  error tolerance: rtol=0.001, atol=1e-05
Testing N_win=1689 N_cf=5
Windowing:
  config: # windows=1689, spacing=0.32428614798129385, CF order=5
  error tolerance: rtol=0.001, atol=1e-05
Testing N_win=1689 N_cf=4
Windowing:
  config: # windows=1689, spacing=0.32428614798129385, CF order=4
  error tolerance: rtol=0.001, atol=1e-05
Testing N_win=1689 N_cf=3
Windowing:
  config: # windows=1689, spacing=0.32428614798129385, CF order=3
  error tolerance: rtol=0.001, atol=1e-05
Testing N_win=1689 N_cf=2
Windowing:
  config: # windows=1689, spacing=0.32428614798129385, CF order=2
  error tolerance: rtol=0.001, atol=1e-05
Testing N_win=1793 N_cf=10
Windowing:
  config: # windows=1793, spacing=0.3054764662244313, CF order=10
  error tolerance: rtol=0.001, atol=1e-05
Testing N_win=1793 N_cf=9
Windowing:
  config: # windows=1793, spacing=0.3054764662244313, CF order=9
  error tolerance: rtol=0.001, atol=1e-05
Testing N_win=1793 N_cf=8
Windowing:
  config: # windows=1793, spacing=0.3054764662244313, CF order=8
  error tolerance: rtol=0.001, atol=1e-05
Testing N_win=1793 N_cf=7
Windowing:
  config: # windows=1793, spacing=0.3054764662244313, CF order=7
  error tolerance: rtol=0.001, atol=1e-05
Testing N_win=1793 N_cf=6
Windowing:
  config: # windows=1793, spacing=0.3054764662244313, CF order=6
  error tolerance: rtol=0.001, atol=1e-05
Testing N_win=1793 N_cf=5
Windowing:
  config: # windows=1793, spacing=0.3054764662244313, CF order=5
  error tolerance: rtol=0.001, atol=1e-05
Testing N_win=1793 N_cf=4
Windowing:
  config: # windows=1793, spacing=0.3054764662244313, CF order=4
  error tolerance: rtol=0.001, atol=1e-05
Testing N_win=1793 N_cf=3
Windowing:
  config: # windows=1793, spacing=0.3054764662244313, CF order=3
  error tolerance: rtol=0.001, atol=1e-05
Testing N_win=1793 N_cf=2
Windowing:
  config: # windows=1793, spacing=0.3054764662244313, CF order=2
  error tolerance: rtol=0.001, atol=1e-05
Testing N_win=1896 N_cf=10
Windowing:
  config: # windows=1896, spacing=0.288881489420045, CF order=10
  error tolerance: rtol=0.001, atol=1e-05
Testing N_win=1896 N_cf=9
Windowing:
  config: # windows=1896, spacing=0.288881489420045, CF order=9
  error tolerance: rtol=0.001, atol=1e-05
Testing N_win=1896 N_cf=8
Windowing:
  config: # windows=1896, spacing=0.288881489420045, CF order=8
  error tolerance: rtol=0.001, atol=1e-05
Testing N_win=1896 N_cf=7
Windowing:
  config: # windows=1896, spacing=0.288881489420045, CF order=7
  error tolerance: rtol=0.001, atol=1e-05
Testing N_win=1896 N_cf=6
Windowing:
  config: # windows=1896, spacing=0.288881489420045, CF order=6
  error tolerance: rtol=0.001, atol=1e-05
Testing N_win=1896 N_cf=5
Windowing:
  config: # windows=1896, spacing=0.288881489420045, CF order=5
  error tolerance: rtol=0.001, atol=1e-05
Testing N_win=1896 N_cf=4
Windowing:
  config: # windows=1896, spacing=0.288881489420045, CF order=4
  error tolerance: rtol=0.001, atol=1e-05
Testing N_win=1896 N_cf=3
Windowing:
  config: # windows=1896, spacing=0.288881489420045, CF order=3
  error tolerance: rtol=0.001, atol=1e-05
Testing N_win=1896 N_cf=2
Windowing:
  config: # windows=1896, spacing=0.288881489420045, CF order=2
  error tolerance: rtol=0.001, atol=1e-05
Testing N_win=2000 N_cf=10
Windowing:
  config: # windows=2000, spacing=0.2738596519702027, CF order=10
  error tolerance: rtol=0.001, atol=1e-05
Testing N_win=2000 N_cf=9
Windowing:
  config: # windows=2000, spacing=0.2738596519702027, CF order=9
  error tolerance: rtol=0.001, atol=1e-05
Testing N_win=2000 N_cf=8
Windowing:
  config: # windows=2000, spacing=0.2738596519702027, CF order=8
  error tolerance: rtol=0.001, atol=1e-05
Testing N_win=2000 N_cf=7
Windowing:
  config: # windows=2000, spacing=0.2738596519702027, CF order=7
  error tolerance: rtol=0.001, atol=1e-05
Testing N_win=2000 N_cf=6
Windowing:
  config: # windows=2000, spacing=0.2738596519702027, CF order=6
  error tolerance: rtol=0.001, atol=1e-05
Testing N_win=2000 N_cf=5
Windowing:
  config: # windows=2000, spacing=0.2738596519702027, CF order=5
  error tolerance: rtol=0.001, atol=1e-05
Testing N_win=2000 N_cf=4
Windowing:
  config: # windows=2000, spacing=0.2738596519702027, CF order=4
  error tolerance: rtol=0.001, atol=1e-05
Testing N_win=2000 N_cf=3
Windowing:
  config: # windows=2000, spacing=0.2738596519702027, CF order=3
  error tolerance: rtol=0.001, atol=1e-05
Testing N_win=2000 N_cf=2
Windowing:
  config: # windows=2000, spacing=0.2738596519702027, CF order=2
  error tolerance: rtol=0.001, atol=1e-05
Final library: 378 poles, 758 windows, 1.2 poles per window, 3 CF order
