Running NJOY to get 0K point-wise data (error=0.0005)...
Parsing cross sections within resolved resonance range...
  MTs: [2, 27, 102]
  Energy range: 1.000e-05 to 2.760e+03 eV (75907 points)
Vector fitting piece 1/37...
  energy: 1.000e-05 to 2.656e+00 eV (550 points)
  error tolerance: rtol=0.001, atol=1e-05
Found 0 peaks
Fitting orders from 2 to 200
Order=2(0/100)
Order=4(1/100)
Order=6(2/100)
Found ideal results. Stop!
Found 1 real poles and 3 conjugate complex pairs.
Final number of poles: 4
Saved figure: WMP_Lib/Gd154/0-3_MT2.png
Saved figure: WMP_Lib/Gd154/0-3_MT27.png
Saved figure: WMP_Lib/Gd154/0-3_MT102.png
Vector fitting piece 2/37...
  energy: 2.984e-01 to 9.141e+00 eV (141 points)
  error tolerance: rtol=0.001, atol=1e-05
Found 0 peaks
Fitting orders from 2 to 200
Order=2(0/100)
Order=4(1/100)
Order=6(2/100)
Found ideal results. Stop!
Found 2 real poles and 2 conjugate complex pairs.
Final number of poles: 4
Saved figure: WMP_Lib/Gd154/0-9_MT2.png
Saved figure: WMP_Lib/Gd154/0-9_MT27.png
Saved figure: WMP_Lib/Gd154/0-9_MT102.png
Vector fitting piece 3/37...
  energy: 3.781e+00 to 1.967e+01 eV (560 points)
  error tolerance: rtol=0.001, atol=1e-05
Found 1 peaks
Fitting orders from 2 to 200
Order=2(0/100)
Order=4(1/100)
Order=6(2/100)
Order=8(3/100)
Found ideal results. Stop!
Found 0 real poles and 4 conjugate complex pairs.
Final number of poles: 4
Saved figure: WMP_Lib/Gd154/4-20_MT2.png
Saved figure: WMP_Lib/Gd154/4-20_MT27.png
Saved figure: WMP_Lib/Gd154/4-20_MT102.png
Vector fitting piece 4/37...
  energy: 1.148e+01 to 3.451e+01 eV (1081 points)
  error tolerance: rtol=0.001, atol=1e-05
Found 2 peaks
Fitting orders from 4 to 200
Order=4(0/99)
Order=6(1/99)
Order=8(2/99)
Found ideal results. Stop!
Found 2 real poles and 3 conjugate complex pairs.
Final number of poles: 5
Saved figure: WMP_Lib/Gd154/11-35_MT2.png
Saved figure: WMP_Lib/Gd154/11-35_MT27.png
Saved figure: WMP_Lib/Gd154/11-35_MT102.png
Vector fitting piece 5/37...
  energy: 2.311e+01 to 5.293e+01 eV (1137 points)
  error tolerance: rtol=0.001, atol=1e-05
Found 2 peaks
Fitting orders from 4 to 200
Order=4(0/99)
Order=6(1/99)
Order=8(2/99)
Order=10(3/99)
Found ideal results. Stop!
Found 2 real poles and 4 conjugate complex pairs.
Final number of poles: 6
Saved figure: WMP_Lib/Gd154/23-53_MT2.png
Saved figure: WMP_Lib/Gd154/23-53_MT27.png
Saved figure: WMP_Lib/Gd154/23-53_MT102.png
Vector fitting piece 6/37...
  energy: 3.874e+01 to 7.548e+01 eV (1758 points)
  error tolerance: rtol=0.001, atol=1e-05
Found 3 peaks
Fitting orders from 6 to 200
Order=6(0/98)
Order=8(1/98)
Order=10(2/98)
Order=12(3/98)
Order=14(4/98)
Order=16(5/98)
Order=18(6/98)
Order=20(7/98)
Order=22(8/98)
Order=24(9/98)
Order=26(10/98)
Order=28(11/98)
Order=30(12/98)
Order=32(13/98)
Order=34(14/98)
Order=36(15/98)
Order=38(16/98)
Order=40(17/98)
Order=42(18/98)
Order=44(19/98)
Order=46(20/98)
Order=48(21/98)
Order=50(22/98)
Order=52(23/98)
Order=54(24/98)
Order=56(25/98)
Order=58(26/98)
Order=60(27/98)
Found 2 real poles and 5 conjugate complex pairs.
Final number of poles: 7
Saved figure: WMP_Lib/Gd154/39-75_MT2.png
Saved figure: WMP_Lib/Gd154/39-75_MT27.png
Saved figure: WMP_Lib/Gd154/39-75_MT102.png
Vector fitting piece 7/37...
  energy: 5.845e+01 to 1.022e+02 eV (1746 points)
  error tolerance: rtol=0.001, atol=1e-05
Found 3 peaks
Fitting orders from 6 to 200
Order=6(0/98)
Order=8(1/98)
Order=10(2/98)
Order=12(3/98)
Order=14(4/98)
Order=16(5/98)
Order=18(6/98)
Order=20(7/98)
Order=22(8/98)
Order=24(9/98)
Order=26(10/98)
Order=28(11/98)
Order=30(12/98)
Order=32(13/98)
Order=34(14/98)
Order=36(15/98)
Order=38(16/98)
Order=40(17/98)
Order=42(18/98)
Order=44(19/98)
Order=46(20/98)
Order=48(21/98)
Order=50(22/98)
Order=52(23/98)
Order=54(24/98)
Order=56(25/98)
Order=58(26/98)
Order=60(27/98)
Found 2 real poles and 5 conjugate complex pairs.
Final number of poles: 7
Saved figure: WMP_Lib/Gd154/58-102_MT2.png
Saved figure: WMP_Lib/Gd154/58-102_MT27.png
Saved figure: WMP_Lib/Gd154/58-102_MT102.png
Vector fitting piece 8/37...
  energy: 8.212e+01 to 1.330e+02 eV (1794 points)
  error tolerance: rtol=0.001, atol=1e-05
Found 3 peaks
Fitting orders from 6 to 200
Order=6(0/98)
Order=8(1/98)
Order=10(2/98)
Order=12(3/98)
Order=14(4/98)
Order=16(5/98)
Order=18(6/98)
Order=20(7/98)
Order=22(8/98)
Order=24(9/98)
Order=26(10/98)
Order=28(11/98)
Order=30(12/98)
Order=32(13/98)
Order=34(14/98)
Order=36(15/98)
Order=38(16/98)
Order=40(17/98)
Order=42(18/98)
Order=44(19/98)
Order=46(20/98)
Order=48(21/98)
Order=50(22/98)
Order=52(23/98)
Order=54(24/98)
Order=56(25/98)
Order=58(26/98)
Order=60(27/98)
Found 4 real poles and 3 conjugate complex pairs.
Final number of poles: 7
Saved figure: WMP_Lib/Gd154/82-133_MT2.png
Saved figure: WMP_Lib/Gd154/82-133_MT27.png
Saved figure: WMP_Lib/Gd154/82-133_MT102.png
Vector fitting piece 9/37...
  energy: 1.099e+02 to 1.677e+02 eV (2377 points)
  error tolerance: rtol=0.001, atol=1e-05
Found 4 peaks
Fitting orders from 8 to 200
Order=8(0/97)
Order=10(1/97)
Order=12(2/97)
Order=14(3/97)
Order=16(4/97)
Order=18(5/97)
Order=20(6/97)
Order=22(7/97)
Order=24(8/97)
Order=26(9/97)
Order=28(10/97)
Order=30(11/97)
Order=32(12/97)
Order=34(13/97)
Order=36(14/97)
Order=38(15/97)
Order=40(16/97)
Order=42(17/97)
Order=44(18/97)
Order=46(19/97)
Order=48(20/97)
Order=50(21/97)
Order=52(22/97)
Order=54(23/97)
Order=56(24/97)
Order=58(25/97)
Order=60(26/97)
Found 4 real poles and 5 conjugate complex pairs.
Final number of poles: 9
Saved figure: WMP_Lib/Gd154/110-168_MT2.png
Saved figure: WMP_Lib/Gd154/110-168_MT27.png
Saved figure: WMP_Lib/Gd154/110-168_MT102.png
Vector fitting piece 10/37...
  energy: 1.417e+02 to 2.065e+02 eV (2314 points)
  error tolerance: rtol=0.001, atol=1e-05
Found 4 peaks
Fitting orders from 8 to 200
Order=8(0/97)
Order=10(1/97)
Order=12(2/97)
Order=14(3/97)
Order=16(4/97)
Order=18(5/97)
Order=20(6/97)
Order=22(7/97)
Order=24(8/97)
Order=26(9/97)
Order=28(10/97)
Order=30(11/97)
Order=32(12/97)
Order=34(13/97)
Order=36(14/97)
Order=38(15/97)
Order=40(16/97)
Order=42(17/97)
Order=44(18/97)
Order=46(19/97)
Order=48(20/97)
Order=50(21/97)
Order=52(22/97)
Order=54(23/97)
Order=56(24/97)
Order=58(25/97)
Order=60(26/97)
Found 4 real poles and 5 conjugate complex pairs.
Final number of poles: 9
Saved figure: WMP_Lib/Gd154/142-207_MT2.png
Saved figure: WMP_Lib/Gd154/142-207_MT27.png
Saved figure: WMP_Lib/Gd154/142-207_MT102.png
Vector fitting piece 11/37...
  energy: 1.774e+02 to 2.494e+02 eV (1945 points)
  error tolerance: rtol=0.001, atol=1e-05
Found 3 peaks
Fitting orders from 6 to 200
Order=6(0/98)
Order=8(1/98)
Order=10(2/98)
Order=12(3/98)
Order=14(4/98)
Order=16(5/98)
Order=18(6/98)
Order=20(7/98)
Order=22(8/98)
Order=24(9/98)
Order=26(10/98)
Order=28(11/98)
Order=30(12/98)
Order=32(13/98)
Order=34(14/98)
Order=36(15/98)
Order=38(16/98)
Order=40(17/98)
Order=42(18/98)
Order=44(19/98)
Order=46(20/98)
Order=48(21/98)
Order=50(22/98)
Order=52(23/98)
Order=54(24/98)
Order=56(25/98)
Order=58(26/98)
Order=60(27/98)
Found 4 real poles and 4 conjugate complex pairs.
Final number of poles: 8
Saved figure: WMP_Lib/Gd154/177-249_MT2.png
Saved figure: WMP_Lib/Gd154/177-249_MT27.png
Saved figure: WMP_Lib/Gd154/177-249_MT102.png
Vector fitting piece 12/37...
  energy: 2.174e+02 to 2.975e+02 eV (2403 points)
  error tolerance: rtol=0.001, atol=1e-05
Found 4 peaks
Fitting orders from 8 to 200
Order=8(0/97)
Order=10(1/97)
Order=12(2/97)
Order=14(3/97)
Order=16(4/97)
Order=18(5/97)
Order=20(6/97)
Order=22(7/97)
Order=24(8/97)
Order=26(9/97)
Order=28(10/97)
Order=30(11/97)
Order=32(12/97)
Order=34(13/97)
Order=36(14/97)
Order=38(15/97)
Order=40(16/97)
Order=42(17/97)
Order=44(18/97)
Order=46(19/97)
Order=48(20/97)
Order=50(21/97)
Order=52(22/97)
Order=54(23/97)
Order=56(24/97)
Order=58(25/97)
Order=60(26/97)
Found 4 real poles and 4 conjugate complex pairs.
Final number of poles: 8
Saved figure: WMP_Lib/Gd154/217-298_MT2.png
Saved figure: WMP_Lib/Gd154/217-298_MT27.png
Saved figure: WMP_Lib/Gd154/217-298_MT102.png
Vector fitting piece 13/37...
  energy: 2.613e+02 to 3.474e+02 eV (1741 points)
  error tolerance: rtol=0.001, atol=1e-05
Found 3 peaks
Fitting orders from 6 to 200
Order=6(0/98)
Order=8(1/98)
Order=10(2/98)
Order=12(3/98)
Order=14(4/98)
Order=16(5/98)
Order=18(6/98)
Order=20(7/98)
Order=22(8/98)
Order=24(9/98)
Order=26(10/98)
Order=28(11/98)
Order=30(12/98)
Order=32(13/98)
Order=34(14/98)
Order=36(15/98)
Order=38(16/98)
Order=40(17/98)
Order=42(18/98)
Order=44(19/98)
Order=46(20/98)
Order=48(21/98)
Order=50(22/98)
Order=52(23/98)
Order=54(24/98)
Order=56(25/98)
Order=58(26/98)
Order=60(27/98)
Found 6 real poles and 3 conjugate complex pairs.
Final number of poles: 9
Saved figure: WMP_Lib/Gd154/261-347_MT2.png
Saved figure: WMP_Lib/Gd154/261-347_MT27.png
Saved figure: WMP_Lib/Gd154/261-347_MT102.png
Vector fitting piece 14/37...
  energy: 3.092e+02 to 4.020e+02 eV (2294 points)
  error tolerance: rtol=0.001, atol=1e-05
Found 4 peaks
Fitting orders from 8 to 200
Order=8(0/97)
Order=10(1/97)
Order=12(2/97)
Order=14(3/97)
Order=16(4/97)
Order=18(5/97)
Order=20(6/97)
Order=22(7/97)
Order=24(8/97)
Order=26(9/97)
Order=28(10/97)
Order=30(11/97)
Order=32(12/97)
Order=34(13/97)
Order=36(14/97)
Order=38(15/97)
Order=40(16/97)
Order=42(17/97)
Order=44(18/97)
Order=46(19/97)
Order=48(20/97)
Order=50(21/97)
Order=52(22/97)
Order=54(23/97)
Order=56(24/97)
Order=58(25/97)
Order=60(26/97)
Found 4 real poles and 5 conjugate complex pairs.
Final number of poles: 9
Saved figure: WMP_Lib/Gd154/309-402_MT2.png
Saved figure: WMP_Lib/Gd154/309-402_MT27.png
Saved figure: WMP_Lib/Gd154/309-402_MT102.png
Vector fitting piece 15/37...
  energy: 3.611e+02 to 4.609e+02 eV (2819 points)
  error tolerance: rtol=0.001, atol=1e-05
Found 5 peaks
Fitting orders from 10 to 200
Order=10(0/96)
Order=12(1/96)
Order=14(2/96)
Order=16(3/96)
Order=18(4/96)
Order=20(5/96)
Order=22(6/96)
Order=24(7/96)
Order=26(8/96)
Order=28(9/96)
Order=30(10/96)
Order=32(11/96)
Order=34(12/96)
Order=36(13/96)
Order=38(14/96)
Order=40(15/96)
Order=42(16/96)
Order=44(17/96)
Order=46(18/96)
Order=48(19/96)
Order=50(20/96)
Order=52(21/96)
Order=54(22/96)
Order=56(23/96)
Order=58(24/96)
Order=60(25/96)
Found 4 real poles and 5 conjugate complex pairs.
Final number of poles: 9
Saved figure: WMP_Lib/Gd154/361-461_MT2.png
Saved figure: WMP_Lib/Gd154/361-461_MT27.png
Saved figure: WMP_Lib/Gd154/361-461_MT102.png
Vector fitting piece 16/37...
  energy: 4.172e+02 to 5.240e+02 eV (3682 points)
  error tolerance: rtol=0.001, atol=1e-05
Found 7 peaks
Fitting orders from 14 to 200
Order=14(0/94)
Order=16(1/94)
Order=18(2/94)
Order=20(3/94)
Order=22(4/94)
Order=24(5/94)
Order=26(6/94)
Order=28(7/94)
Order=30(8/94)
Order=32(9/94)
Order=34(10/94)
Order=36(11/94)
Order=38(12/94)
Order=40(13/94)
Order=42(14/94)
Order=44(15/94)
Order=46(16/94)
Order=48(17/94)
Order=50(18/94)
Order=52(19/94)
Order=54(20/94)
Order=56(21/94)
Order=58(22/94)
Order=60(23/94)
Found 2 real poles and 8 conjugate complex pairs.
Final number of poles: 10
Saved figure: WMP_Lib/Gd154/417-524_MT2.png
Saved figure: WMP_Lib/Gd154/417-524_MT27.png
Saved figure: WMP_Lib/Gd154/417-524_MT102.png
Vector fitting piece 17/37...
  energy: 4.771e+02 to 5.907e+02 eV (3641 points)
  error tolerance: rtol=0.001, atol=1e-05
Found 7 peaks
Fitting orders from 14 to 200
Order=14(0/94)
Order=16(1/94)
Order=18(2/94)
Order=20(3/94)
Order=22(4/94)
Order=24(5/94)
Order=26(6/94)
Order=28(7/94)
Order=30(8/94)
Order=32(9/94)
Order=34(10/94)
Order=36(11/94)
Order=38(12/94)
Order=40(13/94)
Order=42(14/94)
Order=44(15/94)
Order=46(16/94)
Order=48(17/94)
Order=50(18/94)
Order=52(19/94)
Order=54(20/94)
Order=56(21/94)
Order=58(22/94)
Order=60(23/94)
Found 4 real poles and 8 conjugate complex pairs.
Final number of poles: 12
Saved figure: WMP_Lib/Gd154/477-591_MT2.png
Saved figure: WMP_Lib/Gd154/477-591_MT27.png
Saved figure: WMP_Lib/Gd154/477-591_MT102.png
Vector fitting piece 18/37...
  energy: 5.411e+02 to 6.622e+02 eV (4104 points)
  error tolerance: rtol=0.001, atol=1e-05
Found 8 peaks
Fitting orders from 16 to 200
Order=16(0/93)
Order=18(1/93)
Order=20(2/93)
Order=22(3/93)
Order=24(4/93)
Order=26(5/93)
Order=28(6/93)
Order=30(7/93)
Order=32(8/93)
Order=34(9/93)
Order=36(10/93)
Order=38(11/93)
Order=40(12/93)
Order=42(13/93)
Order=44(14/93)
Order=46(15/93)
Order=48(16/93)
Order=50(17/93)
Order=52(18/93)
Order=54(19/93)
Order=56(20/93)
Order=58(21/93)
Order=60(22/93)
Found 4 real poles and 9 conjugate complex pairs.
Final number of poles: 13
Saved figure: WMP_Lib/Gd154/541-662_MT2.png
Saved figure: WMP_Lib/Gd154/541-662_MT27.png
Saved figure: WMP_Lib/Gd154/541-662_MT102.png
Vector fitting piece 19/37...
  energy: 6.093e+02 to 7.376e+02 eV (3671 points)
  error tolerance: rtol=0.001, atol=1e-05
Found 7 peaks
Fitting orders from 14 to 200
Order=14(0/94)
Order=16(1/94)
Order=18(2/94)
Order=20(3/94)
Order=22(4/94)
Order=24(5/94)
Order=26(6/94)
Order=28(7/94)
Order=30(8/94)
Order=32(9/94)
Order=34(10/94)
Order=36(11/94)
Order=38(12/94)
Order=40(13/94)
Order=42(14/94)
Order=44(15/94)
Order=46(16/94)
Order=48(17/94)
Order=50(18/94)
Order=52(19/94)
Order=54(20/94)
Order=56(21/94)
Order=58(22/94)
Order=60(23/94)
Found 6 real poles and 7 conjugate complex pairs.
Final number of poles: 13
Saved figure: WMP_Lib/Gd154/609-738_MT2.png
Saved figure: WMP_Lib/Gd154/609-738_MT27.png
Saved figure: WMP_Lib/Gd154/609-738_MT102.png
Vector fitting piece 20/37...
  energy: 6.814e+02 to 8.161e+02 eV (4505 points)
  error tolerance: rtol=0.001, atol=1e-05
Found 9 peaks
Fitting orders from 18 to 200
Order=18(0/92)
Order=20(1/92)
Order=22(2/92)
Order=24(3/92)
Order=26(4/92)
Order=28(5/92)
Order=30(6/92)
Order=32(7/92)
Order=34(8/92)
Order=36(9/92)
Order=38(10/92)
Order=40(11/92)
Order=42(12/92)
Order=44(13/92)
Order=46(14/92)
Order=48(15/92)
Order=50(16/92)
Order=52(17/92)
Order=54(18/92)
Order=56(19/92)
Order=58(20/92)
Order=60(21/92)
Found 4 real poles and 9 conjugate complex pairs.
Final number of poles: 13
Saved figure: WMP_Lib/Gd154/681-816_MT2.png
Saved figure: WMP_Lib/Gd154/681-816_MT27.png
Saved figure: WMP_Lib/Gd154/681-816_MT102.png
Vector fitting piece 21/37...
  energy: 7.575e+02 to 8.990e+02 eV (4404 points)
  error tolerance: rtol=0.001, atol=1e-05
Found 9 peaks
Fitting orders from 18 to 200
Order=18(0/92)
Order=20(1/92)
Order=22(2/92)
Order=24(3/92)
Order=26(4/92)
Order=28(5/92)
Order=30(6/92)
Order=32(7/92)
Order=34(8/92)
Order=36(9/92)
Order=38(10/92)
Order=40(11/92)
Order=42(12/92)
Order=44(13/92)
Order=46(14/92)
Order=48(15/92)
Order=50(16/92)
Order=52(17/92)
Order=54(18/92)
Order=56(19/92)
Order=58(20/92)
Order=60(21/92)
Found 4 real poles and 10 conjugate complex pairs.
Final number of poles: 14
Saved figure: WMP_Lib/Gd154/757-899_MT2.png
Saved figure: WMP_Lib/Gd154/757-899_MT27.png
Saved figure: WMP_Lib/Gd154/757-899_MT102.png
Vector fitting piece 22/37...
  energy: 8.378e+02 to 9.862e+02 eV (4774 points)
  error tolerance: rtol=0.001, atol=1e-05
Found 9 peaks
Fitting orders from 18 to 200
Order=18(0/92)
Order=20(1/92)
Order=22(2/92)
Order=24(3/92)
Order=26(4/92)
Order=28(5/92)
Order=30(6/92)
Order=32(7/92)
Order=34(8/92)
Order=36(9/92)
Order=38(10/92)
Order=40(11/92)
Order=42(12/92)
Order=44(13/92)
Order=46(14/92)
Order=48(15/92)
Order=50(16/92)
Order=52(17/92)
Order=54(18/92)
Order=56(19/92)
Order=58(20/92)
Order=60(21/92)
Found 4 real poles and 11 conjugate complex pairs.
Final number of poles: 15
Saved figure: WMP_Lib/Gd154/838-986_MT2.png
Saved figure: WMP_Lib/Gd154/838-986_MT27.png
Saved figure: WMP_Lib/Gd154/838-986_MT102.png
Vector fitting piece 23/37...
  energy: 9.220e+02 to 1.078e+03 eV (4942 points)
  error tolerance: rtol=0.001, atol=1e-05
Found 10 peaks
Fitting orders from 20 to 200
Order=20(0/91)
Order=22(1/91)
Order=24(2/91)
Order=26(3/91)
Order=28(4/91)
Order=30(5/91)
Order=32(6/91)
Order=34(7/91)
Order=36(8/91)
Order=38(9/91)
Order=40(10/91)
Order=42(11/91)
Order=44(12/91)
Order=46(13/91)
Order=48(14/91)
Order=50(15/91)
Order=52(16/91)
Order=54(17/91)
Order=56(18/91)
Order=58(19/91)
Order=60(20/91)
Found 4 real poles and 11 conjugate complex pairs.
Final number of poles: 15
Saved figure: WMP_Lib/Gd154/922-1078_MT2.png
Saved figure: WMP_Lib/Gd154/922-1078_MT27.png
Saved figure: WMP_Lib/Gd154/922-1078_MT102.png
Vector fitting piece 24/37...
  energy: 1.010e+03 to 1.173e+03 eV (4560 points)
  error tolerance: rtol=0.001, atol=1e-05
Found 10 peaks
Fitting orders from 20 to 200
Order=20(0/91)
Order=22(1/91)
Order=24(2/91)
Order=26(3/91)
Order=28(4/91)
Order=30(5/91)
Order=32(6/91)
Order=34(7/91)
Order=36(8/91)
Order=38(9/91)
Order=40(10/91)
Order=42(11/91)
Order=44(12/91)
Order=46(13/91)
Order=48(14/91)
Order=50(15/91)
Order=52(16/91)
Order=54(17/91)
Order=56(18/91)
Order=58(19/91)
Order=60(20/91)
Found 4 real poles and 11 conjugate complex pairs.
Final number of poles: 15
Saved figure: WMP_Lib/Gd154/1010-1173_MT2.png
Saved figure: WMP_Lib/Gd154/1010-1173_MT27.png
Saved figure: WMP_Lib/Gd154/1010-1173_MT102.png
Vector fitting piece 25/37...
  energy: 1.102e+03 to 1.272e+03 eV (4644 points)
  error tolerance: rtol=0.001, atol=1e-05
Found 10 peaks
Fitting orders from 20 to 200
Order=20(0/91)
Order=22(1/91)
Order=24(2/91)
Order=26(3/91)
Order=28(4/91)
Order=30(5/91)
Order=32(6/91)
Order=34(7/91)
Order=36(8/91)
Order=38(9/91)
Order=40(10/91)
Order=42(11/91)
Order=44(12/91)
Order=46(13/91)
Order=48(14/91)
Order=50(15/91)
Order=52(16/91)
Order=54(17/91)
Order=56(18/91)
Order=58(19/91)
Order=60(20/91)
Found 4 real poles and 11 conjugate complex pairs.
Final number of poles: 15
Saved figure: WMP_Lib/Gd154/1102-1272_MT2.png
Saved figure: WMP_Lib/Gd154/1102-1272_MT27.png
Saved figure: WMP_Lib/Gd154/1102-1272_MT102.png
Vector fitting piece 26/37...
  energy: 1.199e+03 to 1.375e+03 eV (4769 points)
  error tolerance: rtol=0.001, atol=1e-05
Found 10 peaks
Fitting orders from 20 to 200
Order=20(0/91)
Order=22(1/91)
Order=24(2/91)
Order=26(3/91)
Order=28(4/91)
Order=30(5/91)
Order=32(6/91)
Order=34(7/91)
Order=36(8/91)
Order=38(9/91)
Order=40(10/91)
Order=42(11/91)
Order=44(12/91)
Order=46(13/91)
Order=48(14/91)
Order=50(15/91)
Order=52(16/91)
Order=54(17/91)
Order=56(18/91)
Order=58(19/91)
Order=60(20/91)
Found 6 real poles and 10 conjugate complex pairs.
Final number of poles: 16
Saved figure: WMP_Lib/Gd154/1199-1375_MT2.png
Saved figure: WMP_Lib/Gd154/1199-1375_MT27.png
Saved figure: WMP_Lib/Gd154/1199-1375_MT102.png
Vector fitting piece 27/37...
  energy: 1.299e+03 to 1.483e+03 eV (5158 points)
  error tolerance: rtol=0.001, atol=1e-05
Found 11 peaks
Fitting orders from 22 to 200
Order=22(0/90)
Order=24(1/90)
Order=26(2/90)
Order=28(3/90)
Order=30(4/90)
Order=32(5/90)
Order=34(6/90)
Order=36(7/90)
Order=38(8/90)
Order=40(9/90)
Order=42(10/90)
Order=44(11/90)
Order=46(12/90)
Order=48(13/90)
Order=50(14/90)
Order=52(15/90)
Order=54(16/90)
Order=56(17/90)
Order=58(18/90)
Order=60(19/90)
Found 4 real poles and 12 conjugate complex pairs.
Final number of poles: 16
Saved figure: WMP_Lib/Gd154/1299-1483_MT2.png
Saved figure: WMP_Lib/Gd154/1299-1483_MT27.png
Saved figure: WMP_Lib/Gd154/1299-1483_MT102.png
Vector fitting piece 28/37...
  energy: 1.403e+03 to 1.594e+03 eV (3892 points)
  error tolerance: rtol=0.001, atol=1e-05
Found 8 peaks
Fitting orders from 16 to 200
Order=16(0/93)
Order=18(1/93)
Order=20(2/93)
Order=22(3/93)
Order=24(4/93)
Order=26(5/93)
Order=28(6/93)
Order=30(7/93)
Order=32(8/93)
Order=34(9/93)
Order=36(10/93)
Order=38(11/93)
Order=40(12/93)
Order=42(13/93)
Order=44(14/93)
Order=46(15/93)
Order=48(16/93)
Order=50(17/93)
Order=52(18/93)
Order=54(19/93)
Order=56(20/93)
Order=58(21/93)
Order=60(22/93)
Found 4 real poles and 10 conjugate complex pairs.
Final number of poles: 14
Saved figure: WMP_Lib/Gd154/1403-1594_MT2.png
Saved figure: WMP_Lib/Gd154/1403-1594_MT27.png
Saved figure: WMP_Lib/Gd154/1403-1594_MT102.png
Vector fitting piece 29/37...
  energy: 1.512e+03 to 1.710e+03 eV (4388 points)
  error tolerance: rtol=0.001, atol=1e-05
Found 10 peaks
Fitting orders from 20 to 200
Order=20(0/91)
Order=22(1/91)
Order=24(2/91)
Order=26(3/91)
Order=28(4/91)
Order=30(5/91)
Order=32(6/91)
Order=34(7/91)
Order=36(8/91)
Order=38(9/91)
Order=40(10/91)
Order=42(11/91)
Order=44(12/91)
Order=46(13/91)
Order=48(14/91)
Order=50(15/91)
Order=52(16/91)
Order=54(17/91)
Order=56(18/91)
Order=58(19/91)
Order=60(20/91)
Found 4 real poles and 11 conjugate complex pairs.
Final number of poles: 15
Saved figure: WMP_Lib/Gd154/1512-1710_MT2.png
Saved figure: WMP_Lib/Gd154/1512-1710_MT27.png
Saved figure: WMP_Lib/Gd154/1512-1710_MT102.png
Vector fitting piece 30/37...
  energy: 1.624e+03 to 1.829e+03 eV (5515 points)
  error tolerance: rtol=0.001, atol=1e-05
Found 13 peaks
Fitting orders from 26 to 200
Order=26(0/88)
Order=28(1/88)
Order=30(2/88)
Order=32(3/88)
Order=34(4/88)
Order=36(5/88)
Order=38(6/88)
Order=40(7/88)
Order=42(8/88)
Order=44(9/88)
Order=46(10/88)
Order=48(11/88)
Order=50(12/88)
Order=52(13/88)
Order=54(14/88)
Order=56(15/88)
Order=58(16/88)
Order=60(17/88)
Found 4 real poles and 13 conjugate complex pairs.
Final number of poles: 17
Saved figure: WMP_Lib/Gd154/1624-1829_MT2.png
Saved figure: WMP_Lib/Gd154/1624-1829_MT27.png
Saved figure: WMP_Lib/Gd154/1624-1829_MT102.png
Vector fitting piece 31/37...
  energy: 1.741e+03 to 1.952e+03 eV (5029 points)
  error tolerance: rtol=0.001, atol=1e-05
Found 12 peaks
Fitting orders from 24 to 200
Order=24(0/89)
Order=26(1/89)
Order=28(2/89)
Order=30(3/89)
Order=32(4/89)
Order=34(5/89)
Order=36(6/89)
Order=38(7/89)
Order=40(8/89)
Order=42(9/89)
Order=44(10/89)
Order=46(11/89)
Order=48(12/89)
Order=50(13/89)
Order=52(14/89)
Order=54(15/89)
Order=56(16/89)
Order=58(17/89)
Order=60(18/89)
Found 4 real poles and 13 conjugate complex pairs.
Final number of poles: 17
Saved figure: WMP_Lib/Gd154/1741-1952_MT2.png
Saved figure: WMP_Lib/Gd154/1741-1952_MT27.png
Saved figure: WMP_Lib/Gd154/1741-1952_MT102.png
Vector fitting piece 32/37...
  energy: 1.861e+03 to 2.080e+03 eV (5830 points)
  error tolerance: rtol=0.001, atol=1e-05
Found 13 peaks
Fitting orders from 26 to 200
Order=26(0/88)
Order=28(1/88)
Order=30(2/88)
Order=32(3/88)
Order=34(4/88)
Order=36(5/88)
Order=38(6/88)
Order=40(7/88)
Order=42(8/88)
Order=44(9/88)
Order=46(10/88)
Order=48(11/88)
Order=50(12/88)
Order=52(13/88)
Order=54(14/88)
Order=56(15/88)
Order=58(16/88)
Order=60(17/88)
Found 6 real poles and 13 conjugate complex pairs.
Final number of poles: 19
Saved figure: WMP_Lib/Gd154/1861-2080_MT2.png
Saved figure: WMP_Lib/Gd154/1861-2080_MT27.png
Saved figure: WMP_Lib/Gd154/1861-2080_MT102.png
Vector fitting piece 33/37...
  energy: 1.986e+03 to 2.211e+03 eV (5672 points)
  error tolerance: rtol=0.001, atol=1e-05
Found 15 peaks
Fitting orders from 30 to 200
Order=30(0/86)
Order=32(1/86)
Order=34(2/86)
Order=36(3/86)
Order=38(4/86)
Order=40(5/86)
Order=42(6/86)
Order=44(7/86)
Order=46(8/86)
Order=48(9/86)
Order=50(10/86)
Order=52(11/86)
Order=54(12/86)
Order=56(13/86)
Order=58(14/86)
Order=60(15/86)
Found 6 real poles and 16 conjugate complex pairs.
Final number of poles: 22
Saved figure: WMP_Lib/Gd154/1986-2211_MT2.png
Saved figure: WMP_Lib/Gd154/1986-2211_MT27.png
Saved figure: WMP_Lib/Gd154/1986-2211_MT102.png
Vector fitting piece 34/37...
  energy: 2.114e+03 to 2.347e+03 eV (5328 points)
  error tolerance: rtol=0.001, atol=1e-05
Found 14 peaks
Fitting orders from 28 to 200
Order=28(0/87)
Order=30(1/87)
Order=32(2/87)
Order=34(3/87)
Order=36(4/87)
Order=38(5/87)
Order=40(6/87)
Order=42(7/87)
Order=44(8/87)
Order=46(9/87)
Order=48(10/87)
Order=50(11/87)
Order=52(12/87)
Order=54(13/87)
Order=56(14/87)
Order=58(15/87)
Order=60(16/87)
Found 4 real poles and 15 conjugate complex pairs.
Final number of poles: 19
Saved figure: WMP_Lib/Gd154/2114-2347_MT2.png
Saved figure: WMP_Lib/Gd154/2114-2347_MT27.png
Saved figure: WMP_Lib/Gd154/2114-2347_MT102.png
Vector fitting piece 35/37...
  energy: 2.247e+03 to 2.486e+03 eV (4874 points)
  error tolerance: rtol=0.001, atol=1e-05
Found 13 peaks
Fitting orders from 26 to 200
Order=26(0/88)
Order=28(1/88)
Order=30(2/88)
Order=32(3/88)
Order=34(4/88)
Order=36(5/88)
Order=38(6/88)
Order=40(7/88)
Order=42(8/88)
Order=44(9/88)
Order=46(10/88)
Order=48(11/88)
Order=50(12/88)
Order=52(13/88)
Order=54(14/88)
Order=56(15/88)
Order=58(16/88)
Order=60(17/88)
Found 4 real poles and 14 conjugate complex pairs.
Final number of poles: 18
Saved figure: WMP_Lib/Gd154/2247-2486_MT2.png
Saved figure: WMP_Lib/Gd154/2247-2486_MT27.png
Saved figure: WMP_Lib/Gd154/2247-2486_MT102.png
Vector fitting piece 36/37...
  energy: 2.383e+03 to 2.630e+03 eV (5469 points)
  error tolerance: rtol=0.001, atol=1e-05
Found 15 peaks
Fitting orders from 30 to 200
Order=30(0/86)
Order=32(1/86)
Order=34(2/86)
Order=36(3/86)
Order=38(4/86)
Order=40(5/86)
Order=42(6/86)
Order=44(7/86)
Order=46(8/86)
Order=48(9/86)
Order=50(10/86)
Order=52(11/86)
Order=54(12/86)
Order=56(13/86)
Order=58(14/86)
Order=60(15/86)
Found 4 real poles and 16 conjugate complex pairs.
Final number of poles: 20
Saved figure: WMP_Lib/Gd154/2383-2630_MT2.png
Saved figure: WMP_Lib/Gd154/2383-2630_MT27.png
Saved figure: WMP_Lib/Gd154/2383-2630_MT102.png
Vector fitting piece 37/37...
  energy: 2.524e+03 to 2.760e+03 eV (4825 points)
  error tolerance: rtol=0.001, atol=1e-05
Found 13 peaks
Fitting orders from 26 to 200
Order=26(0/88)
Order=28(1/88)
Order=30(2/88)
Order=32(3/88)
Order=34(4/88)
Order=36(5/88)
Order=38(6/88)
Order=40(7/88)
Order=42(8/88)
Order=44(9/88)
Order=46(10/88)
Order=48(11/88)
Order=50(12/88)
Order=52(13/88)
Order=54(14/88)
Order=56(15/88)
Order=58(16/88)
Order=60(17/88)
Found 4 real poles and 13 conjugate complex pairs.
Final number of poles: 17
Saved figure: WMP_Lib/Gd154/2524-2760_MT2.png
Saved figure: WMP_Lib/Gd154/2524-2760_MT27.png
Saved figure: WMP_Lib/Gd154/2524-2760_MT102.png
Dumped multipole data to file: WMP_Lib/Gd154/Gd154_mp.pickle
Start searching ...
Testing N_win=22 N_cf=10
Failed: Window spacing cannot be larger than piece spacing.
Testing N_win=126 N_cf=10
Windowing:
  config: # windows=126, spacing=0.41692484405759056, CF order=10
  error tolerance: rtol=0.001, atol=1e-05
Best library so far.
Testing N_win=126 N_cf=9
Windowing:
  config: # windows=126, spacing=0.41692484405759056, CF order=9
  error tolerance: rtol=0.001, atol=1e-05
Best library so far.
Testing N_win=126 N_cf=8
Windowing:
  config: # windows=126, spacing=0.41692484405759056, CF order=8
  error tolerance: rtol=0.001, atol=1e-05
Best library so far.
Testing N_win=126 N_cf=7
Windowing:
  config: # windows=126, spacing=0.41692484405759056, CF order=7
  error tolerance: rtol=0.001, atol=1e-05
Best library so far.
Testing N_win=126 N_cf=6
Windowing:
  config: # windows=126, spacing=0.41692484405759056, CF order=6
  error tolerance: rtol=0.001, atol=1e-05
Best library so far.
Testing N_win=126 N_cf=5
Windowing:
  config: # windows=126, spacing=0.41692484405759056, CF order=5
  error tolerance: rtol=0.001, atol=1e-05
Best library so far.
Testing N_win=126 N_cf=4
Windowing:
  config: # windows=126, spacing=0.41692484405759056, CF order=4
  error tolerance: rtol=0.001, atol=1e-05
Best library so far.
Testing N_win=126 N_cf=3
Windowing:
  config: # windows=126, spacing=0.41692484405759056, CF order=3
  error tolerance: rtol=0.001, atol=1e-05
Failed: Pure curvefit failed for the first window!
Testing N_win=230 N_cf=10
Windowing:
  config: # windows=230, spacing=0.22840230587502788, CF order=10
  error tolerance: rtol=0.001, atol=1e-05
Best library so far.
Testing N_win=230 N_cf=9
Windowing:
  config: # windows=230, spacing=0.22840230587502788, CF order=9
  error tolerance: rtol=0.001, atol=1e-05
Best library so far.
Testing N_win=230 N_cf=8
Windowing:
  config: # windows=230, spacing=0.22840230587502788, CF order=8
  error tolerance: rtol=0.001, atol=1e-05
Best library so far.
Testing N_win=230 N_cf=7
Windowing:
  config: # windows=230, spacing=0.22840230587502788, CF order=7
  error tolerance: rtol=0.001, atol=1e-05
Best library so far.
Testing N_win=230 N_cf=6
Windowing:
  config: # windows=230, spacing=0.22840230587502788, CF order=6
  error tolerance: rtol=0.001, atol=1e-05
Best library so far.
Testing N_win=230 N_cf=5
Windowing:
  config: # windows=230, spacing=0.22840230587502788, CF order=5
  error tolerance: rtol=0.001, atol=1e-05
Best library so far.
Testing N_win=230 N_cf=4
Windowing:
  config: # windows=230, spacing=0.22840230587502788, CF order=4
  error tolerance: rtol=0.001, atol=1e-05
Testing N_win=230 N_cf=3
Windowing:
  config: # windows=230, spacing=0.22840230587502788, CF order=3
  error tolerance: rtol=0.001, atol=1e-05
Failed: Pure curvefit failed for the first window!
Testing N_win=334 N_cf=10
Windowing:
  config: # windows=334, spacing=0.1572830250037617, CF order=10
  error tolerance: rtol=0.001, atol=1e-05
Testing N_win=334 N_cf=9
Windowing:
  config: # windows=334, spacing=0.1572830250037617, CF order=9
  error tolerance: rtol=0.001, atol=1e-05
Best library so far.
Testing N_win=334 N_cf=8
Windowing:
  config: # windows=334, spacing=0.1572830250037617, CF order=8
  error tolerance: rtol=0.001, atol=1e-05
Best library so far.
Testing N_win=334 N_cf=7
Windowing:
  config: # windows=334, spacing=0.1572830250037617, CF order=7
  error tolerance: rtol=0.001, atol=1e-05
Best library so far.
Testing N_win=334 N_cf=6
Windowing:
  config: # windows=334, spacing=0.1572830250037617, CF order=6
  error tolerance: rtol=0.001, atol=1e-05
Best library so far.
Testing N_win=334 N_cf=5
Windowing:
  config: # windows=334, spacing=0.1572830250037617, CF order=5
  error tolerance: rtol=0.001, atol=1e-05
Best library so far.
Testing N_win=334 N_cf=4
Windowing:
  config: # windows=334, spacing=0.1572830250037617, CF order=4
  error tolerance: rtol=0.001, atol=1e-05
Best library so far.
Testing N_win=334 N_cf=3
Windowing:
  config: # windows=334, spacing=0.1572830250037617, CF order=3
  error tolerance: rtol=0.001, atol=1e-05
Testing N_win=334 N_cf=2
Windowing:
  config: # windows=334, spacing=0.1572830250037617, CF order=2
  error tolerance: rtol=0.001, atol=1e-05
Failed: Pure curvefit failed for the first window!
Testing N_win=438 N_cf=10
Windowing:
  config: # windows=438, spacing=0.11993728390697811, CF order=10
  error tolerance: rtol=0.001, atol=1e-05
Testing N_win=438 N_cf=9
Windowing:
  config: # windows=438, spacing=0.11993728390697811, CF order=9
  error tolerance: rtol=0.001, atol=1e-05
Testing N_win=438 N_cf=8
Windowing:
  config: # windows=438, spacing=0.11993728390697811, CF order=8
  error tolerance: rtol=0.001, atol=1e-05
Testing N_win=438 N_cf=7
Windowing:
  config: # windows=438, spacing=0.11993728390697811, CF order=7
  error tolerance: rtol=0.001, atol=1e-05
Best library so far.
Testing N_win=438 N_cf=6
Windowing:
  config: # windows=438, spacing=0.11993728390697811, CF order=6
  error tolerance: rtol=0.001, atol=1e-05
Best library so far.
Testing N_win=438 N_cf=5
Windowing:
  config: # windows=438, spacing=0.11993728390697811, CF order=5
  error tolerance: rtol=0.001, atol=1e-05
Best library so far.
Testing N_win=438 N_cf=4
Windowing:
  config: # windows=438, spacing=0.11993728390697811, CF order=4
  error tolerance: rtol=0.001, atol=1e-05
Best library so far.
Testing N_win=438 N_cf=3
Windowing:
  config: # windows=438, spacing=0.11993728390697811, CF order=3
  error tolerance: rtol=0.001, atol=1e-05
Testing N_win=438 N_cf=2
Windowing:
  config: # windows=438, spacing=0.11993728390697811, CF order=2
  error tolerance: rtol=0.001, atol=1e-05
Failed: Pure curvefit failed for the first window!
Testing N_win=542 N_cf=10
Windowing:
  config: # windows=542, spacing=0.09692348773294542, CF order=10
  error tolerance: rtol=0.001, atol=1e-05
Testing N_win=542 N_cf=9
Windowing:
  config: # windows=542, spacing=0.09692348773294542, CF order=9
  error tolerance: rtol=0.001, atol=1e-05
Testing N_win=542 N_cf=8
Windowing:
  config: # windows=542, spacing=0.09692348773294542, CF order=8
  error tolerance: rtol=0.001, atol=1e-05
Testing N_win=542 N_cf=7
Windowing:
  config: # windows=542, spacing=0.09692348773294542, CF order=7
  error tolerance: rtol=0.001, atol=1e-05
Testing N_win=542 N_cf=6
Windowing:
  config: # windows=542, spacing=0.09692348773294542, CF order=6
  error tolerance: rtol=0.001, atol=1e-05
Best library so far.
Testing N_win=542 N_cf=5
Windowing:
  config: # windows=542, spacing=0.09692348773294542, CF order=5
  error tolerance: rtol=0.001, atol=1e-05
Best library so far.
Testing N_win=542 N_cf=4
Windowing:
  config: # windows=542, spacing=0.09692348773294542, CF order=4
  error tolerance: rtol=0.001, atol=1e-05
Best library so far.
Testing N_win=542 N_cf=3
Windowing:
  config: # windows=542, spacing=0.09692348773294542, CF order=3
  error tolerance: rtol=0.001, atol=1e-05
Testing N_win=542 N_cf=2
Windowing:
  config: # windows=542, spacing=0.09692348773294542, CF order=2
  error tolerance: rtol=0.001, atol=1e-05
Failed: Pure curvefit failed for the first window!
Testing N_win=646 N_cf=10
Windowing:
  config: # windows=646, spacing=0.08131970642609351, CF order=10
  error tolerance: rtol=0.001, atol=1e-05
Testing N_win=646 N_cf=9
Windowing:
  config: # windows=646, spacing=0.08131970642609351, CF order=9
  error tolerance: rtol=0.001, atol=1e-05
Testing N_win=646 N_cf=8
Windowing:
  config: # windows=646, spacing=0.08131970642609351, CF order=8
  error tolerance: rtol=0.001, atol=1e-05
Testing N_win=646 N_cf=7
Windowing:
  config: # windows=646, spacing=0.08131970642609351, CF order=7
  error tolerance: rtol=0.001, atol=1e-05
Testing N_win=646 N_cf=6
Windowing:
  config: # windows=646, spacing=0.08131970642609351, CF order=6
  error tolerance: rtol=0.001, atol=1e-05
Testing N_win=646 N_cf=5
Windowing:
  config: # windows=646, spacing=0.08131970642609351, CF order=5
  error tolerance: rtol=0.001, atol=1e-05
Testing N_win=646 N_cf=4
Windowing:
  config: # windows=646, spacing=0.08131970642609351, CF order=4
  error tolerance: rtol=0.001, atol=1e-05
Best library so far.
Testing N_win=646 N_cf=3
Windowing:
  config: # windows=646, spacing=0.08131970642609351, CF order=3
  error tolerance: rtol=0.001, atol=1e-05
Testing N_win=646 N_cf=2
Windowing:
  config: # windows=646, spacing=0.08131970642609351, CF order=2
  error tolerance: rtol=0.001, atol=1e-05
Failed: Pure curvefit failed for the first window!
Testing N_win=750 N_cf=10
Windowing:
  config: # windows=750, spacing=0.07004337380167522, CF order=10
  error tolerance: rtol=0.001, atol=1e-05
Testing N_win=750 N_cf=9
Windowing:
  config: # windows=750, spacing=0.07004337380167522, CF order=9
  error tolerance: rtol=0.001, atol=1e-05
Testing N_win=750 N_cf=8
Windowing:
  config: # windows=750, spacing=0.07004337380167522, CF order=8
  error tolerance: rtol=0.001, atol=1e-05
Testing N_win=750 N_cf=7
Windowing:
  config: # windows=750, spacing=0.07004337380167522, CF order=7
  error tolerance: rtol=0.001, atol=1e-05
Testing N_win=750 N_cf=6
Windowing:
  config: # windows=750, spacing=0.07004337380167522, CF order=6
  error tolerance: rtol=0.001, atol=1e-05
Testing N_win=750 N_cf=5
Windowing:
  config: # windows=750, spacing=0.07004337380167522, CF order=5
  error tolerance: rtol=0.001, atol=1e-05
Best library so far.
Testing N_win=750 N_cf=4
Windowing:
  config: # windows=750, spacing=0.07004337380167522, CF order=4
  error tolerance: rtol=0.001, atol=1e-05
Best library so far.
Testing N_win=750 N_cf=3
Windowing:
  config: # windows=750, spacing=0.07004337380167522, CF order=3
  error tolerance: rtol=0.001, atol=1e-05
Testing N_win=750 N_cf=2
Windowing:
  config: # windows=750, spacing=0.07004337380167522, CF order=2
  error tolerance: rtol=0.001, atol=1e-05
Failed: Pure curvefit failed for the first window!
Testing N_win=854 N_cf=10
Windowing:
  config: # windows=854, spacing=0.06151350158226746, CF order=10
  error tolerance: rtol=0.001, atol=1e-05
Testing N_win=854 N_cf=9
Windowing:
  config: # windows=854, spacing=0.06151350158226746, CF order=9
  error tolerance: rtol=0.001, atol=1e-05
Testing N_win=854 N_cf=8
Windowing:
  config: # windows=854, spacing=0.06151350158226746, CF order=8
  error tolerance: rtol=0.001, atol=1e-05
Testing N_win=854 N_cf=7
Windowing:
  config: # windows=854, spacing=0.06151350158226746, CF order=7
  error tolerance: rtol=0.001, atol=1e-05
Testing N_win=854 N_cf=6
Windowing:
  config: # windows=854, spacing=0.06151350158226746, CF order=6
  error tolerance: rtol=0.001, atol=1e-05
Testing N_win=854 N_cf=5
Windowing:
  config: # windows=854, spacing=0.06151350158226746, CF order=5
  error tolerance: rtol=0.001, atol=1e-05
Testing N_win=854 N_cf=4
Windowing:
  config: # windows=854, spacing=0.06151350158226746, CF order=4
  error tolerance: rtol=0.001, atol=1e-05
Testing N_win=854 N_cf=3
Windowing:
  config: # windows=854, spacing=0.06151350158226746, CF order=3
  error tolerance: rtol=0.001, atol=1e-05
Testing N_win=854 N_cf=2
Windowing:
  config: # windows=854, spacing=0.06151350158226746, CF order=2
  error tolerance: rtol=0.001, atol=1e-05
Failed: Pure curvefit failed for the first window!
Testing N_win=958 N_cf=10
Windowing:
  config: # windows=958, spacing=0.05483562667145763, CF order=10
  error tolerance: rtol=0.001, atol=1e-05
Testing N_win=958 N_cf=9
Windowing:
  config: # windows=958, spacing=0.05483562667145763, CF order=9
  error tolerance: rtol=0.001, atol=1e-05
Testing N_win=958 N_cf=8
Windowing:
  config: # windows=958, spacing=0.05483562667145763, CF order=8
  error tolerance: rtol=0.001, atol=1e-05
Testing N_win=958 N_cf=7
Windowing:
  config: # windows=958, spacing=0.05483562667145763, CF order=7
  error tolerance: rtol=0.001, atol=1e-05
Testing N_win=958 N_cf=6
Windowing:
  config: # windows=958, spacing=0.05483562667145763, CF order=6
  error tolerance: rtol=0.001, atol=1e-05
Testing N_win=958 N_cf=5
Windowing:
  config: # windows=958, spacing=0.05483562667145763, CF order=5
  error tolerance: rtol=0.001, atol=1e-05
Testing N_win=958 N_cf=4
Windowing:
  config: # windows=958, spacing=0.05483562667145763, CF order=4
  error tolerance: rtol=0.001, atol=1e-05
Testing N_win=958 N_cf=3
Windowing:
  config: # windows=958, spacing=0.05483562667145763, CF order=3
  error tolerance: rtol=0.001, atol=1e-05
Testing N_win=958 N_cf=2
Windowing:
  config: # windows=958, spacing=0.05483562667145763, CF order=2
  error tolerance: rtol=0.001, atol=1e-05
Failed: Pure curvefit failed for the first window!
Testing N_win=1063 N_cf=10
Windowing:
  config: # windows=1063, spacing=0.04941912544803049, CF order=10
  error tolerance: rtol=0.001, atol=1e-05
Testing N_win=1063 N_cf=9
Windowing:
  config: # windows=1063, spacing=0.04941912544803049, CF order=9
  error tolerance: rtol=0.001, atol=1e-05
Testing N_win=1063 N_cf=8
Windowing:
  config: # windows=1063, spacing=0.04941912544803049, CF order=8
  error tolerance: rtol=0.001, atol=1e-05
Testing N_win=1063 N_cf=7
Windowing:
  config: # windows=1063, spacing=0.04941912544803049, CF order=7
  error tolerance: rtol=0.001, atol=1e-05
Testing N_win=1063 N_cf=6
Windowing:
  config: # windows=1063, spacing=0.04941912544803049, CF order=6
  error tolerance: rtol=0.001, atol=1e-05
Testing N_win=1063 N_cf=5
Windowing:
  config: # windows=1063, spacing=0.04941912544803049, CF order=5
  error tolerance: rtol=0.001, atol=1e-05
Testing N_win=1063 N_cf=4
Windowing:
  config: # windows=1063, spacing=0.04941912544803049, CF order=4
  error tolerance: rtol=0.001, atol=1e-05
Testing N_win=1063 N_cf=3
Windowing:
  config: # windows=1063, spacing=0.04941912544803049, CF order=3
  error tolerance: rtol=0.001, atol=1e-05
Testing N_win=1063 N_cf=2
Windowing:
  config: # windows=1063, spacing=0.04941912544803049, CF order=2
  error tolerance: rtol=0.001, atol=1e-05
Failed: Pure curvefit failed for the first window!
Testing N_win=1167 N_cf=10
Windowing:
  config: # windows=1167, spacing=0.045015021723441656, CF order=10
  error tolerance: rtol=0.001, atol=1e-05
Testing N_win=1167 N_cf=9
Windowing:
  config: # windows=1167, spacing=0.045015021723441656, CF order=9
  error tolerance: rtol=0.001, atol=1e-05
Testing N_win=1167 N_cf=8
Windowing:
  config: # windows=1167, spacing=0.045015021723441656, CF order=8
  error tolerance: rtol=0.001, atol=1e-05
Testing N_win=1167 N_cf=7
Windowing:
  config: # windows=1167, spacing=0.045015021723441656, CF order=7
  error tolerance: rtol=0.001, atol=1e-05
Testing N_win=1167 N_cf=6
Windowing:
  config: # windows=1167, spacing=0.045015021723441656, CF order=6
  error tolerance: rtol=0.001, atol=1e-05
Testing N_win=1167 N_cf=5
Windowing:
  config: # windows=1167, spacing=0.045015021723441656, CF order=5
  error tolerance: rtol=0.001, atol=1e-05
Testing N_win=1167 N_cf=4
Windowing:
  config: # windows=1167, spacing=0.045015021723441656, CF order=4
  error tolerance: rtol=0.001, atol=1e-05
Testing N_win=1167 N_cf=3
Windowing:
  config: # windows=1167, spacing=0.045015021723441656, CF order=3
  error tolerance: rtol=0.001, atol=1e-05
Testing N_win=1167 N_cf=2
Windowing:
  config: # windows=1167, spacing=0.045015021723441656, CF order=2
  error tolerance: rtol=0.001, atol=1e-05
Failed: Pure curvefit failed for the first window!
Testing N_win=1271 N_cf=10
Windowing:
  config: # windows=1271, spacing=0.04133165251869112, CF order=10
  error tolerance: rtol=0.001, atol=1e-05
Testing N_win=1271 N_cf=9
Windowing:
  config: # windows=1271, spacing=0.04133165251869112, CF order=9
  error tolerance: rtol=0.001, atol=1e-05
Testing N_win=1271 N_cf=8
Windowing:
  config: # windows=1271, spacing=0.04133165251869112, CF order=8
  error tolerance: rtol=0.001, atol=1e-05
Testing N_win=1271 N_cf=7
Windowing:
  config: # windows=1271, spacing=0.04133165251869112, CF order=7
  error tolerance: rtol=0.001, atol=1e-05
Testing N_win=1271 N_cf=6
Windowing:
  config: # windows=1271, spacing=0.04133165251869112, CF order=6
  error tolerance: rtol=0.001, atol=1e-05
Testing N_win=1271 N_cf=5
Windowing:
  config: # windows=1271, spacing=0.04133165251869112, CF order=5
  error tolerance: rtol=0.001, atol=1e-05
Testing N_win=1271 N_cf=4
Windowing:
  config: # windows=1271, spacing=0.04133165251869112, CF order=4
  error tolerance: rtol=0.001, atol=1e-05
Testing N_win=1271 N_cf=3
Windowing:
  config: # windows=1271, spacing=0.04133165251869112, CF order=3
  error tolerance: rtol=0.001, atol=1e-05
Testing N_win=1271 N_cf=2
Windowing:
  config: # windows=1271, spacing=0.04133165251869112, CF order=2
  error tolerance: rtol=0.001, atol=1e-05
Failed: Pure curvefit failed for the first window!
Testing N_win=1375 N_cf=10
Windowing:
  config: # windows=1375, spacing=0.038205476619095576, CF order=10
  error tolerance: rtol=0.001, atol=1e-05
Testing N_win=1375 N_cf=9
Windowing:
  config: # windows=1375, spacing=0.038205476619095576, CF order=9
  error tolerance: rtol=0.001, atol=1e-05
Testing N_win=1375 N_cf=8
Windowing:
  config: # windows=1375, spacing=0.038205476619095576, CF order=8
  error tolerance: rtol=0.001, atol=1e-05
Testing N_win=1375 N_cf=7
Windowing:
  config: # windows=1375, spacing=0.038205476619095576, CF order=7
  error tolerance: rtol=0.001, atol=1e-05
Testing N_win=1375 N_cf=6
Windowing:
  config: # windows=1375, spacing=0.038205476619095576, CF order=6
  error tolerance: rtol=0.001, atol=1e-05
Testing N_win=1375 N_cf=5
Windowing:
  config: # windows=1375, spacing=0.038205476619095576, CF order=5
  error tolerance: rtol=0.001, atol=1e-05
Testing N_win=1375 N_cf=4
Windowing:
  config: # windows=1375, spacing=0.038205476619095576, CF order=4
  error tolerance: rtol=0.001, atol=1e-05
Testing N_win=1375 N_cf=3
Windowing:
  config: # windows=1375, spacing=0.038205476619095576, CF order=3
  error tolerance: rtol=0.001, atol=1e-05
Testing N_win=1375 N_cf=2
Windowing:
  config: # windows=1375, spacing=0.038205476619095576, CF order=2
  error tolerance: rtol=0.001, atol=1e-05
Failed: Pure curvefit failed for the first window!
Testing N_win=1479 N_cf=10
Windowing:
  config: # windows=1479, spacing=0.03551895223208682, CF order=10
  error tolerance: rtol=0.001, atol=1e-05
Testing N_win=1479 N_cf=9
Windowing:
  config: # windows=1479, spacing=0.03551895223208682, CF order=9
  error tolerance: rtol=0.001, atol=1e-05
Testing N_win=1479 N_cf=8
Windowing:
  config: # windows=1479, spacing=0.03551895223208682, CF order=8
  error tolerance: rtol=0.001, atol=1e-05
Testing N_win=1479 N_cf=7
Windowing:
  config: # windows=1479, spacing=0.03551895223208682, CF order=7
  error tolerance: rtol=0.001, atol=1e-05
Testing N_win=1479 N_cf=6
Windowing:
  config: # windows=1479, spacing=0.03551895223208682, CF order=6
  error tolerance: rtol=0.001, atol=1e-05
Testing N_win=1479 N_cf=5
Windowing:
  config: # windows=1479, spacing=0.03551895223208682, CF order=5
  error tolerance: rtol=0.001, atol=1e-05
Testing N_win=1479 N_cf=4
Windowing:
  config: # windows=1479, spacing=0.03551895223208682, CF order=4
  error tolerance: rtol=0.001, atol=1e-05
Testing N_win=1479 N_cf=3
Windowing:
  config: # windows=1479, spacing=0.03551895223208682, CF order=3
  error tolerance: rtol=0.001, atol=1e-05
Testing N_win=1479 N_cf=2
Windowing:
  config: # windows=1479, spacing=0.03551895223208682, CF order=2
  error tolerance: rtol=0.001, atol=1e-05
Failed: Pure curvefit failed for the first window!
Testing N_win=1583 N_cf=10
Windowing:
  config: # windows=1583, spacing=0.033185426627451935, CF order=10
  error tolerance: rtol=0.001, atol=1e-05
Testing N_win=1583 N_cf=9
Windowing:
  config: # windows=1583, spacing=0.033185426627451935, CF order=9
  error tolerance: rtol=0.001, atol=1e-05
Testing N_win=1583 N_cf=8
Windowing:
  config: # windows=1583, spacing=0.033185426627451935, CF order=8
  error tolerance: rtol=0.001, atol=1e-05
Testing N_win=1583 N_cf=7
Windowing:
  config: # windows=1583, spacing=0.033185426627451935, CF order=7
  error tolerance: rtol=0.001, atol=1e-05
Testing N_win=1583 N_cf=6
Windowing:
  config: # windows=1583, spacing=0.033185426627451935, CF order=6
  error tolerance: rtol=0.001, atol=1e-05
Testing N_win=1583 N_cf=5
Windowing:
  config: # windows=1583, spacing=0.033185426627451935, CF order=5
  error tolerance: rtol=0.001, atol=1e-05
Testing N_win=1583 N_cf=4
Windowing:
  config: # windows=1583, spacing=0.033185426627451935, CF order=4
  error tolerance: rtol=0.001, atol=1e-05
Testing N_win=1583 N_cf=3
Windowing:
  config: # windows=1583, spacing=0.033185426627451935, CF order=3
  error tolerance: rtol=0.001, atol=1e-05
Testing N_win=1583 N_cf=2
Windowing:
  config: # windows=1583, spacing=0.033185426627451935, CF order=2
  error tolerance: rtol=0.001, atol=1e-05
Failed: Pure curvefit failed for the first window!
Testing N_win=1687 N_cf=10
Windowing:
  config: # windows=1687, spacing=0.031139614908865687, CF order=10
  error tolerance: rtol=0.001, atol=1e-05
Testing N_win=1687 N_cf=9
Windowing:
  config: # windows=1687, spacing=0.031139614908865687, CF order=9
  error tolerance: rtol=0.001, atol=1e-05
Testing N_win=1687 N_cf=8
Windowing:
  config: # windows=1687, spacing=0.031139614908865687, CF order=8
  error tolerance: rtol=0.001, atol=1e-05
Testing N_win=1687 N_cf=7
Windowing:
  config: # windows=1687, spacing=0.031139614908865687, CF order=7
  error tolerance: rtol=0.001, atol=1e-05
Testing N_win=1687 N_cf=6
Windowing:
  config: # windows=1687, spacing=0.031139614908865687, CF order=6
  error tolerance: rtol=0.001, atol=1e-05
Testing N_win=1687 N_cf=5
Windowing:
  config: # windows=1687, spacing=0.031139614908865687, CF order=5
  error tolerance: rtol=0.001, atol=1e-05
Testing N_win=1687 N_cf=4
Windowing:
  config: # windows=1687, spacing=0.031139614908865687, CF order=4
  error tolerance: rtol=0.001, atol=1e-05
Testing N_win=1687 N_cf=3
Windowing:
  config: # windows=1687, spacing=0.031139614908865687, CF order=3
  error tolerance: rtol=0.001, atol=1e-05
Testing N_win=1687 N_cf=2
Windowing:
  config: # windows=1687, spacing=0.031139614908865687, CF order=2
  error tolerance: rtol=0.001, atol=1e-05
Failed: Pure curvefit failed for the first window!
Testing N_win=1791 N_cf=10
Windowing:
  config: # windows=1791, spacing=0.029331396064353105, CF order=10
  error tolerance: rtol=0.001, atol=1e-05
Testing N_win=1791 N_cf=9
Windowing:
  config: # windows=1791, spacing=0.029331396064353105, CF order=9
  error tolerance: rtol=0.001, atol=1e-05
Testing N_win=1791 N_cf=8
Windowing:
  config: # windows=1791, spacing=0.029331396064353105, CF order=8
  error tolerance: rtol=0.001, atol=1e-05
Testing N_win=1791 N_cf=7
Windowing:
  config: # windows=1791, spacing=0.029331396064353105, CF order=7
  error tolerance: rtol=0.001, atol=1e-05
Testing N_win=1791 N_cf=6
Windowing:
  config: # windows=1791, spacing=0.029331396064353105, CF order=6
  error tolerance: rtol=0.001, atol=1e-05
Testing N_win=1791 N_cf=5
Windowing:
  config: # windows=1791, spacing=0.029331396064353105, CF order=5
  error tolerance: rtol=0.001, atol=1e-05
Testing N_win=1791 N_cf=4
Windowing:
  config: # windows=1791, spacing=0.029331396064353105, CF order=4
  error tolerance: rtol=0.001, atol=1e-05
Testing N_win=1791 N_cf=3
Windowing:
  config: # windows=1791, spacing=0.029331396064353105, CF order=3
  error tolerance: rtol=0.001, atol=1e-05
Testing N_win=1791 N_cf=2
Windowing:
  config: # windows=1791, spacing=0.029331396064353105, CF order=2
  error tolerance: rtol=0.001, atol=1e-05
Failed: Pure curvefit failed for the first window!
Testing N_win=1895 N_cf=10
Windowing:
  config: # windows=1895, spacing=0.02772165190039916, CF order=10
  error tolerance: rtol=0.001, atol=1e-05
Testing N_win=1895 N_cf=9
Windowing:
  config: # windows=1895, spacing=0.02772165190039916, CF order=9
  error tolerance: rtol=0.001, atol=1e-05
Testing N_win=1895 N_cf=8
Windowing:
  config: # windows=1895, spacing=0.02772165190039916, CF order=8
  error tolerance: rtol=0.001, atol=1e-05
Testing N_win=1895 N_cf=7
Windowing:
  config: # windows=1895, spacing=0.02772165190039916, CF order=7
  error tolerance: rtol=0.001, atol=1e-05
Testing N_win=1895 N_cf=6
Windowing:
  config: # windows=1895, spacing=0.02772165190039916, CF order=6
  error tolerance: rtol=0.001, atol=1e-05
Testing N_win=1895 N_cf=5
Windowing:
  config: # windows=1895, spacing=0.02772165190039916, CF order=5
  error tolerance: rtol=0.001, atol=1e-05
Testing N_win=1895 N_cf=4
Windowing:
  config: # windows=1895, spacing=0.02772165190039916, CF order=4
  error tolerance: rtol=0.001, atol=1e-05
Testing N_win=1895 N_cf=3
Windowing:
  config: # windows=1895, spacing=0.02772165190039916, CF order=3
  error tolerance: rtol=0.001, atol=1e-05
Testing N_win=1895 N_cf=2
Windowing:
  config: # windows=1895, spacing=0.02772165190039916, CF order=2
  error tolerance: rtol=0.001, atol=1e-05
Failed: Pure curvefit failed for the first window!
Testing N_win=2000 N_cf=10
Windowing:
  config: # windows=2000, spacing=0.026266265175628207, CF order=10
  error tolerance: rtol=0.001, atol=1e-05
Testing N_win=2000 N_cf=9
Windowing:
  config: # windows=2000, spacing=0.026266265175628207, CF order=9
  error tolerance: rtol=0.001, atol=1e-05
Testing N_win=2000 N_cf=8
Windowing:
  config: # windows=2000, spacing=0.026266265175628207, CF order=8
  error tolerance: rtol=0.001, atol=1e-05
Testing N_win=2000 N_cf=7
Windowing:
  config: # windows=2000, spacing=0.026266265175628207, CF order=7
  error tolerance: rtol=0.001, atol=1e-05
Testing N_win=2000 N_cf=6
Windowing:
  config: # windows=2000, spacing=0.026266265175628207, CF order=6
  error tolerance: rtol=0.001, atol=1e-05
Testing N_win=2000 N_cf=5
Windowing:
  config: # windows=2000, spacing=0.026266265175628207, CF order=5
  error tolerance: rtol=0.001, atol=1e-05
Testing N_win=2000 N_cf=4
Windowing:
  config: # windows=2000, spacing=0.026266265175628207, CF order=4
  error tolerance: rtol=0.001, atol=1e-05
Testing N_win=2000 N_cf=3
Windowing:
  config: # windows=2000, spacing=0.026266265175628207, CF order=3
  error tolerance: rtol=0.001, atol=1e-05
Testing N_win=2000 N_cf=2
Windowing:
  config: # windows=2000, spacing=0.026266265175628207, CF order=2
  error tolerance: rtol=0.001, atol=1e-05
Failed: Pure curvefit failed for the first window!
Final library: 309 poles, 750 windows, 4.4 poles per window, 4 CF order
