Running NJOY to get 0K point-wise data (error=0.0005)...
Parsing cross sections within resolved resonance range...
  MTs: [2, 27, 102]
  Energy range: 1.000e-05 to 5.000e+03 eV (89533 points)
Vector fitting piece 1/44...
  energy: 1.000e-05 to 3.146e+00 eV (541 points)
  error tolerance: rtol=0.001, atol=1e-05
Found 0 peaks
Fitting orders from 2 to 200
Order=2(0/100)
Order=4(1/100)
Order=6(2/100)
Found ideal results. Stop!
Found 4 real poles and 1 conjugate complex pairs.
Final number of poles: 5
Saved figure: WMP_Lib/Au197/0-3_MT2.png
Saved figure: WMP_Lib/Au197/0-3_MT27.png
Saved figure: WMP_Lib/Au197/0-3_MT102.png
Vector fitting piece 2/44...
  energy: 4.344e-01 to 1.156e+01 eV (542 points)
  error tolerance: rtol=0.001, atol=1e-05
Found 1 peaks
Fitting orders from 2 to 200
Order=2(0/100)
Order=4(1/100)
Order=6(2/100)
Found ideal results. Stop!
Found 2 real poles and 2 conjugate complex pairs.
Final number of poles: 4
Saved figure: WMP_Lib/Au197/0-12_MT2.png
Saved figure: WMP_Lib/Au197/0-12_MT27.png
Saved figure: WMP_Lib/Au197/0-12_MT102.png
Vector fitting piece 3/44...
  energy: 5.142e+00 to 2.536e+01 eV (248 points)
  error tolerance: rtol=0.001, atol=1e-05
Found 0 peaks
Fitting orders from 2 to 200
Order=2(0/100)
Order=4(1/100)
Order=6(2/100)
Found ideal results. Stop!
Found 2 real poles and 2 conjugate complex pairs.
Final number of poles: 4
Saved figure: WMP_Lib/Au197/5-25_MT2.png
Saved figure: WMP_Lib/Au197/5-25_MT27.png
Saved figure: WMP_Lib/Au197/5-25_MT102.png
Vector fitting piece 4/44...
  energy: 1.500e+01 to 4.350e+01 eV (82 points)
  error tolerance: rtol=0.001, atol=1e-05
Found 0 peaks
Fitting orders from 2 to 200
Order=2(0/100)
Order=4(1/100)
Order=6(2/100)
Found ideal results. Stop!
Found 4 real poles and 1 conjugate complex pairs.
Final number of poles: 5
Saved figure: WMP_Lib/Au197/15-43_MT2.png
Saved figure: WMP_Lib/Au197/15-43_MT27.png
Saved figure: WMP_Lib/Au197/15-43_MT102.png
Vector fitting piece 5/44...
  energy: 2.989e+01 to 6.722e+01 eV (1128 points)
  error tolerance: rtol=0.001, atol=1e-05
Found 3 peaks
Fitting orders from 6 to 200
Order=6(0/98)
Order=8(1/98)
Order=10(2/98)
Found ideal results. Stop!
Found 2 real poles and 4 conjugate complex pairs.
Final number of poles: 6
Saved figure: WMP_Lib/Au197/30-67_MT2.png
Saved figure: WMP_Lib/Au197/30-67_MT27.png
Saved figure: WMP_Lib/Au197/30-67_MT102.png
Vector fitting piece 6/44...
  energy: 5.025e+01 to 9.628e+01 eV (1384 points)
  error tolerance: rtol=0.001, atol=1e-05
Found 3 peaks
Fitting orders from 6 to 200
Order=6(0/98)
Order=8(1/98)
Order=10(2/98)
Found ideal results. Stop!
Found 2 real poles and 4 conjugate complex pairs.
Final number of poles: 6
Saved figure: WMP_Lib/Au197/50-96_MT2.png
Saved figure: WMP_Lib/Au197/50-96_MT27.png
Saved figure: WMP_Lib/Au197/50-96_MT102.png
Vector fitting piece 7/44...
  energy: 7.560e+01 to 1.305e+02 eV (1501 points)
  error tolerance: rtol=0.001, atol=1e-05
Found 3 peaks
Fitting orders from 6 to 200
Order=6(0/98)
Order=8(1/98)
Order=10(2/98)
Order=12(3/98)
Order=14(4/98)
Order=16(5/98)
Order=18(6/98)
Order=20(7/98)
Order=22(8/98)
Order=24(9/98)
Order=26(10/98)
Order=28(11/98)
Order=30(12/98)
Order=32(13/98)
Order=34(14/98)
Order=36(15/98)
Order=38(16/98)
Order=40(17/98)
Order=42(18/98)
Order=44(19/98)
Order=46(20/98)
Order=48(21/98)
Order=50(22/98)
Order=52(23/98)
Order=54(24/98)
Order=56(25/98)
Order=58(26/98)
Order=60(27/98)
Found 2 real poles and 4 conjugate complex pairs.
Final number of poles: 6
Saved figure: WMP_Lib/Au197/76-130_MT2.png
Saved figure: WMP_Lib/Au197/76-130_MT27.png
Saved figure: WMP_Lib/Au197/76-130_MT102.png
Vector fitting piece 8/44...
  energy: 1.061e+02 to 1.693e+02 eV (2618 points)
  error tolerance: rtol=0.001, atol=1e-05
Found 6 peaks
Fitting orders from 12 to 200
Order=12(0/95)
Order=14(1/95)
Order=16(2/95)
Found ideal results. Stop!
Found 2 real poles and 7 conjugate complex pairs.
Final number of poles: 9
Saved figure: WMP_Lib/Au197/106-169_MT2.png
Saved figure: WMP_Lib/Au197/106-169_MT27.png
Saved figure: WMP_Lib/Au197/106-169_MT102.png
Vector fitting piece 9/44...
  energy: 1.418e+02 to 2.145e+02 eV (2300 points)
  error tolerance: rtol=0.001, atol=1e-05
Found 5 peaks
Fitting orders from 10 to 200
Order=10(0/96)
Order=12(1/96)
Order=14(2/96)
Found ideal results. Stop!
Found 2 real poles and 6 conjugate complex pairs.
Final number of poles: 8
Saved figure: WMP_Lib/Au197/142-215_MT2.png
Saved figure: WMP_Lib/Au197/142-215_MT27.png
Saved figure: WMP_Lib/Au197/142-215_MT102.png
Vector fitting piece 10/44...
  energy: 1.825e+02 to 2.631e+02 eV (1465 points)
  error tolerance: rtol=0.001, atol=1e-05
Found 3 peaks
Fitting orders from 6 to 200
Order=6(0/98)
Order=8(1/98)
Order=10(2/98)
Found ideal results. Stop!
Found 4 real poles and 3 conjugate complex pairs.
Final number of poles: 7
Saved figure: WMP_Lib/Au197/183-263_MT2.png
Saved figure: WMP_Lib/Au197/183-263_MT27.png
Saved figure: WMP_Lib/Au197/183-263_MT102.png
Vector fitting piece 11/44...
  energy: 2.287e+02 to 3.181e+02 eV (1949 points)
  error tolerance: rtol=0.001, atol=1e-05
Found 4 peaks
Fitting orders from 8 to 200
Order=8(0/97)
Order=10(1/97)
Order=12(2/97)
Found ideal results. Stop!
Found 4 real poles and 4 conjugate complex pairs.
Final number of poles: 8
Saved figure: WMP_Lib/Au197/229-318_MT2.png
Saved figure: WMP_Lib/Au197/229-318_MT27.png
Saved figure: WMP_Lib/Au197/229-318_MT102.png
Vector fitting piece 12/44...
  energy: 2.799e+02 to 3.777e+02 eV (2620 points)
  error tolerance: rtol=0.001, atol=1e-05
Found 6 peaks
Fitting orders from 12 to 200
Order=12(0/95)
Order=14(1/95)
Order=16(2/95)
Order=18(3/95)
Found ideal results. Stop!
Found 4 real poles and 7 conjugate complex pairs.
Final number of poles: 11
Saved figure: WMP_Lib/Au197/280-378_MT2.png
Saved figure: WMP_Lib/Au197/280-378_MT27.png
Saved figure: WMP_Lib/Au197/280-378_MT102.png
Vector fitting piece 13/44...
  energy: 3.362e+02 to 4.427e+02 eV (3026 points)
  error tolerance: rtol=0.001, atol=1e-05
Found 7 peaks
Fitting orders from 14 to 200
Order=14(0/94)
Order=16(1/94)
Order=18(2/94)
Order=20(3/94)
Found ideal results. Stop!
Found 4 real poles and 8 conjugate complex pairs.
Final number of poles: 12
Saved figure: WMP_Lib/Au197/336-443_MT2.png
Saved figure: WMP_Lib/Au197/336-443_MT27.png
Saved figure: WMP_Lib/Au197/336-443_MT102.png
Vector fitting piece 14/44...
  energy: 3.978e+02 to 5.135e+02 eV (2946 points)
  error tolerance: rtol=0.001, atol=1e-05
Found 7 peaks
Fitting orders from 14 to 200
Order=14(0/94)
Order=16(1/94)
Order=18(2/94)
Order=20(3/94)
Found ideal results. Stop!
Found 6 real poles and 7 conjugate complex pairs.
Final number of poles: 13
Saved figure: WMP_Lib/Au197/398-514_MT2.png
Saved figure: WMP_Lib/Au197/398-514_MT27.png
Saved figure: WMP_Lib/Au197/398-514_MT102.png
Vector fitting piece 15/44...
  energy: 4.645e+02 to 5.883e+02 eV (3653 points)
  error tolerance: rtol=0.001, atol=1e-05
Found 9 peaks
Fitting orders from 18 to 200
Order=18(0/92)
Order=20(1/92)
Order=22(2/92)
Order=24(3/92)
Order=26(4/92)
Order=28(5/92)
Order=30(6/92)
Order=32(7/92)
Order=34(8/92)
Order=36(9/92)
Order=38(10/92)
Order=40(11/92)
Order=42(12/92)
Order=44(13/92)
Order=46(14/92)
Order=48(15/92)
Order=50(16/92)
Order=52(17/92)
Order=54(18/92)
Order=56(19/92)
Order=58(20/92)
Order=60(21/92)
Found 6 real poles and 9 conjugate complex pairs.
Final number of poles: 15
Saved figure: WMP_Lib/Au197/464-588_MT2.png
Saved figure: WMP_Lib/Au197/464-588_MT27.png
Saved figure: WMP_Lib/Au197/464-588_MT102.png
Vector fitting piece 16/44...
  energy: 5.363e+02 to 6.695e+02 eV (4232 points)
  error tolerance: rtol=0.001, atol=1e-05
Found 11 peaks
Fitting orders from 22 to 200
Order=22(0/90)
Order=24(1/90)
Order=26(2/90)
Order=28(3/90)
Order=30(4/90)
Order=32(5/90)
Order=34(6/90)
Order=36(7/90)
Order=38(8/90)
Order=40(9/90)
Order=42(10/90)
Order=44(11/90)
Order=46(12/90)
Order=48(13/90)
Order=50(14/90)
Order=52(15/90)
Order=54(16/90)
Order=56(17/90)
Order=58(18/90)
Order=60(19/90)
Found 4 real poles and 12 conjugate complex pairs.
Final number of poles: 16
Saved figure: WMP_Lib/Au197/536-669_MT2.png
Saved figure: WMP_Lib/Au197/536-669_MT27.png
Saved figure: WMP_Lib/Au197/536-669_MT102.png
Vector fitting piece 17/44...
  energy: 6.133e+02 to 7.546e+02 eV (3681 points)
  error tolerance: rtol=0.001, atol=1e-05
Found 10 peaks
Fitting orders from 20 to 200
Order=20(0/91)
Order=22(1/91)
Order=24(2/91)
Order=26(3/91)
Order=28(4/91)
Order=30(5/91)
Order=32(6/91)
Order=34(7/91)
Order=36(8/91)
Order=38(9/91)
Order=40(10/91)
Order=42(11/91)
Order=44(12/91)
Order=46(13/91)
Order=48(14/91)
Order=50(15/91)
Order=52(16/91)
Order=54(17/91)
Order=56(18/91)
Order=58(19/91)
Order=60(20/91)
Found 4 real poles and 11 conjugate complex pairs.
Final number of poles: 15
Saved figure: WMP_Lib/Au197/613-755_MT2.png
Saved figure: WMP_Lib/Au197/613-755_MT27.png
Saved figure: WMP_Lib/Au197/613-755_MT102.png
Vector fitting piece 18/44...
  energy: 6.955e+02 to 8.461e+02 eV (3858 points)
  error tolerance: rtol=0.001, atol=1e-05
Found 10 peaks
Fitting orders from 20 to 200
Order=20(0/91)
Order=22(1/91)
Order=24(2/91)
Order=26(3/91)
Order=28(4/91)
Order=30(5/91)
Order=32(6/91)
Order=34(7/91)
Order=36(8/91)
Order=38(9/91)
Order=40(10/91)
Order=42(11/91)
Order=44(12/91)
Order=46(13/91)
Order=48(14/91)
Order=50(15/91)
Order=52(16/91)
Order=54(17/91)
Order=56(18/91)
Order=58(19/91)
Order=60(20/91)
Found 4 real poles and 11 conjugate complex pairs.
Final number of poles: 15
Saved figure: WMP_Lib/Au197/696-846_MT2.png
Saved figure: WMP_Lib/Au197/696-846_MT27.png
Saved figure: WMP_Lib/Au197/696-846_MT102.png
Vector fitting piece 19/44...
  energy: 7.829e+02 to 9.417e+02 eV (3271 points)
  error tolerance: rtol=0.001, atol=1e-05
Found 8 peaks
Fitting orders from 16 to 200
Order=16(0/93)
Order=18(1/93)
Order=20(2/93)
Order=22(3/93)
Order=24(4/93)
Order=26(5/93)
Order=28(6/93)
Order=30(7/93)
Order=32(8/93)
Order=34(9/93)
Order=36(10/93)
Order=38(11/93)
Order=40(12/93)
Order=42(13/93)
Order=44(14/93)
Order=46(15/93)
Order=48(16/93)
Order=50(17/93)
Order=52(18/93)
Order=54(19/93)
Order=56(20/93)
Order=58(21/93)
Order=60(22/93)
Found 6 real poles and 8 conjugate complex pairs.
Final number of poles: 14
Saved figure: WMP_Lib/Au197/783-942_MT2.png
Saved figure: WMP_Lib/Au197/783-942_MT27.png
Saved figure: WMP_Lib/Au197/783-942_MT102.png
Vector fitting piece 20/44...
  energy: 8.753e+02 to 1.043e+03 eV (3267 points)
  error tolerance: rtol=0.001, atol=1e-05
Found 9 peaks
Fitting orders from 18 to 200
Order=18(0/92)
Order=20(1/92)
Order=22(2/92)
Order=24(3/92)
Order=26(4/92)
Order=28(5/92)
Order=30(6/92)
Order=32(7/92)
Order=34(8/92)
Order=36(9/92)
Order=38(10/92)
Order=40(11/92)
Order=42(12/92)
Order=44(13/92)
Order=46(14/92)
Order=48(15/92)
Order=50(16/92)
Order=52(17/92)
Order=54(18/92)
Order=56(19/92)
Order=58(20/92)
Order=60(21/92)
Found 4 real poles and 9 conjugate complex pairs.
Final number of poles: 13
Saved figure: WMP_Lib/Au197/875-1043_MT2.png
Saved figure: WMP_Lib/Au197/875-1043_MT27.png
Saved figure: WMP_Lib/Au197/875-1043_MT102.png
Vector fitting piece 21/44...
  energy: 9.729e+02 to 1.149e+03 eV (4018 points)
  error tolerance: rtol=0.001, atol=1e-05
Found 11 peaks
Fitting orders from 22 to 200
Order=22(0/90)
Order=24(1/90)
Order=26(2/90)
Order=28(3/90)
Order=30(4/90)
Order=32(5/90)
Order=34(6/90)
Order=36(7/90)
Order=38(8/90)
Order=40(9/90)
Order=42(10/90)
Order=44(11/90)
Order=46(12/90)
Order=48(13/90)
Order=50(14/90)
Order=52(15/90)
Order=54(16/90)
Order=56(17/90)
Order=58(18/90)
Order=60(19/90)
Found 6 real poles and 11 conjugate complex pairs.
Final number of poles: 17
Saved figure: WMP_Lib/Au197/973-1149_MT2.png
Saved figure: WMP_Lib/Au197/973-1149_MT27.png
Saved figure: WMP_Lib/Au197/973-1149_MT102.png
Vector fitting piece 22/44...
  energy: 1.076e+03 to 1.261e+03 eV (4490 points)
  error tolerance: rtol=0.001, atol=1e-05
Found 12 peaks
Fitting orders from 24 to 200
Order=24(0/89)
Order=26(1/89)
Order=28(2/89)
Order=30(3/89)
Order=32(4/89)
Order=34(5/89)
Order=36(6/89)
Order=38(7/89)
Order=40(8/89)
Order=42(9/89)
Order=44(10/89)
Order=46(11/89)
Order=48(12/89)
Order=50(13/89)
Order=52(14/89)
Order=54(15/89)
Order=56(16/89)
Order=58(17/89)
Order=60(18/89)
Found 4 real poles and 12 conjugate complex pairs.
Final number of poles: 16
Saved figure: WMP_Lib/Au197/1076-1261_MT2.png
Saved figure: WMP_Lib/Au197/1076-1261_MT27.png
Saved figure: WMP_Lib/Au197/1076-1261_MT102.png
Vector fitting piece 23/44...
  energy: 1.184e+03 to 1.377e+03 eV (4901 points)
  error tolerance: rtol=0.001, atol=1e-05
Found 13 peaks
Fitting orders from 26 to 200
Order=26(0/88)
Order=28(1/88)
Order=30(2/88)
Order=32(3/88)
Order=34(4/88)
Order=36(5/88)
Order=38(6/88)
Order=40(7/88)
Order=42(8/88)
Order=44(9/88)
Order=46(10/88)
Order=48(11/88)
Order=50(12/88)
Order=52(13/88)
Order=54(14/88)
Order=56(15/88)
Order=58(16/88)
Order=60(17/88)
Found 4 real poles and 14 conjugate complex pairs.
Final number of poles: 18
Saved figure: WMP_Lib/Au197/1184-1377_MT2.png
Saved figure: WMP_Lib/Au197/1184-1377_MT27.png
Saved figure: WMP_Lib/Au197/1184-1377_MT102.png
Vector fitting piece 24/44...
  energy: 1.297e+03 to 1.499e+03 eV (4766 points)
  error tolerance: rtol=0.001, atol=1e-05
Found 13 peaks
Fitting orders from 26 to 200
Order=26(0/88)
Order=28(1/88)
Order=30(2/88)
Order=32(3/88)
Order=34(4/88)
Order=36(5/88)
Order=38(6/88)
Order=40(7/88)
Order=42(8/88)
Order=44(9/88)
Order=46(10/88)
Order=48(11/88)
Order=50(12/88)
Order=52(13/88)
Order=54(14/88)
Order=56(15/88)
Order=58(16/88)
Order=60(17/88)
Found 4 real poles and 14 conjugate complex pairs.
Final number of poles: 18
Saved figure: WMP_Lib/Au197/1297-1499_MT2.png
Saved figure: WMP_Lib/Au197/1297-1499_MT27.png
Saved figure: WMP_Lib/Au197/1297-1499_MT102.png
Vector fitting piece 25/44...
  energy: 1.415e+03 to 1.626e+03 eV (4713 points)
  error tolerance: rtol=0.001, atol=1e-05
Found 13 peaks
Fitting orders from 26 to 200
Order=26(0/88)
Order=28(1/88)
Order=30(2/88)
Order=32(3/88)
Order=34(4/88)
Order=36(5/88)
Order=38(6/88)
Order=40(7/88)
Order=42(8/88)
Order=44(9/88)
Order=46(10/88)
Order=48(11/88)
Order=50(12/88)
Order=52(13/88)
Order=54(14/88)
Order=56(15/88)
Order=58(16/88)
Order=60(17/88)
Found 6 real poles and 13 conjugate complex pairs.
Final number of poles: 19
Saved figure: WMP_Lib/Au197/1415-1626_MT2.png
Saved figure: WMP_Lib/Au197/1415-1626_MT27.png
Saved figure: WMP_Lib/Au197/1415-1626_MT102.png
Vector fitting piece 26/44...
  energy: 1.539e+03 to 1.758e+03 eV (5037 points)
  error tolerance: rtol=0.001, atol=1e-05
Found 14 peaks
Fitting orders from 28 to 200
Order=28(0/87)
Order=30(1/87)
Order=32(2/87)
Order=34(3/87)
Order=36(4/87)
Order=38(5/87)
Order=40(6/87)
Order=42(7/87)
Order=44(8/87)
Order=46(9/87)
Order=48(10/87)
Order=50(11/87)
Order=52(12/87)
Order=54(13/87)
Order=56(14/87)
Order=58(15/87)
Order=60(16/87)
Found 4 real poles and 14 conjugate complex pairs.
Final number of poles: 18
Saved figure: WMP_Lib/Au197/1539-1758_MT2.png
Saved figure: WMP_Lib/Au197/1539-1758_MT27.png
Saved figure: WMP_Lib/Au197/1539-1758_MT102.png
Vector fitting piece 27/44...
  energy: 1.667e+03 to 1.896e+03 eV (4300 points)
  error tolerance: rtol=0.001, atol=1e-05
Found 13 peaks
Fitting orders from 26 to 200
Order=26(0/88)
Order=28(1/88)
Order=30(2/88)
Order=32(3/88)
Order=34(4/88)
Order=36(5/88)
Order=38(6/88)
Order=40(7/88)
Order=42(8/88)
Order=44(9/88)
Order=46(10/88)
Order=48(11/88)
Order=50(12/88)
Order=52(13/88)
Order=54(14/88)
Order=56(15/88)
Order=58(16/88)
Order=60(17/88)
Found 6 real poles and 13 conjugate complex pairs.
Final number of poles: 19
Saved figure: WMP_Lib/Au197/1667-1896_MT2.png
Saved figure: WMP_Lib/Au197/1667-1896_MT27.png
Saved figure: WMP_Lib/Au197/1667-1896_MT102.png
Vector fitting piece 28/44...
  energy: 1.801e+03 to 2.038e+03 eV (4163 points)
  error tolerance: rtol=0.001, atol=1e-05
Found 14 peaks
Fitting orders from 28 to 200
Order=28(0/87)
Order=30(1/87)
Order=32(2/87)
Order=34(3/87)
Order=36(4/87)
Order=38(5/87)
Order=40(6/87)
Order=42(7/87)
Order=44(8/87)
Order=46(9/87)
Order=48(10/87)
Order=50(11/87)
Order=52(12/87)
Order=54(13/87)
Order=56(14/87)
Order=58(15/87)
Order=60(16/87)
Found 2 real poles and 15 conjugate complex pairs.
Final number of poles: 17
Saved figure: WMP_Lib/Au197/1801-2038_MT2.png
Saved figure: WMP_Lib/Au197/1801-2038_MT27.png
Saved figure: WMP_Lib/Au197/1801-2038_MT102.png
Vector fitting piece 29/44...
  energy: 1.940e+03 to 2.186e+03 eV (4214 points)
  error tolerance: rtol=0.001, atol=1e-05
Found 13 peaks
Fitting orders from 26 to 200
Order=26(0/88)
Order=28(1/88)
Order=30(2/88)
Order=32(3/88)
Order=34(4/88)
Order=36(5/88)
Order=38(6/88)
Order=40(7/88)
Order=42(8/88)
Order=44(9/88)
Order=46(10/88)
Order=48(11/88)
Order=50(12/88)
Order=52(13/88)
Order=54(14/88)
Order=56(15/88)
Order=58(16/88)
Order=60(17/88)
Found 4 real poles and 15 conjugate complex pairs.
Final number of poles: 19
Saved figure: WMP_Lib/Au197/1940-2186_MT2.png
Saved figure: WMP_Lib/Au197/1940-2186_MT27.png
Saved figure: WMP_Lib/Au197/1940-2186_MT102.png
Vector fitting piece 30/44...
  energy: 2.085e+03 to 2.339e+03 eV (3994 points)
  error tolerance: rtol=0.001, atol=1e-05
Found 11 peaks
Fitting orders from 22 to 200
Order=22(0/90)
Order=24(1/90)
Order=26(2/90)
Order=28(3/90)
Order=30(4/90)
Order=32(5/90)
Order=34(6/90)
Order=36(7/90)
Order=38(8/90)
Order=40(9/90)
Order=42(10/90)
Order=44(11/90)
Order=46(12/90)
Order=48(13/90)
Order=50(14/90)
Order=52(15/90)
Order=54(16/90)
Order=56(17/90)
Order=58(18/90)
Order=60(19/90)
Found 6 real poles and 11 conjugate complex pairs.
Final number of poles: 17
Saved figure: WMP_Lib/Au197/2085-2339_MT2.png
Saved figure: WMP_Lib/Au197/2085-2339_MT27.png
Saved figure: WMP_Lib/Au197/2085-2339_MT102.png
Vector fitting piece 31/44...
  energy: 2.234e+03 to 2.497e+03 eV (3800 points)
  error tolerance: rtol=0.001, atol=1e-05
Found 11 peaks
Fitting orders from 22 to 200
Order=22(0/90)
Order=24(1/90)
Order=26(2/90)
Order=28(3/90)
Order=30(4/90)
Order=32(5/90)
Order=34(6/90)
Order=36(7/90)
Order=38(8/90)
Order=40(9/90)
Order=42(10/90)
Order=44(11/90)
Order=46(12/90)
Order=48(13/90)
Order=50(14/90)
Order=52(15/90)
Order=54(16/90)
Order=56(17/90)
Order=58(18/90)
Order=60(19/90)
Found 4 real poles and 12 conjugate complex pairs.
Final number of poles: 16
Saved figure: WMP_Lib/Au197/2234-2497_MT2.png
Saved figure: WMP_Lib/Au197/2234-2497_MT27.png
Saved figure: WMP_Lib/Au197/2234-2497_MT102.png
Vector fitting piece 32/44...
  energy: 2.388e+03 to 2.662e+03 eV (4824 points)
  error tolerance: rtol=0.001, atol=1e-05
Found 16 peaks
Fitting orders from 32 to 200
Order=32(0/85)
Order=34(1/85)
Order=36(2/85)
Order=38(3/85)
Order=40(4/85)
Order=42(5/85)
Order=44(6/85)
Order=46(7/85)
Order=48(8/85)
Order=50(9/85)
Order=52(10/85)
Order=54(11/85)
Order=56(12/85)
Order=58(13/85)
Order=60(14/85)
Found 6 real poles and 16 conjugate complex pairs.
Final number of poles: 22
Saved figure: WMP_Lib/Au197/2388-2662_MT2.png
Saved figure: WMP_Lib/Au197/2388-2662_MT27.png
Saved figure: WMP_Lib/Au197/2388-2662_MT102.png
Vector fitting piece 33/44...
  energy: 2.548e+03 to 2.828e+03 eV (4743 points)
  error tolerance: rtol=0.001, atol=1e-05
Found 16 peaks
Fitting orders from 32 to 200
Order=32(0/85)
Order=34(1/85)
Order=36(2/85)
Order=38(3/85)
Order=40(4/85)
Order=42(5/85)
Order=44(6/85)
Order=46(7/85)
Order=48(8/85)
Order=50(9/85)
Order=52(10/85)
Order=54(11/85)
Order=56(12/85)
Order=58(13/85)
Order=60(14/85)
Found 4 real poles and 18 conjugate complex pairs.
Final number of poles: 22
Saved figure: WMP_Lib/Au197/2548-2828_MT2.png
Saved figure: WMP_Lib/Au197/2548-2828_MT27.png
Saved figure: WMP_Lib/Au197/2548-2828_MT102.png
Vector fitting piece 34/44...
  energy: 2.713e+03 to 3.003e+03 eV (4625 points)
  error tolerance: rtol=0.001, atol=1e-05
Found 15 peaks
Fitting orders from 30 to 200
Order=30(0/86)
Order=32(1/86)
Order=34(2/86)
Order=36(3/86)
Order=38(4/86)
Order=40(5/86)
Order=42(6/86)
Order=44(7/86)
Order=46(8/86)
Order=48(9/86)
Order=50(10/86)
Order=52(11/86)
Order=54(12/86)
Order=56(13/86)
Order=58(14/86)
Order=60(15/86)
Found 4 real poles and 16 conjugate complex pairs.
Final number of poles: 20
Saved figure: WMP_Lib/Au197/2713-3003_MT2.png
Saved figure: WMP_Lib/Au197/2713-3003_MT27.png
Saved figure: WMP_Lib/Au197/2713-3003_MT102.png
Vector fitting piece 35/44...
  energy: 2.883e+03 to 3.181e+03 eV (4037 points)
  error tolerance: rtol=0.001, atol=1e-05
Found 14 peaks
Fitting orders from 28 to 200
Order=28(0/87)
Order=30(1/87)
Order=32(2/87)
Order=34(3/87)
Order=36(4/87)
Order=38(5/87)
Order=40(6/87)
Order=42(7/87)
Order=44(8/87)
Order=46(9/87)
Order=48(10/87)
Order=50(11/87)
Order=52(12/87)
Order=54(13/87)
Order=56(14/87)
Order=58(15/87)
Order=60(16/87)
Found 4 real poles and 15 conjugate complex pairs.
Final number of poles: 19
Saved figure: WMP_Lib/Au197/2883-3181_MT2.png
Saved figure: WMP_Lib/Au197/2883-3181_MT27.png
Saved figure: WMP_Lib/Au197/2883-3181_MT102.png
Vector fitting piece 36/44...
  energy: 3.058e+03 to 3.364e+03 eV (4703 points)
  error tolerance: rtol=0.001, atol=1e-05
Found 17 peaks
Fitting orders from 34 to 200
Order=34(0/84)
Order=36(1/84)
Order=38(2/84)
Order=40(3/84)
Order=42(4/84)
Order=44(5/84)
Order=46(6/84)
Order=48(7/84)
Order=50(8/84)
Order=52(9/84)
Order=54(10/84)
Order=56(11/84)
Order=58(12/84)
Order=60(13/84)
Found 6 real poles and 17 conjugate complex pairs.
Final number of poles: 23
Saved figure: WMP_Lib/Au197/3058-3364_MT2.png
Saved figure: WMP_Lib/Au197/3058-3364_MT27.png
Saved figure: WMP_Lib/Au197/3058-3364_MT102.png
Vector fitting piece 37/44...
  energy: 3.238e+03 to 3.553e+03 eV (5318 points)
  error tolerance: rtol=0.001, atol=1e-05
Found 19 peaks
Fitting orders from 38 to 200
Order=38(0/82)
Order=40(1/82)
Order=42(2/82)
Order=44(3/82)
Order=46(4/82)
Order=48(5/82)
Order=50(6/82)
Order=52(7/82)
Order=54(8/82)
Order=56(9/82)
Order=58(10/82)
Order=60(11/82)
Found 6 real poles and 19 conjugate complex pairs.
Final number of poles: 25
Saved figure: WMP_Lib/Au197/3238-3553_MT2.png
Saved figure: WMP_Lib/Au197/3238-3553_MT27.png
Saved figure: WMP_Lib/Au197/3238-3553_MT102.png
Vector fitting piece 38/44...
  energy: 3.423e+03 to 3.747e+03 eV (4803 points)
  error tolerance: rtol=0.001, atol=1e-05
Found 17 peaks
Fitting orders from 34 to 200
Order=34(0/84)
Order=36(1/84)
Order=38(2/84)
Order=40(3/84)
Order=42(4/84)
Order=44(5/84)
Order=46(6/84)
Order=48(7/84)
Order=50(8/84)
Order=52(9/84)
Order=54(10/84)
Order=56(11/84)
Order=58(12/84)
Order=60(13/84)
Found 6 real poles and 17 conjugate complex pairs.
Final number of poles: 23
Saved figure: WMP_Lib/Au197/3423-3747_MT2.png
Saved figure: WMP_Lib/Au197/3423-3747_MT27.png
Saved figure: WMP_Lib/Au197/3423-3747_MT102.png
Vector fitting piece 39/44...
  energy: 3.614e+03 to 3.947e+03 eV (4891 points)
  error tolerance: rtol=0.001, atol=1e-05
Found 18 peaks
Fitting orders from 36 to 200
Order=36(0/83)
Order=38(1/83)
Order=40(2/83)
Order=42(3/83)
Order=44(4/83)
Order=46(5/83)
Order=48(6/83)
Order=50(7/83)
Order=52(8/83)
Order=54(9/83)
Order=56(10/83)
Order=58(11/83)
Order=60(12/83)
Found 4 real poles and 19 conjugate complex pairs.
Final number of poles: 23
Saved figure: WMP_Lib/Au197/3614-3947_MT2.png
Saved figure: WMP_Lib/Au197/3614-3947_MT27.png
Saved figure: WMP_Lib/Au197/3614-3947_MT102.png
Vector fitting piece 40/44...
  energy: 3.810e+03 to 4.151e+03 eV (4835 points)
  error tolerance: rtol=0.001, atol=1e-05
Found 16 peaks
Fitting orders from 32 to 200
Order=32(0/85)
Order=34(1/85)
Order=36(2/85)
Order=38(3/85)
Order=40(4/85)
Order=42(5/85)
Order=44(6/85)
Order=46(7/85)
Order=48(8/85)
Order=50(9/85)
Order=52(10/85)
Order=54(11/85)
Order=56(12/85)
Order=58(13/85)
Order=60(14/85)
Found 4 real poles and 17 conjugate complex pairs.
Final number of poles: 21
Saved figure: WMP_Lib/Au197/3810-4151_MT2.png
Saved figure: WMP_Lib/Au197/3810-4151_MT27.png
Saved figure: WMP_Lib/Au197/3810-4151_MT102.png
Vector fitting piece 41/44...
  energy: 4.011e+03 to 4.361e+03 eV (4768 points)
  error tolerance: rtol=0.001, atol=1e-05
Found 16 peaks
Fitting orders from 32 to 200
Order=32(0/85)
Order=34(1/85)
Order=36(2/85)
Order=38(3/85)
Order=40(4/85)
Order=42(5/85)
Order=44(6/85)
Order=46(7/85)
Order=48(8/85)
Order=50(9/85)
Order=52(10/85)
Order=54(11/85)
Order=56(12/85)
Order=58(13/85)
Order=60(14/85)
Found 6 real poles and 16 conjugate complex pairs.
Final number of poles: 22
Saved figure: WMP_Lib/Au197/4011-4361_MT2.png
Saved figure: WMP_Lib/Au197/4011-4361_MT27.png
Saved figure: WMP_Lib/Au197/4011-4361_MT102.png
Vector fitting piece 42/44...
  energy: 4.217e+03 to 4.576e+03 eV (5329 points)
  error tolerance: rtol=0.001, atol=1e-05
Found 18 peaks
Fitting orders from 36 to 200
Order=36(0/83)
Order=38(1/83)
Order=40(2/83)
Order=42(3/83)
Order=44(4/83)
Order=46(5/83)
Order=48(6/83)
Order=50(7/83)
Order=52(8/83)
Order=54(9/83)
Order=56(10/83)
Order=58(11/83)
Order=60(12/83)
Found 4 real poles and 19 conjugate complex pairs.
Final number of poles: 23
Saved figure: WMP_Lib/Au197/4217-4576_MT2.png
Saved figure: WMP_Lib/Au197/4217-4576_MT27.png
Saved figure: WMP_Lib/Au197/4217-4576_MT102.png
Vector fitting piece 43/44...
  energy: 4.429e+03 to 4.796e+03 eV (4900 points)
  error tolerance: rtol=0.001, atol=1e-05
Found 18 peaks
Fitting orders from 36 to 200
Order=36(0/83)
Order=38(1/83)
Order=40(2/83)
Order=42(3/83)
Order=44(4/83)
Order=46(5/83)
Order=48(6/83)
Order=50(7/83)
Order=52(8/83)
Order=54(9/83)
Order=56(10/83)
Order=58(11/83)
Order=60(12/83)
Found 4 real poles and 19 conjugate complex pairs.
Final number of poles: 23
Saved figure: WMP_Lib/Au197/4429-4796_MT2.png
Saved figure: WMP_Lib/Au197/4429-4796_MT27.png
Saved figure: WMP_Lib/Au197/4429-4796_MT102.png
Vector fitting piece 44/44...
  energy: 4.645e+03 to 5.000e+03 eV (2873 points)
  error tolerance: rtol=0.001, atol=1e-05
Found 10 peaks
Fitting orders from 20 to 200
Order=20(0/91)
Order=22(1/91)
Order=24(2/91)
Order=26(3/91)
Order=28(4/91)
Order=30(5/91)
Order=32(6/91)
Order=34(7/91)
Order=36(8/91)
Order=38(9/91)
Order=40(10/91)
Order=42(11/91)
Order=44(12/91)
Order=46(13/91)
Order=48(14/91)
Order=50(15/91)
Order=52(16/91)
Order=54(17/91)
Order=56(18/91)
Order=58(19/91)
Order=60(20/91)
Found 4 real poles and 10 conjugate complex pairs.
Final number of poles: 14
Saved figure: WMP_Lib/Au197/4645-5000_MT2.png
Saved figure: WMP_Lib/Au197/4645-5000_MT27.png
Saved figure: WMP_Lib/Au197/4645-5000_MT102.png
Dumped multipole data to file: WMP_Lib/Au197/Au197_mp.pickle
Start searching ...
Testing N_win=33 N_cf=10
Failed: Window spacing cannot be larger than piece spacing.
Testing N_win=136 N_cf=10
Windowing:
  config: # windows=136, spacing=0.5199081527200472, CF order=10
  error tolerance: rtol=0.001, atol=1e-05
Best library so far.
Testing N_win=136 N_cf=9
Windowing:
  config: # windows=136, spacing=0.5199081527200472, CF order=9
  error tolerance: rtol=0.001, atol=1e-05
Best library so far.
Testing N_win=136 N_cf=8
Windowing:
  config: # windows=136, spacing=0.5199081527200472, CF order=8
  error tolerance: rtol=0.001, atol=1e-05
Best library so far.
Testing N_win=136 N_cf=7
Windowing:
  config: # windows=136, spacing=0.5199081527200472, CF order=7
  error tolerance: rtol=0.001, atol=1e-05
Best library so far.
Testing N_win=136 N_cf=6
Windowing:
  config: # windows=136, spacing=0.5199081527200472, CF order=6
  error tolerance: rtol=0.001, atol=1e-05
Best library so far.
Testing N_win=136 N_cf=5
Windowing:
  config: # windows=136, spacing=0.5199081527200472, CF order=5
  error tolerance: rtol=0.001, atol=1e-05
Best library so far.
Testing N_win=136 N_cf=4
Windowing:
  config: # windows=136, spacing=0.5199081527200472, CF order=4
  error tolerance: rtol=0.001, atol=1e-05
Best library so far.
Testing N_win=136 N_cf=3
Windowing:
  config: # windows=136, spacing=0.5199081527200472, CF order=3
  error tolerance: rtol=0.001, atol=1e-05
Failed: Pure curvefit failed for the first window!
Testing N_win=240 N_cf=10
Windowing:
  config: # windows=240, spacing=0.2946146198746934, CF order=10
  error tolerance: rtol=0.001, atol=1e-05
Best library so far.
Testing N_win=240 N_cf=9
Windowing:
  config: # windows=240, spacing=0.2946146198746934, CF order=9
  error tolerance: rtol=0.001, atol=1e-05
Best library so far.
Testing N_win=240 N_cf=8
Windowing:
  config: # windows=240, spacing=0.2946146198746934, CF order=8
  error tolerance: rtol=0.001, atol=1e-05
Best library so far.
Testing N_win=240 N_cf=7
Windowing:
  config: # windows=240, spacing=0.2946146198746934, CF order=7
  error tolerance: rtol=0.001, atol=1e-05
Best library so far.
Testing N_win=240 N_cf=6
Windowing:
  config: # windows=240, spacing=0.2946146198746934, CF order=6
  error tolerance: rtol=0.001, atol=1e-05
Best library so far.
Testing N_win=240 N_cf=5
Windowing:
  config: # windows=240, spacing=0.2946146198746934, CF order=5
  error tolerance: rtol=0.001, atol=1e-05
Best library so far.
Testing N_win=240 N_cf=4
Windowing:
  config: # windows=240, spacing=0.2946146198746934, CF order=4
  error tolerance: rtol=0.001, atol=1e-05
Best library so far.
Testing N_win=240 N_cf=3
Windowing:
  config: # windows=240, spacing=0.2946146198746934, CF order=3
  error tolerance: rtol=0.001, atol=1e-05
Testing N_win=240 N_cf=2
Windowing:
  config: # windows=240, spacing=0.2946146198746934, CF order=2
  error tolerance: rtol=0.001, atol=1e-05
Failed: Pure curvefit failed for the first window!
Testing N_win=343 N_cf=10
Windowing:
  config: # windows=343, spacing=0.20614434043710328, CF order=10
  error tolerance: rtol=0.001, atol=1e-05
Testing N_win=343 N_cf=9
Windowing:
  config: # windows=343, spacing=0.20614434043710328, CF order=9
  error tolerance: rtol=0.001, atol=1e-05
Best library so far.
Testing N_win=343 N_cf=8
Windowing:
  config: # windows=343, spacing=0.20614434043710328, CF order=8
  error tolerance: rtol=0.001, atol=1e-05
Best library so far.
Testing N_win=343 N_cf=7
Windowing:
  config: # windows=343, spacing=0.20614434043710328, CF order=7
  error tolerance: rtol=0.001, atol=1e-05
Best library so far.
Testing N_win=343 N_cf=6
Windowing:
  config: # windows=343, spacing=0.20614434043710328, CF order=6
  error tolerance: rtol=0.001, atol=1e-05
Best library so far.
Testing N_win=343 N_cf=5
Windowing:
  config: # windows=343, spacing=0.20614434043710328, CF order=5
  error tolerance: rtol=0.001, atol=1e-05
Best library so far.
Testing N_win=343 N_cf=4
Windowing:
  config: # windows=343, spacing=0.20614434043710328, CF order=4
  error tolerance: rtol=0.001, atol=1e-05
Best library so far.
Testing N_win=343 N_cf=3
Windowing:
  config: # windows=343, spacing=0.20614434043710328, CF order=3
  error tolerance: rtol=0.001, atol=1e-05
Testing N_win=343 N_cf=2
Windowing:
  config: # windows=343, spacing=0.20614434043710328, CF order=2
  error tolerance: rtol=0.001, atol=1e-05
Failed: Pure curvefit failed for the first window!
Testing N_win=447 N_cf=10
Windowing:
  config: # windows=447, spacing=0.15818234624144614, CF order=10
  error tolerance: rtol=0.001, atol=1e-05
Testing N_win=447 N_cf=9
Windowing:
  config: # windows=447, spacing=0.15818234624144614, CF order=9
  error tolerance: rtol=0.001, atol=1e-05
Testing N_win=447 N_cf=8
Windowing:
  config: # windows=447, spacing=0.15818234624144614, CF order=8
  error tolerance: rtol=0.001, atol=1e-05
Testing N_win=447 N_cf=7
Windowing:
  config: # windows=447, spacing=0.15818234624144614, CF order=7
  error tolerance: rtol=0.001, atol=1e-05
Testing N_win=447 N_cf=6
Windowing:
  config: # windows=447, spacing=0.15818234624144614, CF order=6
  error tolerance: rtol=0.001, atol=1e-05
Best library so far.
Testing N_win=447 N_cf=5
Windowing:
  config: # windows=447, spacing=0.15818234624144614, CF order=5
  error tolerance: rtol=0.001, atol=1e-05
Best library so far.
Testing N_win=447 N_cf=4
Windowing:
  config: # windows=447, spacing=0.15818234624144614, CF order=4
  error tolerance: rtol=0.001, atol=1e-05
Best library so far.
Testing N_win=447 N_cf=3
Windowing:
  config: # windows=447, spacing=0.15818234624144614, CF order=3
  error tolerance: rtol=0.001, atol=1e-05
Testing N_win=447 N_cf=2
Windowing:
  config: # windows=447, spacing=0.15818234624144614, CF order=2
  error tolerance: rtol=0.001, atol=1e-05
Failed: Pure curvefit failed for the first window!
Testing N_win=550 N_cf=10
Windowing:
  config: # windows=550, spacing=0.1285591068544117, CF order=10
  error tolerance: rtol=0.001, atol=1e-05
Testing N_win=550 N_cf=9
Windowing:
  config: # windows=550, spacing=0.1285591068544117, CF order=9
  error tolerance: rtol=0.001, atol=1e-05
Testing N_win=550 N_cf=8
Windowing:
  config: # windows=550, spacing=0.1285591068544117, CF order=8
  error tolerance: rtol=0.001, atol=1e-05
Testing N_win=550 N_cf=7
Windowing:
  config: # windows=550, spacing=0.1285591068544117, CF order=7
  error tolerance: rtol=0.001, atol=1e-05
Testing N_win=550 N_cf=6
Windowing:
  config: # windows=550, spacing=0.1285591068544117, CF order=6
  error tolerance: rtol=0.001, atol=1e-05
Testing N_win=550 N_cf=5
Windowing:
  config: # windows=550, spacing=0.1285591068544117, CF order=5
  error tolerance: rtol=0.001, atol=1e-05
Best library so far.
Testing N_win=550 N_cf=4
Windowing:
  config: # windows=550, spacing=0.1285591068544117, CF order=4
  error tolerance: rtol=0.001, atol=1e-05
Best library so far.
Testing N_win=550 N_cf=3
Windowing:
  config: # windows=550, spacing=0.1285591068544117, CF order=3
  error tolerance: rtol=0.001, atol=1e-05
Best library so far.
Testing N_win=550 N_cf=2
Windowing:
  config: # windows=550, spacing=0.1285591068544117, CF order=2
  error tolerance: rtol=0.001, atol=1e-05
Failed: Pure curvefit failed for the first window!
Testing N_win=654 N_cf=10
Windowing:
  config: # windows=654, spacing=0.10811545683474988, CF order=10
  error tolerance: rtol=0.001, atol=1e-05
Testing N_win=654 N_cf=9
Windowing:
  config: # windows=654, spacing=0.10811545683474988, CF order=9
  error tolerance: rtol=0.001, atol=1e-05
Testing N_win=654 N_cf=8
Windowing:
  config: # windows=654, spacing=0.10811545683474988, CF order=8
  error tolerance: rtol=0.001, atol=1e-05
Testing N_win=654 N_cf=7
Windowing:
  config: # windows=654, spacing=0.10811545683474988, CF order=7
  error tolerance: rtol=0.001, atol=1e-05
Testing N_win=654 N_cf=6
Windowing:
  config: # windows=654, spacing=0.10811545683474988, CF order=6
  error tolerance: rtol=0.001, atol=1e-05
Testing N_win=654 N_cf=5
Windowing:
  config: # windows=654, spacing=0.10811545683474988, CF order=5
  error tolerance: rtol=0.001, atol=1e-05
Testing N_win=654 N_cf=4
Windowing:
  config: # windows=654, spacing=0.10811545683474988, CF order=4
  error tolerance: rtol=0.001, atol=1e-05
Best library so far.
Testing N_win=654 N_cf=3
Windowing:
  config: # windows=654, spacing=0.10811545683474988, CF order=3
  error tolerance: rtol=0.001, atol=1e-05
Best library so far.
Testing N_win=654 N_cf=2
Windowing:
  config: # windows=654, spacing=0.10811545683474988, CF order=2
  error tolerance: rtol=0.001, atol=1e-05
Failed: Pure curvefit failed for the first window!
Testing N_win=757 N_cf=10
Windowing:
  config: # windows=757, spacing=0.0934048992997707, CF order=10
  error tolerance: rtol=0.001, atol=1e-05
Testing N_win=757 N_cf=9
Windowing:
  config: # windows=757, spacing=0.0934048992997707, CF order=9
  error tolerance: rtol=0.001, atol=1e-05
Testing N_win=757 N_cf=8
Windowing:
  config: # windows=757, spacing=0.0934048992997707, CF order=8
  error tolerance: rtol=0.001, atol=1e-05
Testing N_win=757 N_cf=7
Windowing:
  config: # windows=757, spacing=0.0934048992997707, CF order=7
  error tolerance: rtol=0.001, atol=1e-05
Testing N_win=757 N_cf=6
Windowing:
  config: # windows=757, spacing=0.0934048992997707, CF order=6
  error tolerance: rtol=0.001, atol=1e-05
Testing N_win=757 N_cf=5
Windowing:
  config: # windows=757, spacing=0.0934048992997707, CF order=5
  error tolerance: rtol=0.001, atol=1e-05
Testing N_win=757 N_cf=4
Windowing:
  config: # windows=757, spacing=0.0934048992997707, CF order=4
  error tolerance: rtol=0.001, atol=1e-05
Testing N_win=757 N_cf=3
Windowing:
  config: # windows=757, spacing=0.0934048992997707, CF order=3
  error tolerance: rtol=0.001, atol=1e-05
Testing N_win=757 N_cf=2
Windowing:
  config: # windows=757, spacing=0.0934048992997707, CF order=2
  error tolerance: rtol=0.001, atol=1e-05
Failed: Pure curvefit failed for the first window!
Testing N_win=861 N_cf=10
Windowing:
  config: # windows=861, spacing=0.08212254212535008, CF order=10
  error tolerance: rtol=0.001, atol=1e-05
Testing N_win=861 N_cf=9
Windowing:
  config: # windows=861, spacing=0.08212254212535008, CF order=9
  error tolerance: rtol=0.001, atol=1e-05
Testing N_win=861 N_cf=8
Windowing:
  config: # windows=861, spacing=0.08212254212535008, CF order=8
  error tolerance: rtol=0.001, atol=1e-05
Testing N_win=861 N_cf=7
Windowing:
  config: # windows=861, spacing=0.08212254212535008, CF order=7
  error tolerance: rtol=0.001, atol=1e-05
Testing N_win=861 N_cf=6
Windowing:
  config: # windows=861, spacing=0.08212254212535008, CF order=6
  error tolerance: rtol=0.001, atol=1e-05
Testing N_win=861 N_cf=5
Windowing:
  config: # windows=861, spacing=0.08212254212535008, CF order=5
  error tolerance: rtol=0.001, atol=1e-05
Testing N_win=861 N_cf=4
Windowing:
  config: # windows=861, spacing=0.08212254212535008, CF order=4
  error tolerance: rtol=0.001, atol=1e-05
Testing N_win=861 N_cf=3
Windowing:
  config: # windows=861, spacing=0.08212254212535008, CF order=3
  error tolerance: rtol=0.001, atol=1e-05
Testing N_win=861 N_cf=2
Windowing:
  config: # windows=861, spacing=0.08212254212535008, CF order=2
  error tolerance: rtol=0.001, atol=1e-05
Failed: Pure curvefit failed for the first window!
Testing N_win=964 N_cf=10
Windowing:
  config: # windows=964, spacing=0.0733480381430772, CF order=10
  error tolerance: rtol=0.001, atol=1e-05
Testing N_win=964 N_cf=9
Windowing:
  config: # windows=964, spacing=0.0733480381430772, CF order=9
  error tolerance: rtol=0.001, atol=1e-05
Testing N_win=964 N_cf=8
Windowing:
  config: # windows=964, spacing=0.0733480381430772, CF order=8
  error tolerance: rtol=0.001, atol=1e-05
Testing N_win=964 N_cf=7
Windowing:
  config: # windows=964, spacing=0.0733480381430772, CF order=7
  error tolerance: rtol=0.001, atol=1e-05
Testing N_win=964 N_cf=6
Windowing:
  config: # windows=964, spacing=0.0733480381430772, CF order=6
  error tolerance: rtol=0.001, atol=1e-05
Testing N_win=964 N_cf=5
Windowing:
  config: # windows=964, spacing=0.0733480381430772, CF order=5
  error tolerance: rtol=0.001, atol=1e-05
Testing N_win=964 N_cf=4
Windowing:
  config: # windows=964, spacing=0.0733480381430772, CF order=4
  error tolerance: rtol=0.001, atol=1e-05
Testing N_win=964 N_cf=3
Windowing:
  config: # windows=964, spacing=0.0733480381430772, CF order=3
  error tolerance: rtol=0.001, atol=1e-05
Testing N_win=964 N_cf=2
Windowing:
  config: # windows=964, spacing=0.0733480381430772, CF order=2
  error tolerance: rtol=0.001, atol=1e-05
Failed: Pure curvefit failed for the first window!
Testing N_win=1068 N_cf=10
Windowing:
  config: # windows=1068, spacing=0.06620553255611088, CF order=10
  error tolerance: rtol=0.001, atol=1e-05
Testing N_win=1068 N_cf=9
Windowing:
  config: # windows=1068, spacing=0.06620553255611088, CF order=9
  error tolerance: rtol=0.001, atol=1e-05
Testing N_win=1068 N_cf=8
Windowing:
  config: # windows=1068, spacing=0.06620553255611088, CF order=8
  error tolerance: rtol=0.001, atol=1e-05
Testing N_win=1068 N_cf=7
Windowing:
  config: # windows=1068, spacing=0.06620553255611088, CF order=7
  error tolerance: rtol=0.001, atol=1e-05
Testing N_win=1068 N_cf=6
Windowing:
  config: # windows=1068, spacing=0.06620553255611088, CF order=6
  error tolerance: rtol=0.001, atol=1e-05
Testing N_win=1068 N_cf=5
Windowing:
  config: # windows=1068, spacing=0.06620553255611088, CF order=5
  error tolerance: rtol=0.001, atol=1e-05
Testing N_win=1068 N_cf=4
Windowing:
  config: # windows=1068, spacing=0.06620553255611088, CF order=4
  error tolerance: rtol=0.001, atol=1e-05
Testing N_win=1068 N_cf=3
Windowing:
  config: # windows=1068, spacing=0.06620553255611088, CF order=3
  error tolerance: rtol=0.001, atol=1e-05
Testing N_win=1068 N_cf=2
Windowing:
  config: # windows=1068, spacing=0.06620553255611088, CF order=2
  error tolerance: rtol=0.001, atol=1e-05
Failed: Pure curvefit failed for the first window!
Testing N_win=1171 N_cf=10
Windowing:
  config: # windows=1171, spacing=0.060382159496094295, CF order=10
  error tolerance: rtol=0.001, atol=1e-05
Testing N_win=1171 N_cf=9
Windowing:
  config: # windows=1171, spacing=0.060382159496094295, CF order=9
  error tolerance: rtol=0.001, atol=1e-05
Testing N_win=1171 N_cf=8
Windowing:
  config: # windows=1171, spacing=0.060382159496094295, CF order=8
  error tolerance: rtol=0.001, atol=1e-05
Testing N_win=1171 N_cf=7
Windowing:
  config: # windows=1171, spacing=0.060382159496094295, CF order=7
  error tolerance: rtol=0.001, atol=1e-05
Testing N_win=1171 N_cf=6
Windowing:
  config: # windows=1171, spacing=0.060382159496094295, CF order=6
  error tolerance: rtol=0.001, atol=1e-05
Testing N_win=1171 N_cf=5
Windowing:
  config: # windows=1171, spacing=0.060382159496094295, CF order=5
  error tolerance: rtol=0.001, atol=1e-05
Testing N_win=1171 N_cf=4
Windowing:
  config: # windows=1171, spacing=0.060382159496094295, CF order=4
  error tolerance: rtol=0.001, atol=1e-05
Testing N_win=1171 N_cf=3
Windowing:
  config: # windows=1171, spacing=0.060382159496094295, CF order=3
  error tolerance: rtol=0.001, atol=1e-05
Testing N_win=1171 N_cf=2
Windowing:
  config: # windows=1171, spacing=0.060382159496094295, CF order=2
  error tolerance: rtol=0.001, atol=1e-05
Failed: Pure curvefit failed for the first window!
Testing N_win=1275 N_cf=10
Windowing:
  config: # windows=1275, spacing=0.055456869623471704, CF order=10
  error tolerance: rtol=0.001, atol=1e-05
Testing N_win=1275 N_cf=9
Windowing:
  config: # windows=1275, spacing=0.055456869623471704, CF order=9
  error tolerance: rtol=0.001, atol=1e-05
Testing N_win=1275 N_cf=8
Windowing:
  config: # windows=1275, spacing=0.055456869623471704, CF order=8
  error tolerance: rtol=0.001, atol=1e-05
Testing N_win=1275 N_cf=7
Windowing:
  config: # windows=1275, spacing=0.055456869623471704, CF order=7
  error tolerance: rtol=0.001, atol=1e-05
Testing N_win=1275 N_cf=6
Windowing:
  config: # windows=1275, spacing=0.055456869623471704, CF order=6
  error tolerance: rtol=0.001, atol=1e-05
Testing N_win=1275 N_cf=5
Windowing:
  config: # windows=1275, spacing=0.055456869623471704, CF order=5
  error tolerance: rtol=0.001, atol=1e-05
Testing N_win=1275 N_cf=4
Windowing:
  config: # windows=1275, spacing=0.055456869623471704, CF order=4
  error tolerance: rtol=0.001, atol=1e-05
Testing N_win=1275 N_cf=3
Windowing:
  config: # windows=1275, spacing=0.055456869623471704, CF order=3
  error tolerance: rtol=0.001, atol=1e-05
Testing N_win=1275 N_cf=2
Windowing:
  config: # windows=1275, spacing=0.055456869623471704, CF order=2
  error tolerance: rtol=0.001, atol=1e-05
Failed: Pure curvefit failed for the first window!
Testing N_win=1378 N_cf=10
Windowing:
  config: # windows=1378, spacing=0.05131168996366214, CF order=10
  error tolerance: rtol=0.001, atol=1e-05
Testing N_win=1378 N_cf=9
Windowing:
  config: # windows=1378, spacing=0.05131168996366214, CF order=9
  error tolerance: rtol=0.001, atol=1e-05
Testing N_win=1378 N_cf=8
Windowing:
  config: # windows=1378, spacing=0.05131168996366214, CF order=8
  error tolerance: rtol=0.001, atol=1e-05
Testing N_win=1378 N_cf=7
Windowing:
  config: # windows=1378, spacing=0.05131168996366214, CF order=7
  error tolerance: rtol=0.001, atol=1e-05
Testing N_win=1378 N_cf=6
Windowing:
  config: # windows=1378, spacing=0.05131168996366214, CF order=6
  error tolerance: rtol=0.001, atol=1e-05
Testing N_win=1378 N_cf=5
Windowing:
  config: # windows=1378, spacing=0.05131168996366214, CF order=5
  error tolerance: rtol=0.001, atol=1e-05
Testing N_win=1378 N_cf=4
Windowing:
  config: # windows=1378, spacing=0.05131168996366214, CF order=4
  error tolerance: rtol=0.001, atol=1e-05
Testing N_win=1378 N_cf=3
Windowing:
  config: # windows=1378, spacing=0.05131168996366214, CF order=3
  error tolerance: rtol=0.001, atol=1e-05
Testing N_win=1378 N_cf=2
Windowing:
  config: # windows=1378, spacing=0.05131168996366214, CF order=2
  error tolerance: rtol=0.001, atol=1e-05
Failed: Pure curvefit failed for the first window!
Testing N_win=1482 N_cf=10
Windowing:
  config: # windows=1482, spacing=0.047710869615334967, CF order=10
  error tolerance: rtol=0.001, atol=1e-05
Testing N_win=1482 N_cf=9
Windowing:
  config: # windows=1482, spacing=0.047710869615334967, CF order=9
  error tolerance: rtol=0.001, atol=1e-05
Testing N_win=1482 N_cf=8
Windowing:
  config: # windows=1482, spacing=0.047710869615334967, CF order=8
  error tolerance: rtol=0.001, atol=1e-05
Testing N_win=1482 N_cf=7
Windowing:
  config: # windows=1482, spacing=0.047710869615334967, CF order=7
  error tolerance: rtol=0.001, atol=1e-05
Testing N_win=1482 N_cf=6
Windowing:
  config: # windows=1482, spacing=0.047710869615334967, CF order=6
  error tolerance: rtol=0.001, atol=1e-05
Testing N_win=1482 N_cf=5
Windowing:
  config: # windows=1482, spacing=0.047710869615334967, CF order=5
  error tolerance: rtol=0.001, atol=1e-05
Testing N_win=1482 N_cf=4
Windowing:
  config: # windows=1482, spacing=0.047710869615334967, CF order=4
  error tolerance: rtol=0.001, atol=1e-05
Testing N_win=1482 N_cf=3
Windowing:
  config: # windows=1482, spacing=0.047710869615334967, CF order=3
  error tolerance: rtol=0.001, atol=1e-05
Testing N_win=1482 N_cf=2
Windowing:
  config: # windows=1482, spacing=0.047710869615334967, CF order=2
  error tolerance: rtol=0.001, atol=1e-05
Failed: Pure curvefit failed for the first window!
Testing N_win=1585 N_cf=10
Windowing:
  config: # windows=1585, spacing=0.04461041562771383, CF order=10
  error tolerance: rtol=0.001, atol=1e-05
Testing N_win=1585 N_cf=9
Windowing:
  config: # windows=1585, spacing=0.04461041562771383, CF order=9
  error tolerance: rtol=0.001, atol=1e-05
Testing N_win=1585 N_cf=8
Windowing:
  config: # windows=1585, spacing=0.04461041562771383, CF order=8
  error tolerance: rtol=0.001, atol=1e-05
Testing N_win=1585 N_cf=7
Windowing:
  config: # windows=1585, spacing=0.04461041562771383, CF order=7
  error tolerance: rtol=0.001, atol=1e-05
Testing N_win=1585 N_cf=6
Windowing:
  config: # windows=1585, spacing=0.04461041562771383, CF order=6
  error tolerance: rtol=0.001, atol=1e-05
Testing N_win=1585 N_cf=5
Windowing:
  config: # windows=1585, spacing=0.04461041562771383, CF order=5
  error tolerance: rtol=0.001, atol=1e-05
Testing N_win=1585 N_cf=4
Windowing:
  config: # windows=1585, spacing=0.04461041562771383, CF order=4
  error tolerance: rtol=0.001, atol=1e-05
Testing N_win=1585 N_cf=3
Windowing:
  config: # windows=1585, spacing=0.04461041562771383, CF order=3
  error tolerance: rtol=0.001, atol=1e-05
Testing N_win=1585 N_cf=2
Windowing:
  config: # windows=1585, spacing=0.04461041562771383, CF order=2
  error tolerance: rtol=0.001, atol=1e-05
Failed: Pure curvefit failed for the first window!
Testing N_win=1689 N_cf=10
Windowing:
  config: # windows=1689, spacing=0.04186353390759409, CF order=10
  error tolerance: rtol=0.001, atol=1e-05
Testing N_win=1689 N_cf=9
Windowing:
  config: # windows=1689, spacing=0.04186353390759409, CF order=9
  error tolerance: rtol=0.001, atol=1e-05
Testing N_win=1689 N_cf=8
Windowing:
  config: # windows=1689, spacing=0.04186353390759409, CF order=8
  error tolerance: rtol=0.001, atol=1e-05
Testing N_win=1689 N_cf=7
Windowing:
  config: # windows=1689, spacing=0.04186353390759409, CF order=7
  error tolerance: rtol=0.001, atol=1e-05
Testing N_win=1689 N_cf=6
Windowing:
  config: # windows=1689, spacing=0.04186353390759409, CF order=6
  error tolerance: rtol=0.001, atol=1e-05
Testing N_win=1689 N_cf=5
Windowing:
  config: # windows=1689, spacing=0.04186353390759409, CF order=5
  error tolerance: rtol=0.001, atol=1e-05
Testing N_win=1689 N_cf=4
Windowing:
  config: # windows=1689, spacing=0.04186353390759409, CF order=4
  error tolerance: rtol=0.001, atol=1e-05
Testing N_win=1689 N_cf=3
Windowing:
  config: # windows=1689, spacing=0.04186353390759409, CF order=3
  error tolerance: rtol=0.001, atol=1e-05
Testing N_win=1689 N_cf=2
Windowing:
  config: # windows=1689, spacing=0.04186353390759409, CF order=2
  error tolerance: rtol=0.001, atol=1e-05
Failed: Pure curvefit failed for the first window!
Testing N_win=1792 N_cf=10
Windowing:
  config: # windows=1792, spacing=0.0394573151617893, CF order=10
  error tolerance: rtol=0.001, atol=1e-05
Testing N_win=1792 N_cf=9
Windowing:
  config: # windows=1792, spacing=0.0394573151617893, CF order=9
  error tolerance: rtol=0.001, atol=1e-05
Testing N_win=1792 N_cf=8
Windowing:
  config: # windows=1792, spacing=0.0394573151617893, CF order=8
  error tolerance: rtol=0.001, atol=1e-05
Testing N_win=1792 N_cf=7
Windowing:
  config: # windows=1792, spacing=0.0394573151617893, CF order=7
  error tolerance: rtol=0.001, atol=1e-05
Testing N_win=1792 N_cf=6
Windowing:
  config: # windows=1792, spacing=0.0394573151617893, CF order=6
  error tolerance: rtol=0.001, atol=1e-05
Testing N_win=1792 N_cf=5
Windowing:
  config: # windows=1792, spacing=0.0394573151617893, CF order=5
  error tolerance: rtol=0.001, atol=1e-05
Testing N_win=1792 N_cf=4
Windowing:
  config: # windows=1792, spacing=0.0394573151617893, CF order=4
  error tolerance: rtol=0.001, atol=1e-05
Testing N_win=1792 N_cf=3
Windowing:
  config: # windows=1792, spacing=0.0394573151617893, CF order=3
  error tolerance: rtol=0.001, atol=1e-05
Testing N_win=1792 N_cf=2
Windowing:
  config: # windows=1792, spacing=0.0394573151617893, CF order=2
  error tolerance: rtol=0.001, atol=1e-05
Failed: Pure curvefit failed for the first window!
Testing N_win=1896 N_cf=10
Windowing:
  config: # windows=1896, spacing=0.03729298985755613, CF order=10
  error tolerance: rtol=0.001, atol=1e-05
Testing N_win=1896 N_cf=9
Windowing:
  config: # windows=1896, spacing=0.03729298985755613, CF order=9
  error tolerance: rtol=0.001, atol=1e-05
Testing N_win=1896 N_cf=8
Windowing:
  config: # windows=1896, spacing=0.03729298985755613, CF order=8
  error tolerance: rtol=0.001, atol=1e-05
Testing N_win=1896 N_cf=7
Windowing:
  config: # windows=1896, spacing=0.03729298985755613, CF order=7
  error tolerance: rtol=0.001, atol=1e-05
Testing N_win=1896 N_cf=6
Windowing:
  config: # windows=1896, spacing=0.03729298985755613, CF order=6
  error tolerance: rtol=0.001, atol=1e-05
Testing N_win=1896 N_cf=5
Windowing:
  config: # windows=1896, spacing=0.03729298985755613, CF order=5
  error tolerance: rtol=0.001, atol=1e-05
Testing N_win=1896 N_cf=4
Windowing:
  config: # windows=1896, spacing=0.03729298985755613, CF order=4
  error tolerance: rtol=0.001, atol=1e-05
Testing N_win=1896 N_cf=3
Windowing:
  config: # windows=1896, spacing=0.03729298985755613, CF order=3
  error tolerance: rtol=0.001, atol=1e-05
Testing N_win=1896 N_cf=2
Windowing:
  config: # windows=1896, spacing=0.03729298985755613, CF order=2
  error tolerance: rtol=0.001, atol=1e-05
Failed: Pure curvefit failed for the first window!
Testing N_win=2000 N_cf=10
Windowing:
  config: # windows=2000, spacing=0.03535375438496321, CF order=10
  error tolerance: rtol=0.001, atol=1e-05
Testing N_win=2000 N_cf=9
Windowing:
  config: # windows=2000, spacing=0.03535375438496321, CF order=9
  error tolerance: rtol=0.001, atol=1e-05
Testing N_win=2000 N_cf=8
Windowing:
  config: # windows=2000, spacing=0.03535375438496321, CF order=8
  error tolerance: rtol=0.001, atol=1e-05
Testing N_win=2000 N_cf=7
Windowing:
  config: # windows=2000, spacing=0.03535375438496321, CF order=7
  error tolerance: rtol=0.001, atol=1e-05
Testing N_win=2000 N_cf=6
Windowing:
  config: # windows=2000, spacing=0.03535375438496321, CF order=6
  error tolerance: rtol=0.001, atol=1e-05
Testing N_win=2000 N_cf=5
Windowing:
  config: # windows=2000, spacing=0.03535375438496321, CF order=5
  error tolerance: rtol=0.001, atol=1e-05
Testing N_win=2000 N_cf=4
Windowing:
  config: # windows=2000, spacing=0.03535375438496321, CF order=4
  error tolerance: rtol=0.001, atol=1e-05
Testing N_win=2000 N_cf=3
Windowing:
  config: # windows=2000, spacing=0.03535375438496321, CF order=3
  error tolerance: rtol=0.001, atol=1e-05
Testing N_win=2000 N_cf=2
Windowing:
  config: # windows=2000, spacing=0.03535375438496321, CF order=2
  error tolerance: rtol=0.001, atol=1e-05
Failed: Pure curvefit failed for the first window!
Final library: 415 poles, 654 windows, 4.2 poles per window, 3 CF order
