Running NJOY to get 0K point-wise data (error=0.0005)...
Parsing cross sections within resolved resonance range...
  MTs: [2, 27, 102, 18]
  Energy range: 1.000e-05 to 1.000e+03 eV (39852 points)
Vector fitting piece 1/19...
  energy: 1.000e-05 to 3.406e+00 eV (541 points)
  error tolerance: rtol=0.001, atol=1e-05
Found 0 peaks
Fitting orders from 2 to 200
Order=2(0/100)
Order=4(1/100)
Order=6(2/100)
Found ideal results. Stop!
Found 2 real poles and 2 conjugate complex pairs.
Final number of poles: 4
Saved figure: WMP_Lib/Cm244/0-3_MT2.png
Saved figure: WMP_Lib/Cm244/0-3_MT27.png
Saved figure: WMP_Lib/Cm244/0-3_MT102.png
Saved figure: WMP_Lib/Cm244/0-3_MT18.png
Vector fitting piece 2/19...
  energy: 4.813e-01 to 1.211e+01 eV (804 points)
  error tolerance: rtol=0.001, atol=1e-05
Found 1 peaks
Fitting orders from 2 to 200
Order=2(0/100)
Order=4(1/100)
Order=6(2/100)
Order=8(3/100)
Order=10(4/100)
Order=12(5/100)
Order=14(6/100)
Order=16(7/100)
Order=18(8/100)
Order=20(9/100)
Order=22(10/100)
Order=24(11/100)
Order=26(12/100)
Order=28(13/100)
Order=30(14/100)
Order=32(15/100)
Order=34(16/100)
Order=36(17/100)
Order=38(18/100)
Order=40(19/100)
Order=42(20/100)
Order=44(21/100)
Order=46(22/100)
Order=48(23/100)
Order=50(24/100)
Order=52(25/100)
Order=54(26/100)
Order=56(27/100)
Order=58(28/100)
Order=60(29/100)
Found 1 real poles and 8 conjugate complex pairs.
Final number of poles: 9
Saved figure: WMP_Lib/Cm244/0-12_MT2.png
Saved figure: WMP_Lib/Cm244/0-12_MT27.png
Saved figure: WMP_Lib/Cm244/0-12_MT102.png
Saved figure: WMP_Lib/Cm244/0-12_MT18.png
Vector fitting piece 3/19...
  energy: 5.579e+00 to 2.646e+01 eV (1947 points)
  error tolerance: rtol=0.001, atol=1e-05
Found 3 peaks
Fitting orders from 6 to 200
Order=6(0/98)
Order=8(1/98)
Order=10(2/98)
Order=12(3/98)
Order=14(4/98)
Order=16(5/98)
Order=18(6/98)
Order=20(7/98)
Order=22(8/98)
Order=24(9/98)
Order=26(10/98)
Order=28(11/98)
Order=30(12/98)
Order=32(13/98)
Order=34(14/98)
Order=36(15/98)
Order=38(16/98)
Order=40(17/98)
Order=42(18/98)
Order=44(19/98)
Order=46(20/98)
Order=48(21/98)
Order=50(22/98)
Order=52(23/98)
Order=54(24/98)
Order=56(25/98)
Order=58(26/98)
Order=60(27/98)
Found 1 real poles and 12 conjugate complex pairs.
Final number of poles: 13
Saved figure: WMP_Lib/Cm244/6-26_MT2.png
Saved figure: WMP_Lib/Cm244/6-26_MT27.png
Saved figure: WMP_Lib/Cm244/6-26_MT102.png
Saved figure: WMP_Lib/Cm244/6-26_MT18.png
Vector fitting piece 4/19...
  energy: 1.626e+01 to 4.649e+01 eV (1937 points)
  error tolerance: rtol=0.001, atol=1e-05
Found 3 peaks
Fitting orders from 6 to 200
Order=6(0/98)
Order=8(1/98)
Order=10(2/98)
Order=12(3/98)
Order=14(4/98)
Order=16(5/98)
Order=18(6/98)
Order=20(7/98)
Order=22(8/98)
Order=24(9/98)
Order=26(10/98)
Order=28(11/98)
Order=30(12/98)
Order=32(13/98)
Order=34(14/98)
Order=36(15/98)
Order=38(16/98)
Order=40(17/98)
Order=42(18/98)
Order=44(19/98)
Order=46(20/98)
Order=48(21/98)
Order=50(22/98)
Order=52(23/98)
Order=54(24/98)
Order=56(25/98)
Order=58(26/98)
Order=60(27/98)
Found 2 real poles and 4 conjugate complex pairs.
Final number of poles: 6
Saved figure: WMP_Lib/Cm244/16-46_MT2.png
Saved figure: WMP_Lib/Cm244/16-46_MT27.png
Saved figure: WMP_Lib/Cm244/16-46_MT102.png
Saved figure: WMP_Lib/Cm244/16-46_MT18.png
Vector fitting piece 5/19...
  energy: 3.242e+01 to 7.158e+01 eV (1940 points)
  error tolerance: rtol=0.001, atol=1e-05
Found 3 peaks
Fitting orders from 6 to 200
Order=6(0/98)
Order=8(1/98)
Order=10(2/98)
Order=12(3/98)
Order=14(4/98)
Order=16(5/98)
Order=18(6/98)
Order=20(7/98)
Order=22(8/98)
Order=24(9/98)
Order=26(10/98)
Order=28(11/98)
Order=30(12/98)
Order=32(13/98)
Order=34(14/98)
Order=36(15/98)
Order=38(16/98)
Order=40(17/98)
Order=42(18/98)
Order=44(19/98)
Order=46(20/98)
Order=48(21/98)
Order=50(22/98)
Order=52(23/98)
Order=54(24/98)
Order=56(25/98)
Order=58(26/98)
Order=60(27/98)
Found 2 real poles and 4 conjugate complex pairs.
Final number of poles: 6
Saved figure: WMP_Lib/Cm244/32-72_MT2.png
Saved figure: WMP_Lib/Cm244/32-72_MT27.png
Saved figure: WMP_Lib/Cm244/32-72_MT102.png
Saved figure: WMP_Lib/Cm244/32-72_MT18.png
Vector fitting piece 6/19...
  energy: 5.416e+01 to 1.026e+02 eV (2129 points)
  error tolerance: rtol=0.001, atol=1e-05
Found 3 peaks
Fitting orders from 6 to 200
Order=6(0/98)
Order=8(1/98)
Order=10(2/98)
Order=12(3/98)
Order=14(4/98)
Order=16(5/98)
Order=18(6/98)
Order=20(7/98)
Order=22(8/98)
Order=24(9/98)
Order=26(10/98)
Order=28(11/98)
Order=30(12/98)
Order=32(13/98)
Order=34(14/98)
Order=36(15/98)
Order=38(16/98)
Order=40(17/98)
Order=42(18/98)
Order=44(19/98)
Order=46(20/98)
Order=48(21/98)
Order=50(22/98)
Order=52(23/98)
Order=54(24/98)
Order=56(25/98)
Order=58(26/98)
Order=60(27/98)
Found 4 real poles and 4 conjugate complex pairs.
Final number of poles: 8
Saved figure: WMP_Lib/Cm244/54-103_MT2.png
Saved figure: WMP_Lib/Cm244/54-103_MT27.png
Saved figure: WMP_Lib/Cm244/54-103_MT102.png
Saved figure: WMP_Lib/Cm244/54-103_MT18.png
Vector fitting piece 7/19...
  energy: 8.145e+01 to 1.389e+02 eV (2263 points)
  error tolerance: rtol=0.001, atol=1e-05
Found 3 peaks
Fitting orders from 6 to 200
Order=6(0/98)
Order=8(1/98)
Order=10(2/98)
Order=12(3/98)
Order=14(4/98)
Order=16(5/98)
Order=18(6/98)
Order=20(7/98)
Order=22(8/98)
Order=24(9/98)
Order=26(10/98)
Order=28(11/98)
Order=30(12/98)
Order=32(13/98)
Order=34(14/98)
Order=36(15/98)
Order=38(16/98)
Order=40(17/98)
Order=42(18/98)
Order=44(19/98)
Order=46(20/98)
Order=48(21/98)
Order=50(22/98)
Order=52(23/98)
Order=54(24/98)
Order=56(25/98)
Order=58(26/98)
Order=60(27/98)
Found 2 real poles and 5 conjugate complex pairs.
Final number of poles: 7
Saved figure: WMP_Lib/Cm244/81-139_MT2.png
Saved figure: WMP_Lib/Cm244/81-139_MT27.png
Saved figure: WMP_Lib/Cm244/81-139_MT102.png
Saved figure: WMP_Lib/Cm244/81-139_MT18.png
Vector fitting piece 8/19...
  energy: 1.138e+02 to 1.808e+02 eV (2133 points)
  error tolerance: rtol=0.001, atol=1e-05
Found 3 peaks
Fitting orders from 6 to 200
Order=6(0/98)
Order=8(1/98)
Order=10(2/98)
Order=12(3/98)
Order=14(4/98)
Order=16(5/98)
Order=18(6/98)
Order=20(7/98)
Order=22(8/98)
Order=24(9/98)
Order=26(10/98)
Order=28(11/98)
Order=30(12/98)
Order=32(13/98)
Order=34(14/98)
Order=36(15/98)
Order=38(16/98)
Order=40(17/98)
Order=42(18/98)
Order=44(19/98)
Order=46(20/98)
Order=48(21/98)
Order=50(22/98)
Order=52(23/98)
Order=54(24/98)
Order=56(25/98)
Order=58(26/98)
Order=60(27/98)
Found 2 real poles and 5 conjugate complex pairs.
Final number of poles: 7
Saved figure: WMP_Lib/Cm244/114-181_MT2.png
Saved figure: WMP_Lib/Cm244/114-181_MT27.png
Saved figure: WMP_Lib/Cm244/114-181_MT102.png
Saved figure: WMP_Lib/Cm244/114-181_MT18.png
Vector fitting piece 9/19...
  energy: 1.521e+02 to 2.284e+02 eV (3321 points)
  error tolerance: rtol=0.001, atol=1e-05
Found 5 peaks
Fitting orders from 10 to 200
Order=10(0/96)
Order=12(1/96)
Order=14(2/96)
Order=16(3/96)
Order=18(4/96)
Order=20(5/96)
Order=22(6/96)
Order=24(7/96)
Order=26(8/96)
Order=28(9/96)
Order=30(10/96)
Order=32(11/96)
Order=34(12/96)
Order=36(13/96)
Order=38(14/96)
Order=40(15/96)
Order=42(16/96)
Order=44(17/96)
Order=46(18/96)
Order=48(19/96)
Order=50(20/96)
Order=52(21/96)
Order=54(22/96)
Order=56(23/96)
Order=58(24/96)
Order=60(25/96)
Found 4 real poles and 6 conjugate complex pairs.
Final number of poles: 10
Saved figure: WMP_Lib/Cm244/152-228_MT2.png
Saved figure: WMP_Lib/Cm244/152-228_MT27.png
Saved figure: WMP_Lib/Cm244/152-228_MT102.png
Saved figure: WMP_Lib/Cm244/152-228_MT18.png
Vector fitting piece 10/19...
  energy: 1.965e+02 to 2.816e+02 eV (4681 points)
  error tolerance: rtol=0.001, atol=1e-05
Found 8 peaks
Fitting orders from 16 to 200
Order=16(0/93)
Order=18(1/93)
Order=20(2/93)
Order=22(3/93)
Order=24(4/93)
Order=26(5/93)
Order=28(6/93)
Order=30(7/93)
Order=32(8/93)
Order=34(9/93)
Order=36(10/93)
Order=38(11/93)
Order=40(12/93)
Order=42(13/93)
Order=44(14/93)
Order=46(15/93)
Order=48(16/93)
Order=50(17/93)
Order=52(18/93)
Order=54(19/93)
Order=56(20/93)
Order=58(21/93)
Order=60(22/93)
Found 2 real poles and 9 conjugate complex pairs.
Final number of poles: 11
Saved figure: WMP_Lib/Cm244/197-282_MT2.png
Saved figure: WMP_Lib/Cm244/197-282_MT27.png
Saved figure: WMP_Lib/Cm244/197-282_MT102.png
Saved figure: WMP_Lib/Cm244/197-282_MT18.png
Vector fitting piece 11/19...
  energy: 2.459e+02 to 3.401e+02 eV (2721 points)
  error tolerance: rtol=0.001, atol=1e-05
Found 4 peaks
Fitting orders from 8 to 200
Order=8(0/97)
Order=10(1/97)
Order=12(2/97)
Order=14(3/97)
Order=16(4/97)
Order=18(5/97)
Order=20(6/97)
Order=22(7/97)
Order=24(8/97)
Order=26(9/97)
Order=28(10/97)
Order=30(11/97)
Order=32(12/97)
Order=34(13/97)
Order=36(14/97)
Order=38(15/97)
Order=40(16/97)
Order=42(17/97)
Order=44(18/97)
Order=46(19/97)
Order=48(20/97)
Order=50(21/97)
Order=52(22/97)
Order=54(23/97)
Order=56(24/97)
Order=58(25/97)
Order=60(26/97)
Found 4 real poles and 5 conjugate complex pairs.
Final number of poles: 9
Saved figure: WMP_Lib/Cm244/246-340_MT2.png
Saved figure: WMP_Lib/Cm244/246-340_MT27.png
Saved figure: WMP_Lib/Cm244/246-340_MT102.png
Saved figure: WMP_Lib/Cm244/246-340_MT18.png
Vector fitting piece 12/19...
  energy: 3.008e+02 to 4.044e+02 eV (4877 points)
  error tolerance: rtol=0.001, atol=1e-05
Found 8 peaks
Fitting orders from 16 to 200
Order=16(0/93)
Order=18(1/93)
Order=20(2/93)
Order=22(3/93)
Order=24(4/93)
Order=26(5/93)
Order=28(6/93)
Order=30(7/93)
Order=32(8/93)
Order=34(9/93)
Order=36(10/93)
Order=38(11/93)
Order=40(12/93)
Order=42(13/93)
Order=44(14/93)
Order=46(15/93)
Order=48(16/93)
Order=50(17/93)
Order=52(18/93)
Order=54(19/93)
Order=56(20/93)
Order=58(21/93)
Order=60(22/93)
Found 4 real poles and 8 conjugate complex pairs.
Final number of poles: 12
Saved figure: WMP_Lib/Cm244/301-404_MT2.png
Saved figure: WMP_Lib/Cm244/301-404_MT27.png
Saved figure: WMP_Lib/Cm244/301-404_MT102.png
Saved figure: WMP_Lib/Cm244/301-404_MT18.png
Vector fitting piece 13/19...
  energy: 3.614e+02 to 4.739e+02 eV (5222 points)
  error tolerance: rtol=0.001, atol=1e-05
Found 9 peaks
Fitting orders from 18 to 200
Order=18(0/92)
Order=20(1/92)
Order=22(2/92)
Order=24(3/92)
Order=26(4/92)
Order=28(5/92)
Order=30(6/92)
Order=32(7/92)
Order=34(8/92)
Order=36(9/92)
Order=38(10/92)
Order=40(11/92)
Order=42(12/92)
Order=44(13/92)
Order=46(14/92)
Order=48(15/92)
Order=50(16/92)
Order=52(17/92)
Order=54(18/92)
Order=56(19/92)
Order=58(20/92)
Order=60(21/92)
Found 4 real poles and 10 conjugate complex pairs.
Final number of poles: 14
Saved figure: WMP_Lib/Cm244/361-474_MT2.png
Saved figure: WMP_Lib/Cm244/361-474_MT27.png
Saved figure: WMP_Lib/Cm244/361-474_MT102.png
Saved figure: WMP_Lib/Cm244/361-474_MT18.png
Vector fitting piece 14/19...
  energy: 4.274e+02 to 5.502e+02 eV (3719 points)
  error tolerance: rtol=0.001, atol=1e-05
Found 6 peaks
Fitting orders from 12 to 200
Order=12(0/95)
Order=14(1/95)
Order=16(2/95)
Order=18(3/95)
Order=20(4/95)
Order=22(5/95)
Order=24(6/95)
Order=26(7/95)
Order=28(8/95)
Order=30(9/95)
Order=32(10/95)
Order=34(11/95)
Order=36(12/95)
Order=38(13/95)
Order=40(14/95)
Order=42(15/95)
Order=44(16/95)
Order=46(17/95)
Order=48(18/95)
Order=50(19/95)
Order=52(20/95)
Order=54(21/95)
Order=56(22/95)
Order=58(23/95)
Order=60(24/95)
Found 4 real poles and 7 conjugate complex pairs.
Final number of poles: 11
Saved figure: WMP_Lib/Cm244/427-550_MT2.png
Saved figure: WMP_Lib/Cm244/427-550_MT27.png
Saved figure: WMP_Lib/Cm244/427-550_MT102.png
Saved figure: WMP_Lib/Cm244/427-550_MT18.png
Vector fitting piece 15/19...
  energy: 4.990e+02 to 6.299e+02 eV (3540 points)
  error tolerance: rtol=0.001, atol=1e-05
Found 6 peaks
Fitting orders from 12 to 200
Order=12(0/95)
Order=14(1/95)
Order=16(2/95)
Order=18(3/95)
Order=20(4/95)
Order=22(5/95)
Order=24(6/95)
Order=26(7/95)
Order=28(8/95)
Order=30(9/95)
Order=32(10/95)
Order=34(11/95)
Order=36(12/95)
Order=38(13/95)
Order=40(14/95)
Order=42(15/95)
Order=44(16/95)
Order=46(17/95)
Order=48(18/95)
Order=50(19/95)
Order=52(20/95)
Order=54(21/95)
Order=56(22/95)
Order=58(23/95)
Order=60(24/95)
Found 6 real poles and 6 conjugate complex pairs.
Final number of poles: 12
Saved figure: WMP_Lib/Cm244/499-630_MT2.png
Saved figure: WMP_Lib/Cm244/499-630_MT27.png
Saved figure: WMP_Lib/Cm244/499-630_MT102.png
Saved figure: WMP_Lib/Cm244/499-630_MT18.png
Vector fitting piece 16/19...
  energy: 5.756e+02 to 7.163e+02 eV (6018 points)
  error tolerance: rtol=0.001, atol=1e-05
Found 11 peaks
Fitting orders from 22 to 200
Order=22(0/90)
Order=24(1/90)
Order=26(2/90)
Order=28(3/90)
Order=30(4/90)
Order=32(5/90)
Order=34(6/90)
Order=36(7/90)
Order=38(8/90)
Order=40(9/90)
Order=42(10/90)
Order=44(11/90)
Order=46(12/90)
Order=48(13/90)
Order=50(14/90)
Order=52(15/90)
Order=54(16/90)
Order=56(17/90)
Order=58(18/90)
Order=60(19/90)
Found 4 real poles and 11 conjugate complex pairs.
Final number of poles: 15
Saved figure: WMP_Lib/Cm244/576-716_MT2.png
Saved figure: WMP_Lib/Cm244/576-716_MT27.png
Saved figure: WMP_Lib/Cm244/576-716_MT102.png
Saved figure: WMP_Lib/Cm244/576-716_MT18.png
Vector fitting piece 17/19...
  energy: 6.587e+02 to 8.083e+02 eV (5567 points)
  error tolerance: rtol=0.001, atol=1e-05
Found 11 peaks
Fitting orders from 22 to 200
Order=22(0/90)
Order=24(1/90)
Order=26(2/90)
Order=28(3/90)
Order=30(4/90)
Order=32(5/90)
Order=34(6/90)
Order=36(7/90)
Order=38(8/90)
Order=40(9/90)
Order=42(10/90)
Order=44(11/90)
Order=46(12/90)
Order=48(13/90)
Order=50(14/90)
Order=52(15/90)
Order=54(16/90)
Order=56(17/90)
Order=58(18/90)
Order=60(19/90)
Found 6 real poles and 11 conjugate complex pairs.
Final number of poles: 17
Saved figure: WMP_Lib/Cm244/659-808_MT2.png
Saved figure: WMP_Lib/Cm244/659-808_MT27.png
Saved figure: WMP_Lib/Cm244/659-808_MT102.png
Saved figure: WMP_Lib/Cm244/659-808_MT18.png
Vector fitting piece 18/19...
  energy: 7.470e+02 to 9.055e+02 eV (6549 points)
  error tolerance: rtol=0.001, atol=1e-05
Found 13 peaks
Fitting orders from 26 to 200
Order=26(0/88)
Order=28(1/88)
Order=30(2/88)
Order=32(3/88)
Order=34(4/88)
Order=36(5/88)
Order=38(6/88)
Order=40(7/88)
Order=42(8/88)
Order=44(9/88)
Order=46(10/88)
Order=48(11/88)
Order=50(12/88)
Order=52(13/88)
Order=54(14/88)
Order=56(15/88)
Order=58(16/88)
Order=60(17/88)
Found 4 real poles and 15 conjugate complex pairs.
Final number of poles: 19
Saved figure: WMP_Lib/Cm244/747-906_MT2.png
Saved figure: WMP_Lib/Cm244/747-906_MT27.png
Saved figure: WMP_Lib/Cm244/747-906_MT102.png
Saved figure: WMP_Lib/Cm244/747-906_MT18.png
Vector fitting piece 19/19...
  energy: 8.406e+02 to 1.000e+03 eV (5425 points)
  error tolerance: rtol=0.001, atol=1e-05
Found 10 peaks
Fitting orders from 20 to 200
Order=20(0/91)
Order=22(1/91)
Order=24(2/91)
Order=26(3/91)
Order=28(4/91)
Order=30(5/91)
Order=32(6/91)
Order=34(7/91)
Order=36(8/91)
Order=38(9/91)
Order=40(10/91)
Order=42(11/91)
Order=44(12/91)
Order=46(13/91)
Order=48(14/91)
Order=50(15/91)
Order=52(16/91)
Order=54(17/91)
Order=56(18/91)
Order=58(19/91)
Order=60(20/91)
Found 4 real poles and 10 conjugate complex pairs.
Final number of poles: 14
Saved figure: WMP_Lib/Cm244/841-1000_MT2.png
Saved figure: WMP_Lib/Cm244/841-1000_MT27.png
Saved figure: WMP_Lib/Cm244/841-1000_MT102.png
Saved figure: WMP_Lib/Cm244/841-1000_MT18.png
Dumped multipole data to file: WMP_Lib/Cm244/Cm244_mp.pickle
Start searching ...
Testing N_win=10 N_cf=10
Failed: Window spacing cannot be larger than piece spacing.
Testing N_win=114 N_cf=10
Windowing:
  config: # windows=114, spacing=0.27736489923360846, CF order=10
  error tolerance: rtol=0.001, atol=1e-05
Best library so far.
Testing N_win=114 N_cf=9
Windowing:
  config: # windows=114, spacing=0.27736489923360846, CF order=9
  error tolerance: rtol=0.001, atol=1e-05
Best library so far.
Testing N_win=114 N_cf=8
Windowing:
  config: # windows=114, spacing=0.27736489923360846, CF order=8
  error tolerance: rtol=0.001, atol=1e-05
Best library so far.
Testing N_win=114 N_cf=7
Windowing:
  config: # windows=114, spacing=0.27736489923360846, CF order=7
  error tolerance: rtol=0.001, atol=1e-05
Best library so far.
Testing N_win=114 N_cf=6
Windowing:
  config: # windows=114, spacing=0.27736489923360846, CF order=6
  error tolerance: rtol=0.001, atol=1e-05
Best library so far.
Testing N_win=114 N_cf=5
Windowing:
  config: # windows=114, spacing=0.27736489923360846, CF order=5
  error tolerance: rtol=0.001, atol=1e-05
Best library so far.
Testing N_win=114 N_cf=4
Windowing:
  config: # windows=114, spacing=0.27736489923360846, CF order=4
  error tolerance: rtol=0.001, atol=1e-05
Best library so far.
Testing N_win=114 N_cf=3
Windowing:
  config: # windows=114, spacing=0.27736489923360846, CF order=3
  error tolerance: rtol=0.001, atol=1e-05
Testing N_win=114 N_cf=2
Windowing:
  config: # windows=114, spacing=0.27736489923360846, CF order=2
  error tolerance: rtol=0.001, atol=1e-05
Failed: Pure curvefit failed for the first window!
Testing N_win=219 N_cf=10
Windowing:
  config: # windows=219, spacing=0.14438172836817975, CF order=10
  error tolerance: rtol=0.001, atol=1e-05
Best library so far.
Testing N_win=219 N_cf=9
Windowing:
  config: # windows=219, spacing=0.14438172836817975, CF order=9
  error tolerance: rtol=0.001, atol=1e-05
Best library so far.
Testing N_win=219 N_cf=8
Windowing:
  config: # windows=219, spacing=0.14438172836817975, CF order=8
  error tolerance: rtol=0.001, atol=1e-05
Best library so far.
Testing N_win=219 N_cf=7
Windowing:
  config: # windows=219, spacing=0.14438172836817975, CF order=7
  error tolerance: rtol=0.001, atol=1e-05
Best library so far.
Testing N_win=219 N_cf=6
Windowing:
  config: # windows=219, spacing=0.14438172836817975, CF order=6
  error tolerance: rtol=0.001, atol=1e-05
Best library so far.
Testing N_win=219 N_cf=5
Windowing:
  config: # windows=219, spacing=0.14438172836817975, CF order=5
  error tolerance: rtol=0.001, atol=1e-05
Best library so far.
Testing N_win=219 N_cf=4
Windowing:
  config: # windows=219, spacing=0.14438172836817975, CF order=4
  error tolerance: rtol=0.001, atol=1e-05
Best library so far.
Testing N_win=219 N_cf=3
Windowing:
  config: # windows=219, spacing=0.14438172836817975, CF order=3
  error tolerance: rtol=0.001, atol=1e-05
Testing N_win=219 N_cf=2
Windowing:
  config: # windows=219, spacing=0.14438172836817975, CF order=2
  error tolerance: rtol=0.001, atol=1e-05
Failed: Pure curvefit failed for the first window!
Testing N_win=324 N_cf=10
Windowing:
  config: # windows=324, spacing=0.09759135343404743, CF order=10
  error tolerance: rtol=0.001, atol=1e-05
Testing N_win=324 N_cf=9
Windowing:
  config: # windows=324, spacing=0.09759135343404743, CF order=9
  error tolerance: rtol=0.001, atol=1e-05
Testing N_win=324 N_cf=8
Windowing:
  config: # windows=324, spacing=0.09759135343404743, CF order=8
  error tolerance: rtol=0.001, atol=1e-05
Testing N_win=324 N_cf=7
Windowing:
  config: # windows=324, spacing=0.09759135343404743, CF order=7
  error tolerance: rtol=0.001, atol=1e-05
Testing N_win=324 N_cf=6
Windowing:
  config: # windows=324, spacing=0.09759135343404743, CF order=6
  error tolerance: rtol=0.001, atol=1e-05
Best library so far.
Testing N_win=324 N_cf=5
Windowing:
  config: # windows=324, spacing=0.09759135343404743, CF order=5
  error tolerance: rtol=0.001, atol=1e-05
Best library so far.
Testing N_win=324 N_cf=4
Windowing:
  config: # windows=324, spacing=0.09759135343404743, CF order=4
  error tolerance: rtol=0.001, atol=1e-05
Best library so far.
Testing N_win=324 N_cf=3
Windowing:
  config: # windows=324, spacing=0.09759135343404743, CF order=3
  error tolerance: rtol=0.001, atol=1e-05
Testing N_win=324 N_cf=2
Windowing:
  config: # windows=324, spacing=0.09759135343404743, CF order=2
  error tolerance: rtol=0.001, atol=1e-05
Failed: Pure curvefit failed for the first window!
Testing N_win=428 N_cf=10
Windowing:
  config: # windows=428, spacing=0.07387756661829759, CF order=10
  error tolerance: rtol=0.001, atol=1e-05
Testing N_win=428 N_cf=9
Windowing:
  config: # windows=428, spacing=0.07387756661829759, CF order=9
  error tolerance: rtol=0.001, atol=1e-05
Testing N_win=428 N_cf=8
Windowing:
  config: # windows=428, spacing=0.07387756661829759, CF order=8
  error tolerance: rtol=0.001, atol=1e-05
Testing N_win=428 N_cf=7
Windowing:
  config: # windows=428, spacing=0.07387756661829759, CF order=7
  error tolerance: rtol=0.001, atol=1e-05
Testing N_win=428 N_cf=6
Windowing:
  config: # windows=428, spacing=0.07387756661829759, CF order=6
  error tolerance: rtol=0.001, atol=1e-05
Testing N_win=428 N_cf=5
Windowing:
  config: # windows=428, spacing=0.07387756661829759, CF order=5
  error tolerance: rtol=0.001, atol=1e-05
Testing N_win=428 N_cf=4
Windowing:
  config: # windows=428, spacing=0.07387756661829759, CF order=4
  error tolerance: rtol=0.001, atol=1e-05
Testing N_win=428 N_cf=3
Windowing:
  config: # windows=428, spacing=0.07387756661829759, CF order=3
  error tolerance: rtol=0.001, atol=1e-05
Testing N_win=428 N_cf=2
Windowing:
  config: # windows=428, spacing=0.07387756661829759, CF order=2
  error tolerance: rtol=0.001, atol=1e-05
Testing N_win=533 N_cf=10
Windowing:
  config: # windows=533, spacing=0.059323824601559785, CF order=10
  error tolerance: rtol=0.001, atol=1e-05
Testing N_win=533 N_cf=9
Windowing:
  config: # windows=533, spacing=0.059323824601559785, CF order=9
  error tolerance: rtol=0.001, atol=1e-05
Testing N_win=533 N_cf=8
Windowing:
  config: # windows=533, spacing=0.059323824601559785, CF order=8
  error tolerance: rtol=0.001, atol=1e-05
Testing N_win=533 N_cf=7
Windowing:
  config: # windows=533, spacing=0.059323824601559785, CF order=7
  error tolerance: rtol=0.001, atol=1e-05
Testing N_win=533 N_cf=6
Windowing:
  config: # windows=533, spacing=0.059323824601559785, CF order=6
  error tolerance: rtol=0.001, atol=1e-05
Testing N_win=533 N_cf=5
Windowing:
  config: # windows=533, spacing=0.059323824601559785, CF order=5
  error tolerance: rtol=0.001, atol=1e-05
Testing N_win=533 N_cf=4
Windowing:
  config: # windows=533, spacing=0.059323824601559785, CF order=4
  error tolerance: rtol=0.001, atol=1e-05
Testing N_win=533 N_cf=3
Windowing:
  config: # windows=533, spacing=0.059323824601559785, CF order=3
  error tolerance: rtol=0.001, atol=1e-05
Testing N_win=533 N_cf=2
Windowing:
  config: # windows=533, spacing=0.059323824601559785, CF order=2
  error tolerance: rtol=0.001, atol=1e-05
Testing N_win=638 N_cf=10
Windowing:
  config: # windows=638, spacing=0.04956049923609932, CF order=10
  error tolerance: rtol=0.001, atol=1e-05
Testing N_win=638 N_cf=9
Windowing:
  config: # windows=638, spacing=0.04956049923609932, CF order=9
  error tolerance: rtol=0.001, atol=1e-05
Testing N_win=638 N_cf=8
Windowing:
  config: # windows=638, spacing=0.04956049923609932, CF order=8
  error tolerance: rtol=0.001, atol=1e-05
Testing N_win=638 N_cf=7
Windowing:
  config: # windows=638, spacing=0.04956049923609932, CF order=7
  error tolerance: rtol=0.001, atol=1e-05
Testing N_win=638 N_cf=6
Windowing:
  config: # windows=638, spacing=0.04956049923609932, CF order=6
  error tolerance: rtol=0.001, atol=1e-05
Testing N_win=638 N_cf=5
Windowing:
  config: # windows=638, spacing=0.04956049923609932, CF order=5
  error tolerance: rtol=0.001, atol=1e-05
Testing N_win=638 N_cf=4
Windowing:
  config: # windows=638, spacing=0.04956049923609932, CF order=4
  error tolerance: rtol=0.001, atol=1e-05
Testing N_win=638 N_cf=3
Windowing:
  config: # windows=638, spacing=0.04956049923609932, CF order=3
  error tolerance: rtol=0.001, atol=1e-05
Testing N_win=638 N_cf=2
Windowing:
  config: # windows=638, spacing=0.04956049923609932, CF order=2
  error tolerance: rtol=0.001, atol=1e-05
Testing N_win=743 N_cf=10
Windowing:
  config: # windows=743, spacing=0.0425566601785079, CF order=10
  error tolerance: rtol=0.001, atol=1e-05
Testing N_win=743 N_cf=9
Windowing:
  config: # windows=743, spacing=0.0425566601785079, CF order=9
  error tolerance: rtol=0.001, atol=1e-05
Testing N_win=743 N_cf=8
Windowing:
  config: # windows=743, spacing=0.0425566601785079, CF order=8
  error tolerance: rtol=0.001, atol=1e-05
Testing N_win=743 N_cf=7
Windowing:
  config: # windows=743, spacing=0.0425566601785079, CF order=7
  error tolerance: rtol=0.001, atol=1e-05
Testing N_win=743 N_cf=6
Windowing:
  config: # windows=743, spacing=0.0425566601785079, CF order=6
  error tolerance: rtol=0.001, atol=1e-05
Testing N_win=743 N_cf=5
Windowing:
  config: # windows=743, spacing=0.0425566601785079, CF order=5
  error tolerance: rtol=0.001, atol=1e-05
Testing N_win=743 N_cf=4
Windowing:
  config: # windows=743, spacing=0.0425566601785079, CF order=4
  error tolerance: rtol=0.001, atol=1e-05
Testing N_win=743 N_cf=3
Windowing:
  config: # windows=743, spacing=0.0425566601785079, CF order=3
  error tolerance: rtol=0.001, atol=1e-05
Testing N_win=743 N_cf=2
Windowing:
  config: # windows=743, spacing=0.0425566601785079, CF order=2
  error tolerance: rtol=0.001, atol=1e-05
Testing N_win=847 N_cf=10
Windowing:
  config: # windows=847, spacing=0.03733128513888001, CF order=10
  error tolerance: rtol=0.001, atol=1e-05
Testing N_win=847 N_cf=9
Windowing:
  config: # windows=847, spacing=0.03733128513888001, CF order=9
  error tolerance: rtol=0.001, atol=1e-05
Testing N_win=847 N_cf=8
Windowing:
  config: # windows=847, spacing=0.03733128513888001, CF order=8
  error tolerance: rtol=0.001, atol=1e-05
Testing N_win=847 N_cf=7
Windowing:
  config: # windows=847, spacing=0.03733128513888001, CF order=7
  error tolerance: rtol=0.001, atol=1e-05
Testing N_win=847 N_cf=6
Windowing:
  config: # windows=847, spacing=0.03733128513888001, CF order=6
  error tolerance: rtol=0.001, atol=1e-05
Testing N_win=847 N_cf=5
Windowing:
  config: # windows=847, spacing=0.03733128513888001, CF order=5
  error tolerance: rtol=0.001, atol=1e-05
Testing N_win=847 N_cf=4
Windowing:
  config: # windows=847, spacing=0.03733128513888001, CF order=4
  error tolerance: rtol=0.001, atol=1e-05
Testing N_win=847 N_cf=3
Windowing:
  config: # windows=847, spacing=0.03733128513888001, CF order=3
  error tolerance: rtol=0.001, atol=1e-05
Testing N_win=847 N_cf=2
Windowing:
  config: # windows=847, spacing=0.03733128513888001, CF order=2
  error tolerance: rtol=0.001, atol=1e-05
Testing N_win=952 N_cf=10
Windowing:
  config: # windows=952, spacing=0.03321386398385648, CF order=10
  error tolerance: rtol=0.001, atol=1e-05
Testing N_win=952 N_cf=9
Windowing:
  config: # windows=952, spacing=0.03321386398385648, CF order=9
  error tolerance: rtol=0.001, atol=1e-05
Testing N_win=952 N_cf=8
Windowing:
  config: # windows=952, spacing=0.03321386398385648, CF order=8
  error tolerance: rtol=0.001, atol=1e-05
Testing N_win=952 N_cf=7
Windowing:
  config: # windows=952, spacing=0.03321386398385648, CF order=7
  error tolerance: rtol=0.001, atol=1e-05
Testing N_win=952 N_cf=6
Windowing:
  config: # windows=952, spacing=0.03321386398385648, CF order=6
  error tolerance: rtol=0.001, atol=1e-05
Testing N_win=952 N_cf=5
Windowing:
  config: # windows=952, spacing=0.03321386398385648, CF order=5
  error tolerance: rtol=0.001, atol=1e-05
Testing N_win=952 N_cf=4
Windowing:
  config: # windows=952, spacing=0.03321386398385648, CF order=4
  error tolerance: rtol=0.001, atol=1e-05
Testing N_win=952 N_cf=3
Windowing:
  config: # windows=952, spacing=0.03321386398385648, CF order=3
  error tolerance: rtol=0.001, atol=1e-05
Testing N_win=952 N_cf=2
Windowing:
  config: # windows=952, spacing=0.03321386398385648, CF order=2
  error tolerance: rtol=0.001, atol=1e-05
Testing N_win=1057 N_cf=10
Windowing:
  config: # windows=1057, spacing=0.02991447352188398, CF order=10
  error tolerance: rtol=0.001, atol=1e-05
Testing N_win=1057 N_cf=9
Windowing:
  config: # windows=1057, spacing=0.02991447352188398, CF order=9
  error tolerance: rtol=0.001, atol=1e-05
Testing N_win=1057 N_cf=8
Windowing:
  config: # windows=1057, spacing=0.02991447352188398, CF order=8
  error tolerance: rtol=0.001, atol=1e-05
Testing N_win=1057 N_cf=7
Windowing:
  config: # windows=1057, spacing=0.02991447352188398, CF order=7
  error tolerance: rtol=0.001, atol=1e-05
Testing N_win=1057 N_cf=6
Windowing:
  config: # windows=1057, spacing=0.02991447352188398, CF order=6
  error tolerance: rtol=0.001, atol=1e-05
Testing N_win=1057 N_cf=5
Windowing:
  config: # windows=1057, spacing=0.02991447352188398, CF order=5
  error tolerance: rtol=0.001, atol=1e-05
Testing N_win=1057 N_cf=4
Windowing:
  config: # windows=1057, spacing=0.02991447352188398, CF order=4
  error tolerance: rtol=0.001, atol=1e-05
Testing N_win=1057 N_cf=3
Windowing:
  config: # windows=1057, spacing=0.02991447352188398, CF order=3
  error tolerance: rtol=0.001, atol=1e-05
Testing N_win=1057 N_cf=2
Windowing:
  config: # windows=1057, spacing=0.02991447352188398, CF order=2
  error tolerance: rtol=0.001, atol=1e-05
Testing N_win=1162 N_cf=10
Windowing:
  config: # windows=1162, spacing=0.027211358444605305, CF order=10
  error tolerance: rtol=0.001, atol=1e-05
Testing N_win=1162 N_cf=9
Windowing:
  config: # windows=1162, spacing=0.027211358444605305, CF order=9
  error tolerance: rtol=0.001, atol=1e-05
Testing N_win=1162 N_cf=8
Windowing:
  config: # windows=1162, spacing=0.027211358444605305, CF order=8
  error tolerance: rtol=0.001, atol=1e-05
Testing N_win=1162 N_cf=7
Windowing:
  config: # windows=1162, spacing=0.027211358444605305, CF order=7
  error tolerance: rtol=0.001, atol=1e-05
Testing N_win=1162 N_cf=6
Windowing:
  config: # windows=1162, spacing=0.027211358444605305, CF order=6
  error tolerance: rtol=0.001, atol=1e-05
Testing N_win=1162 N_cf=5
Windowing:
  config: # windows=1162, spacing=0.027211358444605305, CF order=5
  error tolerance: rtol=0.001, atol=1e-05
Testing N_win=1162 N_cf=4
Windowing:
  config: # windows=1162, spacing=0.027211358444605305, CF order=4
  error tolerance: rtol=0.001, atol=1e-05
Testing N_win=1162 N_cf=3
Windowing:
  config: # windows=1162, spacing=0.027211358444605305, CF order=3
  error tolerance: rtol=0.001, atol=1e-05
Testing N_win=1162 N_cf=2
Windowing:
  config: # windows=1162, spacing=0.027211358444605305, CF order=2
  error tolerance: rtol=0.001, atol=1e-05
Testing N_win=1266 N_cf=10
Windowing:
  config: # windows=1266, spacing=0.024975986186912612, CF order=10
  error tolerance: rtol=0.001, atol=1e-05
Testing N_win=1266 N_cf=9
Windowing:
  config: # windows=1266, spacing=0.024975986186912612, CF order=9
  error tolerance: rtol=0.001, atol=1e-05
Testing N_win=1266 N_cf=8
Windowing:
  config: # windows=1266, spacing=0.024975986186912612, CF order=8
  error tolerance: rtol=0.001, atol=1e-05
Testing N_win=1266 N_cf=7
Windowing:
  config: # windows=1266, spacing=0.024975986186912612, CF order=7
  error tolerance: rtol=0.001, atol=1e-05
Testing N_win=1266 N_cf=6
Windowing:
  config: # windows=1266, spacing=0.024975986186912612, CF order=6
  error tolerance: rtol=0.001, atol=1e-05
Testing N_win=1266 N_cf=5
Windowing:
  config: # windows=1266, spacing=0.024975986186912612, CF order=5
  error tolerance: rtol=0.001, atol=1e-05
Testing N_win=1266 N_cf=4
Windowing:
  config: # windows=1266, spacing=0.024975986186912612, CF order=4
  error tolerance: rtol=0.001, atol=1e-05
Testing N_win=1266 N_cf=3
Windowing:
  config: # windows=1266, spacing=0.024975986186912612, CF order=3
  error tolerance: rtol=0.001, atol=1e-05
Testing N_win=1266 N_cf=2
Windowing:
  config: # windows=1266, spacing=0.024975986186912612, CF order=2
  error tolerance: rtol=0.001, atol=1e-05
Testing N_win=1371 N_cf=10
Windowing:
  config: # windows=1371, spacing=0.02306316448769611, CF order=10
  error tolerance: rtol=0.001, atol=1e-05
Testing N_win=1371 N_cf=9
Windowing:
  config: # windows=1371, spacing=0.02306316448769611, CF order=9
  error tolerance: rtol=0.001, atol=1e-05
Testing N_win=1371 N_cf=8
Windowing:
  config: # windows=1371, spacing=0.02306316448769611, CF order=8
  error tolerance: rtol=0.001, atol=1e-05
Testing N_win=1371 N_cf=7
Windowing:
  config: # windows=1371, spacing=0.02306316448769611, CF order=7
  error tolerance: rtol=0.001, atol=1e-05
Testing N_win=1371 N_cf=6
Windowing:
  config: # windows=1371, spacing=0.02306316448769611, CF order=6
  error tolerance: rtol=0.001, atol=1e-05
Testing N_win=1371 N_cf=5
Windowing:
  config: # windows=1371, spacing=0.02306316448769611, CF order=5
  error tolerance: rtol=0.001, atol=1e-05
Testing N_win=1371 N_cf=4
Windowing:
  config: # windows=1371, spacing=0.02306316448769611, CF order=4
  error tolerance: rtol=0.001, atol=1e-05
Testing N_win=1371 N_cf=3
Windowing:
  config: # windows=1371, spacing=0.02306316448769611, CF order=3
  error tolerance: rtol=0.001, atol=1e-05
Testing N_win=1371 N_cf=2
Windowing:
  config: # windows=1371, spacing=0.02306316448769611, CF order=2
  error tolerance: rtol=0.001, atol=1e-05
Testing N_win=1476 N_cf=10
Windowing:
  config: # windows=1476, spacing=0.021422492217229923, CF order=10
  error tolerance: rtol=0.001, atol=1e-05
Testing N_win=1476 N_cf=9
Windowing:
  config: # windows=1476, spacing=0.021422492217229923, CF order=9
  error tolerance: rtol=0.001, atol=1e-05
Testing N_win=1476 N_cf=8
Windowing:
  config: # windows=1476, spacing=0.021422492217229923, CF order=8
  error tolerance: rtol=0.001, atol=1e-05
Testing N_win=1476 N_cf=7
Windowing:
  config: # windows=1476, spacing=0.021422492217229923, CF order=7
  error tolerance: rtol=0.001, atol=1e-05
Testing N_win=1476 N_cf=6
Windowing:
  config: # windows=1476, spacing=0.021422492217229923, CF order=6
  error tolerance: rtol=0.001, atol=1e-05
Testing N_win=1476 N_cf=5
Windowing:
  config: # windows=1476, spacing=0.021422492217229923, CF order=5
  error tolerance: rtol=0.001, atol=1e-05
Testing N_win=1476 N_cf=4
Windowing:
  config: # windows=1476, spacing=0.021422492217229923, CF order=4
  error tolerance: rtol=0.001, atol=1e-05
Testing N_win=1476 N_cf=3
Windowing:
  config: # windows=1476, spacing=0.021422492217229923, CF order=3
  error tolerance: rtol=0.001, atol=1e-05
Testing N_win=1476 N_cf=2
Windowing:
  config: # windows=1476, spacing=0.021422492217229923, CF order=2
  error tolerance: rtol=0.001, atol=1e-05
Testing N_win=1581 N_cf=10
Windowing:
  config: # windows=1581, spacing=0.0199997460547953, CF order=10
  error tolerance: rtol=0.001, atol=1e-05
Testing N_win=1581 N_cf=9
Windowing:
  config: # windows=1581, spacing=0.0199997460547953, CF order=9
  error tolerance: rtol=0.001, atol=1e-05
Testing N_win=1581 N_cf=8
Windowing:
  config: # windows=1581, spacing=0.0199997460547953, CF order=8
  error tolerance: rtol=0.001, atol=1e-05
Testing N_win=1581 N_cf=7
Windowing:
  config: # windows=1581, spacing=0.0199997460547953, CF order=7
  error tolerance: rtol=0.001, atol=1e-05
Testing N_win=1581 N_cf=6
Windowing:
  config: # windows=1581, spacing=0.0199997460547953, CF order=6
  error tolerance: rtol=0.001, atol=1e-05
Testing N_win=1581 N_cf=5
Windowing:
  config: # windows=1581, spacing=0.0199997460547953, CF order=5
  error tolerance: rtol=0.001, atol=1e-05
Testing N_win=1581 N_cf=4
Windowing:
  config: # windows=1581, spacing=0.0199997460547953, CF order=4
  error tolerance: rtol=0.001, atol=1e-05
Testing N_win=1581 N_cf=3
Windowing:
  config: # windows=1581, spacing=0.0199997460547953, CF order=3
  error tolerance: rtol=0.001, atol=1e-05
Testing N_win=1581 N_cf=2
Windowing:
  config: # windows=1581, spacing=0.0199997460547953, CF order=2
  error tolerance: rtol=0.001, atol=1e-05
Testing N_win=1685 N_cf=10
Windowing:
  config: # windows=1685, spacing=0.018765340363579446, CF order=10
  error tolerance: rtol=0.001, atol=1e-05
Testing N_win=1685 N_cf=9
Windowing:
  config: # windows=1685, spacing=0.018765340363579446, CF order=9
  error tolerance: rtol=0.001, atol=1e-05
Testing N_win=1685 N_cf=8
Windowing:
  config: # windows=1685, spacing=0.018765340363579446, CF order=8
  error tolerance: rtol=0.001, atol=1e-05
Testing N_win=1685 N_cf=7
Windowing:
  config: # windows=1685, spacing=0.018765340363579446, CF order=7
  error tolerance: rtol=0.001, atol=1e-05
Testing N_win=1685 N_cf=6
Windowing:
  config: # windows=1685, spacing=0.018765340363579446, CF order=6
  error tolerance: rtol=0.001, atol=1e-05
Testing N_win=1685 N_cf=5
Windowing:
  config: # windows=1685, spacing=0.018765340363579446, CF order=5
  error tolerance: rtol=0.001, atol=1e-05
Testing N_win=1685 N_cf=4
Windowing:
  config: # windows=1685, spacing=0.018765340363579446, CF order=4
  error tolerance: rtol=0.001, atol=1e-05
Testing N_win=1685 N_cf=3
Windowing:
  config: # windows=1685, spacing=0.018765340363579446, CF order=3
  error tolerance: rtol=0.001, atol=1e-05
Testing N_win=1685 N_cf=2
Windowing:
  config: # windows=1685, spacing=0.018765340363579446, CF order=2
  error tolerance: rtol=0.001, atol=1e-05
Testing N_win=1790 N_cf=10
Windowing:
  config: # windows=1790, spacing=0.017664580174654394, CF order=10
  error tolerance: rtol=0.001, atol=1e-05
Testing N_win=1790 N_cf=9
Windowing:
  config: # windows=1790, spacing=0.017664580174654394, CF order=9
  error tolerance: rtol=0.001, atol=1e-05
Testing N_win=1790 N_cf=8
Windowing:
  config: # windows=1790, spacing=0.017664580174654394, CF order=8
  error tolerance: rtol=0.001, atol=1e-05
Testing N_win=1790 N_cf=7
Windowing:
  config: # windows=1790, spacing=0.017664580174654394, CF order=7
  error tolerance: rtol=0.001, atol=1e-05
Testing N_win=1790 N_cf=6
Windowing:
  config: # windows=1790, spacing=0.017664580174654394, CF order=6
  error tolerance: rtol=0.001, atol=1e-05
Testing N_win=1790 N_cf=5
Windowing:
  config: # windows=1790, spacing=0.017664580174654394, CF order=5
  error tolerance: rtol=0.001, atol=1e-05
Testing N_win=1790 N_cf=4
Windowing:
  config: # windows=1790, spacing=0.017664580174654394, CF order=4
  error tolerance: rtol=0.001, atol=1e-05
Testing N_win=1790 N_cf=3
Windowing:
  config: # windows=1790, spacing=0.017664580174654394, CF order=3
  error tolerance: rtol=0.001, atol=1e-05
Testing N_win=1790 N_cf=2
Windowing:
  config: # windows=1790, spacing=0.017664580174654394, CF order=2
  error tolerance: rtol=0.001, atol=1e-05
Testing N_win=1895 N_cf=10
Windowing:
  config: # windows=1895, spacing=0.01668580396444927, CF order=10
  error tolerance: rtol=0.001, atol=1e-05
Testing N_win=1895 N_cf=9
Windowing:
  config: # windows=1895, spacing=0.01668580396444927, CF order=9
  error tolerance: rtol=0.001, atol=1e-05
Testing N_win=1895 N_cf=8
Windowing:
  config: # windows=1895, spacing=0.01668580396444927, CF order=8
  error tolerance: rtol=0.001, atol=1e-05
Testing N_win=1895 N_cf=7
Windowing:
  config: # windows=1895, spacing=0.01668580396444927, CF order=7
  error tolerance: rtol=0.001, atol=1e-05
Testing N_win=1895 N_cf=6
Windowing:
  config: # windows=1895, spacing=0.01668580396444927, CF order=6
  error tolerance: rtol=0.001, atol=1e-05
Testing N_win=1895 N_cf=5
Windowing:
  config: # windows=1895, spacing=0.01668580396444927, CF order=5
  error tolerance: rtol=0.001, atol=1e-05
Testing N_win=1895 N_cf=4
Windowing:
  config: # windows=1895, spacing=0.01668580396444927, CF order=4
  error tolerance: rtol=0.001, atol=1e-05
Testing N_win=1895 N_cf=3
Windowing:
  config: # windows=1895, spacing=0.01668580396444927, CF order=3
  error tolerance: rtol=0.001, atol=1e-05
Testing N_win=1895 N_cf=2
Windowing:
  config: # windows=1895, spacing=0.01668580396444927, CF order=2
  error tolerance: rtol=0.001, atol=1e-05
Testing N_win=2000 N_cf=10
Windowing:
  config: # windows=2000, spacing=0.015809799256315683, CF order=10
  error tolerance: rtol=0.001, atol=1e-05
Testing N_win=2000 N_cf=9
Windowing:
  config: # windows=2000, spacing=0.015809799256315683, CF order=9
  error tolerance: rtol=0.001, atol=1e-05
Testing N_win=2000 N_cf=8
Windowing:
  config: # windows=2000, spacing=0.015809799256315683, CF order=8
  error tolerance: rtol=0.001, atol=1e-05
Testing N_win=2000 N_cf=7
Windowing:
  config: # windows=2000, spacing=0.015809799256315683, CF order=7
  error tolerance: rtol=0.001, atol=1e-05
Testing N_win=2000 N_cf=6
Windowing:
  config: # windows=2000, spacing=0.015809799256315683, CF order=6
  error tolerance: rtol=0.001, atol=1e-05
Testing N_win=2000 N_cf=5
Windowing:
  config: # windows=2000, spacing=0.015809799256315683, CF order=5
  error tolerance: rtol=0.001, atol=1e-05
Testing N_win=2000 N_cf=4
Windowing:
  config: # windows=2000, spacing=0.015809799256315683, CF order=4
  error tolerance: rtol=0.001, atol=1e-05
Testing N_win=2000 N_cf=3
Windowing:
  config: # windows=2000, spacing=0.015809799256315683, CF order=3
  error tolerance: rtol=0.001, atol=1e-05
Testing N_win=2000 N_cf=2
Windowing:
  config: # windows=2000, spacing=0.015809799256315683, CF order=2
  error tolerance: rtol=0.001, atol=1e-05
Final library: 113 poles, 324 windows, 2.5 poles per window, 4 CF order
