Running NJOY to get 0K point-wise data (error=0.0005)...
Parsing cross sections within resolved resonance range...
  MTs: [2, 27, 102]
  Energy range: 1.000e-05 to 3.400e+03 eV (45443 points)
Vector fitting piece 1/22...
  energy: 1.000e-05 to 8.438e+00 eV (570 points)
  error tolerance: rtol=0.001, atol=1e-05
Found 0 peaks
Fitting orders from 2 to 200
Order=2(0/100)
Order=4(1/100)
Order=6(2/100)
Found ideal results. Stop!
Found 2 real poles and 2 conjugate complex pairs.
Final number of poles: 4
Saved figure: WMP_Lib/I129/0-8_MT2.png
Saved figure: WMP_Lib/I129/0-8_MT27.png
Saved figure: WMP_Lib/I129/0-8_MT102.png
Vector fitting piece 2/22...
  energy: 1.312e+00 to 3.078e+01 eV (119 points)
  error tolerance: rtol=0.001, atol=1e-05
Found 0 peaks
Fitting orders from 2 to 200
Order=2(0/100)
Order=4(1/100)
Found ideal results. Stop!
Found 0 real poles and 2 conjugate complex pairs.
Final number of poles: 2
Saved figure: WMP_Lib/I129/1-31_MT2.png
Saved figure: WMP_Lib/I129/1-31_MT27.png
Saved figure: WMP_Lib/I129/1-31_MT102.png
Vector fitting piece 3/22...
  energy: 1.438e+01 to 6.625e+01 eV (126 points)
  error tolerance: rtol=0.001, atol=1e-05
Found 0 peaks
Fitting orders from 2 to 200
Order=2(0/100)
Order=4(1/100)
Order=6(2/100)
Found ideal results. Stop!
Found 0 real poles and 3 conjugate complex pairs.
Final number of poles: 3
Saved figure: WMP_Lib/I129/14-66_MT2.png
Saved figure: WMP_Lib/I129/14-66_MT27.png
Saved figure: WMP_Lib/I129/14-66_MT102.png
Vector fitting piece 4/22...
  energy: 4.156e+01 to 1.168e+02 eV (1211 points)
  error tolerance: rtol=0.001, atol=1e-05
Found 2 peaks
Fitting orders from 4 to 200
Order=4(0/99)
Order=6(1/99)
Order=8(2/99)
Found ideal results. Stop!
Found 2 real poles and 3 conjugate complex pairs.
Final number of poles: 5
Saved figure: WMP_Lib/I129/42-117_MT2.png
Saved figure: WMP_Lib/I129/42-117_MT27.png
Saved figure: WMP_Lib/I129/42-117_MT102.png
Vector fitting piece 5/22...
  energy: 8.261e+01 to 1.816e+02 eV (2200 points)
  error tolerance: rtol=0.001, atol=1e-05
Found 4 peaks
Fitting orders from 8 to 200
Order=8(0/97)
Order=10(1/97)
Order=12(2/97)
Order=14(3/97)
Found ideal results. Stop!
Found 2 real poles and 6 conjugate complex pairs.
Final number of poles: 8
Saved figure: WMP_Lib/I129/83-182_MT2.png
Saved figure: WMP_Lib/I129/83-182_MT27.png
Saved figure: WMP_Lib/I129/83-182_MT102.png
Vector fitting piece 6/22...
  energy: 1.380e+02 to 2.587e+02 eV (1718 points)
  error tolerance: rtol=0.001, atol=1e-05
Found 3 peaks
Fitting orders from 6 to 200
Order=6(0/98)
Order=8(1/98)
Order=10(2/98)
Order=12(3/98)
Order=14(4/98)
Order=16(5/98)
Order=18(6/98)
Order=20(7/98)
Order=22(8/98)
Order=24(9/98)
Order=26(10/98)
Order=28(11/98)
Order=30(12/98)
Order=32(13/98)
Order=34(14/98)
Order=36(15/98)
Order=38(16/98)
Order=40(17/98)
Order=42(18/98)
Order=44(19/98)
Order=46(20/98)
Order=48(21/98)
Order=50(22/98)
Order=52(23/98)
Order=54(24/98)
Order=56(25/98)
Order=58(26/98)
Order=60(27/98)
Found 4 real poles and 4 conjugate complex pairs.
Final number of poles: 8
Saved figure: WMP_Lib/I129/138-259_MT2.png
Saved figure: WMP_Lib/I129/138-259_MT27.png
Saved figure: WMP_Lib/I129/138-259_MT102.png
Vector fitting piece 7/22...
  energy: 2.072e+02 to 3.513e+02 eV (1994 points)
  error tolerance: rtol=0.001, atol=1e-05
Found 4 peaks
Fitting orders from 8 to 200
Order=8(0/97)
Order=10(1/97)
Order=12(2/97)
Order=14(3/97)
Order=16(4/97)
Order=18(5/97)
Order=20(6/97)
Order=22(7/97)
Order=24(8/97)
Order=26(9/97)
Order=28(10/97)
Order=30(11/97)
Order=32(12/97)
Order=34(13/97)
Order=36(14/97)
Order=38(15/97)
Order=40(16/97)
Order=42(17/97)
Order=44(18/97)
Order=46(19/97)
Order=48(20/97)
Order=50(21/97)
Order=52(22/97)
Order=54(23/97)
Order=56(24/97)
Order=58(25/97)
Order=60(26/97)
Found 4 real poles and 5 conjugate complex pairs.
Final number of poles: 9
Saved figure: WMP_Lib/I129/207-351_MT2.png
Saved figure: WMP_Lib/I129/207-351_MT27.png
Saved figure: WMP_Lib/I129/207-351_MT102.png
Vector fitting piece 8/22...
  energy: 2.907e+02 to 4.574e+02 eV (3328 points)
  error tolerance: rtol=0.001, atol=1e-05
Found 8 peaks
Fitting orders from 16 to 200
Order=16(0/93)
Order=18(1/93)
Order=20(2/93)
Order=22(3/93)
Order=24(4/93)
Order=26(5/93)
Order=28(6/93)
Order=30(7/93)
Order=32(8/93)
Order=34(9/93)
Order=36(10/93)
Order=38(11/93)
Order=40(12/93)
Order=42(13/93)
Order=44(14/93)
Order=46(15/93)
Order=48(16/93)
Order=50(17/93)
Order=52(18/93)
Order=54(19/93)
Order=56(20/93)
Order=58(21/93)
Order=60(22/93)
Found 2 real poles and 10 conjugate complex pairs.
Final number of poles: 12
Saved figure: WMP_Lib/I129/291-457_MT2.png
Saved figure: WMP_Lib/I129/291-457_MT27.png
Saved figure: WMP_Lib/I129/291-457_MT102.png
Vector fitting piece 9/22...
  energy: 3.878e+02 to 5.797e+02 eV (3368 points)
  error tolerance: rtol=0.001, atol=1e-05
Found 6 peaks
Fitting orders from 12 to 200
Order=12(0/95)
Order=14(1/95)
Order=16(2/95)
Order=18(3/95)
Order=20(4/95)
Order=22(5/95)
Order=24(6/95)
Order=26(7/95)
Order=28(8/95)
Order=30(9/95)
Order=32(10/95)
Order=34(11/95)
Order=36(12/95)
Order=38(13/95)
Order=40(14/95)
Order=42(15/95)
Order=44(16/95)
Order=46(17/95)
Order=48(18/95)
Order=50(19/95)
Order=52(20/95)
Order=54(21/95)
Order=56(22/95)
Order=58(23/95)
Order=60(24/95)
Found 2 real poles and 7 conjugate complex pairs.
Final number of poles: 9
Saved figure: WMP_Lib/I129/388-580_MT2.png
Saved figure: WMP_Lib/I129/388-580_MT27.png
Saved figure: WMP_Lib/I129/388-580_MT102.png
Vector fitting piece 10/22...
  energy: 4.995e+02 to 7.124e+02 eV (1886 points)
  error tolerance: rtol=0.001, atol=1e-05
Found 4 peaks
Fitting orders from 8 to 200
Order=8(0/97)
Order=10(1/97)
Order=12(2/97)
Order=14(3/97)
Order=16(4/97)
Order=18(5/97)
Order=20(6/97)
Order=22(7/97)
Order=24(8/97)
Order=26(9/97)
Order=28(10/97)
Order=30(11/97)
Order=32(12/97)
Order=34(13/97)
Order=36(14/97)
Order=38(15/97)
Order=40(16/97)
Order=42(17/97)
Order=44(18/97)
Order=46(19/97)
Order=48(20/97)
Order=50(21/97)
Order=52(22/97)
Order=54(23/97)
Order=56(24/97)
Order=58(25/97)
Order=60(26/97)
Found 4 real poles and 5 conjugate complex pairs.
Final number of poles: 9
Saved figure: WMP_Lib/I129/500-712_MT2.png
Saved figure: WMP_Lib/I129/500-712_MT27.png
Saved figure: WMP_Lib/I129/500-712_MT102.png
Vector fitting piece 11/22...
  energy: 6.238e+02 to 8.607e+02 eV (2776 points)
  error tolerance: rtol=0.001, atol=1e-05
Found 6 peaks
Fitting orders from 12 to 200
Order=12(0/95)
Order=14(1/95)
Order=16(2/95)
Order=18(3/95)
Order=20(4/95)
Order=22(5/95)
Order=24(6/95)
Order=26(7/95)
Order=28(8/95)
Order=30(9/95)
Order=32(10/95)
Order=34(11/95)
Order=36(12/95)
Order=38(13/95)
Order=40(14/95)
Order=42(15/95)
Order=44(16/95)
Order=46(17/95)
Order=48(18/95)
Order=50(19/95)
Order=52(20/95)
Order=54(21/95)
Order=56(22/95)
Order=58(23/95)
Order=60(24/95)
Found 2 real poles and 7 conjugate complex pairs.
Final number of poles: 9
Saved figure: WMP_Lib/I129/624-861_MT2.png
Saved figure: WMP_Lib/I129/624-861_MT27.png
Saved figure: WMP_Lib/I129/624-861_MT102.png
Vector fitting piece 12/22...
  energy: 7.643e+02 to 1.024e+03 eV (3430 points)
  error tolerance: rtol=0.001, atol=1e-05
Found 7 peaks
Fitting orders from 14 to 200
Order=14(0/94)
Order=16(1/94)
Order=18(2/94)
Order=20(3/94)
Order=22(4/94)
Order=24(5/94)
Order=26(6/94)
Order=28(7/94)
Order=30(8/94)
Order=32(9/94)
Order=34(10/94)
Order=36(11/94)
Order=38(12/94)
Order=40(13/94)
Order=42(14/94)
Order=44(15/94)
Order=46(16/94)
Order=48(17/94)
Order=50(18/94)
Order=52(19/94)
Order=54(20/94)
Order=56(21/94)
Order=58(22/94)
Order=60(23/94)
Found 4 real poles and 7 conjugate complex pairs.
Final number of poles: 11
Saved figure: WMP_Lib/I129/764-1024_MT2.png
Saved figure: WMP_Lib/I129/764-1024_MT27.png
Saved figure: WMP_Lib/I129/764-1024_MT102.png
Vector fitting piece 13/22...
  energy: 9.182e+02 to 1.200e+03 eV (3035 points)
  error tolerance: rtol=0.001, atol=1e-05
Found 7 peaks
Fitting orders from 14 to 200
Order=14(0/94)
Order=16(1/94)
Order=18(2/94)
Order=20(3/94)
Order=22(4/94)
Order=24(5/94)
Order=26(6/94)
Order=28(7/94)
Order=30(8/94)
Order=32(9/94)
Order=34(10/94)
Order=36(11/94)
Order=38(12/94)
Order=40(13/94)
Order=42(14/94)
Order=44(15/94)
Order=46(16/94)
Order=48(17/94)
Order=50(18/94)
Order=52(19/94)
Order=54(20/94)
Order=56(21/94)
Order=58(22/94)
Order=60(23/94)
Found 4 real poles and 9 conjugate complex pairs.
Final number of poles: 13
Saved figure: WMP_Lib/I129/918-1200_MT2.png
Saved figure: WMP_Lib/I129/918-1200_MT27.png
Saved figure: WMP_Lib/I129/918-1200_MT102.png
Vector fitting piece 14/22...
  energy: 1.085e+03 to 1.393e+03 eV (3578 points)
  error tolerance: rtol=0.001, atol=1e-05
Found 9 peaks
Fitting orders from 18 to 200
Order=18(0/92)
Order=20(1/92)
Order=22(2/92)
Order=24(3/92)
Order=26(4/92)
Order=28(5/92)
Order=30(6/92)
Order=32(7/92)
Order=34(8/92)
Order=36(9/92)
Order=38(10/92)
Order=40(11/92)
Order=42(12/92)
Order=44(13/92)
Order=46(14/92)
Order=48(15/92)
Order=50(16/92)
Order=52(17/92)
Order=54(18/92)
Order=56(19/92)
Order=58(20/92)
Order=60(21/92)
Found 4 real poles and 9 conjugate complex pairs.
Final number of poles: 13
Saved figure: WMP_Lib/I129/1085-1393_MT2.png
Saved figure: WMP_Lib/I129/1085-1393_MT27.png
Saved figure: WMP_Lib/I129/1085-1393_MT102.png
Vector fitting piece 15/22...
  energy: 1.267e+03 to 1.595e+03 eV (4212 points)
  error tolerance: rtol=0.001, atol=1e-05
Found 11 peaks
Fitting orders from 22 to 200
Order=22(0/90)
Order=24(1/90)
Order=26(2/90)
Order=28(3/90)
Order=30(4/90)
Order=32(5/90)
Order=34(6/90)
Order=36(7/90)
Order=38(8/90)
Order=40(9/90)
Order=42(10/90)
Order=44(11/90)
Order=46(12/90)
Order=48(13/90)
Order=50(14/90)
Order=52(15/90)
Order=54(16/90)
Order=56(17/90)
Order=58(18/90)
Order=60(19/90)
Found 4 real poles and 12 conjugate complex pairs.
Final number of poles: 16
Saved figure: WMP_Lib/I129/1267-1595_MT2.png
Saved figure: WMP_Lib/I129/1267-1595_MT27.png
Saved figure: WMP_Lib/I129/1267-1595_MT102.png
Vector fitting piece 16/22...
  energy: 1.463e+03 to 1.814e+03 eV (4679 points)
  error tolerance: rtol=0.001, atol=1e-05
Found 12 peaks
Fitting orders from 24 to 200
Order=24(0/89)
Order=26(1/89)
Order=28(2/89)
Order=30(3/89)
Order=32(4/89)
Order=34(5/89)
Order=36(6/89)
Order=38(7/89)
Order=40(8/89)
Order=42(9/89)
Order=44(10/89)
Order=46(11/89)
Order=48(12/89)
Order=50(13/89)
Order=52(14/89)
Order=54(15/89)
Order=56(16/89)
Order=58(17/89)
Order=60(18/89)
Found 2 real poles and 14 conjugate complex pairs.
Final number of poles: 16
Saved figure: WMP_Lib/I129/1463-1814_MT2.png
Saved figure: WMP_Lib/I129/1463-1814_MT27.png
Saved figure: WMP_Lib/I129/1463-1814_MT102.png
Vector fitting piece 17/22...
  energy: 1.673e+03 to 2.050e+03 eV (4893 points)
  error tolerance: rtol=0.001, atol=1e-05
Found 12 peaks
Fitting orders from 24 to 200
Order=24(0/89)
Order=26(1/89)
Order=28(2/89)
Order=30(3/89)
Order=32(4/89)
Order=34(5/89)
Order=36(6/89)
Order=38(7/89)
Order=40(8/89)
Order=42(9/89)
Order=44(10/89)
Order=46(11/89)
Order=48(12/89)
Order=50(13/89)
Order=52(14/89)
Order=54(15/89)
Order=56(16/89)
Order=58(17/89)
Order=60(18/89)
Found 4 real poles and 12 conjugate complex pairs.
Final number of poles: 16
Saved figure: WMP_Lib/I129/1673-2050_MT2.png
Saved figure: WMP_Lib/I129/1673-2050_MT27.png
Saved figure: WMP_Lib/I129/1673-2050_MT102.png
Vector fitting piece 18/22...
  energy: 1.897e+03 to 2.294e+03 eV (3692 points)
  error tolerance: rtol=0.001, atol=1e-05
Found 11 peaks
Fitting orders from 22 to 200
Order=22(0/90)
Order=24(1/90)
Order=26(2/90)
Order=28(3/90)
Order=30(4/90)
Order=32(5/90)
Order=34(6/90)
Order=36(7/90)
Order=38(8/90)
Order=40(9/90)
Order=42(10/90)
Order=44(11/90)
Order=46(12/90)
Order=48(13/90)
Order=50(14/90)
Order=52(15/90)
Order=54(16/90)
Order=56(17/90)
Order=58(18/90)
Order=60(19/90)
Order=62(20/90)
Order=64(21/90)
Order=66(22/90)
Order=68(23/90)
Order=70(24/90)
Found 4 real poles and 12 conjugate complex pairs.
Final number of poles: 16
Saved figure: WMP_Lib/I129/1897-2294_MT2.png
Saved figure: WMP_Lib/I129/1897-2294_MT27.png
Saved figure: WMP_Lib/I129/1897-2294_MT102.png
Vector fitting piece 19/22...
  energy: 2.134e+03 to 2.555e+03 eV (6240 points)
  error tolerance: rtol=0.001, atol=1e-05
Found 22 peaks
Fitting orders from 44 to 200
Order=44(0/79)
Order=46(1/79)
Order=48(2/79)
Order=50(3/79)
Order=52(4/79)
Order=54(5/79)
Order=56(6/79)
Order=58(7/79)
Order=60(8/79)
Order=62(9/79)
Order=64(10/79)
Order=66(11/79)
Order=68(12/79)
Order=70(13/79)
Found 4 real poles and 23 conjugate complex pairs.
Final number of poles: 27
Saved figure: WMP_Lib/I129/2134-2555_MT2.png
Saved figure: WMP_Lib/I129/2134-2555_MT27.png
Saved figure: WMP_Lib/I129/2134-2555_MT102.png
Vector fitting piece 20/22...
  energy: 2.387e+03 to 2.830e+03 eV (6419 points)
  error tolerance: rtol=0.001, atol=1e-05
Found 23 peaks
Fitting orders from 46 to 200
Order=46(0/78)
Order=48(1/78)
Order=50(2/78)
Order=52(3/78)
Order=54(4/78)
Order=56(5/78)
Order=58(6/78)
Order=60(7/78)
Order=62(8/78)
Order=64(9/78)
Order=66(10/78)
Order=68(11/78)
Order=70(12/78)
Order=72(13/78)
Found 4 real poles and 24 conjugate complex pairs.
Final number of poles: 28
Saved figure: WMP_Lib/I129/2387-2830_MT2.png
Saved figure: WMP_Lib/I129/2387-2830_MT27.png
Saved figure: WMP_Lib/I129/2387-2830_MT102.png
Vector fitting piece 21/22...
  energy: 2.652e+03 to 3.118e+03 eV (5874 points)
  error tolerance: rtol=0.001, atol=1e-05
Found 23 peaks
Fitting orders from 46 to 200
Order=46(0/78)
Order=48(1/78)
Order=50(2/78)
Order=52(3/78)
Order=54(4/78)
Order=56(5/78)
Order=58(6/78)
Order=60(7/78)
Order=62(8/78)
Order=64(9/78)
Order=66(10/78)
Order=68(11/78)
Order=70(12/78)
Order=72(13/78)
Found 4 real poles and 24 conjugate complex pairs.
Final number of poles: 28
Saved figure: WMP_Lib/I129/2652-3118_MT2.png
Saved figure: WMP_Lib/I129/2652-3118_MT27.png
Saved figure: WMP_Lib/I129/2652-3118_MT102.png
Vector fitting piece 22/22...
  energy: 2.932e+03 to 3.400e+03 eV (5357 points)
  error tolerance: rtol=0.001, atol=1e-05
Found 21 peaks
Fitting orders from 42 to 200
Order=42(0/80)
Order=44(1/80)
Order=46(2/80)
Order=48(3/80)
Order=50(4/80)
Order=52(5/80)
Order=54(6/80)
Order=56(7/80)
Order=58(8/80)
Order=60(9/80)
Order=62(10/80)
Order=64(11/80)
Order=66(12/80)
Order=68(13/80)
Order=70(14/80)
Found 2 real poles and 22 conjugate complex pairs.
Final number of poles: 24
Saved figure: WMP_Lib/I129/2932-3400_MT2.png
Saved figure: WMP_Lib/I129/2932-3400_MT27.png
Saved figure: WMP_Lib/I129/2932-3400_MT102.png
Dumped multipole data to file: WMP_Lib/I129/I129_mp.pickle
Start searching ...
Testing N_win=14 N_cf=10
Failed: Window spacing cannot be larger than piece spacing.
Testing N_win=118 N_cf=10
Windowing:
  config: # windows=118, spacing=0.49412159403273687, CF order=10
  error tolerance: rtol=0.001, atol=1e-05
Best library so far.
Testing N_win=118 N_cf=9
Windowing:
  config: # windows=118, spacing=0.49412159403273687, CF order=9
  error tolerance: rtol=0.001, atol=1e-05
Best library so far.
Testing N_win=118 N_cf=8
Windowing:
  config: # windows=118, spacing=0.49412159403273687, CF order=8
  error tolerance: rtol=0.001, atol=1e-05
Best library so far.
Testing N_win=118 N_cf=7
Windowing:
  config: # windows=118, spacing=0.49412159403273687, CF order=7
  error tolerance: rtol=0.001, atol=1e-05
Best library so far.
Testing N_win=118 N_cf=6
Windowing:
  config: # windows=118, spacing=0.49412159403273687, CF order=6
  error tolerance: rtol=0.001, atol=1e-05
Best library so far.
Testing N_win=118 N_cf=5
Windowing:
  config: # windows=118, spacing=0.49412159403273687, CF order=5
  error tolerance: rtol=0.001, atol=1e-05
Best library so far.
Testing N_win=118 N_cf=4
Windowing:
  config: # windows=118, spacing=0.49412159403273687, CF order=4
  error tolerance: rtol=0.001, atol=1e-05
Best library so far.
Testing N_win=118 N_cf=3
Windowing:
  config: # windows=118, spacing=0.49412159403273687, CF order=3
  error tolerance: rtol=0.001, atol=1e-05
Failed: Pure curvefit failed for the first window!
Testing N_win=223 N_cf=10
Windowing:
  config: # windows=223, spacing=0.26146344437606706, CF order=10
  error tolerance: rtol=0.001, atol=1e-05
Best library so far.
Testing N_win=223 N_cf=9
Windowing:
  config: # windows=223, spacing=0.26146344437606706, CF order=9
  error tolerance: rtol=0.001, atol=1e-05
Best library so far.
Testing N_win=223 N_cf=8
Windowing:
  config: # windows=223, spacing=0.26146344437606706, CF order=8
  error tolerance: rtol=0.001, atol=1e-05
Best library so far.
Testing N_win=223 N_cf=7
Windowing:
  config: # windows=223, spacing=0.26146344437606706, CF order=7
  error tolerance: rtol=0.001, atol=1e-05
Best library so far.
Testing N_win=223 N_cf=6
Windowing:
  config: # windows=223, spacing=0.26146344437606706, CF order=6
  error tolerance: rtol=0.001, atol=1e-05
Best library so far.
Testing N_win=223 N_cf=5
Windowing:
  config: # windows=223, spacing=0.26146344437606706, CF order=5
  error tolerance: rtol=0.001, atol=1e-05
Best library so far.
Testing N_win=223 N_cf=4
Windowing:
  config: # windows=223, spacing=0.26146344437606706, CF order=4
  error tolerance: rtol=0.001, atol=1e-05
Best library so far.
Testing N_win=223 N_cf=3
Windowing:
  config: # windows=223, spacing=0.26146344437606706, CF order=3
  error tolerance: rtol=0.001, atol=1e-05
Testing N_win=223 N_cf=2
Windowing:
  config: # windows=223, spacing=0.26146344437606706, CF order=2
  error tolerance: rtol=0.001, atol=1e-05
Failed: Pure curvefit failed for the first window!
Testing N_win=327 N_cf=10
Windowing:
  config: # windows=327, spacing=0.17830687491089586, CF order=10
  error tolerance: rtol=0.001, atol=1e-05
Testing N_win=327 N_cf=9
Windowing:
  config: # windows=327, spacing=0.17830687491089586, CF order=9
  error tolerance: rtol=0.001, atol=1e-05
Testing N_win=327 N_cf=8
Windowing:
  config: # windows=327, spacing=0.17830687491089586, CF order=8
  error tolerance: rtol=0.001, atol=1e-05
Testing N_win=327 N_cf=7
Windowing:
  config: # windows=327, spacing=0.17830687491089586, CF order=7
  error tolerance: rtol=0.001, atol=1e-05
Testing N_win=327 N_cf=6
Windowing:
  config: # windows=327, spacing=0.17830687491089586, CF order=6
  error tolerance: rtol=0.001, atol=1e-05
Best library so far.
Testing N_win=327 N_cf=5
Windowing:
  config: # windows=327, spacing=0.17830687491089586, CF order=5
  error tolerance: rtol=0.001, atol=1e-05
Best library so far.
Testing N_win=327 N_cf=4
Windowing:
  config: # windows=327, spacing=0.17830687491089586, CF order=4
  error tolerance: rtol=0.001, atol=1e-05
Best library so far.
Testing N_win=327 N_cf=3
Windowing:
  config: # windows=327, spacing=0.17830687491089586, CF order=3
  error tolerance: rtol=0.001, atol=1e-05
Testing N_win=327 N_cf=2
Windowing:
  config: # windows=327, spacing=0.17830687491089586, CF order=2
  error tolerance: rtol=0.001, atol=1e-05
Failed: Pure curvefit failed for the first window!
Testing N_win=432 N_cf=10
Windowing:
  config: # windows=432, spacing=0.13496839837005312, CF order=10
  error tolerance: rtol=0.001, atol=1e-05
Testing N_win=432 N_cf=9
Windowing:
  config: # windows=432, spacing=0.13496839837005312, CF order=9
  error tolerance: rtol=0.001, atol=1e-05
Testing N_win=432 N_cf=8
Windowing:
  config: # windows=432, spacing=0.13496839837005312, CF order=8
  error tolerance: rtol=0.001, atol=1e-05
Testing N_win=432 N_cf=7
Windowing:
  config: # windows=432, spacing=0.13496839837005312, CF order=7
  error tolerance: rtol=0.001, atol=1e-05
Testing N_win=432 N_cf=6
Windowing:
  config: # windows=432, spacing=0.13496839837005312, CF order=6
  error tolerance: rtol=0.001, atol=1e-05
Testing N_win=432 N_cf=5
Windowing:
  config: # windows=432, spacing=0.13496839837005312, CF order=5
  error tolerance: rtol=0.001, atol=1e-05
Best library so far.
Testing N_win=432 N_cf=4
Windowing:
  config: # windows=432, spacing=0.13496839837005312, CF order=4
  error tolerance: rtol=0.001, atol=1e-05
Best library so far.
Testing N_win=432 N_cf=3
Windowing:
  config: # windows=432, spacing=0.13496839837005312, CF order=3
  error tolerance: rtol=0.001, atol=1e-05
Testing N_win=432 N_cf=2
Windowing:
  config: # windows=432, spacing=0.13496839837005312, CF order=2
  error tolerance: rtol=0.001, atol=1e-05
Failed: Pure curvefit failed for the first window!
Testing N_win=536 N_cf=10
Windowing:
  config: # windows=536, spacing=0.10878050017884879, CF order=10
  error tolerance: rtol=0.001, atol=1e-05
Testing N_win=536 N_cf=9
Windowing:
  config: # windows=536, spacing=0.10878050017884879, CF order=9
  error tolerance: rtol=0.001, atol=1e-05
Testing N_win=536 N_cf=8
Windowing:
  config: # windows=536, spacing=0.10878050017884879, CF order=8
  error tolerance: rtol=0.001, atol=1e-05
Testing N_win=536 N_cf=7
Windowing:
  config: # windows=536, spacing=0.10878050017884879, CF order=7
  error tolerance: rtol=0.001, atol=1e-05
Testing N_win=536 N_cf=6
Windowing:
  config: # windows=536, spacing=0.10878050017884879, CF order=6
  error tolerance: rtol=0.001, atol=1e-05
Testing N_win=536 N_cf=5
Windowing:
  config: # windows=536, spacing=0.10878050017884879, CF order=5
  error tolerance: rtol=0.001, atol=1e-05
Testing N_win=536 N_cf=4
Windowing:
  config: # windows=536, spacing=0.10878050017884879, CF order=4
  error tolerance: rtol=0.001, atol=1e-05
Testing N_win=536 N_cf=3
Windowing:
  config: # windows=536, spacing=0.10878050017884879, CF order=3
  error tolerance: rtol=0.001, atol=1e-05
Best library so far.
Testing N_win=536 N_cf=2
Windowing:
  config: # windows=536, spacing=0.10878050017884879, CF order=2
  error tolerance: rtol=0.001, atol=1e-05
Failed: Pure curvefit failed for the first window!
Testing N_win=641 N_cf=10
Windowing:
  config: # windows=641, spacing=0.09096154149120585, CF order=10
  error tolerance: rtol=0.001, atol=1e-05
Testing N_win=641 N_cf=9
Windowing:
  config: # windows=641, spacing=0.09096154149120585, CF order=9
  error tolerance: rtol=0.001, atol=1e-05
Testing N_win=641 N_cf=8
Windowing:
  config: # windows=641, spacing=0.09096154149120585, CF order=8
  error tolerance: rtol=0.001, atol=1e-05
Testing N_win=641 N_cf=7
Windowing:
  config: # windows=641, spacing=0.09096154149120585, CF order=7
  error tolerance: rtol=0.001, atol=1e-05
Testing N_win=641 N_cf=6
Windowing:
  config: # windows=641, spacing=0.09096154149120585, CF order=6
  error tolerance: rtol=0.001, atol=1e-05
Testing N_win=641 N_cf=5
Windowing:
  config: # windows=641, spacing=0.09096154149120585, CF order=5
  error tolerance: rtol=0.001, atol=1e-05
Testing N_win=641 N_cf=4
Windowing:
  config: # windows=641, spacing=0.09096154149120585, CF order=4
  error tolerance: rtol=0.001, atol=1e-05
Testing N_win=641 N_cf=3
Windowing:
  config: # windows=641, spacing=0.09096154149120585, CF order=3
  error tolerance: rtol=0.001, atol=1e-05
Testing N_win=641 N_cf=2
Windowing:
  config: # windows=641, spacing=0.09096154149120585, CF order=2
  error tolerance: rtol=0.001, atol=1e-05
Failed: Pure curvefit failed for the first window!
Testing N_win=745 N_cf=10
Windowing:
  config: # windows=745, spacing=0.07826355449109121, CF order=10
  error tolerance: rtol=0.001, atol=1e-05
Testing N_win=745 N_cf=9
Windowing:
  config: # windows=745, spacing=0.07826355449109121, CF order=9
  error tolerance: rtol=0.001, atol=1e-05
Testing N_win=745 N_cf=8
Windowing:
  config: # windows=745, spacing=0.07826355449109121, CF order=8
  error tolerance: rtol=0.001, atol=1e-05
Testing N_win=745 N_cf=7
Windowing:
  config: # windows=745, spacing=0.07826355449109121, CF order=7
  error tolerance: rtol=0.001, atol=1e-05
Testing N_win=745 N_cf=6
Windowing:
  config: # windows=745, spacing=0.07826355449109121, CF order=6
  error tolerance: rtol=0.001, atol=1e-05
Testing N_win=745 N_cf=5
Windowing:
  config: # windows=745, spacing=0.07826355449109121, CF order=5
  error tolerance: rtol=0.001, atol=1e-05
Testing N_win=745 N_cf=4
Windowing:
  config: # windows=745, spacing=0.07826355449109121, CF order=4
  error tolerance: rtol=0.001, atol=1e-05
Testing N_win=745 N_cf=3
Windowing:
  config: # windows=745, spacing=0.07826355449109121, CF order=3
  error tolerance: rtol=0.001, atol=1e-05
Testing N_win=745 N_cf=2
Windowing:
  config: # windows=745, spacing=0.07826355449109121, CF order=2
  error tolerance: rtol=0.001, atol=1e-05
Failed: Pure curvefit failed for the first window!
Testing N_win=850 N_cf=10
Windowing:
  config: # windows=850, spacing=0.06859570364219171, CF order=10
  error tolerance: rtol=0.001, atol=1e-05
Testing N_win=850 N_cf=9
Windowing:
  config: # windows=850, spacing=0.06859570364219171, CF order=9
  error tolerance: rtol=0.001, atol=1e-05
Testing N_win=850 N_cf=8
Windowing:
  config: # windows=850, spacing=0.06859570364219171, CF order=8
  error tolerance: rtol=0.001, atol=1e-05
Testing N_win=850 N_cf=7
Windowing:
  config: # windows=850, spacing=0.06859570364219171, CF order=7
  error tolerance: rtol=0.001, atol=1e-05
Testing N_win=850 N_cf=6
Windowing:
  config: # windows=850, spacing=0.06859570364219171, CF order=6
  error tolerance: rtol=0.001, atol=1e-05
Testing N_win=850 N_cf=5
Windowing:
  config: # windows=850, spacing=0.06859570364219171, CF order=5
  error tolerance: rtol=0.001, atol=1e-05
Testing N_win=850 N_cf=4
Windowing:
  config: # windows=850, spacing=0.06859570364219171, CF order=4
  error tolerance: rtol=0.001, atol=1e-05
Testing N_win=850 N_cf=3
Windowing:
  config: # windows=850, spacing=0.06859570364219171, CF order=3
  error tolerance: rtol=0.001, atol=1e-05
Testing N_win=850 N_cf=2
Windowing:
  config: # windows=850, spacing=0.06859570364219171, CF order=2
  error tolerance: rtol=0.001, atol=1e-05
Failed: Pure curvefit failed for the first window!
Testing N_win=954 N_cf=10
Windowing:
  config: # windows=954, spacing=0.0611177652996467, CF order=10
  error tolerance: rtol=0.001, atol=1e-05
Testing N_win=954 N_cf=9
Windowing:
  config: # windows=954, spacing=0.0611177652996467, CF order=9
  error tolerance: rtol=0.001, atol=1e-05
Testing N_win=954 N_cf=8
Windowing:
  config: # windows=954, spacing=0.0611177652996467, CF order=8
  error tolerance: rtol=0.001, atol=1e-05
Testing N_win=954 N_cf=7
Windowing:
  config: # windows=954, spacing=0.0611177652996467, CF order=7
  error tolerance: rtol=0.001, atol=1e-05
Testing N_win=954 N_cf=6
Windowing:
  config: # windows=954, spacing=0.0611177652996467, CF order=6
  error tolerance: rtol=0.001, atol=1e-05
Testing N_win=954 N_cf=5
Windowing:
  config: # windows=954, spacing=0.0611177652996467, CF order=5
  error tolerance: rtol=0.001, atol=1e-05
Testing N_win=954 N_cf=4
Windowing:
  config: # windows=954, spacing=0.0611177652996467, CF order=4
  error tolerance: rtol=0.001, atol=1e-05
Testing N_win=954 N_cf=3
Windowing:
  config: # windows=954, spacing=0.0611177652996467, CF order=3
  error tolerance: rtol=0.001, atol=1e-05
Testing N_win=954 N_cf=2
Windowing:
  config: # windows=954, spacing=0.0611177652996467, CF order=2
  error tolerance: rtol=0.001, atol=1e-05
Testing N_win=1059 N_cf=10
Windowing:
  config: # windows=1059, spacing=0.05505793021327946, CF order=10
  error tolerance: rtol=0.001, atol=1e-05
Testing N_win=1059 N_cf=9
Windowing:
  config: # windows=1059, spacing=0.05505793021327946, CF order=9
  error tolerance: rtol=0.001, atol=1e-05
Testing N_win=1059 N_cf=8
Windowing:
  config: # windows=1059, spacing=0.05505793021327946, CF order=8
  error tolerance: rtol=0.001, atol=1e-05
Testing N_win=1059 N_cf=7
Windowing:
  config: # windows=1059, spacing=0.05505793021327946, CF order=7
  error tolerance: rtol=0.001, atol=1e-05
Testing N_win=1059 N_cf=6
Windowing:
  config: # windows=1059, spacing=0.05505793021327946, CF order=6
  error tolerance: rtol=0.001, atol=1e-05
Testing N_win=1059 N_cf=5
Windowing:
  config: # windows=1059, spacing=0.05505793021327946, CF order=5
  error tolerance: rtol=0.001, atol=1e-05
Testing N_win=1059 N_cf=4
Windowing:
  config: # windows=1059, spacing=0.05505793021327946, CF order=4
  error tolerance: rtol=0.001, atol=1e-05
Testing N_win=1059 N_cf=3
Windowing:
  config: # windows=1059, spacing=0.05505793021327946, CF order=3
  error tolerance: rtol=0.001, atol=1e-05
Testing N_win=1059 N_cf=2
Windowing:
  config: # windows=1059, spacing=0.05505793021327946, CF order=2
  error tolerance: rtol=0.001, atol=1e-05
Testing N_win=1163 N_cf=10
Windowing:
  config: # windows=1163, spacing=0.0501344351641126, CF order=10
  error tolerance: rtol=0.001, atol=1e-05
Testing N_win=1163 N_cf=9
Windowing:
  config: # windows=1163, spacing=0.0501344351641126, CF order=9
  error tolerance: rtol=0.001, atol=1e-05
Testing N_win=1163 N_cf=8
Windowing:
  config: # windows=1163, spacing=0.0501344351641126, CF order=8
  error tolerance: rtol=0.001, atol=1e-05
Testing N_win=1163 N_cf=7
Windowing:
  config: # windows=1163, spacing=0.0501344351641126, CF order=7
  error tolerance: rtol=0.001, atol=1e-05
Testing N_win=1163 N_cf=6
Windowing:
  config: # windows=1163, spacing=0.0501344351641126, CF order=6
  error tolerance: rtol=0.001, atol=1e-05
Testing N_win=1163 N_cf=5
Windowing:
  config: # windows=1163, spacing=0.0501344351641126, CF order=5
  error tolerance: rtol=0.001, atol=1e-05
Testing N_win=1163 N_cf=4
Windowing:
  config: # windows=1163, spacing=0.0501344351641126, CF order=4
  error tolerance: rtol=0.001, atol=1e-05
Testing N_win=1163 N_cf=3
Windowing:
  config: # windows=1163, spacing=0.0501344351641126, CF order=3
  error tolerance: rtol=0.001, atol=1e-05
Testing N_win=1163 N_cf=2
Windowing:
  config: # windows=1163, spacing=0.0501344351641126, CF order=2
  error tolerance: rtol=0.001, atol=1e-05
Testing N_win=1268 N_cf=10
Windowing:
  config: # windows=1268, spacing=0.04598292436582252, CF order=10
  error tolerance: rtol=0.001, atol=1e-05
Testing N_win=1268 N_cf=9
Windowing:
  config: # windows=1268, spacing=0.04598292436582252, CF order=9
  error tolerance: rtol=0.001, atol=1e-05
Testing N_win=1268 N_cf=8
Windowing:
  config: # windows=1268, spacing=0.04598292436582252, CF order=8
  error tolerance: rtol=0.001, atol=1e-05
Testing N_win=1268 N_cf=7
Windowing:
  config: # windows=1268, spacing=0.04598292436582252, CF order=7
  error tolerance: rtol=0.001, atol=1e-05
Testing N_win=1268 N_cf=6
Windowing:
  config: # windows=1268, spacing=0.04598292436582252, CF order=6
  error tolerance: rtol=0.001, atol=1e-05
Testing N_win=1268 N_cf=5
Windowing:
  config: # windows=1268, spacing=0.04598292436582252, CF order=5
  error tolerance: rtol=0.001, atol=1e-05
Testing N_win=1268 N_cf=4
Windowing:
  config: # windows=1268, spacing=0.04598292436582252, CF order=4
  error tolerance: rtol=0.001, atol=1e-05
Testing N_win=1268 N_cf=3
Windowing:
  config: # windows=1268, spacing=0.04598292436582252, CF order=3
  error tolerance: rtol=0.001, atol=1e-05
Testing N_win=1268 N_cf=2
Windowing:
  config: # windows=1268, spacing=0.04598292436582252, CF order=2
  error tolerance: rtol=0.001, atol=1e-05
Testing N_win=1372 N_cf=10
Windowing:
  config: # windows=1372, spacing=0.04249733826229078, CF order=10
  error tolerance: rtol=0.001, atol=1e-05
Testing N_win=1372 N_cf=9
Windowing:
  config: # windows=1372, spacing=0.04249733826229078, CF order=9
  error tolerance: rtol=0.001, atol=1e-05
Testing N_win=1372 N_cf=8
Windowing:
  config: # windows=1372, spacing=0.04249733826229078, CF order=8
  error tolerance: rtol=0.001, atol=1e-05
Testing N_win=1372 N_cf=7
Windowing:
  config: # windows=1372, spacing=0.04249733826229078, CF order=7
  error tolerance: rtol=0.001, atol=1e-05
Testing N_win=1372 N_cf=6
Windowing:
  config: # windows=1372, spacing=0.04249733826229078, CF order=6
  error tolerance: rtol=0.001, atol=1e-05
Testing N_win=1372 N_cf=5
Windowing:
  config: # windows=1372, spacing=0.04249733826229078, CF order=5
  error tolerance: rtol=0.001, atol=1e-05
Testing N_win=1372 N_cf=4
Windowing:
  config: # windows=1372, spacing=0.04249733826229078, CF order=4
  error tolerance: rtol=0.001, atol=1e-05
Testing N_win=1372 N_cf=3
Windowing:
  config: # windows=1372, spacing=0.04249733826229078, CF order=3
  error tolerance: rtol=0.001, atol=1e-05
Testing N_win=1372 N_cf=2
Windowing:
  config: # windows=1372, spacing=0.04249733826229078, CF order=2
  error tolerance: rtol=0.001, atol=1e-05
Testing N_win=1477 N_cf=10
Windowing:
  config: # windows=1477, spacing=0.03947620047113267, CF order=10
  error tolerance: rtol=0.001, atol=1e-05
Testing N_win=1477 N_cf=9
Windowing:
  config: # windows=1477, spacing=0.03947620047113267, CF order=9
  error tolerance: rtol=0.001, atol=1e-05
Testing N_win=1477 N_cf=8
Windowing:
  config: # windows=1477, spacing=0.03947620047113267, CF order=8
  error tolerance: rtol=0.001, atol=1e-05
Testing N_win=1477 N_cf=7
Windowing:
  config: # windows=1477, spacing=0.03947620047113267, CF order=7
  error tolerance: rtol=0.001, atol=1e-05
Testing N_win=1477 N_cf=6
Windowing:
  config: # windows=1477, spacing=0.03947620047113267, CF order=6
  error tolerance: rtol=0.001, atol=1e-05
Testing N_win=1477 N_cf=5
Windowing:
  config: # windows=1477, spacing=0.03947620047113267, CF order=5
  error tolerance: rtol=0.001, atol=1e-05
Testing N_win=1477 N_cf=4
Windowing:
  config: # windows=1477, spacing=0.03947620047113267, CF order=4
  error tolerance: rtol=0.001, atol=1e-05
Testing N_win=1477 N_cf=3
Windowing:
  config: # windows=1477, spacing=0.03947620047113267, CF order=3
  error tolerance: rtol=0.001, atol=1e-05
Testing N_win=1477 N_cf=2
Windowing:
  config: # windows=1477, spacing=0.03947620047113267, CF order=2
  error tolerance: rtol=0.001, atol=1e-05
Testing N_win=1581 N_cf=10
Windowing:
  config: # windows=1581, spacing=0.03687941056031812, CF order=10
  error tolerance: rtol=0.001, atol=1e-05
Testing N_win=1581 N_cf=9
Windowing:
  config: # windows=1581, spacing=0.03687941056031812, CF order=9
  error tolerance: rtol=0.001, atol=1e-05
Testing N_win=1581 N_cf=8
Windowing:
  config: # windows=1581, spacing=0.03687941056031812, CF order=8
  error tolerance: rtol=0.001, atol=1e-05
Testing N_win=1581 N_cf=7
Windowing:
  config: # windows=1581, spacing=0.03687941056031812, CF order=7
  error tolerance: rtol=0.001, atol=1e-05
Testing N_win=1581 N_cf=6
Windowing:
  config: # windows=1581, spacing=0.03687941056031812, CF order=6
  error tolerance: rtol=0.001, atol=1e-05
Testing N_win=1581 N_cf=5
Windowing:
  config: # windows=1581, spacing=0.03687941056031812, CF order=5
  error tolerance: rtol=0.001, atol=1e-05
Testing N_win=1581 N_cf=4
Windowing:
  config: # windows=1581, spacing=0.03687941056031812, CF order=4
  error tolerance: rtol=0.001, atol=1e-05
Testing N_win=1581 N_cf=3
Windowing:
  config: # windows=1581, spacing=0.03687941056031812, CF order=3
  error tolerance: rtol=0.001, atol=1e-05
Testing N_win=1581 N_cf=2
Windowing:
  config: # windows=1581, spacing=0.03687941056031812, CF order=2
  error tolerance: rtol=0.001, atol=1e-05
Testing N_win=1686 N_cf=10
Windowing:
  config: # windows=1686, spacing=0.0345826501161702, CF order=10
  error tolerance: rtol=0.001, atol=1e-05
Testing N_win=1686 N_cf=9
Windowing:
  config: # windows=1686, spacing=0.0345826501161702, CF order=9
  error tolerance: rtol=0.001, atol=1e-05
Testing N_win=1686 N_cf=8
Windowing:
  config: # windows=1686, spacing=0.0345826501161702, CF order=8
  error tolerance: rtol=0.001, atol=1e-05
Testing N_win=1686 N_cf=7
Windowing:
  config: # windows=1686, spacing=0.0345826501161702, CF order=7
  error tolerance: rtol=0.001, atol=1e-05
Testing N_win=1686 N_cf=6
Windowing:
  config: # windows=1686, spacing=0.0345826501161702, CF order=6
  error tolerance: rtol=0.001, atol=1e-05
Testing N_win=1686 N_cf=5
Windowing:
  config: # windows=1686, spacing=0.0345826501161702, CF order=5
  error tolerance: rtol=0.001, atol=1e-05
Testing N_win=1686 N_cf=4
Windowing:
  config: # windows=1686, spacing=0.0345826501161702, CF order=4
  error tolerance: rtol=0.001, atol=1e-05
Testing N_win=1686 N_cf=3
Windowing:
  config: # windows=1686, spacing=0.0345826501161702, CF order=3
  error tolerance: rtol=0.001, atol=1e-05
Testing N_win=1686 N_cf=2
Windowing:
  config: # windows=1686, spacing=0.0345826501161702, CF order=2
  error tolerance: rtol=0.001, atol=1e-05
Testing N_win=1790 N_cf=10
Windowing:
  config: # windows=1790, spacing=0.032573378824504444, CF order=10
  error tolerance: rtol=0.001, atol=1e-05
Testing N_win=1790 N_cf=9
Windowing:
  config: # windows=1790, spacing=0.032573378824504444, CF order=9
  error tolerance: rtol=0.001, atol=1e-05
Testing N_win=1790 N_cf=8
Windowing:
  config: # windows=1790, spacing=0.032573378824504444, CF order=8
  error tolerance: rtol=0.001, atol=1e-05
Testing N_win=1790 N_cf=7
Windowing:
  config: # windows=1790, spacing=0.032573378824504444, CF order=7
  error tolerance: rtol=0.001, atol=1e-05
Testing N_win=1790 N_cf=6
Windowing:
  config: # windows=1790, spacing=0.032573378824504444, CF order=6
  error tolerance: rtol=0.001, atol=1e-05
Testing N_win=1790 N_cf=5
Windowing:
  config: # windows=1790, spacing=0.032573378824504444, CF order=5
  error tolerance: rtol=0.001, atol=1e-05
Testing N_win=1790 N_cf=4
Windowing:
  config: # windows=1790, spacing=0.032573378824504444, CF order=4
  error tolerance: rtol=0.001, atol=1e-05
Testing N_win=1790 N_cf=3
Windowing:
  config: # windows=1790, spacing=0.032573378824504444, CF order=3
  error tolerance: rtol=0.001, atol=1e-05
Testing N_win=1790 N_cf=2
Windowing:
  config: # windows=1790, spacing=0.032573378824504444, CF order=2
  error tolerance: rtol=0.001, atol=1e-05
Testing N_win=1895 N_cf=10
Windowing:
  config: # windows=1895, spacing=0.03076852142261897, CF order=10
  error tolerance: rtol=0.001, atol=1e-05
Testing N_win=1895 N_cf=9
Windowing:
  config: # windows=1895, spacing=0.03076852142261897, CF order=9
  error tolerance: rtol=0.001, atol=1e-05
Testing N_win=1895 N_cf=8
Windowing:
  config: # windows=1895, spacing=0.03076852142261897, CF order=8
  error tolerance: rtol=0.001, atol=1e-05
Testing N_win=1895 N_cf=7
Windowing:
  config: # windows=1895, spacing=0.03076852142261897, CF order=7
  error tolerance: rtol=0.001, atol=1e-05
Testing N_win=1895 N_cf=6
Windowing:
  config: # windows=1895, spacing=0.03076852142261897, CF order=6
  error tolerance: rtol=0.001, atol=1e-05
Testing N_win=1895 N_cf=5
Windowing:
  config: # windows=1895, spacing=0.03076852142261897, CF order=5
  error tolerance: rtol=0.001, atol=1e-05
Testing N_win=1895 N_cf=4
Windowing:
  config: # windows=1895, spacing=0.03076852142261897, CF order=4
  error tolerance: rtol=0.001, atol=1e-05
Testing N_win=1895 N_cf=3
Windowing:
  config: # windows=1895, spacing=0.03076852142261897, CF order=3
  error tolerance: rtol=0.001, atol=1e-05
Testing N_win=1895 N_cf=2
Windowing:
  config: # windows=1895, spacing=0.03076852142261897, CF order=2
  error tolerance: rtol=0.001, atol=1e-05
Testing N_win=2000 N_cf=10
Windowing:
  config: # windows=2000, spacing=0.029153174047931475, CF order=10
  error tolerance: rtol=0.001, atol=1e-05
Testing N_win=2000 N_cf=9
Windowing:
  config: # windows=2000, spacing=0.029153174047931475, CF order=9
  error tolerance: rtol=0.001, atol=1e-05
Testing N_win=2000 N_cf=8
Windowing:
  config: # windows=2000, spacing=0.029153174047931475, CF order=8
  error tolerance: rtol=0.001, atol=1e-05
Testing N_win=2000 N_cf=7
Windowing:
  config: # windows=2000, spacing=0.029153174047931475, CF order=7
  error tolerance: rtol=0.001, atol=1e-05
Testing N_win=2000 N_cf=6
Windowing:
  config: # windows=2000, spacing=0.029153174047931475, CF order=6
  error tolerance: rtol=0.001, atol=1e-05
Testing N_win=2000 N_cf=5
Windowing:
  config: # windows=2000, spacing=0.029153174047931475, CF order=5
  error tolerance: rtol=0.001, atol=1e-05
Testing N_win=2000 N_cf=4
Windowing:
  config: # windows=2000, spacing=0.029153174047931475, CF order=4
  error tolerance: rtol=0.001, atol=1e-05
Testing N_win=2000 N_cf=3
Windowing:
  config: # windows=2000, spacing=0.029153174047931475, CF order=3
  error tolerance: rtol=0.001, atol=1e-05
Testing N_win=2000 N_cf=2
Windowing:
  config: # windows=2000, spacing=0.029153174047931475, CF order=2
  error tolerance: rtol=0.001, atol=1e-05
Final library: 177 poles, 536 windows, 2.8 poles per window, 3 CF order
