Start searching ...
Testing N_win=33 N_cf=10
Failed: Window spacing cannot be larger than piece spacing.
Testing N_win=136 N_cf=10
Windowing:
  config: # windows=136, spacing=0.4747968172303012, CF order=10
  error tolerance: rtol=0.001, atol=1e-05
Best library so far.
Testing N_win=136 N_cf=9
Windowing:
  config: # windows=136, spacing=0.4747968172303012, CF order=9
  error tolerance: rtol=0.001, atol=1e-05
Best library so far.
Testing N_win=136 N_cf=8
Windowing:
  config: # windows=136, spacing=0.4747968172303012, CF order=8
  error tolerance: rtol=0.001, atol=1e-05
Best library so far.
Testing N_win=136 N_cf=7
Windowing:
  config: # windows=136, spacing=0.4747968172303012, CF order=7
  error tolerance: rtol=0.001, atol=1e-05
Best library so far.
Testing N_win=136 N_cf=6
Windowing:
  config: # windows=136, spacing=0.4747968172303012, CF order=6
  error tolerance: rtol=0.001, atol=1e-05
Best library so far.
Testing N_win=136 N_cf=5
Windowing:
  config: # windows=136, spacing=0.4747968172303012, CF order=5
  error tolerance: rtol=0.001, atol=1e-05
Failed: Pure curvefit failed for the first window!
Testing N_win=240 N_cf=10
Windowing:
  config: # windows=240, spacing=0.26905152976383734, CF order=10
  error tolerance: rtol=0.001, atol=1e-05
Best library so far.
Testing N_win=240 N_cf=9
Windowing:
  config: # windows=240, spacing=0.26905152976383734, CF order=9
  error tolerance: rtol=0.001, atol=1e-05
Best library so far.
Testing N_win=240 N_cf=8
Windowing:
  config: # windows=240, spacing=0.26905152976383734, CF order=8
  error tolerance: rtol=0.001, atol=1e-05
Best library so far.
Testing N_win=240 N_cf=7
Windowing:
  config: # windows=240, spacing=0.26905152976383734, CF order=7
  error tolerance: rtol=0.001, atol=1e-05
Best library so far.
Testing N_win=240 N_cf=6
Windowing:
  config: # windows=240, spacing=0.26905152976383734, CF order=6
  error tolerance: rtol=0.001, atol=1e-05
Best library so far.
Testing N_win=240 N_cf=5
Windowing:
  config: # windows=240, spacing=0.26905152976383734, CF order=5
  error tolerance: rtol=0.001, atol=1e-05
Best library so far.
Testing N_win=240 N_cf=4
Windowing:
  config: # windows=240, spacing=0.26905152976383734, CF order=4
  error tolerance: rtol=0.001, atol=1e-05
Best library so far.
Testing N_win=240 N_cf=3
Windowing:
  config: # windows=240, spacing=0.26905152976383734, CF order=3
  error tolerance: rtol=0.001, atol=1e-05
Failed: Pure curvefit failed for the first window!
Testing N_win=343 N_cf=10
Windowing:
  config: # windows=343, spacing=0.18825763015545469, CF order=10
  error tolerance: rtol=0.001, atol=1e-05
Testing N_win=343 N_cf=9
Windowing:
  config: # windows=343, spacing=0.18825763015545469, CF order=9
  error tolerance: rtol=0.001, atol=1e-05
Best library so far.
Testing N_win=343 N_cf=8
Windowing:
  config: # windows=343, spacing=0.18825763015545469, CF order=8
  error tolerance: rtol=0.001, atol=1e-05
Best library so far.
Testing N_win=343 N_cf=7
Windowing:
  config: # windows=343, spacing=0.18825763015545469, CF order=7
  error tolerance: rtol=0.001, atol=1e-05
Best library so far.
Testing N_win=343 N_cf=6
Windowing:
  config: # windows=343, spacing=0.18825763015545469, CF order=6
  error tolerance: rtol=0.001, atol=1e-05
Best library so far.
Testing N_win=343 N_cf=5
Windowing:
  config: # windows=343, spacing=0.18825763015545469, CF order=5
  error tolerance: rtol=0.001, atol=1e-05
Best library so far.
Testing N_win=343 N_cf=4
Windowing:
  config: # windows=343, spacing=0.18825763015545469, CF order=4
  error tolerance: rtol=0.001, atol=1e-05
Best library so far.
Testing N_win=343 N_cf=3
Windowing:
  config: # windows=343, spacing=0.18825763015545469, CF order=3
  error tolerance: rtol=0.001, atol=1e-05
Failed: Pure curvefit failed for the first window!
Testing N_win=447 N_cf=10
Windowing:
  config: # windows=447, spacing=0.1444571971886375, CF order=10
  error tolerance: rtol=0.001, atol=1e-05
Testing N_win=447 N_cf=9
Windowing:
  config: # windows=447, spacing=0.1444571971886375, CF order=9
  error tolerance: rtol=0.001, atol=1e-05
Testing N_win=447 N_cf=8
Windowing:
  config: # windows=447, spacing=0.1444571971886375, CF order=8
  error tolerance: rtol=0.001, atol=1e-05
Testing N_win=447 N_cf=7
Windowing:
  config: # windows=447, spacing=0.1444571971886375, CF order=7
  error tolerance: rtol=0.001, atol=1e-05
Testing N_win=447 N_cf=6
Windowing:
  config: # windows=447, spacing=0.1444571971886375, CF order=6
  error tolerance: rtol=0.001, atol=1e-05
Best library so far.
Testing N_win=447 N_cf=5
Windowing:
  config: # windows=447, spacing=0.1444571971886375, CF order=5
  error tolerance: rtol=0.001, atol=1e-05
Best library so far.
Testing N_win=447 N_cf=4
Windowing:
  config: # windows=447, spacing=0.1444571971886375, CF order=4
  error tolerance: rtol=0.001, atol=1e-05
Best library so far.
Testing N_win=447 N_cf=3
Windowing:
  config: # windows=447, spacing=0.1444571971886375, CF order=3
  error tolerance: rtol=0.001, atol=1e-05
Failed: Pure curvefit failed for the first window!
Testing N_win=550 N_cf=10
Windowing:
  config: # windows=550, spacing=0.1174043038969472, CF order=10
  error tolerance: rtol=0.001, atol=1e-05
Testing N_win=550 N_cf=9
Windowing:
  config: # windows=550, spacing=0.1174043038969472, CF order=9
  error tolerance: rtol=0.001, atol=1e-05
Testing N_win=550 N_cf=8
Windowing:
  config: # windows=550, spacing=0.1174043038969472, CF order=8
  error tolerance: rtol=0.001, atol=1e-05
Testing N_win=550 N_cf=7
Windowing:
  config: # windows=550, spacing=0.1174043038969472, CF order=7
  error tolerance: rtol=0.001, atol=1e-05
Testing N_win=550 N_cf=6
Windowing:
  config: # windows=550, spacing=0.1174043038969472, CF order=6
  error tolerance: rtol=0.001, atol=1e-05
Testing N_win=550 N_cf=5
Windowing:
  config: # windows=550, spacing=0.1174043038969472, CF order=5
  error tolerance: rtol=0.001, atol=1e-05
Best library so far.
Testing N_win=550 N_cf=4
Windowing:
  config: # windows=550, spacing=0.1174043038969472, CF order=4
  error tolerance: rtol=0.001, atol=1e-05
Best library so far.
Testing N_win=550 N_cf=3
Windowing:
  config: # windows=550, spacing=0.1174043038969472, CF order=3
  error tolerance: rtol=0.001, atol=1e-05
Testing N_win=550 N_cf=2
Windowing:
  config: # windows=550, spacing=0.1174043038969472, CF order=2
  error tolerance: rtol=0.001, atol=1e-05
Failed: Pure curvefit failed for the first window!
Testing N_win=654 N_cf=10
Windowing:
  config: # windows=654, spacing=0.09873450633535315, CF order=10
  error tolerance: rtol=0.001, atol=1e-05
Testing N_win=654 N_cf=9
Windowing:
  config: # windows=654, spacing=0.09873450633535315, CF order=9
  error tolerance: rtol=0.001, atol=1e-05
Testing N_win=654 N_cf=8
Windowing:
  config: # windows=654, spacing=0.09873450633535315, CF order=8
  error tolerance: rtol=0.001, atol=1e-05
Testing N_win=654 N_cf=7
Windowing:
  config: # windows=654, spacing=0.09873450633535315, CF order=7
  error tolerance: rtol=0.001, atol=1e-05
Testing N_win=654 N_cf=6
Windowing:
  config: # windows=654, spacing=0.09873450633535315, CF order=6
  error tolerance: rtol=0.001, atol=1e-05
Testing N_win=654 N_cf=5
Windowing:
  config: # windows=654, spacing=0.09873450633535315, CF order=5
  error tolerance: rtol=0.001, atol=1e-05
Testing N_win=654 N_cf=4
Windowing:
  config: # windows=654, spacing=0.09873450633535315, CF order=4
  error tolerance: rtol=0.001, atol=1e-05
Best library so far.
Testing N_win=654 N_cf=3
Windowing:
  config: # windows=654, spacing=0.09873450633535315, CF order=3
  error tolerance: rtol=0.001, atol=1e-05
Testing N_win=654 N_cf=2
Windowing:
  config: # windows=654, spacing=0.09873450633535315, CF order=2
  error tolerance: rtol=0.001, atol=1e-05
Failed: Pure curvefit failed for the first window!
Testing N_win=757 N_cf=10
Windowing:
  config: # windows=757, spacing=0.08530035289738568, CF order=10
  error tolerance: rtol=0.001, atol=1e-05
Testing N_win=757 N_cf=9
Windowing:
  config: # windows=757, spacing=0.08530035289738568, CF order=9
  error tolerance: rtol=0.001, atol=1e-05
Testing N_win=757 N_cf=8
Windowing:
  config: # windows=757, spacing=0.08530035289738568, CF order=8
  error tolerance: rtol=0.001, atol=1e-05
Testing N_win=757 N_cf=7
Windowing:
  config: # windows=757, spacing=0.08530035289738568, CF order=7
  error tolerance: rtol=0.001, atol=1e-05
Testing N_win=757 N_cf=6
Windowing:
  config: # windows=757, spacing=0.08530035289738568, CF order=6
  error tolerance: rtol=0.001, atol=1e-05
Testing N_win=757 N_cf=5
Windowing:
  config: # windows=757, spacing=0.08530035289738568, CF order=5
  error tolerance: rtol=0.001, atol=1e-05
Testing N_win=757 N_cf=4
Windowing:
  config: # windows=757, spacing=0.08530035289738568, CF order=4
  error tolerance: rtol=0.001, atol=1e-05
Testing N_win=757 N_cf=3
Windowing:
  config: # windows=757, spacing=0.08530035289738568, CF order=3
  error tolerance: rtol=0.001, atol=1e-05
Testing N_win=757 N_cf=2
Windowing:
  config: # windows=757, spacing=0.08530035289738568, CF order=2
  error tolerance: rtol=0.001, atol=1e-05
Failed: Pure curvefit failed for the first window!
Testing N_win=861 N_cf=10
Windowing:
  config: # windows=861, spacing=0.07499694209444943, CF order=10
  error tolerance: rtol=0.001, atol=1e-05
Testing N_win=861 N_cf=9
Windowing:
  config: # windows=861, spacing=0.07499694209444943, CF order=9
  error tolerance: rtol=0.001, atol=1e-05
Testing N_win=861 N_cf=8
Windowing:
  config: # windows=861, spacing=0.07499694209444943, CF order=8
  error tolerance: rtol=0.001, atol=1e-05
Testing N_win=861 N_cf=7
Windowing:
  config: # windows=861, spacing=0.07499694209444943, CF order=7
  error tolerance: rtol=0.001, atol=1e-05
Testing N_win=861 N_cf=6
Windowing:
  config: # windows=861, spacing=0.07499694209444943, CF order=6
  error tolerance: rtol=0.001, atol=1e-05
Testing N_win=861 N_cf=5
Windowing:
  config: # windows=861, spacing=0.07499694209444943, CF order=5
  error tolerance: rtol=0.001, atol=1e-05
Testing N_win=861 N_cf=4
Windowing:
  config: # windows=861, spacing=0.07499694209444943, CF order=4
  error tolerance: rtol=0.001, atol=1e-05
Testing N_win=861 N_cf=3
Windowing:
  config: # windows=861, spacing=0.07499694209444943, CF order=3
  error tolerance: rtol=0.001, atol=1e-05
Testing N_win=861 N_cf=2
Windowing:
  config: # windows=861, spacing=0.07499694209444943, CF order=2
  error tolerance: rtol=0.001, atol=1e-05
Failed: Pure curvefit failed for the first window!
Testing N_win=964 N_cf=10
Windowing:
  config: # windows=964, spacing=0.06698378334369394, CF order=10
  error tolerance: rtol=0.001, atol=1e-05
Testing N_win=964 N_cf=9
Windowing:
  config: # windows=964, spacing=0.06698378334369394, CF order=9
  error tolerance: rtol=0.001, atol=1e-05
Testing N_win=964 N_cf=8
Windowing:
  config: # windows=964, spacing=0.06698378334369394, CF order=8
  error tolerance: rtol=0.001, atol=1e-05
Testing N_win=964 N_cf=7
Windowing:
  config: # windows=964, spacing=0.06698378334369394, CF order=7
  error tolerance: rtol=0.001, atol=1e-05
Testing N_win=964 N_cf=6
Windowing:
  config: # windows=964, spacing=0.06698378334369394, CF order=6
  error tolerance: rtol=0.001, atol=1e-05
Testing N_win=964 N_cf=5
Windowing:
  config: # windows=964, spacing=0.06698378334369394, CF order=5
  error tolerance: rtol=0.001, atol=1e-05
Testing N_win=964 N_cf=4
Windowing:
  config: # windows=964, spacing=0.06698378334369394, CF order=4
  error tolerance: rtol=0.001, atol=1e-05
Testing N_win=964 N_cf=3
Windowing:
  config: # windows=964, spacing=0.06698378334369394, CF order=3
  error tolerance: rtol=0.001, atol=1e-05
Testing N_win=964 N_cf=2
Windowing:
  config: # windows=964, spacing=0.06698378334369394, CF order=2
  error tolerance: rtol=0.001, atol=1e-05
Failed: Pure curvefit failed for the first window!
Testing N_win=1068 N_cf=10
Windowing:
  config: # windows=1068, spacing=0.06046101792445783, CF order=10
  error tolerance: rtol=0.001, atol=1e-05
Testing N_win=1068 N_cf=9
Windowing:
  config: # windows=1068, spacing=0.06046101792445783, CF order=9
  error tolerance: rtol=0.001, atol=1e-05
Testing N_win=1068 N_cf=8
Windowing:
  config: # windows=1068, spacing=0.06046101792445783, CF order=8
  error tolerance: rtol=0.001, atol=1e-05
Testing N_win=1068 N_cf=7
Windowing:
  config: # windows=1068, spacing=0.06046101792445783, CF order=7
  error tolerance: rtol=0.001, atol=1e-05
Testing N_win=1068 N_cf=6
Windowing:
  config: # windows=1068, spacing=0.06046101792445783, CF order=6
  error tolerance: rtol=0.001, atol=1e-05
Testing N_win=1068 N_cf=5
Windowing:
  config: # windows=1068, spacing=0.06046101792445783, CF order=5
  error tolerance: rtol=0.001, atol=1e-05
Testing N_win=1068 N_cf=4
Windowing:
  config: # windows=1068, spacing=0.06046101792445783, CF order=4
  error tolerance: rtol=0.001, atol=1e-05
Testing N_win=1068 N_cf=3
Windowing:
  config: # windows=1068, spacing=0.06046101792445783, CF order=3
  error tolerance: rtol=0.001, atol=1e-05
Testing N_win=1068 N_cf=2
Windowing:
  config: # windows=1068, spacing=0.06046101792445783, CF order=2
  error tolerance: rtol=0.001, atol=1e-05
Failed: Pure curvefit failed for the first window!
Testing N_win=1171 N_cf=10
Windowing:
  config: # windows=1171, spacing=0.05514292668088895, CF order=10
  error tolerance: rtol=0.001, atol=1e-05
Testing N_win=1171 N_cf=9
Windowing:
  config: # windows=1171, spacing=0.05514292668088895, CF order=9
  error tolerance: rtol=0.001, atol=1e-05
Testing N_win=1171 N_cf=8
Windowing:
  config: # windows=1171, spacing=0.05514292668088895, CF order=8
  error tolerance: rtol=0.001, atol=1e-05
Testing N_win=1171 N_cf=7
Windowing:
  config: # windows=1171, spacing=0.05514292668088895, CF order=7
  error tolerance: rtol=0.001, atol=1e-05
Testing N_win=1171 N_cf=6
Windowing:
  config: # windows=1171, spacing=0.05514292668088895, CF order=6
  error tolerance: rtol=0.001, atol=1e-05
Testing N_win=1171 N_cf=5
Windowing:
  config: # windows=1171, spacing=0.05514292668088895, CF order=5
  error tolerance: rtol=0.001, atol=1e-05
Testing N_win=1171 N_cf=4
Windowing:
  config: # windows=1171, spacing=0.05514292668088895, CF order=4
  error tolerance: rtol=0.001, atol=1e-05
Testing N_win=1171 N_cf=3
Windowing:
  config: # windows=1171, spacing=0.05514292668088895, CF order=3
  error tolerance: rtol=0.001, atol=1e-05
Testing N_win=1171 N_cf=2
Windowing:
  config: # windows=1171, spacing=0.05514292668088895, CF order=2
  error tolerance: rtol=0.001, atol=1e-05
Failed: Pure curvefit failed for the first window!
Testing N_win=1275 N_cf=10
Windowing:
  config: # windows=1275, spacing=0.05064499383789879, CF order=10
  error tolerance: rtol=0.001, atol=1e-05
Testing N_win=1275 N_cf=9
Windowing:
  config: # windows=1275, spacing=0.05064499383789879, CF order=9
  error tolerance: rtol=0.001, atol=1e-05
Testing N_win=1275 N_cf=8
Windowing:
  config: # windows=1275, spacing=0.05064499383789879, CF order=8
  error tolerance: rtol=0.001, atol=1e-05
Testing N_win=1275 N_cf=7
Windowing:
  config: # windows=1275, spacing=0.05064499383789879, CF order=7
  error tolerance: rtol=0.001, atol=1e-05
Testing N_win=1275 N_cf=6
Windowing:
  config: # windows=1275, spacing=0.05064499383789879, CF order=6
  error tolerance: rtol=0.001, atol=1e-05
Testing N_win=1275 N_cf=5
Windowing:
  config: # windows=1275, spacing=0.05064499383789879, CF order=5
  error tolerance: rtol=0.001, atol=1e-05
Testing N_win=1275 N_cf=4
Windowing:
  config: # windows=1275, spacing=0.05064499383789879, CF order=4
  error tolerance: rtol=0.001, atol=1e-05
Testing N_win=1275 N_cf=3
Windowing:
  config: # windows=1275, spacing=0.05064499383789879, CF order=3
  error tolerance: rtol=0.001, atol=1e-05
Testing N_win=1275 N_cf=2
Windowing:
  config: # windows=1275, spacing=0.05064499383789879, CF order=2
  error tolerance: rtol=0.001, atol=1e-05
Failed: Pure curvefit failed for the first window!
Testing N_win=1378 N_cf=10
Windowing:
  config: # windows=1378, spacing=0.046859482687460784, CF order=10
  error tolerance: rtol=0.001, atol=1e-05
Testing N_win=1378 N_cf=9
Windowing:
  config: # windows=1378, spacing=0.046859482687460784, CF order=9
  error tolerance: rtol=0.001, atol=1e-05
Testing N_win=1378 N_cf=8
Windowing:
  config: # windows=1378, spacing=0.046859482687460784, CF order=8
  error tolerance: rtol=0.001, atol=1e-05
Testing N_win=1378 N_cf=7
Windowing:
  config: # windows=1378, spacing=0.046859482687460784, CF order=7
  error tolerance: rtol=0.001, atol=1e-05
Testing N_win=1378 N_cf=6
Windowing:
  config: # windows=1378, spacing=0.046859482687460784, CF order=6
  error tolerance: rtol=0.001, atol=1e-05
Testing N_win=1378 N_cf=5
Windowing:
  config: # windows=1378, spacing=0.046859482687460784, CF order=5
  error tolerance: rtol=0.001, atol=1e-05
Testing N_win=1378 N_cf=4
Windowing:
  config: # windows=1378, spacing=0.046859482687460784, CF order=4
  error tolerance: rtol=0.001, atol=1e-05
Testing N_win=1378 N_cf=3
Windowing:
  config: # windows=1378, spacing=0.046859482687460784, CF order=3
  error tolerance: rtol=0.001, atol=1e-05
Testing N_win=1378 N_cf=2
Windowing:
  config: # windows=1378, spacing=0.046859482687460784, CF order=2
  error tolerance: rtol=0.001, atol=1e-05
Failed: Pure curvefit failed for the first window!
Testing N_win=1482 N_cf=10
Windowing:
  config: # windows=1482, spacing=0.043571097937463533, CF order=10
  error tolerance: rtol=0.001, atol=1e-05
Testing N_win=1482 N_cf=9
Windowing:
  config: # windows=1482, spacing=0.043571097937463533, CF order=9
  error tolerance: rtol=0.001, atol=1e-05
Testing N_win=1482 N_cf=8
Windowing:
  config: # windows=1482, spacing=0.043571097937463533, CF order=8
  error tolerance: rtol=0.001, atol=1e-05
Testing N_win=1482 N_cf=7
Windowing:
  config: # windows=1482, spacing=0.043571097937463533, CF order=7
  error tolerance: rtol=0.001, atol=1e-05
Testing N_win=1482 N_cf=6
Windowing:
  config: # windows=1482, spacing=0.043571097937463533, CF order=6
  error tolerance: rtol=0.001, atol=1e-05
Testing N_win=1482 N_cf=5
Windowing:
  config: # windows=1482, spacing=0.043571097937463533, CF order=5
  error tolerance: rtol=0.001, atol=1e-05
Testing N_win=1482 N_cf=4
Windowing:
  config: # windows=1482, spacing=0.043571097937463533, CF order=4
  error tolerance: rtol=0.001, atol=1e-05
Testing N_win=1482 N_cf=3
Windowing:
  config: # windows=1482, spacing=0.043571097937463533, CF order=3
  error tolerance: rtol=0.001, atol=1e-05
Testing N_win=1482 N_cf=2
Windowing:
  config: # windows=1482, spacing=0.043571097937463533, CF order=2
  error tolerance: rtol=0.001, atol=1e-05
Failed: Pure curvefit failed for the first window!
Testing N_win=1585 N_cf=10
Windowing:
  config: # windows=1585, spacing=0.04073966381282079, CF order=10
  error tolerance: rtol=0.001, atol=1e-05
Testing N_win=1585 N_cf=9
Windowing:
  config: # windows=1585, spacing=0.04073966381282079, CF order=9
  error tolerance: rtol=0.001, atol=1e-05
Testing N_win=1585 N_cf=8
Windowing:
  config: # windows=1585, spacing=0.04073966381282079, CF order=8
  error tolerance: rtol=0.001, atol=1e-05
Testing N_win=1585 N_cf=7
Windowing:
  config: # windows=1585, spacing=0.04073966381282079, CF order=7
  error tolerance: rtol=0.001, atol=1e-05
Testing N_win=1585 N_cf=6
Windowing:
  config: # windows=1585, spacing=0.04073966381282079, CF order=6
  error tolerance: rtol=0.001, atol=1e-05
Testing N_win=1585 N_cf=5
Windowing:
  config: # windows=1585, spacing=0.04073966381282079, CF order=5
  error tolerance: rtol=0.001, atol=1e-05
Testing N_win=1585 N_cf=4
Windowing:
  config: # windows=1585, spacing=0.04073966381282079, CF order=4
  error tolerance: rtol=0.001, atol=1e-05
Testing N_win=1585 N_cf=3
Windowing:
  config: # windows=1585, spacing=0.04073966381282079, CF order=3
  error tolerance: rtol=0.001, atol=1e-05
Testing N_win=1585 N_cf=2
Windowing:
  config: # windows=1585, spacing=0.04073966381282079, CF order=2
  error tolerance: rtol=0.001, atol=1e-05
Failed: Pure curvefit failed for the first window!
Testing N_win=1689 N_cf=10
Windowing:
  config: # windows=1689, spacing=0.038231123234648286, CF order=10
  error tolerance: rtol=0.001, atol=1e-05
Testing N_win=1689 N_cf=9
Windowing:
  config: # windows=1689, spacing=0.038231123234648286, CF order=9
  error tolerance: rtol=0.001, atol=1e-05
Testing N_win=1689 N_cf=8
Windowing:
  config: # windows=1689, spacing=0.038231123234648286, CF order=8
  error tolerance: rtol=0.001, atol=1e-05
Testing N_win=1689 N_cf=7
Windowing:
  config: # windows=1689, spacing=0.038231123234648286, CF order=7
  error tolerance: rtol=0.001, atol=1e-05
Testing N_win=1689 N_cf=6
Windowing:
  config: # windows=1689, spacing=0.038231123234648286, CF order=6
  error tolerance: rtol=0.001, atol=1e-05
Testing N_win=1689 N_cf=5
Windowing:
  config: # windows=1689, spacing=0.038231123234648286, CF order=5
  error tolerance: rtol=0.001, atol=1e-05
Testing N_win=1689 N_cf=4
Windowing:
  config: # windows=1689, spacing=0.038231123234648286, CF order=4
  error tolerance: rtol=0.001, atol=1e-05
Testing N_win=1689 N_cf=3
Windowing:
  config: # windows=1689, spacing=0.038231123234648286, CF order=3
  error tolerance: rtol=0.001, atol=1e-05
Testing N_win=1689 N_cf=2
Windowing:
  config: # windows=1689, spacing=0.038231123234648286, CF order=2
  error tolerance: rtol=0.001, atol=1e-05
Failed: Pure curvefit failed for the first window!
Testing N_win=1792 N_cf=10
Windowing:
  config: # windows=1792, spacing=0.0360336870219425, CF order=10
  error tolerance: rtol=0.001, atol=1e-05
Testing N_win=1792 N_cf=9
Windowing:
  config: # windows=1792, spacing=0.0360336870219425, CF order=9
  error tolerance: rtol=0.001, atol=1e-05
Testing N_win=1792 N_cf=8
Windowing:
  config: # windows=1792, spacing=0.0360336870219425, CF order=8
  error tolerance: rtol=0.001, atol=1e-05
Testing N_win=1792 N_cf=7
Windowing:
  config: # windows=1792, spacing=0.0360336870219425, CF order=7
  error tolerance: rtol=0.001, atol=1e-05
Testing N_win=1792 N_cf=6
Windowing:
  config: # windows=1792, spacing=0.0360336870219425, CF order=6
  error tolerance: rtol=0.001, atol=1e-05
Testing N_win=1792 N_cf=5
Windowing:
  config: # windows=1792, spacing=0.0360336870219425, CF order=5
  error tolerance: rtol=0.001, atol=1e-05
Testing N_win=1792 N_cf=4
Windowing:
  config: # windows=1792, spacing=0.0360336870219425, CF order=4
  error tolerance: rtol=0.001, atol=1e-05
Testing N_win=1792 N_cf=3
Windowing:
  config: # windows=1792, spacing=0.0360336870219425, CF order=3
  error tolerance: rtol=0.001, atol=1e-05
Testing N_win=1792 N_cf=2
Windowing:
  config: # windows=1792, spacing=0.0360336870219425, CF order=2
  error tolerance: rtol=0.001, atol=1e-05
Failed: Pure curvefit failed for the first window!
Testing N_win=1896 N_cf=10
Windowing:
  config: # windows=1896, spacing=0.03405715566630852, CF order=10
  error tolerance: rtol=0.001, atol=1e-05
Testing N_win=1896 N_cf=9
Windowing:
  config: # windows=1896, spacing=0.03405715566630852, CF order=9
  error tolerance: rtol=0.001, atol=1e-05
Testing N_win=1896 N_cf=8
Windowing:
  config: # windows=1896, spacing=0.03405715566630852, CF order=8
  error tolerance: rtol=0.001, atol=1e-05
Testing N_win=1896 N_cf=7
Windowing:
  config: # windows=1896, spacing=0.03405715566630852, CF order=7
  error tolerance: rtol=0.001, atol=1e-05
Testing N_win=1896 N_cf=6
Windowing:
  config: # windows=1896, spacing=0.03405715566630852, CF order=6
  error tolerance: rtol=0.001, atol=1e-05
Testing N_win=1896 N_cf=5
Windowing:
  config: # windows=1896, spacing=0.03405715566630852, CF order=5
  error tolerance: rtol=0.001, atol=1e-05
Testing N_win=1896 N_cf=4
Windowing:
  config: # windows=1896, spacing=0.03405715566630852, CF order=4
  error tolerance: rtol=0.001, atol=1e-05
Testing N_win=1896 N_cf=3
Windowing:
  config: # windows=1896, spacing=0.03405715566630852, CF order=3
  error tolerance: rtol=0.001, atol=1e-05
Testing N_win=1896 N_cf=2
Windowing:
  config: # windows=1896, spacing=0.03405715566630852, CF order=2
  error tolerance: rtol=0.001, atol=1e-05
Failed: Pure curvefit failed for the first window!
Testing N_win=2000 N_cf=10
Windowing:
  config: # windows=2000, spacing=0.03228618357166048, CF order=10
  error tolerance: rtol=0.001, atol=1e-05
Testing N_win=2000 N_cf=9
Windowing:
  config: # windows=2000, spacing=0.03228618357166048, CF order=9
  error tolerance: rtol=0.001, atol=1e-05
Testing N_win=2000 N_cf=8
Windowing:
  config: # windows=2000, spacing=0.03228618357166048, CF order=8
  error tolerance: rtol=0.001, atol=1e-05
Testing N_win=2000 N_cf=7
Windowing:
  config: # windows=2000, spacing=0.03228618357166048, CF order=7
  error tolerance: rtol=0.001, atol=1e-05
Testing N_win=2000 N_cf=6
Windowing:
  config: # windows=2000, spacing=0.03228618357166048, CF order=6
  error tolerance: rtol=0.001, atol=1e-05
Testing N_win=2000 N_cf=5
Windowing:
  config: # windows=2000, spacing=0.03228618357166048, CF order=5
  error tolerance: rtol=0.001, atol=1e-05
Testing N_win=2000 N_cf=4
Windowing:
  config: # windows=2000, spacing=0.03228618357166048, CF order=4
  error tolerance: rtol=0.001, atol=1e-05
Testing N_win=2000 N_cf=3
Windowing:
  config: # windows=2000, spacing=0.03228618357166048, CF order=3
  error tolerance: rtol=0.001, atol=1e-05
Testing N_win=2000 N_cf=2
Windowing:
  config: # windows=2000, spacing=0.03228618357166048, CF order=2
  error tolerance: rtol=0.001, atol=1e-05
Failed: Pure curvefit failed for the first window!
Final library: 441 poles, 654 windows, 5.4 poles per window, 4 CF order
