Start searching ...
Testing N_win=29 N_cf=10
Windowing:
  config: # windows=29, spacing=31.791421697207326, CF order=10
  error tolerance: rtol=0.001, atol=1e-05
Failed: Pure curvefit failed for the first window!
Testing N_win=132 N_cf=10
Windowing:
  config: # windows=132, spacing=6.984479009234943, CF order=10
  error tolerance: rtol=0.001, atol=1e-05
Best library so far.
Testing N_win=132 N_cf=9
Windowing:
  config: # windows=132, spacing=6.984479009234943, CF order=9
  error tolerance: rtol=0.001, atol=1e-05
Best library so far.
Testing N_win=132 N_cf=8
Windowing:
  config: # windows=132, spacing=6.984479009234943, CF order=8
  error tolerance: rtol=0.001, atol=1e-05
Best library so far.
Testing N_win=132 N_cf=7
Windowing:
  config: # windows=132, spacing=6.984479009234943, CF order=7
  error tolerance: rtol=0.001, atol=1e-05
Best library so far.
Testing N_win=132 N_cf=6
Windowing:
  config: # windows=132, spacing=6.984479009234943, CF order=6
  error tolerance: rtol=0.001, atol=1e-05
Best library so far.
Testing N_win=132 N_cf=5
Windowing:
  config: # windows=132, spacing=6.984479009234943, CF order=5
  error tolerance: rtol=0.001, atol=1e-05
Best library so far.
Testing N_win=132 N_cf=4
Windowing:
  config: # windows=132, spacing=6.984479009234943, CF order=4
  error tolerance: rtol=0.001, atol=1e-05
Best library so far.
Testing N_win=132 N_cf=3
Windowing:
  config: # windows=132, spacing=6.984479009234943, CF order=3
  error tolerance: rtol=0.001, atol=1e-05
Best library so far.
Testing N_win=132 N_cf=2
Windowing:
  config: # windows=132, spacing=6.984479009234943, CF order=2
  error tolerance: rtol=0.001, atol=1e-05
Failed: Pure curvefit failed for the first window!
Testing N_win=236 N_cf=10
Windowing:
  config: # windows=236, spacing=3.906573005165307, CF order=10
  error tolerance: rtol=0.001, atol=1e-05
Best library so far.
Testing N_win=236 N_cf=9
Windowing:
  config: # windows=236, spacing=3.906573005165307, CF order=9
  error tolerance: rtol=0.001, atol=1e-05
Best library so far.
Testing N_win=236 N_cf=8
Windowing:
  config: # windows=236, spacing=3.906573005165307, CF order=8
  error tolerance: rtol=0.001, atol=1e-05
Best library so far.
Testing N_win=236 N_cf=7
Windowing:
  config: # windows=236, spacing=3.906573005165307, CF order=7
  error tolerance: rtol=0.001, atol=1e-05
Best library so far.
Testing N_win=236 N_cf=6
Windowing:
  config: # windows=236, spacing=3.906573005165307, CF order=6
  error tolerance: rtol=0.001, atol=1e-05
Best library so far.
Testing N_win=236 N_cf=5
Windowing:
  config: # windows=236, spacing=3.906573005165307, CF order=5
  error tolerance: rtol=0.001, atol=1e-05
Best library so far.
Testing N_win=236 N_cf=4
Windowing:
  config: # windows=236, spacing=3.906573005165307, CF order=4
  error tolerance: rtol=0.001, atol=1e-05
Best library so far.
Testing N_win=236 N_cf=3
Windowing:
  config: # windows=236, spacing=3.906573005165307, CF order=3
  error tolerance: rtol=0.001, atol=1e-05
Best library so far.
Testing N_win=236 N_cf=2
Windowing:
  config: # windows=236, spacing=3.906573005165307, CF order=2
  error tolerance: rtol=0.001, atol=1e-05
Failed: Pure curvefit failed for the first window!
Testing N_win=340 N_cf=10
Windowing:
  config: # windows=340, spacing=2.71162126240886, CF order=10
  error tolerance: rtol=0.001, atol=1e-05
Testing N_win=340 N_cf=9
Windowing:
  config: # windows=340, spacing=2.71162126240886, CF order=9
  error tolerance: rtol=0.001, atol=1e-05
Testing N_win=340 N_cf=8
Windowing:
  config: # windows=340, spacing=2.71162126240886, CF order=8
  error tolerance: rtol=0.001, atol=1e-05
Testing N_win=340 N_cf=7
Windowing:
  config: # windows=340, spacing=2.71162126240886, CF order=7
  error tolerance: rtol=0.001, atol=1e-05
Testing N_win=340 N_cf=6
Windowing:
  config: # windows=340, spacing=2.71162126240886, CF order=6
  error tolerance: rtol=0.001, atol=1e-05
Testing N_win=340 N_cf=5
Windowing:
  config: # windows=340, spacing=2.71162126240886, CF order=5
  error tolerance: rtol=0.001, atol=1e-05
Testing N_win=340 N_cf=4
Windowing:
  config: # windows=340, spacing=2.71162126240886, CF order=4
  error tolerance: rtol=0.001, atol=1e-05
Testing N_win=340 N_cf=3
Windowing:
  config: # windows=340, spacing=2.71162126240886, CF order=3
  error tolerance: rtol=0.001, atol=1e-05
Testing N_win=340 N_cf=2
Windowing:
  config: # windows=340, spacing=2.71162126240886, CF order=2
  error tolerance: rtol=0.001, atol=1e-05
Testing N_win=443 N_cf=10
Windowing:
  config: # windows=443, spacing=2.081154016295739, CF order=10
  error tolerance: rtol=0.001, atol=1e-05
Testing N_win=443 N_cf=9
Windowing:
  config: # windows=443, spacing=2.081154016295739, CF order=9
  error tolerance: rtol=0.001, atol=1e-05
Testing N_win=443 N_cf=8
Windowing:
  config: # windows=443, spacing=2.081154016295739, CF order=8
  error tolerance: rtol=0.001, atol=1e-05
Testing N_win=443 N_cf=7
Windowing:
  config: # windows=443, spacing=2.081154016295739, CF order=7
  error tolerance: rtol=0.001, atol=1e-05
Best library so far.
Testing N_win=443 N_cf=6
Windowing:
  config: # windows=443, spacing=2.081154016295739, CF order=6
  error tolerance: rtol=0.001, atol=1e-05
Best library so far.
Testing N_win=443 N_cf=5
Windowing:
  config: # windows=443, spacing=2.081154016295739, CF order=5
  error tolerance: rtol=0.001, atol=1e-05
Best library so far.
Testing N_win=443 N_cf=4
Windowing:
  config: # windows=443, spacing=2.081154016295739, CF order=4
  error tolerance: rtol=0.001, atol=1e-05
Best library so far.
Testing N_win=443 N_cf=3
Windowing:
  config: # windows=443, spacing=2.081154016295739, CF order=3
  error tolerance: rtol=0.001, atol=1e-05
Best library so far.
Testing N_win=443 N_cf=2
Windowing:
  config: # windows=443, spacing=2.081154016295739, CF order=2
  error tolerance: rtol=0.001, atol=1e-05
Best library so far.
Testing N_win=547 N_cf=10
Windowing:
  config: # windows=547, spacing=1.6854684263601691, CF order=10
  error tolerance: rtol=0.001, atol=1e-05
Testing N_win=547 N_cf=9
Windowing:
  config: # windows=547, spacing=1.6854684263601691, CF order=9
  error tolerance: rtol=0.001, atol=1e-05
Testing N_win=547 N_cf=8
Windowing:
  config: # windows=547, spacing=1.6854684263601691, CF order=8
  error tolerance: rtol=0.001, atol=1e-05
Testing N_win=547 N_cf=7
Windowing:
  config: # windows=547, spacing=1.6854684263601691, CF order=7
  error tolerance: rtol=0.001, atol=1e-05
Testing N_win=547 N_cf=6
Windowing:
  config: # windows=547, spacing=1.6854684263601691, CF order=6
  error tolerance: rtol=0.001, atol=1e-05
Testing N_win=547 N_cf=5
Windowing:
  config: # windows=547, spacing=1.6854684263601691, CF order=5
  error tolerance: rtol=0.001, atol=1e-05
Testing N_win=547 N_cf=4
Windowing:
  config: # windows=547, spacing=1.6854684263601691, CF order=4
  error tolerance: rtol=0.001, atol=1e-05
Best library so far.
Testing N_win=547 N_cf=3
Windowing:
  config: # windows=547, spacing=1.6854684263601691, CF order=3
  error tolerance: rtol=0.001, atol=1e-05
Best library so far.
Testing N_win=547 N_cf=2
Windowing:
  config: # windows=547, spacing=1.6854684263601691, CF order=2
  error tolerance: rtol=0.001, atol=1e-05
Best library so far.
Testing N_win=651 N_cf=10
Windowing:
  config: # windows=651, spacing=1.416207725374827, CF order=10
  error tolerance: rtol=0.001, atol=1e-05
Testing N_win=651 N_cf=9
Windowing:
  config: # windows=651, spacing=1.416207725374827, CF order=9
  error tolerance: rtol=0.001, atol=1e-05
Testing N_win=651 N_cf=8
Windowing:
  config: # windows=651, spacing=1.416207725374827, CF order=8
  error tolerance: rtol=0.001, atol=1e-05
Testing N_win=651 N_cf=7
Windowing:
  config: # windows=651, spacing=1.416207725374827, CF order=7
  error tolerance: rtol=0.001, atol=1e-05
Testing N_win=651 N_cf=6
Windowing:
  config: # windows=651, spacing=1.416207725374827, CF order=6
  error tolerance: rtol=0.001, atol=1e-05
Testing N_win=651 N_cf=5
Windowing:
  config: # windows=651, spacing=1.416207725374827, CF order=5
  error tolerance: rtol=0.001, atol=1e-05
Best library so far.
Testing N_win=651 N_cf=4
Windowing:
  config: # windows=651, spacing=1.416207725374827, CF order=4
  error tolerance: rtol=0.001, atol=1e-05
Best library so far.
Testing N_win=651 N_cf=3
Windowing:
  config: # windows=651, spacing=1.416207725374827, CF order=3
  error tolerance: rtol=0.001, atol=1e-05
Best library so far.
Testing N_win=651 N_cf=2
Windowing:
  config: # windows=651, spacing=1.416207725374827, CF order=2
  error tolerance: rtol=0.001, atol=1e-05
Best library so far.
Testing N_win=755 N_cf=10
Windowing:
  config: # windows=755, spacing=1.2211274559192218, CF order=10
  error tolerance: rtol=0.001, atol=1e-05
Testing N_win=755 N_cf=9
Windowing:
  config: # windows=755, spacing=1.2211274559192218, CF order=9
  error tolerance: rtol=0.001, atol=1e-05
Testing N_win=755 N_cf=8
Windowing:
  config: # windows=755, spacing=1.2211274559192218, CF order=8
  error tolerance: rtol=0.001, atol=1e-05
Testing N_win=755 N_cf=7
Windowing:
  config: # windows=755, spacing=1.2211274559192218, CF order=7
  error tolerance: rtol=0.001, atol=1e-05
Testing N_win=755 N_cf=6
Windowing:
  config: # windows=755, spacing=1.2211274559192218, CF order=6
  error tolerance: rtol=0.001, atol=1e-05
Testing N_win=755 N_cf=5
Windowing:
  config: # windows=755, spacing=1.2211274559192218, CF order=5
  error tolerance: rtol=0.001, atol=1e-05
Testing N_win=755 N_cf=4
Windowing:
  config: # windows=755, spacing=1.2211274559192218, CF order=4
  error tolerance: rtol=0.001, atol=1e-05
Testing N_win=755 N_cf=3
Windowing:
  config: # windows=755, spacing=1.2211274559192218, CF order=3
  error tolerance: rtol=0.001, atol=1e-05
Testing N_win=755 N_cf=2
Windowing:
  config: # windows=755, spacing=1.2211274559192218, CF order=2
  error tolerance: rtol=0.001, atol=1e-05
Best library so far.
Testing N_win=858 N_cf=10
Windowing:
  config: # windows=858, spacing=1.0745352321899913, CF order=10
  error tolerance: rtol=0.001, atol=1e-05
Testing N_win=858 N_cf=9
Windowing:
  config: # windows=858, spacing=1.0745352321899913, CF order=9
  error tolerance: rtol=0.001, atol=1e-05
Testing N_win=858 N_cf=8
Windowing:
  config: # windows=858, spacing=1.0745352321899913, CF order=8
  error tolerance: rtol=0.001, atol=1e-05
Testing N_win=858 N_cf=7
Windowing:
  config: # windows=858, spacing=1.0745352321899913, CF order=7
  error tolerance: rtol=0.001, atol=1e-05
Testing N_win=858 N_cf=6
Windowing:
  config: # windows=858, spacing=1.0745352321899913, CF order=6
  error tolerance: rtol=0.001, atol=1e-05
Testing N_win=858 N_cf=5
Windowing:
  config: # windows=858, spacing=1.0745352321899913, CF order=5
  error tolerance: rtol=0.001, atol=1e-05
Testing N_win=858 N_cf=4
Windowing:
  config: # windows=858, spacing=1.0745352321899913, CF order=4
  error tolerance: rtol=0.001, atol=1e-05
Testing N_win=858 N_cf=3
Windowing:
  config: # windows=858, spacing=1.0745352321899913, CF order=3
  error tolerance: rtol=0.001, atol=1e-05
Best library so far.
Testing N_win=858 N_cf=2
Windowing:
  config: # windows=858, spacing=1.0745352321899913, CF order=2
  error tolerance: rtol=0.001, atol=1e-05
Best library so far.
Testing N_win=962 N_cf=10
Windowing:
  config: # windows=962, spacing=0.9583692611424246, CF order=10
  error tolerance: rtol=0.001, atol=1e-05
Testing N_win=962 N_cf=9
Windowing:
  config: # windows=962, spacing=0.9583692611424246, CF order=9
  error tolerance: rtol=0.001, atol=1e-05
Testing N_win=962 N_cf=8
Windowing:
  config: # windows=962, spacing=0.9583692611424246, CF order=8
  error tolerance: rtol=0.001, atol=1e-05
Testing N_win=962 N_cf=7
Windowing:
  config: # windows=962, spacing=0.9583692611424246, CF order=7
  error tolerance: rtol=0.001, atol=1e-05
Testing N_win=962 N_cf=6
Windowing:
  config: # windows=962, spacing=0.9583692611424246, CF order=6
  error tolerance: rtol=0.001, atol=1e-05
Testing N_win=962 N_cf=5
Windowing:
  config: # windows=962, spacing=0.9583692611424246, CF order=5
  error tolerance: rtol=0.001, atol=1e-05
Testing N_win=962 N_cf=4
Windowing:
  config: # windows=962, spacing=0.9583692611424246, CF order=4
  error tolerance: rtol=0.001, atol=1e-05
Testing N_win=962 N_cf=3
Windowing:
  config: # windows=962, spacing=0.9583692611424246, CF order=3
  error tolerance: rtol=0.001, atol=1e-05
Testing N_win=962 N_cf=2
Windowing:
  config: # windows=962, spacing=0.9583692611424246, CF order=2
  error tolerance: rtol=0.001, atol=1e-05
Testing N_win=1066 N_cf=10
Windowing:
  config: # windows=1066, spacing=0.8648698210309685, CF order=10
  error tolerance: rtol=0.001, atol=1e-05
Testing N_win=1066 N_cf=9
Windowing:
  config: # windows=1066, spacing=0.8648698210309685, CF order=9
  error tolerance: rtol=0.001, atol=1e-05
Testing N_win=1066 N_cf=8
Windowing:
  config: # windows=1066, spacing=0.8648698210309685, CF order=8
  error tolerance: rtol=0.001, atol=1e-05
Testing N_win=1066 N_cf=7
Windowing:
  config: # windows=1066, spacing=0.8648698210309685, CF order=7
  error tolerance: rtol=0.001, atol=1e-05
Testing N_win=1066 N_cf=6
Windowing:
  config: # windows=1066, spacing=0.8648698210309685, CF order=6
  error tolerance: rtol=0.001, atol=1e-05
Testing N_win=1066 N_cf=5
Windowing:
  config: # windows=1066, spacing=0.8648698210309685, CF order=5
  error tolerance: rtol=0.001, atol=1e-05
Testing N_win=1066 N_cf=4
Windowing:
  config: # windows=1066, spacing=0.8648698210309685, CF order=4
  error tolerance: rtol=0.001, atol=1e-05
Testing N_win=1066 N_cf=3
Windowing:
  config: # windows=1066, spacing=0.8648698210309685, CF order=3
  error tolerance: rtol=0.001, atol=1e-05
Testing N_win=1066 N_cf=2
Windowing:
  config: # windows=1066, spacing=0.8648698210309685, CF order=2
  error tolerance: rtol=0.001, atol=1e-05
Testing N_win=1170 N_cf=10
Windowing:
  config: # windows=1170, spacing=0.7879925036059936, CF order=10
  error tolerance: rtol=0.001, atol=1e-05
Testing N_win=1170 N_cf=9
Windowing:
  config: # windows=1170, spacing=0.7879925036059936, CF order=9
  error tolerance: rtol=0.001, atol=1e-05
Testing N_win=1170 N_cf=8
Windowing:
  config: # windows=1170, spacing=0.7879925036059936, CF order=8
  error tolerance: rtol=0.001, atol=1e-05
Testing N_win=1170 N_cf=7
Windowing:
  config: # windows=1170, spacing=0.7879925036059936, CF order=7
  error tolerance: rtol=0.001, atol=1e-05
Testing N_win=1170 N_cf=6
Windowing:
  config: # windows=1170, spacing=0.7879925036059936, CF order=6
  error tolerance: rtol=0.001, atol=1e-05
Testing N_win=1170 N_cf=5
Windowing:
  config: # windows=1170, spacing=0.7879925036059936, CF order=5
  error tolerance: rtol=0.001, atol=1e-05
Testing N_win=1170 N_cf=4
Windowing:
  config: # windows=1170, spacing=0.7879925036059936, CF order=4
  error tolerance: rtol=0.001, atol=1e-05
Testing N_win=1170 N_cf=3
Windowing:
  config: # windows=1170, spacing=0.7879925036059936, CF order=3
  error tolerance: rtol=0.001, atol=1e-05
Testing N_win=1170 N_cf=2
Windowing:
  config: # windows=1170, spacing=0.7879925036059936, CF order=2
  error tolerance: rtol=0.001, atol=1e-05
Testing N_win=1273 N_cf=10
Windowing:
  config: # windows=1273, spacing=0.724235058302445, CF order=10
  error tolerance: rtol=0.001, atol=1e-05
Testing N_win=1273 N_cf=9
Windowing:
  config: # windows=1273, spacing=0.724235058302445, CF order=9
  error tolerance: rtol=0.001, atol=1e-05
Testing N_win=1273 N_cf=8
Windowing:
  config: # windows=1273, spacing=0.724235058302445, CF order=8
  error tolerance: rtol=0.001, atol=1e-05
Testing N_win=1273 N_cf=7
Windowing:
  config: # windows=1273, spacing=0.724235058302445, CF order=7
  error tolerance: rtol=0.001, atol=1e-05
Testing N_win=1273 N_cf=6
Windowing:
  config: # windows=1273, spacing=0.724235058302445, CF order=6
  error tolerance: rtol=0.001, atol=1e-05
Testing N_win=1273 N_cf=5
Windowing:
  config: # windows=1273, spacing=0.724235058302445, CF order=5
  error tolerance: rtol=0.001, atol=1e-05
Testing N_win=1273 N_cf=4
Windowing:
  config: # windows=1273, spacing=0.724235058302445, CF order=4
  error tolerance: rtol=0.001, atol=1e-05
Testing N_win=1273 N_cf=3
Windowing:
  config: # windows=1273, spacing=0.724235058302445, CF order=3
  error tolerance: rtol=0.001, atol=1e-05
Testing N_win=1273 N_cf=2
Windowing:
  config: # windows=1273, spacing=0.724235058302445, CF order=2
  error tolerance: rtol=0.001, atol=1e-05
Testing N_win=1377 N_cf=10
Windowing:
  config: # windows=1377, spacing=0.6695361141750272, CF order=10
  error tolerance: rtol=0.001, atol=1e-05
Testing N_win=1377 N_cf=9
Windowing:
  config: # windows=1377, spacing=0.6695361141750272, CF order=9
  error tolerance: rtol=0.001, atol=1e-05
Testing N_win=1377 N_cf=8
Windowing:
  config: # windows=1377, spacing=0.6695361141750272, CF order=8
  error tolerance: rtol=0.001, atol=1e-05
Testing N_win=1377 N_cf=7
Windowing:
  config: # windows=1377, spacing=0.6695361141750272, CF order=7
  error tolerance: rtol=0.001, atol=1e-05
Testing N_win=1377 N_cf=6
Windowing:
  config: # windows=1377, spacing=0.6695361141750272, CF order=6
  error tolerance: rtol=0.001, atol=1e-05
Testing N_win=1377 N_cf=5
Windowing:
  config: # windows=1377, spacing=0.6695361141750272, CF order=5
  error tolerance: rtol=0.001, atol=1e-05
Testing N_win=1377 N_cf=4
Windowing:
  config: # windows=1377, spacing=0.6695361141750272, CF order=4
  error tolerance: rtol=0.001, atol=1e-05
Testing N_win=1377 N_cf=3
Windowing:
  config: # windows=1377, spacing=0.6695361141750272, CF order=3
  error tolerance: rtol=0.001, atol=1e-05
Testing N_win=1377 N_cf=2
Windowing:
  config: # windows=1377, spacing=0.6695361141750272, CF order=2
  error tolerance: rtol=0.001, atol=1e-05
Testing N_win=1481 N_cf=10
Windowing:
  config: # windows=1481, spacing=0.6225193985273548, CF order=10
  error tolerance: rtol=0.001, atol=1e-05
Testing N_win=1481 N_cf=9
Windowing:
  config: # windows=1481, spacing=0.6225193985273548, CF order=9
  error tolerance: rtol=0.001, atol=1e-05
Testing N_win=1481 N_cf=8
Windowing:
  config: # windows=1481, spacing=0.6225193985273548, CF order=8
  error tolerance: rtol=0.001, atol=1e-05
Testing N_win=1481 N_cf=7
Windowing:
  config: # windows=1481, spacing=0.6225193985273548, CF order=7
  error tolerance: rtol=0.001, atol=1e-05
Testing N_win=1481 N_cf=6
Windowing:
  config: # windows=1481, spacing=0.6225193985273548, CF order=6
  error tolerance: rtol=0.001, atol=1e-05
Testing N_win=1481 N_cf=5
Windowing:
  config: # windows=1481, spacing=0.6225193985273548, CF order=5
  error tolerance: rtol=0.001, atol=1e-05
Testing N_win=1481 N_cf=4
Windowing:
  config: # windows=1481, spacing=0.6225193985273548, CF order=4
  error tolerance: rtol=0.001, atol=1e-05
Testing N_win=1481 N_cf=3
Windowing:
  config: # windows=1481, spacing=0.6225193985273548, CF order=3
  error tolerance: rtol=0.001, atol=1e-05
Testing N_win=1481 N_cf=2
Windowing:
  config: # windows=1481, spacing=0.6225193985273548, CF order=2
  error tolerance: rtol=0.001, atol=1e-05
Testing N_win=1585 N_cf=10
Windowing:
  config: # windows=1585, spacing=0.5816726998227209, CF order=10
  error tolerance: rtol=0.001, atol=1e-05
Testing N_win=1585 N_cf=9
Windowing:
  config: # windows=1585, spacing=0.5816726998227209, CF order=9
  error tolerance: rtol=0.001, atol=1e-05
Testing N_win=1585 N_cf=8
Windowing:
  config: # windows=1585, spacing=0.5816726998227209, CF order=8
  error tolerance: rtol=0.001, atol=1e-05
Testing N_win=1585 N_cf=7
Windowing:
  config: # windows=1585, spacing=0.5816726998227209, CF order=7
  error tolerance: rtol=0.001, atol=1e-05
Testing N_win=1585 N_cf=6
Windowing:
  config: # windows=1585, spacing=0.5816726998227209, CF order=6
  error tolerance: rtol=0.001, atol=1e-05
Testing N_win=1585 N_cf=5
Windowing:
  config: # windows=1585, spacing=0.5816726998227209, CF order=5
  error tolerance: rtol=0.001, atol=1e-05
Testing N_win=1585 N_cf=4
Windowing:
  config: # windows=1585, spacing=0.5816726998227209, CF order=4
  error tolerance: rtol=0.001, atol=1e-05
Testing N_win=1585 N_cf=3
Windowing:
  config: # windows=1585, spacing=0.5816726998227209, CF order=3
  error tolerance: rtol=0.001, atol=1e-05
Testing N_win=1585 N_cf=2
Windowing:
  config: # windows=1585, spacing=0.5816726998227209, CF order=2
  error tolerance: rtol=0.001, atol=1e-05
Testing N_win=1688 N_cf=10
Windowing:
  config: # windows=1688, spacing=0.546179638162922, CF order=10
  error tolerance: rtol=0.001, atol=1e-05
Testing N_win=1688 N_cf=9
Windowing:
  config: # windows=1688, spacing=0.546179638162922, CF order=9
  error tolerance: rtol=0.001, atol=1e-05
Testing N_win=1688 N_cf=8
Windowing:
  config: # windows=1688, spacing=0.546179638162922, CF order=8
  error tolerance: rtol=0.001, atol=1e-05
Testing N_win=1688 N_cf=7
Windowing:
  config: # windows=1688, spacing=0.546179638162922, CF order=7
  error tolerance: rtol=0.001, atol=1e-05
Testing N_win=1688 N_cf=6
Windowing:
  config: # windows=1688, spacing=0.546179638162922, CF order=6
  error tolerance: rtol=0.001, atol=1e-05
Testing N_win=1688 N_cf=5
Windowing:
  config: # windows=1688, spacing=0.546179638162922, CF order=5
  error tolerance: rtol=0.001, atol=1e-05
Testing N_win=1688 N_cf=4
Windowing:
  config: # windows=1688, spacing=0.546179638162922, CF order=4
  error tolerance: rtol=0.001, atol=1e-05
Testing N_win=1688 N_cf=3
Windowing:
  config: # windows=1688, spacing=0.546179638162922, CF order=3
  error tolerance: rtol=0.001, atol=1e-05
Testing N_win=1688 N_cf=2
Windowing:
  config: # windows=1688, spacing=0.546179638162922, CF order=2
  error tolerance: rtol=0.001, atol=1e-05
Testing N_win=1792 N_cf=10
Windowing:
  config: # windows=1792, spacing=0.5144817127338239, CF order=10
  error tolerance: rtol=0.001, atol=1e-05
Testing N_win=1792 N_cf=9
Windowing:
  config: # windows=1792, spacing=0.5144817127338239, CF order=9
  error tolerance: rtol=0.001, atol=1e-05
Testing N_win=1792 N_cf=8
Windowing:
  config: # windows=1792, spacing=0.5144817127338239, CF order=8
  error tolerance: rtol=0.001, atol=1e-05
Testing N_win=1792 N_cf=7
Windowing:
  config: # windows=1792, spacing=0.5144817127338239, CF order=7
  error tolerance: rtol=0.001, atol=1e-05
Testing N_win=1792 N_cf=6
Windowing:
  config: # windows=1792, spacing=0.5144817127338239, CF order=6
  error tolerance: rtol=0.001, atol=1e-05
Testing N_win=1792 N_cf=5
Windowing:
  config: # windows=1792, spacing=0.5144817127338239, CF order=5
  error tolerance: rtol=0.001, atol=1e-05
Testing N_win=1792 N_cf=4
Windowing:
  config: # windows=1792, spacing=0.5144817127338239, CF order=4
  error tolerance: rtol=0.001, atol=1e-05
Testing N_win=1792 N_cf=3
Windowing:
  config: # windows=1792, spacing=0.5144817127338239, CF order=3
  error tolerance: rtol=0.001, atol=1e-05
Testing N_win=1792 N_cf=2
Windowing:
  config: # windows=1792, spacing=0.5144817127338239, CF order=2
  error tolerance: rtol=0.001, atol=1e-05
Testing N_win=1896 N_cf=10
Windowing:
  config: # windows=1896, spacing=0.4862611968454707, CF order=10
  error tolerance: rtol=0.001, atol=1e-05
Testing N_win=1896 N_cf=9
Windowing:
  config: # windows=1896, spacing=0.4862611968454707, CF order=9
  error tolerance: rtol=0.001, atol=1e-05
Testing N_win=1896 N_cf=8
Windowing:
  config: # windows=1896, spacing=0.4862611968454707, CF order=8
  error tolerance: rtol=0.001, atol=1e-05
Testing N_win=1896 N_cf=7
Windowing:
  config: # windows=1896, spacing=0.4862611968454707, CF order=7
  error tolerance: rtol=0.001, atol=1e-05
Testing N_win=1896 N_cf=6
Windowing:
  config: # windows=1896, spacing=0.4862611968454707, CF order=6
  error tolerance: rtol=0.001, atol=1e-05
Testing N_win=1896 N_cf=5
Windowing:
  config: # windows=1896, spacing=0.4862611968454707, CF order=5
  error tolerance: rtol=0.001, atol=1e-05
Testing N_win=1896 N_cf=4
Windowing:
  config: # windows=1896, spacing=0.4862611968454707, CF order=4
  error tolerance: rtol=0.001, atol=1e-05
Testing N_win=1896 N_cf=3
Windowing:
  config: # windows=1896, spacing=0.4862611968454707, CF order=3
  error tolerance: rtol=0.001, atol=1e-05
Testing N_win=1896 N_cf=2
Windowing:
  config: # windows=1896, spacing=0.4862611968454707, CF order=2
  error tolerance: rtol=0.001, atol=1e-05
Testing N_win=2000 N_cf=10
Windowing:
  config: # windows=2000, spacing=0.46097561460950626, CF order=10
  error tolerance: rtol=0.001, atol=1e-05
Testing N_win=2000 N_cf=9
Windowing:
  config: # windows=2000, spacing=0.46097561460950626, CF order=9
  error tolerance: rtol=0.001, atol=1e-05
Testing N_win=2000 N_cf=8
Windowing:
  config: # windows=2000, spacing=0.46097561460950626, CF order=8
  error tolerance: rtol=0.001, atol=1e-05
Testing N_win=2000 N_cf=7
Windowing:
  config: # windows=2000, spacing=0.46097561460950626, CF order=7
  error tolerance: rtol=0.001, atol=1e-05
Testing N_win=2000 N_cf=6
Windowing:
  config: # windows=2000, spacing=0.46097561460950626, CF order=6
  error tolerance: rtol=0.001, atol=1e-05
Testing N_win=2000 N_cf=5
Windowing:
  config: # windows=2000, spacing=0.46097561460950626, CF order=5
  error tolerance: rtol=0.001, atol=1e-05
Testing N_win=2000 N_cf=4
Windowing:
  config: # windows=2000, spacing=0.46097561460950626, CF order=4
  error tolerance: rtol=0.001, atol=1e-05
Testing N_win=2000 N_cf=3
Windowing:
  config: # windows=2000, spacing=0.46097561460950626, CF order=3
  error tolerance: rtol=0.001, atol=1e-05
Testing N_win=2000 N_cf=2
Windowing:
  config: # windows=2000, spacing=0.46097561460950626, CF order=2
  error tolerance: rtol=0.001, atol=1e-05
Final library: 411 poles, 858 windows, 3.1 poles per window, 2 CF order
