Running NJOY to get 0K point-wise data (error=0.0005)...
Parsing cross sections within resolved resonance range...
  MTs: [2, 27, 102]
  Energy range: 1.000e-05 to 5.150e+03 eV (47794 points)
Vector fitting piece 1/23...
  energy: 1.000e-05 to 1.086e+01 eV (957 points)
  error tolerance: rtol=0.001, atol=1e-05
Found 1 peaks
Fitting orders from 2 to 200
Order=2(0/100)
Order=4(1/100)
Order=6(2/100)
Found ideal results. Stop!
Found 0 real poles and 3 conjugate complex pairs.
Final number of poles: 3
Saved figure: WMP_Lib/Sm152/0-11_MT2.png
Saved figure: WMP_Lib/Sm152/0-11_MT27.png
Saved figure: WMP_Lib/Sm152/0-11_MT102.png
Vector fitting piece 2/23...
  energy: 1.938e+00 to 4.156e+01 eV (590 points)
  error tolerance: rtol=0.001, atol=1e-05
Found 1 peaks
Fitting orders from 2 to 200
Order=2(0/100)
Order=4(1/100)
Order=6(2/100)
Found ideal results. Stop!
Found 2 real poles and 2 conjugate complex pairs.
Final number of poles: 4
Saved figure: WMP_Lib/Sm152/2-42_MT2.png
Saved figure: WMP_Lib/Sm152/2-42_MT27.png
Saved figure: WMP_Lib/Sm152/2-42_MT102.png
Vector fitting piece 3/23...
  energy: 2.023e+01 to 9.088e+01 eV (1334 points)
  error tolerance: rtol=0.001, atol=1e-05
Found 2 peaks
Fitting orders from 4 to 200
Order=4(0/99)
Order=6(1/99)
Order=8(2/99)
Order=10(3/99)
Order=12(4/99)
Order=14(5/99)
Order=16(6/99)
Order=18(7/99)
Order=20(8/99)
Order=22(9/99)
Order=24(10/99)
Order=26(11/99)
Order=28(12/99)
Order=30(13/99)
Order=32(14/99)
Order=34(15/99)
Order=36(16/99)
Order=38(17/99)
Order=40(18/99)
Order=42(19/99)
Order=44(20/99)
Order=46(21/99)
Order=48(22/99)
Order=50(23/99)
Order=52(24/99)
Order=54(25/99)
Order=56(26/99)
Order=58(27/99)
Order=60(28/99)
Found 0 real poles and 4 conjugate complex pairs.
Final number of poles: 4
Saved figure: WMP_Lib/Sm152/20-91_MT2.png
Saved figure: WMP_Lib/Sm152/20-91_MT27.png
Saved figure: WMP_Lib/Sm152/20-91_MT102.png
Vector fitting piece 4/23...
  energy: 5.827e+01 to 1.601e+02 eV (2008 points)
  error tolerance: rtol=0.001, atol=1e-05
Found 3 peaks
Fitting orders from 6 to 200
Order=6(0/98)
Order=8(1/98)
Order=10(2/98)
Order=12(3/98)
Order=14(4/98)
Order=16(5/98)
Order=18(6/98)
Order=20(7/98)
Order=22(8/98)
Order=24(9/98)
Order=26(10/98)
Order=28(11/98)
Order=30(12/98)
Order=32(13/98)
Order=34(14/98)
Order=36(15/98)
Order=38(16/98)
Order=40(17/98)
Order=42(18/98)
Order=44(19/98)
Order=46(20/98)
Order=48(21/98)
Order=50(22/98)
Order=52(23/98)
Order=54(24/98)
Order=56(25/98)
Order=58(26/98)
Order=60(27/98)
Found 2 real poles and 4 conjugate complex pairs.
Final number of poles: 6
Saved figure: WMP_Lib/Sm152/58-160_MT2.png
Saved figure: WMP_Lib/Sm152/58-160_MT27.png
Saved figure: WMP_Lib/Sm152/58-160_MT102.png
Vector fitting piece 5/23...
  energy: 1.156e+02 to 2.492e+02 eV (2065 points)
  error tolerance: rtol=0.001, atol=1e-05
Found 3 peaks
Fitting orders from 6 to 200
Order=6(0/98)
Order=8(1/98)
Order=10(2/98)
Order=12(3/98)
Order=14(4/98)
Order=16(5/98)
Order=18(6/98)
Order=20(7/98)
Order=22(8/98)
Order=24(9/98)
Order=26(10/98)
Order=28(11/98)
Order=30(12/98)
Order=32(13/98)
Order=34(14/98)
Order=36(15/98)
Order=38(16/98)
Order=40(17/98)
Order=42(18/98)
Order=44(19/98)
Order=46(20/98)
Order=48(21/98)
Order=50(22/98)
Order=52(23/98)
Order=54(24/98)
Order=56(25/98)
Order=58(26/98)
Order=60(27/98)
Found 0 real poles and 5 conjugate complex pairs.
Final number of poles: 5
Saved figure: WMP_Lib/Sm152/116-249_MT2.png
Saved figure: WMP_Lib/Sm152/116-249_MT27.png
Saved figure: WMP_Lib/Sm152/116-249_MT102.png
Vector fitting piece 6/23...
  energy: 1.924e+02 to 3.580e+02 eV (1985 points)
  error tolerance: rtol=0.001, atol=1e-05
Found 3 peaks
Fitting orders from 6 to 200
Order=6(0/98)
Order=8(1/98)
Order=10(2/98)
Order=12(3/98)
Order=14(4/98)
Order=16(5/98)
Order=18(6/98)
Order=20(7/98)
Order=22(8/98)
Order=24(9/98)
Order=26(10/98)
Order=28(11/98)
Order=30(12/98)
Order=32(13/98)
Order=34(14/98)
Order=36(15/98)
Order=38(16/98)
Order=40(17/98)
Order=42(18/98)
Order=44(19/98)
Order=46(20/98)
Order=48(21/98)
Order=50(22/98)
Order=52(23/98)
Order=54(24/98)
Order=56(25/98)
Order=58(26/98)
Order=60(27/98)
Found 2 real poles and 5 conjugate complex pairs.
Final number of poles: 7
Saved figure: WMP_Lib/Sm152/192-358_MT2.png
Saved figure: WMP_Lib/Sm152/192-358_MT27.png
Saved figure: WMP_Lib/Sm152/192-358_MT102.png
Vector fitting piece 7/23...
  energy: 2.887e+02 to 4.844e+02 eV (3204 points)
  error tolerance: rtol=0.001, atol=1e-05
Found 5 peaks
Fitting orders from 10 to 200
Order=10(0/96)
Order=12(1/96)
Order=14(2/96)
Order=16(3/96)
Order=18(4/96)
Order=20(5/96)
Order=22(6/96)
Order=24(7/96)
Order=26(8/96)
Order=28(9/96)
Order=30(10/96)
Order=32(11/96)
Order=34(12/96)
Order=36(13/96)
Order=38(14/96)
Order=40(15/96)
Order=42(16/96)
Order=44(17/96)
Order=46(18/96)
Order=48(19/96)
Order=50(20/96)
Order=52(21/96)
Order=54(22/96)
Order=56(23/96)
Order=58(24/96)
Order=60(25/96)
Found 0 real poles and 8 conjugate complex pairs.
Final number of poles: 8
Saved figure: WMP_Lib/Sm152/289-484_MT2.png
Saved figure: WMP_Lib/Sm152/289-484_MT27.png
Saved figure: WMP_Lib/Sm152/289-484_MT102.png
Vector fitting piece 8/23...
  energy: 4.045e+02 to 6.317e+02 eV (2778 points)
  error tolerance: rtol=0.001, atol=1e-05
Found 4 peaks
Fitting orders from 8 to 200
Order=8(0/97)
Order=10(1/97)
Order=12(2/97)
Order=14(3/97)
Order=16(4/97)
Order=18(5/97)
Order=20(6/97)
Order=22(7/97)
Order=24(8/97)
Order=26(9/97)
Order=28(10/97)
Order=30(11/97)
Order=32(12/97)
Order=34(13/97)
Order=36(14/97)
Order=38(15/97)
Order=40(16/97)
Order=42(17/97)
Order=44(18/97)
Order=46(19/97)
Order=48(20/97)
Order=50(21/97)
Order=52(22/97)
Order=54(23/97)
Order=56(24/97)
Order=58(25/97)
Order=60(26/97)
Found 4 real poles and 5 conjugate complex pairs.
Final number of poles: 9
Saved figure: WMP_Lib/Sm152/405-632_MT2.png
Saved figure: WMP_Lib/Sm152/405-632_MT27.png
Saved figure: WMP_Lib/Sm152/405-632_MT102.png
Vector fitting piece 9/23...
  energy: 5.395e+02 to 7.982e+02 eV (2684 points)
  error tolerance: rtol=0.001, atol=1e-05
Found 5 peaks
Fitting orders from 10 to 200
Order=10(0/96)
Order=12(1/96)
Order=14(2/96)
Order=16(3/96)
Order=18(4/96)
Order=20(5/96)
Order=22(6/96)
Order=24(7/96)
Order=26(8/96)
Order=28(9/96)
Order=30(10/96)
Order=32(11/96)
Order=34(12/96)
Order=36(13/96)
Order=38(14/96)
Order=40(15/96)
Order=42(16/96)
Order=44(17/96)
Order=46(18/96)
Order=48(19/96)
Order=50(20/96)
Order=52(21/96)
Order=54(22/96)
Order=56(23/96)
Order=58(24/96)
Order=60(25/96)
Found 6 real poles and 5 conjugate complex pairs.
Final number of poles: 11
Saved figure: WMP_Lib/Sm152/540-798_MT2.png
Saved figure: WMP_Lib/Sm152/540-798_MT27.png
Saved figure: WMP_Lib/Sm152/540-798_MT102.png
Vector fitting piece 10/23...
  energy: 6.944e+02 to 9.841e+02 eV (3017 points)
  error tolerance: rtol=0.001, atol=1e-05
Found 6 peaks
Fitting orders from 12 to 200
Order=12(0/95)
Order=14(1/95)
Order=16(2/95)
Order=18(3/95)
Order=20(4/95)
Order=22(5/95)
Order=24(6/95)
Order=26(7/95)
Order=28(8/95)
Order=30(9/95)
Order=32(10/95)
Order=34(11/95)
Order=36(12/95)
Order=38(13/95)
Order=40(14/95)
Order=42(15/95)
Order=44(16/95)
Order=46(17/95)
Order=48(18/95)
Order=50(19/95)
Order=52(20/95)
Order=54(21/95)
Order=56(22/95)
Order=58(23/95)
Order=60(24/95)
Found 2 real poles and 8 conjugate complex pairs.
Final number of poles: 10
Saved figure: WMP_Lib/Sm152/694-984_MT2.png
Saved figure: WMP_Lib/Sm152/694-984_MT27.png
Saved figure: WMP_Lib/Sm152/694-984_MT102.png
Vector fitting piece 11/23...
  energy: 8.688e+02 to 1.191e+03 eV (3432 points)
  error tolerance: rtol=0.001, atol=1e-05
Found 6 peaks
Fitting orders from 12 to 200
Order=12(0/95)
Order=14(1/95)
Order=16(2/95)
Order=18(3/95)
Order=20(4/95)
Order=22(5/95)
Order=24(6/95)
Order=26(7/95)
Order=28(8/95)
Order=30(9/95)
Order=32(10/95)
Order=34(11/95)
Order=36(12/95)
Order=38(13/95)
Order=40(14/95)
Order=42(15/95)
Order=44(16/95)
Order=46(17/95)
Order=48(18/95)
Order=50(19/95)
Order=52(20/95)
Order=54(21/95)
Order=56(22/95)
Order=58(23/95)
Order=60(24/95)
Found 4 real poles and 7 conjugate complex pairs.
Final number of poles: 11
Saved figure: WMP_Lib/Sm152/869-1191_MT2.png
Saved figure: WMP_Lib/Sm152/869-1191_MT27.png
Saved figure: WMP_Lib/Sm152/869-1191_MT102.png
Vector fitting piece 12/23...
  energy: 1.062e+03 to 1.415e+03 eV (3376 points)
  error tolerance: rtol=0.001, atol=1e-05
Found 6 peaks
Fitting orders from 12 to 200
Order=12(0/95)
Order=14(1/95)
Order=16(2/95)
Order=18(3/95)
Order=20(4/95)
Order=22(5/95)
Order=24(6/95)
Order=26(7/95)
Order=28(8/95)
Order=30(9/95)
Order=32(10/95)
Order=34(11/95)
Order=36(12/95)
Order=38(13/95)
Order=40(14/95)
Order=42(15/95)
Order=44(16/95)
Order=46(17/95)
Order=48(18/95)
Order=50(19/95)
Order=52(20/95)
Order=54(21/95)
Order=56(22/95)
Order=58(23/95)
Order=60(24/95)
Found 6 real poles and 6 conjugate complex pairs.
Final number of poles: 12
Saved figure: WMP_Lib/Sm152/1062-1415_MT2.png
Saved figure: WMP_Lib/Sm152/1062-1415_MT27.png
Saved figure: WMP_Lib/Sm152/1062-1415_MT102.png
Vector fitting piece 13/23...
  energy: 1.275e+03 to 1.660e+03 eV (3459 points)
  error tolerance: rtol=0.001, atol=1e-05
Found 6 peaks
Fitting orders from 12 to 200
Order=12(0/95)
Order=14(1/95)
Order=16(2/95)
Order=18(3/95)
Order=20(4/95)
Order=22(5/95)
Order=24(6/95)
Order=26(7/95)
Order=28(8/95)
Order=30(9/95)
Order=32(10/95)
Order=34(11/95)
Order=36(12/95)
Order=38(13/95)
Order=40(14/95)
Order=42(15/95)
Order=44(16/95)
Order=46(17/95)
Order=48(18/95)
Order=50(19/95)
Order=52(20/95)
Order=54(21/95)
Order=56(22/95)
Order=58(23/95)
Order=60(24/95)
Found 4 real poles and 7 conjugate complex pairs.
Final number of poles: 11
Saved figure: WMP_Lib/Sm152/1275-1660_MT2.png
Saved figure: WMP_Lib/Sm152/1275-1660_MT27.png
Saved figure: WMP_Lib/Sm152/1275-1660_MT102.png
Vector fitting piece 14/23...
  energy: 1.508e+03 to 1.924e+03 eV (3610 points)
  error tolerance: rtol=0.001, atol=1e-05
Found 7 peaks
Fitting orders from 14 to 200
Order=14(0/94)
Order=16(1/94)
Order=18(2/94)
Order=20(3/94)
Order=22(4/94)
Order=24(5/94)
Order=26(6/94)
Order=28(7/94)
Order=30(8/94)
Order=32(9/94)
Order=34(10/94)
Order=36(11/94)
Order=38(12/94)
Order=40(13/94)
Order=42(14/94)
Order=44(15/94)
Order=46(16/94)
Order=48(17/94)
Order=50(18/94)
Order=52(19/94)
Order=54(20/94)
Order=56(21/94)
Order=58(22/94)
Order=60(23/94)
Found 6 real poles and 8 conjugate complex pairs.
Final number of poles: 14
Saved figure: WMP_Lib/Sm152/1508-1924_MT2.png
Saved figure: WMP_Lib/Sm152/1508-1924_MT27.png
Saved figure: WMP_Lib/Sm152/1508-1924_MT102.png
Vector fitting piece 15/23...
  energy: 1.760e+03 to 2.207e+03 eV (3280 points)
  error tolerance: rtol=0.001, atol=1e-05
Found 7 peaks
Fitting orders from 14 to 200
Order=14(0/94)
Order=16(1/94)
Order=18(2/94)
Order=20(3/94)
Order=22(4/94)
Order=24(5/94)
Order=26(6/94)
Order=28(7/94)
Order=30(8/94)
Order=32(9/94)
Order=34(10/94)
Order=36(11/94)
Order=38(12/94)
Order=40(13/94)
Order=42(14/94)
Order=44(15/94)
Order=46(16/94)
Order=48(17/94)
Order=50(18/94)
Order=52(19/94)
Order=54(20/94)
Order=56(21/94)
Order=58(22/94)
Order=60(23/94)
Found 6 real poles and 7 conjugate complex pairs.
Final number of poles: 13
Saved figure: WMP_Lib/Sm152/1760-2207_MT2.png
Saved figure: WMP_Lib/Sm152/1760-2207_MT27.png
Saved figure: WMP_Lib/Sm152/1760-2207_MT102.png
Vector fitting piece 16/23...
  energy: 2.031e+03 to 2.509e+03 eV (4554 points)
  error tolerance: rtol=0.001, atol=1e-05
Found 9 peaks
Fitting orders from 18 to 200
Order=18(0/92)
Order=20(1/92)
Order=22(2/92)
Order=24(3/92)
Order=26(4/92)
Order=28(5/92)
Order=30(6/92)
Order=32(7/92)
Order=34(8/92)
Order=36(9/92)
Order=38(10/92)
Order=40(11/92)
Order=42(12/92)
Order=44(13/92)
Order=46(14/92)
Order=48(15/92)
Order=50(16/92)
Order=52(17/92)
Order=54(18/92)
Order=56(19/92)
Order=58(20/92)
Order=60(21/92)
Found 6 real poles and 9 conjugate complex pairs.
Final number of poles: 15
Saved figure: WMP_Lib/Sm152/2031-2509_MT2.png
Saved figure: WMP_Lib/Sm152/2031-2509_MT27.png
Saved figure: WMP_Lib/Sm152/2031-2509_MT102.png
Vector fitting piece 17/23...
  energy: 2.323e+03 to 2.833e+03 eV (4296 points)
  error tolerance: rtol=0.001, atol=1e-05
Found 9 peaks
Fitting orders from 18 to 200
Order=18(0/92)
Order=20(1/92)
Order=22(2/92)
Order=24(3/92)
Order=26(4/92)
Order=28(5/92)
Order=30(6/92)
Order=32(7/92)
Order=34(8/92)
Order=36(9/92)
Order=38(10/92)
Order=40(11/92)
Order=42(12/92)
Order=44(13/92)
Order=46(14/92)
Order=48(15/92)
Order=50(16/92)
Order=52(17/92)
Order=54(18/92)
Order=56(19/92)
Order=58(20/92)
Order=60(21/92)
Found 6 real poles and 9 conjugate complex pairs.
Final number of poles: 15
Saved figure: WMP_Lib/Sm152/2323-2833_MT2.png
Saved figure: WMP_Lib/Sm152/2323-2833_MT27.png
Saved figure: WMP_Lib/Sm152/2323-2833_MT102.png
Vector fitting piece 18/23...
  energy: 2.633e+03 to 3.173e+03 eV (4850 points)
  error tolerance: rtol=0.001, atol=1e-05
Found 11 peaks
Fitting orders from 22 to 200
Order=22(0/90)
Order=24(1/90)
Order=26(2/90)
Order=28(3/90)
Order=30(4/90)
Order=32(5/90)
Order=34(6/90)
Order=36(7/90)
Order=38(8/90)
Order=40(9/90)
Order=42(10/90)
Order=44(11/90)
Order=46(12/90)
Order=48(13/90)
Order=50(14/90)
Order=52(15/90)
Order=54(16/90)
Order=56(17/90)
Order=58(18/90)
Order=60(19/90)
Found 4 real poles and 11 conjugate complex pairs.
Final number of poles: 15
Saved figure: WMP_Lib/Sm152/2633-3173_MT2.png
Saved figure: WMP_Lib/Sm152/2633-3173_MT27.png
Saved figure: WMP_Lib/Sm152/2633-3173_MT102.png
Vector fitting piece 19/23...
  energy: 2.963e+03 to 3.534e+03 eV (5443 points)
  error tolerance: rtol=0.001, atol=1e-05
Found 11 peaks
Fitting orders from 22 to 200
Order=22(0/90)
Order=24(1/90)
Order=26(2/90)
Order=28(3/90)
Order=30(4/90)
Order=32(5/90)
Order=34(6/90)
Order=36(7/90)
Order=38(8/90)
Order=40(9/90)
Order=42(10/90)
Order=44(11/90)
Order=46(12/90)
Order=48(13/90)
Order=50(14/90)
Order=52(15/90)
Order=54(16/90)
Order=56(17/90)
Order=58(18/90)
Order=60(19/90)
Found 4 real poles and 12 conjugate complex pairs.
Final number of poles: 16
Saved figure: WMP_Lib/Sm152/2963-3534_MT2.png
Saved figure: WMP_Lib/Sm152/2963-3534_MT27.png
Saved figure: WMP_Lib/Sm152/2963-3534_MT102.png
Vector fitting piece 20/23...
  energy: 3.313e+03 to 3.915e+03 eV (3893 points)
  error tolerance: rtol=0.001, atol=1e-05
Found 8 peaks
Fitting orders from 16 to 200
Order=16(0/93)
Order=18(1/93)
Order=20(2/93)
Order=22(3/93)
Order=24(4/93)
Order=26(5/93)
Order=28(6/93)
Order=30(7/93)
Order=32(8/93)
Order=34(9/93)
Order=36(10/93)
Order=38(11/93)
Order=40(12/93)
Order=42(13/93)
Order=44(14/93)
Order=46(15/93)
Order=48(16/93)
Order=50(17/93)
Order=52(18/93)
Order=54(19/93)
Order=56(20/93)
Order=58(21/93)
Order=60(22/93)
Found 4 real poles and 9 conjugate complex pairs.
Final number of poles: 13
Saved figure: WMP_Lib/Sm152/3313-3915_MT2.png
Saved figure: WMP_Lib/Sm152/3313-3915_MT27.png
Saved figure: WMP_Lib/Sm152/3313-3915_MT102.png
Vector fitting piece 21/23...
  energy: 3.682e+03 to 4.315e+03 eV (3805 points)
  error tolerance: rtol=0.001, atol=1e-05
Found 7 peaks
Fitting orders from 14 to 200
Order=14(0/94)
Order=16(1/94)
Order=18(2/94)
Order=20(3/94)
Order=22(4/94)
Order=24(5/94)
Order=26(6/94)
Order=28(7/94)
Order=30(8/94)
Order=32(9/94)
Order=34(10/94)
Order=36(11/94)
Order=38(12/94)
Order=40(13/94)
Order=42(14/94)
Order=44(15/94)
Order=46(16/94)
Order=48(17/94)
Order=50(18/94)
Order=52(19/94)
Order=54(20/94)
Order=56(21/94)
Order=58(22/94)
Order=60(23/94)
Found 4 real poles and 9 conjugate complex pairs.
Final number of poles: 13
Saved figure: WMP_Lib/Sm152/3682-4315_MT2.png
Saved figure: WMP_Lib/Sm152/3682-4315_MT27.png
Saved figure: WMP_Lib/Sm152/3682-4315_MT102.png
Vector fitting piece 22/23...
  energy: 4.070e+03 to 4.735e+03 eV (5379 points)
  error tolerance: rtol=0.001, atol=1e-05
Found 12 peaks
Fitting orders from 24 to 200
Order=24(0/89)
Order=26(1/89)
Order=28(2/89)
Order=30(3/89)
Order=32(4/89)
Order=34(5/89)
Order=36(6/89)
Order=38(7/89)
Order=40(8/89)
Order=42(9/89)
Order=44(10/89)
Order=46(11/89)
Order=48(12/89)
Order=50(13/89)
Order=52(14/89)
Order=54(15/89)
Order=56(16/89)
Order=58(17/89)
Order=60(18/89)
Found 6 real poles and 12 conjugate complex pairs.
Final number of poles: 18
Saved figure: WMP_Lib/Sm152/4070-4735_MT2.png
Saved figure: WMP_Lib/Sm152/4070-4735_MT27.png
Saved figure: WMP_Lib/Sm152/4070-4735_MT102.png
Vector fitting piece 23/23...
  energy: 4.478e+03 to 5.150e+03 eV (5416 points)
  error tolerance: rtol=0.001, atol=1e-05
Found 12 peaks
Fitting orders from 24 to 200
Order=24(0/89)
Order=26(1/89)
Order=28(2/89)
Order=30(3/89)
Order=32(4/89)
Order=34(5/89)
Order=36(6/89)
Order=38(7/89)
Order=40(8/89)
Order=42(9/89)
Order=44(10/89)
Order=46(11/89)
Order=48(12/89)
Order=50(13/89)
Order=52(14/89)
Order=54(15/89)
Order=56(16/89)
Order=58(17/89)
Order=60(18/89)
Found 4 real poles and 12 conjugate complex pairs.
Final number of poles: 16
Saved figure: WMP_Lib/Sm152/4478-5150_MT2.png
Saved figure: WMP_Lib/Sm152/4478-5150_MT27.png
Saved figure: WMP_Lib/Sm152/4478-5150_MT102.png
Dumped multipole data to file: WMP_Lib/Sm152/Sm152_mp.pickle
Start searching ...
Testing N_win=12 N_cf=10
Failed: Window spacing cannot be larger than piece spacing.
Testing N_win=116 N_cf=10
Windowing:
  config: # windows=116, spacing=0.6186235450607411, CF order=10
  error tolerance: rtol=0.001, atol=1e-05
Best library so far.
Testing N_win=116 N_cf=9
Windowing:
  config: # windows=116, spacing=0.6186235450607411, CF order=9
  error tolerance: rtol=0.001, atol=1e-05
Best library so far.
Testing N_win=116 N_cf=8
Windowing:
  config: # windows=116, spacing=0.6186235450607411, CF order=8
  error tolerance: rtol=0.001, atol=1e-05
Best library so far.
Testing N_win=116 N_cf=7
Windowing:
  config: # windows=116, spacing=0.6186235450607411, CF order=7
  error tolerance: rtol=0.001, atol=1e-05
Best library so far.
Testing N_win=116 N_cf=6
Windowing:
  config: # windows=116, spacing=0.6186235450607411, CF order=6
  error tolerance: rtol=0.001, atol=1e-05
Testing N_win=116 N_cf=5
Windowing:
  config: # windows=116, spacing=0.6186235450607411, CF order=5
  error tolerance: rtol=0.001, atol=1e-05
Best library so far.
Testing N_win=116 N_cf=4
Windowing:
  config: # windows=116, spacing=0.6186235450607411, CF order=4
  error tolerance: rtol=0.001, atol=1e-05
Failed: Pure curvefit failed for the first window!
Testing N_win=221 N_cf=10
Windowing:
  config: # windows=221, spacing=0.3247073811178551, CF order=10
  error tolerance: rtol=0.001, atol=1e-05
Best library so far.
Testing N_win=221 N_cf=9
Windowing:
  config: # windows=221, spacing=0.3247073811178551, CF order=9
  error tolerance: rtol=0.001, atol=1e-05
Best library so far.
Testing N_win=221 N_cf=8
Windowing:
  config: # windows=221, spacing=0.3247073811178551, CF order=8
  error tolerance: rtol=0.001, atol=1e-05
Best library so far.
Testing N_win=221 N_cf=7
Windowing:
  config: # windows=221, spacing=0.3247073811178551, CF order=7
  error tolerance: rtol=0.001, atol=1e-05
Best library so far.
Testing N_win=221 N_cf=6
Windowing:
  config: # windows=221, spacing=0.3247073811178551, CF order=6
  error tolerance: rtol=0.001, atol=1e-05
Best library so far.
Testing N_win=221 N_cf=5
Windowing:
  config: # windows=221, spacing=0.3247073811178551, CF order=5
  error tolerance: rtol=0.001, atol=1e-05
Best library so far.
Testing N_win=221 N_cf=4
Windowing:
  config: # windows=221, spacing=0.3247073811178551, CF order=4
  error tolerance: rtol=0.001, atol=1e-05
Best library so far.
Testing N_win=221 N_cf=3
Windowing:
  config: # windows=221, spacing=0.3247073811178551, CF order=3
  error tolerance: rtol=0.001, atol=1e-05
Failed: Pure curvefit failed for the first window!
Testing N_win=325 N_cf=10
Windowing:
  config: # windows=325, spacing=0.22080101916014144, CF order=10
  error tolerance: rtol=0.001, atol=1e-05
Testing N_win=325 N_cf=9
Windowing:
  config: # windows=325, spacing=0.22080101916014144, CF order=9
  error tolerance: rtol=0.001, atol=1e-05
Testing N_win=325 N_cf=8
Windowing:
  config: # windows=325, spacing=0.22080101916014144, CF order=8
  error tolerance: rtol=0.001, atol=1e-05
Testing N_win=325 N_cf=7
Windowing:
  config: # windows=325, spacing=0.22080101916014144, CF order=7
  error tolerance: rtol=0.001, atol=1e-05
Best library so far.
Testing N_win=325 N_cf=6
Windowing:
  config: # windows=325, spacing=0.22080101916014144, CF order=6
  error tolerance: rtol=0.001, atol=1e-05
Best library so far.
Testing N_win=325 N_cf=5
Windowing:
  config: # windows=325, spacing=0.22080101916014144, CF order=5
  error tolerance: rtol=0.001, atol=1e-05
Best library so far.
Testing N_win=325 N_cf=4
Windowing:
  config: # windows=325, spacing=0.22080101916014144, CF order=4
  error tolerance: rtol=0.001, atol=1e-05
Best library so far.
Testing N_win=325 N_cf=3
Windowing:
  config: # windows=325, spacing=0.22080101916014144, CF order=3
  error tolerance: rtol=0.001, atol=1e-05
Failed: Pure curvefit failed for the first window!
Testing N_win=430 N_cf=10
Windowing:
  config: # windows=430, spacing=0.1668844912256883, CF order=10
  error tolerance: rtol=0.001, atol=1e-05
Testing N_win=430 N_cf=9
Windowing:
  config: # windows=430, spacing=0.1668844912256883, CF order=9
  error tolerance: rtol=0.001, atol=1e-05
Testing N_win=430 N_cf=8
Windowing:
  config: # windows=430, spacing=0.1668844912256883, CF order=8
  error tolerance: rtol=0.001, atol=1e-05
Testing N_win=430 N_cf=7
Windowing:
  config: # windows=430, spacing=0.1668844912256883, CF order=7
  error tolerance: rtol=0.001, atol=1e-05
Testing N_win=430 N_cf=6
Windowing:
  config: # windows=430, spacing=0.1668844912256883, CF order=6
  error tolerance: rtol=0.001, atol=1e-05
Testing N_win=430 N_cf=5
Windowing:
  config: # windows=430, spacing=0.1668844912256883, CF order=5
  error tolerance: rtol=0.001, atol=1e-05
Best library so far.
Testing N_win=430 N_cf=4
Windowing:
  config: # windows=430, spacing=0.1668844912256883, CF order=4
  error tolerance: rtol=0.001, atol=1e-05
Best library so far.
Testing N_win=430 N_cf=3
Windowing:
  config: # windows=430, spacing=0.1668844912256883, CF order=3
  error tolerance: rtol=0.001, atol=1e-05
Failed: Pure curvefit failed for the first window!
Testing N_win=535 N_cf=10
Windowing:
  config: # windows=535, spacing=0.1341314602374691, CF order=10
  error tolerance: rtol=0.001, atol=1e-05
Testing N_win=535 N_cf=9
Windowing:
  config: # windows=535, spacing=0.1341314602374691, CF order=9
  error tolerance: rtol=0.001, atol=1e-05
Testing N_win=535 N_cf=8
Windowing:
  config: # windows=535, spacing=0.1341314602374691, CF order=8
  error tolerance: rtol=0.001, atol=1e-05
Testing N_win=535 N_cf=7
Windowing:
  config: # windows=535, spacing=0.1341314602374691, CF order=7
  error tolerance: rtol=0.001, atol=1e-05
Testing N_win=535 N_cf=6
Windowing:
  config: # windows=535, spacing=0.1341314602374691, CF order=6
  error tolerance: rtol=0.001, atol=1e-05
Testing N_win=535 N_cf=5
Windowing:
  config: # windows=535, spacing=0.1341314602374691, CF order=5
  error tolerance: rtol=0.001, atol=1e-05
Testing N_win=535 N_cf=4
Windowing:
  config: # windows=535, spacing=0.1341314602374691, CF order=4
  error tolerance: rtol=0.001, atol=1e-05
Testing N_win=535 N_cf=3
Windowing:
  config: # windows=535, spacing=0.1341314602374691, CF order=3
  error tolerance: rtol=0.001, atol=1e-05
Failed: Pure curvefit failed for the first window!
Testing N_win=639 N_cf=10
Windowing:
  config: # windows=639, spacing=0.11230098783575268, CF order=10
  error tolerance: rtol=0.001, atol=1e-05
Testing N_win=639 N_cf=9
Windowing:
  config: # windows=639, spacing=0.11230098783575268, CF order=9
  error tolerance: rtol=0.001, atol=1e-05
Testing N_win=639 N_cf=8
Windowing:
  config: # windows=639, spacing=0.11230098783575268, CF order=8
  error tolerance: rtol=0.001, atol=1e-05
Testing N_win=639 N_cf=7
Windowing:
  config: # windows=639, spacing=0.11230098783575268, CF order=7
  error tolerance: rtol=0.001, atol=1e-05
Testing N_win=639 N_cf=6
Windowing:
  config: # windows=639, spacing=0.11230098783575268, CF order=6
  error tolerance: rtol=0.001, atol=1e-05
Testing N_win=639 N_cf=5
Windowing:
  config: # windows=639, spacing=0.11230098783575268, CF order=5
  error tolerance: rtol=0.001, atol=1e-05
Testing N_win=639 N_cf=4
Windowing:
  config: # windows=639, spacing=0.11230098783575268, CF order=4
  error tolerance: rtol=0.001, atol=1e-05
Best library so far.
Testing N_win=639 N_cf=3
Windowing:
  config: # windows=639, spacing=0.11230098783575268, CF order=3
  error tolerance: rtol=0.001, atol=1e-05
Failed: Pure curvefit failed for the first window!
Testing N_win=744 N_cf=10
Windowing:
  config: # windows=744, spacing=0.09645205810086824, CF order=10
  error tolerance: rtol=0.001, atol=1e-05
Testing N_win=744 N_cf=9
Windowing:
  config: # windows=744, spacing=0.09645205810086824, CF order=9
  error tolerance: rtol=0.001, atol=1e-05
Testing N_win=744 N_cf=8
Windowing:
  config: # windows=744, spacing=0.09645205810086824, CF order=8
  error tolerance: rtol=0.001, atol=1e-05
Testing N_win=744 N_cf=7
Windowing:
  config: # windows=744, spacing=0.09645205810086824, CF order=7
  error tolerance: rtol=0.001, atol=1e-05
Testing N_win=744 N_cf=6
Windowing:
  config: # windows=744, spacing=0.09645205810086824, CF order=6
  error tolerance: rtol=0.001, atol=1e-05
Testing N_win=744 N_cf=5
Windowing:
  config: # windows=744, spacing=0.09645205810086824, CF order=5
  error tolerance: rtol=0.001, atol=1e-05
Testing N_win=744 N_cf=4
Windowing:
  config: # windows=744, spacing=0.09645205810086824, CF order=4
  error tolerance: rtol=0.001, atol=1e-05
Testing N_win=744 N_cf=3
Windowing:
  config: # windows=744, spacing=0.09645205810086824, CF order=3
  error tolerance: rtol=0.001, atol=1e-05
Failed: Pure curvefit failed for the first window!
Testing N_win=849 N_cf=10
Windowing:
  config: # windows=849, spacing=0.08452335833574319, CF order=10
  error tolerance: rtol=0.001, atol=1e-05
Testing N_win=849 N_cf=9
Windowing:
  config: # windows=849, spacing=0.08452335833574319, CF order=9
  error tolerance: rtol=0.001, atol=1e-05
Testing N_win=849 N_cf=8
Windowing:
  config: # windows=849, spacing=0.08452335833574319, CF order=8
  error tolerance: rtol=0.001, atol=1e-05
Testing N_win=849 N_cf=7
Windowing:
  config: # windows=849, spacing=0.08452335833574319, CF order=7
  error tolerance: rtol=0.001, atol=1e-05
Testing N_win=849 N_cf=6
Windowing:
  config: # windows=849, spacing=0.08452335833574319, CF order=6
  error tolerance: rtol=0.001, atol=1e-05
Testing N_win=849 N_cf=5
Windowing:
  config: # windows=849, spacing=0.08452335833574319, CF order=5
  error tolerance: rtol=0.001, atol=1e-05
Testing N_win=849 N_cf=4
Windowing:
  config: # windows=849, spacing=0.08452335833574319, CF order=4
  error tolerance: rtol=0.001, atol=1e-05
Testing N_win=849 N_cf=3
Windowing:
  config: # windows=849, spacing=0.08452335833574319, CF order=3
  error tolerance: rtol=0.001, atol=1e-05
Failed: Pure curvefit failed for the first window!
Testing N_win=953 N_cf=10
Windowing:
  config: # windows=953, spacing=0.07529940317633364, CF order=10
  error tolerance: rtol=0.001, atol=1e-05
Testing N_win=953 N_cf=9
Windowing:
  config: # windows=953, spacing=0.07529940317633364, CF order=9
  error tolerance: rtol=0.001, atol=1e-05
Testing N_win=953 N_cf=8
Windowing:
  config: # windows=953, spacing=0.07529940317633364, CF order=8
  error tolerance: rtol=0.001, atol=1e-05
Testing N_win=953 N_cf=7
Windowing:
  config: # windows=953, spacing=0.07529940317633364, CF order=7
  error tolerance: rtol=0.001, atol=1e-05
Testing N_win=953 N_cf=6
Windowing:
  config: # windows=953, spacing=0.07529940317633364, CF order=6
  error tolerance: rtol=0.001, atol=1e-05
Testing N_win=953 N_cf=5
Windowing:
  config: # windows=953, spacing=0.07529940317633364, CF order=5
  error tolerance: rtol=0.001, atol=1e-05
Testing N_win=953 N_cf=4
Windowing:
  config: # windows=953, spacing=0.07529940317633364, CF order=4
  error tolerance: rtol=0.001, atol=1e-05
Testing N_win=953 N_cf=3
Windowing:
  config: # windows=953, spacing=0.07529940317633364, CF order=3
  error tolerance: rtol=0.001, atol=1e-05
Failed: Pure curvefit failed for the first window!
Testing N_win=1058 N_cf=10
Windowing:
  config: # windows=1058, spacing=0.0678264000255633, CF order=10
  error tolerance: rtol=0.001, atol=1e-05
Testing N_win=1058 N_cf=9
Windowing:
  config: # windows=1058, spacing=0.0678264000255633, CF order=9
  error tolerance: rtol=0.001, atol=1e-05
Testing N_win=1058 N_cf=8
Windowing:
  config: # windows=1058, spacing=0.0678264000255633, CF order=8
  error tolerance: rtol=0.001, atol=1e-05
Testing N_win=1058 N_cf=7
Windowing:
  config: # windows=1058, spacing=0.0678264000255633, CF order=7
  error tolerance: rtol=0.001, atol=1e-05
Testing N_win=1058 N_cf=6
Windowing:
  config: # windows=1058, spacing=0.0678264000255633, CF order=6
  error tolerance: rtol=0.001, atol=1e-05
Testing N_win=1058 N_cf=5
Windowing:
  config: # windows=1058, spacing=0.0678264000255633, CF order=5
  error tolerance: rtol=0.001, atol=1e-05
Testing N_win=1058 N_cf=4
Windowing:
  config: # windows=1058, spacing=0.0678264000255633, CF order=4
  error tolerance: rtol=0.001, atol=1e-05
Testing N_win=1058 N_cf=3
Windowing:
  config: # windows=1058, spacing=0.0678264000255633, CF order=3
  error tolerance: rtol=0.001, atol=1e-05
Failed: Pure curvefit failed for the first window!
Testing N_win=1162 N_cf=10
Windowing:
  config: # windows=1162, spacing=0.06175587885287949, CF order=10
  error tolerance: rtol=0.001, atol=1e-05
Testing N_win=1162 N_cf=9
Windowing:
  config: # windows=1162, spacing=0.06175587885287949, CF order=9
  error tolerance: rtol=0.001, atol=1e-05
Testing N_win=1162 N_cf=8
Windowing:
  config: # windows=1162, spacing=0.06175587885287949, CF order=8
  error tolerance: rtol=0.001, atol=1e-05
Testing N_win=1162 N_cf=7
Windowing:
  config: # windows=1162, spacing=0.06175587885287949, CF order=7
  error tolerance: rtol=0.001, atol=1e-05
Testing N_win=1162 N_cf=6
Windowing:
  config: # windows=1162, spacing=0.06175587885287949, CF order=6
  error tolerance: rtol=0.001, atol=1e-05
Testing N_win=1162 N_cf=5
Windowing:
  config: # windows=1162, spacing=0.06175587885287949, CF order=5
  error tolerance: rtol=0.001, atol=1e-05
Testing N_win=1162 N_cf=4
Windowing:
  config: # windows=1162, spacing=0.06175587885287949, CF order=4
  error tolerance: rtol=0.001, atol=1e-05
Testing N_win=1162 N_cf=3
Windowing:
  config: # windows=1162, spacing=0.06175587885287949, CF order=3
  error tolerance: rtol=0.001, atol=1e-05
Failed: Pure curvefit failed for the first window!
Testing N_win=1267 N_cf=10
Windowing:
  config: # windows=1267, spacing=0.056637988340209916, CF order=10
  error tolerance: rtol=0.001, atol=1e-05
Testing N_win=1267 N_cf=9
Windowing:
  config: # windows=1267, spacing=0.056637988340209916, CF order=9
  error tolerance: rtol=0.001, atol=1e-05
Testing N_win=1267 N_cf=8
Windowing:
  config: # windows=1267, spacing=0.056637988340209916, CF order=8
  error tolerance: rtol=0.001, atol=1e-05
Testing N_win=1267 N_cf=7
Windowing:
  config: # windows=1267, spacing=0.056637988340209916, CF order=7
  error tolerance: rtol=0.001, atol=1e-05
Testing N_win=1267 N_cf=6
Windowing:
  config: # windows=1267, spacing=0.056637988340209916, CF order=6
  error tolerance: rtol=0.001, atol=1e-05
Testing N_win=1267 N_cf=5
Windowing:
  config: # windows=1267, spacing=0.056637988340209916, CF order=5
  error tolerance: rtol=0.001, atol=1e-05
Testing N_win=1267 N_cf=4
Windowing:
  config: # windows=1267, spacing=0.056637988340209916, CF order=4
  error tolerance: rtol=0.001, atol=1e-05
Testing N_win=1267 N_cf=3
Windowing:
  config: # windows=1267, spacing=0.056637988340209916, CF order=3
  error tolerance: rtol=0.001, atol=1e-05
Failed: Pure curvefit failed for the first window!
Testing N_win=1372 N_cf=10
Windowing:
  config: # windows=1372, spacing=0.05230344841621426, CF order=10
  error tolerance: rtol=0.001, atol=1e-05
Testing N_win=1372 N_cf=9
Windowing:
  config: # windows=1372, spacing=0.05230344841621426, CF order=9
  error tolerance: rtol=0.001, atol=1e-05
Testing N_win=1372 N_cf=8
Windowing:
  config: # windows=1372, spacing=0.05230344841621426, CF order=8
  error tolerance: rtol=0.001, atol=1e-05
Testing N_win=1372 N_cf=7
Windowing:
  config: # windows=1372, spacing=0.05230344841621426, CF order=7
  error tolerance: rtol=0.001, atol=1e-05
Testing N_win=1372 N_cf=6
Windowing:
  config: # windows=1372, spacing=0.05230344841621426, CF order=6
  error tolerance: rtol=0.001, atol=1e-05
Testing N_win=1372 N_cf=5
Windowing:
  config: # windows=1372, spacing=0.05230344841621426, CF order=5
  error tolerance: rtol=0.001, atol=1e-05
Testing N_win=1372 N_cf=4
Windowing:
  config: # windows=1372, spacing=0.05230344841621426, CF order=4
  error tolerance: rtol=0.001, atol=1e-05
Testing N_win=1372 N_cf=3
Windowing:
  config: # windows=1372, spacing=0.05230344841621426, CF order=3
  error tolerance: rtol=0.001, atol=1e-05
Failed: Pure curvefit failed for the first window!
Testing N_win=1476 N_cf=10
Windowing:
  config: # windows=1476, spacing=0.048618110587429514, CF order=10
  error tolerance: rtol=0.001, atol=1e-05
Testing N_win=1476 N_cf=9
Windowing:
  config: # windows=1476, spacing=0.048618110587429514, CF order=9
  error tolerance: rtol=0.001, atol=1e-05
Testing N_win=1476 N_cf=8
Windowing:
  config: # windows=1476, spacing=0.048618110587429514, CF order=8
  error tolerance: rtol=0.001, atol=1e-05
Testing N_win=1476 N_cf=7
Windowing:
  config: # windows=1476, spacing=0.048618110587429514, CF order=7
  error tolerance: rtol=0.001, atol=1e-05
Testing N_win=1476 N_cf=6
Windowing:
  config: # windows=1476, spacing=0.048618110587429514, CF order=6
  error tolerance: rtol=0.001, atol=1e-05
Testing N_win=1476 N_cf=5
Windowing:
  config: # windows=1476, spacing=0.048618110587429514, CF order=5
  error tolerance: rtol=0.001, atol=1e-05
Testing N_win=1476 N_cf=4
Windowing:
  config: # windows=1476, spacing=0.048618110587429514, CF order=4
  error tolerance: rtol=0.001, atol=1e-05
Testing N_win=1476 N_cf=3
Windowing:
  config: # windows=1476, spacing=0.048618110587429514, CF order=3
  error tolerance: rtol=0.001, atol=1e-05
Failed: Pure curvefit failed for the first window!
Testing N_win=1581 N_cf=10
Windowing:
  config: # windows=1581, spacing=0.04538920381217329, CF order=10
  error tolerance: rtol=0.001, atol=1e-05
Testing N_win=1581 N_cf=9
Windowing:
  config: # windows=1581, spacing=0.04538920381217329, CF order=9
  error tolerance: rtol=0.001, atol=1e-05
Testing N_win=1581 N_cf=8
Windowing:
  config: # windows=1581, spacing=0.04538920381217329, CF order=8
  error tolerance: rtol=0.001, atol=1e-05
Testing N_win=1581 N_cf=7
Windowing:
  config: # windows=1581, spacing=0.04538920381217329, CF order=7
  error tolerance: rtol=0.001, atol=1e-05
Testing N_win=1581 N_cf=6
Windowing:
  config: # windows=1581, spacing=0.04538920381217329, CF order=6
  error tolerance: rtol=0.001, atol=1e-05
Testing N_win=1581 N_cf=5
Windowing:
  config: # windows=1581, spacing=0.04538920381217329, CF order=5
  error tolerance: rtol=0.001, atol=1e-05
Testing N_win=1581 N_cf=4
Windowing:
  config: # windows=1581, spacing=0.04538920381217329, CF order=4
  error tolerance: rtol=0.001, atol=1e-05
Testing N_win=1581 N_cf=3
Windowing:
  config: # windows=1581, spacing=0.04538920381217329, CF order=3
  error tolerance: rtol=0.001, atol=1e-05
Failed: Pure curvefit failed for the first window!
Testing N_win=1686 N_cf=10
Windowing:
  config: # windows=1686, spacing=0.04256247403739381, CF order=10
  error tolerance: rtol=0.001, atol=1e-05
Testing N_win=1686 N_cf=9
Windowing:
  config: # windows=1686, spacing=0.04256247403739381, CF order=9
  error tolerance: rtol=0.001, atol=1e-05
Testing N_win=1686 N_cf=8
Windowing:
  config: # windows=1686, spacing=0.04256247403739381, CF order=8
  error tolerance: rtol=0.001, atol=1e-05
Testing N_win=1686 N_cf=7
Windowing:
  config: # windows=1686, spacing=0.04256247403739381, CF order=7
  error tolerance: rtol=0.001, atol=1e-05
Testing N_win=1686 N_cf=6
Windowing:
  config: # windows=1686, spacing=0.04256247403739381, CF order=6
  error tolerance: rtol=0.001, atol=1e-05
Testing N_win=1686 N_cf=5
Windowing:
  config: # windows=1686, spacing=0.04256247403739381, CF order=5
  error tolerance: rtol=0.001, atol=1e-05
Testing N_win=1686 N_cf=4
Windowing:
  config: # windows=1686, spacing=0.04256247403739381, CF order=4
  error tolerance: rtol=0.001, atol=1e-05
Testing N_win=1686 N_cf=3
Windowing:
  config: # windows=1686, spacing=0.04256247403739381, CF order=3
  error tolerance: rtol=0.001, atol=1e-05
Failed: Pure curvefit failed for the first window!
Testing N_win=1790 N_cf=10
Windowing:
  config: # windows=1790, spacing=0.040089570517902774, CF order=10
  error tolerance: rtol=0.001, atol=1e-05
Testing N_win=1790 N_cf=9
Windowing:
  config: # windows=1790, spacing=0.040089570517902774, CF order=9
  error tolerance: rtol=0.001, atol=1e-05
Testing N_win=1790 N_cf=8
Windowing:
  config: # windows=1790, spacing=0.040089570517902774, CF order=8
  error tolerance: rtol=0.001, atol=1e-05
Testing N_win=1790 N_cf=7
Windowing:
  config: # windows=1790, spacing=0.040089570517902774, CF order=7
  error tolerance: rtol=0.001, atol=1e-05
Testing N_win=1790 N_cf=6
Windowing:
  config: # windows=1790, spacing=0.040089570517902774, CF order=6
  error tolerance: rtol=0.001, atol=1e-05
Testing N_win=1790 N_cf=5
Windowing:
  config: # windows=1790, spacing=0.040089570517902774, CF order=5
  error tolerance: rtol=0.001, atol=1e-05
Testing N_win=1790 N_cf=4
Windowing:
  config: # windows=1790, spacing=0.040089570517902774, CF order=4
  error tolerance: rtol=0.001, atol=1e-05
Testing N_win=1790 N_cf=3
Windowing:
  config: # windows=1790, spacing=0.040089570517902774, CF order=3
  error tolerance: rtol=0.001, atol=1e-05
Failed: Pure curvefit failed for the first window!
Testing N_win=1895 N_cf=10
Windowing:
  config: # windows=1895, spacing=0.03786824866862584, CF order=10
  error tolerance: rtol=0.001, atol=1e-05
Testing N_win=1895 N_cf=9
Windowing:
  config: # windows=1895, spacing=0.03786824866862584, CF order=9
  error tolerance: rtol=0.001, atol=1e-05
Testing N_win=1895 N_cf=8
Windowing:
  config: # windows=1895, spacing=0.03786824866862584, CF order=8
  error tolerance: rtol=0.001, atol=1e-05
Testing N_win=1895 N_cf=7
Windowing:
  config: # windows=1895, spacing=0.03786824866862584, CF order=7
  error tolerance: rtol=0.001, atol=1e-05
Testing N_win=1895 N_cf=6
Windowing:
  config: # windows=1895, spacing=0.03786824866862584, CF order=6
  error tolerance: rtol=0.001, atol=1e-05
Testing N_win=1895 N_cf=5
Windowing:
  config: # windows=1895, spacing=0.03786824866862584, CF order=5
  error tolerance: rtol=0.001, atol=1e-05
Testing N_win=1895 N_cf=4
Windowing:
  config: # windows=1895, spacing=0.03786824866862584, CF order=4
  error tolerance: rtol=0.001, atol=1e-05
Testing N_win=1895 N_cf=3
Windowing:
  config: # windows=1895, spacing=0.03786824866862584, CF order=3
  error tolerance: rtol=0.001, atol=1e-05
Failed: Pure curvefit failed for the first window!
Testing N_win=2000 N_cf=10
Windowing:
  config: # windows=2000, spacing=0.03588016561352298, CF order=10
  error tolerance: rtol=0.001, atol=1e-05
Testing N_win=2000 N_cf=9
Windowing:
  config: # windows=2000, spacing=0.03588016561352298, CF order=9
  error tolerance: rtol=0.001, atol=1e-05
Testing N_win=2000 N_cf=8
Windowing:
  config: # windows=2000, spacing=0.03588016561352298, CF order=8
  error tolerance: rtol=0.001, atol=1e-05
Testing N_win=2000 N_cf=7
Windowing:
  config: # windows=2000, spacing=0.03588016561352298, CF order=7
  error tolerance: rtol=0.001, atol=1e-05
Testing N_win=2000 N_cf=6
Windowing:
  config: # windows=2000, spacing=0.03588016561352298, CF order=6
  error tolerance: rtol=0.001, atol=1e-05
Testing N_win=2000 N_cf=5
Windowing:
  config: # windows=2000, spacing=0.03588016561352298, CF order=5
  error tolerance: rtol=0.001, atol=1e-05
Testing N_win=2000 N_cf=4
Windowing:
  config: # windows=2000, spacing=0.03588016561352298, CF order=4
  error tolerance: rtol=0.001, atol=1e-05
Testing N_win=2000 N_cf=3
Windowing:
  config: # windows=2000, spacing=0.03588016561352298, CF order=3
  error tolerance: rtol=0.001, atol=1e-05
Failed: Pure curvefit failed for the first window!
Final library: 161 poles, 639 windows, 2.9 poles per window, 4 CF order
