Running NJOY to get 0K point-wise data (error=0.0005)...
Parsing cross sections within resolved resonance range...
  MTs: [2, 27, 102]
  Energy range: 1.000e-05 to 2.000e+03 eV (133369 points)
Vector fitting piece 1/66...
  energy: 1.000e-05 to 7.500e-01 eV (500 points)
  error tolerance: rtol=0.001, atol=1e-05
Found 0 peaks
Fitting orders from 2 to 200
Order=2(0/100)
Order=4(1/100)
Found ideal results. Stop!
Found 2 real poles and 1 conjugate complex pairs.
Final number of poles: 3
Saved figure: WMP_Lib/Re187/0-1_MT2.png
Saved figure: WMP_Lib/Re187/0-1_MT27.png
Saved figure: WMP_Lib/Re187/0-1_MT102.png
Vector fitting piece 2/66...
  energy: 3.688e-02 to 2.373e+00 eV (170 points)
  error tolerance: rtol=0.001, atol=1e-05
Found 0 peaks
Fitting orders from 2 to 200
Order=2(0/100)
Order=4(1/100)
Order=6(2/100)
Found ideal results. Stop!
Found 2 real poles and 2 conjugate complex pairs.
Final number of poles: 4
Saved figure: WMP_Lib/Re187/0-2_MT2.png
Saved figure: WMP_Lib/Re187/0-2_MT27.png
Saved figure: WMP_Lib/Re187/0-2_MT102.png
Vector fitting piece 3/66...
  energy: 7.500e-01 to 4.791e+00 eV (412 points)
  error tolerance: rtol=0.001, atol=1e-05
Found 1 peaks
Fitting orders from 2 to 200
Order=2(0/100)
Order=4(1/100)
Order=6(2/100)
Found ideal results. Stop!
Found 0 real poles and 3 conjugate complex pairs.
Final number of poles: 3
Saved figure: WMP_Lib/Re187/1-5_MT2.png
Saved figure: WMP_Lib/Re187/1-5_MT27.png
Saved figure: WMP_Lib/Re187/1-5_MT102.png
Vector fitting piece 4/66...
  energy: 2.373e+00 to 8.281e+00 eV (475 points)
  error tolerance: rtol=0.001, atol=1e-05
Found 1 peaks
Fitting orders from 2 to 200
Order=2(0/100)
Order=4(1/100)
Order=6(2/100)
Found ideal results. Stop!
Found 4 real poles and 1 conjugate complex pairs.
Final number of poles: 5
Saved figure: WMP_Lib/Re187/2-8_MT2.png
Saved figure: WMP_Lib/Re187/2-8_MT27.png
Saved figure: WMP_Lib/Re187/2-8_MT102.png
Vector fitting piece 5/66...
  energy: 4.948e+00 to 1.260e+01 eV (544 points)
  error tolerance: rtol=0.001, atol=1e-05
Found 1 peaks
Fitting orders from 2 to 200
Order=2(0/100)
Order=4(1/100)
Order=6(2/100)
Order=8(3/100)
Found ideal results. Stop!
Found 4 real poles and 2 conjugate complex pairs.
Final number of poles: 6
Saved figure: WMP_Lib/Re187/5-13_MT2.png
Saved figure: WMP_Lib/Re187/5-13_MT27.png
Saved figure: WMP_Lib/Re187/5-13_MT102.png
Vector fitting piece 6/66...
  energy: 8.359e+00 to 1.781e+01 eV (1222 points)
  error tolerance: rtol=0.001, atol=1e-05
Found 3 peaks
Fitting orders from 6 to 200
Order=6(0/98)
Order=8(1/98)
Order=10(2/98)
Order=12(3/98)
Found ideal results. Stop!
Found 4 real poles and 4 conjugate complex pairs.
Final number of poles: 8
Saved figure: WMP_Lib/Re187/8-18_MT2.png
Saved figure: WMP_Lib/Re187/8-18_MT27.png
Saved figure: WMP_Lib/Re187/8-18_MT102.png
Vector fitting piece 7/66...
  energy: 1.278e+01 to 2.402e+01 eV (1197 points)
  error tolerance: rtol=0.001, atol=1e-05
Found 3 peaks
Fitting orders from 6 to 200
Order=6(0/98)
Order=8(1/98)
Order=10(2/98)
Order=12(3/98)
Found ideal results. Stop!
Found 1 real poles and 6 conjugate complex pairs.
Final number of poles: 7
Saved figure: WMP_Lib/Re187/13-24_MT2.png
Saved figure: WMP_Lib/Re187/13-24_MT27.png
Saved figure: WMP_Lib/Re187/13-24_MT102.png
Vector fitting piece 8/66...
  energy: 1.812e+01 to 3.108e+01 eV (829 points)
  error tolerance: rtol=0.001, atol=1e-05
Found 2 peaks
Fitting orders from 4 to 200
Order=4(0/99)
Order=6(1/99)
Order=8(2/99)
Order=10(3/99)
Found ideal results. Stop!
Found 0 real poles and 5 conjugate complex pairs.
Final number of poles: 5
Saved figure: WMP_Lib/Re187/18-31_MT2.png
Saved figure: WMP_Lib/Re187/18-31_MT27.png
Saved figure: WMP_Lib/Re187/18-31_MT102.png
Vector fitting piece 9/66...
  energy: 2.435e+01 to 3.908e+01 eV (1316 points)
  error tolerance: rtol=0.001, atol=1e-05
Found 3 peaks
Fitting orders from 6 to 200
Order=6(0/98)
Order=8(1/98)
Order=10(2/98)
Order=12(3/98)
Found ideal results. Stop!
Found 2 real poles and 5 conjugate complex pairs.
Final number of poles: 7
Saved figure: WMP_Lib/Re187/24-39_MT2.png
Saved figure: WMP_Lib/Re187/24-39_MT27.png
Saved figure: WMP_Lib/Re187/24-39_MT102.png
Vector fitting piece 10/66...
  energy: 3.150e+01 to 4.802e+01 eV (1699 points)
  error tolerance: rtol=0.001, atol=1e-05
Found 4 peaks
Fitting orders from 8 to 200
Order=8(0/97)
Order=10(1/97)
Order=12(2/97)
Found ideal results. Stop!
Found 2 real poles and 5 conjugate complex pairs.
Final number of poles: 7
Saved figure: WMP_Lib/Re187/31-48_MT2.png
Saved figure: WMP_Lib/Re187/31-48_MT27.png
Saved figure: WMP_Lib/Re187/31-48_MT102.png
Vector fitting piece 11/66...
  energy: 3.957e+01 to 5.787e+01 eV (1194 points)
  error tolerance: rtol=0.001, atol=1e-05
Found 2 peaks
Fitting orders from 4 to 200
Order=4(0/99)
Order=6(1/99)
Order=8(2/99)
Order=10(3/99)
Order=12(4/99)
Order=14(5/99)
Order=16(6/99)
Order=18(7/99)
Order=20(8/99)
Order=22(9/99)
Order=24(10/99)
Order=26(11/99)
Order=28(12/99)
Order=30(13/99)
Order=32(14/99)
Order=34(15/99)
Order=36(16/99)
Order=38(17/99)
Order=40(18/99)
Order=42(19/99)
Order=44(20/99)
Order=46(21/99)
Order=48(22/99)
Order=50(23/99)
Order=52(24/99)
Order=54(25/99)
Order=56(26/99)
Order=58(27/99)
Order=60(28/99)
Found 4 real poles and 3 conjugate complex pairs.
Final number of poles: 7
Saved figure: WMP_Lib/Re187/40-58_MT2.png
Saved figure: WMP_Lib/Re187/40-58_MT27.png
Saved figure: WMP_Lib/Re187/40-58_MT102.png
Vector fitting piece 12/66...
  energy: 4.855e+01 to 6.863e+01 eV (1871 points)
  error tolerance: rtol=0.001, atol=1e-05
Found 4 peaks
Fitting orders from 8 to 200
Order=8(0/97)
Order=10(1/97)
Order=12(2/97)
Order=14(3/97)
Found ideal results. Stop!
Found 2 real poles and 6 conjugate complex pairs.
Final number of poles: 8
Saved figure: WMP_Lib/Re187/49-69_MT2.png
Saved figure: WMP_Lib/Re187/49-69_MT27.png
Saved figure: WMP_Lib/Re187/49-69_MT102.png
Vector fitting piece 13/66...
  energy: 5.845e+01 to 8.038e+01 eV (2985 points)
  error tolerance: rtol=0.001, atol=1e-05
Found 8 peaks
Fitting orders from 16 to 200
Order=16(0/93)
Order=18(1/93)
Order=20(2/93)
Found ideal results. Stop!
Found 4 real poles and 8 conjugate complex pairs.
Final number of poles: 12
Saved figure: WMP_Lib/Re187/58-80_MT2.png
Saved figure: WMP_Lib/Re187/58-80_MT27.png
Saved figure: WMP_Lib/Re187/58-80_MT102.png
Vector fitting piece 14/66...
  energy: 6.927e+01 to 9.298e+01 eV (2895 points)
  error tolerance: rtol=0.001, atol=1e-05
Found 8 peaks
Fitting orders from 16 to 200
Order=16(0/93)
Order=18(1/93)
Order=20(2/93)
Order=22(3/93)
Found ideal results. Stop!
Found 2 real poles and 10 conjugate complex pairs.
Final number of poles: 12
Saved figure: WMP_Lib/Re187/69-93_MT2.png
Saved figure: WMP_Lib/Re187/69-93_MT27.png
Saved figure: WMP_Lib/Re187/69-93_MT102.png
Vector fitting piece 15/66...
  energy: 8.100e+01 to 1.064e+02 eV (2425 points)
  error tolerance: rtol=0.001, atol=1e-05
Found 6 peaks
Fitting orders from 12 to 200
Order=12(0/95)
Order=14(1/95)
Order=16(2/95)
Order=18(3/95)
Found ideal results. Stop!
Found 4 real poles and 7 conjugate complex pairs.
Final number of poles: 11
Saved figure: WMP_Lib/Re187/81-106_MT2.png
Saved figure: WMP_Lib/Re187/81-106_MT27.png
Saved figure: WMP_Lib/Re187/81-106_MT102.png
Vector fitting piece 16/66...
  energy: 9.366e+01 to 1.209e+02 eV (2871 points)
  error tolerance: rtol=0.001, atol=1e-05
Found 8 peaks
Fitting orders from 16 to 200
Order=16(0/93)
Order=18(1/93)
Order=20(2/93)
Order=22(3/93)
Found ideal results. Stop!
Found 4 real poles and 9 conjugate complex pairs.
Final number of poles: 13
Saved figure: WMP_Lib/Re187/94-121_MT2.png
Saved figure: WMP_Lib/Re187/94-121_MT27.png
Saved figure: WMP_Lib/Re187/94-121_MT102.png
Vector fitting piece 17/66...
  energy: 1.072e+02 to 1.362e+02 eV (3260 points)
  error tolerance: rtol=0.001, atol=1e-05
Found 9 peaks
Fitting orders from 18 to 200
Order=18(0/92)
Order=20(1/92)
Order=22(2/92)
Order=24(3/92)
Found ideal results. Stop!
Found 4 real poles and 10 conjugate complex pairs.
Final number of poles: 14
Saved figure: WMP_Lib/Re187/107-136_MT2.png
Saved figure: WMP_Lib/Re187/107-136_MT27.png
Saved figure: WMP_Lib/Re187/107-136_MT102.png
Vector fitting piece 18/66...
  energy: 1.217e+02 to 1.525e+02 eV (3439 points)
  error tolerance: rtol=0.001, atol=1e-05
Found 8 peaks
Fitting orders from 16 to 200
Order=16(0/93)
Order=18(1/93)
Order=20(2/93)
Order=22(3/93)
Order=24(4/93)
Order=26(5/93)
Order=28(6/93)
Order=30(7/93)
Order=32(8/93)
Order=34(9/93)
Order=36(10/93)
Order=38(11/93)
Order=40(12/93)
Order=42(13/93)
Order=44(14/93)
Order=46(15/93)
Order=48(16/93)
Order=50(17/93)
Order=52(18/93)
Order=54(19/93)
Order=56(20/93)
Order=58(21/93)
Order=60(22/93)
Found 4 real poles and 9 conjugate complex pairs.
Final number of poles: 13
Saved figure: WMP_Lib/Re187/122-153_MT2.png
Saved figure: WMP_Lib/Re187/122-153_MT27.png
Saved figure: WMP_Lib/Re187/122-153_MT102.png
Vector fitting piece 19/66...
  energy: 1.371e+02 to 1.698e+02 eV (3627 points)
  error tolerance: rtol=0.001, atol=1e-05
Found 9 peaks
Fitting orders from 18 to 200
Order=18(0/92)
Order=20(1/92)
Order=22(2/92)
Order=24(3/92)
Order=26(4/92)
Order=28(5/92)
Order=30(6/92)
Order=32(7/92)
Order=34(8/92)
Order=36(9/92)
Order=38(10/92)
Order=40(11/92)
Order=42(12/92)
Order=44(13/92)
Order=46(14/92)
Order=48(15/92)
Order=50(16/92)
Order=52(17/92)
Order=54(18/92)
Order=56(19/92)
Order=58(20/92)
Order=60(21/92)
Found 4 real poles and 10 conjugate complex pairs.
Final number of poles: 14
Saved figure: WMP_Lib/Re187/137-170_MT2.png
Saved figure: WMP_Lib/Re187/137-170_MT27.png
Saved figure: WMP_Lib/Re187/137-170_MT102.png
Vector fitting piece 20/66...
  energy: 1.535e+02 to 1.879e+02 eV (3869 points)
  error tolerance: rtol=0.001, atol=1e-05
Found 10 peaks
Fitting orders from 20 to 200
Order=20(0/91)
Order=22(1/91)
Order=24(2/91)
Order=26(3/91)
Order=28(4/91)
Order=30(5/91)
Order=32(6/91)
Order=34(7/91)
Order=36(8/91)
Order=38(9/91)
Order=40(10/91)
Order=42(11/91)
Order=44(12/91)
Order=46(13/91)
Order=48(14/91)
Order=50(15/91)
Order=52(16/91)
Order=54(17/91)
Order=56(18/91)
Order=58(19/91)
Order=60(20/91)
Found 4 real poles and 10 conjugate complex pairs.
Final number of poles: 14
Saved figure: WMP_Lib/Re187/153-188_MT2.png
Saved figure: WMP_Lib/Re187/153-188_MT27.png
Saved figure: WMP_Lib/Re187/153-188_MT102.png
Vector fitting piece 21/66...
  energy: 1.707e+02 to 2.069e+02 eV (3768 points)
  error tolerance: rtol=0.001, atol=1e-05
Found 9 peaks
Fitting orders from 18 to 200
Order=18(0/92)
Order=20(1/92)
Order=22(2/92)
Order=24(3/92)
Found ideal results. Stop!
Found 4 real poles and 10 conjugate complex pairs.
Final number of poles: 14
Saved figure: WMP_Lib/Re187/171-207_MT2.png
Saved figure: WMP_Lib/Re187/171-207_MT27.png
Saved figure: WMP_Lib/Re187/171-207_MT102.png
Vector fitting piece 22/66...
  energy: 1.889e+02 to 2.269e+02 eV (3765 points)
  error tolerance: rtol=0.001, atol=1e-05
Found 9 peaks
Fitting orders from 18 to 200
Order=18(0/92)
Order=20(1/92)
Order=22(2/92)
Order=24(3/92)
Found ideal results. Stop!
Found 6 real poles and 9 conjugate complex pairs.
Final number of poles: 15
Saved figure: WMP_Lib/Re187/189-227_MT2.png
Saved figure: WMP_Lib/Re187/189-227_MT27.png
Saved figure: WMP_Lib/Re187/189-227_MT102.png
Vector fitting piece 23/66...
  energy: 2.079e+02 to 2.478e+02 eV (4201 points)
  error tolerance: rtol=0.001, atol=1e-05
Found 11 peaks
Fitting orders from 22 to 200
Order=22(0/90)
Order=24(1/90)
Order=26(2/90)
Order=28(3/90)
Found ideal results. Stop!
Found 4 real poles and 12 conjugate complex pairs.
Final number of poles: 16
Saved figure: WMP_Lib/Re187/208-248_MT2.png
Saved figure: WMP_Lib/Re187/208-248_MT27.png
Saved figure: WMP_Lib/Re187/208-248_MT102.png
Vector fitting piece 24/66...
  energy: 2.280e+02 to 2.694e+02 eV (4712 points)
  error tolerance: rtol=0.001, atol=1e-05
Found 13 peaks
Fitting orders from 26 to 200
Order=26(0/88)
Order=28(1/88)
Order=30(2/88)
Order=32(3/88)
Found ideal results. Stop!
Found 6 real poles and 13 conjugate complex pairs.
Final number of poles: 19
Saved figure: WMP_Lib/Re187/228-269_MT2.png
Saved figure: WMP_Lib/Re187/228-269_MT27.png
Saved figure: WMP_Lib/Re187/228-269_MT102.png
Vector fitting piece 25/66...
  energy: 2.489e+02 to 2.921e+02 eV (4104 points)
  error tolerance: rtol=0.001, atol=1e-05
Found 11 peaks
Fitting orders from 22 to 200
Order=22(0/90)
Order=24(1/90)
Order=26(2/90)
Order=28(3/90)
Found ideal results. Stop!
Found 6 real poles and 11 conjugate complex pairs.
Final number of poles: 17
Saved figure: WMP_Lib/Re187/249-292_MT2.png
Saved figure: WMP_Lib/Re187/249-292_MT27.png
Saved figure: WMP_Lib/Re187/249-292_MT102.png
Vector fitting piece 26/66...
  energy: 2.707e+02 to 3.158e+02 eV (3925 points)
  error tolerance: rtol=0.001, atol=1e-05
Found 10 peaks
Fitting orders from 20 to 200
Order=20(0/91)
Order=22(1/91)
Order=24(2/91)
Order=26(3/91)
Found ideal results. Stop!
Found 6 real poles and 10 conjugate complex pairs.
Final number of poles: 16
Saved figure: WMP_Lib/Re187/271-316_MT2.png
Saved figure: WMP_Lib/Re187/271-316_MT27.png
Saved figure: WMP_Lib/Re187/271-316_MT102.png
Vector fitting piece 27/66...
  energy: 2.935e+02 to 3.403e+02 eV (5247 points)
  error tolerance: rtol=0.001, atol=1e-05
Found 14 peaks
Fitting orders from 28 to 200
Order=28(0/87)
Order=30(1/87)
Order=32(2/87)
Order=34(3/87)
Found ideal results. Stop!
Found 6 real poles and 14 conjugate complex pairs.
Final number of poles: 20
Saved figure: WMP_Lib/Re187/293-340_MT2.png
Saved figure: WMP_Lib/Re187/293-340_MT27.png
Saved figure: WMP_Lib/Re187/293-340_MT102.png
Vector fitting piece 28/66...
  energy: 3.172e+02 to 3.658e+02 eV (4928 points)
  error tolerance: rtol=0.001, atol=1e-05
Found 13 peaks
Fitting orders from 26 to 200
Order=26(0/88)
Order=28(1/88)
Order=30(2/88)
Order=32(3/88)
Order=34(4/88)
Order=36(5/88)
Order=38(6/88)
Order=40(7/88)
Order=42(8/88)
Order=44(9/88)
Order=46(10/88)
Order=48(11/88)
Order=50(12/88)
Order=52(13/88)
Order=54(14/88)
Order=56(15/88)
Order=58(16/88)
Order=60(17/88)
Found 2 real poles and 14 conjugate complex pairs.
Final number of poles: 16
Saved figure: WMP_Lib/Re187/317-366_MT2.png
Saved figure: WMP_Lib/Re187/317-366_MT27.png
Saved figure: WMP_Lib/Re187/317-366_MT102.png
Vector fitting piece 29/66...
  energy: 3.417e+02 to 3.921e+02 eV (4545 points)
  error tolerance: rtol=0.001, atol=1e-05
Found 13 peaks
Fitting orders from 26 to 200
Order=26(0/88)
Order=28(1/88)
Order=30(2/88)
Found ideal results. Stop!
Found 4 real poles and 13 conjugate complex pairs.
Final number of poles: 17
Saved figure: WMP_Lib/Re187/342-392_MT2.png
Saved figure: WMP_Lib/Re187/342-392_MT27.png
Saved figure: WMP_Lib/Re187/342-392_MT102.png
Vector fitting piece 30/66...
  energy: 3.672e+02 to 4.194e+02 eV (4377 points)
  error tolerance: rtol=0.001, atol=1e-05
Found 12 peaks
Fitting orders from 24 to 200
Order=24(0/89)
Order=26(1/89)
Order=28(2/89)
Order=30(3/89)
Order=32(4/89)
Found ideal results. Stop!
Found 4 real poles and 14 conjugate complex pairs.
Final number of poles: 18
Saved figure: WMP_Lib/Re187/367-419_MT2.png
Saved figure: WMP_Lib/Re187/367-419_MT27.png
Saved figure: WMP_Lib/Re187/367-419_MT102.png
Vector fitting piece 31/66...
  energy: 3.937e+02 to 4.476e+02 eV (3834 points)
  error tolerance: rtol=0.001, atol=1e-05
Found 10 peaks
Fitting orders from 20 to 200
Order=20(0/91)
Order=22(1/91)
Order=24(2/91)
Order=26(3/91)
Order=28(4/91)
Order=30(5/91)
Order=32(6/91)
Order=34(7/91)
Order=36(8/91)
Order=38(9/91)
Order=40(10/91)
Order=42(11/91)
Order=44(12/91)
Order=46(13/91)
Order=48(14/91)
Order=50(15/91)
Order=52(16/91)
Order=54(17/91)
Order=56(18/91)
Order=58(19/91)
Order=60(20/91)
Found 4 real poles and 11 conjugate complex pairs.
Final number of poles: 15
Saved figure: WMP_Lib/Re187/394-448_MT2.png
Saved figure: WMP_Lib/Re187/394-448_MT27.png
Saved figure: WMP_Lib/Re187/394-448_MT102.png
Vector fitting piece 32/66...
  energy: 4.210e+02 to 4.770e+02 eV (3422 points)
  error tolerance: rtol=0.001, atol=1e-05
Found 9 peaks
Fitting orders from 18 to 200
Order=18(0/92)
Order=20(1/92)
Order=22(2/92)
Order=24(3/92)
Found ideal results. Stop!
Found 4 real poles and 10 conjugate complex pairs.
Final number of poles: 14
Saved figure: WMP_Lib/Re187/421-477_MT2.png
Saved figure: WMP_Lib/Re187/421-477_MT27.png
Saved figure: WMP_Lib/Re187/421-477_MT102.png
Vector fitting piece 33/66...
  energy: 4.493e+02 to 5.070e+02 eV (2971 points)
  error tolerance: rtol=0.001, atol=1e-05
Found 7 peaks
Fitting orders from 14 to 200
Order=14(0/94)
Order=16(1/94)
Order=18(2/94)
Order=20(3/94)
Found ideal results. Stop!
Found 6 real poles and 7 conjugate complex pairs.
Final number of poles: 13
Saved figure: WMP_Lib/Re187/449-507_MT2.png
Saved figure: WMP_Lib/Re187/449-507_MT27.png
Saved figure: WMP_Lib/Re187/449-507_MT102.png
Vector fitting piece 34/66...
  energy: 4.784e+02 to 5.378e+02 eV (3758 points)
  error tolerance: rtol=0.001, atol=1e-05
Found 9 peaks
Fitting orders from 18 to 200
Order=18(0/92)
Order=20(1/92)
Order=22(2/92)
Order=24(3/92)
Order=26(4/92)
Order=28(5/92)
Order=30(6/92)
Order=32(7/92)
Order=34(8/92)
Order=36(9/92)
Order=38(10/92)
Order=40(11/92)
Order=42(12/92)
Order=44(13/92)
Order=46(14/92)
Order=48(15/92)
Order=50(16/92)
Order=52(17/92)
Order=54(18/92)
Order=56(19/92)
Order=58(20/92)
Order=60(21/92)
Found 4 real poles and 9 conjugate complex pairs.
Final number of poles: 13
Saved figure: WMP_Lib/Re187/478-538_MT2.png
Saved figure: WMP_Lib/Re187/478-538_MT27.png
Saved figure: WMP_Lib/Re187/478-538_MT102.png
Vector fitting piece 35/66...
  energy: 5.085e+02 to 5.696e+02 eV (4899 points)
  error tolerance: rtol=0.001, atol=1e-05
Found 12 peaks
Fitting orders from 24 to 200
Order=24(0/89)
Order=26(1/89)
Order=28(2/89)
Order=30(3/89)
Found ideal results. Stop!
Found 4 real poles and 13 conjugate complex pairs.
Final number of poles: 17
Saved figure: WMP_Lib/Re187/508-570_MT2.png
Saved figure: WMP_Lib/Re187/508-570_MT27.png
Saved figure: WMP_Lib/Re187/508-570_MT102.png
Vector fitting piece 36/66...
  energy: 5.395e+02 to 6.024e+02 eV (4996 points)
  error tolerance: rtol=0.001, atol=1e-05
Found 14 peaks
Fitting orders from 28 to 200
Order=28(0/87)
Order=30(1/87)
Order=32(2/87)
Order=34(3/87)
Order=36(4/87)
Order=38(5/87)
Order=40(6/87)
Order=42(7/87)
Order=44(8/87)
Order=46(9/87)
Order=48(10/87)
Order=50(11/87)
Order=52(12/87)
Order=54(13/87)
Order=56(14/87)
Order=58(15/87)
Order=60(16/87)
Found 4 real poles and 14 conjugate complex pairs.
Final number of poles: 18
Saved figure: WMP_Lib/Re187/540-602_MT2.png
Saved figure: WMP_Lib/Re187/540-602_MT27.png
Saved figure: WMP_Lib/Re187/540-602_MT102.png
Vector fitting piece 37/66...
  energy: 5.715e+02 to 6.361e+02 eV (4919 points)
  error tolerance: rtol=0.001, atol=1e-05
Found 14 peaks
Fitting orders from 28 to 200
Order=28(0/87)
Order=30(1/87)
Order=32(2/87)
Order=34(3/87)
Found ideal results. Stop!
Found 4 real poles and 15 conjugate complex pairs.
Final number of poles: 19
Saved figure: WMP_Lib/Re187/571-636_MT2.png
Saved figure: WMP_Lib/Re187/571-636_MT27.png
Saved figure: WMP_Lib/Re187/571-636_MT102.png
Vector fitting piece 38/66...
  energy: 6.043e+02 to 6.708e+02 eV (6429 points)
  error tolerance: rtol=0.001, atol=1e-05
Found 17 peaks
Fitting orders from 34 to 200
Order=34(0/84)
Order=36(1/84)
Order=38(2/84)
Order=40(3/84)
Order=42(4/84)
Order=44(5/84)
Order=46(6/84)
Order=48(7/84)
Order=50(8/84)
Order=52(9/84)
Order=54(10/84)
Order=56(11/84)
Order=58(12/84)
Order=60(13/84)
Found 4 real poles and 18 conjugate complex pairs.
Final number of poles: 22
Saved figure: WMP_Lib/Re187/604-671_MT2.png
Saved figure: WMP_Lib/Re187/604-671_MT27.png
Saved figure: WMP_Lib/Re187/604-671_MT102.png
Vector fitting piece 39/66...
  energy: 6.382e+02 to 7.063e+02 eV (6097 points)
  error tolerance: rtol=0.001, atol=1e-05
Found 16 peaks
Fitting orders from 32 to 200
Order=32(0/85)
Order=34(1/85)
Order=36(2/85)
Order=38(3/85)
Order=40(4/85)
Found ideal results. Stop!
Found 6 real poles and 17 conjugate complex pairs.
Final number of poles: 23
Saved figure: WMP_Lib/Re187/638-706_MT2.png
Saved figure: WMP_Lib/Re187/638-706_MT27.png
Saved figure: WMP_Lib/Re187/638-706_MT102.png
Vector fitting piece 40/66...
  energy: 6.728e+02 to 7.430e+02 eV (4410 points)
  error tolerance: rtol=0.001, atol=1e-05
Found 11 peaks
Fitting orders from 22 to 200
Order=22(0/90)
Order=24(1/90)
Order=26(2/90)
Order=28(3/90)
Found ideal results. Stop!
Found 4 real poles and 12 conjugate complex pairs.
Final number of poles: 16
Saved figure: WMP_Lib/Re187/673-743_MT2.png
Saved figure: WMP_Lib/Re187/673-743_MT27.png
Saved figure: WMP_Lib/Re187/673-743_MT102.png
Vector fitting piece 41/66...
  energy: 7.084e+02 to 7.802e+02 eV (4645 points)
  error tolerance: rtol=0.001, atol=1e-05
Found 13 peaks
Fitting orders from 26 to 200
Order=26(0/88)
Order=28(1/88)
Order=30(2/88)
Order=32(3/88)
Order=34(4/88)
Order=36(5/88)
Order=38(6/88)
Order=40(7/88)
Order=42(8/88)
Order=44(9/88)
Order=46(10/88)
Order=48(11/88)
Order=50(12/88)
Order=52(13/88)
Order=54(14/88)
Order=56(15/88)
Order=58(16/88)
Order=60(17/88)
Found 4 real poles and 15 conjugate complex pairs.
Final number of poles: 19
Saved figure: WMP_Lib/Re187/708-780_MT2.png
Saved figure: WMP_Lib/Re187/708-780_MT27.png
Saved figure: WMP_Lib/Re187/708-780_MT102.png
Vector fitting piece 42/66...
  energy: 7.450e+02 to 8.185e+02 eV (5238 points)
  error tolerance: rtol=0.001, atol=1e-05
Found 15 peaks
Fitting orders from 30 to 200
Order=30(0/86)
Order=32(1/86)
Order=34(2/86)
Order=36(3/86)
Order=38(4/86)
Order=40(5/86)
Order=42(6/86)
Order=44(7/86)
Order=46(8/86)
Order=48(9/86)
Order=50(10/86)
Order=52(11/86)
Order=54(12/86)
Order=56(13/86)
Order=58(14/86)
Order=60(15/86)
Found 6 real poles and 15 conjugate complex pairs.
Final number of poles: 21
Saved figure: WMP_Lib/Re187/745-819_MT2.png
Saved figure: WMP_Lib/Re187/745-819_MT27.png
Saved figure: WMP_Lib/Re187/745-819_MT102.png
Vector fitting piece 43/66...
  energy: 7.824e+02 to 8.578e+02 eV (5338 points)
  error tolerance: rtol=0.001, atol=1e-05
Found 15 peaks
Fitting orders from 30 to 200
Order=30(0/86)
Order=32(1/86)
Order=34(2/86)
Order=36(3/86)
Found ideal results. Stop!
Found 4 real poles and 16 conjugate complex pairs.
Final number of poles: 20
Saved figure: WMP_Lib/Re187/782-858_MT2.png
Saved figure: WMP_Lib/Re187/782-858_MT27.png
Saved figure: WMP_Lib/Re187/782-858_MT102.png
Vector fitting piece 44/66...
  energy: 8.208e+02 to 8.979e+02 eV (5918 points)
  error tolerance: rtol=0.001, atol=1e-05
Found 17 peaks
Fitting orders from 34 to 200
Order=34(0/84)
Order=36(1/84)
Order=38(2/84)
Order=40(3/84)
Found ideal results. Stop!
Found 6 real poles and 17 conjugate complex pairs.
Final number of poles: 23
Saved figure: WMP_Lib/Re187/821-898_MT2.png
Saved figure: WMP_Lib/Re187/821-898_MT27.png
Saved figure: WMP_Lib/Re187/821-898_MT102.png
Vector fitting piece 45/66...
  energy: 8.600e+02 to 9.390e+02 eV (6176 points)
  error tolerance: rtol=0.001, atol=1e-05
Found 17 peaks
Fitting orders from 34 to 200
Order=34(0/84)
Order=36(1/84)
Order=38(2/84)
Order=40(3/84)
Order=42(4/84)
Order=44(5/84)
Order=46(6/84)
Order=48(7/84)
Order=50(8/84)
Order=52(9/84)
Order=54(10/84)
Order=56(11/84)
Order=58(12/84)
Order=60(13/84)
Found 4 real poles and 17 conjugate complex pairs.
Final number of poles: 21
Saved figure: WMP_Lib/Re187/860-939_MT2.png
Saved figure: WMP_Lib/Re187/860-939_MT27.png
Saved figure: WMP_Lib/Re187/860-939_MT102.png
Vector fitting piece 46/66...
  energy: 9.003e+02 to 9.810e+02 eV (6327 points)
  error tolerance: rtol=0.001, atol=1e-05
Found 18 peaks
Fitting orders from 36 to 200
Order=36(0/83)
Order=38(1/83)
Order=40(2/83)
Order=42(3/83)
Order=44(4/83)
Order=46(5/83)
Order=48(6/83)
Order=50(7/83)
Order=52(8/83)
Order=54(9/83)
Order=56(10/83)
Order=58(11/83)
Order=60(12/83)
Found 2 real poles and 20 conjugate complex pairs.
Final number of poles: 22
Saved figure: WMP_Lib/Re187/900-981_MT2.png
Saved figure: WMP_Lib/Re187/900-981_MT27.png
Saved figure: WMP_Lib/Re187/900-981_MT102.png
Vector fitting piece 47/66...
  energy: 9.414e+02 to 1.024e+03 eV (6298 points)
  error tolerance: rtol=0.001, atol=1e-05
Found 19 peaks
Fitting orders from 38 to 200
Order=38(0/82)
Order=40(1/82)
Order=42(2/82)
Order=44(3/82)
Found ideal results. Stop!
Found 6 real poles and 19 conjugate complex pairs.
Final number of poles: 25
Saved figure: WMP_Lib/Re187/941-1024_MT2.png
Saved figure: WMP_Lib/Re187/941-1024_MT27.png
Saved figure: WMP_Lib/Re187/941-1024_MT102.png
Vector fitting piece 48/66...
  energy: 9.834e+02 to 1.068e+03 eV (5593 points)
  error tolerance: rtol=0.001, atol=1e-05
Found 16 peaks
Fitting orders from 32 to 200
Order=32(0/85)
Order=34(1/85)
Order=36(2/85)
Found ideal results. Stop!
Found 4 real poles and 16 conjugate complex pairs.
Final number of poles: 20
Saved figure: WMP_Lib/Re187/983-1068_MT2.png
Saved figure: WMP_Lib/Re187/983-1068_MT27.png
Saved figure: WMP_Lib/Re187/983-1068_MT102.png
Vector fitting piece 49/66...
  energy: 1.026e+03 to 1.112e+03 eV (4738 points)
  error tolerance: rtol=0.001, atol=1e-05
Found 13 peaks
Fitting orders from 26 to 200
Order=26(0/88)
Order=28(1/88)
Order=30(2/88)
Order=32(3/88)
Order=34(4/88)
Order=36(5/88)
Order=38(6/88)
Order=40(7/88)
Order=42(8/88)
Order=44(9/88)
Order=46(10/88)
Order=48(11/88)
Order=50(12/88)
Order=52(13/88)
Order=54(14/88)
Order=56(15/88)
Order=58(16/88)
Order=60(17/88)
Found 6 real poles and 13 conjugate complex pairs.
Final number of poles: 19
Saved figure: WMP_Lib/Re187/1026-1112_MT2.png
Saved figure: WMP_Lib/Re187/1026-1112_MT27.png
Saved figure: WMP_Lib/Re187/1026-1112_MT102.png
Vector fitting piece 50/66...
  energy: 1.070e+03 to 1.158e+03 eV (5375 points)
  error tolerance: rtol=0.001, atol=1e-05
Found 16 peaks
Fitting orders from 32 to 200
Order=32(0/85)
Order=34(1/85)
Order=36(2/85)
Order=38(3/85)
Order=40(4/85)
Order=42(5/85)
Order=44(6/85)
Order=46(7/85)
Order=48(8/85)
Order=50(9/85)
Order=52(10/85)
Order=54(11/85)
Order=56(12/85)
Order=58(13/85)
Order=60(14/85)
Found 4 real poles and 16 conjugate complex pairs.
Final number of poles: 20
Saved figure: WMP_Lib/Re187/1070-1158_MT2.png
Saved figure: WMP_Lib/Re187/1070-1158_MT27.png
Saved figure: WMP_Lib/Re187/1070-1158_MT102.png
Vector fitting piece 51/66...
  energy: 1.115e+03 to 1.205e+03 eV (4199 points)
  error tolerance: rtol=0.001, atol=1e-05
Found 12 peaks
Fitting orders from 24 to 200
Order=24(0/89)
Order=26(1/89)
Order=28(2/89)
Order=30(3/89)
Order=32(4/89)
Order=34(5/89)
Order=36(6/89)
Order=38(7/89)
Order=40(8/89)
Order=42(9/89)
Order=44(10/89)
Order=46(11/89)
Order=48(12/89)
Order=50(13/89)
Order=52(14/89)
Order=54(15/89)
Order=56(16/89)
Order=58(17/89)
Order=60(18/89)
Found 6 real poles and 13 conjugate complex pairs.
Final number of poles: 19
Saved figure: WMP_Lib/Re187/1115-1205_MT2.png
Saved figure: WMP_Lib/Re187/1115-1205_MT27.png
Saved figure: WMP_Lib/Re187/1115-1205_MT102.png
Vector fitting piece 52/66...
  energy: 1.161e+03 to 1.252e+03 eV (4068 points)
  error tolerance: rtol=0.001, atol=1e-05
Found 13 peaks
Fitting orders from 26 to 200
Order=26(0/88)
Order=28(1/88)
Order=30(2/88)
Order=32(3/88)
Order=34(4/88)
Order=36(5/88)
Order=38(6/88)
Order=40(7/88)
Order=42(8/88)
Order=44(9/88)
Order=46(10/88)
Order=48(11/88)
Order=50(12/88)
Order=52(13/88)
Order=54(14/88)
Order=56(15/88)
Order=58(16/88)
Order=60(17/88)
Found 4 real poles and 13 conjugate complex pairs.
Final number of poles: 17
Saved figure: WMP_Lib/Re187/1161-1252_MT2.png
Saved figure: WMP_Lib/Re187/1161-1252_MT27.png
Saved figure: WMP_Lib/Re187/1161-1252_MT102.png
Vector fitting piece 53/66...
  energy: 1.207e+03 to 1.301e+03 eV (4611 points)
  error tolerance: rtol=0.001, atol=1e-05
Found 14 peaks
Fitting orders from 28 to 200
Order=28(0/87)
Order=30(1/87)
Order=32(2/87)
Order=34(3/87)
Order=36(4/87)
Order=38(5/87)
Order=40(6/87)
Order=42(7/87)
Order=44(8/87)
Order=46(9/87)
Order=48(10/87)
Order=50(11/87)
Order=52(12/87)
Order=54(13/87)
Order=56(14/87)
Order=58(15/87)
Order=60(16/87)
Found 4 real poles and 15 conjugate complex pairs.
Final number of poles: 19
Saved figure: WMP_Lib/Re187/1207-1301_MT2.png
Saved figure: WMP_Lib/Re187/1207-1301_MT27.png
Saved figure: WMP_Lib/Re187/1207-1301_MT102.png
Vector fitting piece 54/66...
  energy: 1.255e+03 to 1.350e+03 eV (5048 points)
  error tolerance: rtol=0.001, atol=1e-05
Found 15 peaks
Fitting orders from 30 to 200
Order=30(0/86)
Order=32(1/86)
Order=34(2/86)
Order=36(3/86)
Order=38(4/86)
Order=40(5/86)
Order=42(6/86)
Order=44(7/86)
Order=46(8/86)
Order=48(9/86)
Order=50(10/86)
Order=52(11/86)
Order=54(12/86)
Order=56(13/86)
Order=58(14/86)
Order=60(15/86)
Found 4 real poles and 17 conjugate complex pairs.
Final number of poles: 21
Saved figure: WMP_Lib/Re187/1255-1350_MT2.png
Saved figure: WMP_Lib/Re187/1255-1350_MT27.png
Saved figure: WMP_Lib/Re187/1255-1350_MT102.png
Vector fitting piece 55/66...
  energy: 1.303e+03 to 1.400e+03 eV (5630 points)
  error tolerance: rtol=0.001, atol=1e-05
Found 17 peaks
Fitting orders from 34 to 200
Order=34(0/84)
Order=36(1/84)
Order=38(2/84)
Order=40(3/84)
Found ideal results. Stop!
Found 6 real poles and 17 conjugate complex pairs.
Final number of poles: 23
Saved figure: WMP_Lib/Re187/1303-1400_MT2.png
Saved figure: WMP_Lib/Re187/1303-1400_MT27.png
Saved figure: WMP_Lib/Re187/1303-1400_MT102.png
Vector fitting piece 56/66...
  energy: 1.353e+03 to 1.452e+03 eV (5203 points)
  error tolerance: rtol=0.001, atol=1e-05
Found 15 peaks
Fitting orders from 30 to 200
Order=30(0/86)
Order=32(1/86)
Order=34(2/86)
Order=36(3/86)
Found ideal results. Stop!
Found 6 real poles and 15 conjugate complex pairs.
Final number of poles: 21
Saved figure: WMP_Lib/Re187/1353-1452_MT2.png
Saved figure: WMP_Lib/Re187/1353-1452_MT27.png
Saved figure: WMP_Lib/Re187/1353-1452_MT102.png
Vector fitting piece 57/66...
  energy: 1.403e+03 to 1.503e+03 eV (5174 points)
  error tolerance: rtol=0.001, atol=1e-05
Found 16 peaks
Fitting orders from 32 to 200
Order=32(0/85)
Order=34(1/85)
Order=36(2/85)
Order=38(3/85)
Order=40(4/85)
Order=42(5/85)
Order=44(6/85)
Order=46(7/85)
Order=48(8/85)
Order=50(9/85)
Order=52(10/85)
Order=54(11/85)
Order=56(12/85)
Order=58(13/85)
Order=60(14/85)
Found 6 real poles and 16 conjugate complex pairs.
Final number of poles: 22
Saved figure: WMP_Lib/Re187/1403-1503_MT2.png
Saved figure: WMP_Lib/Re187/1403-1503_MT27.png
Saved figure: WMP_Lib/Re187/1403-1503_MT102.png
Vector fitting piece 58/66...
  energy: 1.454e+03 to 1.556e+03 eV (5303 points)
  error tolerance: rtol=0.001, atol=1e-05
Found 17 peaks
Fitting orders from 34 to 200
Order=34(0/84)
Order=36(1/84)
Order=38(2/84)
Order=40(3/84)
Order=42(4/84)
Order=44(5/84)
Order=46(6/84)
Order=48(7/84)
Order=50(8/84)
Order=52(9/84)
Order=54(10/84)
Order=56(11/84)
Order=58(12/84)
Order=60(13/84)
Found 2 real poles and 18 conjugate complex pairs.
Final number of poles: 20
Saved figure: WMP_Lib/Re187/1454-1556_MT2.png
Saved figure: WMP_Lib/Re187/1454-1556_MT27.png
Saved figure: WMP_Lib/Re187/1454-1556_MT102.png
Vector fitting piece 59/66...
  energy: 1.506e+03 to 1.610e+03 eV (4800 points)
  error tolerance: rtol=0.001, atol=1e-05
Found 16 peaks
Fitting orders from 32 to 200
Order=32(0/85)
Order=34(1/85)
Order=36(2/85)
Order=38(3/85)
Order=40(4/85)
Order=42(5/85)
Order=44(6/85)
Order=46(7/85)
Order=48(8/85)
Order=50(9/85)
Order=52(10/85)
Order=54(11/85)
Order=56(12/85)
Order=58(13/85)
Order=60(14/85)
Found 6 real poles and 16 conjugate complex pairs.
Final number of poles: 22
Saved figure: WMP_Lib/Re187/1506-1610_MT2.png
Saved figure: WMP_Lib/Re187/1506-1610_MT27.png
Saved figure: WMP_Lib/Re187/1506-1610_MT102.png
Vector fitting piece 60/66...
  energy: 1.559e+03 to 1.665e+03 eV (4041 points)
  error tolerance: rtol=0.001, atol=1e-05
Found 13 peaks
Fitting orders from 26 to 200
Order=26(0/88)
Order=28(1/88)
Order=30(2/88)
Order=32(3/88)
Order=34(4/88)
Order=36(5/88)
Order=38(6/88)
Order=40(7/88)
Order=42(8/88)
Order=44(9/88)
Order=46(10/88)
Order=48(11/88)
Order=50(12/88)
Order=52(13/88)
Order=54(14/88)
Order=56(15/88)
Order=58(16/88)
Order=60(17/88)
Found 4 real poles and 14 conjugate complex pairs.
Final number of poles: 18
Saved figure: WMP_Lib/Re187/1559-1665_MT2.png
Saved figure: WMP_Lib/Re187/1559-1665_MT27.png
Saved figure: WMP_Lib/Re187/1559-1665_MT102.png
Vector fitting piece 61/66...
  energy: 1.613e+03 to 1.721e+03 eV (3760 points)
  error tolerance: rtol=0.001, atol=1e-05
Found 12 peaks
Fitting orders from 24 to 200
Order=24(0/89)
Order=26(1/89)
Order=28(2/89)
Order=30(3/89)
Order=32(4/89)
Order=34(5/89)
Order=36(6/89)
Order=38(7/89)
Order=40(8/89)
Order=42(9/89)
Order=44(10/89)
Order=46(11/89)
Order=48(12/89)
Order=50(13/89)
Order=52(14/89)
Order=54(15/89)
Order=56(16/89)
Order=58(17/89)
Order=60(18/89)
Found 4 real poles and 12 conjugate complex pairs.
Final number of poles: 16
Saved figure: WMP_Lib/Re187/1613-1721_MT2.png
Saved figure: WMP_Lib/Re187/1613-1721_MT27.png
Saved figure: WMP_Lib/Re187/1613-1721_MT102.png
Vector fitting piece 62/66...
  energy: 1.668e+03 to 1.778e+03 eV (4387 points)
  error tolerance: rtol=0.001, atol=1e-05
Found 14 peaks
Fitting orders from 28 to 200
Order=28(0/87)
Order=30(1/87)
Order=32(2/87)
Order=34(3/87)
Order=36(4/87)
Order=38(5/87)
Order=40(6/87)
Order=42(7/87)
Order=44(8/87)
Order=46(9/87)
Order=48(10/87)
Order=50(11/87)
Order=52(12/87)
Order=54(13/87)
Order=56(14/87)
Order=58(15/87)
Order=60(16/87)
Found 2 real poles and 16 conjugate complex pairs.
Final number of poles: 18
Saved figure: WMP_Lib/Re187/1668-1778_MT2.png
Saved figure: WMP_Lib/Re187/1668-1778_MT27.png
Saved figure: WMP_Lib/Re187/1668-1778_MT102.png
Vector fitting piece 63/66...
  energy: 1.724e+03 to 1.835e+03 eV (4721 points)
  error tolerance: rtol=0.001, atol=1e-05
Found 15 peaks
Fitting orders from 30 to 200
Order=30(0/86)
Order=32(1/86)
Order=34(2/86)
Order=36(3/86)
Order=38(4/86)
Order=40(5/86)
Order=42(6/86)
Order=44(7/86)
Order=46(8/86)
Order=48(9/86)
Order=50(10/86)
Order=52(11/86)
Order=54(12/86)
Order=56(13/86)
Order=58(14/86)
Order=60(15/86)
Found 4 real poles and 16 conjugate complex pairs.
Final number of poles: 20
Saved figure: WMP_Lib/Re187/1724-1835_MT2.png
Saved figure: WMP_Lib/Re187/1724-1835_MT27.png
Saved figure: WMP_Lib/Re187/1724-1835_MT102.png
Vector fitting piece 64/66...
  energy: 1.781e+03 to 1.894e+03 eV (4476 points)
  error tolerance: rtol=0.001, atol=1e-05
Found 14 peaks
Fitting orders from 28 to 200
Order=28(0/87)
Order=30(1/87)
Order=32(2/87)
Order=34(3/87)
Order=36(4/87)
Order=38(5/87)
Order=40(6/87)
Order=42(7/87)
Order=44(8/87)
Order=46(9/87)
Order=48(10/87)
Order=50(11/87)
Order=52(12/87)
Order=54(13/87)
Order=56(14/87)
Order=58(15/87)
Order=60(16/87)
Found 2 real poles and 15 conjugate complex pairs.
Final number of poles: 17
Saved figure: WMP_Lib/Re187/1781-1894_MT2.png
Saved figure: WMP_Lib/Re187/1781-1894_MT27.png
Saved figure: WMP_Lib/Re187/1781-1894_MT102.png
Vector fitting piece 65/66...
  energy: 1.839e+03 to 1.953e+03 eV (4578 points)
  error tolerance: rtol=0.001, atol=1e-05
Found 15 peaks
Fitting orders from 30 to 200
Order=30(0/86)
Order=32(1/86)
Order=34(2/86)
Order=36(3/86)
Order=38(4/86)
Order=40(5/86)
Order=42(6/86)
Order=44(7/86)
Order=46(8/86)
Order=48(9/86)
Order=50(10/86)
Order=52(11/86)
Order=54(12/86)
Order=56(13/86)
Order=58(14/86)
Order=60(15/86)
Found 6 real poles and 15 conjugate complex pairs.
Final number of poles: 21
Saved figure: WMP_Lib/Re187/1839-1953_MT2.png
Saved figure: WMP_Lib/Re187/1839-1953_MT27.png
Saved figure: WMP_Lib/Re187/1839-1953_MT102.png
Vector fitting piece 66/66...
  energy: 1.897e+03 to 2.000e+03 eV (4434 points)
  error tolerance: rtol=0.001, atol=1e-05
Found 15 peaks
Fitting orders from 30 to 200
Order=30(0/86)
Order=32(1/86)
Order=34(2/86)
Order=36(3/86)
Order=38(4/86)
Order=40(5/86)
Order=42(6/86)
Order=44(7/86)
Order=46(8/86)
Order=48(9/86)
Order=50(10/86)
Order=52(11/86)
Order=54(12/86)
Order=56(13/86)
Order=58(14/86)
Order=60(15/86)
Found 4 real poles and 16 conjugate complex pairs.
Final number of poles: 20
Saved figure: WMP_Lib/Re187/1897-2000_MT2.png
Saved figure: WMP_Lib/Re187/1897-2000_MT27.png
Saved figure: WMP_Lib/Re187/1897-2000_MT102.png
Dumped multipole data to file: WMP_Lib/Re187/Re187_mp.pickle
Start searching ...
Testing N_win=51 N_cf=10
Failed: Window spacing cannot be larger than piece spacing.
Testing N_win=153 N_cf=10
Windowing:
  config: # windows=153, spacing=0.2922757260914663, CF order=10
  error tolerance: rtol=0.001, atol=1e-05
Best library so far.
Testing N_win=153 N_cf=9
Windowing:
  config: # windows=153, spacing=0.2922757260914663, CF order=9
  error tolerance: rtol=0.001, atol=1e-05
Best library so far.
Testing N_win=153 N_cf=8
Windowing:
  config: # windows=153, spacing=0.2922757260914663, CF order=8
  error tolerance: rtol=0.001, atol=1e-05
Best library so far.
Testing N_win=153 N_cf=7
Windowing:
  config: # windows=153, spacing=0.2922757260914663, CF order=7
  error tolerance: rtol=0.001, atol=1e-05
Best library so far.
Testing N_win=153 N_cf=6
Windowing:
  config: # windows=153, spacing=0.2922757260914663, CF order=6
  error tolerance: rtol=0.001, atol=1e-05
Best library so far.
Testing N_win=153 N_cf=5
Windowing:
  config: # windows=153, spacing=0.2922757260914663, CF order=5
  error tolerance: rtol=0.001, atol=1e-05
Best library so far.
Testing N_win=153 N_cf=4
Windowing:
  config: # windows=153, spacing=0.2922757260914663, CF order=4
  error tolerance: rtol=0.001, atol=1e-05
Best library so far.
Testing N_win=153 N_cf=3
Windowing:
  config: # windows=153, spacing=0.2922757260914663, CF order=3
  error tolerance: rtol=0.001, atol=1e-05
Failed: Pure curvefit failed for the first window!
Testing N_win=256 N_cf=10
Windowing:
  config: # windows=256, spacing=0.1746804144218529, CF order=10
  error tolerance: rtol=0.001, atol=1e-05
Best library so far.
Testing N_win=256 N_cf=9
Windowing:
  config: # windows=256, spacing=0.1746804144218529, CF order=9
  error tolerance: rtol=0.001, atol=1e-05
Best library so far.
Testing N_win=256 N_cf=8
Windowing:
  config: # windows=256, spacing=0.1746804144218529, CF order=8
  error tolerance: rtol=0.001, atol=1e-05
Best library so far.
Testing N_win=256 N_cf=7
Windowing:
  config: # windows=256, spacing=0.1746804144218529, CF order=7
  error tolerance: rtol=0.001, atol=1e-05
Best library so far.
Testing N_win=256 N_cf=6
Windowing:
  config: # windows=256, spacing=0.1746804144218529, CF order=6
  error tolerance: rtol=0.001, atol=1e-05
Best library so far.
Testing N_win=256 N_cf=5
Windowing:
  config: # windows=256, spacing=0.1746804144218529, CF order=5
  error tolerance: rtol=0.001, atol=1e-05
Best library so far.
Testing N_win=256 N_cf=4
Windowing:
  config: # windows=256, spacing=0.1746804144218529, CF order=4
  error tolerance: rtol=0.001, atol=1e-05
Best library so far.
Testing N_win=256 N_cf=3
Windowing:
  config: # windows=256, spacing=0.1746804144218529, CF order=3
  error tolerance: rtol=0.001, atol=1e-05
Testing N_win=256 N_cf=2
Windowing:
  config: # windows=256, spacing=0.1746804144218529, CF order=2
  error tolerance: rtol=0.001, atol=1e-05
Failed: Pure curvefit failed for the first window!
Testing N_win=358 N_cf=10
Windowing:
  config: # windows=358, spacing=0.12491113433517972, CF order=10
  error tolerance: rtol=0.001, atol=1e-05
Testing N_win=358 N_cf=9
Windowing:
  config: # windows=358, spacing=0.12491113433517972, CF order=9
  error tolerance: rtol=0.001, atol=1e-05
Testing N_win=358 N_cf=8
Windowing:
  config: # windows=358, spacing=0.12491113433517972, CF order=8
  error tolerance: rtol=0.001, atol=1e-05
Best library so far.
Testing N_win=358 N_cf=7
Windowing:
  config: # windows=358, spacing=0.12491113433517972, CF order=7
  error tolerance: rtol=0.001, atol=1e-05
Best library so far.
Testing N_win=358 N_cf=6
Windowing:
  config: # windows=358, spacing=0.12491113433517972, CF order=6
  error tolerance: rtol=0.001, atol=1e-05
Best library so far.
Testing N_win=358 N_cf=5
Windowing:
  config: # windows=358, spacing=0.12491113433517972, CF order=5
  error tolerance: rtol=0.001, atol=1e-05
Best library so far.
Testing N_win=358 N_cf=4
Windowing:
  config: # windows=358, spacing=0.12491113433517972, CF order=4
  error tolerance: rtol=0.001, atol=1e-05
Best library so far.
Testing N_win=358 N_cf=3
Windowing:
  config: # windows=358, spacing=0.12491113433517972, CF order=3
  error tolerance: rtol=0.001, atol=1e-05
Testing N_win=358 N_cf=2
Windowing:
  config: # windows=358, spacing=0.12491113433517972, CF order=2
  error tolerance: rtol=0.001, atol=1e-05
Failed: Pure curvefit failed for the first window!
Testing N_win=461 N_cf=10
Windowing:
  config: # windows=461, spacing=0.09700257286766668, CF order=10
  error tolerance: rtol=0.001, atol=1e-05
Testing N_win=461 N_cf=9
Windowing:
  config: # windows=461, spacing=0.09700257286766668, CF order=9
  error tolerance: rtol=0.001, atol=1e-05
Testing N_win=461 N_cf=8
Windowing:
  config: # windows=461, spacing=0.09700257286766668, CF order=8
  error tolerance: rtol=0.001, atol=1e-05
Testing N_win=461 N_cf=7
Windowing:
  config: # windows=461, spacing=0.09700257286766668, CF order=7
  error tolerance: rtol=0.001, atol=1e-05
Testing N_win=461 N_cf=6
Windowing:
  config: # windows=461, spacing=0.09700257286766668, CF order=6
  error tolerance: rtol=0.001, atol=1e-05
Best library so far.
Testing N_win=461 N_cf=5
Windowing:
  config: # windows=461, spacing=0.09700257286766668, CF order=5
  error tolerance: rtol=0.001, atol=1e-05
Best library so far.
Testing N_win=461 N_cf=4
Windowing:
  config: # windows=461, spacing=0.09700257286766668, CF order=4
  error tolerance: rtol=0.001, atol=1e-05
Best library so far.
Testing N_win=461 N_cf=3
Windowing:
  config: # windows=461, spacing=0.09700257286766668, CF order=3
  error tolerance: rtol=0.001, atol=1e-05
Testing N_win=461 N_cf=2
Windowing:
  config: # windows=461, spacing=0.09700257286766668, CF order=2
  error tolerance: rtol=0.001, atol=1e-05
Failed: Pure curvefit failed for the first window!
Testing N_win=563 N_cf=10
Windowing:
  config: # windows=563, spacing=0.07942839447956367, CF order=10
  error tolerance: rtol=0.001, atol=1e-05
Testing N_win=563 N_cf=9
Windowing:
  config: # windows=563, spacing=0.07942839447956367, CF order=9
  error tolerance: rtol=0.001, atol=1e-05
Testing N_win=563 N_cf=8
Windowing:
  config: # windows=563, spacing=0.07942839447956367, CF order=8
  error tolerance: rtol=0.001, atol=1e-05
Testing N_win=563 N_cf=7
Windowing:
  config: # windows=563, spacing=0.07942839447956367, CF order=7
  error tolerance: rtol=0.001, atol=1e-05
Testing N_win=563 N_cf=6
Windowing:
  config: # windows=563, spacing=0.07942839447956367, CF order=6
  error tolerance: rtol=0.001, atol=1e-05
Testing N_win=563 N_cf=5
Windowing:
  config: # windows=563, spacing=0.07942839447956367, CF order=5
  error tolerance: rtol=0.001, atol=1e-05
Testing N_win=563 N_cf=4
Windowing:
  config: # windows=563, spacing=0.07942839447956367, CF order=4
  error tolerance: rtol=0.001, atol=1e-05
Best library so far.
Testing N_win=563 N_cf=3
Windowing:
  config: # windows=563, spacing=0.07942839447956367, CF order=3
  error tolerance: rtol=0.001, atol=1e-05
Testing N_win=563 N_cf=2
Windowing:
  config: # windows=563, spacing=0.07942839447956367, CF order=2
  error tolerance: rtol=0.001, atol=1e-05
Failed: Pure curvefit failed for the first window!
Testing N_win=666 N_cf=10
Windowing:
  config: # windows=666, spacing=0.06714442356155306, CF order=10
  error tolerance: rtol=0.001, atol=1e-05
Testing N_win=666 N_cf=9
Windowing:
  config: # windows=666, spacing=0.06714442356155306, CF order=9
  error tolerance: rtol=0.001, atol=1e-05
Testing N_win=666 N_cf=8
Windowing:
  config: # windows=666, spacing=0.06714442356155306, CF order=8
  error tolerance: rtol=0.001, atol=1e-05
Testing N_win=666 N_cf=7
Windowing:
  config: # windows=666, spacing=0.06714442356155306, CF order=7
  error tolerance: rtol=0.001, atol=1e-05
Testing N_win=666 N_cf=6
Windowing:
  config: # windows=666, spacing=0.06714442356155306, CF order=6
  error tolerance: rtol=0.001, atol=1e-05
Testing N_win=666 N_cf=5
Windowing:
  config: # windows=666, spacing=0.06714442356155306, CF order=5
  error tolerance: rtol=0.001, atol=1e-05
Testing N_win=666 N_cf=4
Windowing:
  config: # windows=666, spacing=0.06714442356155306, CF order=4
  error tolerance: rtol=0.001, atol=1e-05
Best library so far.
Testing N_win=666 N_cf=3
Windowing:
  config: # windows=666, spacing=0.06714442356155306, CF order=3
  error tolerance: rtol=0.001, atol=1e-05
Testing N_win=666 N_cf=2
Windowing:
  config: # windows=666, spacing=0.06714442356155306, CF order=2
  error tolerance: rtol=0.001, atol=1e-05
Failed: Pure curvefit failed for the first window!
Testing N_win=769 N_cf=10
Windowing:
  config: # windows=769, spacing=0.05815108724576637, CF order=10
  error tolerance: rtol=0.001, atol=1e-05
Testing N_win=769 N_cf=9
Windowing:
  config: # windows=769, spacing=0.05815108724576637, CF order=9
  error tolerance: rtol=0.001, atol=1e-05
Testing N_win=769 N_cf=8
Windowing:
  config: # windows=769, spacing=0.05815108724576637, CF order=8
  error tolerance: rtol=0.001, atol=1e-05
Testing N_win=769 N_cf=7
Windowing:
  config: # windows=769, spacing=0.05815108724576637, CF order=7
  error tolerance: rtol=0.001, atol=1e-05
Testing N_win=769 N_cf=6
Windowing:
  config: # windows=769, spacing=0.05815108724576637, CF order=6
  error tolerance: rtol=0.001, atol=1e-05
Testing N_win=769 N_cf=5
Windowing:
  config: # windows=769, spacing=0.05815108724576637, CF order=5
  error tolerance: rtol=0.001, atol=1e-05
Testing N_win=769 N_cf=4
Windowing:
  config: # windows=769, spacing=0.05815108724576637, CF order=4
  error tolerance: rtol=0.001, atol=1e-05
Best library so far.
Testing N_win=769 N_cf=3
Windowing:
  config: # windows=769, spacing=0.05815108724576637, CF order=3
  error tolerance: rtol=0.001, atol=1e-05
Testing N_win=769 N_cf=2
Windowing:
  config: # windows=769, spacing=0.05815108724576637, CF order=2
  error tolerance: rtol=0.001, atol=1e-05
Failed: Pure curvefit failed for the first window!
Testing N_win=871 N_cf=10
Windowing:
  config: # windows=871, spacing=0.05134120102410372, CF order=10
  error tolerance: rtol=0.001, atol=1e-05
Testing N_win=871 N_cf=9
Windowing:
  config: # windows=871, spacing=0.05134120102410372, CF order=9
  error tolerance: rtol=0.001, atol=1e-05
Testing N_win=871 N_cf=8
Windowing:
  config: # windows=871, spacing=0.05134120102410372, CF order=8
  error tolerance: rtol=0.001, atol=1e-05
Testing N_win=871 N_cf=7
Windowing:
  config: # windows=871, spacing=0.05134120102410372, CF order=7
  error tolerance: rtol=0.001, atol=1e-05
Testing N_win=871 N_cf=6
Windowing:
  config: # windows=871, spacing=0.05134120102410372, CF order=6
  error tolerance: rtol=0.001, atol=1e-05
Testing N_win=871 N_cf=5
Windowing:
  config: # windows=871, spacing=0.05134120102410372, CF order=5
  error tolerance: rtol=0.001, atol=1e-05
Testing N_win=871 N_cf=4
Windowing:
  config: # windows=871, spacing=0.05134120102410372, CF order=4
  error tolerance: rtol=0.001, atol=1e-05
Testing N_win=871 N_cf=3
Windowing:
  config: # windows=871, spacing=0.05134120102410372, CF order=3
  error tolerance: rtol=0.001, atol=1e-05
Testing N_win=871 N_cf=2
Windowing:
  config: # windows=871, spacing=0.05134120102410372, CF order=2
  error tolerance: rtol=0.001, atol=1e-05
Failed: Pure curvefit failed for the first window!
Testing N_win=974 N_cf=10
Windowing:
  config: # windows=974, spacing=0.045911895371657435, CF order=10
  error tolerance: rtol=0.001, atol=1e-05
Testing N_win=974 N_cf=9
Windowing:
  config: # windows=974, spacing=0.045911895371657435, CF order=9
  error tolerance: rtol=0.001, atol=1e-05
Testing N_win=974 N_cf=8
Windowing:
  config: # windows=974, spacing=0.045911895371657435, CF order=8
  error tolerance: rtol=0.001, atol=1e-05
Testing N_win=974 N_cf=7
Windowing:
  config: # windows=974, spacing=0.045911895371657435, CF order=7
  error tolerance: rtol=0.001, atol=1e-05
Testing N_win=974 N_cf=6
Windowing:
  config: # windows=974, spacing=0.045911895371657435, CF order=6
  error tolerance: rtol=0.001, atol=1e-05
Testing N_win=974 N_cf=5
Windowing:
  config: # windows=974, spacing=0.045911895371657435, CF order=5
  error tolerance: rtol=0.001, atol=1e-05
Testing N_win=974 N_cf=4
Windowing:
  config: # windows=974, spacing=0.045911895371657435, CF order=4
  error tolerance: rtol=0.001, atol=1e-05
Testing N_win=974 N_cf=3
Windowing:
  config: # windows=974, spacing=0.045911895371657435, CF order=3
  error tolerance: rtol=0.001, atol=1e-05
Testing N_win=974 N_cf=2
Windowing:
  config: # windows=974, spacing=0.045911895371657435, CF order=2
  error tolerance: rtol=0.001, atol=1e-05
Failed: Pure curvefit failed for the first window!
Testing N_win=1076 N_cf=10
Windowing:
  config: # windows=1076, spacing=0.04155965250185348, CF order=10
  error tolerance: rtol=0.001, atol=1e-05
Testing N_win=1076 N_cf=9
Windowing:
  config: # windows=1076, spacing=0.04155965250185348, CF order=9
  error tolerance: rtol=0.001, atol=1e-05
Testing N_win=1076 N_cf=8
Windowing:
  config: # windows=1076, spacing=0.04155965250185348, CF order=8
  error tolerance: rtol=0.001, atol=1e-05
Testing N_win=1076 N_cf=7
Windowing:
  config: # windows=1076, spacing=0.04155965250185348, CF order=7
  error tolerance: rtol=0.001, atol=1e-05
Testing N_win=1076 N_cf=6
Windowing:
  config: # windows=1076, spacing=0.04155965250185348, CF order=6
  error tolerance: rtol=0.001, atol=1e-05
Testing N_win=1076 N_cf=5
Windowing:
  config: # windows=1076, spacing=0.04155965250185348, CF order=5
  error tolerance: rtol=0.001, atol=1e-05
Testing N_win=1076 N_cf=4
Windowing:
  config: # windows=1076, spacing=0.04155965250185348, CF order=4
  error tolerance: rtol=0.001, atol=1e-05
Testing N_win=1076 N_cf=3
Windowing:
  config: # windows=1076, spacing=0.04155965250185348, CF order=3
  error tolerance: rtol=0.001, atol=1e-05
Testing N_win=1076 N_cf=2
Windowing:
  config: # windows=1076, spacing=0.04155965250185348, CF order=2
  error tolerance: rtol=0.001, atol=1e-05
Failed: Pure curvefit failed for the first window!
Testing N_win=1179 N_cf=10
Windowing:
  config: # windows=1179, spacing=0.037928911019503256, CF order=10
  error tolerance: rtol=0.001, atol=1e-05
Testing N_win=1179 N_cf=9
Windowing:
  config: # windows=1179, spacing=0.037928911019503256, CF order=9
  error tolerance: rtol=0.001, atol=1e-05
Testing N_win=1179 N_cf=8
Windowing:
  config: # windows=1179, spacing=0.037928911019503256, CF order=8
  error tolerance: rtol=0.001, atol=1e-05
Testing N_win=1179 N_cf=7
Windowing:
  config: # windows=1179, spacing=0.037928911019503256, CF order=7
  error tolerance: rtol=0.001, atol=1e-05
Testing N_win=1179 N_cf=6
Windowing:
  config: # windows=1179, spacing=0.037928911019503256, CF order=6
  error tolerance: rtol=0.001, atol=1e-05
Testing N_win=1179 N_cf=5
Windowing:
  config: # windows=1179, spacing=0.037928911019503256, CF order=5
  error tolerance: rtol=0.001, atol=1e-05
Testing N_win=1179 N_cf=4
Windowing:
  config: # windows=1179, spacing=0.037928911019503256, CF order=4
  error tolerance: rtol=0.001, atol=1e-05
Testing N_win=1179 N_cf=3
Windowing:
  config: # windows=1179, spacing=0.037928911019503256, CF order=3
  error tolerance: rtol=0.001, atol=1e-05
Testing N_win=1179 N_cf=2
Windowing:
  config: # windows=1179, spacing=0.037928911019503256, CF order=2
  error tolerance: rtol=0.001, atol=1e-05
Failed: Pure curvefit failed for the first window!
Testing N_win=1281 N_cf=10
Windowing:
  config: # windows=1281, spacing=0.03490881037626412, CF order=10
  error tolerance: rtol=0.001, atol=1e-05
Testing N_win=1281 N_cf=9
Windowing:
  config: # windows=1281, spacing=0.03490881037626412, CF order=9
  error tolerance: rtol=0.001, atol=1e-05
Testing N_win=1281 N_cf=8
Windowing:
  config: # windows=1281, spacing=0.03490881037626412, CF order=8
  error tolerance: rtol=0.001, atol=1e-05
Testing N_win=1281 N_cf=7
Windowing:
  config: # windows=1281, spacing=0.03490881037626412, CF order=7
  error tolerance: rtol=0.001, atol=1e-05
Testing N_win=1281 N_cf=6
Windowing:
  config: # windows=1281, spacing=0.03490881037626412, CF order=6
  error tolerance: rtol=0.001, atol=1e-05
Testing N_win=1281 N_cf=5
Windowing:
  config: # windows=1281, spacing=0.03490881037626412, CF order=5
  error tolerance: rtol=0.001, atol=1e-05
Testing N_win=1281 N_cf=4
Windowing:
  config: # windows=1281, spacing=0.03490881037626412, CF order=4
  error tolerance: rtol=0.001, atol=1e-05
Testing N_win=1281 N_cf=3
Windowing:
  config: # windows=1281, spacing=0.03490881037626412, CF order=3
  error tolerance: rtol=0.001, atol=1e-05
Testing N_win=1281 N_cf=2
Windowing:
  config: # windows=1281, spacing=0.03490881037626412, CF order=2
  error tolerance: rtol=0.001, atol=1e-05
Failed: Pure curvefit failed for the first window!
Testing N_win=1384 N_cf=10
Windowing:
  config: # windows=1384, spacing=0.03231082810115198, CF order=10
  error tolerance: rtol=0.001, atol=1e-05
Testing N_win=1384 N_cf=9
Windowing:
  config: # windows=1384, spacing=0.03231082810115198, CF order=9
  error tolerance: rtol=0.001, atol=1e-05
Testing N_win=1384 N_cf=8
Windowing:
  config: # windows=1384, spacing=0.03231082810115198, CF order=8
  error tolerance: rtol=0.001, atol=1e-05
Testing N_win=1384 N_cf=7
Windowing:
  config: # windows=1384, spacing=0.03231082810115198, CF order=7
  error tolerance: rtol=0.001, atol=1e-05
Testing N_win=1384 N_cf=6
Windowing:
  config: # windows=1384, spacing=0.03231082810115198, CF order=6
  error tolerance: rtol=0.001, atol=1e-05
Testing N_win=1384 N_cf=5
Windowing:
  config: # windows=1384, spacing=0.03231082810115198, CF order=5
  error tolerance: rtol=0.001, atol=1e-05
Testing N_win=1384 N_cf=4
Windowing:
  config: # windows=1384, spacing=0.03231082810115198, CF order=4
  error tolerance: rtol=0.001, atol=1e-05
Testing N_win=1384 N_cf=3
Windowing:
  config: # windows=1384, spacing=0.03231082810115198, CF order=3
  error tolerance: rtol=0.001, atol=1e-05
Testing N_win=1384 N_cf=2
Windowing:
  config: # windows=1384, spacing=0.03231082810115198, CF order=2
  error tolerance: rtol=0.001, atol=1e-05
Failed: Pure curvefit failed for the first window!
Testing N_win=1487 N_cf=10
Windowing:
  config: # windows=1487, spacing=0.030072754601206685, CF order=10
  error tolerance: rtol=0.001, atol=1e-05
Testing N_win=1487 N_cf=9
Windowing:
  config: # windows=1487, spacing=0.030072754601206685, CF order=9
  error tolerance: rtol=0.001, atol=1e-05
Testing N_win=1487 N_cf=8
Windowing:
  config: # windows=1487, spacing=0.030072754601206685, CF order=8
  error tolerance: rtol=0.001, atol=1e-05
Testing N_win=1487 N_cf=7
Windowing:
  config: # windows=1487, spacing=0.030072754601206685, CF order=7
  error tolerance: rtol=0.001, atol=1e-05
Testing N_win=1487 N_cf=6
Windowing:
  config: # windows=1487, spacing=0.030072754601206685, CF order=6
  error tolerance: rtol=0.001, atol=1e-05
Testing N_win=1487 N_cf=5
Windowing:
  config: # windows=1487, spacing=0.030072754601206685, CF order=5
  error tolerance: rtol=0.001, atol=1e-05
Testing N_win=1487 N_cf=4
Windowing:
  config: # windows=1487, spacing=0.030072754601206685, CF order=4
  error tolerance: rtol=0.001, atol=1e-05
Testing N_win=1487 N_cf=3
Windowing:
  config: # windows=1487, spacing=0.030072754601206685, CF order=3
  error tolerance: rtol=0.001, atol=1e-05
Testing N_win=1487 N_cf=2
Windowing:
  config: # windows=1487, spacing=0.030072754601206685, CF order=2
  error tolerance: rtol=0.001, atol=1e-05
Failed: Pure curvefit failed for the first window!
Testing N_win=1589 N_cf=10
Windowing:
  config: # windows=1589, spacing=0.02814234492888253, CF order=10
  error tolerance: rtol=0.001, atol=1e-05
Testing N_win=1589 N_cf=9
Windowing:
  config: # windows=1589, spacing=0.02814234492888253, CF order=9
  error tolerance: rtol=0.001, atol=1e-05
Testing N_win=1589 N_cf=8
Windowing:
  config: # windows=1589, spacing=0.02814234492888253, CF order=8
  error tolerance: rtol=0.001, atol=1e-05
Testing N_win=1589 N_cf=7
Windowing:
  config: # windows=1589, spacing=0.02814234492888253, CF order=7
  error tolerance: rtol=0.001, atol=1e-05
Testing N_win=1589 N_cf=6
Windowing:
  config: # windows=1589, spacing=0.02814234492888253, CF order=6
  error tolerance: rtol=0.001, atol=1e-05
Testing N_win=1589 N_cf=5
Windowing:
  config: # windows=1589, spacing=0.02814234492888253, CF order=5
  error tolerance: rtol=0.001, atol=1e-05
Testing N_win=1589 N_cf=4
Windowing:
  config: # windows=1589, spacing=0.02814234492888253, CF order=4
  error tolerance: rtol=0.001, atol=1e-05
Testing N_win=1589 N_cf=3
Windowing:
  config: # windows=1589, spacing=0.02814234492888253, CF order=3
  error tolerance: rtol=0.001, atol=1e-05
Testing N_win=1589 N_cf=2
Windowing:
  config: # windows=1589, spacing=0.02814234492888253, CF order=2
  error tolerance: rtol=0.001, atol=1e-05
Failed: Pure curvefit failed for the first window!
Testing N_win=1692 N_cf=10
Windowing:
  config: # windows=1692, spacing=0.026429187997632587, CF order=10
  error tolerance: rtol=0.001, atol=1e-05
Testing N_win=1692 N_cf=9
Windowing:
  config: # windows=1692, spacing=0.026429187997632587, CF order=9
  error tolerance: rtol=0.001, atol=1e-05
Testing N_win=1692 N_cf=8
Windowing:
  config: # windows=1692, spacing=0.026429187997632587, CF order=8
  error tolerance: rtol=0.001, atol=1e-05
Testing N_win=1692 N_cf=7
Windowing:
  config: # windows=1692, spacing=0.026429187997632587, CF order=7
  error tolerance: rtol=0.001, atol=1e-05
Testing N_win=1692 N_cf=6
Windowing:
  config: # windows=1692, spacing=0.026429187997632587, CF order=6
  error tolerance: rtol=0.001, atol=1e-05
Testing N_win=1692 N_cf=5
Windowing:
  config: # windows=1692, spacing=0.026429187997632587, CF order=5
  error tolerance: rtol=0.001, atol=1e-05
Testing N_win=1692 N_cf=4
Windowing:
  config: # windows=1692, spacing=0.026429187997632587, CF order=4
  error tolerance: rtol=0.001, atol=1e-05
Testing N_win=1692 N_cf=3
Windowing:
  config: # windows=1692, spacing=0.026429187997632587, CF order=3
  error tolerance: rtol=0.001, atol=1e-05
Testing N_win=1692 N_cf=2
Windowing:
  config: # windows=1692, spacing=0.026429187997632587, CF order=2
  error tolerance: rtol=0.001, atol=1e-05
Failed: Pure curvefit failed for the first window!
Testing N_win=1794 N_cf=10
Windowing:
  config: # windows=1794, spacing=0.024926525134890937, CF order=10
  error tolerance: rtol=0.001, atol=1e-05
Testing N_win=1794 N_cf=9
Windowing:
  config: # windows=1794, spacing=0.024926525134890937, CF order=9
  error tolerance: rtol=0.001, atol=1e-05
Testing N_win=1794 N_cf=8
Windowing:
  config: # windows=1794, spacing=0.024926525134890937, CF order=8
  error tolerance: rtol=0.001, atol=1e-05
Testing N_win=1794 N_cf=7
Windowing:
  config: # windows=1794, spacing=0.024926525134890937, CF order=7
  error tolerance: rtol=0.001, atol=1e-05
Testing N_win=1794 N_cf=6
Windowing:
  config: # windows=1794, spacing=0.024926525134890937, CF order=6
  error tolerance: rtol=0.001, atol=1e-05
Testing N_win=1794 N_cf=5
Windowing:
  config: # windows=1794, spacing=0.024926525134890937, CF order=5
  error tolerance: rtol=0.001, atol=1e-05
Testing N_win=1794 N_cf=4
Windowing:
  config: # windows=1794, spacing=0.024926525134890937, CF order=4
  error tolerance: rtol=0.001, atol=1e-05
Testing N_win=1794 N_cf=3
Windowing:
  config: # windows=1794, spacing=0.024926525134890937, CF order=3
  error tolerance: rtol=0.001, atol=1e-05
Testing N_win=1794 N_cf=2
Windowing:
  config: # windows=1794, spacing=0.024926525134890937, CF order=2
  error tolerance: rtol=0.001, atol=1e-05
Failed: Pure curvefit failed for the first window!
Testing N_win=1897 N_cf=10
Windowing:
  config: # windows=1897, spacing=0.023573108113861013, CF order=10
  error tolerance: rtol=0.001, atol=1e-05
Testing N_win=1897 N_cf=9
Windowing:
  config: # windows=1897, spacing=0.023573108113861013, CF order=9
  error tolerance: rtol=0.001, atol=1e-05
Testing N_win=1897 N_cf=8
Windowing:
  config: # windows=1897, spacing=0.023573108113861013, CF order=8
  error tolerance: rtol=0.001, atol=1e-05
Testing N_win=1897 N_cf=7
Windowing:
  config: # windows=1897, spacing=0.023573108113861013, CF order=7
  error tolerance: rtol=0.001, atol=1e-05
Testing N_win=1897 N_cf=6
Windowing:
  config: # windows=1897, spacing=0.023573108113861013, CF order=6
  error tolerance: rtol=0.001, atol=1e-05
Testing N_win=1897 N_cf=5
Windowing:
  config: # windows=1897, spacing=0.023573108113861013, CF order=5
  error tolerance: rtol=0.001, atol=1e-05
Testing N_win=1897 N_cf=4
Windowing:
  config: # windows=1897, spacing=0.023573108113861013, CF order=4
  error tolerance: rtol=0.001, atol=1e-05
Testing N_win=1897 N_cf=3
Windowing:
  config: # windows=1897, spacing=0.023573108113861013, CF order=3
  error tolerance: rtol=0.001, atol=1e-05
Testing N_win=1897 N_cf=2
Windowing:
  config: # windows=1897, spacing=0.023573108113861013, CF order=2
  error tolerance: rtol=0.001, atol=1e-05
Failed: Pure curvefit failed for the first window!
Testing N_win=2000 N_cf=10
Windowing:
  config: # windows=2000, spacing=0.02235909304599717, CF order=10
  error tolerance: rtol=0.001, atol=1e-05
Testing N_win=2000 N_cf=9
Windowing:
  config: # windows=2000, spacing=0.02235909304599717, CF order=9
  error tolerance: rtol=0.001, atol=1e-05
Testing N_win=2000 N_cf=8
Windowing:
  config: # windows=2000, spacing=0.02235909304599717, CF order=8
  error tolerance: rtol=0.001, atol=1e-05
Testing N_win=2000 N_cf=7
Windowing:
  config: # windows=2000, spacing=0.02235909304599717, CF order=7
  error tolerance: rtol=0.001, atol=1e-05
Testing N_win=2000 N_cf=6
Windowing:
  config: # windows=2000, spacing=0.02235909304599717, CF order=6
  error tolerance: rtol=0.001, atol=1e-05
Testing N_win=2000 N_cf=5
Windowing:
  config: # windows=2000, spacing=0.02235909304599717, CF order=5
  error tolerance: rtol=0.001, atol=1e-05
Testing N_win=2000 N_cf=4
Windowing:
  config: # windows=2000, spacing=0.02235909304599717, CF order=4
  error tolerance: rtol=0.001, atol=1e-05
Testing N_win=2000 N_cf=3
Windowing:
  config: # windows=2000, spacing=0.02235909304599717, CF order=3
  error tolerance: rtol=0.001, atol=1e-05
Testing N_win=2000 N_cf=2
Windowing:
  config: # windows=2000, spacing=0.02235909304599717, CF order=2
  error tolerance: rtol=0.001, atol=1e-05
Failed: Pure curvefit failed for the first window!
Final library: 661 poles, 769 windows, 4.9 poles per window, 4 CF order
