Running NJOY to get 0K point-wise data (error=0.0005)...
Parsing cross sections within resolved resonance range...
  MTs: [2, 27, 102]
  Energy range: 1.000e-05 to 1.900e+04 eV (27383 points)
Vector fitting piece 1/13...
  energy: 1.000e-05 to 1.173e+02 eV (1023 points)
  error tolerance: rtol=0.001, atol=1e-05
Found 1 peaks
Fitting orders from 2 to 200
Order=2(0/100)
Order=4(1/100)
Order=6(2/100)
Order=8(3/100)
Found ideal results. Stop!
Found 2 real poles and 3 conjugate complex pairs.
Final number of poles: 5
Saved figure: WMP_Lib/Mo96/0-117_MT2.png
Saved figure: WMP_Lib/Mo96/0-117_MT27.png
Saved figure: WMP_Lib/Mo96/0-117_MT102.png
Vector fitting piece 2/13...
  energy: 2.562e+01 to 4.625e+02 eV (1755 points)
  error tolerance: rtol=0.001, atol=1e-05
Found 3 peaks
Fitting orders from 6 to 200
Order=6(0/98)
Order=8(1/98)
Order=10(2/98)
Order=12(3/98)
Order=14(4/98)
Order=16(5/98)
Order=18(6/98)
Order=20(7/98)
Order=22(8/98)
Order=24(9/98)
Order=26(10/98)
Order=28(11/98)
Order=30(12/98)
Order=32(13/98)
Order=34(14/98)
Order=36(15/98)
Order=38(16/98)
Order=40(17/98)
Order=42(18/98)
Order=44(19/98)
Order=46(20/98)
Order=48(21/98)
Order=50(22/98)
Order=52(23/98)
Order=54(24/98)
Order=56(25/98)
Order=58(26/98)
Order=60(27/98)
Found 2 real poles and 4 conjugate complex pairs.
Final number of poles: 6
Saved figure: WMP_Lib/Mo96/26-463_MT2.png
Saved figure: WMP_Lib/Mo96/26-463_MT27.png
Saved figure: WMP_Lib/Mo96/26-463_MT102.png
Vector fitting piece 3/13...
  energy: 2.464e+02 to 1.042e+03 eV (962 points)
  error tolerance: rtol=0.001, atol=1e-05
Found 2 peaks
Fitting orders from 4 to 200
Order=4(0/99)
Order=6(1/99)
Order=8(2/99)
Order=10(3/99)
Order=12(4/99)
Order=14(5/99)
Order=16(6/99)
Order=18(7/99)
Order=20(8/99)
Order=22(9/99)
Order=24(10/99)
Order=26(11/99)
Order=28(12/99)
Order=30(13/99)
Order=32(14/99)
Order=34(15/99)
Order=36(16/99)
Order=38(17/99)
Order=40(18/99)
Order=42(19/99)
Order=44(20/99)
Order=46(21/99)
Order=48(22/99)
Order=50(23/99)
Order=52(24/99)
Order=54(25/99)
Order=56(26/99)
Order=58(27/99)
Order=60(28/99)
Found 4 real poles and 3 conjugate complex pairs.
Final number of poles: 7
Saved figure: WMP_Lib/Mo96/246-1042_MT2.png
Saved figure: WMP_Lib/Mo96/246-1042_MT27.png
Saved figure: WMP_Lib/Mo96/246-1042_MT102.png
Vector fitting piece 4/13...
  energy: 6.905e+02 to 1.843e+03 eV (1060 points)
  error tolerance: rtol=0.001, atol=1e-05
Found 3 peaks
Fitting orders from 6 to 200
Order=6(0/98)
Order=8(1/98)
Order=10(2/98)
Order=12(3/98)
Order=14(4/98)
Order=16(5/98)
Order=18(6/98)
Order=20(7/98)
Order=22(8/98)
Order=24(9/98)
Order=26(10/98)
Order=28(11/98)
Order=30(12/98)
Order=32(13/98)
Order=34(14/98)
Order=36(15/98)
Order=38(16/98)
Order=40(17/98)
Order=42(18/98)
Order=44(19/98)
Order=46(20/98)
Order=48(21/98)
Order=50(22/98)
Order=52(23/98)
Order=54(24/98)
Order=56(25/98)
Order=58(26/98)
Order=60(27/98)
Order=62(28/98)
Order=64(29/98)
Order=66(30/98)
Order=68(31/98)
Order=70(32/98)
Found 2 real poles and 4 conjugate complex pairs.
Final number of poles: 6
Saved figure: WMP_Lib/Mo96/691-1843_MT2.png
Saved figure: WMP_Lib/Mo96/691-1843_MT27.png
Saved figure: WMP_Lib/Mo96/691-1843_MT102.png
Vector fitting piece 5/13...
  energy: 1.355e+03 to 2.839e+03 eV (2058 points)
  error tolerance: rtol=0.001, atol=1e-05
Found 5 peaks
Fitting orders from 10 to 200
Order=10(0/96)
Order=12(1/96)
Order=14(2/96)
Order=16(3/96)
Order=18(4/96)
Order=20(5/96)
Order=22(6/96)
Order=24(7/96)
Order=26(8/96)
Order=28(9/96)
Order=30(10/96)
Order=32(11/96)
Order=34(12/96)
Order=36(13/96)
Order=38(14/96)
Order=40(15/96)
Order=42(16/96)
Order=44(17/96)
Order=46(18/96)
Order=48(19/96)
Order=50(20/96)
Order=52(21/96)
Order=54(22/96)
Order=56(23/96)
Order=58(24/96)
Order=60(25/96)
Found 4 real poles and 6 conjugate complex pairs.
Final number of poles: 10
Saved figure: WMP_Lib/Mo96/1355-2839_MT2.png
Saved figure: WMP_Lib/Mo96/1355-2839_MT27.png
Saved figure: WMP_Lib/Mo96/1355-2839_MT102.png
Vector fitting piece 6/13...
  energy: 2.257e+03 to 4.089e+03 eV (3082 points)
  error tolerance: rtol=0.001, atol=1e-05
Found 7 peaks
Fitting orders from 14 to 200
Order=14(0/94)
Order=16(1/94)
Order=18(2/94)
Order=20(3/94)
Order=22(4/94)
Order=24(5/94)
Order=26(6/94)
Order=28(7/94)
Order=30(8/94)
Order=32(9/94)
Order=34(10/94)
Order=36(11/94)
Order=38(12/94)
Order=40(13/94)
Order=42(14/94)
Order=44(15/94)
Order=46(16/94)
Order=48(17/94)
Order=50(18/94)
Order=52(19/94)
Order=54(20/94)
Order=56(21/94)
Order=58(22/94)
Order=60(23/94)
Found 2 real poles and 8 conjugate complex pairs.
Final number of poles: 10
Saved figure: WMP_Lib/Mo96/2257-4089_MT2.png
Saved figure: WMP_Lib/Mo96/2257-4089_MT27.png
Saved figure: WMP_Lib/Mo96/2257-4089_MT102.png
Vector fitting piece 7/13...
  energy: 3.376e+03 to 5.543e+03 eV (3284 points)
  error tolerance: rtol=0.001, atol=1e-05
Found 8 peaks
Fitting orders from 16 to 200
Order=16(0/93)
Order=18(1/93)
Order=20(2/93)
Order=22(3/93)
Order=24(4/93)
Order=26(5/93)
Order=28(6/93)
Order=30(7/93)
Order=32(8/93)
Order=34(9/93)
Order=36(10/93)
Order=38(11/93)
Order=40(12/93)
Order=42(13/93)
Order=44(14/93)
Order=46(15/93)
Order=48(16/93)
Order=50(17/93)
Order=52(18/93)
Order=54(19/93)
Order=56(20/93)
Order=58(21/93)
Order=60(22/93)
Found 0 real poles and 11 conjugate complex pairs.
Final number of poles: 11
Saved figure: WMP_Lib/Mo96/3376-5543_MT2.png
Saved figure: WMP_Lib/Mo96/3376-5543_MT27.png
Saved figure: WMP_Lib/Mo96/3376-5543_MT102.png
Vector fitting piece 8/13...
  energy: 4.712e+03 to 7.238e+03 eV (3765 points)
  error tolerance: rtol=0.001, atol=1e-05
Found 8 peaks
Fitting orders from 16 to 200
Order=16(0/93)
Order=18(1/93)
Order=20(2/93)
Order=22(3/93)
Order=24(4/93)
Order=26(5/93)
Order=28(6/93)
Order=30(7/93)
Order=32(8/93)
Order=34(9/93)
Order=36(10/93)
Order=38(11/93)
Order=40(12/93)
Order=42(13/93)
Order=44(14/93)
Order=46(15/93)
Order=48(16/93)
Order=50(17/93)
Order=52(18/93)
Order=54(19/93)
Order=56(20/93)
Order=58(21/93)
Order=60(22/93)
Found 4 real poles and 9 conjugate complex pairs.
Final number of poles: 13
Saved figure: WMP_Lib/Mo96/4712-7238_MT2.png
Saved figure: WMP_Lib/Mo96/4712-7238_MT27.png
Saved figure: WMP_Lib/Mo96/4712-7238_MT102.png
Vector fitting piece 9/13...
  energy: 6.283e+03 to 9.152e+03 eV (4953 points)
  error tolerance: rtol=0.001, atol=1e-05
Found 12 peaks
Fitting orders from 24 to 200
Order=24(0/89)
Order=26(1/89)
Order=28(2/89)
Order=30(3/89)
Order=32(4/89)
Order=34(5/89)
Order=36(6/89)
Order=38(7/89)
Order=40(8/89)
Order=42(9/89)
Order=44(10/89)
Order=46(11/89)
Order=48(12/89)
Order=50(13/89)
Order=52(14/89)
Order=54(15/89)
Order=56(16/89)
Order=58(17/89)
Order=60(18/89)
Found 2 real poles and 14 conjugate complex pairs.
Final number of poles: 16
Saved figure: WMP_Lib/Mo96/6283-9152_MT2.png
Saved figure: WMP_Lib/Mo96/6283-9152_MT27.png
Saved figure: WMP_Lib/Mo96/6283-9152_MT102.png
Vector fitting piece 10/13...
  energy: 8.085e+03 to 1.129e+04 eV (4594 points)
  error tolerance: rtol=0.001, atol=1e-05
Found 12 peaks
Fitting orders from 24 to 200
Order=24(0/89)
Order=26(1/89)
Order=28(2/89)
Order=30(3/89)
Order=32(4/89)
Order=34(5/89)
Order=36(6/89)
Order=38(7/89)
Order=40(8/89)
Order=42(9/89)
Order=44(10/89)
Order=46(11/89)
Order=48(12/89)
Order=50(13/89)
Order=52(14/89)
Order=54(15/89)
Order=56(16/89)
Order=58(17/89)
Order=60(18/89)
Found 4 real poles and 13 conjugate complex pairs.
Final number of poles: 17
Saved figure: WMP_Lib/Mo96/8085-11295_MT2.png
Saved figure: WMP_Lib/Mo96/8085-11295_MT27.png
Saved figure: WMP_Lib/Mo96/8085-11295_MT102.png
Vector fitting piece 11/13...
  energy: 1.010e+04 to 1.365e+04 eV (3399 points)
  error tolerance: rtol=0.001, atol=1e-05
Found 11 peaks
Fitting orders from 22 to 200
Order=22(0/90)
Order=24(1/90)
Order=26(2/90)
Order=28(3/90)
Order=30(4/90)
Order=32(5/90)
Order=34(6/90)
Order=36(7/90)
Order=38(8/90)
Order=40(9/90)
Order=42(10/90)
Order=44(11/90)
Order=46(12/90)
Order=48(13/90)
Order=50(14/90)
Order=52(15/90)
Order=54(16/90)
Order=56(17/90)
Order=58(18/90)
Order=60(19/90)
Order=62(20/90)
Order=64(21/90)
Order=66(22/90)
Order=68(23/90)
Order=70(24/90)
Found 4 real poles and 12 conjugate complex pairs.
Final number of poles: 16
Saved figure: WMP_Lib/Mo96/10105-13655_MT2.png
Saved figure: WMP_Lib/Mo96/10105-13655_MT27.png
Saved figure: WMP_Lib/Mo96/10105-13655_MT102.png
Vector fitting piece 12/13...
  energy: 1.235e+04 to 1.625e+04 eV (4128 points)
  error tolerance: rtol=0.001, atol=1e-05
Found 13 peaks
Fitting orders from 26 to 200
Order=26(0/88)
Order=28(1/88)
Order=30(2/88)
Order=32(3/88)
Order=34(4/88)
Order=36(5/88)
Order=38(6/88)
Order=40(7/88)
Order=42(8/88)
Order=44(9/88)
Order=46(10/88)
Order=48(11/88)
Order=50(12/88)
Order=52(13/88)
Order=54(14/88)
Order=56(15/88)
Order=58(16/88)
Order=60(17/88)
Order=62(18/88)
Order=64(19/88)
Order=66(20/88)
Order=68(21/88)
Order=70(22/88)
Found 4 real poles and 14 conjugate complex pairs.
Final number of poles: 18
Saved figure: WMP_Lib/Mo96/12348-16246_MT2.png
Saved figure: WMP_Lib/Mo96/12348-16246_MT27.png
Saved figure: WMP_Lib/Mo96/12348-16246_MT102.png
Vector fitting piece 13/13...
  energy: 1.482e+04 to 1.900e+04 eV (5692 points)
  error tolerance: rtol=0.001, atol=1e-05
Found 18 peaks
Fitting orders from 36 to 200
Order=36(0/83)
Order=38(1/83)
Order=40(2/83)
Order=42(3/83)
Order=44(4/83)
Order=46(5/83)
Order=48(6/83)
Order=50(7/83)
Order=52(8/83)
Order=54(9/83)
Order=56(10/83)
Order=58(11/83)
Order=60(12/83)
Order=62(13/83)
Order=64(14/83)
Order=66(15/83)
Order=68(16/83)
Order=70(17/83)
Found 4 real poles and 18 conjugate complex pairs.
Final number of poles: 22
Saved figure: WMP_Lib/Mo96/14816-19000_MT2.png
Saved figure: WMP_Lib/Mo96/14816-19000_MT27.png
Saved figure: WMP_Lib/Mo96/14816-19000_MT102.png
Dumped multipole data to file: WMP_Lib/Mo96/Mo96_mp.pickle
Start searching ...
Testing N_win=7 N_cf=10
Failed: Window spacing cannot be larger than piece spacing.
Testing N_win=111 N_cf=10
Windowing:
  config: # windows=111, spacing=1.241777378102926, CF order=10
  error tolerance: rtol=0.001, atol=1e-05
Best library so far.
Testing N_win=111 N_cf=9
Windowing:
  config: # windows=111, spacing=1.241777378102926, CF order=9
  error tolerance: rtol=0.001, atol=1e-05
Best library so far.
Testing N_win=111 N_cf=8
Windowing:
  config: # windows=111, spacing=1.241777378102926, CF order=8
  error tolerance: rtol=0.001, atol=1e-05
Best library so far.
Testing N_win=111 N_cf=7
Windowing:
  config: # windows=111, spacing=1.241777378102926, CF order=7
  error tolerance: rtol=0.001, atol=1e-05
Best library so far.
Testing N_win=111 N_cf=6
Windowing:
  config: # windows=111, spacing=1.241777378102926, CF order=6
  error tolerance: rtol=0.001, atol=1e-05
Best library so far.
Testing N_win=111 N_cf=5
Windowing:
  config: # windows=111, spacing=1.241777378102926, CF order=5
  error tolerance: rtol=0.001, atol=1e-05
Best library so far.
Testing N_win=111 N_cf=4
Windowing:
  config: # windows=111, spacing=1.241777378102926, CF order=4
  error tolerance: rtol=0.001, atol=1e-05
Best library so far.
Testing N_win=111 N_cf=3
Windowing:
  config: # windows=111, spacing=1.241777378102926, CF order=3
  error tolerance: rtol=0.001, atol=1e-05
Best library so far.
Testing N_win=111 N_cf=2
Windowing:
  config: # windows=111, spacing=1.241777378102926, CF order=2
  error tolerance: rtol=0.001, atol=1e-05
Failed: Pure curvefit failed for the first window!
Testing N_win=216 N_cf=10
Windowing:
  config: # windows=216, spacing=0.6381355970806702, CF order=10
  error tolerance: rtol=0.001, atol=1e-05
Testing N_win=216 N_cf=9
Windowing:
  config: # windows=216, spacing=0.6381355970806702, CF order=9
  error tolerance: rtol=0.001, atol=1e-05
Testing N_win=216 N_cf=8
Windowing:
  config: # windows=216, spacing=0.6381355970806702, CF order=8
  error tolerance: rtol=0.001, atol=1e-05
Best library so far.
Testing N_win=216 N_cf=7
Windowing:
  config: # windows=216, spacing=0.6381355970806702, CF order=7
  error tolerance: rtol=0.001, atol=1e-05
Best library so far.
Testing N_win=216 N_cf=6
Windowing:
  config: # windows=216, spacing=0.6381355970806702, CF order=6
  error tolerance: rtol=0.001, atol=1e-05
Best library so far.
Testing N_win=216 N_cf=5
Windowing:
  config: # windows=216, spacing=0.6381355970806702, CF order=5
  error tolerance: rtol=0.001, atol=1e-05
Best library so far.
Testing N_win=216 N_cf=4
Windowing:
  config: # windows=216, spacing=0.6381355970806702, CF order=4
  error tolerance: rtol=0.001, atol=1e-05
Best library so far.
Testing N_win=216 N_cf=3
Windowing:
  config: # windows=216, spacing=0.6381355970806702, CF order=3
  error tolerance: rtol=0.001, atol=1e-05
Best library so far.
Testing N_win=216 N_cf=2
Windowing:
  config: # windows=216, spacing=0.6381355970806702, CF order=2
  error tolerance: rtol=0.001, atol=1e-05
Failed: Pure curvefit failed for the first window!
Testing N_win=321 N_cf=10
Windowing:
  config: # windows=321, spacing=0.4293996541103576, CF order=10
  error tolerance: rtol=0.001, atol=1e-05
Testing N_win=321 N_cf=9
Windowing:
  config: # windows=321, spacing=0.4293996541103576, CF order=9
  error tolerance: rtol=0.001, atol=1e-05
Testing N_win=321 N_cf=8
Windowing:
  config: # windows=321, spacing=0.4293996541103576, CF order=8
  error tolerance: rtol=0.001, atol=1e-05
Testing N_win=321 N_cf=7
Windowing:
  config: # windows=321, spacing=0.4293996541103576, CF order=7
  error tolerance: rtol=0.001, atol=1e-05
Testing N_win=321 N_cf=6
Windowing:
  config: # windows=321, spacing=0.4293996541103576, CF order=6
  error tolerance: rtol=0.001, atol=1e-05
Testing N_win=321 N_cf=5
Windowing:
  config: # windows=321, spacing=0.4293996541103576, CF order=5
  error tolerance: rtol=0.001, atol=1e-05
Testing N_win=321 N_cf=4
Windowing:
  config: # windows=321, spacing=0.4293996541103576, CF order=4
  error tolerance: rtol=0.001, atol=1e-05
Best library so far.
Testing N_win=321 N_cf=3
Windowing:
  config: # windows=321, spacing=0.4293996541103576, CF order=3
  error tolerance: rtol=0.001, atol=1e-05
Best library so far.
Testing N_win=321 N_cf=2
Windowing:
  config: # windows=321, spacing=0.4293996541103576, CF order=2
  error tolerance: rtol=0.001, atol=1e-05
Testing N_win=426 N_cf=10
Windowing:
  config: # windows=426, spacing=0.3235617111958328, CF order=10
  error tolerance: rtol=0.001, atol=1e-05
Testing N_win=426 N_cf=9
Windowing:
  config: # windows=426, spacing=0.3235617111958328, CF order=9
  error tolerance: rtol=0.001, atol=1e-05
Testing N_win=426 N_cf=8
Windowing:
  config: # windows=426, spacing=0.3235617111958328, CF order=8
  error tolerance: rtol=0.001, atol=1e-05
Testing N_win=426 N_cf=7
Windowing:
  config: # windows=426, spacing=0.3235617111958328, CF order=7
  error tolerance: rtol=0.001, atol=1e-05
Testing N_win=426 N_cf=6
Windowing:
  config: # windows=426, spacing=0.3235617111958328, CF order=6
  error tolerance: rtol=0.001, atol=1e-05
Testing N_win=426 N_cf=5
Windowing:
  config: # windows=426, spacing=0.3235617111958328, CF order=5
  error tolerance: rtol=0.001, atol=1e-05
Testing N_win=426 N_cf=4
Windowing:
  config: # windows=426, spacing=0.3235617111958328, CF order=4
  error tolerance: rtol=0.001, atol=1e-05
Best library so far.
Testing N_win=426 N_cf=3
Windowing:
  config: # windows=426, spacing=0.3235617111958328, CF order=3
  error tolerance: rtol=0.001, atol=1e-05
Best library so far.
Testing N_win=426 N_cf=2
Windowing:
  config: # windows=426, spacing=0.3235617111958328, CF order=2
  error tolerance: rtol=0.001, atol=1e-05
Testing N_win=531 N_cf=10
Windowing:
  config: # windows=531, spacing=0.2595805818633235, CF order=10
  error tolerance: rtol=0.001, atol=1e-05
Testing N_win=531 N_cf=9
Windowing:
  config: # windows=531, spacing=0.2595805818633235, CF order=9
  error tolerance: rtol=0.001, atol=1e-05
Testing N_win=531 N_cf=8
Windowing:
  config: # windows=531, spacing=0.2595805818633235, CF order=8
  error tolerance: rtol=0.001, atol=1e-05
Testing N_win=531 N_cf=7
Windowing:
  config: # windows=531, spacing=0.2595805818633235, CF order=7
  error tolerance: rtol=0.001, atol=1e-05
Testing N_win=531 N_cf=6
Windowing:
  config: # windows=531, spacing=0.2595805818633235, CF order=6
  error tolerance: rtol=0.001, atol=1e-05
Testing N_win=531 N_cf=5
Windowing:
  config: # windows=531, spacing=0.2595805818633235, CF order=5
  error tolerance: rtol=0.001, atol=1e-05
Testing N_win=531 N_cf=4
Windowing:
  config: # windows=531, spacing=0.2595805818633235, CF order=4
  error tolerance: rtol=0.001, atol=1e-05
Testing N_win=531 N_cf=3
Windowing:
  config: # windows=531, spacing=0.2595805818633235, CF order=3
  error tolerance: rtol=0.001, atol=1e-05
Testing N_win=531 N_cf=2
Windowing:
  config: # windows=531, spacing=0.2595805818633235, CF order=2
  error tolerance: rtol=0.001, atol=1e-05
Testing N_win=636 N_cf=10
Windowing:
  config: # windows=636, spacing=0.21672529712173708, CF order=10
  error tolerance: rtol=0.001, atol=1e-05
Testing N_win=636 N_cf=9
Windowing:
  config: # windows=636, spacing=0.21672529712173708, CF order=9
  error tolerance: rtol=0.001, atol=1e-05
Testing N_win=636 N_cf=8
Windowing:
  config: # windows=636, spacing=0.21672529712173708, CF order=8
  error tolerance: rtol=0.001, atol=1e-05
Testing N_win=636 N_cf=7
Windowing:
  config: # windows=636, spacing=0.21672529712173708, CF order=7
  error tolerance: rtol=0.001, atol=1e-05
Testing N_win=636 N_cf=6
Windowing:
  config: # windows=636, spacing=0.21672529712173708, CF order=6
  error tolerance: rtol=0.001, atol=1e-05
Testing N_win=636 N_cf=5
Windowing:
  config: # windows=636, spacing=0.21672529712173708, CF order=5
  error tolerance: rtol=0.001, atol=1e-05
Testing N_win=636 N_cf=4
Windowing:
  config: # windows=636, spacing=0.21672529712173708, CF order=4
  error tolerance: rtol=0.001, atol=1e-05
Testing N_win=636 N_cf=3
Windowing:
  config: # windows=636, spacing=0.21672529712173708, CF order=3
  error tolerance: rtol=0.001, atol=1e-05
Testing N_win=636 N_cf=2
Windowing:
  config: # windows=636, spacing=0.21672529712173708, CF order=2
  error tolerance: rtol=0.001, atol=1e-05
Testing N_win=741 N_cf=10
Windowing:
  config: # windows=741, spacing=0.18601523477655166, CF order=10
  error tolerance: rtol=0.001, atol=1e-05
Testing N_win=741 N_cf=9
Windowing:
  config: # windows=741, spacing=0.18601523477655166, CF order=9
  error tolerance: rtol=0.001, atol=1e-05
Testing N_win=741 N_cf=8
Windowing:
  config: # windows=741, spacing=0.18601523477655166, CF order=8
  error tolerance: rtol=0.001, atol=1e-05
Testing N_win=741 N_cf=7
Windowing:
  config: # windows=741, spacing=0.18601523477655166, CF order=7
  error tolerance: rtol=0.001, atol=1e-05
Testing N_win=741 N_cf=6
Windowing:
  config: # windows=741, spacing=0.18601523477655166, CF order=6
  error tolerance: rtol=0.001, atol=1e-05
Testing N_win=741 N_cf=5
Windowing:
  config: # windows=741, spacing=0.18601523477655166, CF order=5
  error tolerance: rtol=0.001, atol=1e-05
Testing N_win=741 N_cf=4
Windowing:
  config: # windows=741, spacing=0.18601523477655166, CF order=4
  error tolerance: rtol=0.001, atol=1e-05
Testing N_win=741 N_cf=3
Windowing:
  config: # windows=741, spacing=0.18601523477655166, CF order=3
  error tolerance: rtol=0.001, atol=1e-05
Testing N_win=741 N_cf=2
Windowing:
  config: # windows=741, spacing=0.18601523477655166, CF order=2
  error tolerance: rtol=0.001, atol=1e-05
Testing N_win=846 N_cf=10
Windowing:
  config: # windows=846, spacing=0.16292823755251157, CF order=10
  error tolerance: rtol=0.001, atol=1e-05
Testing N_win=846 N_cf=9
Windowing:
  config: # windows=846, spacing=0.16292823755251157, CF order=9
  error tolerance: rtol=0.001, atol=1e-05
Testing N_win=846 N_cf=8
Windowing:
  config: # windows=846, spacing=0.16292823755251157, CF order=8
  error tolerance: rtol=0.001, atol=1e-05
Testing N_win=846 N_cf=7
Windowing:
  config: # windows=846, spacing=0.16292823755251157, CF order=7
  error tolerance: rtol=0.001, atol=1e-05
Testing N_win=846 N_cf=6
Windowing:
  config: # windows=846, spacing=0.16292823755251157, CF order=6
  error tolerance: rtol=0.001, atol=1e-05
Testing N_win=846 N_cf=5
Windowing:
  config: # windows=846, spacing=0.16292823755251157, CF order=5
  error tolerance: rtol=0.001, atol=1e-05
Testing N_win=846 N_cf=4
Windowing:
  config: # windows=846, spacing=0.16292823755251157, CF order=4
  error tolerance: rtol=0.001, atol=1e-05
Testing N_win=846 N_cf=3
Windowing:
  config: # windows=846, spacing=0.16292823755251157, CF order=3
  error tolerance: rtol=0.001, atol=1e-05
Testing N_win=846 N_cf=2
Windowing:
  config: # windows=846, spacing=0.16292823755251157, CF order=2
  error tolerance: rtol=0.001, atol=1e-05
Testing N_win=951 N_cf=10
Windowing:
  config: # windows=951, spacing=0.14493931542526264, CF order=10
  error tolerance: rtol=0.001, atol=1e-05
Testing N_win=951 N_cf=9
Windowing:
  config: # windows=951, spacing=0.14493931542526264, CF order=9
  error tolerance: rtol=0.001, atol=1e-05
Testing N_win=951 N_cf=8
Windowing:
  config: # windows=951, spacing=0.14493931542526264, CF order=8
  error tolerance: rtol=0.001, atol=1e-05
Testing N_win=951 N_cf=7
Windowing:
  config: # windows=951, spacing=0.14493931542526264, CF order=7
  error tolerance: rtol=0.001, atol=1e-05
Testing N_win=951 N_cf=6
Windowing:
  config: # windows=951, spacing=0.14493931542526264, CF order=6
  error tolerance: rtol=0.001, atol=1e-05
Testing N_win=951 N_cf=5
Windowing:
  config: # windows=951, spacing=0.14493931542526264, CF order=5
  error tolerance: rtol=0.001, atol=1e-05
Testing N_win=951 N_cf=4
Windowing:
  config: # windows=951, spacing=0.14493931542526264, CF order=4
  error tolerance: rtol=0.001, atol=1e-05
Testing N_win=951 N_cf=3
Windowing:
  config: # windows=951, spacing=0.14493931542526264, CF order=3
  error tolerance: rtol=0.001, atol=1e-05
Testing N_win=951 N_cf=2
Windowing:
  config: # windows=951, spacing=0.14493931542526264, CF order=2
  error tolerance: rtol=0.001, atol=1e-05
Testing N_win=1055 N_cf=10
Windowing:
  config: # windows=1055, spacing=0.13065145873879125, CF order=10
  error tolerance: rtol=0.001, atol=1e-05
Testing N_win=1055 N_cf=9
Windowing:
  config: # windows=1055, spacing=0.13065145873879125, CF order=9
  error tolerance: rtol=0.001, atol=1e-05
Testing N_win=1055 N_cf=8
Windowing:
  config: # windows=1055, spacing=0.13065145873879125, CF order=8
  error tolerance: rtol=0.001, atol=1e-05
Testing N_win=1055 N_cf=7
Windowing:
  config: # windows=1055, spacing=0.13065145873879125, CF order=7
  error tolerance: rtol=0.001, atol=1e-05
Testing N_win=1055 N_cf=6
Windowing:
  config: # windows=1055, spacing=0.13065145873879125, CF order=6
  error tolerance: rtol=0.001, atol=1e-05
Testing N_win=1055 N_cf=5
Windowing:
  config: # windows=1055, spacing=0.13065145873879125, CF order=5
  error tolerance: rtol=0.001, atol=1e-05
Testing N_win=1055 N_cf=4
Windowing:
  config: # windows=1055, spacing=0.13065145873879125, CF order=4
  error tolerance: rtol=0.001, atol=1e-05
Testing N_win=1055 N_cf=3
Windowing:
  config: # windows=1055, spacing=0.13065145873879125, CF order=3
  error tolerance: rtol=0.001, atol=1e-05
Testing N_win=1055 N_cf=2
Windowing:
  config: # windows=1055, spacing=0.13065145873879125, CF order=2
  error tolerance: rtol=0.001, atol=1e-05
Testing N_win=1160 N_cf=10
Windowing:
  config: # windows=1160, spacing=0.11882524911157308, CF order=10
  error tolerance: rtol=0.001, atol=1e-05
Testing N_win=1160 N_cf=9
Windowing:
  config: # windows=1160, spacing=0.11882524911157308, CF order=9
  error tolerance: rtol=0.001, atol=1e-05
Testing N_win=1160 N_cf=8
Windowing:
  config: # windows=1160, spacing=0.11882524911157308, CF order=8
  error tolerance: rtol=0.001, atol=1e-05
Testing N_win=1160 N_cf=7
Windowing:
  config: # windows=1160, spacing=0.11882524911157308, CF order=7
  error tolerance: rtol=0.001, atol=1e-05
Testing N_win=1160 N_cf=6
Windowing:
  config: # windows=1160, spacing=0.11882524911157308, CF order=6
  error tolerance: rtol=0.001, atol=1e-05
Testing N_win=1160 N_cf=5
Windowing:
  config: # windows=1160, spacing=0.11882524911157308, CF order=5
  error tolerance: rtol=0.001, atol=1e-05
Testing N_win=1160 N_cf=4
Windowing:
  config: # windows=1160, spacing=0.11882524911157308, CF order=4
  error tolerance: rtol=0.001, atol=1e-05
Testing N_win=1160 N_cf=3
Windowing:
  config: # windows=1160, spacing=0.11882524911157308, CF order=3
  error tolerance: rtol=0.001, atol=1e-05
Testing N_win=1160 N_cf=2
Windowing:
  config: # windows=1160, spacing=0.11882524911157308, CF order=2
  error tolerance: rtol=0.001, atol=1e-05
Testing N_win=1265 N_cf=10
Windowing:
  config: # windows=1265, spacing=0.10896228377029626, CF order=10
  error tolerance: rtol=0.001, atol=1e-05
Testing N_win=1265 N_cf=9
Windowing:
  config: # windows=1265, spacing=0.10896228377029626, CF order=9
  error tolerance: rtol=0.001, atol=1e-05
Testing N_win=1265 N_cf=8
Windowing:
  config: # windows=1265, spacing=0.10896228377029626, CF order=8
  error tolerance: rtol=0.001, atol=1e-05
Testing N_win=1265 N_cf=7
Windowing:
  config: # windows=1265, spacing=0.10896228377029626, CF order=7
  error tolerance: rtol=0.001, atol=1e-05
Testing N_win=1265 N_cf=6
Windowing:
  config: # windows=1265, spacing=0.10896228377029626, CF order=6
  error tolerance: rtol=0.001, atol=1e-05
Testing N_win=1265 N_cf=5
Windowing:
  config: # windows=1265, spacing=0.10896228377029626, CF order=5
  error tolerance: rtol=0.001, atol=1e-05
Testing N_win=1265 N_cf=4
Windowing:
  config: # windows=1265, spacing=0.10896228377029626, CF order=4
  error tolerance: rtol=0.001, atol=1e-05
Testing N_win=1265 N_cf=3
Windowing:
  config: # windows=1265, spacing=0.10896228377029626, CF order=3
  error tolerance: rtol=0.001, atol=1e-05
Testing N_win=1265 N_cf=2
Windowing:
  config: # windows=1265, spacing=0.10896228377029626, CF order=2
  error tolerance: rtol=0.001, atol=1e-05
Testing N_win=1370 N_cf=10
Windowing:
  config: # windows=1370, spacing=0.10061115983169691, CF order=10
  error tolerance: rtol=0.001, atol=1e-05
Testing N_win=1370 N_cf=9
Windowing:
  config: # windows=1370, spacing=0.10061115983169691, CF order=9
  error tolerance: rtol=0.001, atol=1e-05
Testing N_win=1370 N_cf=8
Windowing:
  config: # windows=1370, spacing=0.10061115983169691, CF order=8
  error tolerance: rtol=0.001, atol=1e-05
Testing N_win=1370 N_cf=7
Windowing:
  config: # windows=1370, spacing=0.10061115983169691, CF order=7
  error tolerance: rtol=0.001, atol=1e-05
Testing N_win=1370 N_cf=6
Windowing:
  config: # windows=1370, spacing=0.10061115983169691, CF order=6
  error tolerance: rtol=0.001, atol=1e-05
Testing N_win=1370 N_cf=5
Windowing:
  config: # windows=1370, spacing=0.10061115983169691, CF order=5
  error tolerance: rtol=0.001, atol=1e-05
Testing N_win=1370 N_cf=4
Windowing:
  config: # windows=1370, spacing=0.10061115983169691, CF order=4
  error tolerance: rtol=0.001, atol=1e-05
Testing N_win=1370 N_cf=3
Windowing:
  config: # windows=1370, spacing=0.10061115983169691, CF order=3
  error tolerance: rtol=0.001, atol=1e-05
Testing N_win=1370 N_cf=2
Windowing:
  config: # windows=1370, spacing=0.10061115983169691, CF order=2
  error tolerance: rtol=0.001, atol=1e-05
Testing N_win=1475 N_cf=10
Windowing:
  config: # windows=1475, spacing=0.09344900947079646, CF order=10
  error tolerance: rtol=0.001, atol=1e-05
Testing N_win=1475 N_cf=9
Windowing:
  config: # windows=1475, spacing=0.09344900947079646, CF order=9
  error tolerance: rtol=0.001, atol=1e-05
Testing N_win=1475 N_cf=8
Windowing:
  config: # windows=1475, spacing=0.09344900947079646, CF order=8
  error tolerance: rtol=0.001, atol=1e-05
Testing N_win=1475 N_cf=7
Windowing:
  config: # windows=1475, spacing=0.09344900947079646, CF order=7
  error tolerance: rtol=0.001, atol=1e-05
Testing N_win=1475 N_cf=6
Windowing:
  config: # windows=1475, spacing=0.09344900947079646, CF order=6
  error tolerance: rtol=0.001, atol=1e-05
Testing N_win=1475 N_cf=5
Windowing:
  config: # windows=1475, spacing=0.09344900947079646, CF order=5
  error tolerance: rtol=0.001, atol=1e-05
Testing N_win=1475 N_cf=4
Windowing:
  config: # windows=1475, spacing=0.09344900947079646, CF order=4
  error tolerance: rtol=0.001, atol=1e-05
Testing N_win=1475 N_cf=3
Windowing:
  config: # windows=1475, spacing=0.09344900947079646, CF order=3
  error tolerance: rtol=0.001, atol=1e-05
Testing N_win=1475 N_cf=2
Windowing:
  config: # windows=1475, spacing=0.09344900947079646, CF order=2
  error tolerance: rtol=0.001, atol=1e-05
Testing N_win=1580 N_cf=10
Windowing:
  config: # windows=1580, spacing=0.0872387904869777, CF order=10
  error tolerance: rtol=0.001, atol=1e-05
Testing N_win=1580 N_cf=9
Windowing:
  config: # windows=1580, spacing=0.0872387904869777, CF order=9
  error tolerance: rtol=0.001, atol=1e-05
Testing N_win=1580 N_cf=8
Windowing:
  config: # windows=1580, spacing=0.0872387904869777, CF order=8
  error tolerance: rtol=0.001, atol=1e-05
Testing N_win=1580 N_cf=7
Windowing:
  config: # windows=1580, spacing=0.0872387904869777, CF order=7
  error tolerance: rtol=0.001, atol=1e-05
Testing N_win=1580 N_cf=6
Windowing:
  config: # windows=1580, spacing=0.0872387904869777, CF order=6
  error tolerance: rtol=0.001, atol=1e-05
Testing N_win=1580 N_cf=5
Windowing:
  config: # windows=1580, spacing=0.0872387904869777, CF order=5
  error tolerance: rtol=0.001, atol=1e-05
Testing N_win=1580 N_cf=4
Windowing:
  config: # windows=1580, spacing=0.0872387904869777, CF order=4
  error tolerance: rtol=0.001, atol=1e-05
Testing N_win=1580 N_cf=3
Windowing:
  config: # windows=1580, spacing=0.0872387904869777, CF order=3
  error tolerance: rtol=0.001, atol=1e-05
Testing N_win=1580 N_cf=2
Windowing:
  config: # windows=1580, spacing=0.0872387904869777, CF order=2
  error tolerance: rtol=0.001, atol=1e-05
Testing N_win=1685 N_cf=10
Windowing:
  config: # windows=1685, spacing=0.08180254538244794, CF order=10
  error tolerance: rtol=0.001, atol=1e-05
Testing N_win=1685 N_cf=9
Windowing:
  config: # windows=1685, spacing=0.08180254538244794, CF order=9
  error tolerance: rtol=0.001, atol=1e-05
Testing N_win=1685 N_cf=8
Windowing:
  config: # windows=1685, spacing=0.08180254538244794, CF order=8
  error tolerance: rtol=0.001, atol=1e-05
Testing N_win=1685 N_cf=7
Windowing:
  config: # windows=1685, spacing=0.08180254538244794, CF order=7
  error tolerance: rtol=0.001, atol=1e-05
Testing N_win=1685 N_cf=6
Windowing:
  config: # windows=1685, spacing=0.08180254538244794, CF order=6
  error tolerance: rtol=0.001, atol=1e-05
Testing N_win=1685 N_cf=5
Windowing:
  config: # windows=1685, spacing=0.08180254538244794, CF order=5
  error tolerance: rtol=0.001, atol=1e-05
Testing N_win=1685 N_cf=4
Windowing:
  config: # windows=1685, spacing=0.08180254538244794, CF order=4
  error tolerance: rtol=0.001, atol=1e-05
Testing N_win=1685 N_cf=3
Windowing:
  config: # windows=1685, spacing=0.08180254538244794, CF order=3
  error tolerance: rtol=0.001, atol=1e-05
Testing N_win=1685 N_cf=2
Windowing:
  config: # windows=1685, spacing=0.08180254538244794, CF order=2
  error tolerance: rtol=0.001, atol=1e-05
Testing N_win=1790 N_cf=10
Windowing:
  config: # windows=1790, spacing=0.07700407204995798, CF order=10
  error tolerance: rtol=0.001, atol=1e-05
Testing N_win=1790 N_cf=9
Windowing:
  config: # windows=1790, spacing=0.07700407204995798, CF order=9
  error tolerance: rtol=0.001, atol=1e-05
Testing N_win=1790 N_cf=8
Windowing:
  config: # windows=1790, spacing=0.07700407204995798, CF order=8
  error tolerance: rtol=0.001, atol=1e-05
Testing N_win=1790 N_cf=7
Windowing:
  config: # windows=1790, spacing=0.07700407204995798, CF order=7
  error tolerance: rtol=0.001, atol=1e-05
Testing N_win=1790 N_cf=6
Windowing:
  config: # windows=1790, spacing=0.07700407204995798, CF order=6
  error tolerance: rtol=0.001, atol=1e-05
Testing N_win=1790 N_cf=5
Windowing:
  config: # windows=1790, spacing=0.07700407204995798, CF order=5
  error tolerance: rtol=0.001, atol=1e-05
Testing N_win=1790 N_cf=4
Windowing:
  config: # windows=1790, spacing=0.07700407204995798, CF order=4
  error tolerance: rtol=0.001, atol=1e-05
Testing N_win=1790 N_cf=3
Windowing:
  config: # windows=1790, spacing=0.07700407204995798, CF order=3
  error tolerance: rtol=0.001, atol=1e-05
Testing N_win=1790 N_cf=2
Windowing:
  config: # windows=1790, spacing=0.07700407204995798, CF order=2
  error tolerance: rtol=0.001, atol=1e-05
Testing N_win=1895 N_cf=10
Windowing:
  config: # windows=1895, spacing=0.07273735565668854, CF order=10
  error tolerance: rtol=0.001, atol=1e-05
Testing N_win=1895 N_cf=9
Windowing:
  config: # windows=1895, spacing=0.07273735565668854, CF order=9
  error tolerance: rtol=0.001, atol=1e-05
Testing N_win=1895 N_cf=8
Windowing:
  config: # windows=1895, spacing=0.07273735565668854, CF order=8
  error tolerance: rtol=0.001, atol=1e-05
Testing N_win=1895 N_cf=7
Windowing:
  config: # windows=1895, spacing=0.07273735565668854, CF order=7
  error tolerance: rtol=0.001, atol=1e-05
Testing N_win=1895 N_cf=6
Windowing:
  config: # windows=1895, spacing=0.07273735565668854, CF order=6
  error tolerance: rtol=0.001, atol=1e-05
Testing N_win=1895 N_cf=5
Windowing:
  config: # windows=1895, spacing=0.07273735565668854, CF order=5
  error tolerance: rtol=0.001, atol=1e-05
Testing N_win=1895 N_cf=4
Windowing:
  config: # windows=1895, spacing=0.07273735565668854, CF order=4
  error tolerance: rtol=0.001, atol=1e-05
Testing N_win=1895 N_cf=3
Windowing:
  config: # windows=1895, spacing=0.07273735565668854, CF order=3
  error tolerance: rtol=0.001, atol=1e-05
Testing N_win=1895 N_cf=2
Windowing:
  config: # windows=1895, spacing=0.07273735565668854, CF order=2
  error tolerance: rtol=0.001, atol=1e-05
Testing N_win=2000 N_cf=10
Windowing:
  config: # windows=2000, spacing=0.06891864448471238, CF order=10
  error tolerance: rtol=0.001, atol=1e-05
Testing N_win=2000 N_cf=9
Windowing:
  config: # windows=2000, spacing=0.06891864448471238, CF order=9
  error tolerance: rtol=0.001, atol=1e-05
Testing N_win=2000 N_cf=8
Windowing:
  config: # windows=2000, spacing=0.06891864448471238, CF order=8
  error tolerance: rtol=0.001, atol=1e-05
Testing N_win=2000 N_cf=7
Windowing:
  config: # windows=2000, spacing=0.06891864448471238, CF order=7
  error tolerance: rtol=0.001, atol=1e-05
Testing N_win=2000 N_cf=6
Windowing:
  config: # windows=2000, spacing=0.06891864448471238, CF order=6
  error tolerance: rtol=0.001, atol=1e-05
Testing N_win=2000 N_cf=5
Windowing:
  config: # windows=2000, spacing=0.06891864448471238, CF order=5
  error tolerance: rtol=0.001, atol=1e-05
Testing N_win=2000 N_cf=4
Windowing:
  config: # windows=2000, spacing=0.06891864448471238, CF order=4
  error tolerance: rtol=0.001, atol=1e-05
Testing N_win=2000 N_cf=3
Windowing:
  config: # windows=2000, spacing=0.06891864448471238, CF order=3
  error tolerance: rtol=0.001, atol=1e-05
Testing N_win=2000 N_cf=2
Windowing:
  config: # windows=2000, spacing=0.06891864448471238, CF order=2
  error tolerance: rtol=0.001, atol=1e-05
Final library: 82 poles, 426 windows, 1.2 poles per window, 3 CF order
