Start searching ...
Testing N_win=5 N_cf=10
Windowing:
  config: # windows=5, spacing=4.471503052253928, CF order=10
  error tolerance: rtol=0.001, atol=1e-05
Failed: Pure curvefit failed for the first window!
Testing N_win=110 N_cf=10
Windowing:
  config: # windows=110, spacing=0.20325013873881487, CF order=10
  error tolerance: rtol=0.001, atol=1e-05
Failed: Pure curvefit failed for the first window!
Testing N_win=215 N_cf=10
Windowing:
  config: # windows=215, spacing=0.10398844307567273, CF order=10
  error tolerance: rtol=0.001, atol=1e-05
Failed: Pure curvefit failed for the first window!
Testing N_win=320 N_cf=10
Windowing:
  config: # windows=320, spacing=0.06986723519146762, CF order=10
  error tolerance: rtol=0.001, atol=1e-05
Failed: Pure curvefit failed for the first window!
Testing N_win=425 N_cf=10
Windowing:
  config: # windows=425, spacing=0.05260591826181091, CF order=10
  error tolerance: rtol=0.001, atol=1e-05
Failed: Pure curvefit failed for the first window!
Testing N_win=530 N_cf=10
Windowing:
  config: # windows=530, spacing=0.042183991058999316, CF order=10
  error tolerance: rtol=0.001, atol=1e-05
Failed: Pure curvefit failed for the first window!
Testing N_win=635 N_cf=10
Windowing:
  config: # windows=635, spacing=0.035208685450818324, CF order=10
  error tolerance: rtol=0.001, atol=1e-05
Failed: Pure curvefit failed for the first window!
Testing N_win=740 N_cf=10
Windowing:
  config: # windows=740, spacing=0.030212858461175184, CF order=10
  error tolerance: rtol=0.001, atol=1e-05
Failed: Pure curvefit failed for the first window!
Testing N_win=845 N_cf=10
Windowing:
  config: # windows=845, spacing=0.02645859794233093, CF order=10
  error tolerance: rtol=0.001, atol=1e-05
Failed: Pure curvefit failed for the first window!
Testing N_win=950 N_cf=10
Windowing:
  config: # windows=950, spacing=0.023534226590810142, CF order=10
  error tolerance: rtol=0.001, atol=1e-05
Failed: Pure curvefit failed for the first window!
Testing N_win=1055 N_cf=10
Windowing:
  config: # windows=1055, spacing=0.021191957593620508, CF order=10
  error tolerance: rtol=0.001, atol=1e-05
Failed: Pure curvefit failed for the first window!
Testing N_win=1160 N_cf=10
Windowing:
  config: # windows=1160, spacing=0.019273720052818653, CF order=10
  error tolerance: rtol=0.001, atol=1e-05
Failed: Pure curvefit failed for the first window!
Testing N_win=1265 N_cf=10
Windowing:
  config: # windows=1265, spacing=0.017673925107723032, CF order=10
  error tolerance: rtol=0.001, atol=1e-05
Failed: Pure curvefit failed for the first window!
Testing N_win=1370 N_cf=10
Windowing:
  config: # windows=1370, spacing=0.016319354205306304, CF order=10
  error tolerance: rtol=0.001, atol=1e-05
Failed: Pure curvefit failed for the first window!
Testing N_win=1475 N_cf=10
Windowing:
  config: # windows=1475, spacing=0.01515763746526755, CF order=10
  error tolerance: rtol=0.001, atol=1e-05
Failed: Pure curvefit failed for the first window!
Testing N_win=1580 N_cf=10
Windowing:
  config: # windows=1580, spacing=0.014150326114727618, CF order=10
  error tolerance: rtol=0.001, atol=1e-05
Failed: Pure curvefit failed for the first window!
Testing N_win=1685 N_cf=10
Windowing:
  config: # windows=1685, spacing=0.013268555051198597, CF order=10
  error tolerance: rtol=0.001, atol=1e-05
Failed: Pure curvefit failed for the first window!
Testing N_win=1790 N_cf=10
Windowing:
  config: # windows=1790, spacing=0.01249023198953611, CF order=10
  error tolerance: rtol=0.001, atol=1e-05
Failed: Pure curvefit failed for the first window!
Testing N_win=1895 N_cf=10
Windowing:
  config: # windows=1895, spacing=0.011798161087741232, CF order=10
  error tolerance: rtol=0.001, atol=1e-05
Failed: Pure curvefit failed for the first window!
Testing N_win=2000 N_cf=10
Windowing:
  config: # windows=2000, spacing=0.011178757630634818, CF order=10
  error tolerance: rtol=0.001, atol=1e-05
Failed: Pure curvefit failed for the first window!
Start searching ...
Testing N_win=5 N_cf=10
Windowing:
  config: # windows=5, spacing=4.471503052253928, CF order=10
  error tolerance: rtol=0.005, atol=1e-05
Failed: Pure curvefit failed for the first window!
Testing N_win=110 N_cf=10
Windowing:
  config: # windows=110, spacing=0.20325013873881487, CF order=10
  error tolerance: rtol=0.005, atol=1e-05
Failed: Pure curvefit failed for the first window!
Testing N_win=215 N_cf=10
Windowing:
  config: # windows=215, spacing=0.10398844307567273, CF order=10
  error tolerance: rtol=0.005, atol=1e-05
Failed: Pure curvefit failed for the first window!
Testing N_win=320 N_cf=10
Windowing:
  config: # windows=320, spacing=0.06986723519146762, CF order=10
  error tolerance: rtol=0.005, atol=1e-05
Failed: Pure curvefit failed for the first window!
Testing N_win=425 N_cf=10
Windowing:
  config: # windows=425, spacing=0.05260591826181091, CF order=10
  error tolerance: rtol=0.005, atol=1e-05
Failed: Pure curvefit failed for the first window!
Testing N_win=530 N_cf=10
Windowing:
  config: # windows=530, spacing=0.042183991058999316, CF order=10
  error tolerance: rtol=0.005, atol=1e-05
Failed: Pure curvefit failed for the first window!
Testing N_win=635 N_cf=10
Windowing:
  config: # windows=635, spacing=0.035208685450818324, CF order=10
  error tolerance: rtol=0.005, atol=1e-05
Failed: Pure curvefit failed for the first window!
Testing N_win=740 N_cf=10
Windowing:
  config: # windows=740, spacing=0.030212858461175184, CF order=10
  error tolerance: rtol=0.005, atol=1e-05
Failed: Pure curvefit failed for the first window!
Testing N_win=845 N_cf=10
Windowing:
  config: # windows=845, spacing=0.02645859794233093, CF order=10
  error tolerance: rtol=0.005, atol=1e-05
Failed: Pure curvefit failed for the first window!
Testing N_win=950 N_cf=10
Windowing:
  config: # windows=950, spacing=0.023534226590810142, CF order=10
  error tolerance: rtol=0.005, atol=1e-05
Failed: Pure curvefit failed for the first window!
Testing N_win=1055 N_cf=10
Windowing:
  config: # windows=1055, spacing=0.021191957593620508, CF order=10
  error tolerance: rtol=0.005, atol=1e-05
Failed: Pure curvefit failed for the first window!
Testing N_win=1160 N_cf=10
Windowing:
  config: # windows=1160, spacing=0.019273720052818653, CF order=10
  error tolerance: rtol=0.005, atol=1e-05
Failed: Pure curvefit failed for the first window!
Testing N_win=1265 N_cf=10
Windowing:
  config: # windows=1265, spacing=0.017673925107723032, CF order=10
  error tolerance: rtol=0.005, atol=1e-05
Failed: Pure curvefit failed for the first window!
Testing N_win=1370 N_cf=10
Windowing:
  config: # windows=1370, spacing=0.016319354205306304, CF order=10
  error tolerance: rtol=0.005, atol=1e-05
Failed: Pure curvefit failed for the first window!
Testing N_win=1475 N_cf=10
Windowing:
  config: # windows=1475, spacing=0.01515763746526755, CF order=10
  error tolerance: rtol=0.005, atol=1e-05
Failed: Pure curvefit failed for the first window!
Testing N_win=1580 N_cf=10
Windowing:
  config: # windows=1580, spacing=0.014150326114727618, CF order=10
  error tolerance: rtol=0.005, atol=1e-05
Failed: Pure curvefit failed for the first window!
Testing N_win=1685 N_cf=10
Windowing:
  config: # windows=1685, spacing=0.013268555051198597, CF order=10
  error tolerance: rtol=0.005, atol=1e-05
Failed: Pure curvefit failed for the first window!
Testing N_win=1790 N_cf=10
Windowing:
  config: # windows=1790, spacing=0.01249023198953611, CF order=10
  error tolerance: rtol=0.005, atol=1e-05
Failed: Pure curvefit failed for the first window!
Testing N_win=1895 N_cf=10
Windowing:
  config: # windows=1895, spacing=0.011798161087741232, CF order=10
  error tolerance: rtol=0.005, atol=1e-05
Failed: Pure curvefit failed for the first window!
Testing N_win=2000 N_cf=10
Windowing:
  config: # windows=2000, spacing=0.011178757630634818, CF order=10
  error tolerance: rtol=0.005, atol=1e-05
Failed: Pure curvefit failed for the first window!
Start searching ...
Testing N_win=5 N_cf=10
Windowing:
  config: # windows=5, spacing=4.471503052253928, CF order=10
  error tolerance: rtol=0.01, atol=1e-05
Processing window 1/5...
Trying poles 21 to 21
Failed: Pure curvefit failed for the first window!
Testing N_win=110 N_cf=10
Windowing:
  config: # windows=110, spacing=0.20325013873881487, CF order=10
  error tolerance: rtol=0.01, atol=1e-05
Processing window 1/110...
Trying poles 4 to 4
Accuracy satisfied.
Processing window 2/110...
Trying poles 4 to 4
Accuracy satisfied.
Processing window 3/110...
Trying poles 5 to 5
Trying poles 5 to 6
Trying poles 5 to 7
Accuracy satisfied.
Processing window 4/110...
Trying poles 6 to 6
Trying poles 6 to 7
Trying poles 6 to 8
Trying poles 5 to 8
Trying poles 5 to 9
Accuracy satisfied.
Processing window 5/110...
Trying poles 7 to 7
Trying poles 7 to 8
Trying poles 7 to 9
Trying poles 7 to 10
Trying poles 6 to 10
Trying poles 6 to 11
Trying poles 6 to 12
Accuracy satisfied.
Processing window 6/110...
Trying poles 10 to 10
Trying poles 10 to 11
Trying poles 9 to 11
Trying poles 8 to 11
Trying poles 8 to 12
Trying poles 8 to 13
Trying poles 8 to 14
Accuracy satisfied.
Processing window 7/110...
Trying poles 13 to 13
Trying poles 13 to 14
Trying poles 12 to 14
Trying poles 11 to 14
Trying poles 10 to 14
Trying poles 10 to 15
Trying poles 10 to 16
Trying poles 9 to 16
Trying poles 8 to 16
Accuracy satisfied.
Processing window 8/110...
Trying poles 15 to 15
Trying poles 15 to 16
Trying poles 14 to 16
Trying poles 14 to 17
Trying poles 13 to 17
Trying poles 13 to 18
Trying poles 12 to 18
Trying poles 11 to 18
Trying poles 11 to 19
Trying poles 10 to 19
Accuracy satisfied.
Processing window 9/110...
Trying poles 17 to 17
Trying poles 17 to 18
Trying poles 16 to 18
Trying poles 16 to 19
Trying poles 16 to 20
Trying poles 15 to 20
Accuracy satisfied.
Processing window 10/110...
Trying poles 19 to 19
Trying poles 19 to 20
Trying poles 18 to 20
Trying poles 18 to 21
Accuracy satisfied.
Processing window 11/110...
Trying poles 20 to 20
Trying poles 20 to 21
Trying poles 20 to 22
Trying poles 19 to 22
Accuracy satisfied.
Processing window 12/110...
Trying poles 21 to 21
Trying poles 21 to 22
Accuracy satisfied.
Processing window 13/110...
Trying poles 22 to 22
Accuracy satisfied.
Processing window 14/110...
Trying poles 23 to 23
Accuracy satisfied.
Processing window 15/110...
Trying poles 24 to 24
Trying poles 24 to 25
Accuracy satisfied.
Processing window 16/110...
Trying poles 25 to 25
Accuracy satisfied.
Processing window 17/110...
Trying poles 25 to 25
Accuracy satisfied.
Processing window 18/110...
Trying poles 26 to 26
Accuracy satisfied.
Processing window 19/110...
Trying poles 26 to 26
Accuracy satisfied.
Processing window 20/110...
Trying poles 27 to 27
Accuracy satisfied.
Processing window 21/110...
Trying poles 27 to 27
Accuracy satisfied.
Processing window 22/110...
Trying poles 28 to 28
Accuracy satisfied.
Processing window 23/110...
Trying poles 28 to 28
Accuracy satisfied.
Processing window 24/110...
Trying poles 28 to 28
Accuracy satisfied.
Processing window 25/110...
Trying poles 29 to 29
Accuracy satisfied.
Processing window 26/110...
Trying poles 29 to 29
Accuracy satisfied.
Processing window 27/110...
Trying poles 30 to 30
Accuracy satisfied.
Processing window 28/110...
Trying poles 30 to 30
Accuracy satisfied.
Processing window 29/110...
Trying poles 31 to 31
Accuracy satisfied.
Processing window 30/110...
Trying poles 31 to 31
Accuracy satisfied.
Processing window 31/110...
Trying poles 31 to 31
Accuracy satisfied.
Processing window 32/110...
Trying poles 31 to 31
Accuracy satisfied.
Processing window 33/110...
Trying poles 32 to 32
Accuracy satisfied.
Processing window 34/110...
Trying poles 32 to 32
Accuracy satisfied.
Processing window 35/110...
Trying poles 32 to 32
Accuracy satisfied.
Processing window 36/110...
Trying poles 32 to 32
Accuracy satisfied.
Processing window 37/110...
Trying poles 32 to 32
Accuracy satisfied.
Processing window 38/110...
Trying poles 32 to 32
Accuracy satisfied.
Processing window 39/110...
Trying poles 33 to 33
Accuracy satisfied.
Processing window 40/110...
Trying poles 33 to 33
Accuracy satisfied.
Processing window 41/110...
Trying poles 33 to 33
Accuracy satisfied.
Processing window 42/110...
Trying poles 33 to 33
Accuracy satisfied.
Processing window 43/110...
Trying poles 34 to 34
Accuracy satisfied.
Processing window 44/110...
Trying poles 34 to 34
Accuracy satisfied.
Processing window 45/110...
Trying poles 34 to 34
Accuracy satisfied.
Processing window 46/110...
Trying poles 34 to 34
Accuracy satisfied.
Processing window 47/110...
Trying poles 35 to 35
Accuracy satisfied.
Processing window 48/110...
Trying poles 35 to 35
Accuracy satisfied.
Processing window 49/110...
Trying poles 35 to 35
Accuracy satisfied.
Processing window 50/110...
Trying poles 36 to 36
Accuracy satisfied.
Processing window 51/110...
Trying poles 36 to 36
Accuracy satisfied.
Processing window 52/110...
Trying poles 36 to 36
Accuracy satisfied.
Processing window 53/110...
Trying poles 37 to 37
Accuracy satisfied.
Processing window 54/110...
Trying poles 37 to 37
Accuracy satisfied.
Processing window 55/110...
Trying poles 37 to 37
Accuracy satisfied.
Processing window 56/110...
Trying poles 37 to 37
Accuracy satisfied.
Processing window 57/110...
Trying poles 37 to 37
Accuracy satisfied.
Processing window 58/110...
Trying poles 38 to 38
Accuracy satisfied.
Processing window 59/110...
Trying poles 38 to 38
Accuracy satisfied.
Processing window 60/110...
Trying poles 38 to 38
Accuracy satisfied.
Processing window 61/110...
Trying poles 38 to 38
Accuracy satisfied.
Processing window 62/110...
Trying poles 38 to 38
Accuracy satisfied.
Processing window 63/110...
Trying poles 38 to 38
Accuracy satisfied.
Processing window 64/110...
Trying poles 38 to 38
Accuracy satisfied.
Processing window 65/110...
Trying poles 38 to 38
Accuracy satisfied.
Processing window 66/110...
Trying poles 38 to 38
Accuracy satisfied.
Processing window 67/110...
Trying poles 39 to 39
Accuracy satisfied.
Processing window 68/110...
Trying poles 39 to 39
Accuracy satisfied.
Processing window 69/110...
Trying poles 39 to 39
Accuracy satisfied.
Processing window 70/110...
Trying poles 39 to 39
Accuracy satisfied.
Processing window 71/110...
Trying poles 39 to 39
Accuracy satisfied.
Processing window 72/110...
Trying poles 39 to 39
Accuracy satisfied.
Processing window 73/110...
Trying poles 39 to 39
Accuracy satisfied.
Processing window 74/110...
Trying poles 39 to 39
Accuracy satisfied.
Processing window 75/110...
Trying poles 39 to 39
Accuracy satisfied.
Processing window 76/110...
Trying poles 39 to 39
Accuracy satisfied.
Processing window 77/110...
Trying poles 39 to 39
Accuracy satisfied.
Processing window 78/110...
Trying poles 39 to 39
Accuracy satisfied.
Processing window 79/110...
Trying poles 40 to 40
Accuracy satisfied.
Processing window 80/110...
Trying poles 40 to 40
Accuracy satisfied.
Processing window 81/110...
Trying poles 40 to 40
Accuracy satisfied.
Processing window 82/110...
Trying poles 40 to 40
Accuracy satisfied.
Processing window 83/110...
Trying poles 40 to 40
Accuracy satisfied.
Processing window 84/110...
Trying poles 40 to 40
Accuracy satisfied.
Processing window 85/110...
Trying poles 40 to 40
Accuracy satisfied.
Processing window 86/110...
Trying poles 40 to 40
Accuracy satisfied.
Processing window 87/110...
Trying poles 40 to 40
Accuracy satisfied.
Processing window 88/110...
Trying poles 40 to 40
Accuracy satisfied.
Processing window 89/110...
Trying poles 40 to 40
Accuracy satisfied.
Processing window 90/110...
Trying poles 40 to 40
Accuracy satisfied.
Processing window 91/110...
Trying poles 40 to 40
Accuracy satisfied.
Processing window 92/110...
Trying poles 40 to 40
Accuracy satisfied.
Processing window 93/110...
Trying poles 40 to 40
Accuracy satisfied.
Processing window 94/110...
Trying poles 41 to 41
Accuracy satisfied.
Processing window 95/110...
Trying poles 41 to 41
Accuracy satisfied.
Processing window 96/110...
Trying poles 41 to 41
Accuracy satisfied.
Processing window 97/110...
Trying poles 41 to 41
Accuracy satisfied.
Processing window 98/110...
Trying poles 41 to 41
Accuracy satisfied.
Processing window 99/110...
Trying poles 41 to 41
Accuracy satisfied.
Processing window 100/110...
Trying poles 41 to 41
Accuracy satisfied.
Processing window 101/110...
Trying poles 41 to 41
Accuracy satisfied.
Processing window 102/110...
Trying poles 41 to 41
Trying poles 41 to 42
Trying poles 41 to 43
Accuracy satisfied.
Processing window 103/110...
Trying poles 41 to 41
Trying poles 41 to 42
Trying poles 41 to 43
Accuracy satisfied.
Processing window 104/110...
Trying poles 43 to 43
Trying poles 43 to 44
Trying poles 42 to 44
Trying poles 41 to 44
Accuracy satisfied.
Processing window 105/110...
Trying poles 43 to 43
Trying poles 43 to 44
Trying poles 42 to 44
Accuracy satisfied.
Processing window 106/110...
Trying poles 43 to 43
Accuracy satisfied.
Processing window 107/110...
Trying poles 44 to 44
Accuracy satisfied.
Processing window 108/110...
Trying poles 44 to 44
Accuracy satisfied.
Processing window 109/110...
Trying poles 44 to 44
Accuracy satisfied.
Processing window 110/110...
Trying poles 44 to 44
Accuracy satisfied.
Best library so far.
Testing N_win=110 N_cf=9
Windowing:
  config: # windows=110, spacing=0.20325013873881487, CF order=9
  error tolerance: rtol=0.01, atol=1e-05
Processing window 1/110...
Trying poles 4 to 4
Accuracy satisfied.
Processing window 2/110...
Trying poles 4 to 4
Accuracy satisfied.
Processing window 3/110...
Trying poles 5 to 5
Trying poles 5 to 6
Trying poles 5 to 7
Accuracy satisfied.
Processing window 4/110...
Trying poles 6 to 6
Trying poles 6 to 7
Trying poles 6 to 8
Trying poles 5 to 8
Trying poles 5 to 9
Accuracy satisfied.
Processing window 5/110...
Trying poles 7 to 7
Trying poles 7 to 8
Trying poles 7 to 9
Trying poles 7 to 10
Trying poles 6 to 10
Trying poles 6 to 11
Trying poles 6 to 12
Accuracy satisfied.
Processing window 6/110...
Trying poles 10 to 10
Trying poles 10 to 11
Trying poles 9 to 11
Trying poles 8 to 11
Trying poles 8 to 12
Trying poles 8 to 13
Trying poles 8 to 14
Accuracy satisfied.
Processing window 7/110...
Trying poles 13 to 13
Trying poles 13 to 14
Trying poles 12 to 14
Trying poles 11 to 14
Trying poles 10 to 14
Trying poles 10 to 15
Trying poles 10 to 16
Trying poles 9 to 16
Trying poles 8 to 16
Accuracy satisfied.
Processing window 8/110...
Trying poles 15 to 15
Trying poles 15 to 16
Trying poles 14 to 16
Trying poles 14 to 17
Trying poles 13 to 17
Trying poles 13 to 18
Trying poles 12 to 18
Trying poles 11 to 18
Trying poles 11 to 19
Trying poles 10 to 19
Accuracy satisfied.
Processing window 9/110...
Trying poles 17 to 17
Trying poles 17 to 18
Trying poles 16 to 18
Trying poles 16 to 19
Trying poles 16 to 20
Trying poles 15 to 20
Accuracy satisfied.
Processing window 10/110...
Trying poles 19 to 19
Trying poles 19 to 20
Trying poles 18 to 20
Trying poles 18 to 21
Accuracy satisfied.
Processing window 11/110...
Trying poles 20 to 20
Trying poles 20 to 21
Trying poles 20 to 22
Trying poles 19 to 22
Accuracy satisfied.
Processing window 12/110...
Trying poles 21 to 21
Trying poles 21 to 22
Accuracy satisfied.
Processing window 13/110...
Trying poles 22 to 22
Accuracy satisfied.
Processing window 14/110...
Trying poles 23 to 23
Accuracy satisfied.
Processing window 15/110...
Trying poles 24 to 24
Accuracy satisfied.
Processing window 16/110...
Trying poles 25 to 25
Accuracy satisfied.
Processing window 17/110...
Trying poles 25 to 25
Accuracy satisfied.
Processing window 18/110...
Trying poles 26 to 26
Accuracy satisfied.
Processing window 19/110...
Trying poles 26 to 26
Accuracy satisfied.
Processing window 20/110...
Trying poles 27 to 27
Accuracy satisfied.
Processing window 21/110...
Trying poles 27 to 27
Accuracy satisfied.
Processing window 22/110...
Trying poles 28 to 28
Accuracy satisfied.
Processing window 23/110...
Trying poles 28 to 28
Accuracy satisfied.
Processing window 24/110...
Trying poles 28 to 28
Accuracy satisfied.
Processing window 25/110...
Trying poles 29 to 29
Accuracy satisfied.
Processing window 26/110...
Trying poles 29 to 29
Accuracy satisfied.
Processing window 27/110...
Trying poles 30 to 30
Accuracy satisfied.
Processing window 28/110...
Trying poles 30 to 30
Accuracy satisfied.
Processing window 29/110...
Trying poles 31 to 31
Accuracy satisfied.
Processing window 30/110...
Trying poles 31 to 31
Accuracy satisfied.
Processing window 31/110...
Trying poles 31 to 31
Accuracy satisfied.
Processing window 32/110...
Trying poles 31 to 31
Accuracy satisfied.
Processing window 33/110...
Trying poles 32 to 32
Accuracy satisfied.
Processing window 34/110...
Trying poles 32 to 32
Accuracy satisfied.
Processing window 35/110...
Trying poles 32 to 32
Accuracy satisfied.
Processing window 36/110...
Trying poles 32 to 32
Accuracy satisfied.
Processing window 37/110...
Trying poles 32 to 32
Accuracy satisfied.
Processing window 38/110...
Trying poles 32 to 32
Accuracy satisfied.
Processing window 39/110...
Trying poles 33 to 33
Accuracy satisfied.
Processing window 40/110...
Trying poles 33 to 33
Accuracy satisfied.
Processing window 41/110...
Trying poles 33 to 33
Accuracy satisfied.
Processing window 42/110...
Trying poles 33 to 33
Accuracy satisfied.
Processing window 43/110...
Trying poles 34 to 34
Accuracy satisfied.
Processing window 44/110...
Trying poles 34 to 34
Accuracy satisfied.
Processing window 45/110...
Trying poles 34 to 34
Accuracy satisfied.
Processing window 46/110...
Trying poles 34 to 34
Accuracy satisfied.
Processing window 47/110...
Trying poles 35 to 35
Accuracy satisfied.
Processing window 48/110...
Trying poles 35 to 35
Accuracy satisfied.
Processing window 49/110...
Trying poles 35 to 35
Accuracy satisfied.
Processing window 50/110...
Trying poles 36 to 36
Accuracy satisfied.
Processing window 51/110...
Trying poles 36 to 36
Accuracy satisfied.
Processing window 52/110...
Trying poles 36 to 36
Accuracy satisfied.
Processing window 53/110...
Trying poles 37 to 37
Accuracy satisfied.
Processing window 54/110...
Trying poles 37 to 37
Accuracy satisfied.
Processing window 55/110...
Trying poles 37 to 37
Accuracy satisfied.
Processing window 56/110...
Trying poles 37 to 37
Accuracy satisfied.
Processing window 57/110...
Trying poles 37 to 37
Accuracy satisfied.
Processing window 58/110...
Trying poles 38 to 38
Accuracy satisfied.
Processing window 59/110...
Trying poles 38 to 38
Accuracy satisfied.
Processing window 60/110...
Trying poles 38 to 38
Accuracy satisfied.
Processing window 61/110...
Trying poles 38 to 38
Accuracy satisfied.
Processing window 62/110...
Trying poles 38 to 38
Accuracy satisfied.
Processing window 63/110...
Trying poles 38 to 38
Accuracy satisfied.
Processing window 64/110...
Trying poles 38 to 38
Accuracy satisfied.
Processing window 65/110...
Trying poles 38 to 38
Accuracy satisfied.
Processing window 66/110...
Trying poles 38 to 38
Accuracy satisfied.
Processing window 67/110...
Trying poles 39 to 39
Accuracy satisfied.
Processing window 68/110...
Trying poles 39 to 39
Accuracy satisfied.
Processing window 69/110...
Trying poles 39 to 39
Accuracy satisfied.
Processing window 70/110...
Trying poles 39 to 39
Accuracy satisfied.
Processing window 71/110...
Trying poles 39 to 39
Accuracy satisfied.
Processing window 72/110...
Trying poles 39 to 39
Accuracy satisfied.
Processing window 73/110...
Trying poles 39 to 39
Accuracy satisfied.
Processing window 74/110...
Trying poles 39 to 39
Accuracy satisfied.
Processing window 75/110...
Trying poles 39 to 39
Accuracy satisfied.
Processing window 76/110...
Trying poles 39 to 39
Accuracy satisfied.
Processing window 77/110...
Trying poles 39 to 39
Accuracy satisfied.
Processing window 78/110...
Trying poles 39 to 39
Accuracy satisfied.
Processing window 79/110...
Trying poles 40 to 40
Accuracy satisfied.
Processing window 80/110...
Trying poles 40 to 40
Accuracy satisfied.
Processing window 81/110...
Trying poles 40 to 40
Accuracy satisfied.
Processing window 82/110...
Trying poles 40 to 40
Accuracy satisfied.
Processing window 83/110...
Trying poles 40 to 40
Accuracy satisfied.
Processing window 84/110...
Trying poles 40 to 40
Accuracy satisfied.
Processing window 85/110...
Trying poles 40 to 40
Accuracy satisfied.
Processing window 86/110...
Trying poles 40 to 40
Accuracy satisfied.
Processing window 87/110...
Trying poles 40 to 40
Accuracy satisfied.
Processing window 88/110...
Trying poles 40 to 40
Accuracy satisfied.
Processing window 89/110...
Trying poles 40 to 40
Accuracy satisfied.
Processing window 90/110...
Trying poles 40 to 40
Accuracy satisfied.
Processing window 91/110...
Trying poles 40 to 40
Accuracy satisfied.
Processing window 92/110...
Trying poles 40 to 40
Accuracy satisfied.
Processing window 93/110...
Trying poles 40 to 40
Accuracy satisfied.
Processing window 94/110...
Trying poles 41 to 41
Accuracy satisfied.
Processing window 95/110...
Trying poles 41 to 41
Accuracy satisfied.
Processing window 96/110...
Trying poles 41 to 41
Accuracy satisfied.
Processing window 97/110...
Trying poles 41 to 41
Accuracy satisfied.
Processing window 98/110...
Trying poles 41 to 41
Accuracy satisfied.
Processing window 99/110...
Trying poles 41 to 41
Accuracy satisfied.
Processing window 100/110...
Trying poles 41 to 41
Accuracy satisfied.
Processing window 101/110...
Trying poles 41 to 41
Accuracy satisfied.
Processing window 102/110...
Trying poles 41 to 41
Trying poles 41 to 42
Trying poles 41 to 43
Accuracy satisfied.
Processing window 103/110...
Trying poles 41 to 41
Trying poles 41 to 42
Trying poles 41 to 43
Accuracy satisfied.
Processing window 104/110...
Trying poles 43 to 43
Trying poles 43 to 44
Trying poles 42 to 44
Trying poles 41 to 44
Accuracy satisfied.
Processing window 105/110...
Trying poles 43 to 43
Trying poles 43 to 44
Trying poles 42 to 44
Accuracy satisfied.
Processing window 106/110...
Trying poles 43 to 43
Accuracy satisfied.
Processing window 107/110...
Trying poles 44 to 44
Accuracy satisfied.
Processing window 108/110...
Trying poles 44 to 44
Accuracy satisfied.
Processing window 109/110...
Trying poles 44 to 44
Accuracy satisfied.
Processing window 110/110...
Trying poles 44 to 44
Accuracy satisfied.
Best library so far.
Testing N_win=110 N_cf=8
Windowing:
  config: # windows=110, spacing=0.20325013873881487, CF order=8
  error tolerance: rtol=0.01, atol=1e-05
Processing window 1/110...
Trying poles 4 to 4
Accuracy satisfied.
Processing window 2/110...
Trying poles 4 to 4
Accuracy satisfied.
Processing window 3/110...
Trying poles 5 to 5
Trying poles 5 to 6
Trying poles 5 to 7
Accuracy satisfied.
Processing window 4/110...
Trying poles 6 to 6
Trying poles 6 to 7
Trying poles 6 to 8
Trying poles 5 to 8
Trying poles 5 to 9
Accuracy satisfied.
Processing window 5/110...
Trying poles 7 to 7
Trying poles 7 to 8
Trying poles 7 to 9
Trying poles 7 to 10
Trying poles 6 to 10
Trying poles 6 to 11
Trying poles 6 to 12
Trying poles 5 to 12
Trying poles 5 to 13
Accuracy satisfied.
Processing window 6/110...
Trying poles 10 to 10
Trying poles 10 to 11
Trying poles 9 to 11
Trying poles 8 to 11
Trying poles 8 to 12
Trying poles 8 to 13
Trying poles 8 to 14
Accuracy satisfied.
Processing window 7/110...
Trying poles 13 to 13
Trying poles 13 to 14
Trying poles 12 to 14
Trying poles 11 to 14
Trying poles 10 to 14
Trying poles 10 to 15
Trying poles 10 to 16
Trying poles 9 to 16
Trying poles 8 to 16
Accuracy satisfied.
Processing window 8/110...
Trying poles 15 to 15
Trying poles 15 to 16
Trying poles 14 to 16
Trying poles 14 to 17
Trying poles 13 to 17
Trying poles 13 to 18
Trying poles 12 to 18
Trying poles 11 to 18
Trying poles 11 to 19
Trying poles 10 to 19
Trying poles 10 to 20
Accuracy satisfied.
Processing window 9/110...
Trying poles 17 to 17
Trying poles 17 to 18
Trying poles 16 to 18
Trying poles 16 to 19
Trying poles 16 to 20
Trying poles 15 to 20
Trying poles 14 to 20
Trying poles 14 to 21
Trying poles 13 to 21
Accuracy satisfied.
Processing window 10/110...
Trying poles 19 to 19
Trying poles 19 to 20
Trying poles 18 to 20
Trying poles 18 to 21
Accuracy satisfied.
Processing window 11/110...
Trying poles 20 to 20
Trying poles 20 to 21
Trying poles 20 to 22
Trying poles 19 to 22
Accuracy satisfied.
Processing window 12/110...
Trying poles 21 to 21
Trying poles 21 to 22
Accuracy satisfied.
Processing window 13/110...
Trying poles 22 to 22
Accuracy satisfied.
Processing window 14/110...
Trying poles 23 to 23
Accuracy satisfied.
Processing window 15/110...
Trying poles 24 to 24
Accuracy satisfied.
Processing window 16/110...
Trying poles 25 to 25
Trying poles 25 to 26
Accuracy satisfied.
Processing window 17/110...
Trying poles 25 to 25
Accuracy satisfied.
Processing window 18/110...
Trying poles 26 to 26
Accuracy satisfied.
Processing window 19/110...
Trying poles 26 to 26
Accuracy satisfied.
Processing window 20/110...
Trying poles 27 to 27
Accuracy satisfied.
Processing window 21/110...
Trying poles 27 to 27
Accuracy satisfied.
Processing window 22/110...
Trying poles 28 to 28
Accuracy satisfied.
Processing window 23/110...
Trying poles 28 to 28
Accuracy satisfied.
Processing window 24/110...
Trying poles 28 to 28
Accuracy satisfied.
Processing window 25/110...
Trying poles 29 to 29
Accuracy satisfied.
Processing window 26/110...
Trying poles 29 to 29
Accuracy satisfied.
Processing window 27/110...
Trying poles 30 to 30
Accuracy satisfied.
Processing window 28/110...
Trying poles 30 to 30
Accuracy satisfied.
Processing window 29/110...
Trying poles 31 to 31
Accuracy satisfied.
Processing window 30/110...
Trying poles 31 to 31
Accuracy satisfied.
Processing window 31/110...
Trying poles 31 to 31
Accuracy satisfied.
Processing window 32/110...
Trying poles 31 to 31
Accuracy satisfied.
Processing window 33/110...
Trying poles 32 to 32
Accuracy satisfied.
Processing window 34/110...
Trying poles 32 to 32
Accuracy satisfied.
Processing window 35/110...
Trying poles 32 to 32
Accuracy satisfied.
Processing window 36/110...
Trying poles 32 to 32
Accuracy satisfied.
Processing window 37/110...
Trying poles 32 to 32
Accuracy satisfied.
Processing window 38/110...
Trying poles 32 to 32
Accuracy satisfied.
Processing window 39/110...
Trying poles 33 to 33
Accuracy satisfied.
Processing window 40/110...
Trying poles 33 to 33
Accuracy satisfied.
Processing window 41/110...
Trying poles 33 to 33
Accuracy satisfied.
Processing window 42/110...
Trying poles 33 to 33
Accuracy satisfied.
Processing window 43/110...
Trying poles 34 to 34
Accuracy satisfied.
Processing window 44/110...
Trying poles 34 to 34
Accuracy satisfied.
Processing window 45/110...
Trying poles 34 to 34
Accuracy satisfied.
Processing window 46/110...
Trying poles 34 to 34
Accuracy satisfied.
Processing window 47/110...
Trying poles 35 to 35
Accuracy satisfied.
Processing window 48/110...
Trying poles 35 to 35
Accuracy satisfied.
Processing window 49/110...
Trying poles 35 to 35
Accuracy satisfied.
Processing window 50/110...
Trying poles 36 to 36
Accuracy satisfied.
Processing window 51/110...
Trying poles 36 to 36
Accuracy satisfied.
Processing window 52/110...
Trying poles 36 to 36
Accuracy satisfied.
Processing window 53/110...
Trying poles 37 to 37
Accuracy satisfied.
Processing window 54/110...
Trying poles 37 to 37
Accuracy satisfied.
Processing window 55/110...
Trying poles 37 to 37
Accuracy satisfied.
Processing window 56/110...
Trying poles 37 to 37
Accuracy satisfied.
Processing window 57/110...
Trying poles 37 to 37
Accuracy satisfied.
Processing window 58/110...
Trying poles 38 to 38
Accuracy satisfied.
Processing window 59/110...
Trying poles 38 to 38
Accuracy satisfied.
Processing window 60/110...
Trying poles 38 to 38
Accuracy satisfied.
Processing window 61/110...
Trying poles 38 to 38
Accuracy satisfied.
Processing window 62/110...
Trying poles 38 to 38
Accuracy satisfied.
Processing window 63/110...
Trying poles 38 to 38
Accuracy satisfied.
Processing window 64/110...
Trying poles 38 to 38
Accuracy satisfied.
Processing window 65/110...
Trying poles 38 to 38
Accuracy satisfied.
Processing window 66/110...
Trying poles 38 to 38
Accuracy satisfied.
Processing window 67/110...
Trying poles 39 to 39
Accuracy satisfied.
Processing window 68/110...
Trying poles 39 to 39
Accuracy satisfied.
Processing window 69/110...
Trying poles 39 to 39
Accuracy satisfied.
Processing window 70/110...
Trying poles 39 to 39
Accuracy satisfied.
Processing window 71/110...
Trying poles 39 to 39
Accuracy satisfied.
Processing window 72/110...
Trying poles 39 to 39
Accuracy satisfied.
Processing window 73/110...
Trying poles 39 to 39
Accuracy satisfied.
Processing window 74/110...
Trying poles 39 to 39
Accuracy satisfied.
Processing window 75/110...
Trying poles 39 to 39
Accuracy satisfied.
Processing window 76/110...
Trying poles 39 to 39
Accuracy satisfied.
Processing window 77/110...
Trying poles 39 to 39
Accuracy satisfied.
Processing window 78/110...
Trying poles 39 to 39
Accuracy satisfied.
Processing window 79/110...
Trying poles 40 to 40
Accuracy satisfied.
Processing window 80/110...
Trying poles 40 to 40
Accuracy satisfied.
Processing window 81/110...
Trying poles 40 to 40
Accuracy satisfied.
Processing window 82/110...
Trying poles 40 to 40
Accuracy satisfied.
Processing window 83/110...
Trying poles 40 to 40
Accuracy satisfied.
Processing window 84/110...
Trying poles 40 to 40
Accuracy satisfied.
Processing window 85/110...
Trying poles 40 to 40
Accuracy satisfied.
Processing window 86/110...
Trying poles 40 to 40
Accuracy satisfied.
Processing window 87/110...
Trying poles 40 to 40
Accuracy satisfied.
Processing window 88/110...
Trying poles 40 to 40
Accuracy satisfied.
Processing window 89/110...
Trying poles 40 to 40
Accuracy satisfied.
Processing window 90/110...
Trying poles 40 to 40
Accuracy satisfied.
Processing window 91/110...
Trying poles 40 to 40
Accuracy satisfied.
Processing window 92/110...
Trying poles 40 to 40
Accuracy satisfied.
Processing window 93/110...
Trying poles 40 to 40
Accuracy satisfied.
Processing window 94/110...
Trying poles 41 to 41
Accuracy satisfied.
Processing window 95/110...
Trying poles 41 to 41
Accuracy satisfied.
Processing window 96/110...
Trying poles 41 to 41
Accuracy satisfied.
Processing window 97/110...
Trying poles 41 to 41
Accuracy satisfied.
Processing window 98/110...
Trying poles 41 to 41
Accuracy satisfied.
Processing window 99/110...
Trying poles 41 to 41
Accuracy satisfied.
Processing window 100/110...
Trying poles 41 to 41
Accuracy satisfied.
Processing window 101/110...
Trying poles 41 to 41
Accuracy satisfied.
Processing window 102/110...
Trying poles 41 to 41
Trying poles 41 to 42
Trying poles 41 to 43
Accuracy satisfied.
Processing window 103/110...
Trying poles 41 to 41
Trying poles 41 to 42
Trying poles 41 to 43
Accuracy satisfied.
Processing window 104/110...
Trying poles 43 to 43
Trying poles 43 to 44
Trying poles 42 to 44
Trying poles 41 to 44
Accuracy satisfied.
Processing window 105/110...
Trying poles 43 to 43
Trying poles 43 to 44
Trying poles 42 to 44
Accuracy satisfied.
Processing window 106/110...
Trying poles 43 to 43
Accuracy satisfied.
Processing window 107/110...
Trying poles 44 to 44
Accuracy satisfied.
Processing window 108/110...
Trying poles 44 to 44
Accuracy satisfied.
Processing window 109/110...
Trying poles 44 to 44
Accuracy satisfied.
Processing window 110/110...
Trying poles 44 to 44
Accuracy satisfied.
Best library so far.
Testing N_win=110 N_cf=7
Windowing:
  config: # windows=110, spacing=0.20325013873881487, CF order=7
  error tolerance: rtol=0.01, atol=1e-05
Processing window 1/110...
Trying poles 4 to 4
Failed: Pure curvefit failed for the first window!
Testing N_win=215 N_cf=10
Windowing:
  config: # windows=215, spacing=0.10398844307567273, CF order=10
  error tolerance: rtol=0.01, atol=1e-05
Processing window 1/215...
Trying poles 3 to 3
Failed: Pure curvefit failed for the first window!
Testing N_win=320 N_cf=10
Windowing:
  config: # windows=320, spacing=0.06986723519146762, CF order=10
  error tolerance: rtol=0.01, atol=1e-05
Processing window 1/320...
Trying poles 3 to 3
Failed: Pure curvefit failed for the first window!
Testing N_win=425 N_cf=10
Windowing:
  config: # windows=425, spacing=0.05260591826181091, CF order=10
  error tolerance: rtol=0.01, atol=1e-05
Processing window 1/425...
Trying poles 3 to 3
Failed: Pure curvefit failed for the first window!
Testing N_win=530 N_cf=10
Windowing:
  config: # windows=530, spacing=0.042183991058999316, CF order=10
  error tolerance: rtol=0.01, atol=1e-05
Processing window 1/530...
Trying poles 3 to 3
Failed: Pure curvefit failed for the first window!
Testing N_win=635 N_cf=10
Windowing:
  config: # windows=635, spacing=0.035208685450818324, CF order=10
  error tolerance: rtol=0.01, atol=1e-05
Processing window 1/635...
Trying poles 3 to 3
Failed: Pure curvefit failed for the first window!
Testing N_win=740 N_cf=10
Windowing:
  config: # windows=740, spacing=0.030212858461175184, CF order=10
  error tolerance: rtol=0.01, atol=1e-05
Processing window 1/740...
Trying poles 3 to 3
Failed: Pure curvefit failed for the first window!
Testing N_win=845 N_cf=10
Windowing:
  config: # windows=845, spacing=0.02645859794233093, CF order=10
  error tolerance: rtol=0.01, atol=1e-05
Processing window 1/845...
Trying poles 3 to 3
Failed: Pure curvefit failed for the first window!
Testing N_win=950 N_cf=10
Windowing:
  config: # windows=950, spacing=0.023534226590810142, CF order=10
  error tolerance: rtol=0.01, atol=1e-05
Processing window 1/950...
Trying poles 3 to 3
Failed: Pure curvefit failed for the first window!
Testing N_win=1055 N_cf=10
Windowing:
  config: # windows=1055, spacing=0.021191957593620508, CF order=10
  error tolerance: rtol=0.01, atol=1e-05
Processing window 1/1055...
Trying poles 2 to 2
Failed: Pure curvefit failed for the first window!
Testing N_win=1160 N_cf=10
Windowing:
  config: # windows=1160, spacing=0.019273720052818653, CF order=10
  error tolerance: rtol=0.01, atol=1e-05
Processing window 1/1160...
Trying poles 2 to 2
Failed: Pure curvefit failed for the first window!
Testing N_win=1265 N_cf=10
Windowing:
  config: # windows=1265, spacing=0.017673925107723032, CF order=10
  error tolerance: rtol=0.01, atol=1e-05
Processing window 1/1265...
Trying poles 2 to 2
Failed: Pure curvefit failed for the first window!
Testing N_win=1370 N_cf=10
Windowing:
  config: # windows=1370, spacing=0.016319354205306304, CF order=10
  error tolerance: rtol=0.01, atol=1e-05
Processing window 1/1370...
Trying poles 2 to 2
Failed: Pure curvefit failed for the first window!
Testing N_win=1475 N_cf=10
Windowing:
  config: # windows=1475, spacing=0.01515763746526755, CF order=10
  error tolerance: rtol=0.01, atol=1e-05
Processing window 1/1475...
Trying poles 2 to 2
Failed: Pure curvefit failed for the first window!
Testing N_win=1580 N_cf=10
Windowing:
  config: # windows=1580, spacing=0.014150326114727618, CF order=10
  error tolerance: rtol=0.01, atol=1e-05
Processing window 1/1580...
Trying poles 2 to 2
Failed: Pure curvefit failed for the first window!
Testing N_win=1685 N_cf=10
Windowing:
  config: # windows=1685, spacing=0.013268555051198597, CF order=10
  error tolerance: rtol=0.01, atol=1e-05
Processing window 1/1685...
Trying poles 2 to 2
Failed: Pure curvefit failed for the first window!
Testing N_win=1790 N_cf=10
Windowing:
  config: # windows=1790, spacing=0.01249023198953611, CF order=10
  error tolerance: rtol=0.01, atol=1e-05
Processing window 1/1790...
Trying poles 2 to 2
Failed: Pure curvefit failed for the first window!
Testing N_win=1895 N_cf=10
Windowing:
  config: # windows=1895, spacing=0.011798161087741232, CF order=10
  error tolerance: rtol=0.01, atol=1e-05
Processing window 1/1895...
Trying poles 2 to 2
Failed: Pure curvefit failed for the first window!
Testing N_win=2000 N_cf=10
Windowing:
  config: # windows=2000, spacing=0.011178757630634818, CF order=10
  error tolerance: rtol=0.01, atol=1e-05
Processing window 1/2000...
Trying poles 2 to 2
Failed: Pure curvefit failed for the first window!
Final library: 21 poles, 110 windows, 0.57 poles per window, 8 CF order
