Running NJOY to get 0K point-wise data (error=0.0005)...
Parsing cross sections within resolved resonance range...
  MTs: [2, 27, 102, 18]
  Energy range: 1.000e-05 to 1.500e+03 eV (61660 points)
Vector fitting piece 1/30...
  energy: 1.000e-05 to 2.094e+00 eV (536 points)
  error tolerance: rtol=0.001, atol=1e-05
Found 0 peaks
Fitting orders from 2 to 200
Order=2(0/100)
Order=4(1/100)
Order=6(2/100)
Found ideal results. Stop!
Found 2 real poles and 2 conjugate complex pairs.
Final number of poles: 4
Saved figure: WMP_Lib/U234/0-2_MT2.png
Saved figure: WMP_Lib/U234/0-2_MT27.png
Saved figure: WMP_Lib/U234/0-2_MT102.png
Saved figure: WMP_Lib/U234/0-2_MT18.png
Vector fitting piece 2/30...
  energy: 2.609e-01 to 7.438e+00 eV (807 points)
  error tolerance: rtol=0.001, atol=1e-05
Found 1 peaks
Fitting orders from 2 to 200
Order=2(0/100)
Order=4(1/100)
Order=6(2/100)
Found ideal results. Stop!
Found 0 real poles and 3 conjugate complex pairs.
Final number of poles: 3
Saved figure: WMP_Lib/U234/0-7_MT2.png
Saved figure: WMP_Lib/U234/0-7_MT27.png
Saved figure: WMP_Lib/U234/0-7_MT102.png
Saved figure: WMP_Lib/U234/0-7_MT18.png
Vector fitting piece 3/30...
  energy: 3.219e+00 to 1.625e+01 eV (793 points)
  error tolerance: rtol=0.001, atol=1e-05
Found 1 peaks
Fitting orders from 2 to 200
Order=2(0/100)
Order=4(1/100)
Order=6(2/100)
Found ideal results. Stop!
Found 2 real poles and 2 conjugate complex pairs.
Final number of poles: 4
Saved figure: WMP_Lib/U234/3-16_MT2.png
Saved figure: WMP_Lib/U234/3-16_MT27.png
Saved figure: WMP_Lib/U234/3-16_MT102.png
Saved figure: WMP_Lib/U234/3-16_MT18.png
Vector fitting piece 4/30...
  energy: 9.548e+00 to 2.817e+01 eV (926 points)
  error tolerance: rtol=0.001, atol=1e-05
Found 2 peaks
Fitting orders from 4 to 200
Order=4(0/99)
Order=6(1/99)
Order=8(2/99)
Order=10(3/99)
Found ideal results. Stop!
Found 2 real poles and 4 conjugate complex pairs.
Final number of poles: 6
Saved figure: WMP_Lib/U234/10-28_MT2.png
Saved figure: WMP_Lib/U234/10-28_MT27.png
Saved figure: WMP_Lib/U234/10-28_MT102.png
Saved figure: WMP_Lib/U234/10-28_MT18.png
Vector fitting piece 5/30...
  energy: 1.922e+01 to 4.351e+01 eV (1656 points)
  error tolerance: rtol=0.001, atol=1e-05
Found 3 peaks
Fitting orders from 6 to 200
Order=6(0/98)
Order=8(1/98)
Order=10(2/98)
Order=12(3/98)
Order=14(4/98)
Order=16(5/98)
Order=18(6/98)
Order=20(7/98)
Order=22(8/98)
Order=24(9/98)
Order=26(10/98)
Order=28(11/98)
Order=30(12/98)
Order=32(13/98)
Order=34(14/98)
Order=36(15/98)
Order=38(16/98)
Order=40(17/98)
Order=42(18/98)
Order=44(19/98)
Order=46(20/98)
Order=48(21/98)
Order=50(22/98)
Order=52(23/98)
Order=54(24/98)
Order=56(25/98)
Order=58(26/98)
Order=60(27/98)
Found 4 real poles and 4 conjugate complex pairs.
Final number of poles: 8
Saved figure: WMP_Lib/U234/19-44_MT2.png
Saved figure: WMP_Lib/U234/19-44_MT27.png
Saved figure: WMP_Lib/U234/19-44_MT102.png
Saved figure: WMP_Lib/U234/19-44_MT18.png
Vector fitting piece 6/30...
  energy: 3.222e+01 to 6.283e+01 eV (1465 points)
  error tolerance: rtol=0.001, atol=1e-05
Found 2 peaks
Fitting orders from 4 to 200
Order=4(0/99)
Order=6(1/99)
Order=8(2/99)
Order=10(3/99)
Order=12(4/99)
Order=14(5/99)
Order=16(6/99)
Order=18(7/99)
Order=20(8/99)
Order=22(9/99)
Order=24(10/99)
Order=26(11/99)
Order=28(12/99)
Order=30(13/99)
Order=32(14/99)
Order=34(15/99)
Order=36(16/99)
Order=38(17/99)
Order=40(18/99)
Order=42(19/99)
Order=44(20/99)
Order=46(21/99)
Order=48(22/99)
Order=50(23/99)
Order=52(24/99)
Order=54(25/99)
Order=56(26/99)
Order=58(27/99)
Order=60(28/99)
Found 2 real poles and 4 conjugate complex pairs.
Final number of poles: 6
Saved figure: WMP_Lib/U234/32-63_MT2.png
Saved figure: WMP_Lib/U234/32-63_MT27.png
Saved figure: WMP_Lib/U234/32-63_MT102.png
Saved figure: WMP_Lib/U234/32-63_MT18.png
Vector fitting piece 7/30...
  energy: 4.857e+01 to 8.438e+01 eV (1120 points)
  error tolerance: rtol=0.001, atol=1e-05
Found 1 peaks
Fitting orders from 2 to 200
Order=2(0/100)
Order=4(1/100)
Order=6(2/100)
Order=8(3/100)
Order=10(4/100)
Order=12(5/100)
Order=14(6/100)
Order=16(7/100)
Order=18(8/100)
Order=20(9/100)
Order=22(10/100)
Order=24(11/100)
Order=26(12/100)
Order=28(13/100)
Order=30(14/100)
Order=32(15/100)
Order=34(16/100)
Order=36(17/100)
Order=38(18/100)
Order=40(19/100)
Order=42(20/100)
Order=44(21/100)
Order=46(22/100)
Order=48(23/100)
Order=50(24/100)
Order=52(25/100)
Order=54(26/100)
Order=56(27/100)
Order=58(28/100)
Order=60(29/100)
Found 2 real poles and 4 conjugate complex pairs.
Final number of poles: 6
Saved figure: WMP_Lib/U234/49-84_MT2.png
Saved figure: WMP_Lib/U234/49-84_MT27.png
Saved figure: WMP_Lib/U234/49-84_MT102.png
Saved figure: WMP_Lib/U234/49-84_MT18.png
Vector fitting piece 8/30...
  energy: 6.817e+01 to 1.095e+02 eV (2164 points)
  error tolerance: rtol=0.001, atol=1e-05
Found 3 peaks
Fitting orders from 6 to 200
Order=6(0/98)
Order=8(1/98)
Order=10(2/98)
Order=12(3/98)
Order=14(4/98)
Order=16(5/98)
Order=18(6/98)
Order=20(7/98)
Order=22(8/98)
Order=24(9/98)
Order=26(10/98)
Order=28(11/98)
Order=30(12/98)
Order=32(13/98)
Order=34(14/98)
Order=36(15/98)
Order=38(16/98)
Order=40(17/98)
Order=42(18/98)
Order=44(19/98)
Order=46(20/98)
Order=48(21/98)
Order=50(22/98)
Order=52(23/98)
Order=54(24/98)
Order=56(25/98)
Order=58(26/98)
Order=60(27/98)
Found 4 real poles and 4 conjugate complex pairs.
Final number of poles: 8
Saved figure: WMP_Lib/U234/68-110_MT2.png
Saved figure: WMP_Lib/U234/68-110_MT27.png
Saved figure: WMP_Lib/U234/68-110_MT102.png
Saved figure: WMP_Lib/U234/68-110_MT18.png
Vector fitting piece 9/30...
  energy: 9.123e+01 to 1.384e+02 eV (2071 points)
  error tolerance: rtol=0.001, atol=1e-05
Found 3 peaks
Fitting orders from 6 to 200
Order=6(0/98)
Order=8(1/98)
Order=10(2/98)
Order=12(3/98)
Order=14(4/98)
Order=16(5/98)
Order=18(6/98)
Order=20(7/98)
Order=22(8/98)
Order=24(9/98)
Order=26(10/98)
Order=28(11/98)
Order=30(12/98)
Order=32(13/98)
Order=34(14/98)
Order=36(15/98)
Order=38(16/98)
Order=40(17/98)
Order=42(18/98)
Order=44(19/98)
Order=46(20/98)
Order=48(21/98)
Order=50(22/98)
Order=52(23/98)
Order=54(24/98)
Order=56(25/98)
Order=58(26/98)
Order=60(27/98)
Found 2 real poles and 4 conjugate complex pairs.
Final number of poles: 6
Saved figure: WMP_Lib/U234/91-138_MT2.png
Saved figure: WMP_Lib/U234/91-138_MT27.png
Saved figure: WMP_Lib/U234/91-138_MT102.png
Saved figure: WMP_Lib/U234/91-138_MT18.png
Vector fitting piece 10/30...
  energy: 1.175e+02 to 1.703e+02 eV (1492 points)
  error tolerance: rtol=0.001, atol=1e-05
Found 2 peaks
Fitting orders from 4 to 200
Order=4(0/99)
Order=6(1/99)
Order=8(2/99)
Order=10(3/99)
Order=12(4/99)
Order=14(5/99)
Order=16(6/99)
Order=18(7/99)
Order=20(8/99)
Order=22(9/99)
Order=24(10/99)
Order=26(11/99)
Order=28(12/99)
Order=30(13/99)
Order=32(14/99)
Order=34(15/99)
Order=36(16/99)
Order=38(17/99)
Order=40(18/99)
Order=42(19/99)
Order=44(20/99)
Order=46(21/99)
Order=48(22/99)
Order=50(23/99)
Order=52(24/99)
Order=54(25/99)
Order=56(26/99)
Order=58(27/99)
Order=60(28/99)
Found 6 real poles and 2 conjugate complex pairs.
Final number of poles: 8
Saved figure: WMP_Lib/U234/118-170_MT2.png
Saved figure: WMP_Lib/U234/118-170_MT27.png
Saved figure: WMP_Lib/U234/118-170_MT102.png
Saved figure: WMP_Lib/U234/118-170_MT18.png
Vector fitting piece 11/30...
  energy: 1.472e+02 to 2.056e+02 eV (3092 points)
  error tolerance: rtol=0.001, atol=1e-05
Found 5 peaks
Fitting orders from 10 to 200
Order=10(0/96)
Order=12(1/96)
Order=14(2/96)
Order=16(3/96)
Order=18(4/96)
Order=20(5/96)
Order=22(6/96)
Order=24(7/96)
Order=26(8/96)
Order=28(9/96)
Order=30(10/96)
Order=32(11/96)
Order=34(12/96)
Order=36(13/96)
Order=38(14/96)
Order=40(15/96)
Order=42(16/96)
Order=44(17/96)
Order=46(18/96)
Order=48(19/96)
Order=50(20/96)
Order=52(21/96)
Order=54(22/96)
Order=56(23/96)
Order=58(24/96)
Order=60(25/96)
Found 2 real poles and 8 conjugate complex pairs.
Final number of poles: 10
Saved figure: WMP_Lib/U234/147-206_MT2.png
Saved figure: WMP_Lib/U234/147-206_MT27.png
Saved figure: WMP_Lib/U234/147-206_MT102.png
Saved figure: WMP_Lib/U234/147-206_MT18.png
Vector fitting piece 12/30...
  energy: 1.802e+02 to 2.444e+02 eV (3903 points)
  error tolerance: rtol=0.001, atol=1e-05
Found 7 peaks
Fitting orders from 14 to 200
Order=14(0/94)
Order=16(1/94)
Order=18(2/94)
Order=20(3/94)
Order=22(4/94)
Order=24(5/94)
Order=26(6/94)
Order=28(7/94)
Order=30(8/94)
Order=32(9/94)
Order=34(10/94)
Order=36(11/94)
Order=38(12/94)
Order=40(13/94)
Order=42(14/94)
Order=44(15/94)
Order=46(16/94)
Order=48(17/94)
Order=50(18/94)
Order=52(19/94)
Order=54(20/94)
Order=56(21/94)
Order=58(22/94)
Order=60(23/94)
Found 6 real poles and 7 conjugate complex pairs.
Final number of poles: 13
Saved figure: WMP_Lib/U234/180-244_MT2.png
Saved figure: WMP_Lib/U234/180-244_MT27.png
Saved figure: WMP_Lib/U234/180-244_MT102.png
Saved figure: WMP_Lib/U234/180-244_MT18.png
Vector fitting piece 13/30...
  energy: 2.164e+02 to 2.864e+02 eV (3488 points)
  error tolerance: rtol=0.001, atol=1e-05
Found 6 peaks
Fitting orders from 12 to 200
Order=12(0/95)
Order=14(1/95)
Order=16(2/95)
Order=18(3/95)
Order=20(4/95)
Order=22(5/95)
Order=24(6/95)
Order=26(7/95)
Order=28(8/95)
Order=30(9/95)
Order=32(10/95)
Order=34(11/95)
Order=36(12/95)
Order=38(13/95)
Order=40(14/95)
Order=42(15/95)
Order=44(16/95)
Order=46(17/95)
Order=48(18/95)
Order=50(19/95)
Order=52(20/95)
Order=54(21/95)
Order=56(22/95)
Order=58(23/95)
Order=60(24/95)
Found 6 real poles and 6 conjugate complex pairs.
Final number of poles: 12
Saved figure: WMP_Lib/U234/216-286_MT2.png
Saved figure: WMP_Lib/U234/216-286_MT27.png
Saved figure: WMP_Lib/U234/216-286_MT102.png
Saved figure: WMP_Lib/U234/216-286_MT18.png
Vector fitting piece 14/30...
  energy: 2.562e+02 to 3.316e+02 eV (3753 points)
  error tolerance: rtol=0.001, atol=1e-05
Found 6 peaks
Fitting orders from 12 to 200
Order=12(0/95)
Order=14(1/95)
Order=16(2/95)
Order=18(3/95)
Order=20(4/95)
Order=22(5/95)
Order=24(6/95)
Order=26(7/95)
Order=28(8/95)
Order=30(9/95)
Order=32(10/95)
Order=34(11/95)
Order=36(12/95)
Order=38(13/95)
Order=40(14/95)
Order=42(15/95)
Order=44(16/95)
Order=46(17/95)
Order=48(18/95)
Order=50(19/95)
Order=52(20/95)
Order=54(21/95)
Order=56(22/95)
Order=58(23/95)
Order=60(24/95)
Found 4 real poles and 7 conjugate complex pairs.
Final number of poles: 11
Saved figure: WMP_Lib/U234/256-332_MT2.png
Saved figure: WMP_Lib/U234/256-332_MT27.png
Saved figure: WMP_Lib/U234/256-332_MT102.png
Saved figure: WMP_Lib/U234/256-332_MT18.png
Vector fitting piece 15/30...
  energy: 2.991e+02 to 3.806e+02 eV (3552 points)
  error tolerance: rtol=0.001, atol=1e-05
Found 6 peaks
Fitting orders from 12 to 200
Order=12(0/95)
Order=14(1/95)
Order=16(2/95)
Order=18(3/95)
Order=20(4/95)
Order=22(5/95)
Order=24(6/95)
Order=26(7/95)
Order=28(8/95)
Order=30(9/95)
Order=32(10/95)
Order=34(11/95)
Order=36(12/95)
Order=38(13/95)
Order=40(14/95)
Order=42(15/95)
Order=44(16/95)
Order=46(17/95)
Order=48(18/95)
Order=50(19/95)
Order=52(20/95)
Order=54(21/95)
Order=56(22/95)
Order=58(23/95)
Order=60(24/95)
Found 2 real poles and 8 conjugate complex pairs.
Final number of poles: 10
Saved figure: WMP_Lib/U234/299-381_MT2.png
Saved figure: WMP_Lib/U234/299-381_MT27.png
Saved figure: WMP_Lib/U234/299-381_MT102.png
Saved figure: WMP_Lib/U234/299-381_MT18.png
Vector fitting piece 16/30...
  energy: 3.455e+02 to 4.324e+02 eV (3390 points)
  error tolerance: rtol=0.001, atol=1e-05
Found 6 peaks
Fitting orders from 12 to 200
Order=12(0/95)
Order=14(1/95)
Order=16(2/95)
Order=18(3/95)
Order=20(4/95)
Order=22(5/95)
Order=24(6/95)
Order=26(7/95)
Order=28(8/95)
Order=30(9/95)
Order=32(10/95)
Order=34(11/95)
Order=36(12/95)
Order=38(13/95)
Order=40(14/95)
Order=42(15/95)
Order=44(16/95)
Order=46(17/95)
Order=48(18/95)
Order=50(19/95)
Order=52(20/95)
Order=54(21/95)
Order=56(22/95)
Order=58(23/95)
Order=60(24/95)
Found 4 real poles and 7 conjugate complex pairs.
Final number of poles: 11
Saved figure: WMP_Lib/U234/345-432_MT2.png
Saved figure: WMP_Lib/U234/345-432_MT27.png
Saved figure: WMP_Lib/U234/345-432_MT102.png
Saved figure: WMP_Lib/U234/345-432_MT18.png
Vector fitting piece 17/30...
  energy: 3.951e+02 to 4.877e+02 eV (3503 points)
  error tolerance: rtol=0.001, atol=1e-05
Found 6 peaks
Fitting orders from 12 to 200
Order=12(0/95)
Order=14(1/95)
Order=16(2/95)
Order=18(3/95)
Order=20(4/95)
Order=22(5/95)
Order=24(6/95)
Order=26(7/95)
Order=28(8/95)
Order=30(9/95)
Order=32(10/95)
Order=34(11/95)
Order=36(12/95)
Order=38(13/95)
Order=40(14/95)
Order=42(15/95)
Order=44(16/95)
Order=46(17/95)
Order=48(18/95)
Order=50(19/95)
Order=52(20/95)
Order=54(21/95)
Order=56(22/95)
Order=58(23/95)
Order=60(24/95)
Found 6 real poles and 7 conjugate complex pairs.
Final number of poles: 13
Saved figure: WMP_Lib/U234/395-488_MT2.png
Saved figure: WMP_Lib/U234/395-488_MT27.png
Saved figure: WMP_Lib/U234/395-488_MT102.png
Saved figure: WMP_Lib/U234/395-488_MT18.png
Vector fitting piece 18/30...
  energy: 4.481e+02 to 5.463e+02 eV (4877 points)
  error tolerance: rtol=0.001, atol=1e-05
Found 9 peaks
Fitting orders from 18 to 200
Order=18(0/92)
Order=20(1/92)
Order=22(2/92)
Order=24(3/92)
Order=26(4/92)
Order=28(5/92)
Order=30(6/92)
Order=32(7/92)
Order=34(8/92)
Order=36(9/92)
Order=38(10/92)
Order=40(11/92)
Order=42(12/92)
Order=44(13/92)
Order=46(14/92)
Order=48(15/92)
Order=50(16/92)
Order=52(17/92)
Order=54(18/92)
Order=56(19/92)
Order=58(20/92)
Order=60(21/92)
Found 4 real poles and 10 conjugate complex pairs.
Final number of poles: 14
Saved figure: WMP_Lib/U234/448-546_MT2.png
Saved figure: WMP_Lib/U234/448-546_MT27.png
Saved figure: WMP_Lib/U234/448-546_MT102.png
Saved figure: WMP_Lib/U234/448-546_MT18.png
Vector fitting piece 19/30...
  energy: 5.045e+02 to 6.085e+02 eV (5654 points)
  error tolerance: rtol=0.001, atol=1e-05
Found 11 peaks
Fitting orders from 22 to 200
Order=22(0/90)
Order=24(1/90)
Order=26(2/90)
Order=28(3/90)
Order=30(4/90)
Order=32(5/90)
Order=34(6/90)
Order=36(7/90)
Order=38(8/90)
Order=40(9/90)
Order=42(10/90)
Order=44(11/90)
Order=46(12/90)
Order=48(13/90)
Order=50(14/90)
Order=52(15/90)
Order=54(16/90)
Order=56(17/90)
Order=58(18/90)
Order=60(19/90)
Found 4 real poles and 13 conjugate complex pairs.
Final number of poles: 17
Saved figure: WMP_Lib/U234/504-609_MT2.png
Saved figure: WMP_Lib/U234/504-609_MT27.png
Saved figure: WMP_Lib/U234/504-609_MT102.png
Saved figure: WMP_Lib/U234/504-609_MT18.png
Vector fitting piece 20/30...
  energy: 5.641e+02 to 6.738e+02 eV (4379 points)
  error tolerance: rtol=0.001, atol=1e-05
Found 9 peaks
Fitting orders from 18 to 200
Order=18(0/92)
Order=20(1/92)
Order=22(2/92)
Order=24(3/92)
Order=26(4/92)
Order=28(5/92)
Order=30(6/92)
Order=32(7/92)
Order=34(8/92)
Order=36(9/92)
Order=38(10/92)
Order=40(11/92)
Order=42(12/92)
Order=44(13/92)
Order=46(14/92)
Order=48(15/92)
Order=50(16/92)
Order=52(17/92)
Order=54(18/92)
Order=56(19/92)
Order=58(20/92)
Order=60(21/92)
Found 4 real poles and 11 conjugate complex pairs.
Final number of poles: 15
Saved figure: WMP_Lib/U234/564-674_MT2.png
Saved figure: WMP_Lib/U234/564-674_MT27.png
Saved figure: WMP_Lib/U234/564-674_MT102.png
Saved figure: WMP_Lib/U234/564-674_MT18.png
Vector fitting piece 21/30...
  energy: 6.271e+02 to 7.427e+02 eV (4309 points)
  error tolerance: rtol=0.001, atol=1e-05
Found 9 peaks
Fitting orders from 18 to 200
Order=18(0/92)
Order=20(1/92)
Order=22(2/92)
Order=24(3/92)
Order=26(4/92)
Order=28(5/92)
Order=30(6/92)
Order=32(7/92)
Order=34(8/92)
Order=36(9/92)
Order=38(10/92)
Order=40(11/92)
Order=42(12/92)
Order=44(13/92)
Order=46(14/92)
Order=48(15/92)
Order=50(16/92)
Order=52(17/92)
Order=54(18/92)
Order=56(19/92)
Order=58(20/92)
Order=60(21/92)
Found 4 real poles and 10 conjugate complex pairs.
Final number of poles: 14
Saved figure: WMP_Lib/U234/627-743_MT2.png
Saved figure: WMP_Lib/U234/627-743_MT27.png
Saved figure: WMP_Lib/U234/627-743_MT102.png
Saved figure: WMP_Lib/U234/627-743_MT18.png
Vector fitting piece 22/30...
  energy: 6.934e+02 to 8.143e+02 eV (4964 points)
  error tolerance: rtol=0.001, atol=1e-05
Found 10 peaks
Fitting orders from 20 to 200
Order=20(0/91)
Order=22(1/91)
Order=24(2/91)
Order=26(3/91)
Order=28(4/91)
Order=30(5/91)
Order=32(6/91)
Order=34(7/91)
Order=36(8/91)
Order=38(9/91)
Order=40(10/91)
Order=42(11/91)
Order=44(12/91)
Order=46(13/91)
Order=48(14/91)
Order=50(15/91)
Order=52(16/91)
Order=54(17/91)
Order=56(18/91)
Order=58(19/91)
Order=60(20/91)
Found 2 real poles and 12 conjugate complex pairs.
Final number of poles: 14
Saved figure: WMP_Lib/U234/693-814_MT2.png
Saved figure: WMP_Lib/U234/693-814_MT27.png
Saved figure: WMP_Lib/U234/693-814_MT102.png
Saved figure: WMP_Lib/U234/693-814_MT18.png
Vector fitting piece 23/30...
  energy: 7.631e+02 to 8.897e+02 eV (5097 points)
  error tolerance: rtol=0.001, atol=1e-05
Found 11 peaks
Fitting orders from 22 to 200
Order=22(0/90)
Order=24(1/90)
Order=26(2/90)
Order=28(3/90)
Order=30(4/90)
Order=32(5/90)
Order=34(6/90)
Order=36(7/90)
Order=38(8/90)
Order=40(9/90)
Order=42(10/90)
Order=44(11/90)
Order=46(12/90)
Order=48(13/90)
Order=50(14/90)
Order=52(15/90)
Order=54(16/90)
Order=56(17/90)
Order=58(18/90)
Order=60(19/90)
Found 2 real poles and 13 conjugate complex pairs.
Final number of poles: 15
Saved figure: WMP_Lib/U234/763-890_MT2.png
Saved figure: WMP_Lib/U234/763-890_MT27.png
Saved figure: WMP_Lib/U234/763-890_MT102.png
Saved figure: WMP_Lib/U234/763-890_MT18.png
Vector fitting piece 24/30...
  energy: 8.358e+02 to 9.686e+02 eV (3021 points)
  error tolerance: rtol=0.001, atol=1e-05
Found 6 peaks
Fitting orders from 12 to 200
Order=12(0/95)
Order=14(1/95)
Order=16(2/95)
Order=18(3/95)
Order=20(4/95)
Order=22(5/95)
Order=24(6/95)
Order=26(7/95)
Order=28(8/95)
Order=30(9/95)
Order=32(10/95)
Order=34(11/95)
Order=36(12/95)
Order=38(13/95)
Order=40(14/95)
Order=42(15/95)
Order=44(16/95)
Order=46(17/95)
Order=48(18/95)
Order=50(19/95)
Order=52(20/95)
Order=54(21/95)
Order=56(22/95)
Order=58(23/95)
Order=60(24/95)
Found 4 real poles and 7 conjugate complex pairs.
Final number of poles: 11
Saved figure: WMP_Lib/U234/836-969_MT2.png
Saved figure: WMP_Lib/U234/836-969_MT27.png
Saved figure: WMP_Lib/U234/836-969_MT102.png
Saved figure: WMP_Lib/U234/836-969_MT18.png
Vector fitting piece 25/30...
  energy: 9.123e+02 to 1.050e+03 eV (2750 points)
  error tolerance: rtol=0.001, atol=1e-05
Found 5 peaks
Fitting orders from 10 to 200
Order=10(0/96)
Order=12(1/96)
Order=14(2/96)
Order=16(3/96)
Order=18(4/96)
Order=20(5/96)
Order=22(6/96)
Order=24(7/96)
Order=26(8/96)
Order=28(9/96)
Order=30(10/96)
Order=32(11/96)
Order=34(12/96)
Order=36(13/96)
Order=38(14/96)
Order=40(15/96)
Order=42(16/96)
Order=44(17/96)
Order=46(18/96)
Order=48(19/96)
Order=50(20/96)
Order=52(21/96)
Order=54(22/96)
Order=56(23/96)
Order=58(24/96)
Order=60(25/96)
Found 4 real poles and 6 conjugate complex pairs.
Final number of poles: 10
Saved figure: WMP_Lib/U234/912-1050_MT2.png
Saved figure: WMP_Lib/U234/912-1050_MT27.png
Saved figure: WMP_Lib/U234/912-1050_MT102.png
Saved figure: WMP_Lib/U234/912-1050_MT18.png
Vector fitting piece 26/30...
  energy: 9.920e+02 to 1.136e+03 eV (4996 points)
  error tolerance: rtol=0.001, atol=1e-05
Found 11 peaks
Fitting orders from 22 to 200
Order=22(0/90)
Order=24(1/90)
Order=26(2/90)
Order=28(3/90)
Order=30(4/90)
Order=32(5/90)
Order=34(6/90)
Order=36(7/90)
Order=38(8/90)
Order=40(9/90)
Order=42(10/90)
Order=44(11/90)
Order=46(12/90)
Order=48(13/90)
Order=50(14/90)
Order=52(15/90)
Order=54(16/90)
Order=56(17/90)
Order=58(18/90)
Order=60(19/90)
Found 4 real poles and 12 conjugate complex pairs.
Final number of poles: 16
Saved figure: WMP_Lib/U234/992-1136_MT2.png
Saved figure: WMP_Lib/U234/992-1136_MT27.png
Saved figure: WMP_Lib/U234/992-1136_MT102.png
Saved figure: WMP_Lib/U234/992-1136_MT18.png
Vector fitting piece 27/30...
  energy: 1.075e+03 to 1.224e+03 eV (5563 points)
  error tolerance: rtol=0.001, atol=1e-05
Found 13 peaks
Fitting orders from 26 to 200
Order=26(0/88)
Order=28(1/88)
Order=30(2/88)
Order=32(3/88)
Order=34(4/88)
Order=36(5/88)
Order=38(6/88)
Order=40(7/88)
Order=42(8/88)
Order=44(9/88)
Order=46(10/88)
Order=48(11/88)
Order=50(12/88)
Order=52(13/88)
Order=54(14/88)
Order=56(15/88)
Order=58(16/88)
Order=60(17/88)
Found 4 real poles and 14 conjugate complex pairs.
Final number of poles: 18
Saved figure: WMP_Lib/U234/1075-1224_MT2.png
Saved figure: WMP_Lib/U234/1075-1224_MT27.png
Saved figure: WMP_Lib/U234/1075-1224_MT102.png
Saved figure: WMP_Lib/U234/1075-1224_MT18.png
Vector fitting piece 28/30...
  energy: 1.161e+03 to 1.317e+03 eV (5425 points)
  error tolerance: rtol=0.001, atol=1e-05
Found 12 peaks
Fitting orders from 24 to 200
Order=24(0/89)
Order=26(1/89)
Order=28(2/89)
Order=30(3/89)
Order=32(4/89)
Order=34(5/89)
Order=36(6/89)
Order=38(7/89)
Order=40(8/89)
Order=42(9/89)
Order=44(10/89)
Order=46(11/89)
Order=48(12/89)
Order=50(13/89)
Order=52(14/89)
Order=54(15/89)
Order=56(16/89)
Order=58(17/89)
Order=60(18/89)
Found 4 real poles and 14 conjugate complex pairs.
Final number of poles: 18
Saved figure: WMP_Lib/U234/1161-1317_MT2.png
Saved figure: WMP_Lib/U234/1161-1317_MT27.png
Saved figure: WMP_Lib/U234/1161-1317_MT102.png
Saved figure: WMP_Lib/U234/1161-1317_MT18.png
Vector fitting piece 29/30...
  energy: 1.251e+03 to 1.412e+03 eV (6309 points)
  error tolerance: rtol=0.001, atol=1e-05
Found 15 peaks
Fitting orders from 30 to 200
Order=30(0/86)
Order=32(1/86)
Order=34(2/86)
Order=36(3/86)
Order=38(4/86)
Order=40(5/86)
Order=42(6/86)
Order=44(7/86)
Order=46(8/86)
Order=48(9/86)
Order=50(10/86)
Order=52(11/86)
Order=54(12/86)
Order=56(13/86)
Order=58(14/86)
Order=60(15/86)
Found 4 real poles and 16 conjugate complex pairs.
Final number of poles: 20
Saved figure: WMP_Lib/U234/1251-1412_MT2.png
Saved figure: WMP_Lib/U234/1251-1412_MT27.png
Saved figure: WMP_Lib/U234/1251-1412_MT102.png
Saved figure: WMP_Lib/U234/1251-1412_MT18.png
Vector fitting piece 30/30...
  energy: 1.344e+03 to 1.500e+03 eV (5425 points)
  error tolerance: rtol=0.001, atol=1e-05
Found 12 peaks
Fitting orders from 24 to 200
Order=24(0/89)
Order=26(1/89)
Order=28(2/89)
Order=30(3/89)
Order=32(4/89)
Order=34(5/89)
Order=36(6/89)
Order=38(7/89)
Order=40(8/89)
Order=42(9/89)
Order=44(10/89)
Order=46(11/89)
Order=48(12/89)
Order=50(13/89)
Order=52(14/89)
Order=54(15/89)
Order=56(16/89)
Order=58(17/89)
Order=60(18/89)
Found 2 real poles and 14 conjugate complex pairs.
Final number of poles: 16
Saved figure: WMP_Lib/U234/1344-1500_MT2.png
Saved figure: WMP_Lib/U234/1344-1500_MT27.png
Saved figure: WMP_Lib/U234/1344-1500_MT102.png
Saved figure: WMP_Lib/U234/1344-1500_MT18.png
Dumped multipole data to file: WMP_Lib/U234/U234_mp.pickle
Start searching ...
Testing N_win=16 N_cf=10
Failed: Window spacing cannot be larger than piece spacing.
Testing N_win=120 N_cf=10
Windowing:
  config: # windows=120, spacing=0.322722152287228, CF order=10
  error tolerance: rtol=0.001, atol=1e-05
Best library so far.
Testing N_win=120 N_cf=9
Windowing:
  config: # windows=120, spacing=0.322722152287228, CF order=9
  error tolerance: rtol=0.001, atol=1e-05
Testing N_win=120 N_cf=8
Windowing:
  config: # windows=120, spacing=0.322722152287228, CF order=8
  error tolerance: rtol=0.001, atol=1e-05
Best library so far.
Testing N_win=120 N_cf=7
Windowing:
  config: # windows=120, spacing=0.322722152287228, CF order=7
  error tolerance: rtol=0.001, atol=1e-05
Best library so far.
Testing N_win=120 N_cf=6
Windowing:
  config: # windows=120, spacing=0.322722152287228, CF order=6
  error tolerance: rtol=0.001, atol=1e-05
Best library so far.
Testing N_win=120 N_cf=5
Windowing:
  config: # windows=120, spacing=0.322722152287228, CF order=5
  error tolerance: rtol=0.001, atol=1e-05
Best library so far.
Testing N_win=120 N_cf=4
Windowing:
  config: # windows=120, spacing=0.322722152287228, CF order=4
  error tolerance: rtol=0.001, atol=1e-05
Best library so far.
Testing N_win=120 N_cf=3
Windowing:
  config: # windows=120, spacing=0.322722152287228, CF order=3
  error tolerance: rtol=0.001, atol=1e-05
Failed: Pure curvefit failed for the first window!
Testing N_win=224 N_cf=10
Windowing:
  config: # windows=224, spacing=0.17288686729672928, CF order=10
  error tolerance: rtol=0.001, atol=1e-05
Best library so far.
Testing N_win=224 N_cf=9
Windowing:
  config: # windows=224, spacing=0.17288686729672928, CF order=9
  error tolerance: rtol=0.001, atol=1e-05
Best library so far.
Testing N_win=224 N_cf=8
Windowing:
  config: # windows=224, spacing=0.17288686729672928, CF order=8
  error tolerance: rtol=0.001, atol=1e-05
Best library so far.
Testing N_win=224 N_cf=7
Windowing:
  config: # windows=224, spacing=0.17288686729672928, CF order=7
  error tolerance: rtol=0.001, atol=1e-05
Best library so far.
Testing N_win=224 N_cf=6
Windowing:
  config: # windows=224, spacing=0.17288686729672928, CF order=6
  error tolerance: rtol=0.001, atol=1e-05
Best library so far.
Testing N_win=224 N_cf=5
Windowing:
  config: # windows=224, spacing=0.17288686729672928, CF order=5
  error tolerance: rtol=0.001, atol=1e-05
Best library so far.
Testing N_win=224 N_cf=4
Windowing:
  config: # windows=224, spacing=0.17288686729672928, CF order=4
  error tolerance: rtol=0.001, atol=1e-05
Best library so far.
Testing N_win=224 N_cf=3
Windowing:
  config: # windows=224, spacing=0.17288686729672928, CF order=3
  error tolerance: rtol=0.001, atol=1e-05
Failed: Pure curvefit failed for the first window!
Testing N_win=329 N_cf=10
Windowing:
  config: # windows=329, spacing=0.11771020752117739, CF order=10
  error tolerance: rtol=0.001, atol=1e-05
Testing N_win=329 N_cf=9
Windowing:
  config: # windows=329, spacing=0.11771020752117739, CF order=9
  error tolerance: rtol=0.001, atol=1e-05
Testing N_win=329 N_cf=8
Windowing:
  config: # windows=329, spacing=0.11771020752117739, CF order=8
  error tolerance: rtol=0.001, atol=1e-05
Testing N_win=329 N_cf=7
Windowing:
  config: # windows=329, spacing=0.11771020752117739, CF order=7
  error tolerance: rtol=0.001, atol=1e-05
Best library so far.
Testing N_win=329 N_cf=6
Windowing:
  config: # windows=329, spacing=0.11771020752117739, CF order=6
  error tolerance: rtol=0.001, atol=1e-05
Best library so far.
Testing N_win=329 N_cf=5
Windowing:
  config: # windows=329, spacing=0.11771020752117739, CF order=5
  error tolerance: rtol=0.001, atol=1e-05
Best library so far.
Testing N_win=329 N_cf=4
Windowing:
  config: # windows=329, spacing=0.11771020752117739, CF order=4
  error tolerance: rtol=0.001, atol=1e-05
Best library so far.
Testing N_win=329 N_cf=3
Windowing:
  config: # windows=329, spacing=0.11771020752117739, CF order=3
  error tolerance: rtol=0.001, atol=1e-05
Failed: Pure curvefit failed for the first window!
Testing N_win=433 N_cf=10
Windowing:
  config: # windows=433, spacing=0.0894380098717491, CF order=10
  error tolerance: rtol=0.001, atol=1e-05
Testing N_win=433 N_cf=9
Windowing:
  config: # windows=433, spacing=0.0894380098717491, CF order=9
  error tolerance: rtol=0.001, atol=1e-05
Testing N_win=433 N_cf=8
Windowing:
  config: # windows=433, spacing=0.0894380098717491, CF order=8
  error tolerance: rtol=0.001, atol=1e-05
Testing N_win=433 N_cf=7
Windowing:
  config: # windows=433, spacing=0.0894380098717491, CF order=7
  error tolerance: rtol=0.001, atol=1e-05
Testing N_win=433 N_cf=6
Windowing:
  config: # windows=433, spacing=0.0894380098717491, CF order=6
  error tolerance: rtol=0.001, atol=1e-05
Testing N_win=433 N_cf=5
Windowing:
  config: # windows=433, spacing=0.0894380098717491, CF order=5
  error tolerance: rtol=0.001, atol=1e-05
Best library so far.
Testing N_win=433 N_cf=4
Windowing:
  config: # windows=433, spacing=0.0894380098717491, CF order=4
  error tolerance: rtol=0.001, atol=1e-05
Best library so far.
Testing N_win=433 N_cf=3
Windowing:
  config: # windows=433, spacing=0.0894380098717491, CF order=3
  error tolerance: rtol=0.001, atol=1e-05
Testing N_win=433 N_cf=2
Windowing:
  config: # windows=433, spacing=0.0894380098717491, CF order=2
  error tolerance: rtol=0.001, atol=1e-05
Failed: Pure curvefit failed for the first window!
Testing N_win=538 N_cf=10
Windowing:
  config: # windows=538, spacing=0.07198263619789472, CF order=10
  error tolerance: rtol=0.001, atol=1e-05
Testing N_win=538 N_cf=9
Windowing:
  config: # windows=538, spacing=0.07198263619789472, CF order=9
  error tolerance: rtol=0.001, atol=1e-05
Testing N_win=538 N_cf=8
Windowing:
  config: # windows=538, spacing=0.07198263619789472, CF order=8
  error tolerance: rtol=0.001, atol=1e-05
Testing N_win=538 N_cf=7
Windowing:
  config: # windows=538, spacing=0.07198263619789472, CF order=7
  error tolerance: rtol=0.001, atol=1e-05
Testing N_win=538 N_cf=6
Windowing:
  config: # windows=538, spacing=0.07198263619789472, CF order=6
  error tolerance: rtol=0.001, atol=1e-05
Testing N_win=538 N_cf=5
Windowing:
  config: # windows=538, spacing=0.07198263619789472, CF order=5
  error tolerance: rtol=0.001, atol=1e-05
Testing N_win=538 N_cf=4
Windowing:
  config: # windows=538, spacing=0.07198263619789472, CF order=4
  error tolerance: rtol=0.001, atol=1e-05
Best library so far.
Testing N_win=538 N_cf=3
Windowing:
  config: # windows=538, spacing=0.07198263619789472, CF order=3
  error tolerance: rtol=0.001, atol=1e-05
Testing N_win=538 N_cf=2
Windowing:
  config: # windows=538, spacing=0.07198263619789472, CF order=2
  error tolerance: rtol=0.001, atol=1e-05
Failed: Pure curvefit failed for the first window!
Testing N_win=642 N_cf=10
Windowing:
  config: # windows=642, spacing=0.060321897623780936, CF order=10
  error tolerance: rtol=0.001, atol=1e-05
Testing N_win=642 N_cf=9
Windowing:
  config: # windows=642, spacing=0.060321897623780936, CF order=9
  error tolerance: rtol=0.001, atol=1e-05
Testing N_win=642 N_cf=8
Windowing:
  config: # windows=642, spacing=0.060321897623780936, CF order=8
  error tolerance: rtol=0.001, atol=1e-05
Testing N_win=642 N_cf=7
Windowing:
  config: # windows=642, spacing=0.060321897623780936, CF order=7
  error tolerance: rtol=0.001, atol=1e-05
Testing N_win=642 N_cf=6
Windowing:
  config: # windows=642, spacing=0.060321897623780936, CF order=6
  error tolerance: rtol=0.001, atol=1e-05
Testing N_win=642 N_cf=5
Windowing:
  config: # windows=642, spacing=0.060321897623780936, CF order=5
  error tolerance: rtol=0.001, atol=1e-05
Testing N_win=642 N_cf=4
Windowing:
  config: # windows=642, spacing=0.060321897623780936, CF order=4
  error tolerance: rtol=0.001, atol=1e-05
Testing N_win=642 N_cf=3
Windowing:
  config: # windows=642, spacing=0.060321897623780936, CF order=3
  error tolerance: rtol=0.001, atol=1e-05
Testing N_win=642 N_cf=2
Windowing:
  config: # windows=642, spacing=0.060321897623780936, CF order=2
  error tolerance: rtol=0.001, atol=1e-05
Failed: Pure curvefit failed for the first window!
Testing N_win=746 N_cf=10
Windowing:
  config: # windows=746, spacing=0.05191241055558628, CF order=10
  error tolerance: rtol=0.001, atol=1e-05
Testing N_win=746 N_cf=9
Windowing:
  config: # windows=746, spacing=0.05191241055558628, CF order=9
  error tolerance: rtol=0.001, atol=1e-05
Testing N_win=746 N_cf=8
Windowing:
  config: # windows=746, spacing=0.05191241055558628, CF order=8
  error tolerance: rtol=0.001, atol=1e-05
Testing N_win=746 N_cf=7
Windowing:
  config: # windows=746, spacing=0.05191241055558628, CF order=7
  error tolerance: rtol=0.001, atol=1e-05
Testing N_win=746 N_cf=6
Windowing:
  config: # windows=746, spacing=0.05191241055558628, CF order=6
  error tolerance: rtol=0.001, atol=1e-05
Testing N_win=746 N_cf=5
Windowing:
  config: # windows=746, spacing=0.05191241055558628, CF order=5
  error tolerance: rtol=0.001, atol=1e-05
Testing N_win=746 N_cf=4
Windowing:
  config: # windows=746, spacing=0.05191241055558628, CF order=4
  error tolerance: rtol=0.001, atol=1e-05
Testing N_win=746 N_cf=3
Windowing:
  config: # windows=746, spacing=0.05191241055558628, CF order=3
  error tolerance: rtol=0.001, atol=1e-05
Testing N_win=746 N_cf=2
Windowing:
  config: # windows=746, spacing=0.05191241055558628, CF order=2
  error tolerance: rtol=0.001, atol=1e-05
Failed: Pure curvefit failed for the first window!
Testing N_win=851 N_cf=10
Windowing:
  config: # windows=851, spacing=0.04550723651523779, CF order=10
  error tolerance: rtol=0.001, atol=1e-05
Testing N_win=851 N_cf=9
Windowing:
  config: # windows=851, spacing=0.04550723651523779, CF order=9
  error tolerance: rtol=0.001, atol=1e-05
Testing N_win=851 N_cf=8
Windowing:
  config: # windows=851, spacing=0.04550723651523779, CF order=8
  error tolerance: rtol=0.001, atol=1e-05
Testing N_win=851 N_cf=7
Windowing:
  config: # windows=851, spacing=0.04550723651523779, CF order=7
  error tolerance: rtol=0.001, atol=1e-05
Testing N_win=851 N_cf=6
Windowing:
  config: # windows=851, spacing=0.04550723651523779, CF order=6
  error tolerance: rtol=0.001, atol=1e-05
Testing N_win=851 N_cf=5
Windowing:
  config: # windows=851, spacing=0.04550723651523779, CF order=5
  error tolerance: rtol=0.001, atol=1e-05
Testing N_win=851 N_cf=4
Windowing:
  config: # windows=851, spacing=0.04550723651523779, CF order=4
  error tolerance: rtol=0.001, atol=1e-05
Testing N_win=851 N_cf=3
Windowing:
  config: # windows=851, spacing=0.04550723651523779, CF order=3
  error tolerance: rtol=0.001, atol=1e-05
Testing N_win=851 N_cf=2
Windowing:
  config: # windows=851, spacing=0.04550723651523779, CF order=2
  error tolerance: rtol=0.001, atol=1e-05
Failed: Pure curvefit failed for the first window!
Testing N_win=955 N_cf=10
Windowing:
  config: # windows=955, spacing=0.04055147463295012, CF order=10
  error tolerance: rtol=0.001, atol=1e-05
Testing N_win=955 N_cf=9
Windowing:
  config: # windows=955, spacing=0.04055147463295012, CF order=9
  error tolerance: rtol=0.001, atol=1e-05
Testing N_win=955 N_cf=8
Windowing:
  config: # windows=955, spacing=0.04055147463295012, CF order=8
  error tolerance: rtol=0.001, atol=1e-05
Testing N_win=955 N_cf=7
Windowing:
  config: # windows=955, spacing=0.04055147463295012, CF order=7
  error tolerance: rtol=0.001, atol=1e-05
Testing N_win=955 N_cf=6
Windowing:
  config: # windows=955, spacing=0.04055147463295012, CF order=6
  error tolerance: rtol=0.001, atol=1e-05
Testing N_win=955 N_cf=5
Windowing:
  config: # windows=955, spacing=0.04055147463295012, CF order=5
  error tolerance: rtol=0.001, atol=1e-05
Testing N_win=955 N_cf=4
Windowing:
  config: # windows=955, spacing=0.04055147463295012, CF order=4
  error tolerance: rtol=0.001, atol=1e-05
Testing N_win=955 N_cf=3
Windowing:
  config: # windows=955, spacing=0.04055147463295012, CF order=3
  error tolerance: rtol=0.001, atol=1e-05
Testing N_win=955 N_cf=2
Windowing:
  config: # windows=955, spacing=0.04055147463295012, CF order=2
  error tolerance: rtol=0.001, atol=1e-05
Failed: Pure curvefit failed for the first window!
Testing N_win=1060 N_cf=10
Windowing:
  config: # windows=1060, spacing=0.0365345832777994, CF order=10
  error tolerance: rtol=0.001, atol=1e-05
Testing N_win=1060 N_cf=9
Windowing:
  config: # windows=1060, spacing=0.0365345832777994, CF order=9
  error tolerance: rtol=0.001, atol=1e-05
Testing N_win=1060 N_cf=8
Windowing:
  config: # windows=1060, spacing=0.0365345832777994, CF order=8
  error tolerance: rtol=0.001, atol=1e-05
Testing N_win=1060 N_cf=7
Windowing:
  config: # windows=1060, spacing=0.0365345832777994, CF order=7
  error tolerance: rtol=0.001, atol=1e-05
Testing N_win=1060 N_cf=6
Windowing:
  config: # windows=1060, spacing=0.0365345832777994, CF order=6
  error tolerance: rtol=0.001, atol=1e-05
Testing N_win=1060 N_cf=5
Windowing:
  config: # windows=1060, spacing=0.0365345832777994, CF order=5
  error tolerance: rtol=0.001, atol=1e-05
Testing N_win=1060 N_cf=4
Windowing:
  config: # windows=1060, spacing=0.0365345832777994, CF order=4
  error tolerance: rtol=0.001, atol=1e-05
Testing N_win=1060 N_cf=3
Windowing:
  config: # windows=1060, spacing=0.0365345832777994, CF order=3
  error tolerance: rtol=0.001, atol=1e-05
Testing N_win=1060 N_cf=2
Windowing:
  config: # windows=1060, spacing=0.0365345832777994, CF order=2
  error tolerance: rtol=0.001, atol=1e-05
Failed: Pure curvefit failed for the first window!
Testing N_win=1164 N_cf=10
Windowing:
  config: # windows=1164, spacing=0.033270324978064744, CF order=10
  error tolerance: rtol=0.001, atol=1e-05
Testing N_win=1164 N_cf=9
Windowing:
  config: # windows=1164, spacing=0.033270324978064744, CF order=9
  error tolerance: rtol=0.001, atol=1e-05
Testing N_win=1164 N_cf=8
Windowing:
  config: # windows=1164, spacing=0.033270324978064744, CF order=8
  error tolerance: rtol=0.001, atol=1e-05
Testing N_win=1164 N_cf=7
Windowing:
  config: # windows=1164, spacing=0.033270324978064744, CF order=7
  error tolerance: rtol=0.001, atol=1e-05
Testing N_win=1164 N_cf=6
Windowing:
  config: # windows=1164, spacing=0.033270324978064744, CF order=6
  error tolerance: rtol=0.001, atol=1e-05
Testing N_win=1164 N_cf=5
Windowing:
  config: # windows=1164, spacing=0.033270324978064744, CF order=5
  error tolerance: rtol=0.001, atol=1e-05
Testing N_win=1164 N_cf=4
Windowing:
  config: # windows=1164, spacing=0.033270324978064744, CF order=4
  error tolerance: rtol=0.001, atol=1e-05
Testing N_win=1164 N_cf=3
Windowing:
  config: # windows=1164, spacing=0.033270324978064744, CF order=3
  error tolerance: rtol=0.001, atol=1e-05
Testing N_win=1164 N_cf=2
Windowing:
  config: # windows=1164, spacing=0.033270324978064744, CF order=2
  error tolerance: rtol=0.001, atol=1e-05
Failed: Pure curvefit failed for the first window!
Testing N_win=1269 N_cf=10
Windowing:
  config: # windows=1269, spacing=0.030517461209194137, CF order=10
  error tolerance: rtol=0.001, atol=1e-05
Testing N_win=1269 N_cf=9
Windowing:
  config: # windows=1269, spacing=0.030517461209194137, CF order=9
  error tolerance: rtol=0.001, atol=1e-05
Testing N_win=1269 N_cf=8
Windowing:
  config: # windows=1269, spacing=0.030517461209194137, CF order=8
  error tolerance: rtol=0.001, atol=1e-05
Testing N_win=1269 N_cf=7
Windowing:
  config: # windows=1269, spacing=0.030517461209194137, CF order=7
  error tolerance: rtol=0.001, atol=1e-05
Testing N_win=1269 N_cf=6
Windowing:
  config: # windows=1269, spacing=0.030517461209194137, CF order=6
  error tolerance: rtol=0.001, atol=1e-05
Testing N_win=1269 N_cf=5
Windowing:
  config: # windows=1269, spacing=0.030517461209194137, CF order=5
  error tolerance: rtol=0.001, atol=1e-05
Testing N_win=1269 N_cf=4
Windowing:
  config: # windows=1269, spacing=0.030517461209194137, CF order=4
  error tolerance: rtol=0.001, atol=1e-05
Testing N_win=1269 N_cf=3
Windowing:
  config: # windows=1269, spacing=0.030517461209194137, CF order=3
  error tolerance: rtol=0.001, atol=1e-05
Testing N_win=1269 N_cf=2
Windowing:
  config: # windows=1269, spacing=0.030517461209194137, CF order=2
  error tolerance: rtol=0.001, atol=1e-05
Failed: Pure curvefit failed for the first window!
Testing N_win=1373 N_cf=10
Windowing:
  config: # windows=1373, spacing=0.028205869100121895, CF order=10
  error tolerance: rtol=0.001, atol=1e-05
Testing N_win=1373 N_cf=9
Windowing:
  config: # windows=1373, spacing=0.028205869100121895, CF order=9
  error tolerance: rtol=0.001, atol=1e-05
Testing N_win=1373 N_cf=8
Windowing:
  config: # windows=1373, spacing=0.028205869100121895, CF order=8
  error tolerance: rtol=0.001, atol=1e-05
Testing N_win=1373 N_cf=7
Windowing:
  config: # windows=1373, spacing=0.028205869100121895, CF order=7
  error tolerance: rtol=0.001, atol=1e-05
Testing N_win=1373 N_cf=6
Windowing:
  config: # windows=1373, spacing=0.028205869100121895, CF order=6
  error tolerance: rtol=0.001, atol=1e-05
Testing N_win=1373 N_cf=5
Windowing:
  config: # windows=1373, spacing=0.028205869100121895, CF order=5
  error tolerance: rtol=0.001, atol=1e-05
Testing N_win=1373 N_cf=4
Windowing:
  config: # windows=1373, spacing=0.028205869100121895, CF order=4
  error tolerance: rtol=0.001, atol=1e-05
Testing N_win=1373 N_cf=3
Windowing:
  config: # windows=1373, spacing=0.028205869100121895, CF order=3
  error tolerance: rtol=0.001, atol=1e-05
Testing N_win=1373 N_cf=2
Windowing:
  config: # windows=1373, spacing=0.028205869100121895, CF order=2
  error tolerance: rtol=0.001, atol=1e-05
Failed: Pure curvefit failed for the first window!
Testing N_win=1477 N_cf=10
Windowing:
  config: # windows=1477, spacing=0.02621980925827174, CF order=10
  error tolerance: rtol=0.001, atol=1e-05
Testing N_win=1477 N_cf=9
Windowing:
  config: # windows=1477, spacing=0.02621980925827174, CF order=9
  error tolerance: rtol=0.001, atol=1e-05
Testing N_win=1477 N_cf=8
Windowing:
  config: # windows=1477, spacing=0.02621980925827174, CF order=8
  error tolerance: rtol=0.001, atol=1e-05
Testing N_win=1477 N_cf=7
Windowing:
  config: # windows=1477, spacing=0.02621980925827174, CF order=7
  error tolerance: rtol=0.001, atol=1e-05
Testing N_win=1477 N_cf=6
Windowing:
  config: # windows=1477, spacing=0.02621980925827174, CF order=6
  error tolerance: rtol=0.001, atol=1e-05
Testing N_win=1477 N_cf=5
Windowing:
  config: # windows=1477, spacing=0.02621980925827174, CF order=5
  error tolerance: rtol=0.001, atol=1e-05
Testing N_win=1477 N_cf=4
Windowing:
  config: # windows=1477, spacing=0.02621980925827174, CF order=4
  error tolerance: rtol=0.001, atol=1e-05
Testing N_win=1477 N_cf=3
Windowing:
  config: # windows=1477, spacing=0.02621980925827174, CF order=3
  error tolerance: rtol=0.001, atol=1e-05
Testing N_win=1477 N_cf=2
Windowing:
  config: # windows=1477, spacing=0.02621980925827174, CF order=2
  error tolerance: rtol=0.001, atol=1e-05
Failed: Pure curvefit failed for the first window!
Testing N_win=1582 N_cf=10
Windowing:
  config: # windows=1582, spacing=0.024479556431395297, CF order=10
  error tolerance: rtol=0.001, atol=1e-05
Testing N_win=1582 N_cf=9
Windowing:
  config: # windows=1582, spacing=0.024479556431395297, CF order=9
  error tolerance: rtol=0.001, atol=1e-05
Testing N_win=1582 N_cf=8
Windowing:
  config: # windows=1582, spacing=0.024479556431395297, CF order=8
  error tolerance: rtol=0.001, atol=1e-05
Testing N_win=1582 N_cf=7
Windowing:
  config: # windows=1582, spacing=0.024479556431395297, CF order=7
  error tolerance: rtol=0.001, atol=1e-05
Testing N_win=1582 N_cf=6
Windowing:
  config: # windows=1582, spacing=0.024479556431395297, CF order=6
  error tolerance: rtol=0.001, atol=1e-05
Testing N_win=1582 N_cf=5
Windowing:
  config: # windows=1582, spacing=0.024479556431395297, CF order=5
  error tolerance: rtol=0.001, atol=1e-05
Testing N_win=1582 N_cf=4
Windowing:
  config: # windows=1582, spacing=0.024479556431395297, CF order=4
  error tolerance: rtol=0.001, atol=1e-05
Testing N_win=1582 N_cf=3
Windowing:
  config: # windows=1582, spacing=0.024479556431395297, CF order=3
  error tolerance: rtol=0.001, atol=1e-05
Testing N_win=1582 N_cf=2
Windowing:
  config: # windows=1582, spacing=0.024479556431395297, CF order=2
  error tolerance: rtol=0.001, atol=1e-05
Failed: Pure curvefit failed for the first window!
Testing N_win=1686 N_cf=10
Windowing:
  config: # windows=1686, spacing=0.022969548205496657, CF order=10
  error tolerance: rtol=0.001, atol=1e-05
Testing N_win=1686 N_cf=9
Windowing:
  config: # windows=1686, spacing=0.022969548205496657, CF order=9
  error tolerance: rtol=0.001, atol=1e-05
Testing N_win=1686 N_cf=8
Windowing:
  config: # windows=1686, spacing=0.022969548205496657, CF order=8
  error tolerance: rtol=0.001, atol=1e-05
Testing N_win=1686 N_cf=7
Windowing:
  config: # windows=1686, spacing=0.022969548205496657, CF order=7
  error tolerance: rtol=0.001, atol=1e-05
Testing N_win=1686 N_cf=6
Windowing:
  config: # windows=1686, spacing=0.022969548205496657, CF order=6
  error tolerance: rtol=0.001, atol=1e-05
Testing N_win=1686 N_cf=5
Windowing:
  config: # windows=1686, spacing=0.022969548205496657, CF order=5
  error tolerance: rtol=0.001, atol=1e-05
Testing N_win=1686 N_cf=4
Windowing:
  config: # windows=1686, spacing=0.022969548205496657, CF order=4
  error tolerance: rtol=0.001, atol=1e-05
Testing N_win=1686 N_cf=3
Windowing:
  config: # windows=1686, spacing=0.022969548205496657, CF order=3
  error tolerance: rtol=0.001, atol=1e-05
Testing N_win=1686 N_cf=2
Windowing:
  config: # windows=1686, spacing=0.022969548205496657, CF order=2
  error tolerance: rtol=0.001, atol=1e-05
Failed: Pure curvefit failed for the first window!
Testing N_win=1791 N_cf=10
Windowing:
  config: # windows=1791, spacing=0.021622924776363687, CF order=10
  error tolerance: rtol=0.001, atol=1e-05
Testing N_win=1791 N_cf=9
Windowing:
  config: # windows=1791, spacing=0.021622924776363687, CF order=9
  error tolerance: rtol=0.001, atol=1e-05
Testing N_win=1791 N_cf=8
Windowing:
  config: # windows=1791, spacing=0.021622924776363687, CF order=8
  error tolerance: rtol=0.001, atol=1e-05
Testing N_win=1791 N_cf=7
Windowing:
  config: # windows=1791, spacing=0.021622924776363687, CF order=7
  error tolerance: rtol=0.001, atol=1e-05
Testing N_win=1791 N_cf=6
Windowing:
  config: # windows=1791, spacing=0.021622924776363687, CF order=6
  error tolerance: rtol=0.001, atol=1e-05
Testing N_win=1791 N_cf=5
Windowing:
  config: # windows=1791, spacing=0.021622924776363687, CF order=5
  error tolerance: rtol=0.001, atol=1e-05
Testing N_win=1791 N_cf=4
Windowing:
  config: # windows=1791, spacing=0.021622924776363687, CF order=4
  error tolerance: rtol=0.001, atol=1e-05
Testing N_win=1791 N_cf=3
Windowing:
  config: # windows=1791, spacing=0.021622924776363687, CF order=3
  error tolerance: rtol=0.001, atol=1e-05
Testing N_win=1791 N_cf=2
Windowing:
  config: # windows=1791, spacing=0.021622924776363687, CF order=2
  error tolerance: rtol=0.001, atol=1e-05
Failed: Pure curvefit failed for the first window!
Testing N_win=1895 N_cf=10
Windowing:
  config: # windows=1895, spacing=0.020436231279402303, CF order=10
  error tolerance: rtol=0.001, atol=1e-05
Testing N_win=1895 N_cf=9
Windowing:
  config: # windows=1895, spacing=0.020436231279402303, CF order=9
  error tolerance: rtol=0.001, atol=1e-05
Testing N_win=1895 N_cf=8
Windowing:
  config: # windows=1895, spacing=0.020436231279402303, CF order=8
  error tolerance: rtol=0.001, atol=1e-05
Testing N_win=1895 N_cf=7
Windowing:
  config: # windows=1895, spacing=0.020436231279402303, CF order=7
  error tolerance: rtol=0.001, atol=1e-05
Testing N_win=1895 N_cf=6
Windowing:
  config: # windows=1895, spacing=0.020436231279402303, CF order=6
  error tolerance: rtol=0.001, atol=1e-05
Testing N_win=1895 N_cf=5
Windowing:
  config: # windows=1895, spacing=0.020436231279402303, CF order=5
  error tolerance: rtol=0.001, atol=1e-05
Testing N_win=1895 N_cf=4
Windowing:
  config: # windows=1895, spacing=0.020436231279402303, CF order=4
  error tolerance: rtol=0.001, atol=1e-05
Testing N_win=1895 N_cf=3
Windowing:
  config: # windows=1895, spacing=0.020436231279402303, CF order=3
  error tolerance: rtol=0.001, atol=1e-05
Testing N_win=1895 N_cf=2
Windowing:
  config: # windows=1895, spacing=0.020436231279402303, CF order=2
  error tolerance: rtol=0.001, atol=1e-05
Failed: Pure curvefit failed for the first window!
Testing N_win=2000 N_cf=10
Windowing:
  config: # windows=2000, spacing=0.01936332913723368, CF order=10
  error tolerance: rtol=0.001, atol=1e-05
Testing N_win=2000 N_cf=9
Windowing:
  config: # windows=2000, spacing=0.01936332913723368, CF order=9
  error tolerance: rtol=0.001, atol=1e-05
Testing N_win=2000 N_cf=8
Windowing:
  config: # windows=2000, spacing=0.01936332913723368, CF order=8
  error tolerance: rtol=0.001, atol=1e-05
Testing N_win=2000 N_cf=7
Windowing:
  config: # windows=2000, spacing=0.01936332913723368, CF order=7
  error tolerance: rtol=0.001, atol=1e-05
Testing N_win=2000 N_cf=6
Windowing:
  config: # windows=2000, spacing=0.01936332913723368, CF order=6
  error tolerance: rtol=0.001, atol=1e-05
Testing N_win=2000 N_cf=5
Windowing:
  config: # windows=2000, spacing=0.01936332913723368, CF order=5
  error tolerance: rtol=0.001, atol=1e-05
Testing N_win=2000 N_cf=4
Windowing:
  config: # windows=2000, spacing=0.01936332913723368, CF order=4
  error tolerance: rtol=0.001, atol=1e-05
Testing N_win=2000 N_cf=3
Windowing:
  config: # windows=2000, spacing=0.01936332913723368, CF order=3
  error tolerance: rtol=0.001, atol=1e-05
Testing N_win=2000 N_cf=2
Windowing:
  config: # windows=2000, spacing=0.01936332913723368, CF order=2
  error tolerance: rtol=0.001, atol=1e-05
Failed: Pure curvefit failed for the first window!
Final library: 209 poles, 538 windows, 2.9 poles per window, 4 CF order
