Running NJOY to get 0K point-wise data (error=0.0005)...
Parsing cross sections within resolved resonance range...
  MTs: [2, 27, 102]
  Energy range: 1.000e-05 to 1.340e+04 eV (45818 points)
Vector fitting piece 1/22...
  energy: 1.000e-05 to 3.035e+01 eV (1211 points)
  error tolerance: rtol=0.001, atol=1e-05
Found 2 peaks
Fitting orders from 4 to 200
Order=4(0/99)
Order=6(1/99)
Order=8(2/99)
Order=10(3/99)
Found ideal results. Stop!
Found 2 real poles and 4 conjugate complex pairs.
Final number of poles: 6
Saved figure: WMP_Lib/Ru102/0-30_MT2.png
Saved figure: WMP_Lib/Ru102/0-30_MT27.png
Saved figure: WMP_Lib/Ru102/0-30_MT102.png
Vector fitting piece 2/22...
  energy: 5.888e+00 to 1.204e+02 eV (1242 points)
  error tolerance: rtol=0.001, atol=1e-05
Found 3 peaks
Fitting orders from 6 to 200
Order=6(0/98)
Order=8(1/98)
Order=10(2/98)
Found ideal results. Stop!
Found 2 real poles and 4 conjugate complex pairs.
Final number of poles: 6
Saved figure: WMP_Lib/Ru102/6-120_MT2.png
Saved figure: WMP_Lib/Ru102/6-120_MT27.png
Saved figure: WMP_Lib/Ru102/6-120_MT102.png
Vector fitting piece 3/22...
  energy: 5.859e+01 to 2.629e+02 eV (932 points)
  error tolerance: rtol=0.001, atol=1e-05
Found 2 peaks
Fitting orders from 4 to 200
Order=4(0/99)
Order=6(1/99)
Order=8(2/99)
Order=10(3/99)
Order=12(4/99)
Order=14(5/99)
Order=16(6/99)
Order=18(7/99)
Order=20(8/99)
Order=22(9/99)
Order=24(10/99)
Order=26(11/99)
Order=28(12/99)
Order=30(13/99)
Order=32(14/99)
Order=34(15/99)
Order=36(16/99)
Order=38(17/99)
Order=40(18/99)
Order=42(19/99)
Order=44(20/99)
Order=46(21/99)
Order=48(22/99)
Order=50(23/99)
Order=52(24/99)
Order=54(25/99)
Order=56(26/99)
Order=58(27/99)
Order=60(28/99)
Found 4 real poles and 3 conjugate complex pairs.
Final number of poles: 7
Saved figure: WMP_Lib/Ru102/59-263_MT2.png
Saved figure: WMP_Lib/Ru102/59-263_MT27.png
Saved figure: WMP_Lib/Ru102/59-263_MT102.png
Vector fitting piece 4/22...
  energy: 1.678e+02 to 4.517e+02 eV (1253 points)
  error tolerance: rtol=0.001, atol=1e-05
Found 2 peaks
Fitting orders from 4 to 200
Order=4(0/99)
Order=6(1/99)
Order=8(2/99)
Order=10(3/99)
Order=12(4/99)
Order=14(5/99)
Order=16(6/99)
Order=18(7/99)
Order=20(8/99)
Order=22(9/99)
Order=24(10/99)
Order=26(11/99)
Order=28(12/99)
Order=30(13/99)
Order=32(14/99)
Order=34(15/99)
Order=36(16/99)
Order=38(17/99)
Order=40(18/99)
Order=42(19/99)
Order=44(20/99)
Order=46(21/99)
Order=48(22/99)
Order=50(23/99)
Order=52(24/99)
Order=54(25/99)
Order=56(26/99)
Order=58(27/99)
Order=60(28/99)
Found 2 real poles and 5 conjugate complex pairs.
Final number of poles: 7
Saved figure: WMP_Lib/Ru102/168-452_MT2.png
Saved figure: WMP_Lib/Ru102/168-452_MT27.png
Saved figure: WMP_Lib/Ru102/168-452_MT102.png
Vector fitting piece 5/22...
  energy: 3.263e+02 to 7.060e+02 eV (1917 points)
  error tolerance: rtol=0.001, atol=1e-05
Found 3 peaks
Fitting orders from 6 to 200
Order=6(0/98)
Order=8(1/98)
Order=10(2/98)
Order=12(3/98)
Order=14(4/98)
Order=16(5/98)
Order=18(6/98)
Order=20(7/98)
Order=22(8/98)
Order=24(9/98)
Order=26(10/98)
Order=28(11/98)
Order=30(12/98)
Order=32(13/98)
Order=34(14/98)
Order=36(15/98)
Order=38(16/98)
Order=40(17/98)
Order=42(18/98)
Order=44(19/98)
Order=46(20/98)
Order=48(21/98)
Order=50(22/98)
Order=52(23/98)
Order=54(24/98)
Order=56(25/98)
Order=58(26/98)
Order=60(27/98)
Found 2 real poles and 4 conjugate complex pairs.
Final number of poles: 6
Saved figure: WMP_Lib/Ru102/326-706_MT2.png
Saved figure: WMP_Lib/Ru102/326-706_MT27.png
Saved figure: WMP_Lib/Ru102/326-706_MT102.png
Vector fitting piece 6/22...
  energy: 5.495e+02 to 1.011e+03 eV (1926 points)
  error tolerance: rtol=0.001, atol=1e-05
Found 3 peaks
Fitting orders from 6 to 200
Order=6(0/98)
Order=8(1/98)
Order=10(2/98)
Order=12(3/98)
Order=14(4/98)
Order=16(5/98)
Order=18(6/98)
Order=20(7/98)
Order=22(8/98)
Order=24(9/98)
Order=26(10/98)
Order=28(11/98)
Order=30(12/98)
Order=32(13/98)
Order=34(14/98)
Order=36(15/98)
Order=38(16/98)
Order=40(17/98)
Order=42(18/98)
Order=44(19/98)
Order=46(20/98)
Order=48(21/98)
Order=50(22/98)
Order=52(23/98)
Order=54(24/98)
Order=56(25/98)
Order=58(26/98)
Order=60(27/98)
Found 2 real poles and 4 conjugate complex pairs.
Final number of poles: 6
Saved figure: WMP_Lib/Ru102/550-1011_MT2.png
Saved figure: WMP_Lib/Ru102/550-1011_MT27.png
Saved figure: WMP_Lib/Ru102/550-1011_MT102.png
Vector fitting piece 7/22...
  energy: 8.242e+02 to 1.373e+03 eV (3309 points)
  error tolerance: rtol=0.001, atol=1e-05
Found 6 peaks
Fitting orders from 12 to 200
Order=12(0/95)
Order=14(1/95)
Order=16(2/95)
Order=18(3/95)
Order=20(4/95)
Order=22(5/95)
Order=24(6/95)
Order=26(7/95)
Order=28(8/95)
Order=30(9/95)
Order=32(10/95)
Order=34(11/95)
Order=36(12/95)
Order=38(13/95)
Order=40(14/95)
Order=42(15/95)
Order=44(16/95)
Order=46(17/95)
Order=48(18/95)
Order=50(19/95)
Order=52(20/95)
Order=54(21/95)
Order=56(22/95)
Order=58(23/95)
Order=60(24/95)
Found 2 real poles and 7 conjugate complex pairs.
Final number of poles: 9
Saved figure: WMP_Lib/Ru102/824-1373_MT2.png
Saved figure: WMP_Lib/Ru102/824-1373_MT27.png
Saved figure: WMP_Lib/Ru102/824-1373_MT102.png
Vector fitting piece 8/22...
  energy: 1.156e+03 to 1.796e+03 eV (2925 points)
  error tolerance: rtol=0.001, atol=1e-05
Found 5 peaks
Fitting orders from 10 to 200
Order=10(0/96)
Order=12(1/96)
Order=14(2/96)
Order=16(3/96)
Order=18(4/96)
Order=20(5/96)
Order=22(6/96)
Order=24(7/96)
Order=26(8/96)
Order=28(9/96)
Order=30(10/96)
Order=32(11/96)
Order=34(12/96)
Order=36(13/96)
Order=38(14/96)
Order=40(15/96)
Order=42(16/96)
Order=44(17/96)
Order=46(18/96)
Order=48(19/96)
Order=50(20/96)
Order=52(21/96)
Order=54(22/96)
Order=56(23/96)
Order=58(24/96)
Order=60(25/96)
Found 2 real poles and 7 conjugate complex pairs.
Final number of poles: 9
Saved figure: WMP_Lib/Ru102/1156-1796_MT2.png
Saved figure: WMP_Lib/Ru102/1156-1796_MT27.png
Saved figure: WMP_Lib/Ru102/1156-1796_MT102.png
Vector fitting piece 9/22...
  energy: 1.541e+03 to 2.282e+03 eV (2491 points)
  error tolerance: rtol=0.001, atol=1e-05
Found 8 peaks
Fitting orders from 16 to 200
Order=16(0/93)
Order=18(1/93)
Order=20(2/93)
Order=22(3/93)
Order=24(4/93)
Order=26(5/93)
Order=28(6/93)
Order=30(7/93)
Order=32(8/93)
Order=34(9/93)
Order=36(10/93)
Order=38(11/93)
Order=40(12/93)
Order=42(13/93)
Order=44(14/93)
Order=46(15/93)
Order=48(16/93)
Order=50(17/93)
Order=52(18/93)
Order=54(19/93)
Order=56(20/93)
Order=58(21/93)
Order=60(22/93)
Order=62(23/93)
Order=64(24/93)
Order=66(25/93)
Order=68(26/93)
Order=70(27/93)
Found 4 real poles and 8 conjugate complex pairs.
Final number of poles: 12
Saved figure: WMP_Lib/Ru102/1541-2282_MT2.png
Saved figure: WMP_Lib/Ru102/1541-2282_MT27.png
Saved figure: WMP_Lib/Ru102/1541-2282_MT102.png
Vector fitting piece 10/22...
  energy: 1.976e+03 to 2.794e+03 eV (1713 points)
  error tolerance: rtol=0.001, atol=1e-05
Found 6 peaks
Fitting orders from 12 to 200
Order=12(0/95)
Order=14(1/95)
Order=16(2/95)
Order=18(3/95)
Order=20(4/95)
Order=22(5/95)
Order=24(6/95)
Order=26(7/95)
Order=28(8/95)
Order=30(9/95)
Order=32(10/95)
Order=34(11/95)
Order=36(12/95)
Order=38(13/95)
Order=40(14/95)
Order=42(15/95)
Order=44(16/95)
Order=46(17/95)
Order=48(18/95)
Order=50(19/95)
Order=52(20/95)
Order=54(21/95)
Order=56(22/95)
Order=58(23/95)
Order=60(24/95)
Order=62(25/95)
Order=64(26/95)
Order=66(27/95)
Order=68(28/95)
Order=70(29/95)
Found 4 real poles and 6 conjugate complex pairs.
Final number of poles: 10
Saved figure: WMP_Lib/Ru102/1976-2794_MT2.png
Saved figure: WMP_Lib/Ru102/1976-2794_MT27.png
Saved figure: WMP_Lib/Ru102/1976-2794_MT102.png
Vector fitting piece 11/22...
  energy: 2.474e+03 to 3.376e+03 eV (2114 points)
  error tolerance: rtol=0.001, atol=1e-05
Found 6 peaks
Fitting orders from 12 to 200
Order=12(0/95)
Order=14(1/95)
Order=16(2/95)
Order=18(3/95)
Order=20(4/95)
Order=22(5/95)
Order=24(6/95)
Order=26(7/95)
Order=28(8/95)
Order=30(9/95)
Order=32(10/95)
Order=34(11/95)
Order=36(12/95)
Order=38(13/95)
Order=40(14/95)
Order=42(15/95)
Order=44(16/95)
Order=46(17/95)
Order=48(18/95)
Order=50(19/95)
Order=52(20/95)
Order=54(21/95)
Order=56(22/95)
Order=58(23/95)
Order=60(24/95)
Order=62(25/95)
Order=64(26/95)
Order=66(27/95)
Order=68(28/95)
Order=70(29/95)
Found 2 real poles and 8 conjugate complex pairs.
Final number of poles: 10
Saved figure: WMP_Lib/Ru102/2474-3376_MT2.png
Saved figure: WMP_Lib/Ru102/2474-3376_MT27.png
Saved figure: WMP_Lib/Ru102/2474-3376_MT102.png
Vector fitting piece 12/22...
  energy: 3.030e+03 to 4.014e+03 eV (4422 points)
  error tolerance: rtol=0.001, atol=1e-05
Found 13 peaks
Fitting orders from 26 to 200
Order=26(0/88)
Order=28(1/88)
Order=30(2/88)
Order=32(3/88)
Order=34(4/88)
Order=36(5/88)
Order=38(6/88)
Order=40(7/88)
Order=42(8/88)
Order=44(9/88)
Order=46(10/88)
Order=48(11/88)
Order=50(12/88)
Order=52(13/88)
Order=54(14/88)
Order=56(15/88)
Order=58(16/88)
Order=60(17/88)
Found 2 real poles and 14 conjugate complex pairs.
Final number of poles: 16
Saved figure: WMP_Lib/Ru102/3030-4014_MT2.png
Saved figure: WMP_Lib/Ru102/3030-4014_MT27.png
Saved figure: WMP_Lib/Ru102/3030-4014_MT102.png
Vector fitting piece 13/22...
  energy: 3.637e+03 to 4.714e+03 eV (3723 points)
  error tolerance: rtol=0.001, atol=1e-05
Found 12 peaks
Fitting orders from 24 to 200
Order=24(0/89)
Order=26(1/89)
Order=28(2/89)
Order=30(3/89)
Order=32(4/89)
Order=34(5/89)
Order=36(6/89)
Order=38(7/89)
Order=40(8/89)
Order=42(9/89)
Order=44(10/89)
Order=46(11/89)
Order=48(12/89)
Order=50(13/89)
Order=52(14/89)
Order=54(15/89)
Order=56(16/89)
Order=58(17/89)
Order=60(18/89)
Order=62(19/89)
Order=64(20/89)
Order=66(21/89)
Order=68(22/89)
Order=70(23/89)
Found 6 real poles and 12 conjugate complex pairs.
Final number of poles: 18
Saved figure: WMP_Lib/Ru102/3637-4714_MT2.png
Saved figure: WMP_Lib/Ru102/3637-4714_MT27.png
Saved figure: WMP_Lib/Ru102/3637-4714_MT102.png
Vector fitting piece 14/22...
  energy: 4.299e+03 to 5.457e+03 eV (4055 points)
  error tolerance: rtol=0.001, atol=1e-05
Found 13 peaks
Fitting orders from 26 to 200
Order=26(0/88)
Order=28(1/88)
Order=30(2/88)
Order=32(3/88)
Order=34(4/88)
Order=36(5/88)
Order=38(6/88)
Order=40(7/88)
Order=42(8/88)
Order=44(9/88)
Order=46(10/88)
Order=48(11/88)
Order=50(12/88)
Order=52(13/88)
Order=54(14/88)
Order=56(15/88)
Order=58(16/88)
Order=60(17/88)
Order=62(18/88)
Order=64(19/88)
Order=66(20/88)
Order=68(21/88)
Order=70(22/88)
Found 4 real poles and 14 conjugate complex pairs.
Final number of poles: 18
Saved figure: WMP_Lib/Ru102/4299-5457_MT2.png
Saved figure: WMP_Lib/Ru102/4299-5457_MT27.png
Saved figure: WMP_Lib/Ru102/4299-5457_MT102.png
Vector fitting piece 15/22...
  energy: 5.017e+03 to 6.263e+03 eV (3679 points)
  error tolerance: rtol=0.001, atol=1e-05
Found 11 peaks
Fitting orders from 22 to 200
Order=22(0/90)
Order=24(1/90)
Order=26(2/90)
Order=28(3/90)
Order=30(4/90)
Order=32(5/90)
Order=34(6/90)
Order=36(7/90)
Order=38(8/90)
Order=40(9/90)
Order=42(10/90)
Order=44(11/90)
Order=46(12/90)
Order=48(13/90)
Order=50(14/90)
Order=52(15/90)
Order=54(16/90)
Order=56(17/90)
Order=58(18/90)
Order=60(19/90)
Order=62(20/90)
Order=64(21/90)
Order=66(22/90)
Order=68(23/90)
Order=70(24/90)
Found 4 real poles and 12 conjugate complex pairs.
Final number of poles: 16
Saved figure: WMP_Lib/Ru102/5017-6263_MT2.png
Saved figure: WMP_Lib/Ru102/5017-6263_MT27.png
Saved figure: WMP_Lib/Ru102/5017-6263_MT102.png
Vector fitting piece 16/22...
  energy: 5.790e+03 to 7.125e+03 eV (4950 points)
  error tolerance: rtol=0.001, atol=1e-05
Found 17 peaks
Fitting orders from 34 to 200
Order=34(0/84)
Order=36(1/84)
Order=38(2/84)
Order=40(3/84)
Order=42(4/84)
Order=44(5/84)
Order=46(6/84)
Order=48(7/84)
Order=50(8/84)
Order=52(9/84)
Order=54(10/84)
Order=56(11/84)
Order=58(12/84)
Order=60(13/84)
Order=62(14/84)
Order=64(15/84)
Order=66(16/84)
Order=68(17/84)
Order=70(18/84)
Found 6 real poles and 17 conjugate complex pairs.
Final number of poles: 23
Saved figure: WMP_Lib/Ru102/5790-7125_MT2.png
Saved figure: WMP_Lib/Ru102/5790-7125_MT27.png
Saved figure: WMP_Lib/Ru102/5790-7125_MT102.png
Vector fitting piece 17/22...
  energy: 6.619e+03 to 8.038e+03 eV (4851 points)
  error tolerance: rtol=0.001, atol=1e-05
Found 18 peaks
Fitting orders from 36 to 200
Order=36(0/83)
Order=38(1/83)
Order=40(2/83)
Order=42(3/83)
Order=44(4/83)
Order=46(5/83)
Order=48(6/83)
Order=50(7/83)
Order=52(8/83)
Order=54(9/83)
Order=56(10/83)
Order=58(11/83)
Order=60(12/83)
Order=62(13/83)
Order=64(14/83)
Order=66(15/83)
Order=68(16/83)
Order=70(17/83)
Found 4 real poles and 20 conjugate complex pairs.
Final number of poles: 24
Saved figure: WMP_Lib/Ru102/6619-8038_MT2.png
Saved figure: WMP_Lib/Ru102/6619-8038_MT27.png
Saved figure: WMP_Lib/Ru102/6619-8038_MT102.png
Vector fitting piece 18/22...
  energy: 7.501e+03 to 9.010e+03 eV (4300 points)
  error tolerance: rtol=0.001, atol=1e-05
Found 16 peaks
Fitting orders from 32 to 200
Order=32(0/85)
Order=34(1/85)
Order=36(2/85)
Order=38(3/85)
Order=40(4/85)
Order=42(5/85)
Order=44(6/85)
Order=46(7/85)
Order=48(8/85)
Order=50(9/85)
Order=52(10/85)
Order=54(11/85)
Order=56(12/85)
Order=58(13/85)
Order=60(14/85)
Order=62(15/85)
Order=64(16/85)
Order=66(17/85)
Order=68(18/85)
Order=70(19/85)
Found 4 real poles and 17 conjugate complex pairs.
Final number of poles: 21
Saved figure: WMP_Lib/Ru102/7501-9010_MT2.png
Saved figure: WMP_Lib/Ru102/7501-9010_MT27.png
Saved figure: WMP_Lib/Ru102/7501-9010_MT102.png
Vector fitting piece 19/22...
  energy: 8.439e+03 to 1.004e+04 eV (4389 points)
  error tolerance: rtol=0.001, atol=1e-05
Found 15 peaks
Fitting orders from 30 to 200
Order=30(0/86)
Order=32(1/86)
Order=34(2/86)
Order=36(3/86)
Order=38(4/86)
Order=40(5/86)
Order=42(6/86)
Order=44(7/86)
Order=46(8/86)
Order=48(9/86)
Order=50(10/86)
Order=52(11/86)
Order=54(12/86)
Order=56(13/86)
Order=58(14/86)
Order=60(15/86)
Order=62(16/86)
Order=64(17/86)
Order=66(18/86)
Order=68(19/86)
Order=70(20/86)
Found 4 real poles and 17 conjugate complex pairs.
Final number of poles: 21
Saved figure: WMP_Lib/Ru102/8439-10035_MT2.png
Saved figure: WMP_Lib/Ru102/8439-10035_MT27.png
Saved figure: WMP_Lib/Ru102/8439-10035_MT102.png
Vector fitting piece 20/22...
  energy: 9.434e+03 to 1.113e+04 eV (4496 points)
  error tolerance: rtol=0.001, atol=1e-05
Found 17 peaks
Fitting orders from 34 to 200
Order=34(0/84)
Order=36(1/84)
Order=38(2/84)
Order=40(3/84)
Order=42(4/84)
Order=44(5/84)
Order=46(6/84)
Order=48(7/84)
Order=50(8/84)
Order=52(9/84)
Order=54(10/84)
Order=56(11/84)
Order=58(12/84)
Order=60(13/84)
Order=62(14/84)
Order=64(15/84)
Order=66(16/84)
Order=68(17/84)
Order=70(18/84)
Found 4 real poles and 18 conjugate complex pairs.
Final number of poles: 22
Saved figure: WMP_Lib/Ru102/9434-11126_MT2.png
Saved figure: WMP_Lib/Ru102/9434-11126_MT27.png
Saved figure: WMP_Lib/Ru102/9434-11126_MT102.png
Vector fitting piece 21/22...
  energy: 1.049e+04 to 1.226e+04 eV (4892 points)
  error tolerance: rtol=0.001, atol=1e-05
Found 18 peaks
Fitting orders from 36 to 200
Order=36(0/83)
Order=38(1/83)
Order=40(2/83)
Order=42(3/83)
Order=44(4/83)
Order=46(5/83)
Order=48(6/83)
Order=50(7/83)
Order=52(8/83)
Order=54(9/83)
Order=56(10/83)
Order=58(11/83)
Order=60(12/83)
Order=62(13/83)
Order=64(14/83)
Order=66(15/83)
Order=68(16/83)
Order=70(17/83)
Found 2 real poles and 19 conjugate complex pairs.
Final number of poles: 21
Saved figure: WMP_Lib/Ru102/10486-12257_MT2.png
Saved figure: WMP_Lib/Ru102/10486-12257_MT27.png
Saved figure: WMP_Lib/Ru102/10486-12257_MT102.png
Vector fitting piece 22/22...
  energy: 1.159e+04 to 1.340e+04 eV (5518 points)
  error tolerance: rtol=0.001, atol=1e-05
Found 21 peaks
Fitting orders from 42 to 200
Order=42(0/80)
Order=44(1/80)
Order=46(2/80)
Order=48(3/80)
Order=50(4/80)
Order=52(5/80)
Order=54(6/80)
Order=56(7/80)
Order=58(8/80)
Order=60(9/80)
Order=62(10/80)
Order=64(11/80)
Order=66(12/80)
Order=68(13/80)
Order=70(14/80)
Found 4 real poles and 21 conjugate complex pairs.
Final number of poles: 25
Saved figure: WMP_Lib/Ru102/11591-13400_MT2.png
Saved figure: WMP_Lib/Ru102/11591-13400_MT27.png
Saved figure: WMP_Lib/Ru102/11591-13400_MT102.png
Dumped multipole data to file: WMP_Lib/Ru102/Ru102_mp.pickle
Start searching ...
Testing N_win=15 N_cf=10
Failed: Window spacing cannot be larger than piece spacing.
Testing N_win=119 N_cf=10
Windowing:
  config: # windows=119, spacing=0.9727324668639726, CF order=10
  error tolerance: rtol=0.001, atol=1e-05
Best library so far.
Testing N_win=119 N_cf=9
Windowing:
  config: # windows=119, spacing=0.9727324668639726, CF order=9
  error tolerance: rtol=0.001, atol=1e-05
Best library so far.
Testing N_win=119 N_cf=8
Windowing:
  config: # windows=119, spacing=0.9727324668639726, CF order=8
  error tolerance: rtol=0.001, atol=1e-05
Best library so far.
Testing N_win=119 N_cf=7
Windowing:
  config: # windows=119, spacing=0.9727324668639726, CF order=7
  error tolerance: rtol=0.001, atol=1e-05
Best library so far.
Testing N_win=119 N_cf=6
Windowing:
  config: # windows=119, spacing=0.9727324668639726, CF order=6
  error tolerance: rtol=0.001, atol=1e-05
Best library so far.
Testing N_win=119 N_cf=5
Windowing:
  config: # windows=119, spacing=0.9727324668639726, CF order=5
  error tolerance: rtol=0.001, atol=1e-05
Best library so far.
Testing N_win=119 N_cf=4
Windowing:
  config: # windows=119, spacing=0.9727324668639726, CF order=4
  error tolerance: rtol=0.001, atol=1e-05
Best library so far.
Testing N_win=119 N_cf=3
Windowing:
  config: # windows=119, spacing=0.9727324668639726, CF order=3
  error tolerance: rtol=0.001, atol=1e-05
Best library so far.
Testing N_win=119 N_cf=2
Windowing:
  config: # windows=119, spacing=0.9727324668639726, CF order=2
  error tolerance: rtol=0.001, atol=1e-05
Testing N_win=223 N_cf=10
Windowing:
  config: # windows=223, spacing=0.5190814509274114, CF order=10
  error tolerance: rtol=0.001, atol=1e-05
Best library so far.
Testing N_win=223 N_cf=9
Windowing:
  config: # windows=223, spacing=0.5190814509274114, CF order=9
  error tolerance: rtol=0.001, atol=1e-05
Best library so far.
Testing N_win=223 N_cf=8
Windowing:
  config: # windows=223, spacing=0.5190814509274114, CF order=8
  error tolerance: rtol=0.001, atol=1e-05
Best library so far.
Testing N_win=223 N_cf=7
Windowing:
  config: # windows=223, spacing=0.5190814509274114, CF order=7
  error tolerance: rtol=0.001, atol=1e-05
Best library so far.
Testing N_win=223 N_cf=6
Windowing:
  config: # windows=223, spacing=0.5190814509274114, CF order=6
  error tolerance: rtol=0.001, atol=1e-05
Best library so far.
Testing N_win=223 N_cf=5
Windowing:
  config: # windows=223, spacing=0.5190814509274114, CF order=5
  error tolerance: rtol=0.001, atol=1e-05
Best library so far.
Testing N_win=223 N_cf=4
Windowing:
  config: # windows=223, spacing=0.5190814509274114, CF order=4
  error tolerance: rtol=0.001, atol=1e-05
Best library so far.
Testing N_win=223 N_cf=3
Windowing:
  config: # windows=223, spacing=0.5190814509274114, CF order=3
  error tolerance: rtol=0.001, atol=1e-05
Best library so far.
Testing N_win=223 N_cf=2
Windowing:
  config: # windows=223, spacing=0.5190814509274114, CF order=2
  error tolerance: rtol=0.001, atol=1e-05
Testing N_win=328 N_cf=10
Windowing:
  config: # windows=328, spacing=0.352912084014673, CF order=10
  error tolerance: rtol=0.001, atol=1e-05
Testing N_win=328 N_cf=9
Windowing:
  config: # windows=328, spacing=0.352912084014673, CF order=9
  error tolerance: rtol=0.001, atol=1e-05
Testing N_win=328 N_cf=8
Windowing:
  config: # windows=328, spacing=0.352912084014673, CF order=8
  error tolerance: rtol=0.001, atol=1e-05
Testing N_win=328 N_cf=7
Windowing:
  config: # windows=328, spacing=0.352912084014673, CF order=7
  error tolerance: rtol=0.001, atol=1e-05
Best library so far.
Testing N_win=328 N_cf=6
Windowing:
  config: # windows=328, spacing=0.352912084014673, CF order=6
  error tolerance: rtol=0.001, atol=1e-05
Best library so far.
Testing N_win=328 N_cf=5
Windowing:
  config: # windows=328, spacing=0.352912084014673, CF order=5
  error tolerance: rtol=0.001, atol=1e-05
Best library so far.
Testing N_win=328 N_cf=4
Windowing:
  config: # windows=328, spacing=0.352912084014673, CF order=4
  error tolerance: rtol=0.001, atol=1e-05
Best library so far.
Testing N_win=328 N_cf=3
Windowing:
  config: # windows=328, spacing=0.352912084014673, CF order=3
  error tolerance: rtol=0.001, atol=1e-05
Best library so far.
Testing N_win=328 N_cf=2
Windowing:
  config: # windows=328, spacing=0.352912084014673, CF order=2
  error tolerance: rtol=0.001, atol=1e-05
Testing N_win=432 N_cf=10
Windowing:
  config: # windows=432, spacing=0.2679517674926221, CF order=10
  error tolerance: rtol=0.001, atol=1e-05
Testing N_win=432 N_cf=9
Windowing:
  config: # windows=432, spacing=0.2679517674926221, CF order=9
  error tolerance: rtol=0.001, atol=1e-05
Testing N_win=432 N_cf=8
Windowing:
  config: # windows=432, spacing=0.2679517674926221, CF order=8
  error tolerance: rtol=0.001, atol=1e-05
Testing N_win=432 N_cf=7
Windowing:
  config: # windows=432, spacing=0.2679517674926221, CF order=7
  error tolerance: rtol=0.001, atol=1e-05
Testing N_win=432 N_cf=6
Windowing:
  config: # windows=432, spacing=0.2679517674926221, CF order=6
  error tolerance: rtol=0.001, atol=1e-05
Testing N_win=432 N_cf=5
Windowing:
  config: # windows=432, spacing=0.2679517674926221, CF order=5
  error tolerance: rtol=0.001, atol=1e-05
Testing N_win=432 N_cf=4
Windowing:
  config: # windows=432, spacing=0.2679517674926221, CF order=4
  error tolerance: rtol=0.001, atol=1e-05
Best library so far.
Testing N_win=432 N_cf=3
Windowing:
  config: # windows=432, spacing=0.2679517674926221, CF order=3
  error tolerance: rtol=0.001, atol=1e-05
Best library so far.
Testing N_win=432 N_cf=2
Windowing:
  config: # windows=432, spacing=0.2679517674926221, CF order=2
  error tolerance: rtol=0.001, atol=1e-05
Testing N_win=537 N_cf=10
Windowing:
  config: # windows=537, spacing=0.2155589637929474, CF order=10
  error tolerance: rtol=0.001, atol=1e-05
Testing N_win=537 N_cf=9
Windowing:
  config: # windows=537, spacing=0.2155589637929474, CF order=9
  error tolerance: rtol=0.001, atol=1e-05
Testing N_win=537 N_cf=8
Windowing:
  config: # windows=537, spacing=0.2155589637929474, CF order=8
  error tolerance: rtol=0.001, atol=1e-05
Testing N_win=537 N_cf=7
Windowing:
  config: # windows=537, spacing=0.2155589637929474, CF order=7
  error tolerance: rtol=0.001, atol=1e-05
Testing N_win=537 N_cf=6
Windowing:
  config: # windows=537, spacing=0.2155589637929474, CF order=6
  error tolerance: rtol=0.001, atol=1e-05
Testing N_win=537 N_cf=5
Windowing:
  config: # windows=537, spacing=0.2155589637929474, CF order=5
  error tolerance: rtol=0.001, atol=1e-05
Testing N_win=537 N_cf=4
Windowing:
  config: # windows=537, spacing=0.2155589637929474, CF order=4
  error tolerance: rtol=0.001, atol=1e-05
Testing N_win=537 N_cf=3
Windowing:
  config: # windows=537, spacing=0.2155589637929474, CF order=3
  error tolerance: rtol=0.001, atol=1e-05
Best library so far.
Testing N_win=537 N_cf=2
Windowing:
  config: # windows=537, spacing=0.2155589637929474, CF order=2
  error tolerance: rtol=0.001, atol=1e-05
Testing N_win=641 N_cf=10
Windowing:
  config: # windows=641, spacing=0.18058527855977027, CF order=10
  error tolerance: rtol=0.001, atol=1e-05
Testing N_win=641 N_cf=9
Windowing:
  config: # windows=641, spacing=0.18058527855977027, CF order=9
  error tolerance: rtol=0.001, atol=1e-05
Testing N_win=641 N_cf=8
Windowing:
  config: # windows=641, spacing=0.18058527855977027, CF order=8
  error tolerance: rtol=0.001, atol=1e-05
Testing N_win=641 N_cf=7
Windowing:
  config: # windows=641, spacing=0.18058527855977027, CF order=7
  error tolerance: rtol=0.001, atol=1e-05
Testing N_win=641 N_cf=6
Windowing:
  config: # windows=641, spacing=0.18058527855977027, CF order=6
  error tolerance: rtol=0.001, atol=1e-05
Testing N_win=641 N_cf=5
Windowing:
  config: # windows=641, spacing=0.18058527855977027, CF order=5
  error tolerance: rtol=0.001, atol=1e-05
Testing N_win=641 N_cf=4
Windowing:
  config: # windows=641, spacing=0.18058527855977027, CF order=4
  error tolerance: rtol=0.001, atol=1e-05
Testing N_win=641 N_cf=3
Windowing:
  config: # windows=641, spacing=0.18058527855977027, CF order=3
  error tolerance: rtol=0.001, atol=1e-05
Testing N_win=641 N_cf=2
Windowing:
  config: # windows=641, spacing=0.18058527855977027, CF order=2
  error tolerance: rtol=0.001, atol=1e-05
Testing N_win=746 N_cf=10
Windowing:
  config: # windows=746, spacing=0.1551677795667731, CF order=10
  error tolerance: rtol=0.001, atol=1e-05
Testing N_win=746 N_cf=9
Windowing:
  config: # windows=746, spacing=0.1551677795667731, CF order=9
  error tolerance: rtol=0.001, atol=1e-05
Testing N_win=746 N_cf=8
Windowing:
  config: # windows=746, spacing=0.1551677795667731, CF order=8
  error tolerance: rtol=0.001, atol=1e-05
Testing N_win=746 N_cf=7
Windowing:
  config: # windows=746, spacing=0.1551677795667731, CF order=7
  error tolerance: rtol=0.001, atol=1e-05
Testing N_win=746 N_cf=6
Windowing:
  config: # windows=746, spacing=0.1551677795667731, CF order=6
  error tolerance: rtol=0.001, atol=1e-05
Testing N_win=746 N_cf=5
Windowing:
  config: # windows=746, spacing=0.1551677795667731, CF order=5
  error tolerance: rtol=0.001, atol=1e-05
Testing N_win=746 N_cf=4
Windowing:
  config: # windows=746, spacing=0.1551677795667731, CF order=4
  error tolerance: rtol=0.001, atol=1e-05
Testing N_win=746 N_cf=3
Windowing:
  config: # windows=746, spacing=0.1551677795667731, CF order=3
  error tolerance: rtol=0.001, atol=1e-05
Testing N_win=746 N_cf=2
Windowing:
  config: # windows=746, spacing=0.1551677795667731, CF order=2
  error tolerance: rtol=0.001, atol=1e-05
Testing N_win=850 N_cf=10
Windowing:
  config: # windows=850, spacing=0.13618254536095617, CF order=10
  error tolerance: rtol=0.001, atol=1e-05
Testing N_win=850 N_cf=9
Windowing:
  config: # windows=850, spacing=0.13618254536095617, CF order=9
  error tolerance: rtol=0.001, atol=1e-05
Testing N_win=850 N_cf=8
Windowing:
  config: # windows=850, spacing=0.13618254536095617, CF order=8
  error tolerance: rtol=0.001, atol=1e-05
Testing N_win=850 N_cf=7
Windowing:
  config: # windows=850, spacing=0.13618254536095617, CF order=7
  error tolerance: rtol=0.001, atol=1e-05
Testing N_win=850 N_cf=6
Windowing:
  config: # windows=850, spacing=0.13618254536095617, CF order=6
  error tolerance: rtol=0.001, atol=1e-05
Testing N_win=850 N_cf=5
Windowing:
  config: # windows=850, spacing=0.13618254536095617, CF order=5
  error tolerance: rtol=0.001, atol=1e-05
Testing N_win=850 N_cf=4
Windowing:
  config: # windows=850, spacing=0.13618254536095617, CF order=4
  error tolerance: rtol=0.001, atol=1e-05
Testing N_win=850 N_cf=3
Windowing:
  config: # windows=850, spacing=0.13618254536095617, CF order=3
  error tolerance: rtol=0.001, atol=1e-05
Testing N_win=850 N_cf=2
Windowing:
  config: # windows=850, spacing=0.13618254536095617, CF order=2
  error tolerance: rtol=0.001, atol=1e-05
Testing N_win=955 N_cf=10
Windowing:
  config: # windows=955, spacing=0.12120959534744791, CF order=10
  error tolerance: rtol=0.001, atol=1e-05
Testing N_win=955 N_cf=9
Windowing:
  config: # windows=955, spacing=0.12120959534744791, CF order=9
  error tolerance: rtol=0.001, atol=1e-05
Testing N_win=955 N_cf=8
Windowing:
  config: # windows=955, spacing=0.12120959534744791, CF order=8
  error tolerance: rtol=0.001, atol=1e-05
Testing N_win=955 N_cf=7
Windowing:
  config: # windows=955, spacing=0.12120959534744791, CF order=7
  error tolerance: rtol=0.001, atol=1e-05
Testing N_win=955 N_cf=6
Windowing:
  config: # windows=955, spacing=0.12120959534744791, CF order=6
  error tolerance: rtol=0.001, atol=1e-05
Testing N_win=955 N_cf=5
Windowing:
  config: # windows=955, spacing=0.12120959534744791, CF order=5
  error tolerance: rtol=0.001, atol=1e-05
Testing N_win=955 N_cf=4
Windowing:
  config: # windows=955, spacing=0.12120959534744791, CF order=4
  error tolerance: rtol=0.001, atol=1e-05
Testing N_win=955 N_cf=3
Windowing:
  config: # windows=955, spacing=0.12120959534744791, CF order=3
  error tolerance: rtol=0.001, atol=1e-05
Testing N_win=955 N_cf=2
Windowing:
  config: # windows=955, spacing=0.12120959534744791, CF order=2
  error tolerance: rtol=0.001, atol=1e-05
Testing N_win=1059 N_cf=10
Windowing:
  config: # windows=1059, spacing=0.10930610345308096, CF order=10
  error tolerance: rtol=0.001, atol=1e-05
Testing N_win=1059 N_cf=9
Windowing:
  config: # windows=1059, spacing=0.10930610345308096, CF order=9
  error tolerance: rtol=0.001, atol=1e-05
Testing N_win=1059 N_cf=8
Windowing:
  config: # windows=1059, spacing=0.10930610345308096, CF order=8
  error tolerance: rtol=0.001, atol=1e-05
Testing N_win=1059 N_cf=7
Windowing:
  config: # windows=1059, spacing=0.10930610345308096, CF order=7
  error tolerance: rtol=0.001, atol=1e-05
Testing N_win=1059 N_cf=6
Windowing:
  config: # windows=1059, spacing=0.10930610345308096, CF order=6
  error tolerance: rtol=0.001, atol=1e-05
Testing N_win=1059 N_cf=5
Windowing:
  config: # windows=1059, spacing=0.10930610345308096, CF order=5
  error tolerance: rtol=0.001, atol=1e-05
Testing N_win=1059 N_cf=4
Windowing:
  config: # windows=1059, spacing=0.10930610345308096, CF order=4
  error tolerance: rtol=0.001, atol=1e-05
Testing N_win=1059 N_cf=3
Windowing:
  config: # windows=1059, spacing=0.10930610345308096, CF order=3
  error tolerance: rtol=0.001, atol=1e-05
Testing N_win=1059 N_cf=2
Windowing:
  config: # windows=1059, spacing=0.10930610345308096, CF order=2
  error tolerance: rtol=0.001, atol=1e-05
Testing N_win=1164 N_cf=10
Windowing:
  config: # windows=1164, spacing=0.09944601680138553, CF order=10
  error tolerance: rtol=0.001, atol=1e-05
Testing N_win=1164 N_cf=9
Windowing:
  config: # windows=1164, spacing=0.09944601680138553, CF order=9
  error tolerance: rtol=0.001, atol=1e-05
Testing N_win=1164 N_cf=8
Windowing:
  config: # windows=1164, spacing=0.09944601680138553, CF order=8
  error tolerance: rtol=0.001, atol=1e-05
Testing N_win=1164 N_cf=7
Windowing:
  config: # windows=1164, spacing=0.09944601680138553, CF order=7
  error tolerance: rtol=0.001, atol=1e-05
Testing N_win=1164 N_cf=6
Windowing:
  config: # windows=1164, spacing=0.09944601680138553, CF order=6
  error tolerance: rtol=0.001, atol=1e-05
Testing N_win=1164 N_cf=5
Windowing:
  config: # windows=1164, spacing=0.09944601680138553, CF order=5
  error tolerance: rtol=0.001, atol=1e-05
Testing N_win=1164 N_cf=4
Windowing:
  config: # windows=1164, spacing=0.09944601680138553, CF order=4
  error tolerance: rtol=0.001, atol=1e-05
Testing N_win=1164 N_cf=3
Windowing:
  config: # windows=1164, spacing=0.09944601680138553, CF order=3
  error tolerance: rtol=0.001, atol=1e-05
Testing N_win=1164 N_cf=2
Windowing:
  config: # windows=1164, spacing=0.09944601680138553, CF order=2
  error tolerance: rtol=0.001, atol=1e-05
Testing N_win=1268 N_cf=10
Windowing:
  config: # windows=1268, spacing=0.09128956116467882, CF order=10
  error tolerance: rtol=0.001, atol=1e-05
Testing N_win=1268 N_cf=9
Windowing:
  config: # windows=1268, spacing=0.09128956116467882, CF order=9
  error tolerance: rtol=0.001, atol=1e-05
Testing N_win=1268 N_cf=8
Windowing:
  config: # windows=1268, spacing=0.09128956116467882, CF order=8
  error tolerance: rtol=0.001, atol=1e-05
Testing N_win=1268 N_cf=7
Windowing:
  config: # windows=1268, spacing=0.09128956116467882, CF order=7
  error tolerance: rtol=0.001, atol=1e-05
Testing N_win=1268 N_cf=6
Windowing:
  config: # windows=1268, spacing=0.09128956116467882, CF order=6
  error tolerance: rtol=0.001, atol=1e-05
Testing N_win=1268 N_cf=5
Windowing:
  config: # windows=1268, spacing=0.09128956116467882, CF order=5
  error tolerance: rtol=0.001, atol=1e-05
Testing N_win=1268 N_cf=4
Windowing:
  config: # windows=1268, spacing=0.09128956116467882, CF order=4
  error tolerance: rtol=0.001, atol=1e-05
Testing N_win=1268 N_cf=3
Windowing:
  config: # windows=1268, spacing=0.09128956116467882, CF order=3
  error tolerance: rtol=0.001, atol=1e-05
Testing N_win=1268 N_cf=2
Windowing:
  config: # windows=1268, spacing=0.09128956116467882, CF order=2
  error tolerance: rtol=0.001, atol=1e-05
Testing N_win=1373 N_cf=10
Windowing:
  config: # windows=1373, spacing=0.08430820361020594, CF order=10
  error tolerance: rtol=0.001, atol=1e-05
Testing N_win=1373 N_cf=9
Windowing:
  config: # windows=1373, spacing=0.08430820361020594, CF order=9
  error tolerance: rtol=0.001, atol=1e-05
Testing N_win=1373 N_cf=8
Windowing:
  config: # windows=1373, spacing=0.08430820361020594, CF order=8
  error tolerance: rtol=0.001, atol=1e-05
Testing N_win=1373 N_cf=7
Windowing:
  config: # windows=1373, spacing=0.08430820361020594, CF order=7
  error tolerance: rtol=0.001, atol=1e-05
