Running NJOY to get 0K point-wise data (error=0.0005)...
Parsing cross sections within resolved resonance range...
  MTs: [2, 27, 102]
  Energy range: 1.000e-05 to 2.053e+03 eV (64635 points)
Vector fitting piece 1/32...
  energy: 1.000e-05 to 2.750e+00 eV (530 points)
  error tolerance: rtol=0.001, atol=1e-05
Found 0 peaks
Fitting orders from 2 to 200
Order=2(0/100)
Order=4(1/100)
Order=6(2/100)
Found ideal results. Stop!
Found 1 real poles and 3 conjugate complex pairs.
Final number of poles: 4
Saved figure: WMP_Lib/Pd105/0-3_MT2.png
Saved figure: WMP_Lib/Pd105/0-3_MT27.png
Saved figure: WMP_Lib/Pd105/0-3_MT102.png
Vector fitting piece 2/32...
  energy: 2.609e-01 to 9.297e+00 eV (126 points)
  error tolerance: rtol=0.001, atol=1e-05
Found 0 peaks
Fitting orders from 2 to 200
Order=2(0/100)
Order=4(1/100)
Order=6(2/100)
Found ideal results. Stop!
Found 3 real poles and 2 conjugate complex pairs.
Final number of poles: 5
Saved figure: WMP_Lib/Pd105/0-9_MT2.png
Saved figure: WMP_Lib/Pd105/0-9_MT27.png
Saved figure: WMP_Lib/Pd105/0-9_MT102.png
Vector fitting piece 3/32...
  energy: 3.688e+00 to 2.000e+01 eV (660 points)
  error tolerance: rtol=0.001, atol=1e-05
Found 2 peaks
Fitting orders from 4 to 200
Order=4(0/99)
Order=6(1/99)
Order=8(2/99)
Found ideal results. Stop!
Found 2 real poles and 3 conjugate complex pairs.
Final number of poles: 5
Saved figure: WMP_Lib/Pd105/4-20_MT2.png
Saved figure: WMP_Lib/Pd105/4-20_MT27.png
Saved figure: WMP_Lib/Pd105/4-20_MT102.png
Vector fitting piece 4/32...
  energy: 1.118e+01 to 3.466e+01 eV (1376 points)
  error tolerance: rtol=0.001, atol=1e-05
Found 4 peaks
Fitting orders from 8 to 200
Order=8(0/97)
Order=10(1/97)
Order=12(2/97)
Found ideal results. Stop!
Found 2 real poles and 5 conjugate complex pairs.
Final number of poles: 7
Saved figure: WMP_Lib/Pd105/11-35_MT2.png
Saved figure: WMP_Lib/Pd105/11-35_MT27.png
Saved figure: WMP_Lib/Pd105/11-35_MT102.png
Vector fitting piece 5/32...
  energy: 2.262e+01 to 5.309e+01 eV (1481 points)
  error tolerance: rtol=0.001, atol=1e-05
Found 4 peaks
Fitting orders from 8 to 200
Order=8(0/97)
Order=10(1/97)
Order=12(2/97)
Order=14(3/97)
Found ideal results. Stop!
Found 2 real poles and 6 conjugate complex pairs.
Final number of poles: 8
Saved figure: WMP_Lib/Pd105/23-53_MT2.png
Saved figure: WMP_Lib/Pd105/23-53_MT27.png
Saved figure: WMP_Lib/Pd105/23-53_MT102.png
Vector fitting piece 6/32...
  energy: 3.814e+01 to 7.573e+01 eV (1553 points)
  error tolerance: rtol=0.001, atol=1e-05
Found 4 peaks
Fitting orders from 8 to 200
Order=8(0/97)
Order=10(1/97)
Order=12(2/97)
Order=14(3/97)
Found ideal results. Stop!
Found 2 real poles and 6 conjugate complex pairs.
Final number of poles: 8
Saved figure: WMP_Lib/Pd105/38-76_MT2.png
Saved figure: WMP_Lib/Pd105/38-76_MT27.png
Saved figure: WMP_Lib/Pd105/38-76_MT102.png
Vector fitting piece 7/32...
  energy: 5.762e+01 to 1.024e+02 eV (1826 points)
  error tolerance: rtol=0.001, atol=1e-05
Found 5 peaks
Fitting orders from 10 to 200
Order=10(0/96)
Order=12(1/96)
Order=14(2/96)
Order=16(3/96)
Found ideal results. Stop!
Found 0 real poles and 8 conjugate complex pairs.
Final number of poles: 8
Saved figure: WMP_Lib/Pd105/58-102_MT2.png
Saved figure: WMP_Lib/Pd105/58-102_MT27.png
Saved figure: WMP_Lib/Pd105/58-102_MT102.png
Vector fitting piece 8/32...
  energy: 8.112e+01 to 1.330e+02 eV (2213 points)
  error tolerance: rtol=0.001, atol=1e-05
Found 7 peaks
Fitting orders from 14 to 200
Order=14(0/94)
Order=16(1/94)
Order=18(2/94)
Order=20(3/94)
Order=22(4/94)
Order=24(5/94)
Order=26(6/94)
Order=28(7/94)
Order=30(8/94)
Order=32(9/94)
Order=34(10/94)
Order=36(11/94)
Order=38(12/94)
Order=40(13/94)
Order=42(14/94)
Order=44(15/94)
Order=46(16/94)
Order=48(17/94)
Order=50(18/94)
Order=52(19/94)
Order=54(20/94)
Order=56(21/94)
Order=58(22/94)
Order=60(23/94)
Found 4 real poles and 8 conjugate complex pairs.
Final number of poles: 12
Saved figure: WMP_Lib/Pd105/81-133_MT2.png
Saved figure: WMP_Lib/Pd105/81-133_MT27.png
Saved figure: WMP_Lib/Pd105/81-133_MT102.png
Vector fitting piece 9/32...
  energy: 1.085e+02 to 1.676e+02 eV (3056 points)
  error tolerance: rtol=0.001, atol=1e-05
Found 9 peaks
Fitting orders from 18 to 200
Order=18(0/92)
Order=20(1/92)
Order=22(2/92)
Order=24(3/92)
Found ideal results. Stop!
Found 2 real poles and 11 conjugate complex pairs.
Final number of poles: 13
Saved figure: WMP_Lib/Pd105/108-168_MT2.png
Saved figure: WMP_Lib/Pd105/108-168_MT27.png
Saved figure: WMP_Lib/Pd105/108-168_MT102.png
Vector fitting piece 10/32...
  energy: 1.402e+02 to 2.064e+02 eV (3064 points)
  error tolerance: rtol=0.001, atol=1e-05
Found 8 peaks
Fitting orders from 16 to 200
Order=16(0/93)
Order=18(1/93)
Order=20(2/93)
Order=22(3/93)
Order=24(4/93)
Order=26(5/93)
Order=28(6/93)
Order=30(7/93)
Order=32(8/93)
Order=34(9/93)
Order=36(10/93)
Order=38(11/93)
Order=40(12/93)
Order=42(13/93)
Order=44(14/93)
Order=46(15/93)
Order=48(16/93)
Order=50(17/93)
Order=52(18/93)
Order=54(19/93)
Order=56(20/93)
Order=58(21/93)
Order=60(22/93)
Found 2 real poles and 9 conjugate complex pairs.
Final number of poles: 11
Saved figure: WMP_Lib/Pd105/140-206_MT2.png
Saved figure: WMP_Lib/Pd105/140-206_MT27.png
Saved figure: WMP_Lib/Pd105/140-206_MT102.png
Vector fitting piece 11/32...
  energy: 1.757e+02 to 2.490e+02 eV (1974 points)
  error tolerance: rtol=0.001, atol=1e-05
Found 5 peaks
Fitting orders from 10 to 200
Order=10(0/96)
Order=12(1/96)
Order=14(2/96)
Order=16(3/96)
Order=18(4/96)
Order=20(5/96)
Order=22(6/96)
Order=24(7/96)
Order=26(8/96)
Order=28(9/96)
Order=30(10/96)
Order=32(11/96)
Order=34(12/96)
Order=36(13/96)
Order=38(14/96)
Order=40(15/96)
Order=42(16/96)
Order=44(17/96)
Order=46(18/96)
Order=48(19/96)
Order=50(20/96)
Order=52(21/96)
Order=54(22/96)
Order=56(23/96)
Order=58(24/96)
Order=60(25/96)
Found 6 real poles and 5 conjugate complex pairs.
Final number of poles: 11
Saved figure: WMP_Lib/Pd105/176-249_MT2.png
Saved figure: WMP_Lib/Pd105/176-249_MT27.png
Saved figure: WMP_Lib/Pd105/176-249_MT102.png
Vector fitting piece 12/32...
  energy: 2.153e+02 to 2.958e+02 eV (2355 points)
  error tolerance: rtol=0.001, atol=1e-05
Found 6 peaks
Fitting orders from 12 to 200
Order=12(0/95)
Order=14(1/95)
Order=16(2/95)
Order=18(3/95)
Order=20(4/95)
Order=22(5/95)
Order=24(6/95)
Order=26(7/95)
Order=28(8/95)
Order=30(9/95)
Order=32(10/95)
Order=34(11/95)
Order=36(12/95)
Order=38(13/95)
Order=40(14/95)
Order=42(15/95)
Order=44(16/95)
Order=46(17/95)
Order=48(18/95)
Order=50(19/95)
Order=52(20/95)
Order=54(21/95)
Order=56(22/95)
Order=58(23/95)
Order=60(24/95)
Found 4 real poles and 6 conjugate complex pairs.
Final number of poles: 10
Saved figure: WMP_Lib/Pd105/215-296_MT2.png
Saved figure: WMP_Lib/Pd105/215-296_MT27.png
Saved figure: WMP_Lib/Pd105/215-296_MT102.png
Vector fitting piece 13/32...
  energy: 2.588e+02 to 3.464e+02 eV (2503 points)
  error tolerance: rtol=0.001, atol=1e-05
Found 6 peaks
Fitting orders from 12 to 200
Order=12(0/95)
Order=14(1/95)
Order=16(2/95)
Order=18(3/95)
Order=20(4/95)
Found ideal results. Stop!
Found 0 real poles and 10 conjugate complex pairs.
Final number of poles: 10
Saved figure: WMP_Lib/Pd105/259-346_MT2.png
Saved figure: WMP_Lib/Pd105/259-346_MT27.png
Saved figure: WMP_Lib/Pd105/259-346_MT102.png
Vector fitting piece 14/32...
  energy: 3.064e+02 to 4.011e+02 eV (3841 points)
  error tolerance: rtol=0.001, atol=1e-05
Found 10 peaks
Fitting orders from 20 to 200
Order=20(0/91)
Order=22(1/91)
Order=24(2/91)
Order=26(3/91)
Order=28(4/91)
Order=30(5/91)
Order=32(6/91)
Order=34(7/91)
Order=36(8/91)
Order=38(9/91)
Order=40(10/91)
Order=42(11/91)
Order=44(12/91)
Order=46(13/91)
Order=48(14/91)
Order=50(15/91)
Order=52(16/91)
Order=54(17/91)
Order=56(18/91)
Order=58(19/91)
Order=60(20/91)
Found 2 real poles and 13 conjugate complex pairs.
Final number of poles: 15
Saved figure: WMP_Lib/Pd105/306-401_MT2.png
Saved figure: WMP_Lib/Pd105/306-401_MT27.png
Saved figure: WMP_Lib/Pd105/306-401_MT102.png
Vector fitting piece 15/32...
  energy: 3.579e+02 to 4.599e+02 eV (3804 points)
  error tolerance: rtol=0.001, atol=1e-05
Found 10 peaks
Fitting orders from 20 to 200
Order=20(0/91)
Order=22(1/91)
Order=24(2/91)
Order=26(3/91)
Order=28(4/91)
Order=30(5/91)
Order=32(6/91)
Order=34(7/91)
Order=36(8/91)
Order=38(9/91)
Order=40(10/91)
Order=42(11/91)
Order=44(12/91)
Order=46(13/91)
Order=48(14/91)
Order=50(15/91)
Order=52(16/91)
Order=54(17/91)
Order=56(18/91)
Order=58(19/91)
Order=60(20/91)
Found 4 real poles and 11 conjugate complex pairs.
Final number of poles: 15
Saved figure: WMP_Lib/Pd105/358-460_MT2.png
Saved figure: WMP_Lib/Pd105/358-460_MT27.png
Saved figure: WMP_Lib/Pd105/358-460_MT102.png
Vector fitting piece 16/32...
  energy: 4.135e+02 to 5.229e+02 eV (3037 points)
  error tolerance: rtol=0.001, atol=1e-05
Found 9 peaks
Fitting orders from 18 to 200
Order=18(0/92)
Order=20(1/92)
Order=22(2/92)
Order=24(3/92)
Order=26(4/92)
Order=28(5/92)
Order=30(6/92)
Order=32(7/92)
Order=34(8/92)
Order=36(9/92)
Order=38(10/92)
Order=40(11/92)
Order=42(12/92)
Order=44(13/92)
Order=46(14/92)
Order=48(15/92)
Order=50(16/92)
Order=52(17/92)
Order=54(18/92)
Order=56(19/92)
Order=58(20/92)
Order=60(21/92)
Found 4 real poles and 10 conjugate complex pairs.
Final number of poles: 14
Saved figure: WMP_Lib/Pd105/413-523_MT2.png
Saved figure: WMP_Lib/Pd105/413-523_MT27.png
Saved figure: WMP_Lib/Pd105/413-523_MT102.png
Vector fitting piece 17/32...
  energy: 4.731e+02 to 5.893e+02 eV (3383 points)
  error tolerance: rtol=0.001, atol=1e-05
Found 10 peaks
Fitting orders from 20 to 200
Order=20(0/91)
Order=22(1/91)
Order=24(2/91)
Order=26(3/91)
Order=28(4/91)
Order=30(5/91)
Order=32(6/91)
Order=34(7/91)
Order=36(8/91)
Order=38(9/91)
Order=40(10/91)
Order=42(11/91)
Order=44(12/91)
Order=46(13/91)
Order=48(14/91)
Order=50(15/91)
Order=52(16/91)
Order=54(17/91)
Order=56(18/91)
Order=58(19/91)
Order=60(20/91)
Found 6 real poles and 10 conjugate complex pairs.
Final number of poles: 16
Saved figure: WMP_Lib/Pd105/473-589_MT2.png
Saved figure: WMP_Lib/Pd105/473-589_MT27.png
Saved figure: WMP_Lib/Pd105/473-589_MT102.png
Vector fitting piece 18/32...
  energy: 5.367e+02 to 6.601e+02 eV (4202 points)
  error tolerance: rtol=0.001, atol=1e-05
Found 12 peaks
Fitting orders from 24 to 200
Order=24(0/89)
Order=26(1/89)
Order=28(2/89)
Order=30(3/89)
Order=32(4/89)
Order=34(5/89)
Order=36(6/89)
Order=38(7/89)
Order=40(8/89)
Order=42(9/89)
Order=44(10/89)
Order=46(11/89)
Order=48(12/89)
Order=50(13/89)
Order=52(14/89)
Order=54(15/89)
Order=56(16/89)
Order=58(17/89)
Order=60(18/89)
Found 2 real poles and 14 conjugate complex pairs.
Final number of poles: 16
Saved figure: WMP_Lib/Pd105/537-660_MT2.png
Saved figure: WMP_Lib/Pd105/537-660_MT27.png
Saved figure: WMP_Lib/Pd105/537-660_MT102.png
Vector fitting piece 19/32...
  energy: 6.043e+02 to 7.349e+02 eV (4791 points)
  error tolerance: rtol=0.001, atol=1e-05
Found 15 peaks
Fitting orders from 30 to 200
Order=30(0/86)
Order=32(1/86)
Order=34(2/86)
Order=36(3/86)
Order=38(4/86)
Order=40(5/86)
Order=42(6/86)
Order=44(7/86)
Order=46(8/86)
Order=48(9/86)
Order=50(10/86)
Order=52(11/86)
Order=54(12/86)
Order=56(13/86)
Order=58(14/86)
Order=60(15/86)
Found 6 real poles and 15 conjugate complex pairs.
Final number of poles: 21
Saved figure: WMP_Lib/Pd105/604-735_MT2.png
Saved figure: WMP_Lib/Pd105/604-735_MT27.png
Saved figure: WMP_Lib/Pd105/604-735_MT102.png
Vector fitting piece 20/32...
  energy: 6.760e+02 to 8.139e+02 eV (5079 points)
  error tolerance: rtol=0.001, atol=1e-05
Found 14 peaks
Fitting orders from 28 to 200
Order=28(0/87)
Order=30(1/87)
Order=32(2/87)
Order=34(3/87)
Order=36(4/87)
Order=38(5/87)
Order=40(6/87)
Order=42(7/87)
Order=44(8/87)
Order=46(9/87)
Order=48(10/87)
Order=50(11/87)
Order=52(12/87)
Order=54(13/87)
Order=56(14/87)
Order=58(15/87)
Order=60(16/87)
Found 6 real poles and 14 conjugate complex pairs.
Final number of poles: 20
Saved figure: WMP_Lib/Pd105/676-814_MT2.png
Saved figure: WMP_Lib/Pd105/676-814_MT27.png
Saved figure: WMP_Lib/Pd105/676-814_MT102.png
Vector fitting piece 21/32...
  energy: 7.516e+02 to 8.964e+02 eV (5215 points)
  error tolerance: rtol=0.001, atol=1e-05
Found 14 peaks
Fitting orders from 28 to 200
Order=28(0/87)
Order=30(1/87)
Order=32(2/87)
Order=34(3/87)
Order=36(4/87)
Order=38(5/87)
Order=40(6/87)
Order=42(7/87)
Order=44(8/87)
Order=46(9/87)
Order=48(10/87)
Order=50(11/87)
Order=52(12/87)
Order=54(13/87)
Order=56(14/87)
Order=58(15/87)
Order=60(16/87)
Found 6 real poles and 15 conjugate complex pairs.
Final number of poles: 21
Saved figure: WMP_Lib/Pd105/752-896_MT2.png
Saved figure: WMP_Lib/Pd105/752-896_MT27.png
Saved figure: WMP_Lib/Pd105/752-896_MT102.png
Vector fitting piece 22/32...
  energy: 8.312e+02 to 9.833e+02 eV (4605 points)
  error tolerance: rtol=0.001, atol=1e-05
Found 13 peaks
Fitting orders from 26 to 200
Order=26(0/88)
Order=28(1/88)
Order=30(2/88)
Order=32(3/88)
Order=34(4/88)
Order=36(5/88)
Order=38(6/88)
Order=40(7/88)
Order=42(8/88)
Order=44(9/88)
Order=46(10/88)
Order=48(11/88)
Order=50(12/88)
Order=52(13/88)
Order=54(14/88)
Order=56(15/88)
Order=58(16/88)
Order=60(17/88)
Found 4 real poles and 14 conjugate complex pairs.
Final number of poles: 18
Saved figure: WMP_Lib/Pd105/831-983_MT2.png
Saved figure: WMP_Lib/Pd105/831-983_MT27.png
Saved figure: WMP_Lib/Pd105/831-983_MT102.png
Vector fitting piece 23/32...
  energy: 9.149e+02 to 1.074e+03 eV (4265 points)
  error tolerance: rtol=0.001, atol=1e-05
Found 11 peaks
Fitting orders from 22 to 200
Order=22(0/90)
Order=24(1/90)
Order=26(2/90)
Order=28(3/90)
Order=30(4/90)
Order=32(5/90)
Order=34(6/90)
Order=36(7/90)
Order=38(8/90)
Order=40(9/90)
Order=42(10/90)
Order=44(11/90)
Order=46(12/90)
Order=48(13/90)
Order=50(14/90)
Order=52(15/90)
Order=54(16/90)
Order=56(17/90)
Order=58(18/90)
Order=60(19/90)
Found 4 real poles and 11 conjugate complex pairs.
Final number of poles: 15
Saved figure: WMP_Lib/Pd105/915-1074_MT2.png
Saved figure: WMP_Lib/Pd105/915-1074_MT27.png
Saved figure: WMP_Lib/Pd105/915-1074_MT102.png
Vector fitting piece 24/32...
  energy: 1.002e+03 to 1.169e+03 eV (5606 points)
  error tolerance: rtol=0.001, atol=1e-05
Found 19 peaks
Fitting orders from 38 to 200
Order=38(0/82)
Order=40(1/82)
Order=42(2/82)
Order=44(3/82)
Order=46(4/82)
Order=48(5/82)
Order=50(6/82)
Order=52(7/82)
Order=54(8/82)
Order=56(9/82)
Order=58(10/82)
Order=60(11/82)
Found 6 real poles and 19 conjugate complex pairs.
Final number of poles: 25
Saved figure: WMP_Lib/Pd105/1002-1169_MT2.png
Saved figure: WMP_Lib/Pd105/1002-1169_MT27.png
Saved figure: WMP_Lib/Pd105/1002-1169_MT102.png
Vector fitting piece 25/32...
  energy: 1.094e+03 to 1.268e+03 eV (5433 points)
  error tolerance: rtol=0.001, atol=1e-05
Found 19 peaks
Fitting orders from 38 to 200
Order=38(0/82)
Order=40(1/82)
Order=42(2/82)
Order=44(3/82)
Order=46(4/82)
Order=48(5/82)
Order=50(6/82)
Order=52(7/82)
Order=54(8/82)
Order=56(9/82)
Order=58(10/82)
Order=60(11/82)
Found 6 real poles and 19 conjugate complex pairs.
Final number of poles: 25
Saved figure: WMP_Lib/Pd105/1094-1268_MT2.png
Saved figure: WMP_Lib/Pd105/1094-1268_MT27.png
Saved figure: WMP_Lib/Pd105/1094-1268_MT102.png
Vector fitting piece 26/32...
  energy: 1.190e+03 to 1.371e+03 eV (4862 points)
  error tolerance: rtol=0.001, atol=1e-05
Found 14 peaks
Fitting orders from 28 to 200
Order=28(0/87)
Order=30(1/87)
Order=32(2/87)
Order=34(3/87)
Order=36(4/87)
Order=38(5/87)
Order=40(6/87)
Order=42(7/87)
Order=44(8/87)
Order=46(9/87)
Order=48(10/87)
Order=50(11/87)
Order=52(12/87)
Order=54(13/87)
Order=56(14/87)
Order=58(15/87)
Order=60(16/87)
Found 4 real poles and 15 conjugate complex pairs.
Final number of poles: 19
Saved figure: WMP_Lib/Pd105/1190-1371_MT2.png
Saved figure: WMP_Lib/Pd105/1190-1371_MT27.png
Saved figure: WMP_Lib/Pd105/1190-1371_MT102.png
Vector fitting piece 27/32...
  energy: 1.290e+03 to 1.477e+03 eV (5197 points)
  error tolerance: rtol=0.001, atol=1e-05
Found 16 peaks
Fitting orders from 32 to 200
Order=32(0/85)
Order=34(1/85)
Order=36(2/85)
Order=38(3/85)
Order=40(4/85)
Order=42(5/85)
Order=44(6/85)
Order=46(7/85)
Order=48(8/85)
Order=50(9/85)
Order=52(10/85)
Order=54(11/85)
Order=56(12/85)
Order=58(13/85)
Order=60(14/85)
Found 6 real poles and 17 conjugate complex pairs.
Final number of poles: 23
Saved figure: WMP_Lib/Pd105/1290-1477_MT2.png
Saved figure: WMP_Lib/Pd105/1290-1477_MT27.png
Saved figure: WMP_Lib/Pd105/1290-1477_MT102.png
Vector fitting piece 28/32...
  energy: 1.393e+03 to 1.589e+03 eV (5055 points)
  error tolerance: rtol=0.001, atol=1e-05
Found 16 peaks
Fitting orders from 32 to 200
Order=32(0/85)
Order=34(1/85)
Order=36(2/85)
Order=38(3/85)
Order=40(4/85)
Order=42(5/85)
Order=44(6/85)
Order=46(7/85)
Order=48(8/85)
Order=50(9/85)
Order=52(10/85)
Order=54(11/85)
Order=56(12/85)
Order=58(13/85)
Order=60(14/85)
Found 4 real poles and 17 conjugate complex pairs.
Final number of poles: 21
Saved figure: WMP_Lib/Pd105/1393-1589_MT2.png
Saved figure: WMP_Lib/Pd105/1393-1589_MT27.png
Saved figure: WMP_Lib/Pd105/1393-1589_MT102.png
Vector fitting piece 29/32...
  energy: 1.501e+03 to 1.704e+03 eV (4750 points)
  error tolerance: rtol=0.001, atol=1e-05
Found 16 peaks
Fitting orders from 32 to 200
Order=32(0/85)
Order=34(1/85)
Order=36(2/85)
Order=38(3/85)
Order=40(4/85)
Order=42(5/85)
Order=44(6/85)
Order=46(7/85)
Order=48(8/85)
Order=50(9/85)
Order=52(10/85)
Order=54(11/85)
Order=56(12/85)
Order=58(13/85)
Order=60(14/85)
Found 4 real poles and 17 conjugate complex pairs.
Final number of poles: 21
Saved figure: WMP_Lib/Pd105/1501-1704_MT2.png
Saved figure: WMP_Lib/Pd105/1501-1704_MT27.png
Saved figure: WMP_Lib/Pd105/1501-1704_MT102.png
Vector fitting piece 30/32...
  energy: 1.613e+03 to 1.822e+03 eV (4522 points)
  error tolerance: rtol=0.001, atol=1e-05
Found 19 peaks
Fitting orders from 38 to 200
Order=38(0/82)
Order=40(1/82)
Order=42(2/82)
Order=44(3/82)
Order=46(4/82)
Order=48(5/82)
Order=50(6/82)
Order=52(7/82)
Order=54(8/82)
Order=56(9/82)
Order=58(10/82)
Order=60(11/82)
Order=62(12/82)
Order=64(13/82)
Order=66(14/82)
Order=68(15/82)
Order=70(16/82)
Found 6 real poles and 19 conjugate complex pairs.
Final number of poles: 25
Saved figure: WMP_Lib/Pd105/1613-1822_MT2.png
Saved figure: WMP_Lib/Pd105/1613-1822_MT27.png
Saved figure: WMP_Lib/Pd105/1613-1822_MT102.png
Vector fitting piece 31/32...
  energy: 1.729e+03 to 1.945e+03 eV (5783 points)
  error tolerance: rtol=0.001, atol=1e-05
Found 23 peaks
Fitting orders from 46 to 200
Order=46(0/78)
Order=48(1/78)
Order=50(2/78)
Order=52(3/78)
Order=54(4/78)
Order=56(5/78)
Order=58(6/78)
Order=60(7/78)
Order=62(8/78)
Found 4 real poles and 24 conjugate complex pairs.
Final number of poles: 28
Saved figure: WMP_Lib/Pd105/1729-1945_MT2.png
Saved figure: WMP_Lib/Pd105/1729-1945_MT27.png
Saved figure: WMP_Lib/Pd105/1729-1945_MT102.png
Vector fitting piece 32/32...
  energy: 1.848e+03 to 2.053e+03 eV (5701 points)
  error tolerance: rtol=0.001, atol=1e-05
Found 21 peaks
Fitting orders from 42 to 200
Order=42(0/80)
Order=44(1/80)
Order=46(2/80)
Order=48(3/80)
Order=50(4/80)
Order=52(5/80)
Order=54(6/80)
Order=56(7/80)
Order=58(8/80)
Order=60(9/80)
Found 2 real poles and 22 conjugate complex pairs.
Final number of poles: 24
Saved figure: WMP_Lib/Pd105/1848-2053_MT2.png
Saved figure: WMP_Lib/Pd105/1848-2053_MT27.png
Saved figure: WMP_Lib/Pd105/1848-2053_MT102.png
Dumped multipole data to file: WMP_Lib/Pd105/Pd105_mp.pickle
Start searching ...
Testing N_win=24 N_cf=10
Failed: Window spacing cannot be larger than piece spacing.
Testing N_win=128 N_cf=10
Windowing:
  config: # windows=128, spacing=0.3540030228913258, CF order=10
  error tolerance: rtol=0.001, atol=1e-05
Best library so far.
Testing N_win=128 N_cf=9
Windowing:
  config: # windows=128, spacing=0.3540030228913258, CF order=9
  error tolerance: rtol=0.001, atol=1e-05
Best library so far.
Testing N_win=128 N_cf=8
Windowing:
  config: # windows=128, spacing=0.3540030228913258, CF order=8
  error tolerance: rtol=0.001, atol=1e-05
Best library so far.
Testing N_win=128 N_cf=7
Windowing:
  config: # windows=128, spacing=0.3540030228913258, CF order=7
  error tolerance: rtol=0.001, atol=1e-05
Best library so far.
Testing N_win=128 N_cf=6
Windowing:
  config: # windows=128, spacing=0.3540030228913258, CF order=6
  error tolerance: rtol=0.001, atol=1e-05
Best library so far.
Testing N_win=128 N_cf=5
Windowing:
  config: # windows=128, spacing=0.3540030228913258, CF order=5
  error tolerance: rtol=0.001, atol=1e-05
Best library so far.
Testing N_win=128 N_cf=4
Windowing:
  config: # windows=128, spacing=0.3540030228913258, CF order=4
  error tolerance: rtol=0.001, atol=1e-05
Best library so far.
Testing N_win=128 N_cf=3
Windowing:
  config: # windows=128, spacing=0.3540030228913258, CF order=3
  error tolerance: rtol=0.001, atol=1e-05
Testing N_win=128 N_cf=2
Windowing:
  config: # windows=128, spacing=0.3540030228913258, CF order=2
  error tolerance: rtol=0.001, atol=1e-05
Failed: Pure curvefit failed for the first window!
Testing N_win=232 N_cf=10
Windowing:
  config: # windows=232, spacing=0.195312012629697, CF order=10
  error tolerance: rtol=0.001, atol=1e-05
Best library so far.
Testing N_win=232 N_cf=9
Windowing:
  config: # windows=232, spacing=0.195312012629697, CF order=9
  error tolerance: rtol=0.001, atol=1e-05
Best library so far.
Testing N_win=232 N_cf=8
Windowing:
  config: # windows=232, spacing=0.195312012629697, CF order=8
  error tolerance: rtol=0.001, atol=1e-05
Best library so far.
Testing N_win=232 N_cf=7
Windowing:
  config: # windows=232, spacing=0.195312012629697, CF order=7
  error tolerance: rtol=0.001, atol=1e-05
Best library so far.
Testing N_win=232 N_cf=6
Windowing:
  config: # windows=232, spacing=0.195312012629697, CF order=6
  error tolerance: rtol=0.001, atol=1e-05
Best library so far.
Testing N_win=232 N_cf=5
Windowing:
  config: # windows=232, spacing=0.195312012629697, CF order=5
  error tolerance: rtol=0.001, atol=1e-05
Best library so far.
Testing N_win=232 N_cf=4
Windowing:
  config: # windows=232, spacing=0.195312012629697, CF order=4
  error tolerance: rtol=0.001, atol=1e-05
Best library so far.
Testing N_win=232 N_cf=3
Windowing:
  config: # windows=232, spacing=0.195312012629697, CF order=3
  error tolerance: rtol=0.001, atol=1e-05
Testing N_win=232 N_cf=2
Windowing:
  config: # windows=232, spacing=0.195312012629697, CF order=2
  error tolerance: rtol=0.001, atol=1e-05
Failed: Pure curvefit failed for the first window!
Testing N_win=336 N_cf=10
Windowing:
  config: # windows=336, spacing=0.13485829443479078, CF order=10
  error tolerance: rtol=0.001, atol=1e-05
Testing N_win=336 N_cf=9
Windowing:
  config: # windows=336, spacing=0.13485829443479078, CF order=9
  error tolerance: rtol=0.001, atol=1e-05
Testing N_win=336 N_cf=8
Windowing:
  config: # windows=336, spacing=0.13485829443479078, CF order=8
  error tolerance: rtol=0.001, atol=1e-05
Testing N_win=336 N_cf=7
Windowing:
  config: # windows=336, spacing=0.13485829443479078, CF order=7
  error tolerance: rtol=0.001, atol=1e-05
Best library so far.
Testing N_win=336 N_cf=6
Windowing:
  config: # windows=336, spacing=0.13485829443479078, CF order=6
  error tolerance: rtol=0.001, atol=1e-05
Best library so far.
Testing N_win=336 N_cf=5
Windowing:
  config: # windows=336, spacing=0.13485829443479078, CF order=5
  error tolerance: rtol=0.001, atol=1e-05
Best library so far.
Testing N_win=336 N_cf=4
Windowing:
  config: # windows=336, spacing=0.13485829443479078, CF order=4
  error tolerance: rtol=0.001, atol=1e-05
Best library so far.
Testing N_win=336 N_cf=3
Windowing:
  config: # windows=336, spacing=0.13485829443479078, CF order=3
  error tolerance: rtol=0.001, atol=1e-05
Testing N_win=336 N_cf=2
Windowing:
  config: # windows=336, spacing=0.13485829443479078, CF order=2
  error tolerance: rtol=0.001, atol=1e-05
Testing N_win=440 N_cf=10
Windowing:
  config: # windows=440, spacing=0.10298269756838568, CF order=10
  error tolerance: rtol=0.001, atol=1e-05
Testing N_win=440 N_cf=9
Windowing:
  config: # windows=440, spacing=0.10298269756838568, CF order=9
  error tolerance: rtol=0.001, atol=1e-05
Testing N_win=440 N_cf=8
Windowing:
  config: # windows=440, spacing=0.10298269756838568, CF order=8
  error tolerance: rtol=0.001, atol=1e-05
Testing N_win=440 N_cf=7
Windowing:
  config: # windows=440, spacing=0.10298269756838568, CF order=7
  error tolerance: rtol=0.001, atol=1e-05
Testing N_win=440 N_cf=6
Windowing:
  config: # windows=440, spacing=0.10298269756838568, CF order=6
  error tolerance: rtol=0.001, atol=1e-05
Testing N_win=440 N_cf=5
Windowing:
  config: # windows=440, spacing=0.10298269756838568, CF order=5
  error tolerance: rtol=0.001, atol=1e-05
Best library so far.
Testing N_win=440 N_cf=4
Windowing:
  config: # windows=440, spacing=0.10298269756838568, CF order=4
  error tolerance: rtol=0.001, atol=1e-05
Best library so far.
Testing N_win=440 N_cf=3
Windowing:
  config: # windows=440, spacing=0.10298269756838568, CF order=3
  error tolerance: rtol=0.001, atol=1e-05
Testing N_win=440 N_cf=2
Windowing:
  config: # windows=440, spacing=0.10298269756838568, CF order=2
  error tolerance: rtol=0.001, atol=1e-05
Testing N_win=544 N_cf=10
Windowing:
  config: # windows=544, spacing=0.08329482891560606, CF order=10
  error tolerance: rtol=0.001, atol=1e-05
Testing N_win=544 N_cf=9
Windowing:
  config: # windows=544, spacing=0.08329482891560606, CF order=9
  error tolerance: rtol=0.001, atol=1e-05
Testing N_win=544 N_cf=8
Windowing:
  config: # windows=544, spacing=0.08329482891560606, CF order=8
  error tolerance: rtol=0.001, atol=1e-05
Testing N_win=544 N_cf=7
Windowing:
  config: # windows=544, spacing=0.08329482891560606, CF order=7
  error tolerance: rtol=0.001, atol=1e-05
Testing N_win=544 N_cf=6
Windowing:
  config: # windows=544, spacing=0.08329482891560606, CF order=6
  error tolerance: rtol=0.001, atol=1e-05
Testing N_win=544 N_cf=5
Windowing:
  config: # windows=544, spacing=0.08329482891560606, CF order=5
  error tolerance: rtol=0.001, atol=1e-05
Best library so far.
Testing N_win=544 N_cf=4
Windowing:
  config: # windows=544, spacing=0.08329482891560606, CF order=4
  error tolerance: rtol=0.001, atol=1e-05
Best library so far.
Testing N_win=544 N_cf=3
Windowing:
  config: # windows=544, spacing=0.08329482891560606, CF order=3
  error tolerance: rtol=0.001, atol=1e-05
Testing N_win=544 N_cf=2
Windowing:
  config: # windows=544, spacing=0.08329482891560606, CF order=2
  error tolerance: rtol=0.001, atol=1e-05
Testing N_win=648 N_cf=10
Windowing:
  config: # windows=648, spacing=0.06992652304026188, CF order=10
  error tolerance: rtol=0.001, atol=1e-05
Testing N_win=648 N_cf=9
Windowing:
  config: # windows=648, spacing=0.06992652304026188, CF order=9
  error tolerance: rtol=0.001, atol=1e-05
Testing N_win=648 N_cf=8
Windowing:
  config: # windows=648, spacing=0.06992652304026188, CF order=8
  error tolerance: rtol=0.001, atol=1e-05
Testing N_win=648 N_cf=7
Windowing:
  config: # windows=648, spacing=0.06992652304026188, CF order=7
  error tolerance: rtol=0.001, atol=1e-05
Testing N_win=648 N_cf=6
Windowing:
  config: # windows=648, spacing=0.06992652304026188, CF order=6
  error tolerance: rtol=0.001, atol=1e-05
Testing N_win=648 N_cf=5
Windowing:
  config: # windows=648, spacing=0.06992652304026188, CF order=5
  error tolerance: rtol=0.001, atol=1e-05
Testing N_win=648 N_cf=4
Windowing:
  config: # windows=648, spacing=0.06992652304026188, CF order=4
  error tolerance: rtol=0.001, atol=1e-05
Best library so far.
Testing N_win=648 N_cf=3
Windowing:
  config: # windows=648, spacing=0.06992652304026188, CF order=3
  error tolerance: rtol=0.001, atol=1e-05
Testing N_win=648 N_cf=2
Windowing:
  config: # windows=648, spacing=0.06992652304026188, CF order=2
  error tolerance: rtol=0.001, atol=1e-05
Testing N_win=752 N_cf=10
Windowing:
  config: # windows=752, spacing=0.060255833683629925, CF order=10
  error tolerance: rtol=0.001, atol=1e-05
Testing N_win=752 N_cf=9
Windowing:
  config: # windows=752, spacing=0.060255833683629925, CF order=9
  error tolerance: rtol=0.001, atol=1e-05
Testing N_win=752 N_cf=8
Windowing:
  config: # windows=752, spacing=0.060255833683629925, CF order=8
  error tolerance: rtol=0.001, atol=1e-05
Testing N_win=752 N_cf=7
Windowing:
  config: # windows=752, spacing=0.060255833683629925, CF order=7
  error tolerance: rtol=0.001, atol=1e-05
Testing N_win=752 N_cf=6
Windowing:
  config: # windows=752, spacing=0.060255833683629925, CF order=6
  error tolerance: rtol=0.001, atol=1e-05
Testing N_win=752 N_cf=5
Windowing:
  config: # windows=752, spacing=0.060255833683629925, CF order=5
  error tolerance: rtol=0.001, atol=1e-05
Testing N_win=752 N_cf=4
Windowing:
  config: # windows=752, spacing=0.060255833683629925, CF order=4
  error tolerance: rtol=0.001, atol=1e-05
Testing N_win=752 N_cf=3
Windowing:
  config: # windows=752, spacing=0.060255833683629925, CF order=3
  error tolerance: rtol=0.001, atol=1e-05
Testing N_win=752 N_cf=2
Windowing:
  config: # windows=752, spacing=0.060255833683629925, CF order=2
  error tolerance: rtol=0.001, atol=1e-05
Testing N_win=856 N_cf=10
Windowing:
  config: # windows=856, spacing=0.05293503146038517, CF order=10
  error tolerance: rtol=0.001, atol=1e-05
Testing N_win=856 N_cf=9
Windowing:
  config: # windows=856, spacing=0.05293503146038517, CF order=9
  error tolerance: rtol=0.001, atol=1e-05
Testing N_win=856 N_cf=8
Windowing:
  config: # windows=856, spacing=0.05293503146038517, CF order=8
  error tolerance: rtol=0.001, atol=1e-05
Testing N_win=856 N_cf=7
Windowing:
  config: # windows=856, spacing=0.05293503146038517, CF order=7
  error tolerance: rtol=0.001, atol=1e-05
Testing N_win=856 N_cf=6
Windowing:
  config: # windows=856, spacing=0.05293503146038517, CF order=6
  error tolerance: rtol=0.001, atol=1e-05
Testing N_win=856 N_cf=5
Windowing:
  config: # windows=856, spacing=0.05293503146038517, CF order=5
  error tolerance: rtol=0.001, atol=1e-05
Testing N_win=856 N_cf=4
Windowing:
  config: # windows=856, spacing=0.05293503146038517, CF order=4
  error tolerance: rtol=0.001, atol=1e-05
Testing N_win=856 N_cf=3
Windowing:
  config: # windows=856, spacing=0.05293503146038517, CF order=3
  error tolerance: rtol=0.001, atol=1e-05
Testing N_win=856 N_cf=2
Windowing:
  config: # windows=856, spacing=0.05293503146038517, CF order=2
  error tolerance: rtol=0.001, atol=1e-05
Testing N_win=960 N_cf=10
Windowing:
  config: # windows=960, spacing=0.04720040305217677, CF order=10
  error tolerance: rtol=0.001, atol=1e-05
Testing N_win=960 N_cf=9
Windowing:
  config: # windows=960, spacing=0.04720040305217677, CF order=9
  error tolerance: rtol=0.001, atol=1e-05
Testing N_win=960 N_cf=8
Windowing:
  config: # windows=960, spacing=0.04720040305217677, CF order=8
  error tolerance: rtol=0.001, atol=1e-05
Testing N_win=960 N_cf=7
Windowing:
  config: # windows=960, spacing=0.04720040305217677, CF order=7
  error tolerance: rtol=0.001, atol=1e-05
Testing N_win=960 N_cf=6
Windowing:
  config: # windows=960, spacing=0.04720040305217677, CF order=6
  error tolerance: rtol=0.001, atol=1e-05
Testing N_win=960 N_cf=5
Windowing:
  config: # windows=960, spacing=0.04720040305217677, CF order=5
  error tolerance: rtol=0.001, atol=1e-05
Testing N_win=960 N_cf=4
Windowing:
  config: # windows=960, spacing=0.04720040305217677, CF order=4
  error tolerance: rtol=0.001, atol=1e-05
Testing N_win=960 N_cf=3
Windowing:
  config: # windows=960, spacing=0.04720040305217677, CF order=3
  error tolerance: rtol=0.001, atol=1e-05
Testing N_win=960 N_cf=2
Windowing:
  config: # windows=960, spacing=0.04720040305217677, CF order=2
  error tolerance: rtol=0.001, atol=1e-05
Testing N_win=1064 N_cf=10
Windowing:
  config: # windows=1064, spacing=0.04258682982151288, CF order=10
  error tolerance: rtol=0.001, atol=1e-05
Testing N_win=1064 N_cf=9
Windowing:
  config: # windows=1064, spacing=0.04258682982151288, CF order=9
  error tolerance: rtol=0.001, atol=1e-05
Testing N_win=1064 N_cf=8
Windowing:
  config: # windows=1064, spacing=0.04258682982151288, CF order=8
  error tolerance: rtol=0.001, atol=1e-05
Testing N_win=1064 N_cf=7
Windowing:
  config: # windows=1064, spacing=0.04258682982151288, CF order=7
  error tolerance: rtol=0.001, atol=1e-05
Testing N_win=1064 N_cf=6
Windowing:
  config: # windows=1064, spacing=0.04258682982151288, CF order=6
  error tolerance: rtol=0.001, atol=1e-05
Testing N_win=1064 N_cf=5
Windowing:
  config: # windows=1064, spacing=0.04258682982151288, CF order=5
  error tolerance: rtol=0.001, atol=1e-05
Testing N_win=1064 N_cf=4
Windowing:
  config: # windows=1064, spacing=0.04258682982151288, CF order=4
  error tolerance: rtol=0.001, atol=1e-05
Testing N_win=1064 N_cf=3
Windowing:
  config: # windows=1064, spacing=0.04258682982151288, CF order=3
  error tolerance: rtol=0.001, atol=1e-05
Testing N_win=1064 N_cf=2
Windowing:
  config: # windows=1064, spacing=0.04258682982151288, CF order=2
  error tolerance: rtol=0.001, atol=1e-05
Testing N_win=1168 N_cf=10
Windowing:
  config: # windows=1168, spacing=0.038794851823706934, CF order=10
  error tolerance: rtol=0.001, atol=1e-05
Testing N_win=1168 N_cf=9
Windowing:
  config: # windows=1168, spacing=0.038794851823706934, CF order=9
  error tolerance: rtol=0.001, atol=1e-05
Testing N_win=1168 N_cf=8
Windowing:
  config: # windows=1168, spacing=0.038794851823706934, CF order=8
  error tolerance: rtol=0.001, atol=1e-05
Testing N_win=1168 N_cf=7
Windowing:
  config: # windows=1168, spacing=0.038794851823706934, CF order=7
  error tolerance: rtol=0.001, atol=1e-05
Testing N_win=1168 N_cf=6
Windowing:
  config: # windows=1168, spacing=0.038794851823706934, CF order=6
  error tolerance: rtol=0.001, atol=1e-05
Testing N_win=1168 N_cf=5
Windowing:
  config: # windows=1168, spacing=0.038794851823706934, CF order=5
  error tolerance: rtol=0.001, atol=1e-05
Testing N_win=1168 N_cf=4
Windowing:
  config: # windows=1168, spacing=0.038794851823706934, CF order=4
  error tolerance: rtol=0.001, atol=1e-05
Testing N_win=1168 N_cf=3
Windowing:
  config: # windows=1168, spacing=0.038794851823706934, CF order=3
  error tolerance: rtol=0.001, atol=1e-05
Testing N_win=1168 N_cf=2
Windowing:
  config: # windows=1168, spacing=0.038794851823706934, CF order=2
  error tolerance: rtol=0.001, atol=1e-05
Testing N_win=1272 N_cf=10
Windowing:
  config: # windows=1272, spacing=0.035622945699756055, CF order=10
  error tolerance: rtol=0.001, atol=1e-05
Testing N_win=1272 N_cf=9
Windowing:
  config: # windows=1272, spacing=0.035622945699756055, CF order=9
  error tolerance: rtol=0.001, atol=1e-05
Testing N_win=1272 N_cf=8
Windowing:
  config: # windows=1272, spacing=0.035622945699756055, CF order=8
  error tolerance: rtol=0.001, atol=1e-05
Testing N_win=1272 N_cf=7
Windowing:
  config: # windows=1272, spacing=0.035622945699756055, CF order=7
  error tolerance: rtol=0.001, atol=1e-05
Testing N_win=1272 N_cf=6
Windowing:
  config: # windows=1272, spacing=0.035622945699756055, CF order=6
  error tolerance: rtol=0.001, atol=1e-05
Testing N_win=1272 N_cf=5
Windowing:
  config: # windows=1272, spacing=0.035622945699756055, CF order=5
  error tolerance: rtol=0.001, atol=1e-05
Testing N_win=1272 N_cf=4
Windowing:
  config: # windows=1272, spacing=0.035622945699756055, CF order=4
  error tolerance: rtol=0.001, atol=1e-05
Testing N_win=1272 N_cf=3
Windowing:
  config: # windows=1272, spacing=0.035622945699756055, CF order=3
  error tolerance: rtol=0.001, atol=1e-05
Testing N_win=1272 N_cf=2
Windowing:
  config: # windows=1272, spacing=0.035622945699756055, CF order=2
  error tolerance: rtol=0.001, atol=1e-05
Testing N_win=1376 N_cf=10
Windowing:
  config: # windows=1376, spacing=0.03293051375733263, CF order=10
  error tolerance: rtol=0.001, atol=1e-05
Testing N_win=1376 N_cf=9
Windowing:
  config: # windows=1376, spacing=0.03293051375733263, CF order=9
  error tolerance: rtol=0.001, atol=1e-05
Testing N_win=1376 N_cf=8
Windowing:
  config: # windows=1376, spacing=0.03293051375733263, CF order=8
  error tolerance: rtol=0.001, atol=1e-05
Testing N_win=1376 N_cf=7
Windowing:
  config: # windows=1376, spacing=0.03293051375733263, CF order=7
  error tolerance: rtol=0.001, atol=1e-05
Testing N_win=1376 N_cf=6
Windowing:
  config: # windows=1376, spacing=0.03293051375733263, CF order=6
  error tolerance: rtol=0.001, atol=1e-05
Testing N_win=1376 N_cf=5
Windowing:
  config: # windows=1376, spacing=0.03293051375733263, CF order=5
  error tolerance: rtol=0.001, atol=1e-05
Testing N_win=1376 N_cf=4
Windowing:
  config: # windows=1376, spacing=0.03293051375733263, CF order=4
  error tolerance: rtol=0.001, atol=1e-05
Testing N_win=1376 N_cf=3
Windowing:
  config: # windows=1376, spacing=0.03293051375733263, CF order=3
  error tolerance: rtol=0.001, atol=1e-05
Testing N_win=1376 N_cf=2
Windowing:
  config: # windows=1376, spacing=0.03293051375733263, CF order=2
  error tolerance: rtol=0.001, atol=1e-05
Testing N_win=1480 N_cf=10
Windowing:
  config: # windows=1480, spacing=0.030616477655466014, CF order=10
  error tolerance: rtol=0.001, atol=1e-05
Testing N_win=1480 N_cf=9
Windowing:
  config: # windows=1480, spacing=0.030616477655466014, CF order=9
  error tolerance: rtol=0.001, atol=1e-05
Testing N_win=1480 N_cf=8
Windowing:
  config: # windows=1480, spacing=0.030616477655466014, CF order=8
  error tolerance: rtol=0.001, atol=1e-05
Testing N_win=1480 N_cf=7
Windowing:
  config: # windows=1480, spacing=0.030616477655466014, CF order=7
  error tolerance: rtol=0.001, atol=1e-05
Testing N_win=1480 N_cf=6
Windowing:
  config: # windows=1480, spacing=0.030616477655466014, CF order=6
  error tolerance: rtol=0.001, atol=1e-05
Testing N_win=1480 N_cf=5
Windowing:
  config: # windows=1480, spacing=0.030616477655466014, CF order=5
  error tolerance: rtol=0.001, atol=1e-05
Testing N_win=1480 N_cf=4
Windowing:
  config: # windows=1480, spacing=0.030616477655466014, CF order=4
  error tolerance: rtol=0.001, atol=1e-05
Testing N_win=1480 N_cf=3
Windowing:
  config: # windows=1480, spacing=0.030616477655466014, CF order=3
  error tolerance: rtol=0.001, atol=1e-05
Testing N_win=1480 N_cf=2
Windowing:
  config: # windows=1480, spacing=0.030616477655466014, CF order=2
  error tolerance: rtol=0.001, atol=1e-05
Testing N_win=1584 N_cf=10
Windowing:
  config: # windows=1584, spacing=0.028606304880107136, CF order=10
  error tolerance: rtol=0.001, atol=1e-05
Testing N_win=1584 N_cf=9
Windowing:
  config: # windows=1584, spacing=0.028606304880107136, CF order=9
  error tolerance: rtol=0.001, atol=1e-05
Testing N_win=1584 N_cf=8
Windowing:
  config: # windows=1584, spacing=0.028606304880107136, CF order=8
  error tolerance: rtol=0.001, atol=1e-05
Testing N_win=1584 N_cf=7
Windowing:
  config: # windows=1584, spacing=0.028606304880107136, CF order=7
  error tolerance: rtol=0.001, atol=1e-05
Testing N_win=1584 N_cf=6
Windowing:
  config: # windows=1584, spacing=0.028606304880107136, CF order=6
  error tolerance: rtol=0.001, atol=1e-05
Testing N_win=1584 N_cf=5
Windowing:
  config: # windows=1584, spacing=0.028606304880107136, CF order=5
  error tolerance: rtol=0.001, atol=1e-05
Testing N_win=1584 N_cf=4
Windowing:
  config: # windows=1584, spacing=0.028606304880107136, CF order=4
  error tolerance: rtol=0.001, atol=1e-05
Testing N_win=1584 N_cf=3
Windowing:
  config: # windows=1584, spacing=0.028606304880107136, CF order=3
  error tolerance: rtol=0.001, atol=1e-05
Testing N_win=1584 N_cf=2
Windowing:
  config: # windows=1584, spacing=0.028606304880107136, CF order=2
  error tolerance: rtol=0.001, atol=1e-05
Testing N_win=1688 N_cf=10
Windowing:
  config: # windows=1688, spacing=0.026843831119721388, CF order=10
  error tolerance: rtol=0.001, atol=1e-05
Testing N_win=1688 N_cf=9
Windowing:
  config: # windows=1688, spacing=0.026843831119721388, CF order=9
  error tolerance: rtol=0.001, atol=1e-05
Testing N_win=1688 N_cf=8
Windowing:
  config: # windows=1688, spacing=0.026843831119721388, CF order=8
  error tolerance: rtol=0.001, atol=1e-05
Testing N_win=1688 N_cf=7
Windowing:
  config: # windows=1688, spacing=0.026843831119721388, CF order=7
  error tolerance: rtol=0.001, atol=1e-05
Testing N_win=1688 N_cf=6
Windowing:
  config: # windows=1688, spacing=0.026843831119721388, CF order=6
  error tolerance: rtol=0.001, atol=1e-05
Testing N_win=1688 N_cf=5
Windowing:
  config: # windows=1688, spacing=0.026843831119721388, CF order=5
  error tolerance: rtol=0.001, atol=1e-05
Testing N_win=1688 N_cf=4
Windowing:
  config: # windows=1688, spacing=0.026843831119721388, CF order=4
  error tolerance: rtol=0.001, atol=1e-05
Testing N_win=1688 N_cf=3
Windowing:
  config: # windows=1688, spacing=0.026843831119721388, CF order=3
  error tolerance: rtol=0.001, atol=1e-05
Testing N_win=1688 N_cf=2
Windowing:
  config: # windows=1688, spacing=0.026843831119721388, CF order=2
  error tolerance: rtol=0.001, atol=1e-05
Testing N_win=1792 N_cf=10
Windowing:
  config: # windows=1792, spacing=0.025285930206523272, CF order=10
  error tolerance: rtol=0.001, atol=1e-05
Testing N_win=1792 N_cf=9
Windowing:
  config: # windows=1792, spacing=0.025285930206523272, CF order=9
  error tolerance: rtol=0.001, atol=1e-05
Testing N_win=1792 N_cf=8
Windowing:
  config: # windows=1792, spacing=0.025285930206523272, CF order=8
  error tolerance: rtol=0.001, atol=1e-05
Testing N_win=1792 N_cf=7
Windowing:
  config: # windows=1792, spacing=0.025285930206523272, CF order=7
  error tolerance: rtol=0.001, atol=1e-05
Testing N_win=1792 N_cf=6
Windowing:
  config: # windows=1792, spacing=0.025285930206523272, CF order=6
  error tolerance: rtol=0.001, atol=1e-05
Testing N_win=1792 N_cf=5
Windowing:
  config: # windows=1792, spacing=0.025285930206523272, CF order=5
  error tolerance: rtol=0.001, atol=1e-05
Testing N_win=1792 N_cf=4
Windowing:
  config: # windows=1792, spacing=0.025285930206523272, CF order=4
  error tolerance: rtol=0.001, atol=1e-05
Testing N_win=1792 N_cf=3
Windowing:
  config: # windows=1792, spacing=0.025285930206523272, CF order=3
  error tolerance: rtol=0.001, atol=1e-05
Testing N_win=1792 N_cf=2
Windowing:
  config: # windows=1792, spacing=0.025285930206523272, CF order=2
  error tolerance: rtol=0.001, atol=1e-05
Testing N_win=1896 N_cf=10
Windowing:
  config: # windows=1896, spacing=0.02389893825426672, CF order=10
  error tolerance: rtol=0.001, atol=1e-05
Testing N_win=1896 N_cf=9
Windowing:
  config: # windows=1896, spacing=0.02389893825426672, CF order=9
  error tolerance: rtol=0.001, atol=1e-05
Testing N_win=1896 N_cf=8
Windowing:
  config: # windows=1896, spacing=0.02389893825426672, CF order=8
  error tolerance: rtol=0.001, atol=1e-05
Testing N_win=1896 N_cf=7
Windowing:
  config: # windows=1896, spacing=0.02389893825426672, CF order=7
  error tolerance: rtol=0.001, atol=1e-05
Testing N_win=1896 N_cf=6
Windowing:
  config: # windows=1896, spacing=0.02389893825426672, CF order=6
  error tolerance: rtol=0.001, atol=1e-05
Testing N_win=1896 N_cf=5
Windowing:
  config: # windows=1896, spacing=0.02389893825426672, CF order=5
  error tolerance: rtol=0.001, atol=1e-05
Testing N_win=1896 N_cf=4
Windowing:
  config: # windows=1896, spacing=0.02389893825426672, CF order=4
  error tolerance: rtol=0.001, atol=1e-05
Testing N_win=1896 N_cf=3
Windowing:
  config: # windows=1896, spacing=0.02389893825426672, CF order=3
  error tolerance: rtol=0.001, atol=1e-05
Testing N_win=1896 N_cf=2
Windowing:
  config: # windows=1896, spacing=0.02389893825426672, CF order=2
  error tolerance: rtol=0.001, atol=1e-05
Testing N_win=2000 N_cf=10
Windowing:
  config: # windows=2000, spacing=0.02265619346504485, CF order=10
  error tolerance: rtol=0.001, atol=1e-05
Testing N_win=2000 N_cf=9
Windowing:
  config: # windows=2000, spacing=0.02265619346504485, CF order=9
  error tolerance: rtol=0.001, atol=1e-05
Testing N_win=2000 N_cf=8
Windowing:
  config: # windows=2000, spacing=0.02265619346504485, CF order=8
  error tolerance: rtol=0.001, atol=1e-05
Testing N_win=2000 N_cf=7
Windowing:
  config: # windows=2000, spacing=0.02265619346504485, CF order=7
  error tolerance: rtol=0.001, atol=1e-05
Testing N_win=2000 N_cf=6
Windowing:
  config: # windows=2000, spacing=0.02265619346504485, CF order=6
  error tolerance: rtol=0.001, atol=1e-05
Testing N_win=2000 N_cf=5
Windowing:
  config: # windows=2000, spacing=0.02265619346504485, CF order=5
  error tolerance: rtol=0.001, atol=1e-05
Testing N_win=2000 N_cf=4
Windowing:
  config: # windows=2000, spacing=0.02265619346504485, CF order=4
  error tolerance: rtol=0.001, atol=1e-05
Testing N_win=2000 N_cf=3
Windowing:
  config: # windows=2000, spacing=0.02265619346504485, CF order=3
  error tolerance: rtol=0.001, atol=1e-05
Testing N_win=2000 N_cf=2
Windowing:
  config: # windows=2000, spacing=0.02265619346504485, CF order=2
  error tolerance: rtol=0.001, atol=1e-05
Final library: 322 poles, 648 windows, 4.8 poles per window, 4 CF order
