Running NJOY to get 0K point-wise data (error=0.0005)...
Parsing cross sections within resolved resonance range...
  MTs: [2, 27, 102]
  Energy range: 1.000e-05 to 8.070e+05 eV (53854 points)
Vector fitting piece 1/26...
  energy: 1.000e-05 to 1.250e+03 eV (754 points)
  error tolerance: rtol=0.001, atol=1e-05
Found 0 peaks
Fitting orders from 2 to 200
Order=2(0/100)
Order=4(1/100)
Order=6(2/100)
Found ideal results. Stop!
Found 2 real poles and 2 conjugate complex pairs.
Final number of poles: 4
Saved figure: WMP_Lib/Pb206/0-1250_MT2.png
Saved figure: WMP_Lib/Pb206/0-1250_MT27.png
Saved figure: WMP_Lib/Pb206/0-1250_MT102.png
Vector fitting piece 2/26...
  energy: 2.891e+02 to 5.000e+03 eV (722 points)
  error tolerance: rtol=0.001, atol=1e-05
Found 1 peaks
Fitting orders from 2 to 200
Order=2(0/100)
Order=4(1/100)
Order=6(2/100)
Order=8(3/100)
Order=10(4/100)
Order=12(5/100)
Order=14(6/100)
Order=16(7/100)
Order=18(8/100)
Order=20(9/100)
Order=22(10/100)
Order=24(11/100)
Order=26(12/100)
Order=28(13/100)
Order=30(14/100)
Order=32(15/100)
Order=34(16/100)
Order=36(17/100)
Order=38(18/100)
Order=40(19/100)
Order=42(20/100)
Order=44(21/100)
Order=46(22/100)
Order=48(23/100)
Order=50(24/100)
Order=52(25/100)
Order=54(26/100)
Order=56(27/100)
Order=58(28/100)
Order=60(29/100)
Found 0 real poles and 3 conjugate complex pairs.
Final number of poles: 3
Saved figure: WMP_Lib/Pb206/289-5000_MT2.png
Saved figure: WMP_Lib/Pb206/289-5000_MT27.png
Saved figure: WMP_Lib/Pb206/289-5000_MT102.png
Vector fitting piece 3/26...
  energy: 2.657e+03 to 1.079e+04 eV (656 points)
  error tolerance: rtol=0.001, atol=1e-05
Found 1 peaks
Fitting orders from 2 to 200
Order=2(0/100)
Order=4(1/100)
Order=6(2/100)
Order=8(3/100)
Order=10(4/100)
Order=12(5/100)
Order=14(6/100)
Order=16(7/100)
Order=18(8/100)
Order=20(9/100)
Order=22(10/100)
Order=24(11/100)
Order=26(12/100)
Order=28(13/100)
Order=30(14/100)
Order=32(15/100)
Order=34(16/100)
Order=36(17/100)
Order=38(18/100)
Order=40(19/100)
Order=42(20/100)
Order=44(21/100)
Order=46(22/100)
Order=48(23/100)
Order=50(24/100)
Order=52(25/100)
Order=54(26/100)
Order=56(27/100)
Order=58(28/100)
Order=60(29/100)
Found 2 real poles and 3 conjugate complex pairs.
Final number of poles: 5
Saved figure: WMP_Lib/Pb206/2657-10786_MT2.png
Saved figure: WMP_Lib/Pb206/2657-10786_MT27.png
Saved figure: WMP_Lib/Pb206/2657-10786_MT102.png
Vector fitting piece 4/26...
  energy: 7.188e+03 to 1.922e+04 eV (1446 points)
  error tolerance: rtol=0.001, atol=1e-05
Found 4 peaks
Fitting orders from 8 to 200
Order=8(0/97)
Order=10(1/97)
Order=12(2/97)
Order=14(3/97)
Order=16(4/97)
Order=18(5/97)
Order=20(6/97)
Order=22(7/97)
Order=24(8/97)
Order=26(9/97)
Order=28(10/97)
Order=30(11/97)
Order=32(12/97)
Order=34(13/97)
Order=36(14/97)
Order=38(15/97)
Order=40(16/97)
Order=42(17/97)
Order=44(18/97)
Order=46(19/97)
Order=48(20/97)
Order=50(21/97)
Order=52(22/97)
Order=54(23/97)
Order=56(24/97)
Order=58(25/97)
Order=60(26/97)
Order=62(27/97)
Order=64(28/97)
Order=66(29/97)
Order=68(30/97)
Order=70(31/97)
Found 2 real poles and 5 conjugate complex pairs.
Final number of poles: 7
Saved figure: WMP_Lib/Pb206/7188-19216_MT2.png
Saved figure: WMP_Lib/Pb206/7188-19216_MT27.png
Saved figure: WMP_Lib/Pb206/7188-19216_MT102.png
Vector fitting piece 5/26...
  energy: 1.456e+04 to 3.008e+04 eV (2048 points)
  error tolerance: rtol=0.001, atol=1e-05
Found 6 peaks
Fitting orders from 12 to 200
Order=12(0/95)
Order=14(1/95)
Order=16(2/95)
Order=18(3/95)
Order=20(4/95)
Order=22(5/95)
Order=24(6/95)
Order=26(7/95)
Order=28(8/95)
Order=30(9/95)
Order=32(10/95)
Order=34(11/95)
Order=36(12/95)
Order=38(13/95)
Order=40(14/95)
Order=42(15/95)
Order=44(16/95)
Order=46(17/95)
Order=48(18/95)
Order=50(19/95)
Order=52(20/95)
Order=54(21/95)
Order=56(22/95)
Order=58(23/95)
Order=60(24/95)
Order=62(25/95)
Order=64(26/95)
Order=66(27/95)
Order=68(28/95)
Order=70(29/95)
Found 2 real poles and 8 conjugate complex pairs.
Final number of poles: 10
Saved figure: WMP_Lib/Pb206/14558-30077_MT2.png
Saved figure: WMP_Lib/Pb206/14558-30077_MT27.png
Saved figure: WMP_Lib/Pb206/14558-30077_MT102.png
Vector fitting piece 6/26...
  energy: 2.412e+04 to 4.316e+04 eV (2366 points)
  error tolerance: rtol=0.001, atol=1e-05
Found 8 peaks
Fitting orders from 16 to 200
Order=16(0/93)
Order=18(1/93)
Order=20(2/93)
Order=22(3/93)
Order=24(4/93)
Order=26(5/93)
Order=28(6/93)
Order=30(7/93)
Order=32(8/93)
Order=34(9/93)
Order=36(10/93)
Order=38(11/93)
Order=40(12/93)
Order=42(13/93)
Order=44(14/93)
Order=46(15/93)
Order=48(16/93)
Order=50(17/93)
Order=52(18/93)
Order=54(19/93)
Order=56(20/93)
Order=58(21/93)
Order=60(22/93)
Order=62(23/93)
Order=64(24/93)
Order=66(25/93)
Order=68(26/93)
Order=70(27/93)
Found 2 real poles and 9 conjugate complex pairs.
Final number of poles: 11
Saved figure: WMP_Lib/Pb206/24118-43161_MT2.png
Saved figure: WMP_Lib/Pb206/24118-43161_MT27.png
Saved figure: WMP_Lib/Pb206/24118-43161_MT102.png
Vector fitting piece 7/26...
  energy: 3.606e+04 to 5.877e+04 eV (2143 points)
  error tolerance: rtol=0.001, atol=1e-05
Found 7 peaks
Fitting orders from 14 to 200
Order=14(0/94)
Order=16(1/94)
Order=18(2/94)
Order=20(3/94)
Order=22(4/94)
Order=24(5/94)
Order=26(6/94)
Order=28(7/94)
Order=30(8/94)
Order=32(9/94)
Order=34(10/94)
Order=36(11/94)
Order=38(12/94)
Order=40(13/94)
Order=42(14/94)
Order=44(15/94)
Order=46(16/94)
Order=48(17/94)
Order=50(18/94)
Order=52(19/94)
Order=54(20/94)
Order=56(21/94)
Order=58(22/94)
Order=60(23/94)
Order=62(24/94)
Order=64(25/94)
Order=66(26/94)
Order=68(27/94)
Order=70(28/94)
Found 2 real poles and 8 conjugate complex pairs.
Final number of poles: 10
Saved figure: WMP_Lib/Pb206/36057-58769_MT2.png
Saved figure: WMP_Lib/Pb206/36057-58769_MT27.png
Saved figure: WMP_Lib/Pb206/36057-58769_MT102.png
Vector fitting piece 8/26...
  energy: 5.037e+04 to 7.671e+04 eV (1692 points)
  error tolerance: rtol=0.001, atol=1e-05
Found 5 peaks
Fitting orders from 10 to 200
Order=10(0/96)
Order=12(1/96)
Order=14(2/96)
Order=16(3/96)
Order=18(4/96)
Order=20(5/96)
Order=22(6/96)
Order=24(7/96)
Order=26(8/96)
Order=28(9/96)
Order=30(10/96)
Order=32(11/96)
Order=34(12/96)
Order=36(13/96)
Order=38(14/96)
Order=40(15/96)
Order=42(16/96)
Order=44(17/96)
Order=46(18/96)
Order=48(19/96)
Order=50(20/96)
Order=52(21/96)
Order=54(22/96)
Order=56(23/96)
Order=58(24/96)
Order=60(25/96)
Found 2 real poles and 7 conjugate complex pairs.
Final number of poles: 9
Saved figure: WMP_Lib/Pb206/50365-76711_MT2.png
Saved figure: WMP_Lib/Pb206/50365-76711_MT27.png
Saved figure: WMP_Lib/Pb206/50365-76711_MT102.png
Vector fitting piece 9/26...
  energy: 6.707e+04 to 9.689e+04 eV (2804 points)
  error tolerance: rtol=0.001, atol=1e-05
Found 9 peaks
Fitting orders from 18 to 200
Order=18(0/92)
Order=20(1/92)
Order=22(2/92)
Order=24(3/92)
Order=26(4/92)
Order=28(5/92)
Order=30(6/92)
Order=32(7/92)
Order=34(8/92)
Order=36(9/92)
Order=38(10/92)
Order=40(11/92)
Order=42(12/92)
Order=44(13/92)
Order=46(14/92)
Order=48(15/92)
Order=50(16/92)
Order=52(17/92)
Order=54(18/92)
Order=56(19/92)
Order=58(20/92)
Order=60(21/92)
Found 2 real poles and 11 conjugate complex pairs.
Final number of poles: 13
Saved figure: WMP_Lib/Pb206/67069-96891_MT2.png
Saved figure: WMP_Lib/Pb206/67069-96891_MT27.png
Saved figure: WMP_Lib/Pb206/67069-96891_MT102.png
Vector fitting piece 10/26...
  energy: 8.617e+04 to 1.198e+05 eV (3164 points)
  error tolerance: rtol=0.001, atol=1e-05
Found 12 peaks
Fitting orders from 24 to 200
Order=24(0/89)
Order=26(1/89)
Order=28(2/89)
Order=30(3/89)
Order=32(4/89)
Order=34(5/89)
Order=36(6/89)
Order=38(7/89)
Order=40(8/89)
Order=42(9/89)
Order=44(10/89)
Order=46(11/89)
Order=48(12/89)
Order=50(13/89)
Order=52(14/89)
Order=54(15/89)
Order=56(16/89)
Order=58(17/89)
Order=60(18/89)
Found 2 real poles and 13 conjugate complex pairs.
Final number of poles: 15
Saved figure: WMP_Lib/Pb206/86172-119763_MT2.png
Saved figure: WMP_Lib/Pb206/86172-119763_MT27.png
Saved figure: WMP_Lib/Pb206/86172-119763_MT102.png
Vector fitting piece 11/26...
  energy: 1.076e+05 to 1.446e+05 eV (2607 points)
  error tolerance: rtol=0.001, atol=1e-05
Found 12 peaks
Fitting orders from 24 to 200
Order=24(0/89)
Order=26(1/89)
Order=28(2/89)
Order=30(3/89)
Order=32(4/89)
Order=34(5/89)
Order=36(6/89)
Order=38(7/89)
Order=40(8/89)
Order=42(9/89)
Order=44(10/89)
Order=46(11/89)
Order=48(12/89)
Order=50(13/89)
Order=52(14/89)
Order=54(15/89)
Order=56(16/89)
Order=58(17/89)
Order=60(18/89)
Found 2 real poles and 13 conjugate complex pairs.
Final number of poles: 15
Saved figure: WMP_Lib/Pb206/107610-144598_MT2.png
Saved figure: WMP_Lib/Pb206/107610-144598_MT27.png
Saved figure: WMP_Lib/Pb206/107610-144598_MT102.png
Vector fitting piece 12/26...
  energy: 1.315e+05 to 1.721e+05 eV (2672 points)
  error tolerance: rtol=0.001, atol=1e-05
Found 12 peaks
Fitting orders from 24 to 200
Order=24(0/89)
Order=26(1/89)
Order=28(2/89)
Order=30(3/89)
Order=32(4/89)
Order=34(5/89)
Order=36(6/89)
Order=38(7/89)
Order=40(8/89)
Order=42(9/89)
Order=44(10/89)
Order=46(11/89)
Order=48(12/89)
Order=50(13/89)
Order=52(14/89)
Order=54(15/89)
Order=56(16/89)
Order=58(17/89)
Order=60(18/89)
Order=62(19/89)
Order=64(20/89)
Order=66(21/89)
Order=68(22/89)
Order=70(23/89)
Found 2 real poles and 14 conjugate complex pairs.
Final number of poles: 16
Saved figure: WMP_Lib/Pb206/131460-172090_MT2.png
Saved figure: WMP_Lib/Pb206/131460-172090_MT27.png
Saved figure: WMP_Lib/Pb206/131460-172090_MT102.png
Vector fitting piece 13/26...
  energy: 1.577e+05 to 2.021e+05 eV (2659 points)
  error tolerance: rtol=0.001, atol=1e-05
Found 11 peaks
Fitting orders from 22 to 200
Order=22(0/90)
Order=24(1/90)
Order=26(2/90)
Order=28(3/90)
Order=30(4/90)
Order=32(5/90)
Order=34(6/90)
Order=36(7/90)
Order=38(8/90)
Order=40(9/90)
Order=42(10/90)
Order=44(11/90)
Order=46(12/90)
Order=48(13/90)
Order=50(14/90)
Order=52(15/90)
Order=54(16/90)
Order=56(17/90)
Order=58(18/90)
Order=60(19/90)
Found 4 real poles and 11 conjugate complex pairs.
Final number of poles: 15
Saved figure: WMP_Lib/Pb206/157657-202076_MT2.png
Saved figure: WMP_Lib/Pb206/157657-202076_MT27.png
Saved figure: WMP_Lib/Pb206/157657-202076_MT102.png
Vector fitting piece 14/26...
  energy: 1.863e+05 to 2.342e+05 eV (2898 points)
  error tolerance: rtol=0.001, atol=1e-05
Found 14 peaks
Fitting orders from 28 to 200
Order=28(0/87)
Order=30(1/87)
Order=32(2/87)
Order=34(3/87)
Order=36(4/87)
Order=38(5/87)
Order=40(6/87)
Order=42(7/87)
Order=44(8/87)
Order=46(9/87)
Order=48(10/87)
Order=50(11/87)
Order=52(12/87)
Order=54(13/87)
Order=56(14/87)
Order=58(15/87)
Order=60(16/87)
Found 2 real poles and 16 conjugate complex pairs.
Final number of poles: 18
Saved figure: WMP_Lib/Pb206/186322-234238_MT2.png
Saved figure: WMP_Lib/Pb206/186322-234238_MT27.png
Saved figure: WMP_Lib/Pb206/186322-234238_MT102.png
Vector fitting piece 15/26...
  energy: 2.174e+05 to 2.688e+05 eV (2532 points)
  error tolerance: rtol=0.001, atol=1e-05
Found 12 peaks
Fitting orders from 24 to 200
Order=24(0/89)
Order=26(1/89)
Order=28(2/89)
Order=30(3/89)
Order=32(4/89)
Order=34(5/89)
Order=36(6/89)
Order=38(7/89)
Order=40(8/89)
Order=42(9/89)
Order=44(10/89)
Order=46(11/89)
Order=48(12/89)
Order=50(13/89)
Order=52(14/89)
Order=54(15/89)
Order=56(16/89)
Order=58(17/89)
Order=60(18/89)
Found 4 real poles and 13 conjugate complex pairs.
Final number of poles: 17
Saved figure: WMP_Lib/Pb206/217438-268778_MT2.png
Saved figure: WMP_Lib/Pb206/217438-268778_MT27.png
Saved figure: WMP_Lib/Pb206/217438-268778_MT102.png
Vector fitting piece 16/26...
  energy: 2.509e+05 to 3.058e+05 eV (2975 points)
  error tolerance: rtol=0.001, atol=1e-05
Found 15 peaks
Fitting orders from 30 to 200
Order=30(0/86)
Order=32(1/86)
Order=34(2/86)
Order=36(3/86)
Order=38(4/86)
Order=40(5/86)
Order=42(6/86)
Order=44(7/86)
Order=46(8/86)
Order=48(9/86)
Order=50(10/86)
Order=52(11/86)
Order=54(12/86)
Order=56(13/86)
Order=58(14/86)
Order=60(15/86)
Found 4 real poles and 16 conjugate complex pairs.
Final number of poles: 20
Saved figure: WMP_Lib/Pb206/250862-305848_MT2.png
Saved figure: WMP_Lib/Pb206/250862-305848_MT27.png
Saved figure: WMP_Lib/Pb206/250862-305848_MT102.png
Vector fitting piece 17/26...
  energy: 2.865e+05 to 3.452e+05 eV (3162 points)
  error tolerance: rtol=0.001, atol=1e-05
Found 18 peaks
Fitting orders from 36 to 200
Order=36(0/83)
Order=38(1/83)
Order=40(2/83)
Order=42(3/83)
Order=44(4/83)
Order=46(5/83)
Order=48(6/83)
Order=50(7/83)
Order=52(8/83)
Order=54(9/83)
Order=56(10/83)
Order=58(11/83)
Order=60(12/83)
Found 4 real poles and 19 conjugate complex pairs.
Final number of poles: 23
Saved figure: WMP_Lib/Pb206/286509-345204_MT2.png
Saved figure: WMP_Lib/Pb206/286509-345204_MT27.png
Saved figure: WMP_Lib/Pb206/286509-345204_MT102.png
Vector fitting piece 18/26...
  energy: 3.249e+05 to 3.870e+05 eV (3767 points)
  error tolerance: rtol=0.001, atol=1e-05
Found 23 peaks
Fitting orders from 46 to 200
Order=46(0/78)
Order=48(1/78)
Order=50(2/78)
Order=52(3/78)
Order=54(4/78)
Order=56(5/78)
Order=58(6/78)
Order=60(7/78)
Order=62(8/78)
Order=64(9/78)
Found 2 real poles and 26 conjugate complex pairs.
Final number of poles: 28
Saved figure: WMP_Lib/Pb206/324856-386989_MT2.png
Saved figure: WMP_Lib/Pb206/324856-386989_MT27.png
Saved figure: WMP_Lib/Pb206/324856-386989_MT102.png
Vector fitting piece 19/26...
  energy: 3.654e+05 to 4.314e+05 eV (3209 points)
  error tolerance: rtol=0.001, atol=1e-05
Found 18 peaks
Fitting orders from 36 to 200
Order=36(0/83)
Order=38(1/83)
Order=40(2/83)
Order=42(3/83)
Order=44(4/83)
Order=46(5/83)
Order=48(6/83)
Order=50(7/83)
Order=52(8/83)
Order=54(9/83)
Order=56(10/83)
Order=58(11/83)
Order=60(12/83)
Found 2 real poles and 24 conjugate complex pairs.
Final number of poles: 26
Saved figure: WMP_Lib/Pb206/365351-431370_MT2.png
Saved figure: WMP_Lib/Pb206/365351-431370_MT27.png
Saved figure: WMP_Lib/Pb206/365351-431370_MT102.png
Vector fitting piece 20/26...
  energy: 4.084e+05 to 4.777e+05 eV (4502 points)
  error tolerance: rtol=0.001, atol=1e-05
Found 30 peaks
Fitting orders from 60 to 200
Order=60(0/71)
Order=62(1/71)
Order=64(2/71)
Order=66(3/71)
Order=68(4/71)
Order=70(5/71)
Order=72(6/71)
Order=74(7/71)
Order=76(8/71)
Order=78(9/71)
Order=80(10/71)
Order=82(11/71)
Order=84(12/71)
Order=86(13/71)
Order=88(14/71)
Found 4 real poles and 32 conjugate complex pairs.
Final number of poles: 36
Saved figure: WMP_Lib/Pb206/408396-477746_MT2.png
Saved figure: WMP_Lib/Pb206/408396-477746_MT27.png
Saved figure: WMP_Lib/Pb206/408396-477746_MT102.png
Vector fitting piece 21/26...
  energy: 4.538e+05 to 5.270e+05 eV (4603 points)
  error tolerance: rtol=0.001, atol=1e-05
Found 34 peaks
Fitting orders from 68 to 200
Order=68(0/67)
Order=70(1/67)
Order=72(2/67)
Order=74(3/67)
Order=76(4/67)
Order=78(5/67)
Order=80(6/67)
Order=82(7/67)
Order=84(8/67)
Order=86(9/67)
Order=88(10/67)
Order=90(11/67)
Order=92(12/67)
Found 4 real poles and 34 conjugate complex pairs.
Final number of poles: 38
Saved figure: WMP_Lib/Pb206/453754-526972_MT2.png
Saved figure: WMP_Lib/Pb206/453754-526972_MT27.png
Saved figure: WMP_Lib/Pb206/453754-526972_MT102.png
Vector fitting piece 22/26...
  energy: 5.015e+05 to 5.780e+05 eV (4560 points)
  error tolerance: rtol=0.001, atol=1e-05
Found 32 peaks
Fitting orders from 64 to 200
Order=64(0/69)
Order=66(1/69)
Order=68(2/69)
Order=70(3/69)
Order=72(4/69)
Order=74(5/69)
Order=76(6/69)
Order=78(7/69)
Order=80(8/69)
Order=82(9/69)
Order=84(10/69)
Order=86(11/69)
Order=88(12/69)
Order=90(13/69)
Order=92(14/69)
Order=94(15/69)
Found 6 real poles and 34 conjugate complex pairs.
Final number of poles: 40
Saved figure: WMP_Lib/Pb206/501492-578050_MT2.png
Saved figure: WMP_Lib/Pb206/501492-578050_MT27.png
Saved figure: WMP_Lib/Pb206/501492-578050_MT102.png
Vector fitting piece 23/26...
  energy: 5.516e+05 to 6.318e+05 eV (5130 points)
  error tolerance: rtol=0.001, atol=1e-05
Found 38 peaks
Fitting orders from 76 to 200
Order=76(0/63)
Order=78(1/63)
Order=80(2/63)
Order=82(3/63)
Order=84(4/63)
Order=86(5/63)
Order=88(6/63)
Order=90(7/63)
Order=92(8/63)
Order=94(9/63)
Order=96(10/63)
Order=98(11/63)
Order=100(12/63)
Order=102(13/63)
Order=104(14/63)
Found 4 real poles and 40 conjugate complex pairs.
Final number of poles: 44
Saved figure: WMP_Lib/Pb206/551632-631781_MT2.png
Saved figure: WMP_Lib/Pb206/551632-631781_MT27.png
Saved figure: WMP_Lib/Pb206/551632-631781_MT102.png
Vector fitting piece 24/26...
  energy: 6.041e+05 to 6.879e+05 eV (5709 points)
  error tolerance: rtol=0.001, atol=1e-05
Found 44 peaks
Fitting orders from 88 to 200
Order=88(0/57)
Order=90(1/57)
Order=92(2/57)
Order=94(3/57)
Order=96(4/57)
Order=98(5/57)
Order=100(6/57)
Order=102(7/57)
Order=104(8/57)
Order=106(9/57)
Order=108(10/57)
Order=110(11/57)
Order=112(12/57)
Found 2 real poles and 50 conjugate complex pairs.
Final number of poles: 52
Saved figure: WMP_Lib/Pb206/604121-687917_MT2.png
Saved figure: WMP_Lib/Pb206/604121-687917_MT27.png
Saved figure: WMP_Lib/Pb206/604121-687917_MT102.png
Vector fitting piece 25/26...
  energy: 6.591e+05 to 7.465e+05 eV (5446 points)
  error tolerance: rtol=0.001, atol=1e-05
Found 45 peaks
Fitting orders from 90 to 200
Order=90(0/56)
Order=92(1/56)
Order=94(2/56)
Order=96(3/56)
Order=98(4/56)
Order=100(5/56)
Order=102(6/56)
Order=104(7/56)
Order=106(8/56)
Order=108(9/56)
Order=110(10/56)
Order=112(11/56)
Order=114(12/56)
Order=116(13/56)
Order=118(14/56)
Order=120(15/56)
Found 4 real poles and 48 conjugate complex pairs.
Final number of poles: 52
Saved figure: WMP_Lib/Pb206/659061-746478_MT2.png
Saved figure: WMP_Lib/Pb206/659061-746478_MT27.png
Saved figure: WMP_Lib/Pb206/659061-746478_MT102.png
Vector fitting piece 26/26...
  energy: 7.163e+05 to 8.070e+05 eV (5073 points)
  error tolerance: rtol=0.001, atol=1e-05
Found 46 peaks
Fitting orders from 92 to 200
Order=92(0/55)
Order=94(1/55)
Order=96(2/55)
Order=98(3/55)
Order=100(4/55)
Order=102(5/55)
Order=104(6/55)
Order=106(7/55)
Order=108(8/55)
Order=110(9/55)
Found 4 real poles and 48 conjugate complex pairs.
Final number of poles: 52
Saved figure: WMP_Lib/Pb206/716348-807033_MT2.png
Saved figure: WMP_Lib/Pb206/716348-807033_MT27.png
Saved figure: WMP_Lib/Pb206/716348-807033_MT102.png
Dumped multipole data to file: WMP_Lib/Pb206/Pb206_mp.pickle
Start searching ...
Testing N_win=28 N_cf=10
Windowing:
  config: # windows=28, spacing=32.0838211490054, CF order=10
  error tolerance: rtol=0.001, atol=1e-05
Failed: Pure curvefit failed for the first window!
Testing N_win=131 N_cf=10
Windowing:
  config: # windows=131, spacing=6.85761062726833, CF order=10
  error tolerance: rtol=0.001, atol=1e-05
Best library so far.
Testing N_win=131 N_cf=9
Windowing:
  config: # windows=131, spacing=6.85761062726833, CF order=9
  error tolerance: rtol=0.001, atol=1e-05
Best library so far.
Testing N_win=131 N_cf=8
Windowing:
  config: # windows=131, spacing=6.85761062726833, CF order=8
  error tolerance: rtol=0.001, atol=1e-05
Best library so far.
Testing N_win=131 N_cf=7
Windowing:
  config: # windows=131, spacing=6.85761062726833, CF order=7
  error tolerance: rtol=0.001, atol=1e-05
Best library so far.
Testing N_win=131 N_cf=6
Windowing:
  config: # windows=131, spacing=6.85761062726833, CF order=6
  error tolerance: rtol=0.001, atol=1e-05
Best library so far.
Testing N_win=131 N_cf=5
Windowing:
  config: # windows=131, spacing=6.85761062726833, CF order=5
  error tolerance: rtol=0.001, atol=1e-05
Best library so far.
Testing N_win=131 N_cf=4
Windowing:
  config: # windows=131, spacing=6.85761062726833, CF order=4
  error tolerance: rtol=0.001, atol=1e-05
Best library so far.
Testing N_win=131 N_cf=3
Windowing:
  config: # windows=131, spacing=6.85761062726833, CF order=3
  error tolerance: rtol=0.001, atol=1e-05
Best library so far.
Testing N_win=131 N_cf=2
Windowing:
  config: # windows=131, spacing=6.85761062726833, CF order=2
  error tolerance: rtol=0.001, atol=1e-05
Failed: Pure curvefit failed for the first window!
Testing N_win=235 N_cf=10
Windowing:
  config: # windows=235, spacing=3.822753158179367, CF order=10
  error tolerance: rtol=0.001, atol=1e-05
Best library so far.
Testing N_win=235 N_cf=9
Windowing:
  config: # windows=235, spacing=3.822753158179367, CF order=9
  error tolerance: rtol=0.001, atol=1e-05
Best library so far.
Testing N_win=235 N_cf=8
Windowing:
  config: # windows=235, spacing=3.822753158179367, CF order=8
  error tolerance: rtol=0.001, atol=1e-05
Best library so far.
Testing N_win=235 N_cf=7
Windowing:
  config: # windows=235, spacing=3.822753158179367, CF order=7
  error tolerance: rtol=0.001, atol=1e-05
Best library so far.
Testing N_win=235 N_cf=6
Windowing:
  config: # windows=235, spacing=3.822753158179367, CF order=6
  error tolerance: rtol=0.001, atol=1e-05
Best library so far.
Testing N_win=235 N_cf=5
Windowing:
  config: # windows=235, spacing=3.822753158179367, CF order=5
  error tolerance: rtol=0.001, atol=1e-05
Best library so far.
Testing N_win=235 N_cf=4
Windowing:
  config: # windows=235, spacing=3.822753158179367, CF order=4
  error tolerance: rtol=0.001, atol=1e-05
Best library so far.
Testing N_win=235 N_cf=3
Windowing:
  config: # windows=235, spacing=3.822753158179367, CF order=3
  error tolerance: rtol=0.001, atol=1e-05
Best library so far.
Testing N_win=235 N_cf=2
Windowing:
  config: # windows=235, spacing=3.822753158179367, CF order=2
  error tolerance: rtol=0.001, atol=1e-05
Failed: Pure curvefit failed for the first window!
Testing N_win=339 N_cf=10
Windowing:
  config: # windows=339, spacing=2.6499911273514787, CF order=10
  error tolerance: rtol=0.001, atol=1e-05
Testing N_win=339 N_cf=9
Windowing:
  config: # windows=339, spacing=2.6499911273514787, CF order=9
  error tolerance: rtol=0.001, atol=1e-05
Testing N_win=339 N_cf=8
Windowing:
  config: # windows=339, spacing=2.6499911273514787, CF order=8
  error tolerance: rtol=0.001, atol=1e-05
Testing N_win=339 N_cf=7
Windowing:
  config: # windows=339, spacing=2.6499911273514787, CF order=7
  error tolerance: rtol=0.001, atol=1e-05
Testing N_win=339 N_cf=6
Windowing:
  config: # windows=339, spacing=2.6499911273514787, CF order=6
  error tolerance: rtol=0.001, atol=1e-05
Best library so far.
Testing N_win=339 N_cf=5
Windowing:
  config: # windows=339, spacing=2.6499911273514787, CF order=5
  error tolerance: rtol=0.001, atol=1e-05
Best library so far.
Testing N_win=339 N_cf=4
Windowing:
  config: # windows=339, spacing=2.6499911273514787, CF order=4
  error tolerance: rtol=0.001, atol=1e-05
Best library so far.
Testing N_win=339 N_cf=3
Windowing:
  config: # windows=339, spacing=2.6499911273514787, CF order=3
  error tolerance: rtol=0.001, atol=1e-05
Best library so far.
Testing N_win=339 N_cf=2
Windowing:
  config: # windows=339, spacing=2.6499911273514787, CF order=2
  error tolerance: rtol=0.001, atol=1e-05
Best library so far.
Testing N_win=443 N_cf=10
Windowing:
  config: # windows=443, spacing=2.0278713141583546, CF order=10
  error tolerance: rtol=0.001, atol=1e-05
Testing N_win=443 N_cf=9
Windowing:
  config: # windows=443, spacing=2.0278713141583546, CF order=9
  error tolerance: rtol=0.001, atol=1e-05
Testing N_win=443 N_cf=8
Windowing:
  config: # windows=443, spacing=2.0278713141583546, CF order=8
  error tolerance: rtol=0.001, atol=1e-05
Testing N_win=443 N_cf=7
Windowing:
  config: # windows=443, spacing=2.0278713141583546, CF order=7
  error tolerance: rtol=0.001, atol=1e-05
Testing N_win=443 N_cf=6
Windowing:
  config: # windows=443, spacing=2.0278713141583546, CF order=6
  error tolerance: rtol=0.001, atol=1e-05
Testing N_win=443 N_cf=5
Windowing:
  config: # windows=443, spacing=2.0278713141583546, CF order=5
  error tolerance: rtol=0.001, atol=1e-05
Testing N_win=443 N_cf=4
Windowing:
  config: # windows=443, spacing=2.0278713141583546, CF order=4
  error tolerance: rtol=0.001, atol=1e-05
Testing N_win=443 N_cf=3
Windowing:
  config: # windows=443, spacing=2.0278713141583546, CF order=3
  error tolerance: rtol=0.001, atol=1e-05
Best library so far.
Testing N_win=443 N_cf=2
Windowing:
  config: # windows=443, spacing=2.0278713141583546, CF order=2
  error tolerance: rtol=0.001, atol=1e-05
Best library so far.
Testing N_win=546 N_cf=10
Windowing:
  config: # windows=546, spacing=1.6453241614874565, CF order=10
  error tolerance: rtol=0.001, atol=1e-05
Testing N_win=546 N_cf=9
Windowing:
  config: # windows=546, spacing=1.6453241614874565, CF order=9
  error tolerance: rtol=0.001, atol=1e-05
Testing N_win=546 N_cf=8
Windowing:
  config: # windows=546, spacing=1.6453241614874565, CF order=8
  error tolerance: rtol=0.001, atol=1e-05
Testing N_win=546 N_cf=7
Windowing:
  config: # windows=546, spacing=1.6453241614874565, CF order=7
  error tolerance: rtol=0.001, atol=1e-05
Testing N_win=546 N_cf=6
Windowing:
  config: # windows=546, spacing=1.6453241614874565, CF order=6
  error tolerance: rtol=0.001, atol=1e-05
Testing N_win=546 N_cf=5
Windowing:
  config: # windows=546, spacing=1.6453241614874565, CF order=5
  error tolerance: rtol=0.001, atol=1e-05
Testing N_win=546 N_cf=4
Windowing:
  config: # windows=546, spacing=1.6453241614874565, CF order=4
  error tolerance: rtol=0.001, atol=1e-05
Testing N_win=546 N_cf=3
Windowing:
  config: # windows=546, spacing=1.6453241614874565, CF order=3
  error tolerance: rtol=0.001, atol=1e-05
Best library so far.
Testing N_win=546 N_cf=2
Windowing:
  config: # windows=546, spacing=1.6453241614874565, CF order=2
  error tolerance: rtol=0.001, atol=1e-05
Best library so far.
Testing N_win=650 N_cf=10
Windowing:
  config: # windows=650, spacing=1.3820722956494633, CF order=10
  error tolerance: rtol=0.001, atol=1e-05
Testing N_win=650 N_cf=9
Windowing:
  config: # windows=650, spacing=1.3820722956494633, CF order=9
  error tolerance: rtol=0.001, atol=1e-05
Testing N_win=650 N_cf=8
Windowing:
  config: # windows=650, spacing=1.3820722956494633, CF order=8
  error tolerance: rtol=0.001, atol=1e-05
Testing N_win=650 N_cf=7
Windowing:
  config: # windows=650, spacing=1.3820722956494633, CF order=7
  error tolerance: rtol=0.001, atol=1e-05
Testing N_win=650 N_cf=6
Windowing:
  config: # windows=650, spacing=1.3820722956494633, CF order=6
  error tolerance: rtol=0.001, atol=1e-05
Testing N_win=650 N_cf=5
Windowing:
  config: # windows=650, spacing=1.3820722956494633, CF order=5
  error tolerance: rtol=0.001, atol=1e-05
Testing N_win=650 N_cf=4
Windowing:
  config: # windows=650, spacing=1.3820722956494633, CF order=4
  error tolerance: rtol=0.001, atol=1e-05
Testing N_win=650 N_cf=3
Windowing:
  config: # windows=650, spacing=1.3820722956494633, CF order=3
  error tolerance: rtol=0.001, atol=1e-05
Testing N_win=650 N_cf=2
Windowing:
  config: # windows=650, spacing=1.3820722956494633, CF order=2
  error tolerance: rtol=0.001, atol=1e-05
Best library so far.
Testing N_win=754 N_cf=10
Windowing:
  config: # windows=754, spacing=1.1914416341805718, CF order=10
  error tolerance: rtol=0.001, atol=1e-05
Testing N_win=754 N_cf=9
Windowing:
  config: # windows=754, spacing=1.1914416341805718, CF order=9
  error tolerance: rtol=0.001, atol=1e-05
Testing N_win=754 N_cf=8
Windowing:
  config: # windows=754, spacing=1.1914416341805718, CF order=8
  error tolerance: rtol=0.001, atol=1e-05
Testing N_win=754 N_cf=7
Windowing:
  config: # windows=754, spacing=1.1914416341805718, CF order=7
  error tolerance: rtol=0.001, atol=1e-05
Testing N_win=754 N_cf=6
Windowing:
  config: # windows=754, spacing=1.1914416341805718, CF order=6
  error tolerance: rtol=0.001, atol=1e-05
Testing N_win=754 N_cf=5
Windowing:
  config: # windows=754, spacing=1.1914416341805718, CF order=5
  error tolerance: rtol=0.001, atol=1e-05
Testing N_win=754 N_cf=4
Windowing:
  config: # windows=754, spacing=1.1914416341805718, CF order=4
  error tolerance: rtol=0.001, atol=1e-05
Testing N_win=754 N_cf=3
Windowing:
  config: # windows=754, spacing=1.1914416341805718, CF order=3
  error tolerance: rtol=0.001, atol=1e-05
Testing N_win=754 N_cf=2
Windowing:
  config: # windows=754, spacing=1.1914416341805718, CF order=2
  error tolerance: rtol=0.001, atol=1e-05
Best library so far.
Testing N_win=858 N_cf=10
Windowing:
  config: # windows=858, spacing=1.0470244664011086, CF order=10
  error tolerance: rtol=0.001, atol=1e-05
Testing N_win=858 N_cf=9
Windowing:
  config: # windows=858, spacing=1.0470244664011086, CF order=9
  error tolerance: rtol=0.001, atol=1e-05
Testing N_win=858 N_cf=8
Windowing:
  config: # windows=858, spacing=1.0470244664011086, CF order=8
  error tolerance: rtol=0.001, atol=1e-05
Testing N_win=858 N_cf=7
Windowing:
  config: # windows=858, spacing=1.0470244664011086, CF order=7
  error tolerance: rtol=0.001, atol=1e-05
Testing N_win=858 N_cf=6
Windowing:
  config: # windows=858, spacing=1.0470244664011086, CF order=6
  error tolerance: rtol=0.001, atol=1e-05
Testing N_win=858 N_cf=5
Windowing:
  config: # windows=858, spacing=1.0470244664011086, CF order=5
  error tolerance: rtol=0.001, atol=1e-05
Testing N_win=858 N_cf=4
Windowing:
  config: # windows=858, spacing=1.0470244664011086, CF order=4
  error tolerance: rtol=0.001, atol=1e-05
Testing N_win=858 N_cf=3
Windowing:
  config: # windows=858, spacing=1.0470244664011086, CF order=3
  error tolerance: rtol=0.001, atol=1e-05
Testing N_win=858 N_cf=2
Windowing:
  config: # windows=858, spacing=1.0470244664011086, CF order=2
  error tolerance: rtol=0.001, atol=1e-05
Best library so far.
Testing N_win=962 N_cf=10
Windowing:
  config: # windows=962, spacing=0.9338326321955833, CF order=10
  error tolerance: rtol=0.001, atol=1e-05
Testing N_win=962 N_cf=9
Windowing:
  config: # windows=962, spacing=0.9338326321955833, CF order=9
  error tolerance: rtol=0.001, atol=1e-05
Testing N_win=962 N_cf=8
Windowing:
  config: # windows=962, spacing=0.9338326321955833, CF order=8
  error tolerance: rtol=0.001, atol=1e-05
Testing N_win=962 N_cf=7
Windowing:
  config: # windows=962, spacing=0.9338326321955833, CF order=7
  error tolerance: rtol=0.001, atol=1e-05
Testing N_win=962 N_cf=6
Windowing:
  config: # windows=962, spacing=0.9338326321955833, CF order=6
  error tolerance: rtol=0.001, atol=1e-05
Testing N_win=962 N_cf=5
Windowing:
  config: # windows=962, spacing=0.9338326321955833, CF order=5
  error tolerance: rtol=0.001, atol=1e-05
Testing N_win=962 N_cf=4
Windowing:
  config: # windows=962, spacing=0.9338326321955833, CF order=4
  error tolerance: rtol=0.001, atol=1e-05
Testing N_win=962 N_cf=3
Windowing:
  config: # windows=962, spacing=0.9338326321955833, CF order=3
  error tolerance: rtol=0.001, atol=1e-05
Testing N_win=962 N_cf=2
Windowing:
  config: # windows=962, spacing=0.9338326321955833, CF order=2
  error tolerance: rtol=0.001, atol=1e-05
Best library so far.
Testing N_win=1065 N_cf=10
Windowing:
  config: # windows=1065, spacing=0.8435183025090621, CF order=10
  error tolerance: rtol=0.001, atol=1e-05
Testing N_win=1065 N_cf=9
Windowing:
  config: # windows=1065, spacing=0.8435183025090621, CF order=9
  error tolerance: rtol=0.001, atol=1e-05
Testing N_win=1065 N_cf=8
Windowing:
  config: # windows=1065, spacing=0.8435183025090621, CF order=8
  error tolerance: rtol=0.001, atol=1e-05
Testing N_win=1065 N_cf=7
Windowing:
  config: # windows=1065, spacing=0.8435183025090621, CF order=7
  error tolerance: rtol=0.001, atol=1e-05
Testing N_win=1065 N_cf=6
Windowing:
  config: # windows=1065, spacing=0.8435183025090621, CF order=6
  error tolerance: rtol=0.001, atol=1e-05
Testing N_win=1065 N_cf=5
Windowing:
  config: # windows=1065, spacing=0.8435183025090621, CF order=5
  error tolerance: rtol=0.001, atol=1e-05
Testing N_win=1065 N_cf=4
Windowing:
  config: # windows=1065, spacing=0.8435183025090621, CF order=4
  error tolerance: rtol=0.001, atol=1e-05
Testing N_win=1065 N_cf=3
Windowing:
  config: # windows=1065, spacing=0.8435183025090621, CF order=3
  error tolerance: rtol=0.001, atol=1e-05
Testing N_win=1065 N_cf=2
Windowing:
  config: # windows=1065, spacing=0.8435183025090621, CF order=2
  error tolerance: rtol=0.001, atol=1e-05
Testing N_win=1169 N_cf=10
Windowing:
  config: # windows=1169, spacing=0.7684747580600095, CF order=10
  error tolerance: rtol=0.001, atol=1e-05
Testing N_win=1169 N_cf=9
Windowing:
  config: # windows=1169, spacing=0.7684747580600095, CF order=9
  error tolerance: rtol=0.001, atol=1e-05
Testing N_win=1169 N_cf=8
Windowing:
  config: # windows=1169, spacing=0.7684747580600095, CF order=8
  error tolerance: rtol=0.001, atol=1e-05
Testing N_win=1169 N_cf=7
Windowing:
  config: # windows=1169, spacing=0.7684747580600095, CF order=7
  error tolerance: rtol=0.001, atol=1e-05
Testing N_win=1169 N_cf=6
Windowing:
  config: # windows=1169, spacing=0.7684747580600095, CF order=6
  error tolerance: rtol=0.001, atol=1e-05
Testing N_win=1169 N_cf=5
Windowing:
  config: # windows=1169, spacing=0.7684747580600095, CF order=5
  error tolerance: rtol=0.001, atol=1e-05
Testing N_win=1169 N_cf=4
Windowing:
  config: # windows=1169, spacing=0.7684747580600095, CF order=4
  error tolerance: rtol=0.001, atol=1e-05
Testing N_win=1169 N_cf=3
Windowing:
  config: # windows=1169, spacing=0.7684747580600095, CF order=3
  error tolerance: rtol=0.001, atol=1e-05
Testing N_win=1169 N_cf=2
Windowing:
  config: # windows=1169, spacing=0.7684747580600095, CF order=2
  error tolerance: rtol=0.001, atol=1e-05
Testing N_win=1273 N_cf=10
Windowing:
  config: # windows=1273, spacing=0.7056928453826796, CF order=10
  error tolerance: rtol=0.001, atol=1e-05
Testing N_win=1273 N_cf=9
Windowing:
  config: # windows=1273, spacing=0.7056928453826796, CF order=9
  error tolerance: rtol=0.001, atol=1e-05
Testing N_win=1273 N_cf=8
Windowing:
  config: # windows=1273, spacing=0.7056928453826796, CF order=8
  error tolerance: rtol=0.001, atol=1e-05
Testing N_win=1273 N_cf=7
Windowing:
  config: # windows=1273, spacing=0.7056928453826796, CF order=7
  error tolerance: rtol=0.001, atol=1e-05
Testing N_win=1273 N_cf=6
Windowing:
  config: # windows=1273, spacing=0.7056928453826796, CF order=6
  error tolerance: rtol=0.001, atol=1e-05
Testing N_win=1273 N_cf=5
Windowing:
  config: # windows=1273, spacing=0.7056928453826796, CF order=5
  error tolerance: rtol=0.001, atol=1e-05
Testing N_win=1273 N_cf=4
Windowing:
  config: # windows=1273, spacing=0.7056928453826796, CF order=4
  error tolerance: rtol=0.001, atol=1e-05
Testing N_win=1273 N_cf=3
Windowing:
  config: # windows=1273, spacing=0.7056928453826796, CF order=3
  error tolerance: rtol=0.001, atol=1e-05
Testing N_win=1273 N_cf=2
Windowing:
  config: # windows=1273, spacing=0.7056928453826796, CF order=2
  error tolerance: rtol=0.001, atol=1e-05
Testing N_win=1377 N_cf=10
Windowing:
  config: # windows=1377, spacing=0.6523943298272703, CF order=10
  error tolerance: rtol=0.001, atol=1e-05
Testing N_win=1377 N_cf=9
Windowing:
  config: # windows=1377, spacing=0.6523943298272703, CF order=9
  error tolerance: rtol=0.001, atol=1e-05
Testing N_win=1377 N_cf=8
Windowing:
  config: # windows=1377, spacing=0.6523943298272703, CF order=8
  error tolerance: rtol=0.001, atol=1e-05
Testing N_win=1377 N_cf=7
Windowing:
  config: # windows=1377, spacing=0.6523943298272703, CF order=7
  error tolerance: rtol=0.001, atol=1e-05
Testing N_win=1377 N_cf=6
Windowing:
  config: # windows=1377, spacing=0.6523943298272703, CF order=6
  error tolerance: rtol=0.001, atol=1e-05
Testing N_win=1377 N_cf=5
Windowing:
  config: # windows=1377, spacing=0.6523943298272703, CF order=5
  error tolerance: rtol=0.001, atol=1e-05
Testing N_win=1377 N_cf=4
Windowing:
  config: # windows=1377, spacing=0.6523943298272703, CF order=4
  error tolerance: rtol=0.001, atol=1e-05
Testing N_win=1377 N_cf=3
Windowing:
  config: # windows=1377, spacing=0.6523943298272703, CF order=3
  error tolerance: rtol=0.001, atol=1e-05
Testing N_win=1377 N_cf=2
Windowing:
  config: # windows=1377, spacing=0.6523943298272703, CF order=2
  error tolerance: rtol=0.001, atol=1e-05
Testing N_win=1481 N_cf=10
Windowing:
  config: # windows=1481, spacing=0.6065813586577659, CF order=10
  error tolerance: rtol=0.001, atol=1e-05
Testing N_win=1481 N_cf=9
Windowing:
  config: # windows=1481, spacing=0.6065813586577659, CF order=9
  error tolerance: rtol=0.001, atol=1e-05
Testing N_win=1481 N_cf=8
Windowing:
  config: # windows=1481, spacing=0.6065813586577659, CF order=8
  error tolerance: rtol=0.001, atol=1e-05
Testing N_win=1481 N_cf=7
Windowing:
  config: # windows=1481, spacing=0.6065813586577659, CF order=7
  error tolerance: rtol=0.001, atol=1e-05
Testing N_win=1481 N_cf=6
Windowing:
  config: # windows=1481, spacing=0.6065813586577659, CF order=6
  error tolerance: rtol=0.001, atol=1e-05
Testing N_win=1481 N_cf=5
Windowing:
  config: # windows=1481, spacing=0.6065813586577659, CF order=5
  error tolerance: rtol=0.001, atol=1e-05
Testing N_win=1481 N_cf=4
Windowing:
  config: # windows=1481, spacing=0.6065813586577659, CF order=4
  error tolerance: rtol=0.001, atol=1e-05
Testing N_win=1481 N_cf=3
Windowing:
  config: # windows=1481, spacing=0.6065813586577659, CF order=3
  error tolerance: rtol=0.001, atol=1e-05
Testing N_win=1481 N_cf=2
Windowing:
  config: # windows=1481, spacing=0.6065813586577659, CF order=2
  error tolerance: rtol=0.001, atol=1e-05
Testing N_win=1584 N_cf=10
Windowing:
  config: # windows=1584, spacing=0.5671382526339338, CF order=10
  error tolerance: rtol=0.001, atol=1e-05
Testing N_win=1584 N_cf=9
Windowing:
  config: # windows=1584, spacing=0.5671382526339338, CF order=9
  error tolerance: rtol=0.001, atol=1e-05
Testing N_win=1584 N_cf=8
Windowing:
  config: # windows=1584, spacing=0.5671382526339338, CF order=8
  error tolerance: rtol=0.001, atol=1e-05
Testing N_win=1584 N_cf=7
Windowing:
  config: # windows=1584, spacing=0.5671382526339338, CF order=7
  error tolerance: rtol=0.001, atol=1e-05
Testing N_win=1584 N_cf=6
Windowing:
  config: # windows=1584, spacing=0.5671382526339338, CF order=6
  error tolerance: rtol=0.001, atol=1e-05
Testing N_win=1584 N_cf=5
Windowing:
  config: # windows=1584, spacing=0.5671382526339338, CF order=5
  error tolerance: rtol=0.001, atol=1e-05
Testing N_win=1584 N_cf=4
Windowing:
  config: # windows=1584, spacing=0.5671382526339338, CF order=4
  error tolerance: rtol=0.001, atol=1e-05
Testing N_win=1584 N_cf=3
Windowing:
  config: # windows=1584, spacing=0.5671382526339338, CF order=3
  error tolerance: rtol=0.001, atol=1e-05
Testing N_win=1584 N_cf=2
Windowing:
  config: # windows=1584, spacing=0.5671382526339338, CF order=2
  error tolerance: rtol=0.001, atol=1e-05
Testing N_win=1688 N_cf=10
Windowing:
  config: # windows=1688, spacing=0.5321960854100422, CF order=10
  error tolerance: rtol=0.001, atol=1e-05
Testing N_win=1688 N_cf=9
Windowing:
  config: # windows=1688, spacing=0.5321960854100422, CF order=9
  error tolerance: rtol=0.001, atol=1e-05
Testing N_win=1688 N_cf=8
Windowing:
  config: # windows=1688, spacing=0.5321960854100422, CF order=8
  error tolerance: rtol=0.001, atol=1e-05
Testing N_win=1688 N_cf=7
Windowing:
  config: # windows=1688, spacing=0.5321960854100422, CF order=7
  error tolerance: rtol=0.001, atol=1e-05
Testing N_win=1688 N_cf=6
Windowing:
  config: # windows=1688, spacing=0.5321960854100422, CF order=6
  error tolerance: rtol=0.001, atol=1e-05
Testing N_win=1688 N_cf=5
Windowing:
  config: # windows=1688, spacing=0.5321960854100422, CF order=5
  error tolerance: rtol=0.001, atol=1e-05
Testing N_win=1688 N_cf=4
Windowing:
  config: # windows=1688, spacing=0.5321960854100422, CF order=4
  error tolerance: rtol=0.001, atol=1e-05
Testing N_win=1688 N_cf=3
Windowing:
  config: # windows=1688, spacing=0.5321960854100422, CF order=3
  error tolerance: rtol=0.001, atol=1e-05
Testing N_win=1688 N_cf=2
Windowing:
  config: # windows=1688, spacing=0.5321960854100422, CF order=2
  error tolerance: rtol=0.001, atol=1e-05
Testing N_win=1792 N_cf=10
Windowing:
  config: # windows=1792, spacing=0.5013097054532094, CF order=10
  error tolerance: rtol=0.001, atol=1e-05
Testing N_win=1792 N_cf=9
Windowing:
  config: # windows=1792, spacing=0.5013097054532094, CF order=9
  error tolerance: rtol=0.001, atol=1e-05
Testing N_win=1792 N_cf=8
Windowing:
  config: # windows=1792, spacing=0.5013097054532094, CF order=8
  error tolerance: rtol=0.001, atol=1e-05
Testing N_win=1792 N_cf=7
Windowing:
  config: # windows=1792, spacing=0.5013097054532094, CF order=7
  error tolerance: rtol=0.001, atol=1e-05
Testing N_win=1792 N_cf=6
Windowing:
  config: # windows=1792, spacing=0.5013097054532094, CF order=6
  error tolerance: rtol=0.001, atol=1e-05
Testing N_win=1792 N_cf=5
Windowing:
  config: # windows=1792, spacing=0.5013097054532094, CF order=5
  error tolerance: rtol=0.001, atol=1e-05
Testing N_win=1792 N_cf=4
Windowing:
  config: # windows=1792, spacing=0.5013097054532094, CF order=4
  error tolerance: rtol=0.001, atol=1e-05
Testing N_win=1792 N_cf=3
Windowing:
  config: # windows=1792, spacing=0.5013097054532094, CF order=3
  error tolerance: rtol=0.001, atol=1e-05
Testing N_win=1792 N_cf=2
Windowing:
  config: # windows=1792, spacing=0.5013097054532094, CF order=2
  error tolerance: rtol=0.001, atol=1e-05
Testing N_win=1896 N_cf=10
Windowing:
  config: # windows=1896, spacing=0.47381170473214723, CF order=10
  error tolerance: rtol=0.001, atol=1e-05
Testing N_win=1896 N_cf=9
Windowing:
  config: # windows=1896, spacing=0.47381170473214723, CF order=9
  error tolerance: rtol=0.001, atol=1e-05
Testing N_win=1896 N_cf=8
Windowing:
  config: # windows=1896, spacing=0.47381170473214723, CF order=8
  error tolerance: rtol=0.001, atol=1e-05
Testing N_win=1896 N_cf=7
Windowing:
  config: # windows=1896, spacing=0.47381170473214723, CF order=7
  error tolerance: rtol=0.001, atol=1e-05
Testing N_win=1896 N_cf=6
Windowing:
  config: # windows=1896, spacing=0.47381170473214723, CF order=6
  error tolerance: rtol=0.001, atol=1e-05
Testing N_win=1896 N_cf=5
Windowing:
  config: # windows=1896, spacing=0.47381170473214723, CF order=5
  error tolerance: rtol=0.001, atol=1e-05
Testing N_win=1896 N_cf=4
Windowing:
  config: # windows=1896, spacing=0.47381170473214723, CF order=4
  error tolerance: rtol=0.001, atol=1e-05
Testing N_win=1896 N_cf=3
Windowing:
  config: # windows=1896, spacing=0.47381170473214723, CF order=3
  error tolerance: rtol=0.001, atol=1e-05
Testing N_win=1896 N_cf=2
Windowing:
  config: # windows=1896, spacing=0.47381170473214723, CF order=2
  error tolerance: rtol=0.001, atol=1e-05
Testing N_win=2000 N_cf=10
Windowing:
  config: # windows=2000, spacing=0.4491734960860756, CF order=10
  error tolerance: rtol=0.001, atol=1e-05
Testing N_win=2000 N_cf=9
Windowing:
  config: # windows=2000, spacing=0.4491734960860756, CF order=9
  error tolerance: rtol=0.001, atol=1e-05
Testing N_win=2000 N_cf=8
Windowing:
  config: # windows=2000, spacing=0.4491734960860756, CF order=8
  error tolerance: rtol=0.001, atol=1e-05
Testing N_win=2000 N_cf=7
Windowing:
  config: # windows=2000, spacing=0.4491734960860756, CF order=7
  error tolerance: rtol=0.001, atol=1e-05
Testing N_win=2000 N_cf=6
Windowing:
  config: # windows=2000, spacing=0.4491734960860756, CF order=6
  error tolerance: rtol=0.001, atol=1e-05
Testing N_win=2000 N_cf=5
Windowing:
  config: # windows=2000, spacing=0.4491734960860756, CF order=5
  error tolerance: rtol=0.001, atol=1e-05
Testing N_win=2000 N_cf=4
Windowing:
  config: # windows=2000, spacing=0.4491734960860756, CF order=4
  error tolerance: rtol=0.001, atol=1e-05
Testing N_win=2000 N_cf=3
Windowing:
  config: # windows=2000, spacing=0.4491734960860756, CF order=3
  error tolerance: rtol=0.001, atol=1e-05
Testing N_win=2000 N_cf=2
Windowing:
  config: # windows=2000, spacing=0.4491734960860756, CF order=2
  error tolerance: rtol=0.001, atol=1e-05
Final library: 358 poles, 962 windows, 1.8 poles per window, 2 CF order
