Running NJOY to get 0K point-wise data (error=0.0005)...
Parsing cross sections within resolved resonance range...
  MTs: [2, 27, 102]
  Energy range: 1.000e-05 to 4.000e+05 eV (24809 points)
Vector fitting piece 1/12...
  energy: 1.000e-05 to 2.938e+03 eV (726 points)
  error tolerance: rtol=0.001, atol=1e-05
Found 0 peaks
Fitting orders from 2 to 200
Order=2(0/100)
Order=4(1/100)
Order=6(2/100)
Found ideal results. Stop!
Found 2 real poles and 2 conjugate complex pairs.
Final number of poles: 4
Saved figure: WMP_Lib/Ti48/0-2938_MT2.png
Saved figure: WMP_Lib/Ti48/0-2938_MT27.png
Saved figure: WMP_Lib/Ti48/0-2938_MT102.png
Vector fitting piece 2/12...
  energy: 6.562e+02 to 1.121e+04 eV (282 points)
  error tolerance: rtol=0.001, atol=1e-05
Found 1 peaks
Fitting orders from 2 to 200
Order=2(0/100)
Order=4(1/100)
Order=6(2/100)
Order=8(3/100)
Order=10(4/100)
Order=12(5/100)
Order=14(6/100)
Order=16(7/100)
Order=18(8/100)
Order=20(9/100)
Order=22(10/100)
Order=24(11/100)
Order=26(12/100)
Order=28(13/100)
Order=30(14/100)
Order=32(15/100)
Order=34(16/100)
Order=36(17/100)
Order=38(18/100)
Order=40(19/100)
Order=42(20/100)
Order=44(21/100)
Order=46(22/100)
Order=48(23/100)
Order=50(24/100)
Order=52(25/100)
Order=54(26/100)
Order=56(27/100)
Order=58(28/100)
Order=60(29/100)
Order=62(30/100)
Order=64(31/100)
Order=66(32/100)
Order=68(33/100)
Order=70(34/100)
Found 4 real poles and 7 conjugate complex pairs.
Final number of poles: 11
Saved figure: WMP_Lib/Ti48/656-11208_MT2.png
Saved figure: WMP_Lib/Ti48/656-11208_MT27.png
Saved figure: WMP_Lib/Ti48/656-11208_MT102.png
Vector fitting piece 3/12...
  energy: 6.047e+03 to 2.542e+04 eV (1794 points)
  error tolerance: rtol=0.001, atol=1e-05
Found 7 peaks
Fitting orders from 14 to 200
Order=14(0/94)
Order=16(1/94)
Order=18(2/94)
Order=20(3/94)
Order=22(4/94)
Order=24(5/94)
Order=26(6/94)
Order=28(7/94)
Order=30(8/94)
Order=32(9/94)
Order=34(10/94)
Order=36(11/94)
Order=38(12/94)
Order=40(13/94)
Order=42(14/94)
Order=44(15/94)
Order=46(16/94)
Order=48(17/94)
Order=50(18/94)
Order=52(19/94)
Order=54(20/94)
Order=56(21/94)
Order=58(22/94)
Order=60(23/94)
Found 4 real poles and 7 conjugate complex pairs.
Final number of poles: 11
Saved figure: WMP_Lib/Ti48/6047-25425_MT2.png
Saved figure: WMP_Lib/Ti48/6047-25425_MT27.png
Saved figure: WMP_Lib/Ti48/6047-25425_MT102.png
Vector fitting piece 4/12...
  energy: 1.727e+04 to 4.478e+04 eV (1879 points)
  error tolerance: rtol=0.001, atol=1e-05
Found 8 peaks
Fitting orders from 16 to 200
Order=16(0/93)
Order=18(1/93)
Order=20(2/93)
Order=22(3/93)
Order=24(4/93)
Order=26(5/93)
Order=28(6/93)
Order=30(7/93)
Order=32(8/93)
Order=34(9/93)
Order=36(10/93)
Order=38(11/93)
Order=40(12/93)
Order=42(13/93)
Order=44(14/93)
Order=46(15/93)
Order=48(16/93)
Order=50(17/93)
Order=52(18/93)
Order=54(19/93)
Order=56(20/93)
Order=58(21/93)
Order=60(22/93)
Order=62(23/93)
Order=64(24/93)
Order=66(25/93)
Order=68(26/93)
Order=70(27/93)
Found 0 real poles and 10 conjugate complex pairs.
Final number of poles: 10
Saved figure: WMP_Lib/Ti48/17273-44782_MT2.png
Saved figure: WMP_Lib/Ti48/17273-44782_MT27.png
Saved figure: WMP_Lib/Ti48/17273-44782_MT102.png
Vector fitting piece 5/12...
  energy: 3.389e+04 to 7.004e+04 eV (1504 points)
  error tolerance: rtol=0.001, atol=1e-05
Found 6 peaks
Fitting orders from 12 to 200
Order=12(0/95)
Order=14(1/95)
Order=16(2/95)
Order=18(3/95)
Order=20(4/95)
Order=22(5/95)
Order=24(6/95)
Order=26(7/95)
Order=28(8/95)
Order=30(9/95)
Order=32(10/95)
Order=34(11/95)
Order=36(12/95)
Order=38(13/95)
Order=40(14/95)
Order=42(15/95)
Order=44(16/95)
Order=46(17/95)
Order=48(18/95)
Order=50(19/95)
Order=52(20/95)
Order=54(21/95)
Order=56(22/95)
Order=58(23/95)
Order=60(24/95)
Order=62(25/95)
Order=64(26/95)
Order=66(27/95)
Order=68(28/95)
Order=70(29/95)
Found 2 real poles and 7 conjugate complex pairs.
Final number of poles: 9
Saved figure: WMP_Lib/Ti48/33889-70037_MT2.png
Saved figure: WMP_Lib/Ti48/33889-70037_MT27.png
Saved figure: WMP_Lib/Ti48/33889-70037_MT102.png
Vector fitting piece 6/12...
  energy: 5.610e+04 to 1.004e+05 eV (2718 points)
  error tolerance: rtol=0.001, atol=1e-05
Found 10 peaks
Fitting orders from 20 to 200
Order=20(0/91)
Order=22(1/91)
Order=24(2/91)
Order=26(3/91)
Order=28(4/91)
Order=30(5/91)
Order=32(6/91)
Order=34(7/91)
Order=36(8/91)
Order=38(9/91)
Order=40(10/91)
Order=42(11/91)
Order=44(12/91)
Order=46(13/91)
Order=48(14/91)
Order=50(15/91)
Order=52(16/91)
Order=54(17/91)
Order=56(18/91)
Order=58(19/91)
Order=60(20/91)
Order=62(21/91)
Order=64(22/91)
Order=66(23/91)
Order=68(24/91)
Order=70(25/91)
Found 4 real poles and 11 conjugate complex pairs.
Final number of poles: 15
Saved figure: WMP_Lib/Ti48/56101-100415_MT2.png
Saved figure: WMP_Lib/Ti48/56101-100415_MT27.png
Saved figure: WMP_Lib/Ti48/56101-100415_MT102.png
Vector fitting piece 7/12...
  energy: 8.386e+04 to 1.365e+05 eV (2961 points)
  error tolerance: rtol=0.001, atol=1e-05
Found 10 peaks
Fitting orders from 20 to 200
Order=20(0/91)
Order=22(1/91)
Order=24(2/91)
Order=26(3/91)
Order=28(4/91)
Order=30(5/91)
Order=32(6/91)
Order=34(7/91)
Order=36(8/91)
Order=38(9/91)
Order=40(10/91)
Order=42(11/91)
Order=44(12/91)
Order=46(13/91)
Order=48(14/91)
Order=50(15/91)
Order=52(16/91)
Order=54(17/91)
Order=56(18/91)
Order=58(19/91)
Order=60(20/91)
Found 4 real poles and 11 conjugate complex pairs.
Final number of poles: 15
Saved figure: WMP_Lib/Ti48/83857-136476_MT2.png
Saved figure: WMP_Lib/Ti48/83857-136476_MT27.png
Saved figure: WMP_Lib/Ti48/83857-136476_MT102.png
Vector fitting piece 8/12...
  energy: 1.172e+05 to 1.785e+05 eV (5036 points)
  error tolerance: rtol=0.001, atol=1e-05
Found 22 peaks
Fitting orders from 44 to 200
Order=44(0/79)
Order=46(1/79)
Order=48(2/79)
Order=50(3/79)
Order=52(4/79)
Order=54(5/79)
Order=56(6/79)
Order=58(7/79)
Order=60(8/79)
Order=62(9/79)
Order=64(10/79)
Order=66(11/79)
Order=68(12/79)
Order=70(13/79)
Found 4 real poles and 22 conjugate complex pairs.
Final number of poles: 26
Saved figure: WMP_Lib/Ti48/117154-178525_MT2.png
Saved figure: WMP_Lib/Ti48/117154-178525_MT27.png
Saved figure: WMP_Lib/Ti48/117154-178525_MT102.png
Vector fitting piece 9/12...
  energy: 1.560e+05 to 2.253e+05 eV (5920 points)
  error tolerance: rtol=0.001, atol=1e-05
Found 30 peaks
Fitting orders from 60 to 200
Order=60(0/71)
Order=62(1/71)
Order=64(2/71)
Order=66(3/71)
Order=68(4/71)
Order=70(5/71)
Order=72(6/71)
Order=74(7/71)
Order=76(8/71)
Order=78(9/71)
Order=80(10/71)
Order=82(11/71)
Order=84(12/71)
Order=86(13/71)
Order=88(14/71)
Found 2 real poles and 33 conjugate complex pairs.
Final number of poles: 35
Saved figure: WMP_Lib/Ti48/156015-225289_MT2.png
Saved figure: WMP_Lib/Ti48/156015-225289_MT27.png
Saved figure: WMP_Lib/Ti48/156015-225289_MT102.png
Vector fitting piece 10/12...
  energy: 2.003e+05 to 2.781e+05 eV (3790 points)
  error tolerance: rtol=0.001, atol=1e-05
Found 20 peaks
Fitting orders from 40 to 200
Order=40(0/81)
Order=42(1/81)
Order=44(2/81)
Order=46(3/81)
Order=48(4/81)
Order=50(5/81)
Order=52(6/81)
Order=54(7/81)
Order=56(8/81)
Order=58(9/81)
Order=60(10/81)
Order=62(11/81)
Order=64(12/81)
Order=66(13/81)
Order=68(14/81)
Order=70(15/81)
Found 2 real poles and 23 conjugate complex pairs.
Final number of poles: 25
Saved figure: WMP_Lib/Ti48/200340-278093_MT2.png
Saved figure: WMP_Lib/Ti48/200340-278093_MT27.png
Saved figure: WMP_Lib/Ti48/200340-278093_MT102.png
Vector fitting piece 11/12...
  energy: 2.504e+05 to 3.365e+05 eV (5112 points)
  error tolerance: rtol=0.001, atol=1e-05
Found 28 peaks
Fitting orders from 56 to 200
Order=56(0/73)
Order=58(1/73)
Order=60(2/73)
Order=62(3/73)
Order=64(4/73)
Order=66(5/73)
Order=68(6/73)
Order=70(7/73)
Order=72(8/73)
Order=74(9/73)
Order=76(10/73)
Order=78(11/73)
Order=80(12/73)
Order=82(13/73)
Order=84(14/73)
Order=86(15/73)
Found 4 real poles and 31 conjugate complex pairs.
Final number of poles: 35
Saved figure: WMP_Lib/Ti48/250386-336532_MT2.png
Saved figure: WMP_Lib/Ti48/250386-336532_MT27.png
Saved figure: WMP_Lib/Ti48/250386-336532_MT102.png
Vector fitting piece 12/12...
  energy: 3.059e+05 to 4.000e+05 eV (4815 points)
  error tolerance: rtol=0.001, atol=1e-05
Found 27 peaks
Fitting orders from 54 to 200
Order=54(0/74)
Order=56(1/74)
Order=58(2/74)
Order=60(3/74)
Order=62(4/74)
Order=64(5/74)
Order=66(6/74)
Order=68(7/74)
Order=70(8/74)
Order=72(9/74)
Order=74(10/74)
Order=76(11/74)
Order=78(12/74)
Order=80(13/74)
Order=82(14/74)
Found 2 real poles and 30 conjugate complex pairs.
Final number of poles: 32
Saved figure: WMP_Lib/Ti48/305858-400000_MT2.png
Saved figure: WMP_Lib/Ti48/305858-400000_MT27.png
Saved figure: WMP_Lib/Ti48/305858-400000_MT102.png
Dumped multipole data to file: WMP_Lib/Ti48/Ti48_mp.pickle
Start searching ...
Testing N_win=11 N_cf=10
Failed: Window spacing cannot be larger than piece spacing.
Testing N_win=115 N_cf=10
Windowing:
  config: # windows=115, spacing=5.499585136513646, CF order=10
  error tolerance: rtol=0.001, atol=1e-05
Best library so far.
Testing N_win=115 N_cf=9
Windowing:
  config: # windows=115, spacing=5.499585136513646, CF order=9
  error tolerance: rtol=0.001, atol=1e-05
Best library so far.
Testing N_win=115 N_cf=8
Windowing:
  config: # windows=115, spacing=5.499585136513646, CF order=8
  error tolerance: rtol=0.001, atol=1e-05
Best library so far.
Testing N_win=115 N_cf=7
Windowing:
  config: # windows=115, spacing=5.499585136513646, CF order=7
  error tolerance: rtol=0.001, atol=1e-05
Best library so far.
Testing N_win=115 N_cf=6
Windowing:
  config: # windows=115, spacing=5.499585136513646, CF order=6
  error tolerance: rtol=0.001, atol=1e-05
Best library so far.
Testing N_win=115 N_cf=5
Windowing:
  config: # windows=115, spacing=5.499585136513646, CF order=5
  error tolerance: rtol=0.001, atol=1e-05
Best library so far.
Testing N_win=115 N_cf=4
Windowing:
  config: # windows=115, spacing=5.499585136513646, CF order=4
  error tolerance: rtol=0.001, atol=1e-05
Best library so far.
Testing N_win=115 N_cf=3
Windowing:
  config: # windows=115, spacing=5.499585136513646, CF order=3
  error tolerance: rtol=0.001, atol=1e-05
Best library so far.
Testing N_win=115 N_cf=2
Windowing:
  config: # windows=115, spacing=5.499585136513646, CF order=2
  error tolerance: rtol=0.001, atol=1e-05
Failed: Pure curvefit failed for the first window!
Testing N_win=220 N_cf=10
Windowing:
  config: # windows=220, spacing=2.874783139541224, CF order=10
  error tolerance: rtol=0.001, atol=1e-05
Best library so far.
Testing N_win=220 N_cf=9
Windowing:
  config: # windows=220, spacing=2.874783139541224, CF order=9
  error tolerance: rtol=0.001, atol=1e-05
Best library so far.
Testing N_win=220 N_cf=8
Windowing:
  config: # windows=220, spacing=2.874783139541224, CF order=8
  error tolerance: rtol=0.001, atol=1e-05
Best library so far.
Testing N_win=220 N_cf=7
Windowing:
  config: # windows=220, spacing=2.874783139541224, CF order=7
  error tolerance: rtol=0.001, atol=1e-05
Best library so far.
Testing N_win=220 N_cf=6
Windowing:
  config: # windows=220, spacing=2.874783139541224, CF order=6
  error tolerance: rtol=0.001, atol=1e-05
Best library so far.
Testing N_win=220 N_cf=5
Windowing:
  config: # windows=220, spacing=2.874783139541224, CF order=5
  error tolerance: rtol=0.001, atol=1e-05
Best library so far.
Testing N_win=220 N_cf=4
Windowing:
  config: # windows=220, spacing=2.874783139541224, CF order=4
  error tolerance: rtol=0.001, atol=1e-05
Best library so far.
Testing N_win=220 N_cf=3
Windowing:
  config: # windows=220, spacing=2.874783139541224, CF order=3
  error tolerance: rtol=0.001, atol=1e-05
Best library so far.
Testing N_win=220 N_cf=2
Windowing:
  config: # windows=220, spacing=2.874783139541224, CF order=2
  error tolerance: rtol=0.001, atol=1e-05
Failed: Pure curvefit failed for the first window!
Testing N_win=325 N_cf=10
Windowing:
  config: # windows=325, spacing=1.9460070483048286, CF order=10
  error tolerance: rtol=0.001, atol=1e-05
Testing N_win=325 N_cf=9
Windowing:
  config: # windows=325, spacing=1.9460070483048286, CF order=9
  error tolerance: rtol=0.001, atol=1e-05
Testing N_win=325 N_cf=8
Windowing:
  config: # windows=325, spacing=1.9460070483048286, CF order=8
  error tolerance: rtol=0.001, atol=1e-05
Best library so far.
Testing N_win=325 N_cf=7
Windowing:
  config: # windows=325, spacing=1.9460070483048286, CF order=7
  error tolerance: rtol=0.001, atol=1e-05
Best library so far.
Testing N_win=325 N_cf=6
Windowing:
  config: # windows=325, spacing=1.9460070483048286, CF order=6
  error tolerance: rtol=0.001, atol=1e-05
Best library so far.
Testing N_win=325 N_cf=5
Windowing:
  config: # windows=325, spacing=1.9460070483048286, CF order=5
  error tolerance: rtol=0.001, atol=1e-05
Best library so far.
Testing N_win=325 N_cf=4
Windowing:
  config: # windows=325, spacing=1.9460070483048286, CF order=4
  error tolerance: rtol=0.001, atol=1e-05
Best library so far.
Testing N_win=325 N_cf=3
Windowing:
  config: # windows=325, spacing=1.9460070483048286, CF order=3
  error tolerance: rtol=0.001, atol=1e-05
Best library so far.
Testing N_win=325 N_cf=2
Windowing:
  config: # windows=325, spacing=1.9460070483048286, CF order=2
  error tolerance: rtol=0.001, atol=1e-05
Best library so far.
Testing N_win=429 N_cf=10
Windowing:
  config: # windows=429, spacing=1.4742477638672944, CF order=10
  error tolerance: rtol=0.001, atol=1e-05
Testing N_win=429 N_cf=9
Windowing:
  config: # windows=429, spacing=1.4742477638672944, CF order=9
  error tolerance: rtol=0.001, atol=1e-05
Testing N_win=429 N_cf=8
Windowing:
  config: # windows=429, spacing=1.4742477638672944, CF order=8
  error tolerance: rtol=0.001, atol=1e-05
Testing N_win=429 N_cf=7
Windowing:
  config: # windows=429, spacing=1.4742477638672944, CF order=7
  error tolerance: rtol=0.001, atol=1e-05
Testing N_win=429 N_cf=6
Windowing:
  config: # windows=429, spacing=1.4742477638672944, CF order=6
  error tolerance: rtol=0.001, atol=1e-05
Testing N_win=429 N_cf=5
Windowing:
  config: # windows=429, spacing=1.4742477638672944, CF order=5
  error tolerance: rtol=0.001, atol=1e-05
Testing N_win=429 N_cf=4
Windowing:
  config: # windows=429, spacing=1.4742477638672944, CF order=4
  error tolerance: rtol=0.001, atol=1e-05
Testing N_win=429 N_cf=3
Windowing:
  config: # windows=429, spacing=1.4742477638672944, CF order=3
  error tolerance: rtol=0.001, atol=1e-05
Testing N_win=429 N_cf=2
Windowing:
  config: # windows=429, spacing=1.4742477638672944, CF order=2
  error tolerance: rtol=0.001, atol=1e-05
Testing N_win=534 N_cf=10
Windowing:
  config: # windows=534, spacing=1.1843675855787814, CF order=10
  error tolerance: rtol=0.001, atol=1e-05
Testing N_win=534 N_cf=9
Windowing:
  config: # windows=534, spacing=1.1843675855787814, CF order=9
  error tolerance: rtol=0.001, atol=1e-05
Testing N_win=534 N_cf=8
Windowing:
  config: # windows=534, spacing=1.1843675855787814, CF order=8
  error tolerance: rtol=0.001, atol=1e-05
Testing N_win=534 N_cf=7
Windowing:
  config: # windows=534, spacing=1.1843675855787814, CF order=7
  error tolerance: rtol=0.001, atol=1e-05
Testing N_win=534 N_cf=6
Windowing:
  config: # windows=534, spacing=1.1843675855787814, CF order=6
  error tolerance: rtol=0.001, atol=1e-05
Testing N_win=534 N_cf=5
Windowing:
  config: # windows=534, spacing=1.1843675855787814, CF order=5
  error tolerance: rtol=0.001, atol=1e-05
Testing N_win=534 N_cf=4
Windowing:
  config: # windows=534, spacing=1.1843675855787814, CF order=4
  error tolerance: rtol=0.001, atol=1e-05
Testing N_win=534 N_cf=3
Windowing:
  config: # windows=534, spacing=1.1843675855787814, CF order=3
  error tolerance: rtol=0.001, atol=1e-05
Testing N_win=534 N_cf=2
Windowing:
  config: # windows=534, spacing=1.1843675855787814, CF order=2
  error tolerance: rtol=0.001, atol=1e-05
Testing N_win=639 N_cf=10
Windowing:
  config: # windows=639, spacing=0.9897531935822681, CF order=10
  error tolerance: rtol=0.001, atol=1e-05
Testing N_win=639 N_cf=9
Windowing:
  config: # windows=639, spacing=0.9897531935822681, CF order=9
  error tolerance: rtol=0.001, atol=1e-05
Testing N_win=639 N_cf=8
Windowing:
  config: # windows=639, spacing=0.9897531935822681, CF order=8
  error tolerance: rtol=0.001, atol=1e-05
Testing N_win=639 N_cf=7
Windowing:
  config: # windows=639, spacing=0.9897531935822681, CF order=7
  error tolerance: rtol=0.001, atol=1e-05
Testing N_win=639 N_cf=6
Windowing:
  config: # windows=639, spacing=0.9897531935822681, CF order=6
  error tolerance: rtol=0.001, atol=1e-05
Testing N_win=639 N_cf=5
Windowing:
  config: # windows=639, spacing=0.9897531935822681, CF order=5
  error tolerance: rtol=0.001, atol=1e-05
Testing N_win=639 N_cf=4
Windowing:
  config: # windows=639, spacing=0.9897531935822681, CF order=4
  error tolerance: rtol=0.001, atol=1e-05
Testing N_win=639 N_cf=3
Windowing:
  config: # windows=639, spacing=0.9897531935822681, CF order=3
  error tolerance: rtol=0.001, atol=1e-05
Testing N_win=639 N_cf=2
Windowing:
  config: # windows=639, spacing=0.9897531935822681, CF order=2
  error tolerance: rtol=0.001, atol=1e-05
Testing N_win=743 N_cf=10
Windowing:
  config: # windows=743, spacing=0.8512143885586397, CF order=10
  error tolerance: rtol=0.001, atol=1e-05
Testing N_win=743 N_cf=9
Windowing:
  config: # windows=743, spacing=0.8512143885586397, CF order=9
  error tolerance: rtol=0.001, atol=1e-05
Testing N_win=743 N_cf=8
Windowing:
  config: # windows=743, spacing=0.8512143885586397, CF order=8
  error tolerance: rtol=0.001, atol=1e-05
Testing N_win=743 N_cf=7
Windowing:
  config: # windows=743, spacing=0.8512143885586397, CF order=7
  error tolerance: rtol=0.001, atol=1e-05
Testing N_win=743 N_cf=6
Windowing:
  config: # windows=743, spacing=0.8512143885586397, CF order=6
  error tolerance: rtol=0.001, atol=1e-05
Testing N_win=743 N_cf=5
Windowing:
  config: # windows=743, spacing=0.8512143885586397, CF order=5
  error tolerance: rtol=0.001, atol=1e-05
Testing N_win=743 N_cf=4
Windowing:
  config: # windows=743, spacing=0.8512143885586397, CF order=4
  error tolerance: rtol=0.001, atol=1e-05
Testing N_win=743 N_cf=3
Windowing:
  config: # windows=743, spacing=0.8512143885586397, CF order=3
  error tolerance: rtol=0.001, atol=1e-05
Testing N_win=743 N_cf=2
Windowing:
  config: # windows=743, spacing=0.8512143885586397, CF order=2
  error tolerance: rtol=0.001, atol=1e-05
Testing N_win=848 N_cf=10
Windowing:
  config: # windows=848, spacing=0.7458163805413554, CF order=10
  error tolerance: rtol=0.001, atol=1e-05
Testing N_win=848 N_cf=9
Windowing:
  config: # windows=848, spacing=0.7458163805413554, CF order=9
  error tolerance: rtol=0.001, atol=1e-05
Testing N_win=848 N_cf=8
Windowing:
  config: # windows=848, spacing=0.7458163805413554, CF order=8
  error tolerance: rtol=0.001, atol=1e-05
Testing N_win=848 N_cf=7
Windowing:
  config: # windows=848, spacing=0.7458163805413554, CF order=7
  error tolerance: rtol=0.001, atol=1e-05
Testing N_win=848 N_cf=6
Windowing:
  config: # windows=848, spacing=0.7458163805413554, CF order=6
  error tolerance: rtol=0.001, atol=1e-05
Testing N_win=848 N_cf=5
Windowing:
  config: # windows=848, spacing=0.7458163805413554, CF order=5
  error tolerance: rtol=0.001, atol=1e-05
Testing N_win=848 N_cf=4
Windowing:
  config: # windows=848, spacing=0.7458163805413554, CF order=4
  error tolerance: rtol=0.001, atol=1e-05
Testing N_win=848 N_cf=3
Windowing:
  config: # windows=848, spacing=0.7458163805413554, CF order=3
  error tolerance: rtol=0.001, atol=1e-05
Testing N_win=848 N_cf=2
Windowing:
  config: # windows=848, spacing=0.7458163805413554, CF order=2
  error tolerance: rtol=0.001, atol=1e-05
Testing N_win=953 N_cf=10
Windowing:
  config: # windows=953, spacing=0.663643536935015, CF order=10
  error tolerance: rtol=0.001, atol=1e-05
Testing N_win=953 N_cf=9
Windowing:
  config: # windows=953, spacing=0.663643536935015, CF order=9
  error tolerance: rtol=0.001, atol=1e-05
Testing N_win=953 N_cf=8
Windowing:
  config: # windows=953, spacing=0.663643536935015, CF order=8
  error tolerance: rtol=0.001, atol=1e-05
Testing N_win=953 N_cf=7
Windowing:
  config: # windows=953, spacing=0.663643536935015, CF order=7
  error tolerance: rtol=0.001, atol=1e-05
Testing N_win=953 N_cf=6
Windowing:
  config: # windows=953, spacing=0.663643536935015, CF order=6
  error tolerance: rtol=0.001, atol=1e-05
Testing N_win=953 N_cf=5
Windowing:
  config: # windows=953, spacing=0.663643536935015, CF order=5
  error tolerance: rtol=0.001, atol=1e-05
Testing N_win=953 N_cf=4
Windowing:
  config: # windows=953, spacing=0.663643536935015, CF order=4
  error tolerance: rtol=0.001, atol=1e-05
Testing N_win=953 N_cf=3
Windowing:
  config: # windows=953, spacing=0.663643536935015, CF order=3
  error tolerance: rtol=0.001, atol=1e-05
Testing N_win=953 N_cf=2
Windowing:
  config: # windows=953, spacing=0.663643536935015, CF order=2
  error tolerance: rtol=0.001, atol=1e-05
Testing N_win=1057 N_cf=10
Windowing:
  config: # windows=1057, spacing=0.598346538031286, CF order=10
  error tolerance: rtol=0.001, atol=1e-05
Testing N_win=1057 N_cf=9
Windowing:
  config: # windows=1057, spacing=0.598346538031286, CF order=9
  error tolerance: rtol=0.001, atol=1e-05
Testing N_win=1057 N_cf=8
Windowing:
  config: # windows=1057, spacing=0.598346538031286, CF order=8
  error tolerance: rtol=0.001, atol=1e-05
Testing N_win=1057 N_cf=7
Windowing:
  config: # windows=1057, spacing=0.598346538031286, CF order=7
  error tolerance: rtol=0.001, atol=1e-05
Testing N_win=1057 N_cf=6
Windowing:
  config: # windows=1057, spacing=0.598346538031286, CF order=6
  error tolerance: rtol=0.001, atol=1e-05
Testing N_win=1057 N_cf=5
Windowing:
  config: # windows=1057, spacing=0.598346538031286, CF order=5
  error tolerance: rtol=0.001, atol=1e-05
Testing N_win=1057 N_cf=4
Windowing:
  config: # windows=1057, spacing=0.598346538031286, CF order=4
  error tolerance: rtol=0.001, atol=1e-05
Testing N_win=1057 N_cf=3
Windowing:
  config: # windows=1057, spacing=0.598346538031286, CF order=3
  error tolerance: rtol=0.001, atol=1e-05
Testing N_win=1057 N_cf=2
Windowing:
  config: # windows=1057, spacing=0.598346538031286, CF order=2
  error tolerance: rtol=0.001, atol=1e-05
Testing N_win=1162 N_cf=10
Windowing:
  config: # windows=1162, spacing=0.5442790797754469, CF order=10
  error tolerance: rtol=0.001, atol=1e-05
Testing N_win=1162 N_cf=9
Windowing:
  config: # windows=1162, spacing=0.5442790797754469, CF order=9
  error tolerance: rtol=0.001, atol=1e-05
Testing N_win=1162 N_cf=8
Windowing:
  config: # windows=1162, spacing=0.5442790797754469, CF order=8
  error tolerance: rtol=0.001, atol=1e-05
Testing N_win=1162 N_cf=7
Windowing:
  config: # windows=1162, spacing=0.5442790797754469, CF order=7
  error tolerance: rtol=0.001, atol=1e-05
Testing N_win=1162 N_cf=6
Windowing:
  config: # windows=1162, spacing=0.5442790797754469, CF order=6
  error tolerance: rtol=0.001, atol=1e-05
Testing N_win=1162 N_cf=5
Windowing:
  config: # windows=1162, spacing=0.5442790797754469, CF order=5
  error tolerance: rtol=0.001, atol=1e-05
Testing N_win=1162 N_cf=4
Windowing:
  config: # windows=1162, spacing=0.5442790797754469, CF order=4
  error tolerance: rtol=0.001, atol=1e-05
Testing N_win=1162 N_cf=3
Windowing:
  config: # windows=1162, spacing=0.5442790797754469, CF order=3
  error tolerance: rtol=0.001, atol=1e-05
Testing N_win=1162 N_cf=2
Windowing:
  config: # windows=1162, spacing=0.5442790797754469, CF order=2
  error tolerance: rtol=0.001, atol=1e-05
Testing N_win=1267 N_cf=10
Windowing:
  config: # windows=1267, spacing=0.4991730786890839, CF order=10
  error tolerance: rtol=0.001, atol=1e-05
Testing N_win=1267 N_cf=9
Windowing:
  config: # windows=1267, spacing=0.4991730786890839, CF order=9
  error tolerance: rtol=0.001, atol=1e-05
Testing N_win=1267 N_cf=8
Windowing:
  config: # windows=1267, spacing=0.4991730786890839, CF order=8
  error tolerance: rtol=0.001, atol=1e-05
Testing N_win=1267 N_cf=7
Windowing:
  config: # windows=1267, spacing=0.4991730786890839, CF order=7
  error tolerance: rtol=0.001, atol=1e-05
Testing N_win=1267 N_cf=6
Windowing:
  config: # windows=1267, spacing=0.4991730786890839, CF order=6
  error tolerance: rtol=0.001, atol=1e-05
Testing N_win=1267 N_cf=5
Windowing:
  config: # windows=1267, spacing=0.4991730786890839, CF order=5
  error tolerance: rtol=0.001, atol=1e-05
Testing N_win=1267 N_cf=4
Windowing:
  config: # windows=1267, spacing=0.4991730786890839, CF order=4
  error tolerance: rtol=0.001, atol=1e-05
Testing N_win=1267 N_cf=3
Windowing:
  config: # windows=1267, spacing=0.4991730786890839, CF order=3
  error tolerance: rtol=0.001, atol=1e-05
Testing N_win=1267 N_cf=2
Windowing:
  config: # windows=1267, spacing=0.4991730786890839, CF order=2
  error tolerance: rtol=0.001, atol=1e-05
Testing N_win=1371 N_cf=10
Windowing:
  config: # windows=1371, spacing=0.46130728716197617, CF order=10
  error tolerance: rtol=0.001, atol=1e-05
Testing N_win=1371 N_cf=9
Windowing:
  config: # windows=1371, spacing=0.46130728716197617, CF order=9
  error tolerance: rtol=0.001, atol=1e-05
Testing N_win=1371 N_cf=8
Windowing:
  config: # windows=1371, spacing=0.46130728716197617, CF order=8
  error tolerance: rtol=0.001, atol=1e-05
Testing N_win=1371 N_cf=7
Windowing:
  config: # windows=1371, spacing=0.46130728716197617, CF order=7
  error tolerance: rtol=0.001, atol=1e-05
Testing N_win=1371 N_cf=6
Windowing:
  config: # windows=1371, spacing=0.46130728716197617, CF order=6
  error tolerance: rtol=0.001, atol=1e-05
Testing N_win=1371 N_cf=5
Windowing:
  config: # windows=1371, spacing=0.46130728716197617, CF order=5
  error tolerance: rtol=0.001, atol=1e-05
Testing N_win=1371 N_cf=4
Windowing:
  config: # windows=1371, spacing=0.46130728716197617, CF order=4
  error tolerance: rtol=0.001, atol=1e-05
Testing N_win=1371 N_cf=3
Windowing:
  config: # windows=1371, spacing=0.46130728716197617, CF order=3
  error tolerance: rtol=0.001, atol=1e-05
Testing N_win=1371 N_cf=2
Windowing:
  config: # windows=1371, spacing=0.46130728716197617, CF order=2
  error tolerance: rtol=0.001, atol=1e-05
Testing N_win=1476 N_cf=10
Windowing:
  config: # windows=1476, spacing=0.428490711855738, CF order=10
  error tolerance: rtol=0.001, atol=1e-05
Testing N_win=1476 N_cf=9
Windowing:
  config: # windows=1476, spacing=0.428490711855738, CF order=9
  error tolerance: rtol=0.001, atol=1e-05
Testing N_win=1476 N_cf=8
Windowing:
  config: # windows=1476, spacing=0.428490711855738, CF order=8
  error tolerance: rtol=0.001, atol=1e-05
Testing N_win=1476 N_cf=7
Windowing:
  config: # windows=1476, spacing=0.428490711855738, CF order=7
  error tolerance: rtol=0.001, atol=1e-05
Testing N_win=1476 N_cf=6
Windowing:
  config: # windows=1476, spacing=0.428490711855738, CF order=6
  error tolerance: rtol=0.001, atol=1e-05
Testing N_win=1476 N_cf=5
Windowing:
  config: # windows=1476, spacing=0.428490711855738, CF order=5
  error tolerance: rtol=0.001, atol=1e-05
Testing N_win=1476 N_cf=4
Windowing:
  config: # windows=1476, spacing=0.428490711855738, CF order=4
  error tolerance: rtol=0.001, atol=1e-05
Testing N_win=1476 N_cf=3
Windowing:
  config: # windows=1476, spacing=0.428490711855738, CF order=3
  error tolerance: rtol=0.001, atol=1e-05
Testing N_win=1476 N_cf=2
Windowing:
  config: # windows=1476, spacing=0.428490711855738, CF order=2
  error tolerance: rtol=0.001, atol=1e-05
Testing N_win=1581 N_cf=10
Windowing:
  config: # windows=1581, spacing=0.40003307444596414, CF order=10
  error tolerance: rtol=0.001, atol=1e-05
Testing N_win=1581 N_cf=9
Windowing:
  config: # windows=1581, spacing=0.40003307444596414, CF order=9
  error tolerance: rtol=0.001, atol=1e-05
Testing N_win=1581 N_cf=8
Windowing:
  config: # windows=1581, spacing=0.40003307444596414, CF order=8
  error tolerance: rtol=0.001, atol=1e-05
Testing N_win=1581 N_cf=7
Windowing:
  config: # windows=1581, spacing=0.40003307444596414, CF order=7
  error tolerance: rtol=0.001, atol=1e-05
Testing N_win=1581 N_cf=6
Windowing:
  config: # windows=1581, spacing=0.40003307444596414, CF order=6
  error tolerance: rtol=0.001, atol=1e-05
Testing N_win=1581 N_cf=5
Windowing:
  config: # windows=1581, spacing=0.40003307444596414, CF order=5
  error tolerance: rtol=0.001, atol=1e-05
Testing N_win=1581 N_cf=4
Windowing:
  config: # windows=1581, spacing=0.40003307444596414, CF order=4
  error tolerance: rtol=0.001, atol=1e-05
Testing N_win=1581 N_cf=3
Windowing:
  config: # windows=1581, spacing=0.40003307444596414, CF order=3
  error tolerance: rtol=0.001, atol=1e-05
Testing N_win=1581 N_cf=2
Windowing:
  config: # windows=1581, spacing=0.40003307444596414, CF order=2
  error tolerance: rtol=0.001, atol=1e-05
Testing N_win=1685 N_cf=10
Windowing:
  config: # windows=1685, spacing=0.3753426057561242, CF order=10
  error tolerance: rtol=0.001, atol=1e-05
Testing N_win=1685 N_cf=9
Windowing:
  config: # windows=1685, spacing=0.3753426057561242, CF order=9
  error tolerance: rtol=0.001, atol=1e-05
Testing N_win=1685 N_cf=8
Windowing:
  config: # windows=1685, spacing=0.3753426057561242, CF order=8
  error tolerance: rtol=0.001, atol=1e-05
Testing N_win=1685 N_cf=7
Windowing:
  config: # windows=1685, spacing=0.3753426057561242, CF order=7
  error tolerance: rtol=0.001, atol=1e-05
Testing N_win=1685 N_cf=6
Windowing:
  config: # windows=1685, spacing=0.3753426057561242, CF order=6
  error tolerance: rtol=0.001, atol=1e-05
Testing N_win=1685 N_cf=5
Windowing:
  config: # windows=1685, spacing=0.3753426057561242, CF order=5
  error tolerance: rtol=0.001, atol=1e-05
Testing N_win=1685 N_cf=4
Windowing:
  config: # windows=1685, spacing=0.3753426057561242, CF order=4
  error tolerance: rtol=0.001, atol=1e-05
Testing N_win=1685 N_cf=3
Windowing:
  config: # windows=1685, spacing=0.3753426057561242, CF order=3
  error tolerance: rtol=0.001, atol=1e-05
Testing N_win=1685 N_cf=2
Windowing:
  config: # windows=1685, spacing=0.3753426057561242, CF order=2
  error tolerance: rtol=0.001, atol=1e-05
Testing N_win=1790 N_cf=10
Windowing:
  config: # windows=1790, spacing=0.35332530206651913, CF order=10
  error tolerance: rtol=0.001, atol=1e-05
Testing N_win=1790 N_cf=9
Windowing:
  config: # windows=1790, spacing=0.35332530206651913, CF order=9
  error tolerance: rtol=0.001, atol=1e-05
Testing N_win=1790 N_cf=8
Windowing:
  config: # windows=1790, spacing=0.35332530206651913, CF order=8
  error tolerance: rtol=0.001, atol=1e-05
Testing N_win=1790 N_cf=7
Windowing:
  config: # windows=1790, spacing=0.35332530206651913, CF order=7
  error tolerance: rtol=0.001, atol=1e-05
Testing N_win=1790 N_cf=6
Windowing:
  config: # windows=1790, spacing=0.35332530206651913, CF order=6
  error tolerance: rtol=0.001, atol=1e-05
Testing N_win=1790 N_cf=5
Windowing:
  config: # windows=1790, spacing=0.35332530206651913, CF order=5
  error tolerance: rtol=0.001, atol=1e-05
Testing N_win=1790 N_cf=4
Windowing:
  config: # windows=1790, spacing=0.35332530206651913, CF order=4
  error tolerance: rtol=0.001, atol=1e-05
Testing N_win=1790 N_cf=3
Windowing:
  config: # windows=1790, spacing=0.35332530206651913, CF order=3
  error tolerance: rtol=0.001, atol=1e-05
Testing N_win=1790 N_cf=2
Windowing:
  config: # windows=1790, spacing=0.35332530206651913, CF order=2
  error tolerance: rtol=0.001, atol=1e-05
Testing N_win=1895 N_cf=10
Windowing:
  config: # windows=1895, spacing=0.33374791065913945, CF order=10
  error tolerance: rtol=0.001, atol=1e-05
Testing N_win=1895 N_cf=9
Windowing:
  config: # windows=1895, spacing=0.33374791065913945, CF order=9
  error tolerance: rtol=0.001, atol=1e-05
Testing N_win=1895 N_cf=8
Windowing:
  config: # windows=1895, spacing=0.33374791065913945, CF order=8
  error tolerance: rtol=0.001, atol=1e-05
Testing N_win=1895 N_cf=7
Windowing:
  config: # windows=1895, spacing=0.33374791065913945, CF order=7
  error tolerance: rtol=0.001, atol=1e-05
Testing N_win=1895 N_cf=6
Windowing:
  config: # windows=1895, spacing=0.33374791065913945, CF order=6
  error tolerance: rtol=0.001, atol=1e-05
Testing N_win=1895 N_cf=5
Windowing:
  config: # windows=1895, spacing=0.33374791065913945, CF order=5
  error tolerance: rtol=0.001, atol=1e-05
Testing N_win=1895 N_cf=4
Windowing:
  config: # windows=1895, spacing=0.33374791065913945, CF order=4
  error tolerance: rtol=0.001, atol=1e-05
Testing N_win=1895 N_cf=3
Windowing:
  config: # windows=1895, spacing=0.33374791065913945, CF order=3
  error tolerance: rtol=0.001, atol=1e-05
Testing N_win=1895 N_cf=2
Windowing:
  config: # windows=1895, spacing=0.33374791065913945, CF order=2
  error tolerance: rtol=0.001, atol=1e-05
Testing N_win=2000 N_cf=10
Windowing:
  config: # windows=2000, spacing=0.31622614534953464, CF order=10
  error tolerance: rtol=0.001, atol=1e-05
Testing N_win=2000 N_cf=9
Windowing:
  config: # windows=2000, spacing=0.31622614534953464, CF order=9
  error tolerance: rtol=0.001, atol=1e-05
Testing N_win=2000 N_cf=8
Windowing:
  config: # windows=2000, spacing=0.31622614534953464, CF order=8
  error tolerance: rtol=0.001, atol=1e-05
Testing N_win=2000 N_cf=7
Windowing:
  config: # windows=2000, spacing=0.31622614534953464, CF order=7
  error tolerance: rtol=0.001, atol=1e-05
Testing N_win=2000 N_cf=6
Windowing:
  config: # windows=2000, spacing=0.31622614534953464, CF order=6
  error tolerance: rtol=0.001, atol=1e-05
Testing N_win=2000 N_cf=5
Windowing:
  config: # windows=2000, spacing=0.31622614534953464, CF order=5
  error tolerance: rtol=0.001, atol=1e-05
Testing N_win=2000 N_cf=4
Windowing:
  config: # windows=2000, spacing=0.31622614534953464, CF order=4
  error tolerance: rtol=0.001, atol=1e-05
Testing N_win=2000 N_cf=3
Windowing:
  config: # windows=2000, spacing=0.31622614534953464, CF order=3
  error tolerance: rtol=0.001, atol=1e-05
Testing N_win=2000 N_cf=2
Windowing:
  config: # windows=2000, spacing=0.31622614534953464, CF order=2
  error tolerance: rtol=0.001, atol=1e-05
Final library: 135 poles, 325 windows, 1.5 poles per window, 2 CF order
