Running NJOY to get 0K point-wise data (error=0.0005)...
Parsing cross sections within resolved resonance range...
  MTs: [2, 27, 102, 18]
  Energy range: 1.000e-05 to 5.700e+03 eV (124484 points)
Vector fitting piece 1/62...
  energy: 1.000e-05 to 1.855e+00 eV (1292 points)
  error tolerance: rtol=0.001, atol=1e-05
Found 1 peaks
Fitting orders from 2 to 200
Order=2(0/100)
Order=4(1/100)
Order=6(2/100)
Found ideal results. Stop!
Found 2 real poles and 2 conjugate complex pairs.
Final number of poles: 4
Saved figure: WMP_Lib/Pu240/0-2_MT2.png
Saved figure: WMP_Lib/Pu240/0-2_MT27.png
Saved figure: WMP_Lib/Pu240/0-2_MT102.png
Saved figure: WMP_Lib/Pu240/0-2_MT18.png
Vector fitting piece 2/62...
  energy: 2.305e-01 to 6.719e+00 eV (976 points)
  error tolerance: rtol=0.001, atol=1e-05
Found 1 peaks
Fitting orders from 2 to 200
Order=2(0/100)
Order=4(1/100)
Order=6(2/100)
Order=8(3/100)
Order=10(4/100)
Order=12(5/100)
Order=14(6/100)
Order=16(7/100)
Order=18(8/100)
Order=20(9/100)
Order=22(10/100)
Order=24(11/100)
Order=26(12/100)
Order=28(13/100)
Order=30(14/100)
Order=32(15/100)
Order=34(16/100)
Order=36(17/100)
Order=38(18/100)
Order=40(19/100)
Order=42(20/100)
Order=44(21/100)
Order=46(22/100)
Order=48(23/100)
Order=50(24/100)
Order=52(25/100)
Order=54(26/100)
Order=56(27/100)
Order=58(28/100)
Order=60(29/100)
Found 2 real poles and 2 conjugate complex pairs.
Final number of poles: 4
Saved figure: WMP_Lib/Pu240/0-7_MT2.png
Saved figure: WMP_Lib/Pu240/0-7_MT27.png
Saved figure: WMP_Lib/Pu240/0-7_MT102.png
Saved figure: WMP_Lib/Pu240/0-7_MT18.png
Vector fitting piece 3/62...
  energy: 2.867e+00 to 1.453e+01 eV (126 points)
  error tolerance: rtol=0.001, atol=1e-05
Found 0 peaks
Fitting orders from 2 to 200
Order=2(0/100)
Order=4(1/100)
Order=6(2/100)
Found ideal results. Stop!
Found 2 real poles and 2 conjugate complex pairs.
Final number of poles: 4
Saved figure: WMP_Lib/Pu240/3-15_MT2.png
Saved figure: WMP_Lib/Pu240/3-15_MT27.png
Saved figure: WMP_Lib/Pu240/3-15_MT102.png
Saved figure: WMP_Lib/Pu240/3-15_MT18.png
Vector fitting piece 4/62...
  energy: 8.438e+00 to 2.514e+01 eV (812 points)
  error tolerance: rtol=0.001, atol=1e-05
Found 1 peaks
Fitting orders from 2 to 200
Order=2(0/100)
Order=4(1/100)
Order=6(2/100)
Found ideal results. Stop!
Found 2 real poles and 2 conjugate complex pairs.
Final number of poles: 4
Saved figure: WMP_Lib/Pu240/8-25_MT2.png
Saved figure: WMP_Lib/Pu240/8-25_MT27.png
Saved figure: WMP_Lib/Pu240/8-25_MT102.png
Saved figure: WMP_Lib/Pu240/8-25_MT18.png
Vector fitting piece 5/62...
  energy: 1.703e+01 to 3.874e+01 eV (1443 points)
  error tolerance: rtol=0.001, atol=1e-05
Found 2 peaks
Fitting orders from 4 to 200
Order=4(0/99)
Order=6(1/99)
Order=8(2/99)
Order=10(3/99)
Order=12(4/99)
Order=14(5/99)
Order=16(6/99)
Order=18(7/99)
Order=20(8/99)
Order=22(9/99)
Order=24(10/99)
Order=26(11/99)
Order=28(12/99)
Order=30(13/99)
Order=32(14/99)
Order=34(15/99)
Order=36(16/99)
Order=38(17/99)
Order=40(18/99)
Order=42(19/99)
Order=44(20/99)
Order=46(21/99)
Order=48(22/99)
Order=50(23/99)
Order=52(24/99)
Order=54(25/99)
Order=56(26/99)
Order=58(27/99)
Order=60(28/99)
Found 2 real poles and 4 conjugate complex pairs.
Final number of poles: 6
Saved figure: WMP_Lib/Pu240/17-39_MT2.png
Saved figure: WMP_Lib/Pu240/17-39_MT27.png
Saved figure: WMP_Lib/Pu240/17-39_MT102.png
Saved figure: WMP_Lib/Pu240/17-39_MT18.png
Vector fitting piece 6/62...
  energy: 2.855e+01 to 5.570e+01 eV (1455 points)
  error tolerance: rtol=0.001, atol=1e-05
Found 2 peaks
Fitting orders from 4 to 200
Order=4(0/99)
Order=6(1/99)
Order=8(2/99)
Order=10(3/99)
Order=12(4/99)
Order=14(5/99)
Order=16(6/99)
Order=18(7/99)
Order=20(8/99)
Order=22(9/99)
Order=24(10/99)
Order=26(11/99)
Order=28(12/99)
Order=30(13/99)
Order=32(14/99)
Order=34(15/99)
Order=36(16/99)
Order=38(17/99)
Order=40(18/99)
Order=42(19/99)
Order=44(20/99)
Order=46(21/99)
Order=48(22/99)
Order=50(23/99)
Order=52(24/99)
Order=54(25/99)
Order=56(26/99)
Order=58(27/99)
Order=60(28/99)
Found 2 real poles and 3 conjugate complex pairs.
Final number of poles: 5
Saved figure: WMP_Lib/Pu240/29-56_MT2.png
Saved figure: WMP_Lib/Pu240/29-56_MT27.png
Saved figure: WMP_Lib/Pu240/29-56_MT102.png
Saved figure: WMP_Lib/Pu240/29-56_MT18.png
Vector fitting piece 7/62...
  energy: 4.311e+01 to 7.501e+01 eV (1462 points)
  error tolerance: rtol=0.001, atol=1e-05
Found 2 peaks
Fitting orders from 4 to 200
Order=4(0/99)
Order=6(1/99)
Order=8(2/99)
Order=10(3/99)
Order=12(4/99)
Order=14(5/99)
Order=16(6/99)
Order=18(7/99)
Order=20(8/99)
Order=22(9/99)
Order=24(10/99)
Order=26(11/99)
Order=28(12/99)
Order=30(13/99)
Order=32(14/99)
Order=34(15/99)
Order=36(16/99)
Order=38(17/99)
Order=40(18/99)
Order=42(19/99)
Order=44(20/99)
Order=46(21/99)
Order=48(22/99)
Order=50(23/99)
Order=52(24/99)
Order=54(25/99)
Order=56(26/99)
Order=58(27/99)
Order=60(28/99)
Found 2 real poles and 3 conjugate complex pairs.
Final number of poles: 5
Saved figure: WMP_Lib/Pu240/43-75_MT2.png
Saved figure: WMP_Lib/Pu240/43-75_MT27.png
Saved figure: WMP_Lib/Pu240/43-75_MT102.png
Saved figure: WMP_Lib/Pu240/43-75_MT18.png
Vector fitting piece 8/62...
  energy: 6.062e+01 to 9.766e+01 eV (2607 points)
  error tolerance: rtol=0.001, atol=1e-05
Found 4 peaks
Fitting orders from 8 to 200
Order=8(0/97)
Order=10(1/97)
Order=12(2/97)
Order=14(3/97)
Order=16(4/97)
Order=18(5/97)
Order=20(6/97)
Order=22(7/97)
Order=24(8/97)
Order=26(9/97)
Order=28(10/97)
Order=30(11/97)
Order=32(12/97)
Order=34(13/97)
Order=36(14/97)
Order=38(15/97)
Order=40(16/97)
Order=42(17/97)
Order=44(18/97)
Order=46(19/97)
Order=48(20/97)
Order=50(21/97)
Order=52(22/97)
Order=54(23/97)
Order=56(24/97)
Order=58(25/97)
Order=60(26/97)
Found 4 real poles and 4 conjugate complex pairs.
Final number of poles: 8
Saved figure: WMP_Lib/Pu240/61-98_MT2.png
Saved figure: WMP_Lib/Pu240/61-98_MT27.png
Saved figure: WMP_Lib/Pu240/61-98_MT102.png
Saved figure: WMP_Lib/Pu240/61-98_MT18.png
Vector fitting piece 9/62...
  energy: 8.093e+01 to 1.231e+02 eV (2570 points)
  error tolerance: rtol=0.001, atol=1e-05
Found 4 peaks
Fitting orders from 8 to 200
Order=8(0/97)
Order=10(1/97)
Order=12(2/97)
Order=14(3/97)
Order=16(4/97)
Order=18(5/97)
Order=20(6/97)
Order=22(7/97)
Order=24(8/97)
Order=26(9/97)
Order=28(10/97)
Order=30(11/97)
Order=32(12/97)
Order=34(13/97)
Order=36(14/97)
Order=38(15/97)
Order=40(16/97)
Order=42(17/97)
Order=44(18/97)
Order=46(19/97)
Order=48(20/97)
Order=50(21/97)
Order=52(22/97)
Order=54(23/97)
Order=56(24/97)
Order=58(25/97)
Order=60(26/97)
Found 2 real poles and 5 conjugate complex pairs.
Final number of poles: 7
Saved figure: WMP_Lib/Pu240/81-123_MT2.png
Saved figure: WMP_Lib/Pu240/81-123_MT27.png
Saved figure: WMP_Lib/Pu240/81-123_MT102.png
Saved figure: WMP_Lib/Pu240/81-123_MT18.png
Vector fitting piece 10/62...
  energy: 1.045e+02 to 1.516e+02 eV (2426 points)
  error tolerance: rtol=0.001, atol=1e-05
Found 4 peaks
Fitting orders from 8 to 200
Order=8(0/97)
Order=10(1/97)
Order=12(2/97)
Order=14(3/97)
Order=16(4/97)
Order=18(5/97)
Order=20(6/97)
Order=22(7/97)
Order=24(8/97)
Order=26(9/97)
Order=28(10/97)
Order=30(11/97)
Order=32(12/97)
Order=34(13/97)
Order=36(14/97)
Order=38(15/97)
Order=40(16/97)
Order=42(17/97)
Order=44(18/97)
Order=46(19/97)
Order=48(20/97)
Order=50(21/97)
Order=52(22/97)
Order=54(23/97)
Order=56(24/97)
Order=58(25/97)
Order=60(26/97)
Found 4 real poles and 5 conjugate complex pairs.
Final number of poles: 9
Saved figure: WMP_Lib/Pu240/104-152_MT2.png
Saved figure: WMP_Lib/Pu240/104-152_MT27.png
Saved figure: WMP_Lib/Pu240/104-152_MT102.png
Saved figure: WMP_Lib/Pu240/104-152_MT18.png
Vector fitting piece 11/62...
  energy: 1.309e+02 to 1.831e+02 eV (2872 points)
  error tolerance: rtol=0.001, atol=1e-05
Found 4 peaks
Fitting orders from 8 to 200
Order=8(0/97)
Order=10(1/97)
Order=12(2/97)
Order=14(3/97)
Order=16(4/97)
Order=18(5/97)
Order=20(6/97)
Order=22(7/97)
Order=24(8/97)
Order=26(9/97)
Order=28(10/97)
Order=30(11/97)
Order=32(12/97)
Order=34(13/97)
Order=36(14/97)
Order=38(15/97)
Order=40(16/97)
Order=42(17/97)
Order=44(18/97)
Order=46(19/97)
Order=48(20/97)
Order=50(21/97)
Order=52(22/97)
Order=54(23/97)
Order=56(24/97)
Order=58(25/97)
Order=60(26/97)
Found 4 real poles and 5 conjugate complex pairs.
Final number of poles: 9
Saved figure: WMP_Lib/Pu240/131-183_MT2.png
Saved figure: WMP_Lib/Pu240/131-183_MT27.png
Saved figure: WMP_Lib/Pu240/131-183_MT102.png
Saved figure: WMP_Lib/Pu240/131-183_MT18.png
Vector fitting piece 12/62...
  energy: 1.602e+02 to 2.184e+02 eV (2927 points)
  error tolerance: rtol=0.001, atol=1e-05
Found 5 peaks
Fitting orders from 10 to 200
Order=10(0/96)
Order=12(1/96)
Order=14(2/96)
Order=16(3/96)
Order=18(4/96)
Order=20(5/96)
Order=22(6/96)
Order=24(7/96)
Order=26(8/96)
Order=28(9/96)
Order=30(10/96)
Order=32(11/96)
Order=34(12/96)
Order=36(13/96)
Order=38(14/96)
Order=40(15/96)
Order=42(16/96)
Order=44(17/96)
Order=46(18/96)
Order=48(19/96)
Order=50(20/96)
Order=52(21/96)
Order=54(22/96)
Order=56(23/96)
Order=58(24/96)
Order=60(25/96)
Found 4 real poles and 5 conjugate complex pairs.
Final number of poles: 9
Saved figure: WMP_Lib/Pu240/160-218_MT2.png
Saved figure: WMP_Lib/Pu240/160-218_MT27.png
Saved figure: WMP_Lib/Pu240/160-218_MT102.png
Saved figure: WMP_Lib/Pu240/160-218_MT18.png
Vector fitting piece 13/62...
  energy: 1.925e+02 to 2.550e+02 eV (1386 points)
  error tolerance: rtol=0.001, atol=1e-05
Found 2 peaks
Fitting orders from 4 to 200
Order=4(0/99)
Order=6(1/99)
Order=8(2/99)
Order=10(3/99)
Order=12(4/99)
Order=14(5/99)
Order=16(6/99)
Order=18(7/99)
Order=20(8/99)
Order=22(9/99)
Order=24(10/99)
Order=26(11/99)
Order=28(12/99)
Order=30(13/99)
Order=32(14/99)
Order=34(15/99)
Order=36(16/99)
Order=38(17/99)
Order=40(18/99)
Order=42(19/99)
Order=44(20/99)
Order=46(21/99)
Order=48(22/99)
Order=50(23/99)
Order=52(24/99)
Order=54(25/99)
Order=56(26/99)
Order=58(27/99)
Order=60(28/99)
Found 2 real poles and 5 conjugate complex pairs.
Final number of poles: 7
Saved figure: WMP_Lib/Pu240/192-255_MT2.png
Saved figure: WMP_Lib/Pu240/192-255_MT27.png
Saved figure: WMP_Lib/Pu240/192-255_MT102.png
Saved figure: WMP_Lib/Pu240/192-255_MT18.png
Vector fitting piece 14/62...
  energy: 2.275e+02 to 2.955e+02 eV (2161 points)
  error tolerance: rtol=0.001, atol=1e-05
Found 3 peaks
Fitting orders from 6 to 200
Order=6(0/98)
Order=8(1/98)
Order=10(2/98)
Order=12(3/98)
Order=14(4/98)
Order=16(5/98)
Order=18(6/98)
Order=20(7/98)
Order=22(8/98)
Order=24(9/98)
Order=26(10/98)
Order=28(11/98)
Order=30(12/98)
Order=32(13/98)
Order=34(14/98)
Order=36(15/98)
Order=38(16/98)
Order=40(17/98)
Order=42(18/98)
Order=44(19/98)
Order=46(20/98)
Order=48(21/98)
Order=50(22/98)
Order=52(23/98)
Order=54(24/98)
Order=56(25/98)
Order=58(26/98)
Order=60(27/98)
Found 4 real poles and 3 conjugate complex pairs.
Final number of poles: 7
Saved figure: WMP_Lib/Pu240/228-295_MT2.png
Saved figure: WMP_Lib/Pu240/228-295_MT27.png
Saved figure: WMP_Lib/Pu240/228-295_MT102.png
Saved figure: WMP_Lib/Pu240/228-295_MT18.png
Vector fitting piece 15/62...
  energy: 2.659e+02 to 3.386e+02 eV (3034 points)
  error tolerance: rtol=0.001, atol=1e-05
Found 5 peaks
Fitting orders from 10 to 200
Order=10(0/96)
Order=12(1/96)
Order=14(2/96)
Order=16(3/96)
Order=18(4/96)
Order=20(5/96)
Order=22(6/96)
Order=24(7/96)
Order=26(8/96)
Order=28(9/96)
Order=30(10/96)
Order=32(11/96)
Order=34(12/96)
Order=36(13/96)
Order=38(14/96)
Order=40(15/96)
Order=42(16/96)
Order=44(17/96)
Order=46(18/96)
Order=48(19/96)
Order=50(20/96)
Order=52(21/96)
Order=54(22/96)
Order=56(23/96)
Order=58(24/96)
Order=60(25/96)
Found 2 real poles and 7 conjugate complex pairs.
Final number of poles: 9
Saved figure: WMP_Lib/Pu240/266-339_MT2.png
Saved figure: WMP_Lib/Pu240/266-339_MT27.png
Saved figure: WMP_Lib/Pu240/266-339_MT102.png
Saved figure: WMP_Lib/Pu240/266-339_MT18.png
Vector fitting piece 16/62...
  energy: 3.072e+02 to 3.854e+02 eV (3794 points)
  error tolerance: rtol=0.001, atol=1e-05
Found 6 peaks
Fitting orders from 12 to 200
Order=12(0/95)
Order=14(1/95)
Order=16(2/95)
Order=18(3/95)
Order=20(4/95)
Order=22(5/95)
Order=24(6/95)
Order=26(7/95)
Order=28(8/95)
Order=30(9/95)
Order=32(10/95)
Order=34(11/95)
Order=36(12/95)
Order=38(13/95)
Order=40(14/95)
Order=42(15/95)
Order=44(16/95)
Order=46(17/95)
Order=48(18/95)
Order=50(19/95)
Order=52(20/95)
Order=54(21/95)
Order=56(22/95)
Order=58(23/95)
Order=60(24/95)
Found 0 real poles and 10 conjugate complex pairs.
Final number of poles: 10
Saved figure: WMP_Lib/Pu240/307-385_MT2.png
Saved figure: WMP_Lib/Pu240/307-385_MT27.png
Saved figure: WMP_Lib/Pu240/307-385_MT102.png
Saved figure: WMP_Lib/Pu240/307-385_MT18.png
Vector fitting piece 17/62...
  energy: 3.513e+02 to 4.353e+02 eV (2635 points)
  error tolerance: rtol=0.001, atol=1e-05
Found 4 peaks
Fitting orders from 8 to 200
Order=8(0/97)
Order=10(1/97)
Order=12(2/97)
Order=14(3/97)
Order=16(4/97)
Order=18(5/97)
Order=20(6/97)
Order=22(7/97)
Order=24(8/97)
Order=26(9/97)
Order=28(10/97)
Order=30(11/97)
Order=32(12/97)
Order=34(13/97)
Order=36(14/97)
Order=38(15/97)
Order=40(16/97)
Order=42(17/97)
Order=44(18/97)
Order=46(19/97)
Order=48(20/97)
Order=50(21/97)
Order=52(22/97)
Order=54(23/97)
Order=56(24/97)
Order=58(25/97)
Order=60(26/97)
Found 2 real poles and 6 conjugate complex pairs.
Final number of poles: 8
Saved figure: WMP_Lib/Pu240/351-435_MT2.png
Saved figure: WMP_Lib/Pu240/351-435_MT27.png
Saved figure: WMP_Lib/Pu240/351-435_MT102.png
Saved figure: WMP_Lib/Pu240/351-435_MT18.png
Vector fitting piece 18/62...
  energy: 3.985e+02 to 4.867e+02 eV (3288 points)
  error tolerance: rtol=0.001, atol=1e-05
Found 6 peaks
Fitting orders from 12 to 200
Order=12(0/95)
Order=14(1/95)
Order=16(2/95)
Order=18(3/95)
Order=20(4/95)
Order=22(5/95)
Order=24(6/95)
Order=26(7/95)
Order=28(8/95)
Order=30(9/95)
Order=32(10/95)
Order=34(11/95)
Order=36(12/95)
Order=38(13/95)
Order=40(14/95)
Order=42(15/95)
Order=44(16/95)
Order=46(17/95)
Order=48(18/95)
Order=50(19/95)
Order=52(20/95)
Order=54(21/95)
Order=56(22/95)
Order=58(23/95)
Order=60(24/95)
Found 4 real poles and 6 conjugate complex pairs.
Final number of poles: 10
Saved figure: WMP_Lib/Pu240/399-487_MT2.png
Saved figure: WMP_Lib/Pu240/399-487_MT27.png
Saved figure: WMP_Lib/Pu240/399-487_MT102.png
Saved figure: WMP_Lib/Pu240/399-487_MT18.png
Vector fitting piece 19/62...
  energy: 4.486e+02 to 5.418e+02 eV (3966 points)
  error tolerance: rtol=0.001, atol=1e-05
Found 8 peaks
Fitting orders from 16 to 200
Order=16(0/93)
Order=18(1/93)
Order=20(2/93)
Order=22(3/93)
Order=24(4/93)
Order=26(5/93)
Order=28(6/93)
Order=30(7/93)
Order=32(8/93)
Order=34(9/93)
Order=36(10/93)
Order=38(11/93)
Order=40(12/93)
Order=42(13/93)
Order=44(14/93)
Order=46(15/93)
Order=48(16/93)
Order=50(17/93)
Order=52(18/93)
Order=54(19/93)
Order=56(20/93)
Order=58(21/93)
Order=60(22/93)
Found 4 real poles and 9 conjugate complex pairs.
Final number of poles: 13
Saved figure: WMP_Lib/Pu240/449-542_MT2.png
Saved figure: WMP_Lib/Pu240/449-542_MT27.png
Saved figure: WMP_Lib/Pu240/449-542_MT102.png
Saved figure: WMP_Lib/Pu240/449-542_MT18.png
Vector fitting piece 20/62...
  energy: 5.017e+02 to 5.997e+02 eV (4079 points)
  error tolerance: rtol=0.001, atol=1e-05
Found 8 peaks
Fitting orders from 16 to 200
Order=16(0/93)
Order=18(1/93)
Order=20(2/93)
Order=22(3/93)
Order=24(4/93)
Order=26(5/93)
Order=28(6/93)
Order=30(7/93)
Order=32(8/93)
Order=34(9/93)
Order=36(10/93)
Order=38(11/93)
Order=40(12/93)
Order=42(13/93)
Order=44(14/93)
Order=46(15/93)
Order=48(16/93)
Order=50(17/93)
Order=52(18/93)
Order=54(19/93)
Order=56(20/93)
Order=58(21/93)
Order=60(22/93)
Found 4 real poles and 9 conjugate complex pairs.
Final number of poles: 13
Saved figure: WMP_Lib/Pu240/502-600_MT2.png
Saved figure: WMP_Lib/Pu240/502-600_MT27.png
Saved figure: WMP_Lib/Pu240/502-600_MT102.png
Saved figure: WMP_Lib/Pu240/502-600_MT18.png
Vector fitting piece 21/62...
  energy: 5.576e+02 to 6.609e+02 eV (3416 points)
  error tolerance: rtol=0.001, atol=1e-05
Found 6 peaks
Fitting orders from 12 to 200
Order=12(0/95)
Order=14(1/95)
Order=16(2/95)
Order=18(3/95)
Order=20(4/95)
Order=22(5/95)
Order=24(6/95)
Order=26(7/95)
Order=28(8/95)
Order=30(9/95)
Order=32(10/95)
Order=34(11/95)
Order=36(12/95)
Order=38(13/95)
Order=40(14/95)
Order=42(15/95)
Order=44(16/95)
Order=46(17/95)
Order=48(18/95)
Order=50(19/95)
Order=52(20/95)
Order=54(21/95)
Order=56(22/95)
Order=58(23/95)
Order=60(24/95)
Found 6 real poles and 6 conjugate complex pairs.
Final number of poles: 12
Saved figure: WMP_Lib/Pu240/558-661_MT2.png
Saved figure: WMP_Lib/Pu240/558-661_MT27.png
Saved figure: WMP_Lib/Pu240/558-661_MT102.png
Saved figure: WMP_Lib/Pu240/558-661_MT18.png
Vector fitting piece 22/62...
  energy: 6.167e+02 to 7.258e+02 eV (2731 points)
  error tolerance: rtol=0.001, atol=1e-05
Found 5 peaks
Fitting orders from 10 to 200
Order=10(0/96)
Order=12(1/96)
Order=14(2/96)
Order=16(3/96)
Order=18(4/96)
Order=20(5/96)
Order=22(6/96)
Order=24(7/96)
Order=26(8/96)
Order=28(9/96)
Order=30(10/96)
Order=32(11/96)
Order=34(12/96)
Order=36(13/96)
Order=38(14/96)
Order=40(15/96)
Order=42(16/96)
Order=44(17/96)
Order=46(18/96)
Order=48(19/96)
Order=50(20/96)
Order=52(21/96)
Order=54(22/96)
Order=56(23/96)
Order=58(24/96)
Order=60(25/96)
Found 6 real poles and 5 conjugate complex pairs.
Final number of poles: 11
Saved figure: WMP_Lib/Pu240/617-726_MT2.png
Saved figure: WMP_Lib/Pu240/617-726_MT27.png
Saved figure: WMP_Lib/Pu240/617-726_MT102.png
Saved figure: WMP_Lib/Pu240/617-726_MT18.png
Vector fitting piece 23/62...
  energy: 6.787e+02 to 7.920e+02 eV (2730 points)
  error tolerance: rtol=0.001, atol=1e-05
Found 7 peaks
Fitting orders from 14 to 200
Order=14(0/94)
Order=16(1/94)
Order=18(2/94)
Order=20(3/94)
Order=22(4/94)
Order=24(5/94)
Order=26(6/94)
Order=28(7/94)
Order=30(8/94)
Order=32(9/94)
Order=34(10/94)
Order=36(11/94)
Order=38(12/94)
Order=40(13/94)
Order=42(14/94)
Order=44(15/94)
Order=46(16/94)
Order=48(17/94)
Order=50(18/94)
Order=52(19/94)
Order=54(20/94)
Order=56(21/94)
Order=58(22/94)
Order=60(23/94)
Found 6 real poles and 8 conjugate complex pairs.
Final number of poles: 14
Saved figure: WMP_Lib/Pu240/679-792_MT2.png
Saved figure: WMP_Lib/Pu240/679-792_MT27.png
Saved figure: WMP_Lib/Pu240/679-792_MT102.png
Saved figure: WMP_Lib/Pu240/679-792_MT18.png
Vector fitting piece 24/62...
  energy: 7.436e+02 to 8.622e+02 eV (4095 points)
  error tolerance: rtol=0.001, atol=1e-05
Found 9 peaks
Fitting orders from 18 to 200
Order=18(0/92)
Order=20(1/92)
Order=22(2/92)
Order=24(3/92)
Order=26(4/92)
Order=28(5/92)
Order=30(6/92)
Order=32(7/92)
Order=34(8/92)
Order=36(9/92)
Order=38(10/92)
Order=40(11/92)
Order=42(12/92)
Order=44(13/92)
Order=46(14/92)
Order=48(15/92)
Order=50(16/92)
Order=52(17/92)
Order=54(18/92)
Order=56(19/92)
Order=58(20/92)
Order=60(21/92)
Found 4 real poles and 10 conjugate complex pairs.
Final number of poles: 14
Saved figure: WMP_Lib/Pu240/744-862_MT2.png
Saved figure: WMP_Lib/Pu240/744-862_MT27.png
Saved figure: WMP_Lib/Pu240/744-862_MT102.png
Saved figure: WMP_Lib/Pu240/744-862_MT18.png
Vector fitting piece 25/62...
  energy: 8.115e+02 to 9.353e+02 eV (4432 points)
  error tolerance: rtol=0.001, atol=1e-05
Found 8 peaks
Fitting orders from 16 to 200
Order=16(0/93)
Order=18(1/93)
Order=20(2/93)
Order=22(3/93)
Order=24(4/93)
Order=26(5/93)
Order=28(6/93)
Order=30(7/93)
Order=32(8/93)
Order=34(9/93)
Order=36(10/93)
Order=38(11/93)
Order=40(12/93)
Order=42(13/93)
Order=44(14/93)
Order=46(15/93)
Order=48(16/93)
Order=50(17/93)
Order=52(18/93)
Order=54(19/93)
Order=56(20/93)
Order=58(21/93)
Order=60(22/93)
Found 4 real poles and 10 conjugate complex pairs.
Final number of poles: 14
Saved figure: WMP_Lib/Pu240/811-935_MT2.png
Saved figure: WMP_Lib/Pu240/811-935_MT27.png
Saved figure: WMP_Lib/Pu240/811-935_MT102.png
Saved figure: WMP_Lib/Pu240/811-935_MT18.png
Vector fitting piece 26/62...
  energy: 8.821e+02 to 1.011e+03 eV (4917 points)
  error tolerance: rtol=0.001, atol=1e-05
Found 9 peaks
Fitting orders from 18 to 200
Order=18(0/92)
Order=20(1/92)
Order=22(2/92)
Order=24(3/92)
Order=26(4/92)
Order=28(5/92)
Order=30(6/92)
Order=32(7/92)
Order=34(8/92)
Order=36(9/92)
Order=38(10/92)
Order=40(11/92)
Order=42(12/92)
Order=44(13/92)
Order=46(14/92)
Order=48(15/92)
Order=50(16/92)
Order=52(17/92)
Order=54(18/92)
Order=56(19/92)
Order=58(20/92)
Order=60(21/92)
Found 6 real poles and 9 conjugate complex pairs.
Final number of poles: 15
Saved figure: WMP_Lib/Pu240/882-1011_MT2.png
Saved figure: WMP_Lib/Pu240/882-1011_MT27.png
Saved figure: WMP_Lib/Pu240/882-1011_MT102.png
Saved figure: WMP_Lib/Pu240/882-1011_MT18.png
Vector fitting piece 27/62...
  energy: 9.561e+02 to 1.090e+03 eV (3909 points)
  error tolerance: rtol=0.001, atol=1e-05
Found 8 peaks
Fitting orders from 16 to 200
Order=16(0/93)
Order=18(1/93)
Order=20(2/93)
Order=22(3/93)
Order=24(4/93)
Order=26(5/93)
Order=28(6/93)
Order=30(7/93)
Order=32(8/93)
Order=34(9/93)
Order=36(10/93)
Order=38(11/93)
Order=40(12/93)
Order=42(13/93)
Order=44(14/93)
Order=46(15/93)
Order=48(16/93)
Order=50(17/93)
Order=52(18/93)
Order=54(19/93)
Order=56(20/93)
Order=58(21/93)
Order=60(22/93)
Found 4 real poles and 9 conjugate complex pairs.
Final number of poles: 13
Saved figure: WMP_Lib/Pu240/956-1090_MT2.png
Saved figure: WMP_Lib/Pu240/956-1090_MT27.png
Saved figure: WMP_Lib/Pu240/956-1090_MT102.png
Saved figure: WMP_Lib/Pu240/956-1090_MT18.png
Vector fitting piece 28/62...
  energy: 1.033e+03 to 1.172e+03 eV (4244 points)
  error tolerance: rtol=0.001, atol=1e-05
Found 9 peaks
Fitting orders from 18 to 200
Order=18(0/92)
Order=20(1/92)
Order=22(2/92)
Order=24(3/92)
Order=26(4/92)
Order=28(5/92)
Order=30(6/92)
Order=32(7/92)
Order=34(8/92)
Order=36(9/92)
Order=38(10/92)
Order=40(11/92)
Order=42(12/92)
Order=44(13/92)
Order=46(14/92)
Order=48(15/92)
Order=50(16/92)
Order=52(17/92)
Order=54(18/92)
Order=56(19/92)
Order=58(20/92)
Order=60(21/92)
Found 4 real poles and 10 conjugate complex pairs.
Final number of poles: 14
Saved figure: WMP_Lib/Pu240/1033-1172_MT2.png
Saved figure: WMP_Lib/Pu240/1033-1172_MT27.png
Saved figure: WMP_Lib/Pu240/1033-1172_MT102.png
Saved figure: WMP_Lib/Pu240/1033-1172_MT18.png
Vector fitting piece 29/62...
  energy: 1.112e+03 to 1.257e+03 eV (5124 points)
  error tolerance: rtol=0.001, atol=1e-05
Found 11 peaks
Fitting orders from 22 to 200
Order=22(0/90)
Order=24(1/90)
Order=26(2/90)
Order=28(3/90)
Order=30(4/90)
Order=32(5/90)
Order=34(6/90)
Order=36(7/90)
Order=38(8/90)
Order=40(9/90)
Order=42(10/90)
Order=44(11/90)
Order=46(12/90)
Order=48(13/90)
Order=50(14/90)
Order=52(15/90)
Order=54(16/90)
Order=56(17/90)
Order=58(18/90)
Order=60(19/90)
Found 6 real poles and 11 conjugate complex pairs.
Final number of poles: 17
Saved figure: WMP_Lib/Pu240/1112-1257_MT2.png
Saved figure: WMP_Lib/Pu240/1112-1257_MT27.png
Saved figure: WMP_Lib/Pu240/1112-1257_MT102.png
Saved figure: WMP_Lib/Pu240/1112-1257_MT18.png
Vector fitting piece 30/62...
  energy: 1.195e+03 to 1.344e+03 eV (3580 points)
  error tolerance: rtol=0.001, atol=1e-05
Found 7 peaks
Fitting orders from 14 to 200
Order=14(0/94)
Order=16(1/94)
Order=18(2/94)
Order=20(3/94)
Order=22(4/94)
Order=24(5/94)
Order=26(6/94)
Order=28(7/94)
Order=30(8/94)
Order=32(9/94)
Order=34(10/94)
Order=36(11/94)
Order=38(12/94)
Order=40(13/94)
Order=42(14/94)
Order=44(15/94)
Order=46(16/94)
Order=48(17/94)
Order=50(18/94)
Order=52(19/94)
Order=54(20/94)
Order=56(21/94)
Order=58(22/94)
Order=60(23/94)
Found 4 real poles and 9 conjugate complex pairs.
Final number of poles: 13
Saved figure: WMP_Lib/Pu240/1195-1344_MT2.png
Saved figure: WMP_Lib/Pu240/1195-1344_MT27.png
Saved figure: WMP_Lib/Pu240/1195-1344_MT102.png
Saved figure: WMP_Lib/Pu240/1195-1344_MT18.png
Vector fitting piece 31/62...
  energy: 1.281e+03 to 1.435e+03 eV (4777 points)
  error tolerance: rtol=0.001, atol=1e-05
Found 12 peaks
Fitting orders from 24 to 200
Order=24(0/89)
Order=26(1/89)
Order=28(2/89)
Order=30(3/89)
Order=32(4/89)
Order=34(5/89)
Order=36(6/89)
Order=38(7/89)
Order=40(8/89)
Order=42(9/89)
Order=44(10/89)
Order=46(11/89)
Order=48(12/89)
Order=50(13/89)
Order=52(14/89)
Order=54(15/89)
Order=56(16/89)
Order=58(17/89)
Order=60(18/89)
Found 4 real poles and 13 conjugate complex pairs.
Final number of poles: 17
Saved figure: WMP_Lib/Pu240/1281-1435_MT2.png
Saved figure: WMP_Lib/Pu240/1281-1435_MT27.png
Saved figure: WMP_Lib/Pu240/1281-1435_MT102.png
Saved figure: WMP_Lib/Pu240/1281-1435_MT18.png
Vector fitting piece 32/62...
  energy: 1.370e+03 to 1.529e+03 eV (3646 points)
  error tolerance: rtol=0.001, atol=1e-05
Found 9 peaks
Fitting orders from 18 to 200
Order=18(0/92)
Order=20(1/92)
Order=22(2/92)
Order=24(3/92)
Order=26(4/92)
Order=28(5/92)
Order=30(6/92)
Order=32(7/92)
Order=34(8/92)
Order=36(9/92)
Order=38(10/92)
Order=40(11/92)
Order=42(12/92)
Order=44(13/92)
Order=46(14/92)
Order=48(15/92)
Order=50(16/92)
Order=52(17/92)
Order=54(18/92)
Order=56(19/92)
Order=58(20/92)
Order=60(21/92)
Found 6 real poles and 9 conjugate complex pairs.
Final number of poles: 15
Saved figure: WMP_Lib/Pu240/1370-1529_MT2.png
Saved figure: WMP_Lib/Pu240/1370-1529_MT27.png
Saved figure: WMP_Lib/Pu240/1370-1529_MT102.png
Saved figure: WMP_Lib/Pu240/1370-1529_MT18.png
Vector fitting piece 33/62...
  energy: 1.461e+03 to 1.626e+03 eV (3900 points)
  error tolerance: rtol=0.001, atol=1e-05
Found 8 peaks
Fitting orders from 16 to 200
Order=16(0/93)
Order=18(1/93)
Order=20(2/93)
Order=22(3/93)
Order=24(4/93)
Order=26(5/93)
Order=28(6/93)
Order=30(7/93)
Order=32(8/93)
Order=34(9/93)
Order=36(10/93)
Order=38(11/93)
Order=40(12/93)
Order=42(13/93)
Order=44(14/93)
Order=46(15/93)
Order=48(16/93)
Order=50(17/93)
Order=52(18/93)
Order=54(19/93)
Order=56(20/93)
Order=58(21/93)
Order=60(22/93)
Found 6 real poles and 8 conjugate complex pairs.
Final number of poles: 14
Saved figure: WMP_Lib/Pu240/1461-1626_MT2.png
Saved figure: WMP_Lib/Pu240/1461-1626_MT27.png
Saved figure: WMP_Lib/Pu240/1461-1626_MT102.png
Saved figure: WMP_Lib/Pu240/1461-1626_MT18.png
Vector fitting piece 34/62...
  energy: 1.556e+03 to 1.725e+03 eV (4132 points)
  error tolerance: rtol=0.001, atol=1e-05
Found 8 peaks
Fitting orders from 16 to 200
Order=16(0/93)
Order=18(1/93)
Order=20(2/93)
Order=22(3/93)
Order=24(4/93)
Order=26(5/93)
Order=28(6/93)
Order=30(7/93)
Order=32(8/93)
Order=34(9/93)
Order=36(10/93)
Order=38(11/93)
Order=40(12/93)
Order=42(13/93)
Order=44(14/93)
Order=46(15/93)
Order=48(16/93)
Order=50(17/93)
Order=52(18/93)
Order=54(19/93)
Order=56(20/93)
Order=58(21/93)
Order=60(22/93)
Found 6 real poles and 8 conjugate complex pairs.
Final number of poles: 14
Saved figure: WMP_Lib/Pu240/1556-1725_MT2.png
Saved figure: WMP_Lib/Pu240/1556-1725_MT27.png
Saved figure: WMP_Lib/Pu240/1556-1725_MT102.png
Saved figure: WMP_Lib/Pu240/1556-1725_MT18.png
Vector fitting piece 35/62...
  energy: 1.653e+03 to 1.828e+03 eV (3448 points)
  error tolerance: rtol=0.001, atol=1e-05
Found 7 peaks
Fitting orders from 14 to 200
Order=14(0/94)
Order=16(1/94)
Order=18(2/94)
Order=20(3/94)
Order=22(4/94)
Order=24(5/94)
Order=26(6/94)
Order=28(7/94)
Order=30(8/94)
Order=32(9/94)
Order=34(10/94)
Order=36(11/94)
Order=38(12/94)
Order=40(13/94)
Order=42(14/94)
Order=44(15/94)
Order=46(16/94)
Order=48(17/94)
Order=50(18/94)
Order=52(19/94)
Order=54(20/94)
Order=56(21/94)
Order=58(22/94)
Order=60(23/94)
Found 4 real poles and 9 conjugate complex pairs.
Final number of poles: 13
Saved figure: WMP_Lib/Pu240/1653-1828_MT2.png
Saved figure: WMP_Lib/Pu240/1653-1828_MT27.png
Saved figure: WMP_Lib/Pu240/1653-1828_MT102.png
Saved figure: WMP_Lib/Pu240/1653-1828_MT18.png
Vector fitting piece 36/62...
  energy: 1.754e+03 to 1.934e+03 eV (3856 points)
  error tolerance: rtol=0.001, atol=1e-05
Found 8 peaks
Fitting orders from 16 to 200
Order=16(0/93)
Order=18(1/93)
Order=20(2/93)
Order=22(3/93)
Order=24(4/93)
Order=26(5/93)
Order=28(6/93)
Order=30(7/93)
Order=32(8/93)
Order=34(9/93)
Order=36(10/93)
Order=38(11/93)
Order=40(12/93)
Order=42(13/93)
Order=44(14/93)
Order=46(15/93)
Order=48(16/93)
Order=50(17/93)
Order=52(18/93)
Order=54(19/93)
Order=56(20/93)
Order=58(21/93)
Order=60(22/93)
Found 4 real poles and 10 conjugate complex pairs.
Final number of poles: 14
Saved figure: WMP_Lib/Pu240/1754-1934_MT2.png
Saved figure: WMP_Lib/Pu240/1754-1934_MT27.png
Saved figure: WMP_Lib/Pu240/1754-1934_MT102.png
Saved figure: WMP_Lib/Pu240/1754-1934_MT18.png
Vector fitting piece 37/62...
  energy: 1.857e+03 to 2.042e+03 eV (5420 points)
  error tolerance: rtol=0.001, atol=1e-05
Found 13 peaks
Fitting orders from 26 to 200
Order=26(0/88)
Order=28(1/88)
Order=30(2/88)
Order=32(3/88)
Order=34(4/88)
Order=36(5/88)
Order=38(6/88)
Order=40(7/88)
Order=42(8/88)
Order=44(9/88)
Order=46(10/88)
Order=48(11/88)
Order=50(12/88)
Order=52(13/88)
Order=54(14/88)
Order=56(15/88)
Order=58(16/88)
Order=60(17/88)
Found 6 real poles and 13 conjugate complex pairs.
Final number of poles: 19
Saved figure: WMP_Lib/Pu240/1857-2042_MT2.png
Saved figure: WMP_Lib/Pu240/1857-2042_MT27.png
Saved figure: WMP_Lib/Pu240/1857-2042_MT102.png
Saved figure: WMP_Lib/Pu240/1857-2042_MT18.png
Vector fitting piece 38/62...
  energy: 1.964e+03 to 2.154e+03 eV (4161 points)
  error tolerance: rtol=0.001, atol=1e-05
Found 9 peaks
Fitting orders from 18 to 200
Order=18(0/92)
Order=20(1/92)
Order=22(2/92)
Order=24(3/92)
Order=26(4/92)
Order=28(5/92)
Order=30(6/92)
Order=32(7/92)
Order=34(8/92)
Order=36(9/92)
Order=38(10/92)
Order=40(11/92)
Order=42(12/92)
Order=44(13/92)
Order=46(14/92)
Order=48(15/92)
Order=50(16/92)
Order=52(17/92)
Order=54(18/92)
Order=56(19/92)
Order=58(20/92)
Order=60(21/92)
Found 4 real poles and 11 conjugate complex pairs.
Final number of poles: 15
Saved figure: WMP_Lib/Pu240/1964-2154_MT2.png
Saved figure: WMP_Lib/Pu240/1964-2154_MT27.png
Saved figure: WMP_Lib/Pu240/1964-2154_MT102.png
Saved figure: WMP_Lib/Pu240/1964-2154_MT18.png
Vector fitting piece 39/62...
  energy: 2.073e+03 to 2.268e+03 eV (3367 points)
  error tolerance: rtol=0.001, atol=1e-05
Found 7 peaks
Fitting orders from 14 to 200
Order=14(0/94)
Order=16(1/94)
Order=18(2/94)
Order=20(3/94)
Order=22(4/94)
Order=24(5/94)
Order=26(6/94)
Order=28(7/94)
Order=30(8/94)
Order=32(9/94)
Order=34(10/94)
Order=36(11/94)
Order=38(12/94)
Order=40(13/94)
Order=42(14/94)
Order=44(15/94)
Order=46(16/94)
Order=48(17/94)
Order=50(18/94)
Order=52(19/94)
Order=54(20/94)
Order=56(21/94)
Order=58(22/94)
Order=60(23/94)
Found 6 real poles and 7 conjugate complex pairs.
Final number of poles: 13
Saved figure: WMP_Lib/Pu240/2073-2268_MT2.png
Saved figure: WMP_Lib/Pu240/2073-2268_MT27.png
Saved figure: WMP_Lib/Pu240/2073-2268_MT102.png
Saved figure: WMP_Lib/Pu240/2073-2268_MT18.png
Vector fitting piece 40/62...
  energy: 2.186e+03 to 2.386e+03 eV (4545 points)
  error tolerance: rtol=0.001, atol=1e-05
Found 10 peaks
Fitting orders from 20 to 200
Order=20(0/91)
Order=22(1/91)
Order=24(2/91)
Order=26(3/91)
Order=28(4/91)
Order=30(5/91)
Order=32(6/91)
Order=34(7/91)
Order=36(8/91)
Order=38(9/91)
Order=40(10/91)
Order=42(11/91)
Order=44(12/91)
Order=46(13/91)
Order=48(14/91)
Order=50(15/91)
Order=52(16/91)
Order=54(17/91)
Order=56(18/91)
Order=58(19/91)
Order=60(20/91)
Found 4 real poles and 12 conjugate complex pairs.
Final number of poles: 16
Saved figure: WMP_Lib/Pu240/2186-2386_MT2.png
Saved figure: WMP_Lib/Pu240/2186-2386_MT27.png
Saved figure: WMP_Lib/Pu240/2186-2386_MT102.png
Saved figure: WMP_Lib/Pu240/2186-2386_MT18.png
Vector fitting piece 41/62...
  energy: 2.301e+03 to 2.506e+03 eV (4763 points)
  error tolerance: rtol=0.001, atol=1e-05
Found 12 peaks
Fitting orders from 24 to 200
Order=24(0/89)
Order=26(1/89)
Order=28(2/89)
Order=30(3/89)
Order=32(4/89)
Order=34(5/89)
Order=36(6/89)
Order=38(7/89)
Order=40(8/89)
Order=42(9/89)
Order=44(10/89)
Order=46(11/89)
Order=48(12/89)
Order=50(13/89)
Order=52(14/89)
Order=54(15/89)
Order=56(16/89)
Order=58(17/89)
Order=60(18/89)
Found 4 real poles and 13 conjugate complex pairs.
Final number of poles: 17
Saved figure: WMP_Lib/Pu240/2301-2506_MT2.png
Saved figure: WMP_Lib/Pu240/2301-2506_MT27.png
Saved figure: WMP_Lib/Pu240/2301-2506_MT102.png
Saved figure: WMP_Lib/Pu240/2301-2506_MT18.png
Vector fitting piece 42/62...
  energy: 2.419e+03 to 2.630e+03 eV (3704 points)
  error tolerance: rtol=0.001, atol=1e-05
Found 8 peaks
Fitting orders from 16 to 200
Order=16(0/93)
Order=18(1/93)
Order=20(2/93)
Order=22(3/93)
Order=24(4/93)
Order=26(5/93)
Order=28(6/93)
Order=30(7/93)
Order=32(8/93)
Order=34(9/93)
Order=36(10/93)
Order=38(11/93)
Order=40(12/93)
Order=42(13/93)
Order=44(14/93)
Order=46(15/93)
Order=48(16/93)
Order=50(17/93)
Order=52(18/93)
Order=54(19/93)
Order=56(20/93)
Order=58(21/93)
Order=60(22/93)
Found 4 real poles and 10 conjugate complex pairs.
Final number of poles: 14
Saved figure: WMP_Lib/Pu240/2419-2630_MT2.png
Saved figure: WMP_Lib/Pu240/2419-2630_MT27.png
Saved figure: WMP_Lib/Pu240/2419-2630_MT102.png
Saved figure: WMP_Lib/Pu240/2419-2630_MT18.png
Vector fitting piece 43/62...
  energy: 2.541e+03 to 2.756e+03 eV (3712 points)
  error tolerance: rtol=0.001, atol=1e-05
Found 8 peaks
Fitting orders from 16 to 200
Order=16(0/93)
Order=18(1/93)
Order=20(2/93)
Order=22(3/93)
Order=24(4/93)
Order=26(5/93)
Order=28(6/93)
Order=30(7/93)
Order=32(8/93)
Order=34(9/93)
Order=36(10/93)
Order=38(11/93)
Order=40(12/93)
Order=42(13/93)
Order=44(14/93)
Order=46(15/93)
Order=48(16/93)
Order=50(17/93)
Order=52(18/93)
Order=54(19/93)
Order=56(20/93)
Order=58(21/93)
Order=60(22/93)
Found 4 real poles and 9 conjugate complex pairs.
Final number of poles: 13
Saved figure: WMP_Lib/Pu240/2541-2756_MT2.png
Saved figure: WMP_Lib/Pu240/2541-2756_MT27.png
Saved figure: WMP_Lib/Pu240/2541-2756_MT102.png
Saved figure: WMP_Lib/Pu240/2541-2756_MT18.png
Vector fitting piece 44/62...
  energy: 2.665e+03 to 2.885e+03 eV (3501 points)
  error tolerance: rtol=0.001, atol=1e-05
Found 8 peaks
Fitting orders from 16 to 200
Order=16(0/93)
Order=18(1/93)
Order=20(2/93)
Order=22(3/93)
Order=24(4/93)
Order=26(5/93)
Order=28(6/93)
Order=30(7/93)
Order=32(8/93)
Order=34(9/93)
Order=36(10/93)
Order=38(11/93)
Order=40(12/93)
Order=42(13/93)
Order=44(14/93)
Order=46(15/93)
Order=48(16/93)
Order=50(17/93)
Order=52(18/93)
Order=54(19/93)
Order=56(20/93)
Order=58(21/93)
Order=60(22/93)
Found 6 real poles and 8 conjugate complex pairs.
Final number of poles: 14
Saved figure: WMP_Lib/Pu240/2665-2885_MT2.png
Saved figure: WMP_Lib/Pu240/2665-2885_MT27.png
Saved figure: WMP_Lib/Pu240/2665-2885_MT102.png
Saved figure: WMP_Lib/Pu240/2665-2885_MT18.png
Vector fitting piece 45/62...
  energy: 2.792e+03 to 3.017e+03 eV (4991 points)
  error tolerance: rtol=0.001, atol=1e-05
Found 12 peaks
Fitting orders from 24 to 200
Order=24(0/89)
Order=26(1/89)
Order=28(2/89)
Order=30(3/89)
Order=32(4/89)
Order=34(5/89)
Order=36(6/89)
Order=38(7/89)
Order=40(8/89)
Order=42(9/89)
Order=44(10/89)
Order=46(11/89)
Order=48(12/89)
Order=50(13/89)
Order=52(14/89)
Order=54(15/89)
Order=56(16/89)
Order=58(17/89)
Order=60(18/89)
Found 6 real poles and 13 conjugate complex pairs.
Final number of poles: 19
Saved figure: WMP_Lib/Pu240/2792-3017_MT2.png
Saved figure: WMP_Lib/Pu240/2792-3017_MT27.png
Saved figure: WMP_Lib/Pu240/2792-3017_MT102.png
Saved figure: WMP_Lib/Pu240/2792-3017_MT18.png
Vector fitting piece 46/62...
  energy: 2.921e+03 to 3.153e+03 eV (4760 points)
  error tolerance: rtol=0.001, atol=1e-05
Found 12 peaks
Fitting orders from 24 to 200
Order=24(0/89)
Order=26(1/89)
Order=28(2/89)
Order=30(3/89)
Order=32(4/89)
Order=34(5/89)
Order=36(6/89)
Order=38(7/89)
Order=40(8/89)
Order=42(9/89)
Order=44(10/89)
Order=46(11/89)
Order=48(12/89)
Order=50(13/89)
Order=52(14/89)
Order=54(15/89)
Order=56(16/89)
Order=58(17/89)
Order=60(18/89)
Found 6 real poles and 12 conjugate complex pairs.
Final number of poles: 18
Saved figure: WMP_Lib/Pu240/2921-3153_MT2.png
Saved figure: WMP_Lib/Pu240/2921-3153_MT27.png
Saved figure: WMP_Lib/Pu240/2921-3153_MT102.png
Saved figure: WMP_Lib/Pu240/2921-3153_MT18.png
Vector fitting piece 47/62...
  energy: 3.055e+03 to 3.291e+03 eV (3328 points)
  error tolerance: rtol=0.001, atol=1e-05
Found 7 peaks
Fitting orders from 14 to 200
Order=14(0/94)
Order=16(1/94)
Order=18(2/94)
Order=20(3/94)
Order=22(4/94)
Order=24(5/94)
Order=26(6/94)
Order=28(7/94)
Order=30(8/94)
Order=32(9/94)
Order=34(10/94)
Order=36(11/94)
Order=38(12/94)
Order=40(13/94)
Order=42(14/94)
Order=44(15/94)
Order=46(16/94)
Order=48(17/94)
Order=50(18/94)
Order=52(19/94)
Order=54(20/94)
Order=56(21/94)
Order=58(22/94)
Order=60(23/94)
Found 4 real poles and 8 conjugate complex pairs.
Final number of poles: 12
Saved figure: WMP_Lib/Pu240/3055-3291_MT2.png
Saved figure: WMP_Lib/Pu240/3055-3291_MT27.png
Saved figure: WMP_Lib/Pu240/3055-3291_MT102.png
Saved figure: WMP_Lib/Pu240/3055-3291_MT18.png
Vector fitting piece 48/62...
  energy: 3.191e+03 to 3.433e+03 eV (2206 points)
  error tolerance: rtol=0.001, atol=1e-05
Found 6 peaks
Fitting orders from 12 to 200
Order=12(0/95)
Order=14(1/95)
Order=16(2/95)
Order=18(3/95)
Order=20(4/95)
Order=22(5/95)
Order=24(6/95)
Order=26(7/95)
Order=28(8/95)
Order=30(9/95)
Order=32(10/95)
Order=34(11/95)
Order=36(12/95)
Order=38(13/95)
Order=40(14/95)
Order=42(15/95)
Order=44(16/95)
Order=46(17/95)
Order=48(18/95)
Order=50(19/95)
Order=52(20/95)
Order=54(21/95)
Order=56(22/95)
Order=58(23/95)
Order=60(24/95)
Found 6 real poles and 6 conjugate complex pairs.
Final number of poles: 12
Saved figure: WMP_Lib/Pu240/3191-3433_MT2.png
Saved figure: WMP_Lib/Pu240/3191-3433_MT27.png
Saved figure: WMP_Lib/Pu240/3191-3433_MT102.png
Saved figure: WMP_Lib/Pu240/3191-3433_MT18.png
Vector fitting piece 49/62...
  energy: 3.330e+03 to 3.576e+03 eV (3070 points)
  error tolerance: rtol=0.001, atol=1e-05
Found 8 peaks
Fitting orders from 16 to 200
Order=16(0/93)
Order=18(1/93)
Order=20(2/93)
Order=22(3/93)
Order=24(4/93)
Order=26(5/93)
Order=28(6/93)
Order=30(7/93)
Order=32(8/93)
Order=34(9/93)
Order=36(10/93)
Order=38(11/93)
Order=40(12/93)
Order=42(13/93)
Order=44(14/93)
Order=46(15/93)
Order=48(16/93)
Order=50(17/93)
Order=52(18/93)
Order=54(19/93)
Order=56(20/93)
Order=58(21/93)
Order=60(22/93)
Found 4 real poles and 8 conjugate complex pairs.
Final number of poles: 12
Saved figure: WMP_Lib/Pu240/3330-3576_MT2.png
Saved figure: WMP_Lib/Pu240/3330-3576_MT27.png
Saved figure: WMP_Lib/Pu240/3330-3576_MT102.png
Saved figure: WMP_Lib/Pu240/3330-3576_MT18.png
Vector fitting piece 50/62...
  energy: 3.472e+03 to 3.723e+03 eV (3272 points)
  error tolerance: rtol=0.001, atol=1e-05
Found 8 peaks
Fitting orders from 16 to 200
Order=16(0/93)
Order=18(1/93)
Order=20(2/93)
Order=22(3/93)
Order=24(4/93)
Order=26(5/93)
Order=28(6/93)
Order=30(7/93)
Order=32(8/93)
Order=34(9/93)
Order=36(10/93)
Order=38(11/93)
Order=40(12/93)
Order=42(13/93)
Order=44(14/93)
Order=46(15/93)
Order=48(16/93)
Order=50(17/93)
Order=52(18/93)
Order=54(19/93)
Order=56(20/93)
Order=58(21/93)
Order=60(22/93)
Found 4 real poles and 9 conjugate complex pairs.
Final number of poles: 13
Saved figure: WMP_Lib/Pu240/3472-3723_MT2.png
Saved figure: WMP_Lib/Pu240/3472-3723_MT27.png
Saved figure: WMP_Lib/Pu240/3472-3723_MT102.png
Saved figure: WMP_Lib/Pu240/3472-3723_MT18.png
Vector fitting piece 51/62...
  energy: 3.616e+03 to 3.873e+03 eV (3280 points)
  error tolerance: rtol=0.001, atol=1e-05
Found 8 peaks
Fitting orders from 16 to 200
Order=16(0/93)
Order=18(1/93)
Order=20(2/93)
Order=22(3/93)
Order=24(4/93)
Order=26(5/93)
Order=28(6/93)
Order=30(7/93)
Order=32(8/93)
Order=34(9/93)
Order=36(10/93)
Order=38(11/93)
Order=40(12/93)
Order=42(13/93)
Order=44(14/93)
Order=46(15/93)
Order=48(16/93)
Order=50(17/93)
Order=52(18/93)
Order=54(19/93)
Order=56(20/93)
Order=58(21/93)
Order=60(22/93)
Found 4 real poles and 9 conjugate complex pairs.
Final number of poles: 13
Saved figure: WMP_Lib/Pu240/3616-3873_MT2.png
Saved figure: WMP_Lib/Pu240/3616-3873_MT27.png
Saved figure: WMP_Lib/Pu240/3616-3873_MT102.png
Saved figure: WMP_Lib/Pu240/3616-3873_MT18.png
Vector fitting piece 52/62...
  energy: 3.765e+03 to 4.027e+03 eV (3788 points)
  error tolerance: rtol=0.001, atol=1e-05
Found 9 peaks
Fitting orders from 18 to 200
Order=18(0/92)
Order=20(1/92)
Order=22(2/92)
Order=24(3/92)
Order=26(4/92)
Order=28(5/92)
Order=30(6/92)
Order=32(7/92)
Order=34(8/92)
Order=36(9/92)
Order=38(10/92)
Order=40(11/92)
Order=42(12/92)
Order=44(13/92)
Order=46(14/92)
Order=48(15/92)
Order=50(16/92)
Order=52(17/92)
Order=54(18/92)
Order=56(19/92)
Order=58(20/92)
Order=60(21/92)
Found 4 real poles and 10 conjugate complex pairs.
Final number of poles: 14
Saved figure: WMP_Lib/Pu240/3765-4027_MT2.png
Saved figure: WMP_Lib/Pu240/3765-4027_MT27.png
Saved figure: WMP_Lib/Pu240/3765-4027_MT102.png
Saved figure: WMP_Lib/Pu240/3765-4027_MT18.png
Vector fitting piece 53/62...
  energy: 3.916e+03 to 4.183e+03 eV (4514 points)
  error tolerance: rtol=0.001, atol=1e-05
Found 11 peaks
Fitting orders from 22 to 200
Order=22(0/90)
Order=24(1/90)
Order=26(2/90)
Order=28(3/90)
Order=30(4/90)
Order=32(5/90)
Order=34(6/90)
Order=36(7/90)
Order=38(8/90)
Order=40(9/90)
Order=42(10/90)
Order=44(11/90)
Order=46(12/90)
Order=48(13/90)
Order=50(14/90)
Order=52(15/90)
Order=54(16/90)
Order=56(17/90)
Order=58(18/90)
Order=60(19/90)
Found 6 real poles and 11 conjugate complex pairs.
Final number of poles: 17
Saved figure: WMP_Lib/Pu240/3916-4183_MT2.png
Saved figure: WMP_Lib/Pu240/3916-4183_MT27.png
Saved figure: WMP_Lib/Pu240/3916-4183_MT102.png
Saved figure: WMP_Lib/Pu240/3916-4183_MT18.png
Vector fitting piece 54/62...
  energy: 4.070e+03 to 4.342e+03 eV (4818 points)
  error tolerance: rtol=0.001, atol=1e-05
Found 11 peaks
Fitting orders from 22 to 200
Order=22(0/90)
Order=24(1/90)
Order=26(2/90)
Order=28(3/90)
Order=30(4/90)
Order=32(5/90)
Order=34(6/90)
Order=36(7/90)
Order=38(8/90)
Order=40(9/90)
Order=42(10/90)
Order=44(11/90)
Order=46(12/90)
Order=48(13/90)
Order=50(14/90)
Order=52(15/90)
Order=54(16/90)
Order=56(17/90)
Order=58(18/90)
Order=60(19/90)
Found 2 real poles and 12 conjugate complex pairs.
Final number of poles: 14
Saved figure: WMP_Lib/Pu240/4070-4342_MT2.png
Saved figure: WMP_Lib/Pu240/4070-4342_MT27.png
Saved figure: WMP_Lib/Pu240/4070-4342_MT102.png
Saved figure: WMP_Lib/Pu240/4070-4342_MT18.png
Vector fitting piece 55/62...
  energy: 4.227e+03 to 4.505e+03 eV (3598 points)
  error tolerance: rtol=0.001, atol=1e-05
Found 9 peaks
Fitting orders from 18 to 200
Order=18(0/92)
Order=20(1/92)
Order=22(2/92)
Order=24(3/92)
Order=26(4/92)
Order=28(5/92)
Order=30(6/92)
Order=32(7/92)
Order=34(8/92)
Order=36(9/92)
Order=38(10/92)
Order=40(11/92)
Order=42(12/92)
Order=44(13/92)
Order=46(14/92)
Order=48(15/92)
Order=50(16/92)
Order=52(17/92)
Order=54(18/92)
Order=56(19/92)
Order=58(20/92)
Order=60(21/92)
Found 4 real poles and 10 conjugate complex pairs.
Final number of poles: 14
Saved figure: WMP_Lib/Pu240/4227-4505_MT2.png
Saved figure: WMP_Lib/Pu240/4227-4505_MT27.png
Saved figure: WMP_Lib/Pu240/4227-4505_MT102.png
Saved figure: WMP_Lib/Pu240/4227-4505_MT18.png
Vector fitting piece 56/62...
  energy: 4.387e+03 to 4.669e+03 eV (3650 points)
  error tolerance: rtol=0.001, atol=1e-05
Found 9 peaks
Fitting orders from 18 to 200
Order=18(0/92)
Order=20(1/92)
Order=22(2/92)
Order=24(3/92)
Order=26(4/92)
Order=28(5/92)
Order=30(6/92)
Order=32(7/92)
Order=34(8/92)
Order=36(9/92)
Order=38(10/92)
Order=40(11/92)
Order=42(12/92)
Order=44(13/92)
Order=46(14/92)
Order=48(15/92)
Order=50(16/92)
Order=52(17/92)
Order=54(18/92)
Order=56(19/92)
Order=58(20/92)
Order=60(21/92)
Found 4 real poles and 11 conjugate complex pairs.
Final number of poles: 15
Saved figure: WMP_Lib/Pu240/4387-4669_MT2.png
Saved figure: WMP_Lib/Pu240/4387-4669_MT27.png
Saved figure: WMP_Lib/Pu240/4387-4669_MT102.png
Saved figure: WMP_Lib/Pu240/4387-4669_MT18.png
Vector fitting piece 57/62...
  energy: 4.549e+03 to 4.837e+03 eV (5119 points)
  error tolerance: rtol=0.001, atol=1e-05
Found 14 peaks
Fitting orders from 28 to 200
Order=28(0/87)
Order=30(1/87)
Order=32(2/87)
Order=34(3/87)
Order=36(4/87)
Order=38(5/87)
Order=40(6/87)
Order=42(7/87)
Order=44(8/87)
Order=46(9/87)
Order=48(10/87)
Order=50(11/87)
Order=52(12/87)
Order=54(13/87)
Order=56(14/87)
Order=58(15/87)
Order=60(16/87)
Found 2 real poles and 15 conjugate complex pairs.
Final number of poles: 17
Saved figure: WMP_Lib/Pu240/4549-4837_MT2.png
Saved figure: WMP_Lib/Pu240/4549-4837_MT27.png
Saved figure: WMP_Lib/Pu240/4549-4837_MT102.png
Saved figure: WMP_Lib/Pu240/4549-4837_MT18.png
Vector fitting piece 58/62...
  energy: 4.715e+03 to 5.008e+03 eV (4550 points)
  error tolerance: rtol=0.001, atol=1e-05
Found 13 peaks
Fitting orders from 26 to 200
Order=26(0/88)
Order=28(1/88)
Order=30(2/88)
Order=32(3/88)
Order=34(4/88)
Order=36(5/88)
Order=38(6/88)
Order=40(7/88)
Order=42(8/88)
Order=44(9/88)
Order=46(10/88)
Order=48(11/88)
Order=50(12/88)
Order=52(13/88)
Order=54(14/88)
Order=56(15/88)
Order=58(16/88)
Order=60(17/88)
Order=62(18/88)
Order=64(19/88)
Order=66(20/88)
Order=68(21/88)
Order=70(22/88)
Found 4 real poles and 13 conjugate complex pairs.
Final number of poles: 17
Saved figure: WMP_Lib/Pu240/4715-5008_MT2.png
Saved figure: WMP_Lib/Pu240/4715-5008_MT27.png
Saved figure: WMP_Lib/Pu240/4715-5008_MT102.png
Saved figure: WMP_Lib/Pu240/4715-5008_MT18.png
Vector fitting piece 59/62...
  energy: 4.884e+03 to 5.181e+03 eV (3358 points)
  error tolerance: rtol=0.001, atol=1e-05
Found 9 peaks
Fitting orders from 18 to 200
Order=18(0/92)
Order=20(1/92)
Order=22(2/92)
Order=24(3/92)
Order=26(4/92)
Order=28(5/92)
Order=30(6/92)
Order=32(7/92)
Order=34(8/92)
Order=36(9/92)
Order=38(10/92)
Order=40(11/92)
Order=42(12/92)
Order=44(13/92)
Order=46(14/92)
Order=48(15/92)
Order=50(16/92)
Order=52(17/92)
Order=54(18/92)
Order=56(19/92)
Order=58(20/92)
Order=60(21/92)
Order=62(22/92)
Order=64(23/92)
Order=66(24/92)
Order=68(25/92)
Order=70(26/92)
Found 2 real poles and 11 conjugate complex pairs.
Final number of poles: 13
Saved figure: WMP_Lib/Pu240/4884-5181_MT2.png
Saved figure: WMP_Lib/Pu240/4884-5181_MT27.png
Saved figure: WMP_Lib/Pu240/4884-5181_MT102.png
Saved figure: WMP_Lib/Pu240/4884-5181_MT18.png
Vector fitting piece 60/62...
  energy: 5.056e+03 to 5.358e+03 eV (4567 points)
  error tolerance: rtol=0.001, atol=1e-05
Found 12 peaks
Fitting orders from 24 to 200
Order=24(0/89)
Order=26(1/89)
Order=28(2/89)
Order=30(3/89)
Order=32(4/89)
Order=34(5/89)
Order=36(6/89)
Order=38(7/89)
Order=40(8/89)
Order=42(9/89)
Order=44(10/89)
Order=46(11/89)
Order=48(12/89)
Order=50(13/89)
Order=52(14/89)
Order=54(15/89)
Order=56(16/89)
Order=58(17/89)
Order=60(18/89)
Found 4 real poles and 12 conjugate complex pairs.
Final number of poles: 16
Saved figure: WMP_Lib/Pu240/5056-5358_MT2.png
Saved figure: WMP_Lib/Pu240/5056-5358_MT27.png
Saved figure: WMP_Lib/Pu240/5056-5358_MT102.png
Saved figure: WMP_Lib/Pu240/5056-5358_MT18.png
Vector fitting piece 61/62...
  energy: 5.230e+03 to 5.537e+03 eV (4663 points)
  error tolerance: rtol=0.001, atol=1e-05
Found 12 peaks
Fitting orders from 24 to 200
Order=24(0/89)
Order=26(1/89)
Order=28(2/89)
Order=30(3/89)
Order=32(4/89)
Order=34(5/89)
Order=36(6/89)
Order=38(7/89)
Order=40(8/89)
Order=42(9/89)
Order=44(10/89)
Order=46(11/89)
Order=48(12/89)
Order=50(13/89)
Order=52(14/89)
Order=54(15/89)
Order=56(16/89)
Order=58(17/89)
Order=60(18/89)
Found 4 real poles and 13 conjugate complex pairs.
Final number of poles: 17
Saved figure: WMP_Lib/Pu240/5230-5537_MT2.png
Saved figure: WMP_Lib/Pu240/5230-5537_MT27.png
Saved figure: WMP_Lib/Pu240/5230-5537_MT102.png
Saved figure: WMP_Lib/Pu240/5230-5537_MT18.png
Vector fitting piece 62/62...
  energy: 5.408e+03 to 5.700e+03 eV (4164 points)
  error tolerance: rtol=0.001, atol=1e-05
Found 11 peaks
Fitting orders from 22 to 200
Order=22(0/90)
Order=24(1/90)
Order=26(2/90)
Order=28(3/90)
Order=30(4/90)
Order=32(5/90)
Order=34(6/90)
Order=36(7/90)
Order=38(8/90)
Order=40(9/90)
Order=42(10/90)
Order=44(11/90)
Order=46(12/90)
Order=48(13/90)
Order=50(14/90)
Order=52(15/90)
Order=54(16/90)
Order=56(17/90)
Order=58(18/90)
Order=60(19/90)
Found 4 real poles and 11 conjugate complex pairs.
Final number of poles: 15
Saved figure: WMP_Lib/Pu240/5408-5700_MT2.png
Saved figure: WMP_Lib/Pu240/5408-5700_MT27.png
Saved figure: WMP_Lib/Pu240/5408-5700_MT102.png
Saved figure: WMP_Lib/Pu240/5408-5700_MT18.png
Dumped multipole data to file: WMP_Lib/Pu240/Pu240_mp.pickle
Start searching ...
Testing N_win=38 N_cf=10
Failed: Window spacing cannot be larger than piece spacing.
Testing N_win=141 N_cf=10
Windowing:
  config: # windows=141, spacing=0.5354267762580515, CF order=10
  error tolerance: rtol=0.001, atol=1e-05
Failed: Pure curvefit failed for the first window!
Testing N_win=244 N_cf=10
Windowing:
  config: # windows=244, spacing=0.30940645677207074, CF order=10
  error tolerance: rtol=0.001, atol=1e-05
Best library so far.
Testing N_win=244 N_cf=9
Windowing:
  config: # windows=244, spacing=0.30940645677207074, CF order=9
  error tolerance: rtol=0.001, atol=1e-05
Best library so far.
Testing N_win=244 N_cf=8
Windowing:
  config: # windows=244, spacing=0.30940645677207074, CF order=8
  error tolerance: rtol=0.001, atol=1e-05
Best library so far.
Testing N_win=244 N_cf=7
Windowing:
  config: # windows=244, spacing=0.30940645677207074, CF order=7
  error tolerance: rtol=0.001, atol=1e-05
Best library so far.
Testing N_win=244 N_cf=6
Windowing:
  config: # windows=244, spacing=0.30940645677207074, CF order=6
  error tolerance: rtol=0.001, atol=1e-05
Best library so far.
Testing N_win=244 N_cf=5
Windowing:
  config: # windows=244, spacing=0.30940645677207074, CF order=5
  error tolerance: rtol=0.001, atol=1e-05
Best library so far.
Testing N_win=244 N_cf=4
Windowing:
  config: # windows=244, spacing=0.30940645677207074, CF order=4
  error tolerance: rtol=0.001, atol=1e-05
Failed: Pure curvefit failed for the first window!
Testing N_win=347 N_cf=10
Windowing:
  config: # windows=347, spacing=0.21756534712502956, CF order=10
  error tolerance: rtol=0.001, atol=1e-05
Testing N_win=347 N_cf=9
Windowing:
  config: # windows=347, spacing=0.21756534712502956, CF order=9
  error tolerance: rtol=0.001, atol=1e-05
Best library so far.
Testing N_win=347 N_cf=8
Windowing:
  config: # windows=347, spacing=0.21756534712502956, CF order=8
  error tolerance: rtol=0.001, atol=1e-05
Best library so far.
Testing N_win=347 N_cf=7
Windowing:
  config: # windows=347, spacing=0.21756534712502956, CF order=7
  error tolerance: rtol=0.001, atol=1e-05
Best library so far.
Testing N_win=347 N_cf=6
Windowing:
  config: # windows=347, spacing=0.21756534712502956, CF order=6
  error tolerance: rtol=0.001, atol=1e-05
Best library so far.
Testing N_win=347 N_cf=5
Windowing:
  config: # windows=347, spacing=0.21756534712502956, CF order=5
  error tolerance: rtol=0.001, atol=1e-05
Best library so far.
Testing N_win=347 N_cf=4
Windowing:
  config: # windows=347, spacing=0.21756534712502956, CF order=4
  error tolerance: rtol=0.001, atol=1e-05
Best library so far.
Testing N_win=347 N_cf=3
Windowing:
  config: # windows=347, spacing=0.21756534712502956, CF order=3
  error tolerance: rtol=0.001, atol=1e-05
Failed: Pure curvefit failed for the first window!
Testing N_win=451 N_cf=10
Windowing:
  config: # windows=451, spacing=0.16739506752191852, CF order=10
  error tolerance: rtol=0.001, atol=1e-05
Testing N_win=451 N_cf=9
Windowing:
  config: # windows=451, spacing=0.16739506752191852, CF order=9
  error tolerance: rtol=0.001, atol=1e-05
Testing N_win=451 N_cf=8
Windowing:
  config: # windows=451, spacing=0.16739506752191852, CF order=8
  error tolerance: rtol=0.001, atol=1e-05
Best library so far.
Testing N_win=451 N_cf=7
Windowing:
  config: # windows=451, spacing=0.16739506752191852, CF order=7
  error tolerance: rtol=0.001, atol=1e-05
Best library so far.
Testing N_win=451 N_cf=6
Windowing:
  config: # windows=451, spacing=0.16739506752191852, CF order=6
  error tolerance: rtol=0.001, atol=1e-05
Best library so far.
Testing N_win=451 N_cf=5
Windowing:
  config: # windows=451, spacing=0.16739506752191852, CF order=5
  error tolerance: rtol=0.001, atol=1e-05
Best library so far.
Testing N_win=451 N_cf=4
Windowing:
  config: # windows=451, spacing=0.16739506752191852, CF order=4
  error tolerance: rtol=0.001, atol=1e-05
Best library so far.
Testing N_win=451 N_cf=3
Windowing:
  config: # windows=451, spacing=0.16739506752191852, CF order=3
  error tolerance: rtol=0.001, atol=1e-05
Failed: Pure curvefit failed for the first window!
Testing N_win=554 N_cf=10
Windowing:
  config: # windows=554, spacing=0.13627287987795172, CF order=10
  error tolerance: rtol=0.001, atol=1e-05
Testing N_win=554 N_cf=9
Windowing:
  config: # windows=554, spacing=0.13627287987795172, CF order=9
  error tolerance: rtol=0.001, atol=1e-05
Testing N_win=554 N_cf=8
Windowing:
  config: # windows=554, spacing=0.13627287987795172, CF order=8
  error tolerance: rtol=0.001, atol=1e-05
Testing N_win=554 N_cf=7
Windowing:
  config: # windows=554, spacing=0.13627287987795172, CF order=7
  error tolerance: rtol=0.001, atol=1e-05
Testing N_win=554 N_cf=6
Windowing:
  config: # windows=554, spacing=0.13627287987795172, CF order=6
  error tolerance: rtol=0.001, atol=1e-05
Testing N_win=554 N_cf=5
Windowing:
  config: # windows=554, spacing=0.13627287987795172, CF order=5
  error tolerance: rtol=0.001, atol=1e-05
Best library so far.
Testing N_win=554 N_cf=4
Windowing:
  config: # windows=554, spacing=0.13627287987795172, CF order=4
  error tolerance: rtol=0.001, atol=1e-05
Best library so far.
Testing N_win=554 N_cf=3
Windowing:
  config: # windows=554, spacing=0.13627287987795172, CF order=3
  error tolerance: rtol=0.001, atol=1e-05
Failed: Pure curvefit failed for the first window!
Testing N_win=657 N_cf=10
Windowing:
  config: # windows=657, spacing=0.11490894284990145, CF order=10
  error tolerance: rtol=0.001, atol=1e-05
Testing N_win=657 N_cf=9
Windowing:
  config: # windows=657, spacing=0.11490894284990145, CF order=9
  error tolerance: rtol=0.001, atol=1e-05
Testing N_win=657 N_cf=8
Windowing:
  config: # windows=657, spacing=0.11490894284990145, CF order=8
  error tolerance: rtol=0.001, atol=1e-05
Testing N_win=657 N_cf=7
Windowing:
  config: # windows=657, spacing=0.11490894284990145, CF order=7
  error tolerance: rtol=0.001, atol=1e-05
Testing N_win=657 N_cf=6
Windowing:
  config: # windows=657, spacing=0.11490894284990145, CF order=6
  error tolerance: rtol=0.001, atol=1e-05
Testing N_win=657 N_cf=5
Windowing:
  config: # windows=657, spacing=0.11490894284990145, CF order=5
  error tolerance: rtol=0.001, atol=1e-05
Best library so far.
Testing N_win=657 N_cf=4
Windowing:
  config: # windows=657, spacing=0.11490894284990145, CF order=4
  error tolerance: rtol=0.001, atol=1e-05
Best library so far.
Testing N_win=657 N_cf=3
Windowing:
  config: # windows=657, spacing=0.11490894284990145, CF order=3
  error tolerance: rtol=0.001, atol=1e-05
Failed: Pure curvefit failed for the first window!
Testing N_win=760 N_cf=10
Windowing:
  config: # windows=760, spacing=0.09933575717419113, CF order=10
  error tolerance: rtol=0.001, atol=1e-05
Testing N_win=760 N_cf=9
Windowing:
  config: # windows=760, spacing=0.09933575717419113, CF order=9
  error tolerance: rtol=0.001, atol=1e-05
Testing N_win=760 N_cf=8
Windowing:
  config: # windows=760, spacing=0.09933575717419113, CF order=8
  error tolerance: rtol=0.001, atol=1e-05
Testing N_win=760 N_cf=7
Windowing:
  config: # windows=760, spacing=0.09933575717419113, CF order=7
  error tolerance: rtol=0.001, atol=1e-05
Testing N_win=760 N_cf=6
Windowing:
  config: # windows=760, spacing=0.09933575717419113, CF order=6
  error tolerance: rtol=0.001, atol=1e-05
Testing N_win=760 N_cf=5
Windowing:
  config: # windows=760, spacing=0.09933575717419113, CF order=5
  error tolerance: rtol=0.001, atol=1e-05
Best library so far.
Testing N_win=760 N_cf=4
Windowing:
  config: # windows=760, spacing=0.09933575717419113, CF order=4
  error tolerance: rtol=0.001, atol=1e-05
Best library so far.
Testing N_win=760 N_cf=3
Windowing:
  config: # windows=760, spacing=0.09933575717419113, CF order=3
  error tolerance: rtol=0.001, atol=1e-05
Failed: Pure curvefit failed for the first window!
Testing N_win=864 N_cf=10
Windowing:
  config: # windows=864, spacing=0.08737867529211256, CF order=10
  error tolerance: rtol=0.001, atol=1e-05
Testing N_win=864 N_cf=9
Windowing:
  config: # windows=864, spacing=0.08737867529211256, CF order=9
  error tolerance: rtol=0.001, atol=1e-05
Testing N_win=864 N_cf=8
Windowing:
  config: # windows=864, spacing=0.08737867529211256, CF order=8
  error tolerance: rtol=0.001, atol=1e-05
Testing N_win=864 N_cf=7
Windowing:
  config: # windows=864, spacing=0.08737867529211256, CF order=7
  error tolerance: rtol=0.001, atol=1e-05
Testing N_win=864 N_cf=6
Windowing:
  config: # windows=864, spacing=0.08737867529211256, CF order=6
  error tolerance: rtol=0.001, atol=1e-05
Testing N_win=864 N_cf=5
Windowing:
  config: # windows=864, spacing=0.08737867529211256, CF order=5
  error tolerance: rtol=0.001, atol=1e-05
Testing N_win=864 N_cf=4
Windowing:
  config: # windows=864, spacing=0.08737867529211256, CF order=4
  error tolerance: rtol=0.001, atol=1e-05
Testing N_win=864 N_cf=3
Windowing:
  config: # windows=864, spacing=0.08737867529211256, CF order=3
  error tolerance: rtol=0.001, atol=1e-05
Failed: Pure curvefit failed for the first window!
Testing N_win=967 N_cf=10
Windowing:
  config: # windows=967, spacing=0.07807153614517606, CF order=10
  error tolerance: rtol=0.001, atol=1e-05
Testing N_win=967 N_cf=9
Windowing:
  config: # windows=967, spacing=0.07807153614517606, CF order=9
  error tolerance: rtol=0.001, atol=1e-05
Testing N_win=967 N_cf=8
Windowing:
  config: # windows=967, spacing=0.07807153614517606, CF order=8
  error tolerance: rtol=0.001, atol=1e-05
Testing N_win=967 N_cf=7
Windowing:
  config: # windows=967, spacing=0.07807153614517606, CF order=7
  error tolerance: rtol=0.001, atol=1e-05
Testing N_win=967 N_cf=6
Windowing:
  config: # windows=967, spacing=0.07807153614517606, CF order=6
  error tolerance: rtol=0.001, atol=1e-05
Testing N_win=967 N_cf=5
Windowing:
  config: # windows=967, spacing=0.07807153614517606, CF order=5
  error tolerance: rtol=0.001, atol=1e-05
Testing N_win=967 N_cf=4
Windowing:
  config: # windows=967, spacing=0.07807153614517606, CF order=4
  error tolerance: rtol=0.001, atol=1e-05
Testing N_win=967 N_cf=3
Windowing:
  config: # windows=967, spacing=0.07807153614517606, CF order=3
  error tolerance: rtol=0.001, atol=1e-05
Failed: Pure curvefit failed for the first window!
Testing N_win=1070 N_cf=10
Windowing:
  config: # windows=1070, spacing=0.07055623874054696, CF order=10
  error tolerance: rtol=0.001, atol=1e-05
Testing N_win=1070 N_cf=9
Windowing:
  config: # windows=1070, spacing=0.07055623874054696, CF order=9
  error tolerance: rtol=0.001, atol=1e-05
Testing N_win=1070 N_cf=8
Windowing:
  config: # windows=1070, spacing=0.07055623874054696, CF order=8
  error tolerance: rtol=0.001, atol=1e-05
Testing N_win=1070 N_cf=7
Windowing:
  config: # windows=1070, spacing=0.07055623874054696, CF order=7
  error tolerance: rtol=0.001, atol=1e-05
Testing N_win=1070 N_cf=6
Windowing:
  config: # windows=1070, spacing=0.07055623874054696, CF order=6
  error tolerance: rtol=0.001, atol=1e-05
Testing N_win=1070 N_cf=5
Windowing:
  config: # windows=1070, spacing=0.07055623874054696, CF order=5
  error tolerance: rtol=0.001, atol=1e-05
Testing N_win=1070 N_cf=4
Windowing:
  config: # windows=1070, spacing=0.07055623874054696, CF order=4
  error tolerance: rtol=0.001, atol=1e-05
Testing N_win=1070 N_cf=3
Windowing:
  config: # windows=1070, spacing=0.07055623874054696, CF order=3
  error tolerance: rtol=0.001, atol=1e-05
Failed: Pure curvefit failed for the first window!
Testing N_win=1173 N_cf=10
Windowing:
  config: # windows=1173, spacing=0.0643607633865177, CF order=10
  error tolerance: rtol=0.001, atol=1e-05
Testing N_win=1173 N_cf=9
Windowing:
  config: # windows=1173, spacing=0.0643607633865177, CF order=9
  error tolerance: rtol=0.001, atol=1e-05
Testing N_win=1173 N_cf=8
Windowing:
  config: # windows=1173, spacing=0.0643607633865177, CF order=8
  error tolerance: rtol=0.001, atol=1e-05
Testing N_win=1173 N_cf=7
Windowing:
  config: # windows=1173, spacing=0.0643607633865177, CF order=7
  error tolerance: rtol=0.001, atol=1e-05
Testing N_win=1173 N_cf=6
Windowing:
  config: # windows=1173, spacing=0.0643607633865177, CF order=6
  error tolerance: rtol=0.001, atol=1e-05
Testing N_win=1173 N_cf=5
Windowing:
  config: # windows=1173, spacing=0.0643607633865177, CF order=5
  error tolerance: rtol=0.001, atol=1e-05
Testing N_win=1173 N_cf=4
Windowing:
  config: # windows=1173, spacing=0.0643607633865177, CF order=4
  error tolerance: rtol=0.001, atol=1e-05
Testing N_win=1173 N_cf=3
Windowing:
  config: # windows=1173, spacing=0.0643607633865177, CF order=3
  error tolerance: rtol=0.001, atol=1e-05
Failed: Pure curvefit failed for the first window!
Testing N_win=1277 N_cf=10
Windowing:
  config: # windows=1277, spacing=0.0591191663683518, CF order=10
  error tolerance: rtol=0.001, atol=1e-05
Testing N_win=1277 N_cf=9
Windowing:
  config: # windows=1277, spacing=0.0591191663683518, CF order=9
  error tolerance: rtol=0.001, atol=1e-05
Testing N_win=1277 N_cf=8
Windowing:
  config: # windows=1277, spacing=0.0591191663683518, CF order=8
  error tolerance: rtol=0.001, atol=1e-05
Testing N_win=1277 N_cf=7
Windowing:
  config: # windows=1277, spacing=0.0591191663683518, CF order=7
  error tolerance: rtol=0.001, atol=1e-05
Testing N_win=1277 N_cf=6
Windowing:
  config: # windows=1277, spacing=0.0591191663683518, CF order=6
  error tolerance: rtol=0.001, atol=1e-05
Testing N_win=1277 N_cf=5
Windowing:
  config: # windows=1277, spacing=0.0591191663683518, CF order=5
  error tolerance: rtol=0.001, atol=1e-05
Testing N_win=1277 N_cf=4
Windowing:
  config: # windows=1277, spacing=0.0591191663683518, CF order=4
  error tolerance: rtol=0.001, atol=1e-05
Testing N_win=1277 N_cf=3
Windowing:
  config: # windows=1277, spacing=0.0591191663683518, CF order=3
  error tolerance: rtol=0.001, atol=1e-05
Failed: Pure curvefit failed for the first window!
Testing N_win=1380 N_cf=10
Windowing:
  config: # windows=1380, spacing=0.054706648878540036, CF order=10
  error tolerance: rtol=0.001, atol=1e-05
Testing N_win=1380 N_cf=9
Windowing:
  config: # windows=1380, spacing=0.054706648878540036, CF order=9
  error tolerance: rtol=0.001, atol=1e-05
Testing N_win=1380 N_cf=8
Windowing:
  config: # windows=1380, spacing=0.054706648878540036, CF order=8
  error tolerance: rtol=0.001, atol=1e-05
Testing N_win=1380 N_cf=7
Windowing:
  config: # windows=1380, spacing=0.054706648878540036, CF order=7
  error tolerance: rtol=0.001, atol=1e-05
Testing N_win=1380 N_cf=6
Windowing:
  config: # windows=1380, spacing=0.054706648878540036, CF order=6
  error tolerance: rtol=0.001, atol=1e-05
Testing N_win=1380 N_cf=5
Windowing:
  config: # windows=1380, spacing=0.054706648878540036, CF order=5
  error tolerance: rtol=0.001, atol=1e-05
Testing N_win=1380 N_cf=4
Windowing:
  config: # windows=1380, spacing=0.054706648878540036, CF order=4
  error tolerance: rtol=0.001, atol=1e-05
Testing N_win=1380 N_cf=3
Windowing:
  config: # windows=1380, spacing=0.054706648878540036, CF order=3
  error tolerance: rtol=0.001, atol=1e-05
Failed: Pure curvefit failed for the first window!
Testing N_win=1483 N_cf=10
Windowing:
  config: # windows=1483, spacing=0.05090706369007772, CF order=10
  error tolerance: rtol=0.001, atol=1e-05
Testing N_win=1483 N_cf=9
Windowing:
  config: # windows=1483, spacing=0.05090706369007772, CF order=9
  error tolerance: rtol=0.001, atol=1e-05
Testing N_win=1483 N_cf=8
Windowing:
  config: # windows=1483, spacing=0.05090706369007772, CF order=8
  error tolerance: rtol=0.001, atol=1e-05
Testing N_win=1483 N_cf=7
Windowing:
  config: # windows=1483, spacing=0.05090706369007772, CF order=7
  error tolerance: rtol=0.001, atol=1e-05
Testing N_win=1483 N_cf=6
Windowing:
  config: # windows=1483, spacing=0.05090706369007772, CF order=6
  error tolerance: rtol=0.001, atol=1e-05
Testing N_win=1483 N_cf=5
Windowing:
  config: # windows=1483, spacing=0.05090706369007772, CF order=5
  error tolerance: rtol=0.001, atol=1e-05
Testing N_win=1483 N_cf=4
Windowing:
  config: # windows=1483, spacing=0.05090706369007772, CF order=4
  error tolerance: rtol=0.001, atol=1e-05
Testing N_win=1483 N_cf=3
Windowing:
  config: # windows=1483, spacing=0.05090706369007772, CF order=3
  error tolerance: rtol=0.001, atol=1e-05
Failed: Pure curvefit failed for the first window!
Testing N_win=1586 N_cf=10
Windowing:
  config: # windows=1586, spacing=0.04760099334954934, CF order=10
  error tolerance: rtol=0.001, atol=1e-05
Testing N_win=1586 N_cf=9
Windowing:
  config: # windows=1586, spacing=0.04760099334954934, CF order=9
  error tolerance: rtol=0.001, atol=1e-05
Testing N_win=1586 N_cf=8
Windowing:
  config: # windows=1586, spacing=0.04760099334954934, CF order=8
  error tolerance: rtol=0.001, atol=1e-05
Testing N_win=1586 N_cf=7
Windowing:
  config: # windows=1586, spacing=0.04760099334954934, CF order=7
  error tolerance: rtol=0.001, atol=1e-05
Testing N_win=1586 N_cf=6
Windowing:
  config: # windows=1586, spacing=0.04760099334954934, CF order=6
  error tolerance: rtol=0.001, atol=1e-05
Testing N_win=1586 N_cf=5
Windowing:
  config: # windows=1586, spacing=0.04760099334954934, CF order=5
  error tolerance: rtol=0.001, atol=1e-05
Testing N_win=1586 N_cf=4
Windowing:
  config: # windows=1586, spacing=0.04760099334954934, CF order=4
  error tolerance: rtol=0.001, atol=1e-05
Testing N_win=1586 N_cf=3
Windowing:
  config: # windows=1586, spacing=0.04760099334954934, CF order=3
  error tolerance: rtol=0.001, atol=1e-05
Failed: Pure curvefit failed for the first window!
Testing N_win=1690 N_cf=10
Windowing:
  config: # windows=1690, spacing=0.044671701451115535, CF order=10
  error tolerance: rtol=0.001, atol=1e-05
Testing N_win=1690 N_cf=9
Windowing:
  config: # windows=1690, spacing=0.044671701451115535, CF order=9
  error tolerance: rtol=0.001, atol=1e-05
Testing N_win=1690 N_cf=8
Windowing:
  config: # windows=1690, spacing=0.044671701451115535, CF order=8
  error tolerance: rtol=0.001, atol=1e-05
Testing N_win=1690 N_cf=7
Windowing:
  config: # windows=1690, spacing=0.044671701451115535, CF order=7
  error tolerance: rtol=0.001, atol=1e-05
Testing N_win=1690 N_cf=6
Windowing:
  config: # windows=1690, spacing=0.044671701451115535, CF order=6
  error tolerance: rtol=0.001, atol=1e-05
Testing N_win=1690 N_cf=5
Windowing:
  config: # windows=1690, spacing=0.044671701451115535, CF order=5
  error tolerance: rtol=0.001, atol=1e-05
Testing N_win=1690 N_cf=4
Windowing:
  config: # windows=1690, spacing=0.044671701451115535, CF order=4
  error tolerance: rtol=0.001, atol=1e-05
Testing N_win=1690 N_cf=3
Windowing:
  config: # windows=1690, spacing=0.044671701451115535, CF order=3
  error tolerance: rtol=0.001, atol=1e-05
Failed: Pure curvefit failed for the first window!
Testing N_win=1793 N_cf=10
Windowing:
  config: # windows=1793, spacing=0.042105507781586865, CF order=10
  error tolerance: rtol=0.001, atol=1e-05
Testing N_win=1793 N_cf=9
Windowing:
  config: # windows=1793, spacing=0.042105507781586865, CF order=9
  error tolerance: rtol=0.001, atol=1e-05
Testing N_win=1793 N_cf=8
Windowing:
  config: # windows=1793, spacing=0.042105507781586865, CF order=8
  error tolerance: rtol=0.001, atol=1e-05
Testing N_win=1793 N_cf=7
Windowing:
  config: # windows=1793, spacing=0.042105507781586865, CF order=7
  error tolerance: rtol=0.001, atol=1e-05
Testing N_win=1793 N_cf=6
Windowing:
  config: # windows=1793, spacing=0.042105507781586865, CF order=6
  error tolerance: rtol=0.001, atol=1e-05
Testing N_win=1793 N_cf=5
Windowing:
  config: # windows=1793, spacing=0.042105507781586865, CF order=5
  error tolerance: rtol=0.001, atol=1e-05
Testing N_win=1793 N_cf=4
Windowing:
  config: # windows=1793, spacing=0.042105507781586865, CF order=4
  error tolerance: rtol=0.001, atol=1e-05
Testing N_win=1793 N_cf=3
Windowing:
  config: # windows=1793, spacing=0.042105507781586865, CF order=3
  error tolerance: rtol=0.001, atol=1e-05
Failed: Pure curvefit failed for the first window!
Testing N_win=1896 N_cf=10
Windowing:
  config: # windows=1896, spacing=0.03981813051286142, CF order=10
  error tolerance: rtol=0.001, atol=1e-05
Testing N_win=1896 N_cf=9
Windowing:
  config: # windows=1896, spacing=0.03981813051286142, CF order=9
  error tolerance: rtol=0.001, atol=1e-05
Testing N_win=1896 N_cf=8
Windowing:
  config: # windows=1896, spacing=0.03981813051286142, CF order=8
  error tolerance: rtol=0.001, atol=1e-05
Testing N_win=1896 N_cf=7
Windowing:
  config: # windows=1896, spacing=0.03981813051286142, CF order=7
  error tolerance: rtol=0.001, atol=1e-05
Testing N_win=1896 N_cf=6
Windowing:
  config: # windows=1896, spacing=0.03981813051286142, CF order=6
  error tolerance: rtol=0.001, atol=1e-05
Testing N_win=1896 N_cf=5
Windowing:
  config: # windows=1896, spacing=0.03981813051286142, CF order=5
  error tolerance: rtol=0.001, atol=1e-05
Testing N_win=1896 N_cf=4
Windowing:
  config: # windows=1896, spacing=0.03981813051286142, CF order=4
  error tolerance: rtol=0.001, atol=1e-05
Testing N_win=1896 N_cf=3
Windowing:
  config: # windows=1896, spacing=0.03981813051286142, CF order=3
  error tolerance: rtol=0.001, atol=1e-05
Failed: Pure curvefit failed for the first window!
Testing N_win=2000 N_cf=10
Windowing:
  config: # windows=2000, spacing=0.037747587726192626, CF order=10
  error tolerance: rtol=0.001, atol=1e-05
Testing N_win=2000 N_cf=9
Windowing:
  config: # windows=2000, spacing=0.037747587726192626, CF order=9
  error tolerance: rtol=0.001, atol=1e-05
Testing N_win=2000 N_cf=8
Windowing:
  config: # windows=2000, spacing=0.037747587726192626, CF order=8
  error tolerance: rtol=0.001, atol=1e-05
Testing N_win=2000 N_cf=7
Windowing:
  config: # windows=2000, spacing=0.037747587726192626, CF order=7
  error tolerance: rtol=0.001, atol=1e-05
Testing N_win=2000 N_cf=6
Windowing:
  config: # windows=2000, spacing=0.037747587726192626, CF order=6
  error tolerance: rtol=0.001, atol=1e-05
Testing N_win=2000 N_cf=5
Windowing:
  config: # windows=2000, spacing=0.037747587726192626, CF order=5
  error tolerance: rtol=0.001, atol=1e-05
Testing N_win=2000 N_cf=4
Windowing:
  config: # windows=2000, spacing=0.037747587726192626, CF order=4
  error tolerance: rtol=0.001, atol=1e-05
Testing N_win=2000 N_cf=3
Windowing:
  config: # windows=2000, spacing=0.037747587726192626, CF order=3
  error tolerance: rtol=0.001, atol=1e-05
Failed: Pure curvefit failed for the first window!
Final library: 557 poles, 760 windows, 4.9 poles per window, 4 CF order
