Running NJOY to get 0K point-wise data (error=0.0005)...
Parsing cross sections within resolved resonance range...
  MTs: [2, 27, 102, 18]
  Energy range: 1.000e-05 to 1.066e+02 eV (28480 points)
Vector fitting piece 1/14...
  energy: 1.000e-05 to 7.663e-01 eV (562 points)
  error tolerance: rtol=0.001, atol=1e-05
Found 0 peaks
Fitting orders from 2 to 200
Order=2(0/100)
Order=4(1/100)
Order=6(2/100)
Order=8(3/100)
Found ideal results. Stop!
Found 2 real poles and 3 conjugate complex pairs.
Final number of poles: 5
Saved figure: WMP_Lib/Pa233/0-1_MT2.png
Saved figure: WMP_Lib/Pa233/0-1_MT27.png
Saved figure: WMP_Lib/Pa233/0-1_MT102.png
Vector fitting piece 2/14...
  energy: 5.625e-02 to 2.604e+00 eV (1025 points)
  error tolerance: rtol=0.001, atol=1e-05
Found 4 peaks
Fitting orders from 8 to 200
Order=8(0/97)
Order=10(1/97)
Order=12(2/97)
Order=14(3/97)
Order=16(4/97)
Order=18(5/97)
Order=20(6/97)
Order=22(7/97)
Order=24(8/97)
Order=26(9/97)
Order=28(10/97)
Order=30(11/97)
Order=32(12/97)
Order=34(13/97)
Order=36(14/97)
Order=38(15/97)
Order=40(16/97)
Order=42(17/97)
Order=44(18/97)
Order=46(19/97)
Order=48(20/97)
Order=50(21/97)
Order=52(22/97)
Order=54(23/97)
Order=56(24/97)
Order=58(25/97)
Order=60(26/97)
Found 4 real poles and 5 conjugate complex pairs.
Final number of poles: 9
Saved figure: WMP_Lib/Pa233/0-3_MT2.png
Saved figure: WMP_Lib/Pa233/0-3_MT27.png
Saved figure: WMP_Lib/Pa233/0-3_MT102.png
Vector fitting piece 3/14...
  energy: 9.452e-01 to 5.525e+00 eV (1980 points)
  error tolerance: rtol=0.001, atol=1e-05
Found 7 peaks
Fitting orders from 14 to 200
Order=14(0/94)
Order=16(1/94)
Order=18(2/94)
Order=20(3/94)
Order=22(4/94)
Order=24(5/94)
Order=26(6/94)
Order=28(7/94)
Order=30(8/94)
Order=32(9/94)
Order=34(10/94)
Order=36(11/94)
Order=38(12/94)
Order=40(13/94)
Order=42(14/94)
Order=44(15/94)
Order=46(16/94)
Order=48(17/94)
Order=50(18/94)
Order=52(19/94)
Order=54(20/94)
Order=56(21/94)
Order=58(22/94)
Order=60(23/94)
Found 2 real poles and 8 conjugate complex pairs.
Final number of poles: 10
Saved figure: WMP_Lib/Pa233/1-6_MT2.png
Saved figure: WMP_Lib/Pa233/1-6_MT27.png
Saved figure: WMP_Lib/Pa233/1-6_MT102.png
Vector fitting piece 4/14...
  energy: 2.931e+00 to 9.526e+00 eV (1989 points)
  error tolerance: rtol=0.001, atol=1e-05
Found 7 peaks
Fitting orders from 14 to 200
Order=14(0/94)
Order=16(1/94)
Order=18(2/94)
Order=20(3/94)
Found ideal results. Stop!
Found 2 real poles and 9 conjugate complex pairs.
Final number of poles: 11
Saved figure: WMP_Lib/Pa233/3-10_MT2.png
Saved figure: WMP_Lib/Pa233/3-10_MT27.png
Saved figure: WMP_Lib/Pa233/3-10_MT102.png
Vector fitting piece 5/14...
  energy: 5.998e+00 to 1.462e+01 eV (2498 points)
  error tolerance: rtol=0.001, atol=1e-05
Found 10 peaks
Fitting orders from 20 to 200
Order=20(0/91)
Order=22(1/91)
Order=24(2/91)
Order=26(3/91)
Order=28(4/91)
Found ideal results. Stop!
Found 2 real poles and 13 conjugate complex pairs.
Final number of poles: 15
Saved figure: WMP_Lib/Pa233/6-15_MT2.png
Saved figure: WMP_Lib/Pa233/6-15_MT27.png
Saved figure: WMP_Lib/Pa233/6-15_MT102.png
Vector fitting piece 6/14...
  energy: 1.015e+01 to 2.080e+01 eV (3288 points)
  error tolerance: rtol=0.001, atol=1e-05
Found 14 peaks
Fitting orders from 28 to 200
Order=28(0/87)
Order=30(1/87)
Order=32(2/87)
Order=34(3/87)
Order=36(4/87)
Found ideal results. Stop!
Found 4 real poles and 16 conjugate complex pairs.
Final number of poles: 20
Saved figure: WMP_Lib/Pa233/10-21_MT2.png
Saved figure: WMP_Lib/Pa233/10-21_MT27.png
Saved figure: WMP_Lib/Pa233/10-21_MT102.png
Vector fitting piece 7/14...
  energy: 1.540e+01 to 2.807e+01 eV (3839 points)
  error tolerance: rtol=0.001, atol=1e-05
Found 16 peaks
Fitting orders from 32 to 200
Order=32(0/85)
Order=34(1/85)
Order=36(2/85)
Order=38(3/85)
Order=40(4/85)
Order=42(5/85)
Order=44(6/85)
Order=46(7/85)
Order=48(8/85)
Order=50(9/85)
Order=52(10/85)
Order=54(11/85)
Order=56(12/85)
Order=58(13/85)
Order=60(14/85)
Found 2 real poles and 18 conjugate complex pairs.
Final number of poles: 20
Saved figure: WMP_Lib/Pa233/15-28_MT2.png
Saved figure: WMP_Lib/Pa233/15-28_MT27.png
Saved figure: WMP_Lib/Pa233/15-28_MT102.png
Vector fitting piece 8/14...
  energy: 2.173e+01 to 3.643e+01 eV (4341 points)
  error tolerance: rtol=0.001, atol=1e-05
Found 17 peaks
Fitting orders from 34 to 200
Order=34(0/84)
Order=36(1/84)
Order=38(2/84)
Order=40(3/84)
Found ideal results. Stop!
Found 2 real poles and 19 conjugate complex pairs.
Final number of poles: 21
Saved figure: WMP_Lib/Pa233/22-36_MT2.png
Saved figure: WMP_Lib/Pa233/22-36_MT27.png
Saved figure: WMP_Lib/Pa233/22-36_MT102.png
Vector fitting piece 9/14...
  energy: 2.914e+01 to 4.587e+01 eV (4171 points)
  error tolerance: rtol=0.001, atol=1e-05
Found 14 peaks
Fitting orders from 28 to 200
Order=28(0/87)
Order=30(1/87)
Order=32(2/87)
Order=34(3/87)
Order=36(4/87)
Order=38(5/87)
Order=40(6/87)
Order=42(7/87)
Order=44(8/87)
Order=46(9/87)
Order=48(10/87)
Order=50(11/87)
Order=52(12/87)
Order=54(13/87)
Order=56(14/87)
Order=58(15/87)
Order=60(16/87)
Found 2 real poles and 16 conjugate complex pairs.
Final number of poles: 18
Saved figure: WMP_Lib/Pa233/29-46_MT2.png
Saved figure: WMP_Lib/Pa233/29-46_MT27.png
Saved figure: WMP_Lib/Pa233/29-46_MT102.png
Vector fitting piece 10/14...
  energy: 3.764e+01 to 5.639e+01 eV (4457 points)
  error tolerance: rtol=0.001, atol=1e-05
Found 13 peaks
Fitting orders from 26 to 200
Order=26(0/88)
Order=28(1/88)
Order=30(2/88)
Order=32(3/88)
Order=34(4/88)
Found ideal results. Stop!
Found 2 real poles and 16 conjugate complex pairs.
Final number of poles: 18
Saved figure: WMP_Lib/Pa233/38-56_MT2.png
Saved figure: WMP_Lib/Pa233/38-56_MT27.png
Saved figure: WMP_Lib/Pa233/38-56_MT102.png
Vector fitting piece 11/14...
  energy: 4.723e+01 to 6.803e+01 eV (5347 points)
  error tolerance: rtol=0.001, atol=1e-05
Found 16 peaks
Fitting orders from 32 to 200
Order=32(0/85)
Order=34(1/85)
Order=36(2/85)
Order=38(3/85)
Found ideal results. Stop!
Found 4 real poles and 17 conjugate complex pairs.
Final number of poles: 21
Saved figure: WMP_Lib/Pa233/47-68_MT2.png
Saved figure: WMP_Lib/Pa233/47-68_MT27.png
Saved figure: WMP_Lib/Pa233/47-68_MT102.png
Vector fitting piece 12/14...
  energy: 5.792e+01 to 8.072e+01 eV (6010 points)
  error tolerance: rtol=0.001, atol=1e-05
Found 17 peaks
Fitting orders from 34 to 200
Order=34(0/84)
Order=36(1/84)
Order=38(2/84)
Order=40(3/84)
Found ideal results. Stop!
Found 4 real poles and 18 conjugate complex pairs.
Final number of poles: 22
Saved figure: WMP_Lib/Pa233/58-81_MT2.png
Saved figure: WMP_Lib/Pa233/58-81_MT27.png
Saved figure: WMP_Lib/Pa233/58-81_MT102.png
Vector fitting piece 13/14...
  energy: 6.968e+01 to 9.451e+01 eV (5804 points)
  error tolerance: rtol=0.001, atol=1e-05
Found 15 peaks
Fitting orders from 30 to 200
Order=30(0/86)
Order=32(1/86)
Order=34(2/86)
Order=36(3/86)
Order=38(4/86)
Order=40(5/86)
Order=42(6/86)
Order=44(7/86)
Order=46(8/86)
Order=48(9/86)
Order=50(10/86)
Order=52(11/86)
Order=54(12/86)
Order=56(13/86)
Order=58(14/86)
Order=60(15/86)
Found 4 real poles and 16 conjugate complex pairs.
Final number of poles: 20
Saved figure: WMP_Lib/Pa233/70-95_MT2.png
Saved figure: WMP_Lib/Pa233/70-95_MT27.png
Saved figure: WMP_Lib/Pa233/70-95_MT102.png
Vector fitting piece 14/14...
  energy: 8.253e+01 to 1.066e+02 eV (5200 points)
  error tolerance: rtol=0.001, atol=1e-05
Found 13 peaks
Fitting orders from 26 to 200
Order=26(0/88)
Order=28(1/88)
Order=30(2/88)
Order=32(3/88)
Order=34(4/88)
Order=36(5/88)
Order=38(6/88)
Order=40(7/88)
Order=42(8/88)
Order=44(9/88)
Order=46(10/88)
Order=48(11/88)
Order=50(12/88)
Order=52(13/88)
Order=54(14/88)
Order=56(15/88)
Order=58(16/88)
Order=60(17/88)
Found 4 real poles and 13 conjugate complex pairs.
Final number of poles: 17
Saved figure: WMP_Lib/Pa233/83-107_MT2.png
Saved figure: WMP_Lib/Pa233/83-107_MT27.png
Saved figure: WMP_Lib/Pa233/83-107_MT102.png
Dumped multipole data to file: WMP_Lib/Pa233/Pa233_mp.pickle
Start searching ...
Testing N_win=11 N_cf=10
Failed: Window spacing cannot be larger than piece spacing.
Testing N_win=115 N_cf=10
Windowing:
  config: # windows=115, spacing=0.08975269981659273, CF order=10
  error tolerance: rtol=0.001, atol=1e-05
Best library so far.
Testing N_win=115 N_cf=9
Windowing:
  config: # windows=115, spacing=0.08975269981659273, CF order=9
  error tolerance: rtol=0.001, atol=1e-05
Best library so far.
Testing N_win=115 N_cf=8
Windowing:
  config: # windows=115, spacing=0.08975269981659273, CF order=8
  error tolerance: rtol=0.001, atol=1e-05
Best library so far.
Testing N_win=115 N_cf=7
Windowing:
  config: # windows=115, spacing=0.08975269981659273, CF order=7
  error tolerance: rtol=0.001, atol=1e-05
Best library so far.
Testing N_win=115 N_cf=6
Windowing:
  config: # windows=115, spacing=0.08975269981659273, CF order=6
  error tolerance: rtol=0.001, atol=1e-05
Best library so far.
Testing N_win=115 N_cf=5
Windowing:
  config: # windows=115, spacing=0.08975269981659273, CF order=5
  error tolerance: rtol=0.001, atol=1e-05
Testing N_win=115 N_cf=4
Windowing:
  config: # windows=115, spacing=0.08975269981659273, CF order=4
  error tolerance: rtol=0.001, atol=1e-05
Testing N_win=115 N_cf=3
Windowing:
  config: # windows=115, spacing=0.08975269981659273, CF order=3
  error tolerance: rtol=0.001, atol=1e-05
Failed: Pure curvefit failed for the first window!
Testing N_win=220 N_cf=10
Windowing:
  config: # windows=220, spacing=0.04691618399503711, CF order=10
  error tolerance: rtol=0.001, atol=1e-05
Best library so far.
Testing N_win=220 N_cf=9
Windowing:
  config: # windows=220, spacing=0.04691618399503711, CF order=9
  error tolerance: rtol=0.001, atol=1e-05
Best library so far.
Testing N_win=220 N_cf=8
Windowing:
  config: # windows=220, spacing=0.04691618399503711, CF order=8
  error tolerance: rtol=0.001, atol=1e-05
Best library so far.
Testing N_win=220 N_cf=7
Windowing:
  config: # windows=220, spacing=0.04691618399503711, CF order=7
  error tolerance: rtol=0.001, atol=1e-05
Best library so far.
Testing N_win=220 N_cf=6
Windowing:
  config: # windows=220, spacing=0.04691618399503711, CF order=6
  error tolerance: rtol=0.001, atol=1e-05
Best library so far.
Testing N_win=220 N_cf=5
Windowing:
  config: # windows=220, spacing=0.04691618399503711, CF order=5
  error tolerance: rtol=0.001, atol=1e-05
Testing N_win=220 N_cf=4
Windowing:
  config: # windows=220, spacing=0.04691618399503711, CF order=4
  error tolerance: rtol=0.001, atol=1e-05
Testing N_win=220 N_cf=3
Windowing:
  config: # windows=220, spacing=0.04691618399503711, CF order=3
  error tolerance: rtol=0.001, atol=1e-05
Failed: Pure curvefit failed for the first window!
Testing N_win=325 N_cf=10
Windowing:
  config: # windows=325, spacing=0.031758647627409736, CF order=10
  error tolerance: rtol=0.001, atol=1e-05
Testing N_win=325 N_cf=9
Windowing:
  config: # windows=325, spacing=0.031758647627409736, CF order=9
  error tolerance: rtol=0.001, atol=1e-05
Testing N_win=325 N_cf=8
Windowing:
  config: # windows=325, spacing=0.031758647627409736, CF order=8
  error tolerance: rtol=0.001, atol=1e-05
Testing N_win=325 N_cf=7
Windowing:
  config: # windows=325, spacing=0.031758647627409736, CF order=7
  error tolerance: rtol=0.001, atol=1e-05
Testing N_win=325 N_cf=6
Windowing:
  config: # windows=325, spacing=0.031758647627409736, CF order=6
  error tolerance: rtol=0.001, atol=1e-05
Best library so far.
Testing N_win=325 N_cf=5
Windowing:
  config: # windows=325, spacing=0.031758647627409736, CF order=5
  error tolerance: rtol=0.001, atol=1e-05
Best library so far.
Testing N_win=325 N_cf=4
Windowing:
  config: # windows=325, spacing=0.031758647627409736, CF order=4
  error tolerance: rtol=0.001, atol=1e-05
Testing N_win=325 N_cf=3
Windowing:
  config: # windows=325, spacing=0.031758647627409736, CF order=3
  error tolerance: rtol=0.001, atol=1e-05
Failed: Pure curvefit failed for the first window!
Testing N_win=429 N_cf=10
Windowing:
  config: # windows=429, spacing=0.024059581535916467, CF order=10
  error tolerance: rtol=0.001, atol=1e-05
Testing N_win=429 N_cf=9
Windowing:
  config: # windows=429, spacing=0.024059581535916467, CF order=9
  error tolerance: rtol=0.001, atol=1e-05
Testing N_win=429 N_cf=8
Windowing:
  config: # windows=429, spacing=0.024059581535916467, CF order=8
  error tolerance: rtol=0.001, atol=1e-05
Testing N_win=429 N_cf=7
Windowing:
  config: # windows=429, spacing=0.024059581535916467, CF order=7
  error tolerance: rtol=0.001, atol=1e-05
Testing N_win=429 N_cf=6
Windowing:
  config: # windows=429, spacing=0.024059581535916467, CF order=6
  error tolerance: rtol=0.001, atol=1e-05
Testing N_win=429 N_cf=5
Windowing:
  config: # windows=429, spacing=0.024059581535916467, CF order=5
  error tolerance: rtol=0.001, atol=1e-05
Testing N_win=429 N_cf=4
Windowing:
  config: # windows=429, spacing=0.024059581535916467, CF order=4
  error tolerance: rtol=0.001, atol=1e-05
Testing N_win=429 N_cf=3
Windowing:
  config: # windows=429, spacing=0.024059581535916467, CF order=3
  error tolerance: rtol=0.001, atol=1e-05
Failed: Pure curvefit failed for the first window!
Testing N_win=534 N_cf=10
Windowing:
  config: # windows=534, spacing=0.01932876494177559, CF order=10
  error tolerance: rtol=0.001, atol=1e-05
Testing N_win=534 N_cf=9
Windowing:
  config: # windows=534, spacing=0.01932876494177559, CF order=9
  error tolerance: rtol=0.001, atol=1e-05
Testing N_win=534 N_cf=8
Windowing:
  config: # windows=534, spacing=0.01932876494177559, CF order=8
  error tolerance: rtol=0.001, atol=1e-05
Testing N_win=534 N_cf=7
Windowing:
  config: # windows=534, spacing=0.01932876494177559, CF order=7
  error tolerance: rtol=0.001, atol=1e-05
Testing N_win=534 N_cf=6
Windowing:
  config: # windows=534, spacing=0.01932876494177559, CF order=6
  error tolerance: rtol=0.001, atol=1e-05
Testing N_win=534 N_cf=5
Windowing:
  config: # windows=534, spacing=0.01932876494177559, CF order=5
  error tolerance: rtol=0.001, atol=1e-05
Testing N_win=534 N_cf=4
Windowing:
  config: # windows=534, spacing=0.01932876494177559, CF order=4
  error tolerance: rtol=0.001, atol=1e-05
Testing N_win=534 N_cf=3
Windowing:
  config: # windows=534, spacing=0.01932876494177559, CF order=3
  error tolerance: rtol=0.001, atol=1e-05
Failed: Pure curvefit failed for the first window!
Testing N_win=639 N_cf=10
Windowing:
  config: # windows=639, spacing=0.016152676805803075, CF order=10
  error tolerance: rtol=0.001, atol=1e-05
Testing N_win=639 N_cf=9
Windowing:
  config: # windows=639, spacing=0.016152676805803075, CF order=9
  error tolerance: rtol=0.001, atol=1e-05
Testing N_win=639 N_cf=8
Windowing:
  config: # windows=639, spacing=0.016152676805803075, CF order=8
  error tolerance: rtol=0.001, atol=1e-05
Testing N_win=639 N_cf=7
Windowing:
  config: # windows=639, spacing=0.016152676805803075, CF order=7
  error tolerance: rtol=0.001, atol=1e-05
Testing N_win=639 N_cf=6
Windowing:
  config: # windows=639, spacing=0.016152676805803075, CF order=6
  error tolerance: rtol=0.001, atol=1e-05
Testing N_win=639 N_cf=5
Windowing:
  config: # windows=639, spacing=0.016152676805803075, CF order=5
  error tolerance: rtol=0.001, atol=1e-05
Testing N_win=639 N_cf=4
Windowing:
  config: # windows=639, spacing=0.016152676805803075, CF order=4
  error tolerance: rtol=0.001, atol=1e-05
Testing N_win=639 N_cf=3
Windowing:
  config: # windows=639, spacing=0.016152676805803075, CF order=3
  error tolerance: rtol=0.001, atol=1e-05
Failed: Pure curvefit failed for the first window!
Testing N_win=743 N_cf=10
Windowing:
  config: # windows=743, spacing=0.013891736849136157, CF order=10
  error tolerance: rtol=0.001, atol=1e-05
Testing N_win=743 N_cf=9
Windowing:
  config: # windows=743, spacing=0.013891736849136157, CF order=9
  error tolerance: rtol=0.001, atol=1e-05
Testing N_win=743 N_cf=8
Windowing:
  config: # windows=743, spacing=0.013891736849136157, CF order=8
  error tolerance: rtol=0.001, atol=1e-05
Testing N_win=743 N_cf=7
Windowing:
  config: # windows=743, spacing=0.013891736849136157, CF order=7
  error tolerance: rtol=0.001, atol=1e-05
Testing N_win=743 N_cf=6
Windowing:
  config: # windows=743, spacing=0.013891736849136157, CF order=6
  error tolerance: rtol=0.001, atol=1e-05
Testing N_win=743 N_cf=5
Windowing:
  config: # windows=743, spacing=0.013891736849136157, CF order=5
  error tolerance: rtol=0.001, atol=1e-05
Testing N_win=743 N_cf=4
Windowing:
  config: # windows=743, spacing=0.013891736849136157, CF order=4
  error tolerance: rtol=0.001, atol=1e-05
Testing N_win=743 N_cf=3
Windowing:
  config: # windows=743, spacing=0.013891736849136157, CF order=3
  error tolerance: rtol=0.001, atol=1e-05
Failed: Pure curvefit failed for the first window!
Testing N_win=848 N_cf=10
Windowing:
  config: # windows=848, spacing=0.012171651508146421, CF order=10
  error tolerance: rtol=0.001, atol=1e-05
Testing N_win=848 N_cf=9
Windowing:
  config: # windows=848, spacing=0.012171651508146421, CF order=9
  error tolerance: rtol=0.001, atol=1e-05
Testing N_win=848 N_cf=8
Windowing:
  config: # windows=848, spacing=0.012171651508146421, CF order=8
  error tolerance: rtol=0.001, atol=1e-05
Testing N_win=848 N_cf=7
Windowing:
  config: # windows=848, spacing=0.012171651508146421, CF order=7
  error tolerance: rtol=0.001, atol=1e-05
Testing N_win=848 N_cf=6
Windowing:
  config: # windows=848, spacing=0.012171651508146421, CF order=6
  error tolerance: rtol=0.001, atol=1e-05
Testing N_win=848 N_cf=5
Windowing:
  config: # windows=848, spacing=0.012171651508146421, CF order=5
  error tolerance: rtol=0.001, atol=1e-05
Testing N_win=848 N_cf=4
Windowing:
  config: # windows=848, spacing=0.012171651508146421, CF order=4
  error tolerance: rtol=0.001, atol=1e-05
Testing N_win=848 N_cf=3
Windowing:
  config: # windows=848, spacing=0.012171651508146421, CF order=3
  error tolerance: rtol=0.001, atol=1e-05
Failed: Pure curvefit failed for the first window!
Testing N_win=953 N_cf=10
Windowing:
  config: # windows=953, spacing=0.010830598613754632, CF order=10
  error tolerance: rtol=0.001, atol=1e-05
Testing N_win=953 N_cf=9
Windowing:
  config: # windows=953, spacing=0.010830598613754632, CF order=9
  error tolerance: rtol=0.001, atol=1e-05
Testing N_win=953 N_cf=8
Windowing:
  config: # windows=953, spacing=0.010830598613754632, CF order=8
  error tolerance: rtol=0.001, atol=1e-05
Testing N_win=953 N_cf=7
Windowing:
  config: # windows=953, spacing=0.010830598613754632, CF order=7
  error tolerance: rtol=0.001, atol=1e-05
Testing N_win=953 N_cf=6
Windowing:
  config: # windows=953, spacing=0.010830598613754632, CF order=6
  error tolerance: rtol=0.001, atol=1e-05
Testing N_win=953 N_cf=5
Windowing:
  config: # windows=953, spacing=0.010830598613754632, CF order=5
  error tolerance: rtol=0.001, atol=1e-05
Testing N_win=953 N_cf=4
Windowing:
  config: # windows=953, spacing=0.010830598613754632, CF order=4
  error tolerance: rtol=0.001, atol=1e-05
Testing N_win=953 N_cf=3
Windowing:
  config: # windows=953, spacing=0.010830598613754632, CF order=3
  error tolerance: rtol=0.001, atol=1e-05
Failed: Pure curvefit failed for the first window!
Testing N_win=1057 N_cf=10
Windowing:
  config: # windows=1057, spacing=0.009764957879761746, CF order=10
  error tolerance: rtol=0.001, atol=1e-05
Testing N_win=1057 N_cf=9
Windowing:
  config: # windows=1057, spacing=0.009764957879761746, CF order=9
  error tolerance: rtol=0.001, atol=1e-05
Testing N_win=1057 N_cf=8
Windowing:
  config: # windows=1057, spacing=0.009764957879761746, CF order=8
  error tolerance: rtol=0.001, atol=1e-05
Testing N_win=1057 N_cf=7
Windowing:
  config: # windows=1057, spacing=0.009764957879761746, CF order=7
  error tolerance: rtol=0.001, atol=1e-05
Testing N_win=1057 N_cf=6
Windowing:
  config: # windows=1057, spacing=0.009764957879761746, CF order=6
  error tolerance: rtol=0.001, atol=1e-05
Testing N_win=1057 N_cf=5
Windowing:
  config: # windows=1057, spacing=0.009764957879761746, CF order=5
  error tolerance: rtol=0.001, atol=1e-05
Testing N_win=1057 N_cf=4
Windowing:
  config: # windows=1057, spacing=0.009764957879761746, CF order=4
  error tolerance: rtol=0.001, atol=1e-05
Testing N_win=1057 N_cf=3
Windowing:
  config: # windows=1057, spacing=0.009764957879761746, CF order=3
  error tolerance: rtol=0.001, atol=1e-05
Failed: Pure curvefit failed for the first window!
Testing N_win=1162 N_cf=10
Windowing:
  config: # windows=1162, spacing=0.008882582167735081, CF order=10
  error tolerance: rtol=0.001, atol=1e-05
Testing N_win=1162 N_cf=9
Windowing:
  config: # windows=1162, spacing=0.008882582167735081, CF order=9
  error tolerance: rtol=0.001, atol=1e-05
Testing N_win=1162 N_cf=8
Windowing:
  config: # windows=1162, spacing=0.008882582167735081, CF order=8
  error tolerance: rtol=0.001, atol=1e-05
Testing N_win=1162 N_cf=7
Windowing:
  config: # windows=1162, spacing=0.008882582167735081, CF order=7
  error tolerance: rtol=0.001, atol=1e-05
Testing N_win=1162 N_cf=6
Windowing:
  config: # windows=1162, spacing=0.008882582167735081, CF order=6
  error tolerance: rtol=0.001, atol=1e-05
Testing N_win=1162 N_cf=5
Windowing:
  config: # windows=1162, spacing=0.008882582167735081, CF order=5
  error tolerance: rtol=0.001, atol=1e-05
Testing N_win=1162 N_cf=4
Windowing:
  config: # windows=1162, spacing=0.008882582167735081, CF order=4
  error tolerance: rtol=0.001, atol=1e-05
Testing N_win=1162 N_cf=3
Windowing:
  config: # windows=1162, spacing=0.008882582167735081, CF order=3
  error tolerance: rtol=0.001, atol=1e-05
Failed: Pure curvefit failed for the first window!
Testing N_win=1267 N_cf=10
Windowing:
  config: # windows=1267, spacing=0.008146456573723886, CF order=10
  error tolerance: rtol=0.001, atol=1e-05
Testing N_win=1267 N_cf=9
Windowing:
  config: # windows=1267, spacing=0.008146456573723886, CF order=9
  error tolerance: rtol=0.001, atol=1e-05
Testing N_win=1267 N_cf=8
Windowing:
  config: # windows=1267, spacing=0.008146456573723886, CF order=8
  error tolerance: rtol=0.001, atol=1e-05
Testing N_win=1267 N_cf=7
Windowing:
  config: # windows=1267, spacing=0.008146456573723886, CF order=7
  error tolerance: rtol=0.001, atol=1e-05
Testing N_win=1267 N_cf=6
Windowing:
  config: # windows=1267, spacing=0.008146456573723886, CF order=6
  error tolerance: rtol=0.001, atol=1e-05
Testing N_win=1267 N_cf=5
Windowing:
  config: # windows=1267, spacing=0.008146456573723886, CF order=5
  error tolerance: rtol=0.001, atol=1e-05
Testing N_win=1267 N_cf=4
Windowing:
  config: # windows=1267, spacing=0.008146456573723886, CF order=4
  error tolerance: rtol=0.001, atol=1e-05
Testing N_win=1267 N_cf=3
Windowing:
  config: # windows=1267, spacing=0.008146456573723886, CF order=3
  error tolerance: rtol=0.001, atol=1e-05
Failed: Pure curvefit failed for the first window!
Testing N_win=1371 N_cf=10
Windowing:
  config: # windows=1371, spacing=0.007528490502485897, CF order=10
  error tolerance: rtol=0.001, atol=1e-05
Testing N_win=1371 N_cf=9
Windowing:
  config: # windows=1371, spacing=0.007528490502485897, CF order=9
  error tolerance: rtol=0.001, atol=1e-05
Testing N_win=1371 N_cf=8
Windowing:
  config: # windows=1371, spacing=0.007528490502485897, CF order=8
  error tolerance: rtol=0.001, atol=1e-05
Testing N_win=1371 N_cf=7
Windowing:
  config: # windows=1371, spacing=0.007528490502485897, CF order=7
  error tolerance: rtol=0.001, atol=1e-05
Testing N_win=1371 N_cf=6
Windowing:
  config: # windows=1371, spacing=0.007528490502485897, CF order=6
  error tolerance: rtol=0.001, atol=1e-05
Testing N_win=1371 N_cf=5
Windowing:
  config: # windows=1371, spacing=0.007528490502485897, CF order=5
  error tolerance: rtol=0.001, atol=1e-05
Testing N_win=1371 N_cf=4
Windowing:
  config: # windows=1371, spacing=0.007528490502485897, CF order=4
  error tolerance: rtol=0.001, atol=1e-05
Testing N_win=1371 N_cf=3
Windowing:
  config: # windows=1371, spacing=0.007528490502485897, CF order=3
  error tolerance: rtol=0.001, atol=1e-05
Failed: Pure curvefit failed for the first window!
Testing N_win=1476 N_cf=10
Windowing:
  config: # windows=1476, spacing=0.006992927153731818, CF order=10
  error tolerance: rtol=0.001, atol=1e-05
Testing N_win=1476 N_cf=9
Windowing:
  config: # windows=1476, spacing=0.006992927153731818, CF order=9
  error tolerance: rtol=0.001, atol=1e-05
Testing N_win=1476 N_cf=8
Windowing:
  config: # windows=1476, spacing=0.006992927153731818, CF order=8
  error tolerance: rtol=0.001, atol=1e-05
Testing N_win=1476 N_cf=7
Windowing:
  config: # windows=1476, spacing=0.006992927153731818, CF order=7
  error tolerance: rtol=0.001, atol=1e-05
Testing N_win=1476 N_cf=6
Windowing:
  config: # windows=1476, spacing=0.006992927153731818, CF order=6
  error tolerance: rtol=0.001, atol=1e-05
Testing N_win=1476 N_cf=5
Windowing:
  config: # windows=1476, spacing=0.006992927153731818, CF order=5
  error tolerance: rtol=0.001, atol=1e-05
Testing N_win=1476 N_cf=4
Windowing:
  config: # windows=1476, spacing=0.006992927153731818, CF order=4
  error tolerance: rtol=0.001, atol=1e-05
Testing N_win=1476 N_cf=3
Windowing:
  config: # windows=1476, spacing=0.006992927153731818, CF order=3
  error tolerance: rtol=0.001, atol=1e-05
Failed: Pure curvefit failed for the first window!
Testing N_win=1581 N_cf=10
Windowing:
  config: # windows=1581, spacing=0.006528501251681318, CF order=10
  error tolerance: rtol=0.001, atol=1e-05
Testing N_win=1581 N_cf=9
Windowing:
  config: # windows=1581, spacing=0.006528501251681318, CF order=9
  error tolerance: rtol=0.001, atol=1e-05
Testing N_win=1581 N_cf=8
Windowing:
  config: # windows=1581, spacing=0.006528501251681318, CF order=8
  error tolerance: rtol=0.001, atol=1e-05
Testing N_win=1581 N_cf=7
Windowing:
  config: # windows=1581, spacing=0.006528501251681318, CF order=7
  error tolerance: rtol=0.001, atol=1e-05
Testing N_win=1581 N_cf=6
Windowing:
  config: # windows=1581, spacing=0.006528501251681318, CF order=6
  error tolerance: rtol=0.001, atol=1e-05
Testing N_win=1581 N_cf=5
Windowing:
  config: # windows=1581, spacing=0.006528501251681318, CF order=5
  error tolerance: rtol=0.001, atol=1e-05
Testing N_win=1581 N_cf=4
Windowing:
  config: # windows=1581, spacing=0.006528501251681318, CF order=4
  error tolerance: rtol=0.001, atol=1e-05
Testing N_win=1581 N_cf=3
Windowing:
  config: # windows=1581, spacing=0.006528501251681318, CF order=3
  error tolerance: rtol=0.001, atol=1e-05
Failed: Pure curvefit failed for the first window!
Testing N_win=1685 N_cf=10
Windowing:
  config: # windows=1685, spacing=0.006125555180360929, CF order=10
  error tolerance: rtol=0.001, atol=1e-05
Testing N_win=1685 N_cf=9
Windowing:
  config: # windows=1685, spacing=0.006125555180360929, CF order=9
  error tolerance: rtol=0.001, atol=1e-05
Testing N_win=1685 N_cf=8
Windowing:
  config: # windows=1685, spacing=0.006125555180360929, CF order=8
  error tolerance: rtol=0.001, atol=1e-05
Testing N_win=1685 N_cf=7
Windowing:
  config: # windows=1685, spacing=0.006125555180360929, CF order=7
  error tolerance: rtol=0.001, atol=1e-05
Testing N_win=1685 N_cf=6
Windowing:
  config: # windows=1685, spacing=0.006125555180360929, CF order=6
  error tolerance: rtol=0.001, atol=1e-05
Testing N_win=1685 N_cf=5
Windowing:
  config: # windows=1685, spacing=0.006125555180360929, CF order=5
  error tolerance: rtol=0.001, atol=1e-05
Testing N_win=1685 N_cf=4
Windowing:
  config: # windows=1685, spacing=0.006125555180360929, CF order=4
  error tolerance: rtol=0.001, atol=1e-05
Testing N_win=1685 N_cf=3
Windowing:
  config: # windows=1685, spacing=0.006125555180360929, CF order=3
  error tolerance: rtol=0.001, atol=1e-05
Failed: Pure curvefit failed for the first window!
Testing N_win=1790 N_cf=10
Windowing:
  config: # windows=1790, spacing=0.005766234904417969, CF order=10
  error tolerance: rtol=0.001, atol=1e-05
Testing N_win=1790 N_cf=9
Windowing:
  config: # windows=1790, spacing=0.005766234904417969, CF order=9
  error tolerance: rtol=0.001, atol=1e-05
Testing N_win=1790 N_cf=8
Windowing:
  config: # windows=1790, spacing=0.005766234904417969, CF order=8
  error tolerance: rtol=0.001, atol=1e-05
Testing N_win=1790 N_cf=7
Windowing:
  config: # windows=1790, spacing=0.005766234904417969, CF order=7
  error tolerance: rtol=0.001, atol=1e-05
Testing N_win=1790 N_cf=6
Windowing:
  config: # windows=1790, spacing=0.005766234904417969, CF order=6
  error tolerance: rtol=0.001, atol=1e-05
Testing N_win=1790 N_cf=5
Windowing:
  config: # windows=1790, spacing=0.005766234904417969, CF order=5
  error tolerance: rtol=0.001, atol=1e-05
Testing N_win=1790 N_cf=4
Windowing:
  config: # windows=1790, spacing=0.005766234904417969, CF order=4
  error tolerance: rtol=0.001, atol=1e-05
Testing N_win=1790 N_cf=3
Windowing:
  config: # windows=1790, spacing=0.005766234904417969, CF order=3
  error tolerance: rtol=0.001, atol=1e-05
Failed: Pure curvefit failed for the first window!
Testing N_win=1895 N_cf=10
Windowing:
  config: # windows=1895, spacing=0.005446733761956815, CF order=10
  error tolerance: rtol=0.001, atol=1e-05
Testing N_win=1895 N_cf=9
Windowing:
  config: # windows=1895, spacing=0.005446733761956815, CF order=9
  error tolerance: rtol=0.001, atol=1e-05
Testing N_win=1895 N_cf=8
Windowing:
  config: # windows=1895, spacing=0.005446733761956815, CF order=8
  error tolerance: rtol=0.001, atol=1e-05
Testing N_win=1895 N_cf=7
Windowing:
  config: # windows=1895, spacing=0.005446733761956815, CF order=7
  error tolerance: rtol=0.001, atol=1e-05
Testing N_win=1895 N_cf=6
Windowing:
  config: # windows=1895, spacing=0.005446733761956815, CF order=6
  error tolerance: rtol=0.001, atol=1e-05
Testing N_win=1895 N_cf=5
Windowing:
  config: # windows=1895, spacing=0.005446733761956815, CF order=5
  error tolerance: rtol=0.001, atol=1e-05
Testing N_win=1895 N_cf=4
Windowing:
  config: # windows=1895, spacing=0.005446733761956815, CF order=4
  error tolerance: rtol=0.001, atol=1e-05
Testing N_win=1895 N_cf=3
Windowing:
  config: # windows=1895, spacing=0.005446733761956815, CF order=3
  error tolerance: rtol=0.001, atol=1e-05
Failed: Pure curvefit failed for the first window!
Testing N_win=2000 N_cf=10
Windowing:
  config: # windows=2000, spacing=0.005160780239454083, CF order=10
  error tolerance: rtol=0.001, atol=1e-05
Testing N_win=2000 N_cf=9
Windowing:
  config: # windows=2000, spacing=0.005160780239454083, CF order=9
  error tolerance: rtol=0.001, atol=1e-05
Testing N_win=2000 N_cf=8
Windowing:
  config: # windows=2000, spacing=0.005160780239454083, CF order=8
  error tolerance: rtol=0.001, atol=1e-05
Testing N_win=2000 N_cf=7
Windowing:
  config: # windows=2000, spacing=0.005160780239454083, CF order=7
  error tolerance: rtol=0.001, atol=1e-05
Testing N_win=2000 N_cf=6
Windowing:
  config: # windows=2000, spacing=0.005160780239454083, CF order=6
  error tolerance: rtol=0.001, atol=1e-05
Testing N_win=2000 N_cf=5
Windowing:
  config: # windows=2000, spacing=0.005160780239454083, CF order=5
  error tolerance: rtol=0.001, atol=1e-05
Testing N_win=2000 N_cf=4
Windowing:
  config: # windows=2000, spacing=0.005160780239454083, CF order=4
  error tolerance: rtol=0.001, atol=1e-05
Testing N_win=2000 N_cf=3
Windowing:
  config: # windows=2000, spacing=0.005160780239454083, CF order=3
  error tolerance: rtol=0.001, atol=1e-05
Failed: Pure curvefit failed for the first window!
Final library: 151 poles, 325 windows, 4.5 poles per window, 5 CF order
