Running NJOY to get 0K point-wise data (error=0.0005)...
Parsing cross sections within resolved resonance range...
  MTs: [2, 27, 102]
  Energy range: 1.000e-05 to 2.600e+04 eV (45790 points)
Vector fitting piece 1/22...
  energy: 1.000e-05 to 5.884e+01 eV (617 points)
  error tolerance: rtol=0.001, atol=1e-05
Found 0 peaks
Fitting orders from 2 to 200
Order=2(0/100)
Order=4(1/100)
Order=6(2/100)
Found ideal results. Stop!
Found 2 real poles and 2 conjugate complex pairs.
Final number of poles: 4
Saved figure: WMP_Lib/Mo100/0-59_MT2.png
Saved figure: WMP_Lib/Mo100/0-59_MT27.png
Saved figure: WMP_Lib/Mo100/0-59_MT102.png
Vector fitting piece 2/22...
  energy: 1.188e+01 to 2.255e+02 eV (626 points)
  error tolerance: rtol=0.001, atol=1e-05
Found 1 peaks
Fitting orders from 2 to 200
Order=2(0/100)
Order=4(1/100)
Order=6(2/100)
Order=8(3/100)
Order=10(4/100)
Order=12(5/100)
Order=14(6/100)
Order=16(7/100)
Order=18(8/100)
Order=20(9/100)
Order=22(10/100)
Order=24(11/100)
Order=26(12/100)
Order=28(13/100)
Order=30(14/100)
Order=32(15/100)
Order=34(16/100)
Order=36(17/100)
Order=38(18/100)
Order=40(19/100)
Order=42(20/100)
Order=44(21/100)
Order=46(22/100)
Order=48(23/100)
Order=50(24/100)
Order=52(25/100)
Order=54(26/100)
Order=56(27/100)
Order=58(28/100)
Order=60(29/100)
Found 2 real poles and 2 conjugate complex pairs.
Final number of poles: 4
Saved figure: WMP_Lib/Mo100/12-226_MT2.png
Saved figure: WMP_Lib/Mo100/12-226_MT27.png
Saved figure: WMP_Lib/Mo100/12-226_MT102.png
Vector fitting piece 3/22...
  energy: 1.156e+02 to 4.947e+02 eV (861 points)
  error tolerance: rtol=0.001, atol=1e-05
Found 1 peaks
Fitting orders from 2 to 200
Order=2(0/100)
Order=4(1/100)
Order=6(2/100)
Order=8(3/100)
Order=10(4/100)
Order=12(5/100)
Order=14(6/100)
Order=16(7/100)
Order=18(8/100)
Order=20(9/100)
Order=22(10/100)
Order=24(11/100)
Order=26(12/100)
Order=28(13/100)
Order=30(14/100)
Order=32(15/100)
Order=34(16/100)
Order=36(17/100)
Order=38(18/100)
Order=40(19/100)
Order=42(20/100)
Order=44(21/100)
Order=46(22/100)
Order=48(23/100)
Order=50(24/100)
Order=52(25/100)
Order=54(26/100)
Order=56(27/100)
Order=58(28/100)
Order=60(29/100)
Found 0 real poles and 4 conjugate complex pairs.
Final number of poles: 4
Saved figure: WMP_Lib/Mo100/116-495_MT2.png
Saved figure: WMP_Lib/Mo100/116-495_MT27.png
Saved figure: WMP_Lib/Mo100/116-495_MT102.png
Vector fitting piece 4/22...
  energy: 3.283e+02 to 8.771e+02 eV (2128 points)
  error tolerance: rtol=0.001, atol=1e-05
Found 4 peaks
Fitting orders from 8 to 200
Order=8(0/97)
Order=10(1/97)
Order=12(2/97)
Order=14(3/97)
Order=16(4/97)
Order=18(5/97)
Order=20(6/97)
Order=22(7/97)
Order=24(8/97)
Order=26(9/97)
Order=28(10/97)
Order=30(11/97)
Order=32(12/97)
Order=34(13/97)
Order=36(14/97)
Order=38(15/97)
Order=40(16/97)
Order=42(17/97)
Order=44(18/97)
Order=46(19/97)
Order=48(20/97)
Order=50(21/97)
Order=52(22/97)
Order=54(23/97)
Order=56(24/97)
Order=58(25/97)
Order=60(26/97)
Found 2 real poles and 5 conjugate complex pairs.
Final number of poles: 7
Saved figure: WMP_Lib/Mo100/328-877_MT2.png
Saved figure: WMP_Lib/Mo100/328-877_MT27.png
Saved figure: WMP_Lib/Mo100/328-877_MT102.png
Vector fitting piece 5/22...
  energy: 6.460e+02 to 1.360e+03 eV (1667 points)
  error tolerance: rtol=0.001, atol=1e-05
Found 3 peaks
Fitting orders from 6 to 200
Order=6(0/98)
Order=8(1/98)
Order=10(2/98)
Order=12(3/98)
Order=14(4/98)
Order=16(5/98)
Order=18(6/98)
Order=20(7/98)
Order=22(8/98)
Order=24(9/98)
Order=26(10/98)
Order=28(11/98)
Order=30(12/98)
Order=32(13/98)
Order=34(14/98)
Order=36(15/98)
Order=38(16/98)
Order=40(17/98)
Order=42(18/98)
Order=44(19/98)
Order=46(20/98)
Order=48(21/98)
Order=50(22/98)
Order=52(23/98)
Order=54(24/98)
Order=56(25/98)
Order=58(26/98)
Order=60(27/98)
Found 2 real poles and 5 conjugate complex pairs.
Final number of poles: 7
Saved figure: WMP_Lib/Mo100/646-1360_MT2.png
Saved figure: WMP_Lib/Mo100/646-1360_MT27.png
Saved figure: WMP_Lib/Mo100/646-1360_MT102.png
Vector fitting piece 6/22...
  energy: 1.074e+03 to 1.952e+03 eV (2957 points)
  error tolerance: rtol=0.001, atol=1e-05
Found 5 peaks
Fitting orders from 10 to 200
Order=10(0/96)
Order=12(1/96)
Order=14(2/96)
Order=16(3/96)
Order=18(4/96)
Order=20(5/96)
Order=22(6/96)
Order=24(7/96)
Order=26(8/96)
Order=28(9/96)
Order=30(10/96)
Order=32(11/96)
Order=34(12/96)
Order=36(13/96)
Order=38(14/96)
Order=40(15/96)
Order=42(16/96)
Order=44(17/96)
Order=46(18/96)
Order=48(19/96)
Order=50(20/96)
Order=52(21/96)
Order=54(22/96)
Order=56(23/96)
Order=58(24/96)
Order=60(25/96)
Found 2 real poles and 7 conjugate complex pairs.
Final number of poles: 9
Saved figure: WMP_Lib/Mo100/1074-1952_MT2.png
Saved figure: WMP_Lib/Mo100/1074-1952_MT27.png
Saved figure: WMP_Lib/Mo100/1074-1952_MT102.png
Vector fitting piece 7/22...
  energy: 1.604e+03 to 2.654e+03 eV (3186 points)
  error tolerance: rtol=0.001, atol=1e-05
Found 6 peaks
Fitting orders from 12 to 200
Order=12(0/95)
Order=14(1/95)
Order=16(2/95)
Order=18(3/95)
Order=20(4/95)
Order=22(5/95)
Order=24(6/95)
Order=26(7/95)
Order=28(8/95)
Order=30(9/95)
Order=32(10/95)
Order=34(11/95)
Order=36(12/95)
Order=38(13/95)
Order=40(14/95)
Order=42(15/95)
Order=44(16/95)
Order=46(17/95)
Order=48(18/95)
Order=50(19/95)
Order=52(20/95)
Order=54(21/95)
Order=56(22/95)
Order=58(23/95)
Order=60(24/95)
Found 2 real poles and 7 conjugate complex pairs.
Final number of poles: 9
Saved figure: WMP_Lib/Mo100/1604-2654_MT2.png
Saved figure: WMP_Lib/Mo100/1604-2654_MT27.png
Saved figure: WMP_Lib/Mo100/1604-2654_MT102.png
Vector fitting piece 8/22...
  energy: 2.245e+03 to 3.469e+03 eV (3336 points)
  error tolerance: rtol=0.001, atol=1e-05
Found 7 peaks
Fitting orders from 14 to 200
Order=14(0/94)
Order=16(1/94)
Order=18(2/94)
Order=20(3/94)
Order=22(4/94)
Order=24(5/94)
Order=26(6/94)
Order=28(7/94)
Order=30(8/94)
Order=32(9/94)
Order=34(10/94)
Order=36(11/94)
Order=38(12/94)
Order=40(13/94)
Order=42(14/94)
Order=44(15/94)
Order=46(16/94)
Order=48(17/94)
Order=50(18/94)
Order=52(19/94)
Order=54(20/94)
Order=56(21/94)
Order=58(22/94)
Order=60(23/94)
Found 2 real poles and 8 conjugate complex pairs.
Final number of poles: 10
Saved figure: WMP_Lib/Mo100/2245-3469_MT2.png
Saved figure: WMP_Lib/Mo100/2245-3469_MT27.png
Saved figure: WMP_Lib/Mo100/2245-3469_MT102.png
Vector fitting piece 9/22...
  energy: 2.999e+03 to 4.382e+03 eV (2678 points)
  error tolerance: rtol=0.001, atol=1e-05
Found 7 peaks
Fitting orders from 14 to 200
Order=14(0/94)
Order=16(1/94)
Order=18(2/94)
Order=20(3/94)
Order=22(4/94)
Order=24(5/94)
Order=26(6/94)
Order=28(7/94)
Order=30(8/94)
Order=32(9/94)
Order=34(10/94)
Order=36(11/94)
Order=38(12/94)
Order=40(13/94)
Order=42(14/94)
Order=44(15/94)
Order=46(16/94)
Order=48(17/94)
Order=50(18/94)
Order=52(19/94)
Order=54(20/94)
Order=56(21/94)
Order=58(22/94)
Order=60(23/94)
Order=62(24/94)
Order=64(25/94)
Order=66(26/94)
Order=68(27/94)
Order=70(28/94)
Found 2 real poles and 9 conjugate complex pairs.
Final number of poles: 11
Saved figure: WMP_Lib/Mo100/2999-4382_MT2.png
Saved figure: WMP_Lib/Mo100/2999-4382_MT27.png
Saved figure: WMP_Lib/Mo100/2999-4382_MT102.png
Vector fitting piece 10/22...
  energy: 3.855e+03 to 5.411e+03 eV (2841 points)
  error tolerance: rtol=0.001, atol=1e-05
Found 7 peaks
Fitting orders from 14 to 200
Order=14(0/94)
Order=16(1/94)
Order=18(2/94)
Order=20(3/94)
Order=22(4/94)
Order=24(5/94)
Order=26(6/94)
Order=28(7/94)
Order=30(8/94)
Order=32(9/94)
Order=34(10/94)
Order=36(11/94)
Order=38(12/94)
Order=40(13/94)
Order=42(14/94)
Order=44(15/94)
Order=46(16/94)
Order=48(17/94)
Order=50(18/94)
Order=52(19/94)
Order=54(20/94)
Order=56(21/94)
Order=58(22/94)
Order=60(23/94)
Order=62(24/94)
Order=64(25/94)
Order=66(26/94)
Order=68(27/94)
Order=70(28/94)
Found 4 real poles and 7 conjugate complex pairs.
Final number of poles: 11
Saved figure: WMP_Lib/Mo100/3855-5411_MT2.png
Saved figure: WMP_Lib/Mo100/3855-5411_MT27.png
Saved figure: WMP_Lib/Mo100/3855-5411_MT102.png
Vector fitting piece 11/22...
  energy: 4.818e+03 to 6.551e+03 eV (2854 points)
  error tolerance: rtol=0.001, atol=1e-05
Found 7 peaks
Fitting orders from 14 to 200
Order=14(0/94)
Order=16(1/94)
Order=18(2/94)
Order=20(3/94)
Order=22(4/94)
Order=24(5/94)
Order=26(6/94)
Order=28(7/94)
Order=30(8/94)
Order=32(9/94)
Order=34(10/94)
Order=36(11/94)
Order=38(12/94)
Order=40(13/94)
Order=42(14/94)
Order=44(15/94)
Order=46(16/94)
Order=48(17/94)
Order=50(18/94)
Order=52(19/94)
Order=54(20/94)
Order=56(21/94)
Order=58(22/94)
Order=60(23/94)
Found 4 real poles and 8 conjugate complex pairs.
Final number of poles: 12
Saved figure: WMP_Lib/Mo100/4818-6551_MT2.png
Saved figure: WMP_Lib/Mo100/4818-6551_MT27.png
Saved figure: WMP_Lib/Mo100/4818-6551_MT102.png
Vector fitting piece 12/22...
  energy: 5.890e+03 to 7.774e+03 eV (3817 points)
  error tolerance: rtol=0.001, atol=1e-05
Found 10 peaks
Fitting orders from 20 to 200
Order=20(0/91)
Order=22(1/91)
Order=24(2/91)
Order=26(3/91)
Order=28(4/91)
Order=30(5/91)
Order=32(6/91)
Order=34(7/91)
Order=36(8/91)
Order=38(9/91)
Order=40(10/91)
Order=42(11/91)
Order=44(12/91)
Order=46(13/91)
Order=48(14/91)
Order=50(15/91)
Order=52(16/91)
Order=54(17/91)
Order=56(18/91)
Order=58(19/91)
Order=60(20/91)
Found 2 real poles and 11 conjugate complex pairs.
Final number of poles: 13
Saved figure: WMP_Lib/Mo100/5890-7774_MT2.png
Saved figure: WMP_Lib/Mo100/5890-7774_MT27.png
Saved figure: WMP_Lib/Mo100/5890-7774_MT102.png
Vector fitting piece 13/22...
  energy: 7.070e+03 to 9.131e+03 eV (4360 points)
  error tolerance: rtol=0.001, atol=1e-05
Found 11 peaks
Fitting orders from 22 to 200
Order=22(0/90)
Order=24(1/90)
Order=26(2/90)
Order=28(3/90)
Order=30(4/90)
Order=32(5/90)
Order=34(6/90)
Order=36(7/90)
Order=38(8/90)
Order=40(9/90)
Order=42(10/90)
Order=44(11/90)
Order=46(12/90)
Order=48(13/90)
Order=50(14/90)
Order=52(15/90)
Order=54(16/90)
Order=56(17/90)
Order=58(18/90)
Order=60(19/90)
Found 4 real poles and 11 conjugate complex pairs.
Final number of poles: 15
Saved figure: WMP_Lib/Mo100/7070-9131_MT2.png
Saved figure: WMP_Lib/Mo100/7070-9131_MT27.png
Saved figure: WMP_Lib/Mo100/7070-9131_MT102.png
Vector fitting piece 14/22...
  energy: 8.355e+03 to 1.058e+04 eV (3877 points)
  error tolerance: rtol=0.001, atol=1e-05
Found 10 peaks
Fitting orders from 20 to 200
Order=20(0/91)
Order=22(1/91)
Order=24(2/91)
Order=26(3/91)
Order=28(4/91)
Order=30(5/91)
Order=32(6/91)
Order=34(7/91)
Order=36(8/91)
Order=38(9/91)
Order=40(10/91)
Order=42(11/91)
Order=44(12/91)
Order=46(13/91)
Order=48(14/91)
Order=50(15/91)
Order=52(16/91)
Order=54(17/91)
Order=56(18/91)
Order=58(19/91)
Order=60(20/91)
Order=62(21/91)
Order=64(22/91)
Order=66(23/91)
Order=68(24/91)
Order=70(25/91)
Found 4 real poles and 11 conjugate complex pairs.
Final number of poles: 15
Saved figure: WMP_Lib/Mo100/8355-10580_MT2.png
Saved figure: WMP_Lib/Mo100/8355-10580_MT27.png
Saved figure: WMP_Lib/Mo100/8355-10580_MT102.png
Vector fitting piece 15/22...
  energy: 9.749e+03 to 1.213e+04 eV (3841 points)
  error tolerance: rtol=0.001, atol=1e-05
Found 11 peaks
Fitting orders from 22 to 200
Order=22(0/90)
Order=24(1/90)
Order=26(2/90)
Order=28(3/90)
Order=30(4/90)
Order=32(5/90)
Order=34(6/90)
Order=36(7/90)
Order=38(8/90)
Order=40(9/90)
Order=42(10/90)
Order=44(11/90)
Order=46(12/90)
Order=48(13/90)
Order=50(14/90)
Order=52(15/90)
Order=54(16/90)
Order=56(17/90)
Order=58(18/90)
Order=60(19/90)
Order=62(20/90)
Order=64(21/90)
Order=66(22/90)
Order=68(23/90)
Order=70(24/90)
Found 2 real poles and 13 conjugate complex pairs.
Final number of poles: 15
Saved figure: WMP_Lib/Mo100/9749-12134_MT2.png
Saved figure: WMP_Lib/Mo100/9749-12134_MT27.png
Saved figure: WMP_Lib/Mo100/9749-12134_MT102.png
Vector fitting piece 16/22...
  energy: 1.125e+04 to 1.381e+04 eV (4268 points)
  error tolerance: rtol=0.001, atol=1e-05
Found 13 peaks
Fitting orders from 26 to 200
Order=26(0/88)
Order=28(1/88)
Order=30(2/88)
Order=32(3/88)
Order=34(4/88)
Order=36(5/88)
Order=38(6/88)
Order=40(7/88)
Order=42(8/88)
Order=44(9/88)
Order=46(10/88)
Order=48(11/88)
Order=50(12/88)
Order=52(13/88)
Order=54(14/88)
Order=56(15/88)
Order=58(16/88)
Order=60(17/88)
Order=62(18/88)
Order=64(19/88)
Order=66(20/88)
Order=68(21/88)
Order=70(22/88)
Found 4 real poles and 13 conjugate complex pairs.
Final number of poles: 17
Saved figure: WMP_Lib/Mo100/11248-13811_MT2.png
Saved figure: WMP_Lib/Mo100/11248-13811_MT27.png
Saved figure: WMP_Lib/Mo100/11248-13811_MT102.png
Vector fitting piece 17/22...
  energy: 1.285e+04 to 1.558e+04 eV (3298 points)
  error tolerance: rtol=0.001, atol=1e-05
Found 9 peaks
Fitting orders from 18 to 200
Order=18(0/92)
Order=20(1/92)
Order=22(2/92)
Order=24(3/92)
Order=26(4/92)
Order=28(5/92)
Order=30(6/92)
Order=32(7/92)
Order=34(8/92)
Order=36(9/92)
Order=38(10/92)
Order=40(11/92)
Order=42(12/92)
Order=44(13/92)
Order=46(14/92)
Order=48(15/92)
Order=50(16/92)
Order=52(17/92)
Order=54(18/92)
Order=56(19/92)
Order=58(20/92)
Order=60(21/92)
Found 4 real poles and 11 conjugate complex pairs.
Final number of poles: 15
Saved figure: WMP_Lib/Mo100/12851-15576_MT2.png
Saved figure: WMP_Lib/Mo100/12851-15576_MT27.png
Saved figure: WMP_Lib/Mo100/12851-15576_MT102.png
Vector fitting piece 18/22...
  energy: 1.457e+04 to 1.746e+04 eV (4417 points)
  error tolerance: rtol=0.001, atol=1e-05
Found 13 peaks
Fitting orders from 26 to 200
Order=26(0/88)
Order=28(1/88)
Order=30(2/88)
Order=32(3/88)
Order=34(4/88)
Order=36(5/88)
Order=38(6/88)
Order=40(7/88)
Order=42(8/88)
Order=44(9/88)
Order=46(10/88)
Order=48(11/88)
Order=50(12/88)
Order=52(13/88)
Order=54(14/88)
Order=56(15/88)
Order=58(16/88)
Order=60(17/88)
Found 4 real poles and 14 conjugate complex pairs.
Final number of poles: 18
Saved figure: WMP_Lib/Mo100/14573-17464_MT2.png
Saved figure: WMP_Lib/Mo100/14573-17464_MT27.png
Saved figure: WMP_Lib/Mo100/14573-17464_MT102.png
Vector fitting piece 19/22...
  energy: 1.640e+04 to 1.945e+04 eV (3750 points)
  error tolerance: rtol=0.001, atol=1e-05
Found 11 peaks
Fitting orders from 22 to 200
Order=22(0/90)
Order=24(1/90)
Order=26(2/90)
Order=28(3/90)
Order=30(4/90)
Order=32(5/90)
Order=34(6/90)
Order=36(7/90)
Order=38(8/90)
Order=40(9/90)
Order=42(10/90)
Order=44(11/90)
Order=46(12/90)
Order=48(13/90)
Order=50(14/90)
Order=52(15/90)
Order=54(16/90)
Order=56(17/90)
Order=58(18/90)
Order=60(19/90)
Found 6 real poles and 11 conjugate complex pairs.
Final number of poles: 17
Saved figure: WMP_Lib/Mo100/16399-19452_MT2.png
Saved figure: WMP_Lib/Mo100/16399-19452_MT27.png
Saved figure: WMP_Lib/Mo100/16399-19452_MT102.png
Vector fitting piece 20/22...
  energy: 1.833e+04 to 2.155e+04 eV (3810 points)
  error tolerance: rtol=0.001, atol=1e-05
Found 12 peaks
Fitting orders from 24 to 200
Order=24(0/89)
Order=26(1/89)
Order=28(2/89)
Order=30(3/89)
Order=32(4/89)
Order=34(5/89)
Order=36(6/89)
Order=38(7/89)
Order=40(8/89)
Order=42(9/89)
Order=44(10/89)
Order=46(11/89)
Order=48(12/89)
Order=50(13/89)
Order=52(14/89)
Order=54(15/89)
Order=56(16/89)
Order=58(17/89)
Order=60(18/89)
Order=62(19/89)
Order=64(20/89)
Order=66(21/89)
Order=68(22/89)
Order=70(23/89)
Found 4 real poles and 13 conjugate complex pairs.
Final number of poles: 17
Saved figure: WMP_Lib/Mo100/18327-21548_MT2.png
Saved figure: WMP_Lib/Mo100/18327-21548_MT27.png
Saved figure: WMP_Lib/Mo100/18327-21548_MT102.png
Vector fitting piece 21/22...
  energy: 2.037e+04 to 2.376e+04 eV (5039 points)
  error tolerance: rtol=0.001, atol=1e-05
Found 16 peaks
Fitting orders from 32 to 200
Order=32(0/85)
Order=34(1/85)
Order=36(2/85)
Order=38(3/85)
Order=40(4/85)
Order=42(5/85)
Order=44(6/85)
Order=46(7/85)
Order=48(8/85)
Order=50(9/85)
Order=52(10/85)
Order=54(11/85)
Order=56(12/85)
Order=58(13/85)
Order=60(14/85)
Found 4 real poles and 17 conjugate complex pairs.
Final number of poles: 21
Saved figure: WMP_Lib/Mo100/20368-23756_MT2.png
Saved figure: WMP_Lib/Mo100/20368-23756_MT27.png
Saved figure: WMP_Lib/Mo100/20368-23756_MT102.png
Vector fitting piece 22/22...
  energy: 2.251e+04 to 2.600e+04 eV (5018 points)
  error tolerance: rtol=0.001, atol=1e-05
Found 17 peaks
Fitting orders from 34 to 200
Order=34(0/84)
Order=36(1/84)
Order=38(2/84)
Order=40(3/84)
Order=42(4/84)
Order=44(5/84)
Order=46(6/84)
Order=48(7/84)
Order=50(8/84)
Order=52(9/84)
Order=54(10/84)
Order=56(11/84)
Order=58(12/84)
Order=60(13/84)
Found 4 real poles and 17 conjugate complex pairs.
Final number of poles: 21
Saved figure: WMP_Lib/Mo100/22513-26000_MT2.png
Saved figure: WMP_Lib/Mo100/22513-26000_MT27.png
Saved figure: WMP_Lib/Mo100/22513-26000_MT102.png
Dumped multipole data to file: WMP_Lib/Mo100/Mo100_mp.pickle
Start searching ...
Testing N_win=13 N_cf=10
Failed: Window spacing cannot be larger than piece spacing.
Testing N_win=117 N_cf=10
Windowing:
  config: # windows=117, spacing=1.3781364246121726, CF order=10
  error tolerance: rtol=0.001, atol=1e-05
Best library so far.
Testing N_win=117 N_cf=9
Windowing:
  config: # windows=117, spacing=1.3781364246121726, CF order=9
  error tolerance: rtol=0.001, atol=1e-05
Best library so far.
Testing N_win=117 N_cf=8
Windowing:
  config: # windows=117, spacing=1.3781364246121726, CF order=8
  error tolerance: rtol=0.001, atol=1e-05
Best library so far.
Testing N_win=117 N_cf=7
Windowing:
  config: # windows=117, spacing=1.3781364246121726, CF order=7
  error tolerance: rtol=0.001, atol=1e-05
Best library so far.
Testing N_win=117 N_cf=6
Windowing:
  config: # windows=117, spacing=1.3781364246121726, CF order=6
  error tolerance: rtol=0.001, atol=1e-05
Best library so far.
Testing N_win=117 N_cf=5
Windowing:
  config: # windows=117, spacing=1.3781364246121726, CF order=5
  error tolerance: rtol=0.001, atol=1e-05
Best library so far.
Testing N_win=117 N_cf=4
Windowing:
  config: # windows=117, spacing=1.3781364246121726, CF order=4
  error tolerance: rtol=0.001, atol=1e-05
Best library so far.
Testing N_win=117 N_cf=3
Windowing:
  config: # windows=117, spacing=1.3781364246121726, CF order=3
  error tolerance: rtol=0.001, atol=1e-05
Best library so far.
Testing N_win=117 N_cf=2
Windowing:
  config: # windows=117, spacing=1.3781364246121726, CF order=2
  error tolerance: rtol=0.001, atol=1e-05
Failed: Pure curvefit failed for the first window!
Testing N_win=222 N_cf=10
Windowing:
  config: # windows=222, spacing=0.7263151427010098, CF order=10
  error tolerance: rtol=0.001, atol=1e-05
Best library so far.
Testing N_win=222 N_cf=9
Windowing:
  config: # windows=222, spacing=0.7263151427010098, CF order=9
  error tolerance: rtol=0.001, atol=1e-05
Best library so far.
Testing N_win=222 N_cf=8
Windowing:
  config: # windows=222, spacing=0.7263151427010098, CF order=8
  error tolerance: rtol=0.001, atol=1e-05
Best library so far.
Testing N_win=222 N_cf=7
Windowing:
  config: # windows=222, spacing=0.7263151427010098, CF order=7
  error tolerance: rtol=0.001, atol=1e-05
Best library so far.
Testing N_win=222 N_cf=6
Windowing:
  config: # windows=222, spacing=0.7263151427010098, CF order=6
  error tolerance: rtol=0.001, atol=1e-05
Best library so far.
Testing N_win=222 N_cf=5
Windowing:
  config: # windows=222, spacing=0.7263151427010098, CF order=5
  error tolerance: rtol=0.001, atol=1e-05
Best library so far.
Testing N_win=222 N_cf=4
Windowing:
  config: # windows=222, spacing=0.7263151427010098, CF order=4
  error tolerance: rtol=0.001, atol=1e-05
Best library so far.
Testing N_win=222 N_cf=3
Windowing:
  config: # windows=222, spacing=0.7263151427010098, CF order=3
  error tolerance: rtol=0.001, atol=1e-05
Best library so far.
Testing N_win=222 N_cf=2
Windowing:
  config: # windows=222, spacing=0.7263151427010098, CF order=2
  error tolerance: rtol=0.001, atol=1e-05
Testing N_win=326 N_cf=10
Windowing:
  config: # windows=326, spacing=0.4946072444160251, CF order=10
  error tolerance: rtol=0.001, atol=1e-05
Testing N_win=326 N_cf=9
Windowing:
  config: # windows=326, spacing=0.4946072444160251, CF order=9
  error tolerance: rtol=0.001, atol=1e-05
Testing N_win=326 N_cf=8
Windowing:
  config: # windows=326, spacing=0.4946072444160251, CF order=8
  error tolerance: rtol=0.001, atol=1e-05
Best library so far.
Testing N_win=326 N_cf=7
Windowing:
  config: # windows=326, spacing=0.4946072444160251, CF order=7
  error tolerance: rtol=0.001, atol=1e-05
Best library so far.
Testing N_win=326 N_cf=6
Windowing:
  config: # windows=326, spacing=0.4946072444160251, CF order=6
  error tolerance: rtol=0.001, atol=1e-05
Best library so far.
Testing N_win=326 N_cf=5
Windowing:
  config: # windows=326, spacing=0.4946072444160251, CF order=5
  error tolerance: rtol=0.001, atol=1e-05
Best library so far.
Testing N_win=326 N_cf=4
Windowing:
  config: # windows=326, spacing=0.4946072444160251, CF order=4
  error tolerance: rtol=0.001, atol=1e-05
Best library so far.
Testing N_win=326 N_cf=3
Windowing:
  config: # windows=326, spacing=0.4946072444160251, CF order=3
  error tolerance: rtol=0.001, atol=1e-05
Best library so far.
Testing N_win=326 N_cf=2
Windowing:
  config: # windows=326, spacing=0.4946072444160251, CF order=2
  error tolerance: rtol=0.001, atol=1e-05
Testing N_win=431 N_cf=10
Windowing:
  config: # windows=431, spacing=0.374111279999128, CF order=10
  error tolerance: rtol=0.001, atol=1e-05
Testing N_win=431 N_cf=9
Windowing:
  config: # windows=431, spacing=0.374111279999128, CF order=9
  error tolerance: rtol=0.001, atol=1e-05
Testing N_win=431 N_cf=8
Windowing:
  config: # windows=431, spacing=0.374111279999128, CF order=8
  error tolerance: rtol=0.001, atol=1e-05
Testing N_win=431 N_cf=7
Windowing:
  config: # windows=431, spacing=0.374111279999128, CF order=7
  error tolerance: rtol=0.001, atol=1e-05
Testing N_win=431 N_cf=6
Windowing:
  config: # windows=431, spacing=0.374111279999128, CF order=6
  error tolerance: rtol=0.001, atol=1e-05
Testing N_win=431 N_cf=5
Windowing:
  config: # windows=431, spacing=0.374111279999128, CF order=5
  error tolerance: rtol=0.001, atol=1e-05
Testing N_win=431 N_cf=4
Windowing:
  config: # windows=431, spacing=0.374111279999128, CF order=4
  error tolerance: rtol=0.001, atol=1e-05
Best library so far.
Testing N_win=431 N_cf=3
Windowing:
  config: # windows=431, spacing=0.374111279999128, CF order=3
  error tolerance: rtol=0.001, atol=1e-05
Best library so far.
Testing N_win=431 N_cf=2
Windowing:
  config: # windows=431, spacing=0.374111279999128, CF order=2
  error tolerance: rtol=0.001, atol=1e-05
Testing N_win=535 N_cf=10
Windowing:
  config: # windows=535, spacing=0.3013868442609798, CF order=10
  error tolerance: rtol=0.001, atol=1e-05
Testing N_win=535 N_cf=9
Windowing:
  config: # windows=535, spacing=0.3013868442609798, CF order=9
  error tolerance: rtol=0.001, atol=1e-05
Testing N_win=535 N_cf=8
Windowing:
  config: # windows=535, spacing=0.3013868442609798, CF order=8
  error tolerance: rtol=0.001, atol=1e-05
Testing N_win=535 N_cf=7
Windowing:
  config: # windows=535, spacing=0.3013868442609798, CF order=7
  error tolerance: rtol=0.001, atol=1e-05
Testing N_win=535 N_cf=6
Windowing:
  config: # windows=535, spacing=0.3013868442609798, CF order=6
  error tolerance: rtol=0.001, atol=1e-05
Testing N_win=535 N_cf=5
Windowing:
  config: # windows=535, spacing=0.3013868442609798, CF order=5
  error tolerance: rtol=0.001, atol=1e-05
Testing N_win=535 N_cf=4
Windowing:
  config: # windows=535, spacing=0.3013868442609798, CF order=4
  error tolerance: rtol=0.001, atol=1e-05
Best library so far.
Testing N_win=535 N_cf=3
Windowing:
  config: # windows=535, spacing=0.3013868442609798, CF order=3
  error tolerance: rtol=0.001, atol=1e-05
Best library so far.
Testing N_win=535 N_cf=2
Windowing:
  config: # windows=535, spacing=0.3013868442609798, CF order=2
  error tolerance: rtol=0.001, atol=1e-05
Testing N_win=640 N_cf=10
Windowing:
  config: # windows=640, spacing=0.25194056512441276, CF order=10
  error tolerance: rtol=0.001, atol=1e-05
Testing N_win=640 N_cf=9
Windowing:
  config: # windows=640, spacing=0.25194056512441276, CF order=9
  error tolerance: rtol=0.001, atol=1e-05
Testing N_win=640 N_cf=8
Windowing:
  config: # windows=640, spacing=0.25194056512441276, CF order=8
  error tolerance: rtol=0.001, atol=1e-05
Testing N_win=640 N_cf=7
Windowing:
  config: # windows=640, spacing=0.25194056512441276, CF order=7
  error tolerance: rtol=0.001, atol=1e-05
Testing N_win=640 N_cf=6
Windowing:
  config: # windows=640, spacing=0.25194056512441276, CF order=6
  error tolerance: rtol=0.001, atol=1e-05
Testing N_win=640 N_cf=5
Windowing:
  config: # windows=640, spacing=0.25194056512441276, CF order=5
  error tolerance: rtol=0.001, atol=1e-05
Testing N_win=640 N_cf=4
Windowing:
  config: # windows=640, spacing=0.25194056512441276, CF order=4
  error tolerance: rtol=0.001, atol=1e-05
Testing N_win=640 N_cf=3
Windowing:
  config: # windows=640, spacing=0.25194056512441276, CF order=3
  error tolerance: rtol=0.001, atol=1e-05
Testing N_win=640 N_cf=2
Windowing:
  config: # windows=640, spacing=0.25194056512441276, CF order=2
  error tolerance: rtol=0.001, atol=1e-05
Testing N_win=745 N_cf=10
Windowing:
  config: # windows=745, spacing=0.2164321633283546, CF order=10
  error tolerance: rtol=0.001, atol=1e-05
Testing N_win=745 N_cf=9
Windowing:
  config: # windows=745, spacing=0.2164321633283546, CF order=9
  error tolerance: rtol=0.001, atol=1e-05
Testing N_win=745 N_cf=8
Windowing:
  config: # windows=745, spacing=0.2164321633283546, CF order=8
  error tolerance: rtol=0.001, atol=1e-05
Testing N_win=745 N_cf=7
Windowing:
  config: # windows=745, spacing=0.2164321633283546, CF order=7
  error tolerance: rtol=0.001, atol=1e-05
Testing N_win=745 N_cf=6
Windowing:
  config: # windows=745, spacing=0.2164321633283546, CF order=6
  error tolerance: rtol=0.001, atol=1e-05
Testing N_win=745 N_cf=5
Windowing:
  config: # windows=745, spacing=0.2164321633283546, CF order=5
  error tolerance: rtol=0.001, atol=1e-05
Testing N_win=745 N_cf=4
Windowing:
  config: # windows=745, spacing=0.2164321633283546, CF order=4
  error tolerance: rtol=0.001, atol=1e-05
Testing N_win=745 N_cf=3
Windowing:
  config: # windows=745, spacing=0.2164321633283546, CF order=3
  error tolerance: rtol=0.001, atol=1e-05
Best library so far.
Testing N_win=745 N_cf=2
Windowing:
  config: # windows=745, spacing=0.2164321633283546, CF order=2
  error tolerance: rtol=0.001, atol=1e-05
Best library so far.
Testing N_win=849 N_cf=10
Windowing:
  config: # windows=849, spacing=0.18991986063559974, CF order=10
  error tolerance: rtol=0.001, atol=1e-05
Testing N_win=849 N_cf=9
Windowing:
  config: # windows=849, spacing=0.18991986063559974, CF order=9
  error tolerance: rtol=0.001, atol=1e-05
Testing N_win=849 N_cf=8
Windowing:
  config: # windows=849, spacing=0.18991986063559974, CF order=8
  error tolerance: rtol=0.001, atol=1e-05
Testing N_win=849 N_cf=7
Windowing:
  config: # windows=849, spacing=0.18991986063559974, CF order=7
  error tolerance: rtol=0.001, atol=1e-05
Testing N_win=849 N_cf=6
Windowing:
  config: # windows=849, spacing=0.18991986063559974, CF order=6
  error tolerance: rtol=0.001, atol=1e-05
Testing N_win=849 N_cf=5
Windowing:
  config: # windows=849, spacing=0.18991986063559974, CF order=5
  error tolerance: rtol=0.001, atol=1e-05
Testing N_win=849 N_cf=4
Windowing:
  config: # windows=849, spacing=0.18991986063559974, CF order=4
  error tolerance: rtol=0.001, atol=1e-05
Testing N_win=849 N_cf=3
Windowing:
  config: # windows=849, spacing=0.18991986063559974, CF order=3
  error tolerance: rtol=0.001, atol=1e-05
Testing N_win=849 N_cf=2
Windowing:
  config: # windows=849, spacing=0.18991986063559974, CF order=2
  error tolerance: rtol=0.001, atol=1e-05
Testing N_win=954 N_cf=10
Windowing:
  config: # windows=954, spacing=0.16901673132036077, CF order=10
  error tolerance: rtol=0.001, atol=1e-05
Testing N_win=954 N_cf=9
Windowing:
  config: # windows=954, spacing=0.16901673132036077, CF order=9
  error tolerance: rtol=0.001, atol=1e-05
Testing N_win=954 N_cf=8
Windowing:
  config: # windows=954, spacing=0.16901673132036077, CF order=8
  error tolerance: rtol=0.001, atol=1e-05
Testing N_win=954 N_cf=7
Windowing:
  config: # windows=954, spacing=0.16901673132036077, CF order=7
  error tolerance: rtol=0.001, atol=1e-05
Testing N_win=954 N_cf=6
Windowing:
  config: # windows=954, spacing=0.16901673132036077, CF order=6
  error tolerance: rtol=0.001, atol=1e-05
Testing N_win=954 N_cf=5
Windowing:
  config: # windows=954, spacing=0.16901673132036077, CF order=5
  error tolerance: rtol=0.001, atol=1e-05
Testing N_win=954 N_cf=4
Windowing:
  config: # windows=954, spacing=0.16901673132036077, CF order=4
  error tolerance: rtol=0.001, atol=1e-05
Testing N_win=954 N_cf=3
Windowing:
  config: # windows=954, spacing=0.16901673132036077, CF order=3
  error tolerance: rtol=0.001, atol=1e-05
Testing N_win=954 N_cf=2
Windowing:
  config: # windows=954, spacing=0.16901673132036077, CF order=2
  error tolerance: rtol=0.001, atol=1e-05
Testing N_win=1058 N_cf=10
Windowing:
  config: # windows=1058, spacing=0.15240261028319865, CF order=10
  error tolerance: rtol=0.001, atol=1e-05
Testing N_win=1058 N_cf=9
Windowing:
  config: # windows=1058, spacing=0.15240261028319865, CF order=9
  error tolerance: rtol=0.001, atol=1e-05
Testing N_win=1058 N_cf=8
Windowing:
  config: # windows=1058, spacing=0.15240261028319865, CF order=8
  error tolerance: rtol=0.001, atol=1e-05
Testing N_win=1058 N_cf=7
Windowing:
  config: # windows=1058, spacing=0.15240261028319865, CF order=7
  error tolerance: rtol=0.001, atol=1e-05
Testing N_win=1058 N_cf=6
Windowing:
  config: # windows=1058, spacing=0.15240261028319865, CF order=6
  error tolerance: rtol=0.001, atol=1e-05
Testing N_win=1058 N_cf=5
Windowing:
  config: # windows=1058, spacing=0.15240261028319865, CF order=5
  error tolerance: rtol=0.001, atol=1e-05
Testing N_win=1058 N_cf=4
Windowing:
  config: # windows=1058, spacing=0.15240261028319865, CF order=4
  error tolerance: rtol=0.001, atol=1e-05
Testing N_win=1058 N_cf=3
Windowing:
  config: # windows=1058, spacing=0.15240261028319865, CF order=3
  error tolerance: rtol=0.001, atol=1e-05
Testing N_win=1058 N_cf=2
Windowing:
  config: # windows=1058, spacing=0.15240261028319865, CF order=2
  error tolerance: rtol=0.001, atol=1e-05
Testing N_win=1163 N_cf=10
Windowing:
  config: # windows=1163, spacing=0.13864313128084624, CF order=10
  error tolerance: rtol=0.001, atol=1e-05
Testing N_win=1163 N_cf=9
Windowing:
  config: # windows=1163, spacing=0.13864313128084624, CF order=9
  error tolerance: rtol=0.001, atol=1e-05
Testing N_win=1163 N_cf=8
Windowing:
  config: # windows=1163, spacing=0.13864313128084624, CF order=8
  error tolerance: rtol=0.001, atol=1e-05
Testing N_win=1163 N_cf=7
Windowing:
  config: # windows=1163, spacing=0.13864313128084624, CF order=7
  error tolerance: rtol=0.001, atol=1e-05
Testing N_win=1163 N_cf=6
Windowing:
  config: # windows=1163, spacing=0.13864313128084624, CF order=6
  error tolerance: rtol=0.001, atol=1e-05
Testing N_win=1163 N_cf=5
Windowing:
  config: # windows=1163, spacing=0.13864313128084624, CF order=5
  error tolerance: rtol=0.001, atol=1e-05
Testing N_win=1163 N_cf=4
Windowing:
  config: # windows=1163, spacing=0.13864313128084624, CF order=4
  error tolerance: rtol=0.001, atol=1e-05
Testing N_win=1163 N_cf=3
Windowing:
  config: # windows=1163, spacing=0.13864313128084624, CF order=3
  error tolerance: rtol=0.001, atol=1e-05
Testing N_win=1163 N_cf=2
Windowing:
  config: # windows=1163, spacing=0.13864313128084624, CF order=2
  error tolerance: rtol=0.001, atol=1e-05
Testing N_win=1267 N_cf=10
Windowing:
  config: # windows=1267, spacing=0.12726279532724877, CF order=10
  error tolerance: rtol=0.001, atol=1e-05
Testing N_win=1267 N_cf=9
Windowing:
  config: # windows=1267, spacing=0.12726279532724877, CF order=9
  error tolerance: rtol=0.001, atol=1e-05
Testing N_win=1267 N_cf=8
Windowing:
  config: # windows=1267, spacing=0.12726279532724877, CF order=8
  error tolerance: rtol=0.001, atol=1e-05
Testing N_win=1267 N_cf=7
Windowing:
  config: # windows=1267, spacing=0.12726279532724877, CF order=7
  error tolerance: rtol=0.001, atol=1e-05
Testing N_win=1267 N_cf=6
Windowing:
  config: # windows=1267, spacing=0.12726279532724877, CF order=6
  error tolerance: rtol=0.001, atol=1e-05
Testing N_win=1267 N_cf=5
Windowing:
  config: # windows=1267, spacing=0.12726279532724877, CF order=5
  error tolerance: rtol=0.001, atol=1e-05
Testing N_win=1267 N_cf=4
Windowing:
  config: # windows=1267, spacing=0.12726279532724877, CF order=4
  error tolerance: rtol=0.001, atol=1e-05
Testing N_win=1267 N_cf=3
Windowing:
  config: # windows=1267, spacing=0.12726279532724877, CF order=3
  error tolerance: rtol=0.001, atol=1e-05
Testing N_win=1267 N_cf=2
Windowing:
  config: # windows=1267, spacing=0.12726279532724877, CF order=2
  error tolerance: rtol=0.001, atol=1e-05
Testing N_win=1372 N_cf=10
Windowing:
  config: # windows=1372, spacing=0.11752329568485728, CF order=10
  error tolerance: rtol=0.001, atol=1e-05
Testing N_win=1372 N_cf=9
Windowing:
  config: # windows=1372, spacing=0.11752329568485728, CF order=9
  error tolerance: rtol=0.001, atol=1e-05
Testing N_win=1372 N_cf=8
Windowing:
  config: # windows=1372, spacing=0.11752329568485728, CF order=8
  error tolerance: rtol=0.001, atol=1e-05
Testing N_win=1372 N_cf=7
Windowing:
  config: # windows=1372, spacing=0.11752329568485728, CF order=7
  error tolerance: rtol=0.001, atol=1e-05
Testing N_win=1372 N_cf=6
Windowing:
  config: # windows=1372, spacing=0.11752329568485728, CF order=6
  error tolerance: rtol=0.001, atol=1e-05
Testing N_win=1372 N_cf=5
Windowing:
  config: # windows=1372, spacing=0.11752329568485728, CF order=5
  error tolerance: rtol=0.001, atol=1e-05
Testing N_win=1372 N_cf=4
Windowing:
  config: # windows=1372, spacing=0.11752329568485728, CF order=4
  error tolerance: rtol=0.001, atol=1e-05
Testing N_win=1372 N_cf=3
Windowing:
  config: # windows=1372, spacing=0.11752329568485728, CF order=3
  error tolerance: rtol=0.001, atol=1e-05
Testing N_win=1372 N_cf=2
Windowing:
  config: # windows=1372, spacing=0.11752329568485728, CF order=2
  error tolerance: rtol=0.001, atol=1e-05
Testing N_win=1477 N_cf=10
Windowing:
  config: # windows=1477, spacing=0.10916855902479633, CF order=10
  error tolerance: rtol=0.001, atol=1e-05
Testing N_win=1477 N_cf=9
Windowing:
  config: # windows=1477, spacing=0.10916855902479633, CF order=9
  error tolerance: rtol=0.001, atol=1e-05
Testing N_win=1477 N_cf=8
Windowing:
  config: # windows=1477, spacing=0.10916855902479633, CF order=8
  error tolerance: rtol=0.001, atol=1e-05
Testing N_win=1477 N_cf=7
Windowing:
  config: # windows=1477, spacing=0.10916855902479633, CF order=7
  error tolerance: rtol=0.001, atol=1e-05
Testing N_win=1477 N_cf=6
Windowing:
  config: # windows=1477, spacing=0.10916855902479633, CF order=6
  error tolerance: rtol=0.001, atol=1e-05
Testing N_win=1477 N_cf=5
Windowing:
  config: # windows=1477, spacing=0.10916855902479633, CF order=5
  error tolerance: rtol=0.001, atol=1e-05
Testing N_win=1477 N_cf=4
Windowing:
  config: # windows=1477, spacing=0.10916855902479633, CF order=4
  error tolerance: rtol=0.001, atol=1e-05
Testing N_win=1477 N_cf=3
Windowing:
  config: # windows=1477, spacing=0.10916855902479633, CF order=3
  error tolerance: rtol=0.001, atol=1e-05
Testing N_win=1477 N_cf=2
Windowing:
  config: # windows=1477, spacing=0.10916855902479633, CF order=2
  error tolerance: rtol=0.001, atol=1e-05
Testing N_win=1581 N_cf=10
Windowing:
  config: # windows=1581, spacing=0.10198732554055925, CF order=10
  error tolerance: rtol=0.001, atol=1e-05
Testing N_win=1581 N_cf=9
Windowing:
  config: # windows=1581, spacing=0.10198732554055925, CF order=9
  error tolerance: rtol=0.001, atol=1e-05
Testing N_win=1581 N_cf=8
Windowing:
  config: # windows=1581, spacing=0.10198732554055925, CF order=8
  error tolerance: rtol=0.001, atol=1e-05
Testing N_win=1581 N_cf=7
Windowing:
  config: # windows=1581, spacing=0.10198732554055925, CF order=7
  error tolerance: rtol=0.001, atol=1e-05
Testing N_win=1581 N_cf=6
Windowing:
  config: # windows=1581, spacing=0.10198732554055925, CF order=6
  error tolerance: rtol=0.001, atol=1e-05
Testing N_win=1581 N_cf=5
Windowing:
  config: # windows=1581, spacing=0.10198732554055925, CF order=5
  error tolerance: rtol=0.001, atol=1e-05
Testing N_win=1581 N_cf=4
Windowing:
  config: # windows=1581, spacing=0.10198732554055925, CF order=4
  error tolerance: rtol=0.001, atol=1e-05
Testing N_win=1581 N_cf=3
Windowing:
  config: # windows=1581, spacing=0.10198732554055925, CF order=3
  error tolerance: rtol=0.001, atol=1e-05
Testing N_win=1581 N_cf=2
Windowing:
  config: # windows=1581, spacing=0.10198732554055925, CF order=2
  error tolerance: rtol=0.001, atol=1e-05
Testing N_win=1686 N_cf=10
Windowing:
  config: # windows=1686, spacing=0.09563580170796215, CF order=10
  error tolerance: rtol=0.001, atol=1e-05
Testing N_win=1686 N_cf=9
Windowing:
  config: # windows=1686, spacing=0.09563580170796215, CF order=9
  error tolerance: rtol=0.001, atol=1e-05
Testing N_win=1686 N_cf=8
Windowing:
  config: # windows=1686, spacing=0.09563580170796215, CF order=8
  error tolerance: rtol=0.001, atol=1e-05
Testing N_win=1686 N_cf=7
Windowing:
  config: # windows=1686, spacing=0.09563580170796215, CF order=7
  error tolerance: rtol=0.001, atol=1e-05
Testing N_win=1686 N_cf=6
Windowing:
  config: # windows=1686, spacing=0.09563580170796215, CF order=6
  error tolerance: rtol=0.001, atol=1e-05
Testing N_win=1686 N_cf=5
Windowing:
  config: # windows=1686, spacing=0.09563580170796215, CF order=5
  error tolerance: rtol=0.001, atol=1e-05
Testing N_win=1686 N_cf=4
Windowing:
  config: # windows=1686, spacing=0.09563580170796215, CF order=4
  error tolerance: rtol=0.001, atol=1e-05
Testing N_win=1686 N_cf=3
Windowing:
  config: # windows=1686, spacing=0.09563580170796215, CF order=3
  error tolerance: rtol=0.001, atol=1e-05
Testing N_win=1686 N_cf=2
Windowing:
  config: # windows=1686, spacing=0.09563580170796215, CF order=2
  error tolerance: rtol=0.001, atol=1e-05
Testing N_win=1790 N_cf=10
Windowing:
  config: # windows=1790, spacing=0.09007930820090737, CF order=10
  error tolerance: rtol=0.001, atol=1e-05
Testing N_win=1790 N_cf=9
Windowing:
  config: # windows=1790, spacing=0.09007930820090737, CF order=9
  error tolerance: rtol=0.001, atol=1e-05
Testing N_win=1790 N_cf=8
Windowing:
  config: # windows=1790, spacing=0.09007930820090737, CF order=8
  error tolerance: rtol=0.001, atol=1e-05
Testing N_win=1790 N_cf=7
Windowing:
  config: # windows=1790, spacing=0.09007930820090737, CF order=7
  error tolerance: rtol=0.001, atol=1e-05
Testing N_win=1790 N_cf=6
Windowing:
  config: # windows=1790, spacing=0.09007930820090737, CF order=6
  error tolerance: rtol=0.001, atol=1e-05
Testing N_win=1790 N_cf=5
Windowing:
  config: # windows=1790, spacing=0.09007930820090737, CF order=5
  error tolerance: rtol=0.001, atol=1e-05
Testing N_win=1790 N_cf=4
Windowing:
  config: # windows=1790, spacing=0.09007930820090737, CF order=4
  error tolerance: rtol=0.001, atol=1e-05
Testing N_win=1790 N_cf=3
Windowing:
  config: # windows=1790, spacing=0.09007930820090737, CF order=3
  error tolerance: rtol=0.001, atol=1e-05
Testing N_win=1790 N_cf=2
Windowing:
  config: # windows=1790, spacing=0.09007930820090737, CF order=2
  error tolerance: rtol=0.001, atol=1e-05
Testing N_win=1895 N_cf=10
Windowing:
  config: # windows=1895, spacing=0.08508810642724231, CF order=10
  error tolerance: rtol=0.001, atol=1e-05
Testing N_win=1895 N_cf=9
Windowing:
  config: # windows=1895, spacing=0.08508810642724231, CF order=9
  error tolerance: rtol=0.001, atol=1e-05
Testing N_win=1895 N_cf=8
Windowing:
  config: # windows=1895, spacing=0.08508810642724231, CF order=8
  error tolerance: rtol=0.001, atol=1e-05
Testing N_win=1895 N_cf=7
Windowing:
  config: # windows=1895, spacing=0.08508810642724231, CF order=7
  error tolerance: rtol=0.001, atol=1e-05
Testing N_win=1895 N_cf=6
Windowing:
  config: # windows=1895, spacing=0.08508810642724231, CF order=6
  error tolerance: rtol=0.001, atol=1e-05
Testing N_win=1895 N_cf=5
Windowing:
  config: # windows=1895, spacing=0.08508810642724231, CF order=5
  error tolerance: rtol=0.001, atol=1e-05
Testing N_win=1895 N_cf=4
Windowing:
  config: # windows=1895, spacing=0.08508810642724231, CF order=4
  error tolerance: rtol=0.001, atol=1e-05
Testing N_win=1895 N_cf=3
Windowing:
  config: # windows=1895, spacing=0.08508810642724231, CF order=3
  error tolerance: rtol=0.001, atol=1e-05
Testing N_win=1895 N_cf=2
Windowing:
  config: # windows=1895, spacing=0.08508810642724231, CF order=2
  error tolerance: rtol=0.001, atol=1e-05
Testing N_win=2000 N_cf=10
Windowing:
  config: # windows=2000, spacing=0.08062098083981209, CF order=10
  error tolerance: rtol=0.001, atol=1e-05
Testing N_win=2000 N_cf=9
Windowing:
  config: # windows=2000, spacing=0.08062098083981209, CF order=9
  error tolerance: rtol=0.001, atol=1e-05
Testing N_win=2000 N_cf=8
Windowing:
  config: # windows=2000, spacing=0.08062098083981209, CF order=8
  error tolerance: rtol=0.001, atol=1e-05
Testing N_win=2000 N_cf=7
Windowing:
  config: # windows=2000, spacing=0.08062098083981209, CF order=7
  error tolerance: rtol=0.001, atol=1e-05
Testing N_win=2000 N_cf=6
Windowing:
  config: # windows=2000, spacing=0.08062098083981209, CF order=6
  error tolerance: rtol=0.001, atol=1e-05
Testing N_win=2000 N_cf=5
Windowing:
  config: # windows=2000, spacing=0.08062098083981209, CF order=5
  error tolerance: rtol=0.001, atol=1e-05
Testing N_win=2000 N_cf=4
Windowing:
  config: # windows=2000, spacing=0.08062098083981209, CF order=4
  error tolerance: rtol=0.001, atol=1e-05
Testing N_win=2000 N_cf=3
Windowing:
  config: # windows=2000, spacing=0.08062098083981209, CF order=3
  error tolerance: rtol=0.001, atol=1e-05
Testing N_win=2000 N_cf=2
Windowing:
  config: # windows=2000, spacing=0.08062098083981209, CF order=2
  error tolerance: rtol=0.001, atol=1e-05
Final library: 165 poles, 745 windows, 1.9 poles per window, 2 CF order
