Running NJOY to get 0K point-wise data (error=0.0005)...
Parsing cross sections within resolved resonance range...
  MTs: [2, 27, 102]
  Energy range: 1.000e-05 to 9.963e+02 eV (85491 points)
Vector fitting piece 1/42...
  energy: 1.000e-05 to 8.750e-01 eV (509 points)
  error tolerance: rtol=0.001, atol=1e-05
Found 0 peaks
Fitting orders from 2 to 200
Order=2(0/100)
Order=4(1/100)
Order=6(2/100)
Found ideal results. Stop!
Found 4 real poles and 1 conjugate complex pairs.
Final number of poles: 5
Saved figure: WMP_Lib/Dy161/0-1_MT2.png
Saved figure: WMP_Lib/Dy161/0-1_MT27.png
Saved figure: WMP_Lib/Dy161/0-1_MT102.png
Vector fitting piece 2/42...
  energy: 4.691e-02 to 2.783e+00 eV (345 points)
  error tolerance: rtol=0.001, atol=1e-05
Found 1 peaks
Fitting orders from 2 to 200
Order=2(0/100)
Order=4(1/100)
Order=6(2/100)
Order=8(3/100)
Found ideal results. Stop!
Found 2 real poles and 3 conjugate complex pairs.
Final number of poles: 5
Saved figure: WMP_Lib/Dy161/0-3_MT2.png
Saved figure: WMP_Lib/Dy161/0-3_MT27.png
Saved figure: WMP_Lib/Dy161/0-3_MT102.png
Vector fitting piece 3/42...
  energy: 9.375e-01 to 5.923e+00 eV (787 points)
  error tolerance: rtol=0.001, atol=1e-05
Found 3 peaks
Fitting orders from 6 to 200
Order=6(0/98)
Order=8(1/98)
Order=10(2/98)
Found ideal results. Stop!
Found 4 real poles and 3 conjugate complex pairs.
Final number of poles: 7
Saved figure: WMP_Lib/Dy161/1-6_MT2.png
Saved figure: WMP_Lib/Dy161/1-6_MT27.png
Saved figure: WMP_Lib/Dy161/1-6_MT102.png
Vector fitting piece 4/42...
  energy: 2.955e+00 to 1.006e+01 eV (931 points)
  error tolerance: rtol=0.001, atol=1e-05
Found 3 peaks
Fitting orders from 6 to 200
Order=6(0/98)
Order=8(1/98)
Order=10(2/98)
Order=12(3/98)
Order=14(4/98)
Found ideal results. Stop!
Found 2 real poles and 6 conjugate complex pairs.
Final number of poles: 8
Saved figure: WMP_Lib/Dy161/3-10_MT2.png
Saved figure: WMP_Lib/Dy161/3-10_MT27.png
Saved figure: WMP_Lib/Dy161/3-10_MT102.png
Vector fitting piece 5/42...
  energy: 6.091e+00 to 1.541e+01 eV (1280 points)
  error tolerance: rtol=0.001, atol=1e-05
Found 5 peaks
Fitting orders from 10 to 200
Order=10(0/96)
Order=12(1/96)
Order=14(2/96)
Order=16(3/96)
Found ideal results. Stop!
Found 2 real poles and 7 conjugate complex pairs.
Final number of poles: 9
Saved figure: WMP_Lib/Dy161/6-15_MT2.png
Saved figure: WMP_Lib/Dy161/6-15_MT27.png
Saved figure: WMP_Lib/Dy161/6-15_MT102.png
Vector fitting piece 6/42...
  energy: 1.039e+01 to 2.197e+01 eV (1651 points)
  error tolerance: rtol=0.001, atol=1e-05
Found 6 peaks
Fitting orders from 12 to 200
Order=12(0/95)
Order=14(1/95)
Order=16(2/95)
Order=18(3/95)
Found ideal results. Stop!
Found 2 real poles and 8 conjugate complex pairs.
Final number of poles: 10
Saved figure: WMP_Lib/Dy161/10-22_MT2.png
Saved figure: WMP_Lib/Dy161/10-22_MT27.png
Saved figure: WMP_Lib/Dy161/10-22_MT102.png
Vector fitting piece 7/42...
  energy: 1.579e+01 to 2.943e+01 eV (1545 points)
  error tolerance: rtol=0.001, atol=1e-05
Found 5 peaks
Fitting orders from 10 to 200
Order=10(0/96)
Order=12(1/96)
Order=14(2/96)
Order=16(3/96)
Found ideal results. Stop!
Found 0 real poles and 8 conjugate complex pairs.
Final number of poles: 8
Saved figure: WMP_Lib/Dy161/16-29_MT2.png
Saved figure: WMP_Lib/Dy161/16-29_MT27.png
Saved figure: WMP_Lib/Dy161/16-29_MT102.png
Vector fitting piece 8/42...
  energy: 2.227e+01 to 3.815e+01 eV (1576 points)
  error tolerance: rtol=0.001, atol=1e-05
Found 5 peaks
Fitting orders from 10 to 200
Order=10(0/96)
Order=12(1/96)
Order=14(2/96)
Order=16(3/96)
Found ideal results. Stop!
Found 2 real poles and 7 conjugate complex pairs.
Final number of poles: 9
Saved figure: WMP_Lib/Dy161/22-38_MT2.png
Saved figure: WMP_Lib/Dy161/22-38_MT27.png
Saved figure: WMP_Lib/Dy161/22-38_MT102.png
Vector fitting piece 9/42...
  energy: 3.001e+01 to 4.803e+01 eV (1857 points)
  error tolerance: rtol=0.001, atol=1e-05
Found 5 peaks
Fitting orders from 10 to 200
Order=10(0/96)
Order=12(1/96)
Order=14(2/96)
Order=16(3/96)
Order=18(4/96)
Found ideal results. Stop!
Found 6 real poles and 6 conjugate complex pairs.
Final number of poles: 12
Saved figure: WMP_Lib/Dy161/30-48_MT2.png
Saved figure: WMP_Lib/Dy161/30-48_MT27.png
Saved figure: WMP_Lib/Dy161/30-48_MT102.png
Vector fitting piece 10/42...
  energy: 3.881e+01 to 5.898e+01 eV (2242 points)
  error tolerance: rtol=0.001, atol=1e-05
Found 7 peaks
Fitting orders from 14 to 200
Order=14(0/94)
Order=16(1/94)
Order=18(2/94)
Order=20(3/94)
Order=22(4/94)
Found ideal results. Stop!
Found 2 real poles and 10 conjugate complex pairs.
Final number of poles: 12
Saved figure: WMP_Lib/Dy161/39-59_MT2.png
Saved figure: WMP_Lib/Dy161/39-59_MT27.png
Saved figure: WMP_Lib/Dy161/39-59_MT102.png
Vector fitting piece 11/42...
  energy: 4.873e+01 to 7.113e+01 eV (2507 points)
  error tolerance: rtol=0.001, atol=1e-05
Found 9 peaks
Fitting orders from 18 to 200
Order=18(0/92)
Order=20(1/92)
Order=22(2/92)
Order=24(3/92)
Found ideal results. Stop!
Found 4 real poles and 10 conjugate complex pairs.
Final number of poles: 14
Saved figure: WMP_Lib/Dy161/49-71_MT2.png
Saved figure: WMP_Lib/Dy161/49-71_MT27.png
Saved figure: WMP_Lib/Dy161/49-71_MT102.png
Vector fitting piece 12/42...
  energy: 5.979e+01 to 8.433e+01 eV (2409 points)
  error tolerance: rtol=0.001, atol=1e-05
Found 7 peaks
Fitting orders from 14 to 200
Order=14(0/94)
Order=16(1/94)
Order=18(2/94)
Order=20(3/94)
Order=22(4/94)
Found ideal results. Stop!
Found 2 real poles and 10 conjugate complex pairs.
Final number of poles: 12
Saved figure: WMP_Lib/Dy161/60-84_MT2.png
Saved figure: WMP_Lib/Dy161/60-84_MT27.png
Saved figure: WMP_Lib/Dy161/60-84_MT102.png
Vector fitting piece 13/42...
  energy: 7.197e+01 to 9.875e+01 eV (3088 points)
  error tolerance: rtol=0.001, atol=1e-05
Found 9 peaks
Fitting orders from 18 to 200
Order=18(0/92)
Order=20(1/92)
Order=22(2/92)
Found ideal results. Stop!
Found 4 real poles and 9 conjugate complex pairs.
Final number of poles: 13
Saved figure: WMP_Lib/Dy161/72-99_MT2.png
Saved figure: WMP_Lib/Dy161/72-99_MT27.png
Saved figure: WMP_Lib/Dy161/72-99_MT102.png
Vector fitting piece 14/42...
  energy: 8.529e+01 to 1.142e+02 eV (3461 points)
  error tolerance: rtol=0.001, atol=1e-05
Found 11 peaks
Fitting orders from 22 to 200
Order=22(0/90)
Order=24(1/90)
Order=26(2/90)
Order=28(3/90)
Found ideal results. Stop!
Found 4 real poles and 12 conjugate complex pairs.
Final number of poles: 16
Saved figure: WMP_Lib/Dy161/85-114_MT2.png
Saved figure: WMP_Lib/Dy161/85-114_MT27.png
Saved figure: WMP_Lib/Dy161/85-114_MT102.png
Vector fitting piece 15/42...
  energy: 9.971e+01 to 1.308e+02 eV (3460 points)
  error tolerance: rtol=0.001, atol=1e-05
Found 11 peaks
Fitting orders from 22 to 200
Order=22(0/90)
Order=24(1/90)
Order=26(2/90)
Order=28(3/90)
Found ideal results. Stop!
Found 2 real poles and 13 conjugate complex pairs.
Final number of poles: 15
Saved figure: WMP_Lib/Dy161/100-131_MT2.png
Saved figure: WMP_Lib/Dy161/100-131_MT27.png
Saved figure: WMP_Lib/Dy161/100-131_MT102.png
Vector fitting piece 16/42...
  energy: 1.152e+02 to 1.486e+02 eV (2974 points)
  error tolerance: rtol=0.001, atol=1e-05
Found 8 peaks
Fitting orders from 16 to 200
Order=16(0/93)
Order=18(1/93)
Order=20(2/93)
Order=22(3/93)
Found ideal results. Stop!
Found 4 real poles and 9 conjugate complex pairs.
Final number of poles: 13
Saved figure: WMP_Lib/Dy161/115-149_MT2.png
Saved figure: WMP_Lib/Dy161/115-149_MT27.png
Saved figure: WMP_Lib/Dy161/115-149_MT102.png
Vector fitting piece 17/42...
  energy: 1.320e+02 to 1.674e+02 eV (3067 points)
  error tolerance: rtol=0.001, atol=1e-05
Found 8 peaks
Fitting orders from 16 to 200
Order=16(0/93)
Order=18(1/93)
Order=20(2/93)
Order=22(3/93)
Order=24(4/93)
Found ideal results. Stop!
Found 6 real poles and 9 conjugate complex pairs.
Final number of poles: 15
Saved figure: WMP_Lib/Dy161/132-167_MT2.png
Saved figure: WMP_Lib/Dy161/132-167_MT27.png
Saved figure: WMP_Lib/Dy161/132-167_MT102.png
Vector fitting piece 18/42...
  energy: 1.498e+02 to 1.875e+02 eV (3902 points)
  error tolerance: rtol=0.001, atol=1e-05
Found 11 peaks
Fitting orders from 22 to 200
Order=22(0/90)
Order=24(1/90)
Order=26(2/90)
Order=28(3/90)
Order=30(4/90)
Order=32(5/90)
Order=34(6/90)
Order=36(7/90)
Order=38(8/90)
Order=40(9/90)
Order=42(10/90)
Order=44(11/90)
Order=46(12/90)
Order=48(13/90)
Order=50(14/90)
Order=52(15/90)
Order=54(16/90)
Order=56(17/90)
Order=58(18/90)
Order=60(19/90)
Found 4 real poles and 12 conjugate complex pairs.
Final number of poles: 16
Saved figure: WMP_Lib/Dy161/150-187_MT2.png
Saved figure: WMP_Lib/Dy161/150-187_MT27.png
Saved figure: WMP_Lib/Dy161/150-187_MT102.png
Vector fitting piece 19/42...
  energy: 1.688e+02 to 2.086e+02 eV (4602 points)
  error tolerance: rtol=0.001, atol=1e-05
Found 14 peaks
Fitting orders from 28 to 200
Order=28(0/87)
Order=30(1/87)
Order=32(2/87)
Order=34(3/87)
Order=36(4/87)
Order=38(5/87)
Order=40(6/87)
Order=42(7/87)
Order=44(8/87)
Order=46(9/87)
Order=48(10/87)
Order=50(11/87)
Order=52(12/87)
Order=54(13/87)
Order=56(14/87)
Order=58(15/87)
Order=60(16/87)
Found 4 real poles and 15 conjugate complex pairs.
Final number of poles: 19
Saved figure: WMP_Lib/Dy161/169-209_MT2.png
Saved figure: WMP_Lib/Dy161/169-209_MT27.png
Saved figure: WMP_Lib/Dy161/169-209_MT102.png
Vector fitting piece 20/42...
  energy: 1.889e+02 to 2.309e+02 eV (4315 points)
  error tolerance: rtol=0.001, atol=1e-05
Found 13 peaks
Fitting orders from 26 to 200
Order=26(0/88)
Order=28(1/88)
Order=30(2/88)
Order=32(3/88)
Found ideal results. Stop!
Found 4 real poles and 14 conjugate complex pairs.
Final number of poles: 18
Saved figure: WMP_Lib/Dy161/189-231_MT2.png
Saved figure: WMP_Lib/Dy161/189-231_MT27.png
Saved figure: WMP_Lib/Dy161/189-231_MT102.png
Vector fitting piece 21/42...
  energy: 2.101e+02 to 2.544e+02 eV (3876 points)
  error tolerance: rtol=0.001, atol=1e-05
Found 11 peaks
Fitting orders from 22 to 200
Order=22(0/90)
Order=24(1/90)
Order=26(2/90)
Order=28(3/90)
Found ideal results. Stop!
Found 4 real poles and 12 conjugate complex pairs.
Final number of poles: 16
Saved figure: WMP_Lib/Dy161/210-254_MT2.png
Saved figure: WMP_Lib/Dy161/210-254_MT27.png
Saved figure: WMP_Lib/Dy161/210-254_MT102.png
Vector fitting piece 22/42...
  energy: 2.324e+02 to 2.788e+02 eV (4457 points)
  error tolerance: rtol=0.001, atol=1e-05
Found 13 peaks
Fitting orders from 26 to 200
Order=26(0/88)
Order=28(1/88)
Order=30(2/88)
Order=32(3/88)
Found ideal results. Stop!
Found 4 real poles and 14 conjugate complex pairs.
Final number of poles: 18
Saved figure: WMP_Lib/Dy161/232-279_MT2.png
Saved figure: WMP_Lib/Dy161/232-279_MT27.png
Saved figure: WMP_Lib/Dy161/232-279_MT102.png
Vector fitting piece 23/42...
  energy: 2.559e+02 to 3.044e+02 eV (4771 points)
  error tolerance: rtol=0.001, atol=1e-05
Found 14 peaks
Fitting orders from 28 to 200
Order=28(0/87)
Order=30(1/87)
Order=32(2/87)
Order=34(3/87)
Found ideal results. Stop!
Found 4 real poles and 15 conjugate complex pairs.
Final number of poles: 19
Saved figure: WMP_Lib/Dy161/256-304_MT2.png
Saved figure: WMP_Lib/Dy161/256-304_MT27.png
Saved figure: WMP_Lib/Dy161/256-304_MT102.png
Vector fitting piece 24/42...
  energy: 2.805e+02 to 3.312e+02 eV (4643 points)
  error tolerance: rtol=0.001, atol=1e-05
Found 13 peaks
Fitting orders from 26 to 200
Order=26(0/88)
Order=28(1/88)
Order=30(2/88)
Order=32(3/88)
Order=34(4/88)
Found ideal results. Stop!
Found 4 real poles and 15 conjugate complex pairs.
Final number of poles: 19
Saved figure: WMP_Lib/Dy161/280-331_MT2.png
Saved figure: WMP_Lib/Dy161/280-331_MT27.png
Saved figure: WMP_Lib/Dy161/280-331_MT102.png
Vector fitting piece 25/42...
  energy: 3.063e+02 to 3.592e+02 eV (3326 points)
  error tolerance: rtol=0.001, atol=1e-05
Found 9 peaks
Fitting orders from 18 to 200
Order=18(0/92)
Order=20(1/92)
Order=22(2/92)
Order=24(3/92)
Order=26(4/92)
Found ideal results. Stop!
Found 4 real poles and 11 conjugate complex pairs.
Final number of poles: 15
Saved figure: WMP_Lib/Dy161/306-359_MT2.png
Saved figure: WMP_Lib/Dy161/306-359_MT27.png
Saved figure: WMP_Lib/Dy161/306-359_MT102.png
Vector fitting piece 26/42...
  energy: 3.332e+02 to 3.882e+02 eV (2676 points)
  error tolerance: rtol=0.001, atol=1e-05
Found 7 peaks
Fitting orders from 14 to 200
Order=14(0/94)
Order=16(1/94)
Order=18(2/94)
Order=20(3/94)
Order=22(4/94)
Found ideal results. Stop!
Found 4 real poles and 9 conjugate complex pairs.
Final number of poles: 13
Saved figure: WMP_Lib/Dy161/333-388_MT2.png
Saved figure: WMP_Lib/Dy161/333-388_MT27.png
Saved figure: WMP_Lib/Dy161/333-388_MT102.png
Vector fitting piece 27/42...
  energy: 3.612e+02 to 4.184e+02 eV (3778 points)
  error tolerance: rtol=0.001, atol=1e-05
Found 11 peaks
Fitting orders from 22 to 200
Order=22(0/90)
Order=24(1/90)
Order=26(2/90)
Order=28(3/90)
Found ideal results. Stop!
Found 4 real poles and 12 conjugate complex pairs.
Final number of poles: 16
Saved figure: WMP_Lib/Dy161/361-418_MT2.png
Saved figure: WMP_Lib/Dy161/361-418_MT27.png
Saved figure: WMP_Lib/Dy161/361-418_MT102.png
Vector fitting piece 28/42...
  energy: 3.902e+02 to 4.497e+02 eV (5553 points)
  error tolerance: rtol=0.001, atol=1e-05
Found 16 peaks
Fitting orders from 32 to 200
Order=32(0/85)
Order=34(1/85)
Order=36(2/85)
Order=38(3/85)
Order=40(4/85)
Order=42(5/85)
Order=44(6/85)
Order=46(7/85)
Order=48(8/85)
Order=50(9/85)
Order=52(10/85)
Order=54(11/85)
Order=56(12/85)
Order=58(13/85)
Order=60(14/85)
Found 4 real poles and 17 conjugate complex pairs.
Final number of poles: 21
Saved figure: WMP_Lib/Dy161/390-450_MT2.png
Saved figure: WMP_Lib/Dy161/390-450_MT27.png
Saved figure: WMP_Lib/Dy161/390-450_MT102.png
Vector fitting piece 29/42...
  energy: 4.205e+02 to 4.821e+02 eV (5686 points)
  error tolerance: rtol=0.001, atol=1e-05
Found 16 peaks
Fitting orders from 32 to 200
Order=32(0/85)
Order=34(1/85)
Order=36(2/85)
Order=38(3/85)
Order=40(4/85)
Found ideal results. Stop!
Found 5 real poles and 18 conjugate complex pairs.
Final number of poles: 23
Saved figure: WMP_Lib/Dy161/421-482_MT2.png
Saved figure: WMP_Lib/Dy161/421-482_MT27.png
Saved figure: WMP_Lib/Dy161/421-482_MT102.png
Vector fitting piece 30/42...
  energy: 4.519e+02 to 5.157e+02 eV (5257 points)
  error tolerance: rtol=0.001, atol=1e-05
Found 15 peaks
Fitting orders from 30 to 200
Order=30(0/86)
Order=32(1/86)
Order=34(2/86)
Order=36(3/86)
Order=38(4/86)
Order=40(5/86)
Order=42(6/86)
Order=44(7/86)
Order=46(8/86)
Order=48(9/86)
Order=50(10/86)
Order=52(11/86)
Order=54(12/86)
Order=56(13/86)
Order=58(14/86)
Order=60(15/86)
Found 6 real poles and 15 conjugate complex pairs.
Final number of poles: 21
Saved figure: WMP_Lib/Dy161/452-516_MT2.png
Saved figure: WMP_Lib/Dy161/452-516_MT27.png
Saved figure: WMP_Lib/Dy161/452-516_MT102.png
Vector fitting piece 31/42...
  energy: 4.844e+02 to 5.504e+02 eV (5647 points)
  error tolerance: rtol=0.001, atol=1e-05
Found 16 peaks
Fitting orders from 32 to 200
Order=32(0/85)
Order=34(1/85)
Order=36(2/85)
Order=38(3/85)
Order=40(4/85)
Order=42(5/85)
Order=44(6/85)
Order=46(7/85)
Order=48(8/85)
Order=50(9/85)
Order=52(10/85)
Order=54(11/85)
Order=56(12/85)
Order=58(13/85)
Order=60(14/85)
Found 4 real poles and 17 conjugate complex pairs.
Final number of poles: 21
Saved figure: WMP_Lib/Dy161/484-550_MT2.png
Saved figure: WMP_Lib/Dy161/484-550_MT27.png
Saved figure: WMP_Lib/Dy161/484-550_MT102.png
Vector fitting piece 32/42...
  energy: 5.181e+02 to 5.862e+02 eV (5424 points)
  error tolerance: rtol=0.001, atol=1e-05
Found 15 peaks
Fitting orders from 30 to 200
Order=30(0/86)
Order=32(1/86)
Order=34(2/86)
Order=36(3/86)
Order=38(4/86)
Order=40(5/86)
Order=42(6/86)
Order=44(7/86)
Order=46(8/86)
Order=48(9/86)
Order=50(10/86)
Order=52(11/86)
Order=54(12/86)
Order=56(13/86)
Order=58(14/86)
Order=60(15/86)
Found 6 real poles and 15 conjugate complex pairs.
Final number of poles: 21
Saved figure: WMP_Lib/Dy161/518-586_MT2.png
Saved figure: WMP_Lib/Dy161/518-586_MT27.png
Saved figure: WMP_Lib/Dy161/518-586_MT102.png
Vector fitting piece 33/42...
  energy: 5.529e+02 to 6.232e+02 eV (5636 points)
  error tolerance: rtol=0.001, atol=1e-05
Found 17 peaks
Fitting orders from 34 to 200
Order=34(0/84)
Order=36(1/84)
Order=38(2/84)
Order=40(3/84)
Order=42(4/84)
Order=44(5/84)
Order=46(6/84)
Order=48(7/84)
Order=50(8/84)
Order=52(9/84)
Order=54(10/84)
Order=56(11/84)
Order=58(12/84)
Order=60(13/84)
Found 4 real poles and 18 conjugate complex pairs.
Final number of poles: 22
Saved figure: WMP_Lib/Dy161/553-623_MT2.png
Saved figure: WMP_Lib/Dy161/553-623_MT27.png
Saved figure: WMP_Lib/Dy161/553-623_MT102.png
Vector fitting piece 34/42...
  energy: 5.887e+02 to 6.614e+02 eV (5783 points)
  error tolerance: rtol=0.001, atol=1e-05
Found 17 peaks
Fitting orders from 34 to 200
Order=34(0/84)
Order=36(1/84)
Order=38(2/84)
Order=40(3/84)
Order=42(4/84)
Order=44(5/84)
Order=46(6/84)
Order=48(7/84)
Order=50(8/84)
Order=52(9/84)
Order=54(10/84)
Order=56(11/84)
Order=58(12/84)
Order=60(13/84)
Found 6 real poles and 17 conjugate complex pairs.
Final number of poles: 23
Saved figure: WMP_Lib/Dy161/589-661_MT2.png
Saved figure: WMP_Lib/Dy161/589-661_MT27.png
Saved figure: WMP_Lib/Dy161/589-661_MT102.png
Vector fitting piece 35/42...
  energy: 6.258e+02 to 7.005e+02 eV (5715 points)
  error tolerance: rtol=0.001, atol=1e-05
Found 17 peaks
Fitting orders from 34 to 200
Order=34(0/84)
Order=36(1/84)
Order=38(2/84)
Order=40(3/84)
Order=42(4/84)
Order=44(5/84)
Order=46(6/84)
Order=48(7/84)
Order=50(8/84)
Order=52(9/84)
Order=54(10/84)
Order=56(11/84)
Order=58(12/84)
Order=60(13/84)
Found 4 real poles and 18 conjugate complex pairs.
Final number of poles: 22
Saved figure: WMP_Lib/Dy161/626-700_MT2.png
Saved figure: WMP_Lib/Dy161/626-700_MT27.png
Saved figure: WMP_Lib/Dy161/626-700_MT102.png
Vector fitting piece 36/42...
  energy: 6.639e+02 to 7.408e+02 eV (6230 points)
  error tolerance: rtol=0.001, atol=1e-05
Found 19 peaks
Fitting orders from 38 to 200
Order=38(0/82)
Order=40(1/82)
Order=42(2/82)
Order=44(3/82)
Order=46(4/82)
Order=48(5/82)
Order=50(6/82)
Order=52(7/82)
Order=54(8/82)
Order=56(9/82)
Order=58(10/82)
Order=60(11/82)
Found 4 real poles and 19 conjugate complex pairs.
Final number of poles: 23
Saved figure: WMP_Lib/Dy161/664-741_MT2.png
Saved figure: WMP_Lib/Dy161/664-741_MT27.png
Saved figure: WMP_Lib/Dy161/664-741_MT102.png
Vector fitting piece 37/42...
  energy: 7.032e+02 to 7.823e+02 eV (6987 points)
  error tolerance: rtol=0.001, atol=1e-05
Found 21 peaks
Fitting orders from 42 to 200
Order=42(0/80)
Order=44(1/80)
Order=46(2/80)
Order=48(3/80)
Order=50(4/80)
Order=52(5/80)
Order=54(6/80)
Order=56(7/80)
Order=58(8/80)
Order=60(9/80)
Found 4 real poles and 22 conjugate complex pairs.
Final number of poles: 26
Saved figure: WMP_Lib/Dy161/703-782_MT2.png
Saved figure: WMP_Lib/Dy161/703-782_MT27.png
Saved figure: WMP_Lib/Dy161/703-782_MT102.png
Vector fitting piece 38/42...
  energy: 7.437e+02 to 8.250e+02 eV (6495 points)
  error tolerance: rtol=0.001, atol=1e-05
Found 20 peaks
Fitting orders from 40 to 200
Order=40(0/81)
Order=42(1/81)
Order=44(2/81)
Order=46(3/81)
Order=48(4/81)
Order=50(5/81)
Order=52(6/81)
Order=54(7/81)
Order=56(8/81)
Order=58(9/81)
Order=60(10/81)
Found 6 real poles and 20 conjugate complex pairs.
Final number of poles: 26
Saved figure: WMP_Lib/Dy161/744-825_MT2.png
Saved figure: WMP_Lib/Dy161/744-825_MT27.png
Saved figure: WMP_Lib/Dy161/744-825_MT102.png
Vector fitting piece 39/42...
  energy: 7.852e+02 to 8.686e+02 eV (5790 points)
  error tolerance: rtol=0.001, atol=1e-05
Found 17 peaks
Fitting orders from 34 to 200
Order=34(0/84)
Order=36(1/84)
Order=38(2/84)
Order=40(3/84)
Order=42(4/84)
Order=44(5/84)
Order=46(6/84)
Order=48(7/84)
Order=50(8/84)
Order=52(9/84)
Order=54(10/84)
Order=56(11/84)
Order=58(12/84)
Order=60(13/84)
Found 6 real poles and 18 conjugate complex pairs.
Final number of poles: 24
Saved figure: WMP_Lib/Dy161/785-869_MT2.png
Saved figure: WMP_Lib/Dy161/785-869_MT27.png
Saved figure: WMP_Lib/Dy161/785-869_MT102.png
Vector fitting piece 40/42...
  energy: 8.278e+02 to 9.134e+02 eV (5904 points)
  error tolerance: rtol=0.001, atol=1e-05
Found 17 peaks
Fitting orders from 34 to 200
Order=34(0/84)
Order=36(1/84)
Order=38(2/84)
Order=40(3/84)
Order=42(4/84)
Order=44(5/84)
Order=46(6/84)
Order=48(7/84)
Order=50(8/84)
Order=52(9/84)
Order=54(10/84)
Order=56(11/84)
Order=58(12/84)
Order=60(13/84)
Found 4 real poles and 18 conjugate complex pairs.
Final number of poles: 22
Saved figure: WMP_Lib/Dy161/828-913_MT2.png
Saved figure: WMP_Lib/Dy161/828-913_MT27.png
Saved figure: WMP_Lib/Dy161/828-913_MT102.png
Vector fitting piece 41/42...
  energy: 8.716e+02 to 9.594e+02 eV (6013 points)
  error tolerance: rtol=0.001, atol=1e-05
Found 18 peaks
Fitting orders from 36 to 200
Order=36(0/83)
Order=38(1/83)
Order=40(2/83)
Order=42(3/83)
Order=44(4/83)
Order=46(5/83)
Order=48(6/83)
Order=50(7/83)
Order=52(8/83)
Order=54(9/83)
Order=56(10/83)
Order=58(11/83)
Order=60(12/83)
Found 6 real poles and 18 conjugate complex pairs.
Final number of poles: 24
Saved figure: WMP_Lib/Dy161/872-959_MT2.png
Saved figure: WMP_Lib/Dy161/872-959_MT27.png
Saved figure: WMP_Lib/Dy161/872-959_MT102.png
Vector fitting piece 42/42...
  energy: 9.166e+02 to 9.963e+02 eV (5746 points)
  error tolerance: rtol=0.001, atol=1e-05
Found 18 peaks
Fitting orders from 36 to 200
Order=36(0/83)
Order=38(1/83)
Order=40(2/83)
Order=42(3/83)
Order=44(4/83)
Order=46(5/83)
Order=48(6/83)
Order=50(7/83)
Order=52(8/83)
Order=54(9/83)
Order=56(10/83)
Order=58(11/83)
Order=60(12/83)
Found 4 real poles and 18 conjugate complex pairs.
Final number of poles: 22
Saved figure: WMP_Lib/Dy161/917-996_MT2.png
Saved figure: WMP_Lib/Dy161/917-996_MT27.png
Saved figure: WMP_Lib/Dy161/917-996_MT102.png
Dumped multipole data to file: WMP_Lib/Dy161/Dy161_mp.pickle
Start searching ...
Testing N_win=34 N_cf=10
Failed: Window spacing cannot be larger than piece spacing.
Testing N_win=137 N_cf=10
Windowing:
  config: # windows=137, spacing=0.2303726743680149, CF order=10
  error tolerance: rtol=0.001, atol=1e-05
Best library so far.
Testing N_win=137 N_cf=9
Windowing:
  config: # windows=137, spacing=0.2303726743680149, CF order=9
  error tolerance: rtol=0.001, atol=1e-05
Best library so far.
Testing N_win=137 N_cf=8
Windowing:
  config: # windows=137, spacing=0.2303726743680149, CF order=8
  error tolerance: rtol=0.001, atol=1e-05
Best library so far.
Testing N_win=137 N_cf=7
Windowing:
  config: # windows=137, spacing=0.2303726743680149, CF order=7
  error tolerance: rtol=0.001, atol=1e-05
Best library so far.
Testing N_win=137 N_cf=6
Windowing:
  config: # windows=137, spacing=0.2303726743680149, CF order=6
  error tolerance: rtol=0.001, atol=1e-05
Best library so far.
Testing N_win=137 N_cf=5
Windowing:
  config: # windows=137, spacing=0.2303726743680149, CF order=5
  error tolerance: rtol=0.001, atol=1e-05
Best library so far.
Testing N_win=137 N_cf=4
Windowing:
  config: # windows=137, spacing=0.2303726743680149, CF order=4
  error tolerance: rtol=0.001, atol=1e-05
Testing N_win=137 N_cf=3
Windowing:
  config: # windows=137, spacing=0.2303726743680149, CF order=3
  error tolerance: rtol=0.001, atol=1e-05
Failed: Pure curvefit failed for the first window!
Testing N_win=240 N_cf=10
Windowing:
  config: # windows=240, spacing=0.1315044016184085, CF order=10
  error tolerance: rtol=0.001, atol=1e-05
Best library so far.
Testing N_win=240 N_cf=9
Windowing:
  config: # windows=240, spacing=0.1315044016184085, CF order=9
  error tolerance: rtol=0.001, atol=1e-05
Best library so far.
Testing N_win=240 N_cf=8
Windowing:
  config: # windows=240, spacing=0.1315044016184085, CF order=8
  error tolerance: rtol=0.001, atol=1e-05
Best library so far.
Testing N_win=240 N_cf=7
Windowing:
  config: # windows=240, spacing=0.1315044016184085, CF order=7
  error tolerance: rtol=0.001, atol=1e-05
Best library so far.
Testing N_win=240 N_cf=6
Windowing:
  config: # windows=240, spacing=0.1315044016184085, CF order=6
  error tolerance: rtol=0.001, atol=1e-05
Best library so far.
Testing N_win=240 N_cf=5
Windowing:
  config: # windows=240, spacing=0.1315044016184085, CF order=5
  error tolerance: rtol=0.001, atol=1e-05
Best library so far.
Testing N_win=240 N_cf=4
Windowing:
  config: # windows=240, spacing=0.1315044016184085, CF order=4
  error tolerance: rtol=0.001, atol=1e-05
Testing N_win=240 N_cf=3
Windowing:
  config: # windows=240, spacing=0.1315044016184085, CF order=3
  error tolerance: rtol=0.001, atol=1e-05
Failed: Pure curvefit failed for the first window!
Testing N_win=344 N_cf=10
Windowing:
  config: # windows=344, spacing=0.0917472569430757, CF order=10
  error tolerance: rtol=0.001, atol=1e-05
Testing N_win=344 N_cf=9
Windowing:
  config: # windows=344, spacing=0.0917472569430757, CF order=9
  error tolerance: rtol=0.001, atol=1e-05
Best library so far.
Testing N_win=344 N_cf=8
Windowing:
  config: # windows=344, spacing=0.0917472569430757, CF order=8
  error tolerance: rtol=0.001, atol=1e-05
Best library so far.
Testing N_win=344 N_cf=7
Windowing:
  config: # windows=344, spacing=0.0917472569430757, CF order=7
  error tolerance: rtol=0.001, atol=1e-05
Best library so far.
Testing N_win=344 N_cf=6
Windowing:
  config: # windows=344, spacing=0.0917472569430757, CF order=6
  error tolerance: rtol=0.001, atol=1e-05
Best library so far.
Testing N_win=344 N_cf=5
Windowing:
  config: # windows=344, spacing=0.0917472569430757, CF order=5
  error tolerance: rtol=0.001, atol=1e-05
Best library so far.
Testing N_win=344 N_cf=4
Windowing:
  config: # windows=344, spacing=0.0917472569430757, CF order=4
  error tolerance: rtol=0.001, atol=1e-05
Testing N_win=344 N_cf=3
Windowing:
  config: # windows=344, spacing=0.0917472569430757, CF order=3
  error tolerance: rtol=0.001, atol=1e-05
Failed: Pure curvefit failed for the first window!
Testing N_win=447 N_cf=10
Windowing:
  config: # windows=447, spacing=0.07060639013068913, CF order=10
  error tolerance: rtol=0.001, atol=1e-05
Testing N_win=447 N_cf=9
Windowing:
  config: # windows=447, spacing=0.07060639013068913, CF order=9
  error tolerance: rtol=0.001, atol=1e-05
Testing N_win=447 N_cf=8
Windowing:
  config: # windows=447, spacing=0.07060639013068913, CF order=8
  error tolerance: rtol=0.001, atol=1e-05
Testing N_win=447 N_cf=7
Windowing:
  config: # windows=447, spacing=0.07060639013068913, CF order=7
  error tolerance: rtol=0.001, atol=1e-05
Testing N_win=447 N_cf=6
Windowing:
  config: # windows=447, spacing=0.07060639013068913, CF order=6
  error tolerance: rtol=0.001, atol=1e-05
Best library so far.
Testing N_win=447 N_cf=5
Windowing:
  config: # windows=447, spacing=0.07060639013068913, CF order=5
  error tolerance: rtol=0.001, atol=1e-05
Best library so far.
Testing N_win=447 N_cf=4
Windowing:
  config: # windows=447, spacing=0.07060639013068913, CF order=4
  error tolerance: rtol=0.001, atol=1e-05
Best library so far.
Testing N_win=447 N_cf=3
Windowing:
  config: # windows=447, spacing=0.07060639013068913, CF order=3
  error tolerance: rtol=0.001, atol=1e-05
Failed: Pure curvefit failed for the first window!
Testing N_win=551 N_cf=10
Windowing:
  config: # windows=551, spacing=0.057279594171357605, CF order=10
  error tolerance: rtol=0.001, atol=1e-05
Testing N_win=551 N_cf=9
Windowing:
  config: # windows=551, spacing=0.057279594171357605, CF order=9
  error tolerance: rtol=0.001, atol=1e-05
Testing N_win=551 N_cf=8
Windowing:
  config: # windows=551, spacing=0.057279594171357605, CF order=8
  error tolerance: rtol=0.001, atol=1e-05
Testing N_win=551 N_cf=7
Windowing:
  config: # windows=551, spacing=0.057279594171357605, CF order=7
  error tolerance: rtol=0.001, atol=1e-05
Testing N_win=551 N_cf=6
Windowing:
  config: # windows=551, spacing=0.057279594171357605, CF order=6
  error tolerance: rtol=0.001, atol=1e-05
Testing N_win=551 N_cf=5
Windowing:
  config: # windows=551, spacing=0.057279594171357605, CF order=5
  error tolerance: rtol=0.001, atol=1e-05
Best library so far.
Testing N_win=551 N_cf=4
Windowing:
  config: # windows=551, spacing=0.057279594171357605, CF order=4
  error tolerance: rtol=0.001, atol=1e-05
Best library so far.
Testing N_win=551 N_cf=3
Windowing:
  config: # windows=551, spacing=0.057279594171357605, CF order=3
  error tolerance: rtol=0.001, atol=1e-05
Failed: Pure curvefit failed for the first window!
Testing N_win=654 N_cf=10
Windowing:
  config: # windows=654, spacing=0.048258496006755414, CF order=10
  error tolerance: rtol=0.001, atol=1e-05
Testing N_win=654 N_cf=9
Windowing:
  config: # windows=654, spacing=0.048258496006755414, CF order=9
  error tolerance: rtol=0.001, atol=1e-05
Testing N_win=654 N_cf=8
Windowing:
  config: # windows=654, spacing=0.048258496006755414, CF order=8
  error tolerance: rtol=0.001, atol=1e-05
Testing N_win=654 N_cf=7
Windowing:
  config: # windows=654, spacing=0.048258496006755414, CF order=7
  error tolerance: rtol=0.001, atol=1e-05
Testing N_win=654 N_cf=6
Windowing:
  config: # windows=654, spacing=0.048258496006755414, CF order=6
  error tolerance: rtol=0.001, atol=1e-05
Testing N_win=654 N_cf=5
Windowing:
  config: # windows=654, spacing=0.048258496006755414, CF order=5
  error tolerance: rtol=0.001, atol=1e-05
Best library so far.
Testing N_win=654 N_cf=4
Windowing:
  config: # windows=654, spacing=0.048258496006755414, CF order=4
  error tolerance: rtol=0.001, atol=1e-05
Best library so far.
Testing N_win=654 N_cf=3
Windowing:
  config: # windows=654, spacing=0.048258496006755414, CF order=3
  error tolerance: rtol=0.001, atol=1e-05
Failed: Pure curvefit failed for the first window!
Testing N_win=758 N_cf=10
Windowing:
  config: # windows=758, spacing=0.04163727755727974, CF order=10
  error tolerance: rtol=0.001, atol=1e-05
Testing N_win=758 N_cf=9
Windowing:
  config: # windows=758, spacing=0.04163727755727974, CF order=9
  error tolerance: rtol=0.001, atol=1e-05
Testing N_win=758 N_cf=8
Windowing:
  config: # windows=758, spacing=0.04163727755727974, CF order=8
  error tolerance: rtol=0.001, atol=1e-05
Testing N_win=758 N_cf=7
Windowing:
  config: # windows=758, spacing=0.04163727755727974, CF order=7
  error tolerance: rtol=0.001, atol=1e-05
Testing N_win=758 N_cf=6
Windowing:
  config: # windows=758, spacing=0.04163727755727974, CF order=6
  error tolerance: rtol=0.001, atol=1e-05
Testing N_win=758 N_cf=5
Windowing:
  config: # windows=758, spacing=0.04163727755727974, CF order=5
  error tolerance: rtol=0.001, atol=1e-05
Testing N_win=758 N_cf=4
Windowing:
  config: # windows=758, spacing=0.04163727755727974, CF order=4
  error tolerance: rtol=0.001, atol=1e-05
Testing N_win=758 N_cf=3
Windowing:
  config: # windows=758, spacing=0.04163727755727974, CF order=3
  error tolerance: rtol=0.001, atol=1e-05
Failed: Pure curvefit failed for the first window!
Testing N_win=861 N_cf=10
Windowing:
  config: # windows=861, spacing=0.03665627919676892, CF order=10
  error tolerance: rtol=0.001, atol=1e-05
Testing N_win=861 N_cf=9
Windowing:
  config: # windows=861, spacing=0.03665627919676892, CF order=9
  error tolerance: rtol=0.001, atol=1e-05
Testing N_win=861 N_cf=8
Windowing:
  config: # windows=861, spacing=0.03665627919676892, CF order=8
  error tolerance: rtol=0.001, atol=1e-05
Testing N_win=861 N_cf=7
Windowing:
  config: # windows=861, spacing=0.03665627919676892, CF order=7
  error tolerance: rtol=0.001, atol=1e-05
Testing N_win=861 N_cf=6
Windowing:
  config: # windows=861, spacing=0.03665627919676892, CF order=6
  error tolerance: rtol=0.001, atol=1e-05
Testing N_win=861 N_cf=5
Windowing:
  config: # windows=861, spacing=0.03665627919676892, CF order=5
  error tolerance: rtol=0.001, atol=1e-05
Testing N_win=861 N_cf=4
Windowing:
  config: # windows=861, spacing=0.03665627919676892, CF order=4
  error tolerance: rtol=0.001, atol=1e-05
Testing N_win=861 N_cf=3
Windowing:
  config: # windows=861, spacing=0.03665627919676892, CF order=3
  error tolerance: rtol=0.001, atol=1e-05
Failed: Pure curvefit failed for the first window!
Testing N_win=965 N_cf=10
Windowing:
  config: # windows=965, spacing=0.03270575791545911, CF order=10
  error tolerance: rtol=0.001, atol=1e-05
Testing N_win=965 N_cf=9
Windowing:
  config: # windows=965, spacing=0.03270575791545911, CF order=9
  error tolerance: rtol=0.001, atol=1e-05
Testing N_win=965 N_cf=8
Windowing:
  config: # windows=965, spacing=0.03270575791545911, CF order=8
  error tolerance: rtol=0.001, atol=1e-05
Testing N_win=965 N_cf=7
Windowing:
  config: # windows=965, spacing=0.03270575791545911, CF order=7
  error tolerance: rtol=0.001, atol=1e-05
Testing N_win=965 N_cf=6
Windowing:
  config: # windows=965, spacing=0.03270575791545911, CF order=6
  error tolerance: rtol=0.001, atol=1e-05
Testing N_win=965 N_cf=5
Windowing:
  config: # windows=965, spacing=0.03270575791545911, CF order=5
  error tolerance: rtol=0.001, atol=1e-05
Testing N_win=965 N_cf=4
Windowing:
  config: # windows=965, spacing=0.03270575791545911, CF order=4
  error tolerance: rtol=0.001, atol=1e-05
Testing N_win=965 N_cf=3
Windowing:
  config: # windows=965, spacing=0.03270575791545911, CF order=3
  error tolerance: rtol=0.001, atol=1e-05
Testing N_win=965 N_cf=2
Windowing:
  config: # windows=965, spacing=0.03270575791545911, CF order=2
  error tolerance: rtol=0.001, atol=1e-05
Failed: Pure curvefit failed for the first window!
Testing N_win=1068 N_cf=10
Windowing:
  config: # windows=1068, spacing=0.029551550925485056, CF order=10
  error tolerance: rtol=0.001, atol=1e-05
Testing N_win=1068 N_cf=9
Windowing:
  config: # windows=1068, spacing=0.029551550925485056, CF order=9
  error tolerance: rtol=0.001, atol=1e-05
Testing N_win=1068 N_cf=8
Windowing:
  config: # windows=1068, spacing=0.029551550925485056, CF order=8
  error tolerance: rtol=0.001, atol=1e-05
Testing N_win=1068 N_cf=7
Windowing:
  config: # windows=1068, spacing=0.029551550925485056, CF order=7
  error tolerance: rtol=0.001, atol=1e-05
Testing N_win=1068 N_cf=6
Windowing:
  config: # windows=1068, spacing=0.029551550925485056, CF order=6
  error tolerance: rtol=0.001, atol=1e-05
Testing N_win=1068 N_cf=5
Windowing:
  config: # windows=1068, spacing=0.029551550925485056, CF order=5
  error tolerance: rtol=0.001, atol=1e-05
Testing N_win=1068 N_cf=4
Windowing:
  config: # windows=1068, spacing=0.029551550925485056, CF order=4
  error tolerance: rtol=0.001, atol=1e-05
Testing N_win=1068 N_cf=3
Windowing:
  config: # windows=1068, spacing=0.029551550925485056, CF order=3
  error tolerance: rtol=0.001, atol=1e-05
Testing N_win=1068 N_cf=2
Windowing:
  config: # windows=1068, spacing=0.029551550925485056, CF order=2
  error tolerance: rtol=0.001, atol=1e-05
Failed: Pure curvefit failed for the first window!
Testing N_win=1172 N_cf=10
Windowing:
  config: # windows=1172, spacing=0.02692922900035669, CF order=10
  error tolerance: rtol=0.001, atol=1e-05
Testing N_win=1172 N_cf=9
Windowing:
  config: # windows=1172, spacing=0.02692922900035669, CF order=9
  error tolerance: rtol=0.001, atol=1e-05
Testing N_win=1172 N_cf=8
Windowing:
  config: # windows=1172, spacing=0.02692922900035669, CF order=8
  error tolerance: rtol=0.001, atol=1e-05
Testing N_win=1172 N_cf=7
Windowing:
  config: # windows=1172, spacing=0.02692922900035669, CF order=7
  error tolerance: rtol=0.001, atol=1e-05
Testing N_win=1172 N_cf=6
Windowing:
  config: # windows=1172, spacing=0.02692922900035669, CF order=6
  error tolerance: rtol=0.001, atol=1e-05
Testing N_win=1172 N_cf=5
Windowing:
  config: # windows=1172, spacing=0.02692922900035669, CF order=5
  error tolerance: rtol=0.001, atol=1e-05
Testing N_win=1172 N_cf=4
Windowing:
  config: # windows=1172, spacing=0.02692922900035669, CF order=4
  error tolerance: rtol=0.001, atol=1e-05
Testing N_win=1172 N_cf=3
Windowing:
  config: # windows=1172, spacing=0.02692922900035669, CF order=3
  error tolerance: rtol=0.001, atol=1e-05
Testing N_win=1172 N_cf=2
Windowing:
  config: # windows=1172, spacing=0.02692922900035669, CF order=2
  error tolerance: rtol=0.001, atol=1e-05
Failed: Pure curvefit failed for the first window!
Testing N_win=1275 N_cf=10
Windowing:
  config: # windows=1275, spacing=0.024753769716406308, CF order=10
  error tolerance: rtol=0.001, atol=1e-05
Testing N_win=1275 N_cf=9
Windowing:
  config: # windows=1275, spacing=0.024753769716406308, CF order=9
  error tolerance: rtol=0.001, atol=1e-05
Testing N_win=1275 N_cf=8
Windowing:
  config: # windows=1275, spacing=0.024753769716406308, CF order=8
  error tolerance: rtol=0.001, atol=1e-05
Testing N_win=1275 N_cf=7
Windowing:
  config: # windows=1275, spacing=0.024753769716406308, CF order=7
  error tolerance: rtol=0.001, atol=1e-05
Testing N_win=1275 N_cf=6
Windowing:
  config: # windows=1275, spacing=0.024753769716406308, CF order=6
  error tolerance: rtol=0.001, atol=1e-05
Testing N_win=1275 N_cf=5
Windowing:
  config: # windows=1275, spacing=0.024753769716406308, CF order=5
  error tolerance: rtol=0.001, atol=1e-05
Testing N_win=1275 N_cf=4
Windowing:
  config: # windows=1275, spacing=0.024753769716406308, CF order=4
  error tolerance: rtol=0.001, atol=1e-05
Testing N_win=1275 N_cf=3
Windowing:
  config: # windows=1275, spacing=0.024753769716406308, CF order=3
  error tolerance: rtol=0.001, atol=1e-05
Testing N_win=1275 N_cf=2
Windowing:
  config: # windows=1275, spacing=0.024753769716406308, CF order=2
  error tolerance: rtol=0.001, atol=1e-05
Failed: Pure curvefit failed for the first window!
Testing N_win=1379 N_cf=10
Windowing:
  config: # windows=1379, spacing=0.022886915437576535, CF order=10
  error tolerance: rtol=0.001, atol=1e-05
Testing N_win=1379 N_cf=9
Windowing:
  config: # windows=1379, spacing=0.022886915437576535, CF order=9
  error tolerance: rtol=0.001, atol=1e-05
Testing N_win=1379 N_cf=8
Windowing:
  config: # windows=1379, spacing=0.022886915437576535, CF order=8
  error tolerance: rtol=0.001, atol=1e-05
Testing N_win=1379 N_cf=7
Windowing:
  config: # windows=1379, spacing=0.022886915437576535, CF order=7
  error tolerance: rtol=0.001, atol=1e-05
Testing N_win=1379 N_cf=6
Windowing:
  config: # windows=1379, spacing=0.022886915437576535, CF order=6
  error tolerance: rtol=0.001, atol=1e-05
Testing N_win=1379 N_cf=5
Windowing:
  config: # windows=1379, spacing=0.022886915437576535, CF order=5
  error tolerance: rtol=0.001, atol=1e-05
Testing N_win=1379 N_cf=4
Windowing:
  config: # windows=1379, spacing=0.022886915437576535, CF order=4
  error tolerance: rtol=0.001, atol=1e-05
Testing N_win=1379 N_cf=3
Windowing:
  config: # windows=1379, spacing=0.022886915437576535, CF order=3
  error tolerance: rtol=0.001, atol=1e-05
Testing N_win=1379 N_cf=2
Windowing:
  config: # windows=1379, spacing=0.022886915437576535, CF order=2
  error tolerance: rtol=0.001, atol=1e-05
Failed: Pure curvefit failed for the first window!
Testing N_win=1482 N_cf=10
Windowing:
  config: # windows=1482, spacing=0.021296259371402188, CF order=10
  error tolerance: rtol=0.001, atol=1e-05
Testing N_win=1482 N_cf=9
Windowing:
  config: # windows=1482, spacing=0.021296259371402188, CF order=9
  error tolerance: rtol=0.001, atol=1e-05
Testing N_win=1482 N_cf=8
Windowing:
  config: # windows=1482, spacing=0.021296259371402188, CF order=8
  error tolerance: rtol=0.001, atol=1e-05
Testing N_win=1482 N_cf=7
Windowing:
  config: # windows=1482, spacing=0.021296259371402188, CF order=7
  error tolerance: rtol=0.001, atol=1e-05
Testing N_win=1482 N_cf=6
Windowing:
  config: # windows=1482, spacing=0.021296259371402188, CF order=6
  error tolerance: rtol=0.001, atol=1e-05
Testing N_win=1482 N_cf=5
Windowing:
  config: # windows=1482, spacing=0.021296259371402188, CF order=5
  error tolerance: rtol=0.001, atol=1e-05
Testing N_win=1482 N_cf=4
Windowing:
  config: # windows=1482, spacing=0.021296259371402188, CF order=4
  error tolerance: rtol=0.001, atol=1e-05
Testing N_win=1482 N_cf=3
Windowing:
  config: # windows=1482, spacing=0.021296259371402188, CF order=3
  error tolerance: rtol=0.001, atol=1e-05
Testing N_win=1482 N_cf=2
Windowing:
  config: # windows=1482, spacing=0.021296259371402188, CF order=2
  error tolerance: rtol=0.001, atol=1e-05
Failed: Pure curvefit failed for the first window!
Testing N_win=1586 N_cf=10
Windowing:
  config: # windows=1586, spacing=0.019899783347047947, CF order=10
  error tolerance: rtol=0.001, atol=1e-05
Testing N_win=1586 N_cf=9
Windowing:
  config: # windows=1586, spacing=0.019899783347047947, CF order=9
  error tolerance: rtol=0.001, atol=1e-05
Testing N_win=1586 N_cf=8
Windowing:
  config: # windows=1586, spacing=0.019899783347047947, CF order=8
  error tolerance: rtol=0.001, atol=1e-05
Testing N_win=1586 N_cf=7
Windowing:
  config: # windows=1586, spacing=0.019899783347047947, CF order=7
  error tolerance: rtol=0.001, atol=1e-05
Testing N_win=1586 N_cf=6
Windowing:
  config: # windows=1586, spacing=0.019899783347047947, CF order=6
  error tolerance: rtol=0.001, atol=1e-05
Testing N_win=1586 N_cf=5
Windowing:
  config: # windows=1586, spacing=0.019899783347047947, CF order=5
  error tolerance: rtol=0.001, atol=1e-05
Testing N_win=1586 N_cf=4
Windowing:
  config: # windows=1586, spacing=0.019899783347047947, CF order=4
  error tolerance: rtol=0.001, atol=1e-05
Testing N_win=1586 N_cf=3
Windowing:
  config: # windows=1586, spacing=0.019899783347047947, CF order=3
  error tolerance: rtol=0.001, atol=1e-05
Testing N_win=1586 N_cf=2
Windowing:
  config: # windows=1586, spacing=0.019899783347047947, CF order=2
  error tolerance: rtol=0.001, atol=1e-05
Failed: Pure curvefit failed for the first window!
Testing N_win=1689 N_cf=10
Windowing:
  config: # windows=1689, spacing=0.01868623824062643, CF order=10
  error tolerance: rtol=0.001, atol=1e-05
Testing N_win=1689 N_cf=9
Windowing:
  config: # windows=1689, spacing=0.01868623824062643, CF order=9
  error tolerance: rtol=0.001, atol=1e-05
Testing N_win=1689 N_cf=8
Windowing:
  config: # windows=1689, spacing=0.01868623824062643, CF order=8
  error tolerance: rtol=0.001, atol=1e-05
Testing N_win=1689 N_cf=7
Windowing:
  config: # windows=1689, spacing=0.01868623824062643, CF order=7
  error tolerance: rtol=0.001, atol=1e-05
Testing N_win=1689 N_cf=6
Windowing:
  config: # windows=1689, spacing=0.01868623824062643, CF order=6
  error tolerance: rtol=0.001, atol=1e-05
Testing N_win=1689 N_cf=5
Windowing:
  config: # windows=1689, spacing=0.01868623824062643, CF order=5
  error tolerance: rtol=0.001, atol=1e-05
Testing N_win=1689 N_cf=4
Windowing:
  config: # windows=1689, spacing=0.01868623824062643, CF order=4
  error tolerance: rtol=0.001, atol=1e-05
Testing N_win=1689 N_cf=3
Windowing:
  config: # windows=1689, spacing=0.01868623824062643, CF order=3
  error tolerance: rtol=0.001, atol=1e-05
Testing N_win=1689 N_cf=2
Windowing:
  config: # windows=1689, spacing=0.01868623824062643, CF order=2
  error tolerance: rtol=0.001, atol=1e-05
Failed: Pure curvefit failed for the first window!
Testing N_win=1793 N_cf=10
Windowing:
  config: # windows=1793, spacing=0.017602373892034603, CF order=10
  error tolerance: rtol=0.001, atol=1e-05
Testing N_win=1793 N_cf=9
Windowing:
  config: # windows=1793, spacing=0.017602373892034603, CF order=9
  error tolerance: rtol=0.001, atol=1e-05
Testing N_win=1793 N_cf=8
Windowing:
  config: # windows=1793, spacing=0.017602373892034603, CF order=8
  error tolerance: rtol=0.001, atol=1e-05
Testing N_win=1793 N_cf=7
Windowing:
  config: # windows=1793, spacing=0.017602373892034603, CF order=7
  error tolerance: rtol=0.001, atol=1e-05
Testing N_win=1793 N_cf=6
Windowing:
  config: # windows=1793, spacing=0.017602373892034603, CF order=6
  error tolerance: rtol=0.001, atol=1e-05
Testing N_win=1793 N_cf=5
Windowing:
  config: # windows=1793, spacing=0.017602373892034603, CF order=5
  error tolerance: rtol=0.001, atol=1e-05
Testing N_win=1793 N_cf=4
Windowing:
  config: # windows=1793, spacing=0.017602373892034603, CF order=4
  error tolerance: rtol=0.001, atol=1e-05
Testing N_win=1793 N_cf=3
Windowing:
  config: # windows=1793, spacing=0.017602373892034603, CF order=3
  error tolerance: rtol=0.001, atol=1e-05
Testing N_win=1793 N_cf=2
Windowing:
  config: # windows=1793, spacing=0.017602373892034603, CF order=2
  error tolerance: rtol=0.001, atol=1e-05
Failed: Pure curvefit failed for the first window!
Testing N_win=1896 N_cf=10
Windowing:
  config: # windows=1896, spacing=0.01664612678714032, CF order=10
  error tolerance: rtol=0.001, atol=1e-05
Testing N_win=1896 N_cf=9
Windowing:
  config: # windows=1896, spacing=0.01664612678714032, CF order=9
  error tolerance: rtol=0.001, atol=1e-05
Testing N_win=1896 N_cf=8
Windowing:
  config: # windows=1896, spacing=0.01664612678714032, CF order=8
  error tolerance: rtol=0.001, atol=1e-05
Testing N_win=1896 N_cf=7
Windowing:
  config: # windows=1896, spacing=0.01664612678714032, CF order=7
  error tolerance: rtol=0.001, atol=1e-05
Testing N_win=1896 N_cf=6
Windowing:
  config: # windows=1896, spacing=0.01664612678714032, CF order=6
  error tolerance: rtol=0.001, atol=1e-05
Testing N_win=1896 N_cf=5
Windowing:
  config: # windows=1896, spacing=0.01664612678714032, CF order=5
  error tolerance: rtol=0.001, atol=1e-05
Testing N_win=1896 N_cf=4
Windowing:
  config: # windows=1896, spacing=0.01664612678714032, CF order=4
  error tolerance: rtol=0.001, atol=1e-05
Testing N_win=1896 N_cf=3
Windowing:
  config: # windows=1896, spacing=0.01664612678714032, CF order=3
  error tolerance: rtol=0.001, atol=1e-05
Testing N_win=1896 N_cf=2
Windowing:
  config: # windows=1896, spacing=0.01664612678714032, CF order=2
  error tolerance: rtol=0.001, atol=1e-05
Failed: Pure curvefit failed for the first window!
Testing N_win=2000 N_cf=10
Windowing:
  config: # windows=2000, spacing=0.015780528194209022, CF order=10
  error tolerance: rtol=0.001, atol=1e-05
Testing N_win=2000 N_cf=9
Windowing:
  config: # windows=2000, spacing=0.015780528194209022, CF order=9
  error tolerance: rtol=0.001, atol=1e-05
Testing N_win=2000 N_cf=8
Windowing:
  config: # windows=2000, spacing=0.015780528194209022, CF order=8
  error tolerance: rtol=0.001, atol=1e-05
Testing N_win=2000 N_cf=7
Windowing:
  config: # windows=2000, spacing=0.015780528194209022, CF order=7
  error tolerance: rtol=0.001, atol=1e-05
Testing N_win=2000 N_cf=6
Windowing:
  config: # windows=2000, spacing=0.015780528194209022, CF order=6
  error tolerance: rtol=0.001, atol=1e-05
Testing N_win=2000 N_cf=5
Windowing:
  config: # windows=2000, spacing=0.015780528194209022, CF order=5
  error tolerance: rtol=0.001, atol=1e-05
Testing N_win=2000 N_cf=4
Windowing:
  config: # windows=2000, spacing=0.015780528194209022, CF order=4
  error tolerance: rtol=0.001, atol=1e-05
Testing N_win=2000 N_cf=3
Windowing:
  config: # windows=2000, spacing=0.015780528194209022, CF order=3
  error tolerance: rtol=0.001, atol=1e-05
Testing N_win=2000 N_cf=2
Windowing:
  config: # windows=2000, spacing=0.015780528194209022, CF order=2
  error tolerance: rtol=0.001, atol=1e-05
Failed: Pure curvefit failed for the first window!
Final library: 485 poles, 654 windows, 6.2 poles per window, 4 CF order
