Running NJOY to get 0K point-wise data (error=0.0005)...
Parsing cross sections within resolved resonance range...
  MTs: [2, 27, 102]
  Energy range: 1.000e-05 to 3.180e+03 eV (59218 points)
Vector fitting piece 1/29...
  energy: 1.000e-05 to 4.485e+00 eV (979 points)
  error tolerance: rtol=0.001, atol=1e-05
Found 3 peaks
Fitting orders from 6 to 200
Order=6(0/98)
Found ideal results. Stop!
Found 2 real poles and 2 conjugate complex pairs.
Final number of poles: 4
Saved figure: WMP_Lib/Nd145/0-4_MT2.png
Saved figure: WMP_Lib/Nd145/0-4_MT27.png
Saved figure: WMP_Lib/Nd145/0-4_MT102.png
Vector fitting piece 2/29...
  energy: 6.250e-01 to 1.750e+01 eV (742 points)
  error tolerance: rtol=0.001, atol=1e-05
Found 3 peaks
Fitting orders from 6 to 200
Order=6(0/98)
Found ideal results. Stop!
Found 2 real poles and 2 conjugate complex pairs.
Final number of poles: 4
Saved figure: WMP_Lib/Nd145/1-18_MT2.png
Saved figure: WMP_Lib/Nd145/1-18_MT27.png
Saved figure: WMP_Lib/Nd145/1-18_MT102.png
Vector fitting piece 3/29...
  energy: 7.500e+00 to 3.623e+01 eV (214 points)
  error tolerance: rtol=0.001, atol=1e-05
Found 0 peaks
Fitting orders from 2 to 200
Order=2(0/100)
Order=4(1/100)
Order=6(2/100)
Found ideal results. Stop!
Found 4 real poles and 1 conjugate complex pairs.
Final number of poles: 5
Saved figure: WMP_Lib/Nd145/8-36_MT2.png
Saved figure: WMP_Lib/Nd145/8-36_MT27.png
Saved figure: WMP_Lib/Nd145/8-36_MT102.png
Vector fitting piece 4/29...
  energy: 2.182e+01 to 6.394e+01 eV (570 points)
  error tolerance: rtol=0.001, atol=1e-05
Found 2 peaks
Fitting orders from 4 to 200
Order=4(0/99)
Order=6(1/99)
Order=8(2/99)
Order=10(3/99)
Order=12(4/99)
Order=14(5/99)
Order=16(6/99)
Order=18(7/99)
Order=20(8/99)
Order=22(9/99)
Order=24(10/99)
Order=26(11/99)
Order=28(12/99)
Order=30(13/99)
Order=32(14/99)
Order=34(15/99)
Order=36(16/99)
Order=38(17/99)
Order=40(18/99)
Order=42(19/99)
Order=44(20/99)
Order=46(21/99)
Order=48(22/99)
Order=50(23/99)
Order=52(24/99)
Order=54(25/99)
Order=56(26/99)
Order=58(27/99)
Order=60(28/99)
Found 1 real poles and 3 conjugate complex pairs.
Final number of poles: 4
Saved figure: WMP_Lib/Nd145/22-64_MT2.png
Saved figure: WMP_Lib/Nd145/22-64_MT27.png
Saved figure: WMP_Lib/Nd145/22-64_MT102.png
Vector fitting piece 5/29...
  energy: 4.406e+01 to 9.797e+01 eV (1213 points)
  error tolerance: rtol=0.001, atol=1e-05
Found 4 peaks
Fitting orders from 8 to 200
Order=8(0/97)
Order=10(1/97)
Found ideal results. Stop!
Found 0 real poles and 5 conjugate complex pairs.
Final number of poles: 5
Saved figure: WMP_Lib/Nd145/44-98_MT2.png
Saved figure: WMP_Lib/Nd145/44-98_MT27.png
Saved figure: WMP_Lib/Nd145/44-98_MT102.png
Vector fitting piece 6/29...
  energy: 7.342e+01 to 1.404e+02 eV (1887 points)
  error tolerance: rtol=0.001, atol=1e-05
Found 5 peaks
Fitting orders from 10 to 200
Order=10(0/96)
Order=12(1/96)
Order=14(2/96)
Order=16(3/96)
Order=18(4/96)
Order=20(5/96)
Order=22(6/96)
Order=24(7/96)
Order=26(8/96)
Order=28(9/96)
Order=30(10/96)
Order=32(11/96)
Order=34(12/96)
Order=36(13/96)
Order=38(14/96)
Order=40(15/96)
Order=42(16/96)
Order=44(17/96)
Order=46(18/96)
Order=48(19/96)
Order=50(20/96)
Order=52(21/96)
Order=54(22/96)
Order=56(23/96)
Order=58(24/96)
Order=60(25/96)
Found 4 real poles and 4 conjugate complex pairs.
Final number of poles: 8
Saved figure: WMP_Lib/Nd145/73-140_MT2.png
Saved figure: WMP_Lib/Nd145/73-140_MT27.png
Saved figure: WMP_Lib/Nd145/73-140_MT102.png
Vector fitting piece 7/29...
  energy: 1.108e+02 to 1.900e+02 eV (2067 points)
  error tolerance: rtol=0.001, atol=1e-05
Found 5 peaks
Fitting orders from 10 to 200
Order=10(0/96)
Order=12(1/96)
Order=14(2/96)
Order=16(3/96)
Order=18(4/96)
Order=20(5/96)
Order=22(6/96)
Order=24(7/96)
Order=26(8/96)
Order=28(9/96)
Order=30(10/96)
Order=32(11/96)
Order=34(12/96)
Order=36(13/96)
Order=38(14/96)
Order=40(15/96)
Order=42(16/96)
Order=44(17/96)
Order=46(18/96)
Order=48(19/96)
Order=50(20/96)
Order=52(21/96)
Order=54(22/96)
Order=56(23/96)
Order=58(24/96)
Order=60(25/96)
Found 2 real poles and 5 conjugate complex pairs.
Final number of poles: 7
Saved figure: WMP_Lib/Nd145/111-190_MT2.png
Saved figure: WMP_Lib/Nd145/111-190_MT27.png
Saved figure: WMP_Lib/Nd145/111-190_MT102.png
Vector fitting piece 8/29...
  energy: 1.555e+02 to 2.474e+02 eV (2239 points)
  error tolerance: rtol=0.001, atol=1e-05
Found 6 peaks
Fitting orders from 12 to 200
Order=12(0/95)
Order=14(1/95)
Order=16(2/95)
Order=18(3/95)
Order=20(4/95)
Order=22(5/95)
Order=24(6/95)
Order=26(7/95)
Order=28(8/95)
Order=30(9/95)
Order=32(10/95)
Order=34(11/95)
Order=36(12/95)
Order=38(13/95)
Order=40(14/95)
Order=42(15/95)
Order=44(16/95)
Order=46(17/95)
Order=48(18/95)
Order=50(19/95)
Order=52(20/95)
Order=54(21/95)
Order=56(22/95)
Order=58(23/95)
Order=60(24/95)
Found 5 real poles and 6 conjugate complex pairs.
Final number of poles: 11
Saved figure: WMP_Lib/Nd145/156-247_MT2.png
Saved figure: WMP_Lib/Nd145/156-247_MT27.png
Saved figure: WMP_Lib/Nd145/156-247_MT102.png
Vector fitting piece 9/29...
  energy: 2.075e+02 to 3.123e+02 eV (3246 points)
  error tolerance: rtol=0.001, atol=1e-05
Found 8 peaks
Fitting orders from 16 to 200
Order=16(0/93)
Order=18(1/93)
Order=20(2/93)
Order=22(3/93)
Order=24(4/93)
Order=26(5/93)
Order=28(6/93)
Order=30(7/93)
Order=32(8/93)
Order=34(9/93)
Order=36(10/93)
Order=38(11/93)
Order=40(12/93)
Order=42(13/93)
Order=44(14/93)
Order=46(15/93)
Order=48(16/93)
Order=50(17/93)
Order=52(18/93)
Order=54(19/93)
Order=56(20/93)
Order=58(21/93)
Order=60(22/93)
Found 4 real poles and 7 conjugate complex pairs.
Final number of poles: 11
Saved figure: WMP_Lib/Nd145/207-312_MT2.png
Saved figure: WMP_Lib/Nd145/207-312_MT27.png
Saved figure: WMP_Lib/Nd145/207-312_MT102.png
Vector fitting piece 10/29...
  energy: 2.676e+02 to 3.851e+02 eV (2971 points)
  error tolerance: rtol=0.001, atol=1e-05
Found 7 peaks
Fitting orders from 14 to 200
Order=14(0/94)
Order=16(1/94)
Order=18(2/94)
Found ideal results. Stop!
Found 6 real poles and 6 conjugate complex pairs.
Final number of poles: 12
Saved figure: WMP_Lib/Nd145/268-385_MT2.png
Saved figure: WMP_Lib/Nd145/268-385_MT27.png
Saved figure: WMP_Lib/Nd145/268-385_MT102.png
Vector fitting piece 11/29...
  energy: 3.350e+02 to 4.650e+02 eV (3515 points)
  error tolerance: rtol=0.001, atol=1e-05
Found 8 peaks
Fitting orders from 16 to 200
Order=16(0/93)
Order=18(1/93)
Order=20(2/93)
Order=22(3/93)
Order=24(4/93)
Order=26(5/93)
Order=28(6/93)
Order=30(7/93)
Order=32(8/93)
Order=34(9/93)
Order=36(10/93)
Order=38(11/93)
Order=40(12/93)
Order=42(13/93)
Order=44(14/93)
Order=46(15/93)
Order=48(16/93)
Order=50(17/93)
Order=52(18/93)
Order=54(19/93)
Order=56(20/93)
Order=58(21/93)
Order=60(22/93)
Found 3 real poles and 10 conjugate complex pairs.
Final number of poles: 13
Saved figure: WMP_Lib/Nd145/335-465_MT2.png
Saved figure: WMP_Lib/Nd145/335-465_MT27.png
Saved figure: WMP_Lib/Nd145/335-465_MT102.png
Vector fitting piece 12/29...
  energy: 4.100e+02 to 5.527e+02 eV (2962 points)
  error tolerance: rtol=0.001, atol=1e-05
Found 7 peaks
Fitting orders from 14 to 200
Order=14(0/94)
Order=16(1/94)
Order=18(2/94)
Order=20(3/94)
Order=22(4/94)
Order=24(5/94)
Order=26(6/94)
Order=28(7/94)
Order=30(8/94)
Order=32(9/94)
Order=34(10/94)
Order=36(11/94)
Order=38(12/94)
Order=40(13/94)
Order=42(14/94)
Order=44(15/94)
Order=46(16/94)
Order=48(17/94)
Order=50(18/94)
Order=52(19/94)
Order=54(20/94)
Order=56(21/94)
Order=58(22/94)
Order=60(23/94)
Found 4 real poles and 8 conjugate complex pairs.
Final number of poles: 12
Saved figure: WMP_Lib/Nd145/410-553_MT2.png
Saved figure: WMP_Lib/Nd145/410-553_MT27.png
Saved figure: WMP_Lib/Nd145/410-553_MT102.png
Vector fitting piece 13/29...
  energy: 4.926e+02 to 6.477e+02 eV (3496 points)
  error tolerance: rtol=0.001, atol=1e-05
Found 8 peaks
Fitting orders from 16 to 200
Order=16(0/93)
Order=18(1/93)
Order=20(2/93)
Order=22(3/93)
Order=24(4/93)
Order=26(5/93)
Order=28(6/93)
Order=30(7/93)
Order=32(8/93)
Order=34(9/93)
Order=36(10/93)
Order=38(11/93)
Order=40(12/93)
Order=42(13/93)
Order=44(14/93)
Order=46(15/93)
Order=48(16/93)
Order=50(17/93)
Order=52(18/93)
Order=54(19/93)
Order=56(20/93)
Order=58(21/93)
Order=60(22/93)
Found 4 real poles and 9 conjugate complex pairs.
Final number of poles: 13
Saved figure: WMP_Lib/Nd145/493-648_MT2.png
Saved figure: WMP_Lib/Nd145/493-648_MT27.png
Saved figure: WMP_Lib/Nd145/493-648_MT102.png
Vector fitting piece 14/29...
  energy: 5.827e+02 to 7.506e+02 eV (4401 points)
  error tolerance: rtol=0.001, atol=1e-05
Found 11 peaks
Fitting orders from 22 to 200
Order=22(0/90)
Order=24(1/90)
Order=26(2/90)
Order=28(3/90)
Order=30(4/90)
Order=32(5/90)
Order=34(6/90)
Order=36(7/90)
Order=38(8/90)
Order=40(9/90)
Order=42(10/90)
Order=44(11/90)
Order=46(12/90)
Order=48(13/90)
Order=50(14/90)
Order=52(15/90)
Order=54(16/90)
Order=56(17/90)
Order=58(18/90)
Order=60(19/90)
Found 4 real poles and 11 conjugate complex pairs.
Final number of poles: 15
Saved figure: WMP_Lib/Nd145/583-751_MT2.png
Saved figure: WMP_Lib/Nd145/583-751_MT27.png
Saved figure: WMP_Lib/Nd145/583-751_MT102.png
Vector fitting piece 15/29...
  energy: 6.800e+02 to 8.612e+02 eV (3913 points)
  error tolerance: rtol=0.001, atol=1e-05
Found 11 peaks
Fitting orders from 22 to 200
Order=22(0/90)
Order=24(1/90)
Order=26(2/90)
Order=28(3/90)
Order=30(4/90)
Order=32(5/90)
Order=34(6/90)
Order=36(7/90)
Order=38(8/90)
Order=40(9/90)
Order=42(10/90)
Order=44(11/90)
Order=46(12/90)
Order=48(13/90)
Order=50(14/90)
Order=52(15/90)
Order=54(16/90)
Order=56(17/90)
Order=58(18/90)
Order=60(19/90)
Found 4 real poles and 11 conjugate complex pairs.
Final number of poles: 15
Saved figure: WMP_Lib/Nd145/680-861_MT2.png
Saved figure: WMP_Lib/Nd145/680-861_MT27.png
Saved figure: WMP_Lib/Nd145/680-861_MT102.png
Vector fitting piece 16/29...
  energy: 7.855e+02 to 9.787e+02 eV (4669 points)
  error tolerance: rtol=0.001, atol=1e-05
Found 13 peaks
Fitting orders from 26 to 200
Order=26(0/88)
Order=28(1/88)
Order=30(2/88)
Order=32(3/88)
Order=34(4/88)
Order=36(5/88)
Order=38(6/88)
Order=40(7/88)
Order=42(8/88)
Order=44(9/88)
Order=46(10/88)
Order=48(11/88)
Order=50(12/88)
Order=52(13/88)
Order=54(14/88)
Order=56(15/88)
Order=58(16/88)
Order=60(17/88)
Found 4 real poles and 14 conjugate complex pairs.
Final number of poles: 18
Saved figure: WMP_Lib/Nd145/786-979_MT2.png
Saved figure: WMP_Lib/Nd145/786-979_MT27.png
Saved figure: WMP_Lib/Nd145/786-979_MT102.png
Vector fitting piece 17/29...
  energy: 8.983e+02 to 1.105e+03 eV (4398 points)
  error tolerance: rtol=0.001, atol=1e-05
Found 12 peaks
Fitting orders from 24 to 200
Order=24(0/89)
Order=26(1/89)
Order=28(2/89)
Order=30(3/89)
Order=32(4/89)
Order=34(5/89)
Order=36(6/89)
Order=38(7/89)
Order=40(8/89)
Order=42(9/89)
Order=44(10/89)
Order=46(11/89)
Order=48(12/89)
Order=50(13/89)
Order=52(14/89)
Order=54(15/89)
Order=56(16/89)
Order=58(17/89)
Order=60(18/89)
Found 6 real poles and 12 conjugate complex pairs.
Final number of poles: 18
Saved figure: WMP_Lib/Nd145/898-1105_MT2.png
Saved figure: WMP_Lib/Nd145/898-1105_MT27.png
Saved figure: WMP_Lib/Nd145/898-1105_MT102.png
Vector fitting piece 18/29...
  energy: 1.019e+03 to 1.237e+03 eV (3400 points)
  error tolerance: rtol=0.001, atol=1e-05
Found 8 peaks
Fitting orders from 16 to 200
Order=16(0/93)
Order=18(1/93)
Order=20(2/93)
Order=22(3/93)
Order=24(4/93)
Order=26(5/93)
Order=28(6/93)
Order=30(7/93)
Order=32(8/93)
Order=34(9/93)
Order=36(10/93)
Order=38(11/93)
Order=40(12/93)
Order=42(13/93)
Order=44(14/93)
Order=46(15/93)
Order=48(16/93)
Order=50(17/93)
Order=52(18/93)
Order=54(19/93)
Order=56(20/93)
Order=58(21/93)
Order=60(22/93)
Found 4 real poles and 10 conjugate complex pairs.
Final number of poles: 14
Saved figure: WMP_Lib/Nd145/1019-1237_MT2.png
Saved figure: WMP_Lib/Nd145/1019-1237_MT27.png
Saved figure: WMP_Lib/Nd145/1019-1237_MT102.png
Vector fitting piece 19/29...
  energy: 1.147e+03 to 1.378e+03 eV (3953 points)
  error tolerance: rtol=0.001, atol=1e-05
Found 10 peaks
Fitting orders from 20 to 200
Order=20(0/91)
Order=22(1/91)
Order=24(2/91)
Order=26(3/91)
Order=28(4/91)
Order=30(5/91)
Order=32(6/91)
Order=34(7/91)
Order=36(8/91)
Order=38(9/91)
Order=40(10/91)
Order=42(11/91)
Order=44(12/91)
Order=46(13/91)
Order=48(14/91)
Order=50(15/91)
Order=52(16/91)
Order=54(17/91)
Order=56(18/91)
Order=58(19/91)
Order=60(20/91)
Found 4 real poles and 12 conjugate complex pairs.
Final number of poles: 16
Saved figure: WMP_Lib/Nd145/1147-1378_MT2.png
Saved figure: WMP_Lib/Nd145/1147-1378_MT27.png
Saved figure: WMP_Lib/Nd145/1147-1378_MT102.png
Vector fitting piece 20/29...
  energy: 1.282e+03 to 1.526e+03 eV (4346 points)
  error tolerance: rtol=0.001, atol=1e-05
Found 12 peaks
Fitting orders from 24 to 200
Order=24(0/89)
Order=26(1/89)
Order=28(2/89)
Order=30(3/89)
Order=32(4/89)
Order=34(5/89)
Order=36(6/89)
Order=38(7/89)
Order=40(8/89)
Order=42(9/89)
Order=44(10/89)
Order=46(11/89)
Order=48(12/89)
Order=50(13/89)
Order=52(14/89)
Order=54(15/89)
Order=56(16/89)
Order=58(17/89)
Order=60(18/89)
Found 4 real poles and 12 conjugate complex pairs.
Final number of poles: 16
Saved figure: WMP_Lib/Nd145/1282-1526_MT2.png
Saved figure: WMP_Lib/Nd145/1282-1526_MT27.png
Saved figure: WMP_Lib/Nd145/1282-1526_MT102.png
Vector fitting piece 21/29...
  energy: 1.425e+03 to 1.682e+03 eV (4600 points)
  error tolerance: rtol=0.001, atol=1e-05
Found 12 peaks
Fitting orders from 24 to 200
Order=24(0/89)
Order=26(1/89)
Order=28(2/89)
Order=30(3/89)
Order=32(4/89)
Order=34(5/89)
Order=36(6/89)
Order=38(7/89)
Order=40(8/89)
Order=42(9/89)
Order=44(10/89)
Order=46(11/89)
Order=48(12/89)
Order=50(13/89)
Order=52(14/89)
Order=54(15/89)
Order=56(16/89)
Order=58(17/89)
Order=60(18/89)
Found 5 real poles and 13 conjugate complex pairs.
Final number of poles: 18
Saved figure: WMP_Lib/Nd145/1425-1682_MT2.png
Saved figure: WMP_Lib/Nd145/1425-1682_MT27.png
Saved figure: WMP_Lib/Nd145/1425-1682_MT102.png
Vector fitting piece 22/29...
  energy: 1.576e+03 to 1.845e+03 eV (3910 points)
  error tolerance: rtol=0.001, atol=1e-05
Found 11 peaks
Fitting orders from 22 to 200
Order=22(0/90)
Order=24(1/90)
Order=26(2/90)
Order=28(3/90)
Order=30(4/90)
Order=32(5/90)
Order=34(6/90)
Order=36(7/90)
Order=38(8/90)
Order=40(9/90)
Order=42(10/90)
Order=44(11/90)
Order=46(12/90)
Order=48(13/90)
Order=50(14/90)
Order=52(15/90)
Order=54(16/90)
Order=56(17/90)
Order=58(18/90)
Order=60(19/90)
Found 4 real poles and 13 conjugate complex pairs.
Final number of poles: 17
Saved figure: WMP_Lib/Nd145/1576-1845_MT2.png
Saved figure: WMP_Lib/Nd145/1576-1845_MT27.png
Saved figure: WMP_Lib/Nd145/1576-1845_MT102.png
Vector fitting piece 23/29...
  energy: 1.734e+03 to 2.016e+03 eV (4230 points)
  error tolerance: rtol=0.001, atol=1e-05
Found 13 peaks
Fitting orders from 26 to 200
Order=26(0/88)
Order=28(1/88)
Order=30(2/88)
Order=32(3/88)
Order=34(4/88)
Order=36(5/88)
Order=38(6/88)
Order=40(7/88)
Order=42(8/88)
Order=44(9/88)
Order=46(10/88)
Order=48(11/88)
Order=50(12/88)
Order=52(13/88)
Order=54(14/88)
Order=56(15/88)
Order=58(16/88)
Order=60(17/88)
Found 4 real poles and 15 conjugate complex pairs.
Final number of poles: 19
Saved figure: WMP_Lib/Nd145/1734-2016_MT2.png
Saved figure: WMP_Lib/Nd145/1734-2016_MT27.png
Saved figure: WMP_Lib/Nd145/1734-2016_MT102.png
Vector fitting piece 24/29...
  energy: 1.899e+03 to 2.194e+03 eV (4978 points)
  error tolerance: rtol=0.001, atol=1e-05
Found 15 peaks
Fitting orders from 30 to 200
Order=30(0/86)
Order=32(1/86)
Order=34(2/86)
Order=36(3/86)
Order=38(4/86)
Order=40(5/86)
Order=42(6/86)
Order=44(7/86)
Order=46(8/86)
Order=48(9/86)
Order=50(10/86)
Order=52(11/86)
Order=54(12/86)
Order=56(13/86)
Order=58(14/86)
Order=60(15/86)
Found 4 real poles and 16 conjugate complex pairs.
Final number of poles: 20
Saved figure: WMP_Lib/Nd145/1899-2194_MT2.png
Saved figure: WMP_Lib/Nd145/1899-2194_MT27.png
Saved figure: WMP_Lib/Nd145/1899-2194_MT102.png
Vector fitting piece 25/29...
  energy: 2.073e+03 to 2.380e+03 eV (4519 points)
  error tolerance: rtol=0.001, atol=1e-05
Found 12 peaks
Fitting orders from 24 to 200
Order=24(0/89)
Order=26(1/89)
Order=28(2/89)
Order=30(3/89)
Order=32(4/89)
Order=34(5/89)
Order=36(6/89)
Order=38(7/89)
Order=40(8/89)
Order=42(9/89)
Order=44(10/89)
Order=46(11/89)
Order=48(12/89)
Order=50(13/89)
Order=52(14/89)
Order=54(15/89)
Order=56(16/89)
Order=58(17/89)
Order=60(18/89)
Found 4 real poles and 13 conjugate complex pairs.
Final number of poles: 17
Saved figure: WMP_Lib/Nd145/2073-2380_MT2.png
Saved figure: WMP_Lib/Nd145/2073-2380_MT27.png
Saved figure: WMP_Lib/Nd145/2073-2380_MT102.png
Vector fitting piece 26/29...
  energy: 2.253e+03 to 2.573e+03 eV (4417 points)
  error tolerance: rtol=0.001, atol=1e-05
Found 13 peaks
Fitting orders from 26 to 200
Order=26(0/88)
Order=28(1/88)
Order=30(2/88)
Order=32(3/88)
Order=34(4/88)
Order=36(5/88)
Order=38(6/88)
Order=40(7/88)
Order=42(8/88)
Order=44(9/88)
Order=46(10/88)
Order=48(11/88)
Order=50(12/88)
Order=52(13/88)
Order=54(14/88)
Order=56(15/88)
Order=58(16/88)
Order=60(17/88)
Found 6 real poles and 13 conjugate complex pairs.
Final number of poles: 19
Saved figure: WMP_Lib/Nd145/2253-2573_MT2.png
Saved figure: WMP_Lib/Nd145/2253-2573_MT27.png
Saved figure: WMP_Lib/Nd145/2253-2573_MT102.png
Vector fitting piece 27/29...
  energy: 2.442e+03 to 2.775e+03 eV (4496 points)
  error tolerance: rtol=0.001, atol=1e-05
Found 14 peaks
Fitting orders from 28 to 200
Order=28(0/87)
Order=30(1/87)
Order=32(2/87)
Order=34(3/87)
Order=36(4/87)
Order=38(5/87)
Order=40(6/87)
Order=42(7/87)
Order=44(8/87)
Order=46(9/87)
Order=48(10/87)
Order=50(11/87)
Order=52(12/87)
Order=54(13/87)
Order=56(14/87)
Order=58(15/87)
Order=60(16/87)
Found 4 real poles and 15 conjugate complex pairs.
Final number of poles: 19
Saved figure: WMP_Lib/Nd145/2442-2775_MT2.png
Saved figure: WMP_Lib/Nd145/2442-2775_MT27.png
Saved figure: WMP_Lib/Nd145/2442-2775_MT102.png
Vector fitting piece 28/29...
  energy: 2.638e+03 to 2.984e+03 eV (4265 points)
  error tolerance: rtol=0.001, atol=1e-05
Found 15 peaks
Fitting orders from 30 to 200
Order=30(0/86)
Order=32(1/86)
Order=34(2/86)
Order=36(3/86)
Order=38(4/86)
Order=40(5/86)
Order=42(6/86)
Order=44(7/86)
Order=46(8/86)
Order=48(9/86)
Order=50(10/86)
Order=52(11/86)
Order=54(12/86)
Order=56(13/86)
Order=58(14/86)
Order=60(15/86)
Found 4 real poles and 16 conjugate complex pairs.
Final number of poles: 20
Saved figure: WMP_Lib/Nd145/2638-2984_MT2.png
Saved figure: WMP_Lib/Nd145/2638-2984_MT27.png
Saved figure: WMP_Lib/Nd145/2638-2984_MT102.png
Vector fitting piece 29/29...
  energy: 2.841e+03 to 3.180e+03 eV (4807 points)
  error tolerance: rtol=0.001, atol=1e-05
Found 16 peaks
Fitting orders from 32 to 200
Order=32(0/85)
Order=34(1/85)
Order=36(2/85)
Order=38(3/85)
Order=40(4/85)
Order=42(5/85)
Order=44(6/85)
Order=46(7/85)
Order=48(8/85)
Order=50(9/85)
Order=52(10/85)
Order=54(11/85)
Order=56(12/85)
Order=58(13/85)
Order=60(14/85)
Found 2 real poles and 17 conjugate complex pairs.
Final number of poles: 19
Saved figure: WMP_Lib/Nd145/2841-3180_MT2.png
Saved figure: WMP_Lib/Nd145/2841-3180_MT27.png
Saved figure: WMP_Lib/Nd145/2841-3180_MT102.png
Dumped multipole data to file: WMP_Lib/Nd145/Nd145_mp.pickle
Start searching ...
Testing N_win=19 N_cf=10
Failed: Window spacing cannot be larger than piece spacing.
Testing N_win=123 N_cf=10
Windowing:
  config: # windows=123, spacing=0.45844160630276093, CF order=10
  error tolerance: rtol=0.001, atol=1e-05
Best library so far.
Testing N_win=123 N_cf=9
Windowing:
  config: # windows=123, spacing=0.45844160630276093, CF order=9
  error tolerance: rtol=0.001, atol=1e-05
Best library so far.
Testing N_win=123 N_cf=8
Windowing:
  config: # windows=123, spacing=0.45844160630276093, CF order=8
  error tolerance: rtol=0.001, atol=1e-05
Best library so far.
Testing N_win=123 N_cf=7
Windowing:
  config: # windows=123, spacing=0.45844160630276093, CF order=7
  error tolerance: rtol=0.001, atol=1e-05
Best library so far.
Testing N_win=123 N_cf=6
Windowing:
  config: # windows=123, spacing=0.45844160630276093, CF order=6
  error tolerance: rtol=0.001, atol=1e-05
Best library so far.
Testing N_win=123 N_cf=5
Windowing:
  config: # windows=123, spacing=0.45844160630276093, CF order=5
  error tolerance: rtol=0.001, atol=1e-05
Best library so far.
Testing N_win=123 N_cf=4
Windowing:
  config: # windows=123, spacing=0.45844160630276093, CF order=4
  error tolerance: rtol=0.001, atol=1e-05
Best library so far.
Testing N_win=123 N_cf=3
Windowing:
  config: # windows=123, spacing=0.45844160630276093, CF order=3
  error tolerance: rtol=0.001, atol=1e-05
Failed: Pure curvefit failed for the first window!
Testing N_win=227 N_cf=10
Windowing:
  config: # windows=227, spacing=0.2484066853534784, CF order=10
  error tolerance: rtol=0.001, atol=1e-05
Best library so far.
Testing N_win=227 N_cf=9
Windowing:
  config: # windows=227, spacing=0.2484066853534784, CF order=9
  error tolerance: rtol=0.001, atol=1e-05
Best library so far.
Testing N_win=227 N_cf=8
Windowing:
  config: # windows=227, spacing=0.2484066853534784, CF order=8
  error tolerance: rtol=0.001, atol=1e-05
Best library so far.
Testing N_win=227 N_cf=7
Windowing:
  config: # windows=227, spacing=0.2484066853534784, CF order=7
  error tolerance: rtol=0.001, atol=1e-05
Best library so far.
Testing N_win=227 N_cf=6
Windowing:
  config: # windows=227, spacing=0.2484066853534784, CF order=6
  error tolerance: rtol=0.001, atol=1e-05
Best library so far.
Testing N_win=227 N_cf=5
Windowing:
  config: # windows=227, spacing=0.2484066853534784, CF order=5
  error tolerance: rtol=0.001, atol=1e-05
Best library so far.
Testing N_win=227 N_cf=4
Windowing:
  config: # windows=227, spacing=0.2484066853534784, CF order=4
  error tolerance: rtol=0.001, atol=1e-05
Best library so far.
Testing N_win=227 N_cf=3
Windowing:
  config: # windows=227, spacing=0.2484066853534784, CF order=3
  error tolerance: rtol=0.001, atol=1e-05
Testing N_win=227 N_cf=2
Windowing:
  config: # windows=227, spacing=0.2484066853534784, CF order=2
  error tolerance: rtol=0.001, atol=1e-05
Failed: Pure curvefit failed for the first window!
Testing N_win=331 N_cf=10
Windowing:
  config: # windows=331, spacing=0.1703574549100894, CF order=10
  error tolerance: rtol=0.001, atol=1e-05
Testing N_win=331 N_cf=9
Windowing:
  config: # windows=331, spacing=0.1703574549100894, CF order=9
  error tolerance: rtol=0.001, atol=1e-05
Testing N_win=331 N_cf=8
Windowing:
  config: # windows=331, spacing=0.1703574549100894, CF order=8
  error tolerance: rtol=0.001, atol=1e-05
Best library so far.
Testing N_win=331 N_cf=7
Windowing:
  config: # windows=331, spacing=0.1703574549100894, CF order=7
  error tolerance: rtol=0.001, atol=1e-05
Best library so far.
Testing N_win=331 N_cf=6
Windowing:
  config: # windows=331, spacing=0.1703574549100894, CF order=6
  error tolerance: rtol=0.001, atol=1e-05
Best library so far.
Testing N_win=331 N_cf=5
Windowing:
  config: # windows=331, spacing=0.1703574549100894, CF order=5
  error tolerance: rtol=0.001, atol=1e-05
Best library so far.
Testing N_win=331 N_cf=4
Windowing:
  config: # windows=331, spacing=0.1703574549100894, CF order=4
  error tolerance: rtol=0.001, atol=1e-05
Best library so far.
Testing N_win=331 N_cf=3
Windowing:
  config: # windows=331, spacing=0.1703574549100894, CF order=3
  error tolerance: rtol=0.001, atol=1e-05
Testing N_win=331 N_cf=2
Windowing:
  config: # windows=331, spacing=0.1703574549100894, CF order=2
  error tolerance: rtol=0.001, atol=1e-05
Failed: Pure curvefit failed for the first window!
Testing N_win=436 N_cf=10
Windowing:
  config: # windows=436, spacing=0.12933100361293487, CF order=10
  error tolerance: rtol=0.001, atol=1e-05
Testing N_win=436 N_cf=9
Windowing:
  config: # windows=436, spacing=0.12933100361293487, CF order=9
  error tolerance: rtol=0.001, atol=1e-05
Testing N_win=436 N_cf=8
Windowing:
  config: # windows=436, spacing=0.12933100361293487, CF order=8
  error tolerance: rtol=0.001, atol=1e-05
Testing N_win=436 N_cf=7
Windowing:
  config: # windows=436, spacing=0.12933100361293487, CF order=7
  error tolerance: rtol=0.001, atol=1e-05
Testing N_win=436 N_cf=6
Windowing:
  config: # windows=436, spacing=0.12933100361293487, CF order=6
  error tolerance: rtol=0.001, atol=1e-05
Testing N_win=436 N_cf=5
Windowing:
  config: # windows=436, spacing=0.12933100361293487, CF order=5
  error tolerance: rtol=0.001, atol=1e-05
Best library so far.
Testing N_win=436 N_cf=4
Windowing:
  config: # windows=436, spacing=0.12933100361293487, CF order=4
  error tolerance: rtol=0.001, atol=1e-05
Best library so far.
Testing N_win=436 N_cf=3
Windowing:
  config: # windows=436, spacing=0.12933100361293487, CF order=3
  error tolerance: rtol=0.001, atol=1e-05
Testing N_win=436 N_cf=2
Windowing:
  config: # windows=436, spacing=0.12933100361293487, CF order=2
  error tolerance: rtol=0.001, atol=1e-05
Failed: Pure curvefit failed for the first window!
Testing N_win=540 N_cf=10
Windowing:
  config: # windows=540, spacing=0.10442281032451778, CF order=10
  error tolerance: rtol=0.001, atol=1e-05
Testing N_win=540 N_cf=9
Windowing:
  config: # windows=540, spacing=0.10442281032451778, CF order=9
  error tolerance: rtol=0.001, atol=1e-05
Testing N_win=540 N_cf=8
Windowing:
  config: # windows=540, spacing=0.10442281032451778, CF order=8
  error tolerance: rtol=0.001, atol=1e-05
Testing N_win=540 N_cf=7
Windowing:
  config: # windows=540, spacing=0.10442281032451778, CF order=7
  error tolerance: rtol=0.001, atol=1e-05
Testing N_win=540 N_cf=6
Windowing:
  config: # windows=540, spacing=0.10442281032451778, CF order=6
  error tolerance: rtol=0.001, atol=1e-05
Testing N_win=540 N_cf=5
Windowing:
  config: # windows=540, spacing=0.10442281032451778, CF order=5
  error tolerance: rtol=0.001, atol=1e-05
Testing N_win=540 N_cf=4
Windowing:
  config: # windows=540, spacing=0.10442281032451778, CF order=4
  error tolerance: rtol=0.001, atol=1e-05
Best library so far.
Testing N_win=540 N_cf=3
Windowing:
  config: # windows=540, spacing=0.10442281032451778, CF order=3
  error tolerance: rtol=0.001, atol=1e-05
Testing N_win=540 N_cf=2
Windowing:
  config: # windows=540, spacing=0.10442281032451778, CF order=2
  error tolerance: rtol=0.001, atol=1e-05
Failed: Pure curvefit failed for the first window!
Testing N_win=644 N_cf=10
Windowing:
  config: # windows=644, spacing=0.08755949934043415, CF order=10
  error tolerance: rtol=0.001, atol=1e-05
Testing N_win=644 N_cf=9
Windowing:
  config: # windows=644, spacing=0.08755949934043415, CF order=9
  error tolerance: rtol=0.001, atol=1e-05
Testing N_win=644 N_cf=8
Windowing:
  config: # windows=644, spacing=0.08755949934043415, CF order=8
  error tolerance: rtol=0.001, atol=1e-05
Testing N_win=644 N_cf=7
Windowing:
  config: # windows=644, spacing=0.08755949934043415, CF order=7
  error tolerance: rtol=0.001, atol=1e-05
Testing N_win=644 N_cf=6
Windowing:
  config: # windows=644, spacing=0.08755949934043415, CF order=6
  error tolerance: rtol=0.001, atol=1e-05
Testing N_win=644 N_cf=5
Windowing:
  config: # windows=644, spacing=0.08755949934043415, CF order=5
  error tolerance: rtol=0.001, atol=1e-05
Testing N_win=644 N_cf=4
Windowing:
  config: # windows=644, spacing=0.08755949934043415, CF order=4
  error tolerance: rtol=0.001, atol=1e-05
Testing N_win=644 N_cf=3
Windowing:
  config: # windows=644, spacing=0.08755949934043415, CF order=3
  error tolerance: rtol=0.001, atol=1e-05
Testing N_win=644 N_cf=2
Windowing:
  config: # windows=644, spacing=0.08755949934043415, CF order=2
  error tolerance: rtol=0.001, atol=1e-05
Testing N_win=748 N_cf=10
Windowing:
  config: # windows=748, spacing=0.07538545130379626, CF order=10
  error tolerance: rtol=0.001, atol=1e-05
Testing N_win=748 N_cf=9
Windowing:
  config: # windows=748, spacing=0.07538545130379626, CF order=9
  error tolerance: rtol=0.001, atol=1e-05
Testing N_win=748 N_cf=8
Windowing:
  config: # windows=748, spacing=0.07538545130379626, CF order=8
  error tolerance: rtol=0.001, atol=1e-05
Testing N_win=748 N_cf=7
Windowing:
  config: # windows=748, spacing=0.07538545130379626, CF order=7
  error tolerance: rtol=0.001, atol=1e-05
Testing N_win=748 N_cf=6
Windowing:
  config: # windows=748, spacing=0.07538545130379626, CF order=6
  error tolerance: rtol=0.001, atol=1e-05
Testing N_win=748 N_cf=5
Windowing:
  config: # windows=748, spacing=0.07538545130379626, CF order=5
  error tolerance: rtol=0.001, atol=1e-05
Testing N_win=748 N_cf=4
Windowing:
  config: # windows=748, spacing=0.07538545130379626, CF order=4
  error tolerance: rtol=0.001, atol=1e-05
Testing N_win=748 N_cf=3
Windowing:
  config: # windows=748, spacing=0.07538545130379626, CF order=3
  error tolerance: rtol=0.001, atol=1e-05
Testing N_win=748 N_cf=2
Windowing:
  config: # windows=748, spacing=0.07538545130379626, CF order=2
  error tolerance: rtol=0.001, atol=1e-05
Testing N_win=853 N_cf=10
Windowing:
  config: # windows=853, spacing=0.06610588226874513, CF order=10
  error tolerance: rtol=0.001, atol=1e-05
Testing N_win=853 N_cf=9
Windowing:
  config: # windows=853, spacing=0.06610588226874513, CF order=9
  error tolerance: rtol=0.001, atol=1e-05
Testing N_win=853 N_cf=8
Windowing:
  config: # windows=853, spacing=0.06610588226874513, CF order=8
  error tolerance: rtol=0.001, atol=1e-05
Testing N_win=853 N_cf=7
Windowing:
  config: # windows=853, spacing=0.06610588226874513, CF order=7
  error tolerance: rtol=0.001, atol=1e-05
Testing N_win=853 N_cf=6
Windowing:
  config: # windows=853, spacing=0.06610588226874513, CF order=6
  error tolerance: rtol=0.001, atol=1e-05
Testing N_win=853 N_cf=5
Windowing:
  config: # windows=853, spacing=0.06610588226874513, CF order=5
  error tolerance: rtol=0.001, atol=1e-05
Testing N_win=853 N_cf=4
Windowing:
  config: # windows=853, spacing=0.06610588226874513, CF order=4
  error tolerance: rtol=0.001, atol=1e-05
Testing N_win=853 N_cf=3
Windowing:
  config: # windows=853, spacing=0.06610588226874513, CF order=3
  error tolerance: rtol=0.001, atol=1e-05
Testing N_win=853 N_cf=2
Windowing:
  config: # windows=853, spacing=0.06610588226874513, CF order=2
  error tolerance: rtol=0.001, atol=1e-05
Testing N_win=957 N_cf=10
Windowing:
  config: # windows=957, spacing=0.05892196193859937, CF order=10
  error tolerance: rtol=0.001, atol=1e-05
Testing N_win=957 N_cf=9
Windowing:
  config: # windows=957, spacing=0.05892196193859937, CF order=9
  error tolerance: rtol=0.001, atol=1e-05
Testing N_win=957 N_cf=8
Windowing:
  config: # windows=957, spacing=0.05892196193859937, CF order=8
  error tolerance: rtol=0.001, atol=1e-05
Testing N_win=957 N_cf=7
Windowing:
  config: # windows=957, spacing=0.05892196193859937, CF order=7
  error tolerance: rtol=0.001, atol=1e-05
Testing N_win=957 N_cf=6
Windowing:
  config: # windows=957, spacing=0.05892196193859937, CF order=6
  error tolerance: rtol=0.001, atol=1e-05
Testing N_win=957 N_cf=5
Windowing:
  config: # windows=957, spacing=0.05892196193859937, CF order=5
  error tolerance: rtol=0.001, atol=1e-05
Testing N_win=957 N_cf=4
Windowing:
  config: # windows=957, spacing=0.05892196193859937, CF order=4
  error tolerance: rtol=0.001, atol=1e-05
Testing N_win=957 N_cf=3
Windowing:
  config: # windows=957, spacing=0.05892196193859937, CF order=3
  error tolerance: rtol=0.001, atol=1e-05
Testing N_win=957 N_cf=2
Windowing:
  config: # windows=957, spacing=0.05892196193859937, CF order=2
  error tolerance: rtol=0.001, atol=1e-05
Testing N_win=1061 N_cf=10
Windowing:
  config: # windows=1061, spacing=0.05314638791257267, CF order=10
  error tolerance: rtol=0.001, atol=1e-05
Testing N_win=1061 N_cf=9
Windowing:
  config: # windows=1061, spacing=0.05314638791257267, CF order=9
  error tolerance: rtol=0.001, atol=1e-05
Testing N_win=1061 N_cf=8
Windowing:
  config: # windows=1061, spacing=0.05314638791257267, CF order=8
  error tolerance: rtol=0.001, atol=1e-05
Testing N_win=1061 N_cf=7
Windowing:
  config: # windows=1061, spacing=0.05314638791257267, CF order=7
  error tolerance: rtol=0.001, atol=1e-05
Testing N_win=1061 N_cf=6
Windowing:
  config: # windows=1061, spacing=0.05314638791257267, CF order=6
  error tolerance: rtol=0.001, atol=1e-05
Testing N_win=1061 N_cf=5
Windowing:
  config: # windows=1061, spacing=0.05314638791257267, CF order=5
  error tolerance: rtol=0.001, atol=1e-05
Testing N_win=1061 N_cf=4
Windowing:
  config: # windows=1061, spacing=0.05314638791257267, CF order=4
  error tolerance: rtol=0.001, atol=1e-05
Testing N_win=1061 N_cf=3
Windowing:
  config: # windows=1061, spacing=0.05314638791257267, CF order=3
  error tolerance: rtol=0.001, atol=1e-05
Testing N_win=1061 N_cf=2
Windowing:
  config: # windows=1061, spacing=0.05314638791257267, CF order=2
  error tolerance: rtol=0.001, atol=1e-05
Testing N_win=1165 N_cf=10
Windowing:
  config: # windows=1165, spacing=0.048401989334969614, CF order=10
  error tolerance: rtol=0.001, atol=1e-05
Testing N_win=1165 N_cf=9
Windowing:
  config: # windows=1165, spacing=0.048401989334969614, CF order=9
  error tolerance: rtol=0.001, atol=1e-05
Testing N_win=1165 N_cf=8
Windowing:
  config: # windows=1165, spacing=0.048401989334969614, CF order=8
  error tolerance: rtol=0.001, atol=1e-05
Testing N_win=1165 N_cf=7
Windowing:
  config: # windows=1165, spacing=0.048401989334969614, CF order=7
  error tolerance: rtol=0.001, atol=1e-05
Testing N_win=1165 N_cf=6
Windowing:
  config: # windows=1165, spacing=0.048401989334969614, CF order=6
  error tolerance: rtol=0.001, atol=1e-05
Testing N_win=1165 N_cf=5
Windowing:
  config: # windows=1165, spacing=0.048401989334969614, CF order=5
  error tolerance: rtol=0.001, atol=1e-05
Testing N_win=1165 N_cf=4
Windowing:
  config: # windows=1165, spacing=0.048401989334969614, CF order=4
  error tolerance: rtol=0.001, atol=1e-05
Testing N_win=1165 N_cf=3
Windowing:
  config: # windows=1165, spacing=0.048401989334969614, CF order=3
  error tolerance: rtol=0.001, atol=1e-05
Testing N_win=1165 N_cf=2
Windowing:
  config: # windows=1165, spacing=0.048401989334969614, CF order=2
  error tolerance: rtol=0.001, atol=1e-05
Testing N_win=1270 N_cf=10
Windowing:
  config: # windows=1270, spacing=0.04440025005924378, CF order=10
  error tolerance: rtol=0.001, atol=1e-05
Testing N_win=1270 N_cf=9
Windowing:
  config: # windows=1270, spacing=0.04440025005924378, CF order=9
  error tolerance: rtol=0.001, atol=1e-05
Testing N_win=1270 N_cf=8
Windowing:
  config: # windows=1270, spacing=0.04440025005924378, CF order=8
  error tolerance: rtol=0.001, atol=1e-05
Testing N_win=1270 N_cf=7
Windowing:
  config: # windows=1270, spacing=0.04440025005924378, CF order=7
  error tolerance: rtol=0.001, atol=1e-05
Testing N_win=1270 N_cf=6
Windowing:
  config: # windows=1270, spacing=0.04440025005924378, CF order=6
  error tolerance: rtol=0.001, atol=1e-05
Testing N_win=1270 N_cf=5
Windowing:
  config: # windows=1270, spacing=0.04440025005924378, CF order=5
  error tolerance: rtol=0.001, atol=1e-05
Testing N_win=1270 N_cf=4
Windowing:
  config: # windows=1270, spacing=0.04440025005924378, CF order=4
  error tolerance: rtol=0.001, atol=1e-05
Testing N_win=1270 N_cf=3
Windowing:
  config: # windows=1270, spacing=0.04440025005924378, CF order=3
  error tolerance: rtol=0.001, atol=1e-05
Testing N_win=1270 N_cf=2
Windowing:
  config: # windows=1270, spacing=0.04440025005924378, CF order=2
  error tolerance: rtol=0.001, atol=1e-05
Testing N_win=1374 N_cf=10
Windowing:
  config: # windows=1374, spacing=0.041039532441950216, CF order=10
  error tolerance: rtol=0.001, atol=1e-05
Testing N_win=1374 N_cf=9
Windowing:
  config: # windows=1374, spacing=0.041039532441950216, CF order=9
  error tolerance: rtol=0.001, atol=1e-05
Testing N_win=1374 N_cf=8
Windowing:
  config: # windows=1374, spacing=0.041039532441950216, CF order=8
  error tolerance: rtol=0.001, atol=1e-05
Testing N_win=1374 N_cf=7
Windowing:
  config: # windows=1374, spacing=0.041039532441950216, CF order=7
  error tolerance: rtol=0.001, atol=1e-05
Testing N_win=1374 N_cf=6
Windowing:
  config: # windows=1374, spacing=0.041039532441950216, CF order=6
  error tolerance: rtol=0.001, atol=1e-05
Testing N_win=1374 N_cf=5
Windowing:
  config: # windows=1374, spacing=0.041039532441950216, CF order=5
  error tolerance: rtol=0.001, atol=1e-05
Testing N_win=1374 N_cf=4
Windowing:
  config: # windows=1374, spacing=0.041039532441950216, CF order=4
  error tolerance: rtol=0.001, atol=1e-05
Testing N_win=1374 N_cf=3
Windowing:
  config: # windows=1374, spacing=0.041039532441950216, CF order=3
  error tolerance: rtol=0.001, atol=1e-05
Testing N_win=1374 N_cf=2
Windowing:
  config: # windows=1374, spacing=0.041039532441950216, CF order=2
  error tolerance: rtol=0.001, atol=1e-05
Testing N_win=1478 N_cf=10
Windowing:
  config: # windows=1478, spacing=0.03815177102519594, CF order=10
  error tolerance: rtol=0.001, atol=1e-05
Testing N_win=1478 N_cf=9
Windowing:
  config: # windows=1478, spacing=0.03815177102519594, CF order=9
  error tolerance: rtol=0.001, atol=1e-05
Testing N_win=1478 N_cf=8
Windowing:
  config: # windows=1478, spacing=0.03815177102519594, CF order=8
  error tolerance: rtol=0.001, atol=1e-05
Testing N_win=1478 N_cf=7
Windowing:
  config: # windows=1478, spacing=0.03815177102519594, CF order=7
  error tolerance: rtol=0.001, atol=1e-05
Testing N_win=1478 N_cf=6
Windowing:
  config: # windows=1478, spacing=0.03815177102519594, CF order=6
  error tolerance: rtol=0.001, atol=1e-05
Testing N_win=1478 N_cf=5
Windowing:
  config: # windows=1478, spacing=0.03815177102519594, CF order=5
  error tolerance: rtol=0.001, atol=1e-05
Testing N_win=1478 N_cf=4
Windowing:
  config: # windows=1478, spacing=0.03815177102519594, CF order=4
  error tolerance: rtol=0.001, atol=1e-05
Testing N_win=1478 N_cf=3
Windowing:
  config: # windows=1478, spacing=0.03815177102519594, CF order=3
  error tolerance: rtol=0.001, atol=1e-05
Testing N_win=1478 N_cf=2
Windowing:
  config: # windows=1478, spacing=0.03815177102519594, CF order=2
  error tolerance: rtol=0.001, atol=1e-05
Testing N_win=1582 N_cf=10
Windowing:
  config: # windows=1582, spacing=0.0356436899969909, CF order=10
  error tolerance: rtol=0.001, atol=1e-05
Testing N_win=1582 N_cf=9
Windowing:
  config: # windows=1582, spacing=0.0356436899969909, CF order=9
  error tolerance: rtol=0.001, atol=1e-05
Testing N_win=1582 N_cf=8
Windowing:
  config: # windows=1582, spacing=0.0356436899969909, CF order=8
  error tolerance: rtol=0.001, atol=1e-05
Testing N_win=1582 N_cf=7
Windowing:
  config: # windows=1582, spacing=0.0356436899969909, CF order=7
  error tolerance: rtol=0.001, atol=1e-05
Testing N_win=1582 N_cf=6
Windowing:
  config: # windows=1582, spacing=0.0356436899969909, CF order=6
  error tolerance: rtol=0.001, atol=1e-05
Testing N_win=1582 N_cf=5
Windowing:
  config: # windows=1582, spacing=0.0356436899969909, CF order=5
  error tolerance: rtol=0.001, atol=1e-05
Testing N_win=1582 N_cf=4
Windowing:
  config: # windows=1582, spacing=0.0356436899969909, CF order=4
  error tolerance: rtol=0.001, atol=1e-05
Testing N_win=1582 N_cf=3
Windowing:
  config: # windows=1582, spacing=0.0356436899969909, CF order=3
  error tolerance: rtol=0.001, atol=1e-05
Testing N_win=1582 N_cf=2
Windowing:
  config: # windows=1582, spacing=0.0356436899969909, CF order=2
  error tolerance: rtol=0.001, atol=1e-05
Testing N_win=1687 N_cf=10
Windowing:
  config: # windows=1687, spacing=0.0334252030677176, CF order=10
  error tolerance: rtol=0.001, atol=1e-05
Testing N_win=1687 N_cf=9
Windowing:
  config: # windows=1687, spacing=0.0334252030677176, CF order=9
  error tolerance: rtol=0.001, atol=1e-05
Testing N_win=1687 N_cf=8
Windowing:
  config: # windows=1687, spacing=0.0334252030677176, CF order=8
  error tolerance: rtol=0.001, atol=1e-05
Testing N_win=1687 N_cf=7
Windowing:
  config: # windows=1687, spacing=0.0334252030677176, CF order=7
  error tolerance: rtol=0.001, atol=1e-05
Testing N_win=1687 N_cf=6
Windowing:
  config: # windows=1687, spacing=0.0334252030677176, CF order=6
  error tolerance: rtol=0.001, atol=1e-05
Testing N_win=1687 N_cf=5
Windowing:
  config: # windows=1687, spacing=0.0334252030677176, CF order=5
  error tolerance: rtol=0.001, atol=1e-05
Testing N_win=1687 N_cf=4
Windowing:
  config: # windows=1687, spacing=0.0334252030677176, CF order=4
  error tolerance: rtol=0.001, atol=1e-05
Testing N_win=1687 N_cf=3
Windowing:
  config: # windows=1687, spacing=0.0334252030677176, CF order=3
  error tolerance: rtol=0.001, atol=1e-05
Testing N_win=1687 N_cf=2
Windowing:
  config: # windows=1687, spacing=0.0334252030677176, CF order=2
  error tolerance: rtol=0.001, atol=1e-05
Testing N_win=1791 N_cf=10
Windowing:
  config: # windows=1791, spacing=0.031484264419452596, CF order=10
  error tolerance: rtol=0.001, atol=1e-05
Testing N_win=1791 N_cf=9
Windowing:
  config: # windows=1791, spacing=0.031484264419452596, CF order=9
  error tolerance: rtol=0.001, atol=1e-05
Testing N_win=1791 N_cf=8
Windowing:
  config: # windows=1791, spacing=0.031484264419452596, CF order=8
  error tolerance: rtol=0.001, atol=1e-05
Testing N_win=1791 N_cf=7
Windowing:
  config: # windows=1791, spacing=0.031484264419452596, CF order=7
  error tolerance: rtol=0.001, atol=1e-05
Testing N_win=1791 N_cf=6
Windowing:
  config: # windows=1791, spacing=0.031484264419452596, CF order=6
  error tolerance: rtol=0.001, atol=1e-05
Testing N_win=1791 N_cf=5
Windowing:
  config: # windows=1791, spacing=0.031484264419452596, CF order=5
  error tolerance: rtol=0.001, atol=1e-05
Testing N_win=1791 N_cf=4
Windowing:
  config: # windows=1791, spacing=0.031484264419452596, CF order=4
  error tolerance: rtol=0.001, atol=1e-05
Testing N_win=1791 N_cf=3
Windowing:
  config: # windows=1791, spacing=0.031484264419452596, CF order=3
  error tolerance: rtol=0.001, atol=1e-05
Testing N_win=1791 N_cf=2
Windowing:
  config: # windows=1791, spacing=0.031484264419452596, CF order=2
  error tolerance: rtol=0.001, atol=1e-05
Testing N_win=1895 N_cf=10
Windowing:
  config: # windows=1895, spacing=0.029756368113582902, CF order=10
  error tolerance: rtol=0.001, atol=1e-05
Testing N_win=1895 N_cf=9
Windowing:
  config: # windows=1895, spacing=0.029756368113582902, CF order=9
  error tolerance: rtol=0.001, atol=1e-05
Testing N_win=1895 N_cf=8
Windowing:
  config: # windows=1895, spacing=0.029756368113582902, CF order=8
  error tolerance: rtol=0.001, atol=1e-05
Testing N_win=1895 N_cf=7
Windowing:
  config: # windows=1895, spacing=0.029756368113582902, CF order=7
  error tolerance: rtol=0.001, atol=1e-05
Testing N_win=1895 N_cf=6
Windowing:
  config: # windows=1895, spacing=0.029756368113582902, CF order=6
  error tolerance: rtol=0.001, atol=1e-05
Testing N_win=1895 N_cf=5
Windowing:
  config: # windows=1895, spacing=0.029756368113582902, CF order=5
  error tolerance: rtol=0.001, atol=1e-05
Testing N_win=1895 N_cf=4
Windowing:
  config: # windows=1895, spacing=0.029756368113582902, CF order=4
  error tolerance: rtol=0.001, atol=1e-05
Testing N_win=1895 N_cf=3
Windowing:
  config: # windows=1895, spacing=0.029756368113582902, CF order=3
  error tolerance: rtol=0.001, atol=1e-05
Testing N_win=1895 N_cf=2
Windowing:
  config: # windows=1895, spacing=0.029756368113582902, CF order=2
  error tolerance: rtol=0.001, atol=1e-05
Testing N_win=2000 N_cf=10
Windowing:
  config: # windows=2000, spacing=0.0281941587876198, CF order=10
  error tolerance: rtol=0.001, atol=1e-05
Testing N_win=2000 N_cf=9
Windowing:
  config: # windows=2000, spacing=0.0281941587876198, CF order=9
  error tolerance: rtol=0.001, atol=1e-05
Testing N_win=2000 N_cf=8
Windowing:
  config: # windows=2000, spacing=0.0281941587876198, CF order=8
  error tolerance: rtol=0.001, atol=1e-05
Testing N_win=2000 N_cf=7
Windowing:
  config: # windows=2000, spacing=0.0281941587876198, CF order=7
  error tolerance: rtol=0.001, atol=1e-05
Testing N_win=2000 N_cf=6
Windowing:
  config: # windows=2000, spacing=0.0281941587876198, CF order=6
  error tolerance: rtol=0.001, atol=1e-05
Testing N_win=2000 N_cf=5
Windowing:
  config: # windows=2000, spacing=0.0281941587876198, CF order=5
  error tolerance: rtol=0.001, atol=1e-05
Testing N_win=2000 N_cf=4
Windowing:
  config: # windows=2000, spacing=0.0281941587876198, CF order=4
  error tolerance: rtol=0.001, atol=1e-05
Testing N_win=2000 N_cf=3
Windowing:
  config: # windows=2000, spacing=0.0281941587876198, CF order=3
  error tolerance: rtol=0.001, atol=1e-05
Testing N_win=2000 N_cf=2
Windowing:
  config: # windows=2000, spacing=0.0281941587876198, CF order=2
  error tolerance: rtol=0.001, atol=1e-05
Final library: 252 poles, 540 windows, 3.6 poles per window, 4 CF order
