Running NJOY to get 0K point-wise data (error=0.0005)...
Parsing cross sections within resolved resonance range...
  MTs: [2, 27, 102]
  Energy range: 1.000e-05 to 9.500e+05 eV (26698 points)
Vector fitting piece 1/13...
  energy: 1.000e-05 to 5.657e+03 eV (921 points)
  error tolerance: rtol=0.001, atol=1e-05
Found 1 peaks
Fitting orders from 2 to 200
Order=2(0/100)
Order=4(1/100)
Order=6(2/100)
Order=8(3/100)
Order=10(4/100)
Order=12(5/100)
Order=14(6/100)
Order=16(7/100)
Order=18(8/100)
Order=20(9/100)
Order=22(10/100)
Order=24(11/100)
Order=26(12/100)
Order=28(13/100)
Order=30(14/100)
Order=32(15/100)
Order=34(16/100)
Order=36(17/100)
Order=38(18/100)
Order=40(19/100)
Order=42(20/100)
Order=44(21/100)
Order=46(22/100)
Order=48(23/100)
Order=50(24/100)
Order=52(25/100)
Order=54(26/100)
Order=56(27/100)
Order=58(28/100)
Order=60(29/100)
Found 2 real poles and 2 conjugate complex pairs.
Final number of poles: 4
Saved figure: WMP_Lib/Kr86/0-5657_MT2.png
Saved figure: WMP_Lib/Kr86/0-5657_MT27.png
Saved figure: WMP_Lib/Kr86/0-5657_MT102.png
Vector fitting piece 2/13...
  energy: 1.375e+03 to 2.291e+04 eV (1217 points)
  error tolerance: rtol=0.001, atol=1e-05
Found 3 peaks
Fitting orders from 6 to 200
Order=6(0/98)
Order=8(1/98)
Order=10(2/98)
Order=12(3/98)
Order=14(4/98)
Order=16(5/98)
Order=18(6/98)
Order=20(7/98)
Order=22(8/98)
Order=24(9/98)
Order=26(10/98)
Order=28(11/98)
Order=30(12/98)
Order=32(13/98)
Order=34(14/98)
Order=36(15/98)
Order=38(16/98)
Order=40(17/98)
Order=42(18/98)
Order=44(19/98)
Order=46(20/98)
Order=48(21/98)
Order=50(22/98)
Order=52(23/98)
Order=54(24/98)
Order=56(25/98)
Order=58(26/98)
Order=60(27/98)
Order=62(28/98)
Order=64(29/98)
Order=66(30/98)
Order=68(31/98)
Order=70(32/98)
Found 4 real poles and 4 conjugate complex pairs.
Final number of poles: 8
Saved figure: WMP_Lib/Kr86/1375-22910_MT2.png
Saved figure: WMP_Lib/Kr86/1375-22910_MT27.png
Saved figure: WMP_Lib/Kr86/1375-22910_MT102.png
Vector fitting piece 3/13...
  energy: 1.257e+04 to 5.073e+04 eV (3060 points)
  error tolerance: rtol=0.001, atol=1e-05
Found 7 peaks
Fitting orders from 14 to 200
Order=14(0/94)
Order=16(1/94)
Order=18(2/94)
Order=20(3/94)
Order=22(4/94)
Order=24(5/94)
Order=26(6/94)
Order=28(7/94)
Order=30(8/94)
Order=32(9/94)
Order=34(10/94)
Order=36(11/94)
Order=38(12/94)
Order=40(13/94)
Order=42(14/94)
Order=44(15/94)
Order=46(16/94)
Order=48(17/94)
Order=50(18/94)
Order=52(19/94)
Order=54(20/94)
Order=56(21/94)
Order=58(22/94)
Order=60(23/94)
Found 2 real poles and 9 conjugate complex pairs.
Final number of poles: 11
Saved figure: WMP_Lib/Kr86/12569-50732_MT2.png
Saved figure: WMP_Lib/Kr86/12569-50732_MT27.png
Saved figure: WMP_Lib/Kr86/12569-50732_MT102.png
Vector fitting piece 4/13...
  energy: 3.504e+04 to 9.012e+04 eV (3344 points)
  error tolerance: rtol=0.001, atol=1e-05
Found 9 peaks
Fitting orders from 18 to 200
Order=18(0/92)
Order=20(1/92)
Order=22(2/92)
Order=24(3/92)
Order=26(4/92)
Order=28(5/92)
Order=30(6/92)
Order=32(7/92)
Order=34(8/92)
Order=36(9/92)
Order=38(10/92)
Order=40(11/92)
Order=42(12/92)
Order=44(13/92)
Order=46(14/92)
Order=48(15/92)
Order=50(16/92)
Order=52(17/92)
Order=54(18/92)
Order=56(19/92)
Order=58(20/92)
Order=60(21/92)
Found 0 real poles and 11 conjugate complex pairs.
Final number of poles: 11
Saved figure: WMP_Lib/Kr86/35036-90119_MT2.png
Saved figure: WMP_Lib/Kr86/35036-90119_MT27.png
Saved figure: WMP_Lib/Kr86/35036-90119_MT102.png
Vector fitting piece 5/13...
  energy: 6.874e+04 to 1.407e+05 eV (2235 points)
  error tolerance: rtol=0.001, atol=1e-05
Found 8 peaks
Fitting orders from 16 to 200
Order=16(0/93)
Order=18(1/93)
Order=20(2/93)
Order=22(3/93)
Order=24(4/93)
Order=26(5/93)
Order=28(6/93)
Order=30(7/93)
Order=32(8/93)
Order=34(9/93)
Order=36(10/93)
Order=38(11/93)
Order=40(12/93)
Order=42(13/93)
Order=44(14/93)
Order=46(15/93)
Order=48(16/93)
Order=50(17/93)
Order=52(18/93)
Order=54(19/93)
Order=56(20/93)
Order=58(21/93)
Order=60(22/93)
Found 2 real poles and 11 conjugate complex pairs.
Final number of poles: 13
Saved figure: WMP_Lib/Kr86/68743-140726_MT2.png
Saved figure: WMP_Lib/Kr86/68743-140726_MT27.png
Saved figure: WMP_Lib/Kr86/68743-140726_MT102.png
Vector fitting piece 6/13...
  energy: 1.136e+05 to 2.027e+05 eV (2805 points)
  error tolerance: rtol=0.001, atol=1e-05
Found 11 peaks
Fitting orders from 22 to 200
Order=22(0/90)
Order=24(1/90)
Order=26(2/90)
Order=28(3/90)
Order=30(4/90)
Order=32(5/90)
Order=34(6/90)
Order=36(7/90)
Order=38(8/90)
Order=40(9/90)
Order=42(10/90)
Order=44(11/90)
Order=46(12/90)
Order=48(13/90)
Order=50(14/90)
Order=52(15/90)
Order=54(16/90)
Order=56(17/90)
Order=58(18/90)
Order=60(19/90)
Found 2 real poles and 14 conjugate complex pairs.
Final number of poles: 16
Saved figure: WMP_Lib/Kr86/113584-202723_MT2.png
Saved figure: WMP_Lib/Kr86/113584-202723_MT27.png
Saved figure: WMP_Lib/Kr86/113584-202723_MT102.png
Vector fitting piece 7/13...
  energy: 1.699e+05 to 2.759e+05 eV (2746 points)
  error tolerance: rtol=0.001, atol=1e-05
Found 12 peaks
Fitting orders from 24 to 200
Order=24(0/89)
Order=26(1/89)
Order=28(2/89)
Order=30(3/89)
Order=32(4/89)
Order=34(5/89)
Order=36(6/89)
Order=38(7/89)
Order=40(8/89)
Order=42(9/89)
Order=44(10/89)
Order=46(11/89)
Order=48(12/89)
Order=50(13/89)
Order=52(14/89)
Order=54(15/89)
Order=56(16/89)
Order=58(17/89)
Order=60(18/89)
Found 2 real poles and 16 conjugate complex pairs.
Final number of poles: 18
Saved figure: WMP_Lib/Kr86/169858-275884_MT2.png
Saved figure: WMP_Lib/Kr86/169858-275884_MT27.png
Saved figure: WMP_Lib/Kr86/169858-275884_MT102.png
Vector fitting piece 8/13...
  energy: 2.373e+05 to 3.601e+05 eV (2997 points)
  error tolerance: rtol=0.001, atol=1e-05
Found 17 peaks
Fitting orders from 34 to 200
Order=34(0/84)
Order=36(1/84)
Order=38(2/84)
Order=40(3/84)
Order=42(4/84)
Order=44(5/84)
Order=46(6/84)
Order=48(7/84)
Order=50(8/84)
Order=52(9/84)
Order=54(10/84)
Order=56(11/84)
Order=58(12/84)
Order=60(13/84)
Found 2 real poles and 20 conjugate complex pairs.
Final number of poles: 22
Saved figure: WMP_Lib/Kr86/237279-360139_MT2.png
Saved figure: WMP_Lib/Kr86/237279-360139_MT27.png
Saved figure: WMP_Lib/Kr86/237279-360139_MT102.png
Vector fitting piece 9/13...
  energy: 3.159e+05 to 4.557e+05 eV (3724 points)
  error tolerance: rtol=0.001, atol=1e-05
Found 23 peaks
Fitting orders from 46 to 200
Order=46(0/78)
Order=48(1/78)
Order=50(2/78)
Order=52(3/78)
Order=54(4/78)
Order=56(5/78)
Order=58(6/78)
Order=60(7/78)
Order=62(8/78)
Order=64(9/78)
Order=66(10/78)
Order=68(11/78)
Order=70(12/78)
Found 4 real poles and 28 conjugate complex pairs.
Final number of poles: 32
Saved figure: WMP_Lib/Kr86/315929-455698_MT2.png
Saved figure: WMP_Lib/Kr86/315929-455698_MT27.png
Saved figure: WMP_Lib/Kr86/315929-455698_MT102.png
Vector fitting piece 10/13...
  energy: 4.059e+05 to 5.626e+05 eV (4324 points)
  error tolerance: rtol=0.001, atol=1e-05
Found 35 peaks
Fitting orders from 70 to 200
Order=70(0/66)
Order=72(1/66)
Order=74(2/66)
Order=76(3/66)
Order=78(4/66)
Order=80(5/66)
Order=82(6/66)
Order=84(7/66)
Order=86(8/66)
Found 2 real poles and 37 conjugate complex pairs.
Final number of poles: 39
Saved figure: WMP_Lib/Kr86/405853-562650_MT2.png
Saved figure: WMP_Lib/Kr86/405853-562650_MT27.png
Saved figure: WMP_Lib/Kr86/405853-562650_MT102.png
Vector fitting piece 11/13...
  energy: 5.070e+05 to 6.806e+05 eV (4169 points)
  error tolerance: rtol=0.001, atol=1e-05
Found 36 peaks
Fitting orders from 72 to 200
Order=72(0/65)
Order=74(1/65)
Order=76(2/65)
Order=78(3/65)
Order=80(4/65)
Order=82(5/65)
Order=84(6/65)
Order=86(7/65)
Order=88(8/65)
Order=90(9/65)
Order=92(10/65)
Order=94(11/65)
Order=96(12/65)
Order=98(13/65)
Order=100(14/65)
Found 2 real poles and 44 conjugate complex pairs.
Final number of poles: 46
Saved figure: WMP_Lib/Kr86/507005-680571_MT2.png
Saved figure: WMP_Lib/Kr86/507005-680571_MT27.png
Saved figure: WMP_Lib/Kr86/507005-680571_MT102.png
Vector fitting piece 12/13...
  energy: 6.194e+05 to 8.099e+05 eV (3275 points)
  error tolerance: rtol=0.001, atol=1e-05
Found 33 peaks
Fitting orders from 66 to 200
Order=66(0/68)
Order=68(1/68)
Order=70(2/68)
Order=72(3/68)
Order=74(4/68)
Order=76(5/68)
Order=78(6/68)
Order=80(7/68)
Order=82(8/68)
Order=84(9/68)
Order=86(10/68)
Order=88(11/68)
Order=90(12/68)
Order=92(13/68)
Order=94(14/68)
Order=96(15/68)
Order=98(16/68)
Order=100(17/68)
Order=102(18/68)
Order=104(19/68)
Order=106(20/68)
Order=108(21/68)
Found 4 real poles and 47 conjugate complex pairs.
Final number of poles: 51
Saved figure: WMP_Lib/Kr86/619398-809941_MT2.png
Saved figure: WMP_Lib/Kr86/619398-809941_MT27.png
Saved figure: WMP_Lib/Kr86/619398-809941_MT102.png
Vector fitting piece 13/13...
  energy: 7.430e+05 to 9.500e+05 eV (4504 points)
  error tolerance: rtol=0.001, atol=1e-05
Found 48 peaks
Fitting orders from 96 to 200
Order=96(0/53)
Order=98(1/53)
Order=100(2/53)
Order=102(3/53)
Order=104(4/53)
Order=106(5/53)
Order=108(6/53)
Order=110(7/53)
Order=112(8/53)
Order=114(9/53)
Order=116(10/53)
Order=118(11/53)
Order=120(12/53)
Order=122(13/53)
Order=124(14/53)
Order=126(15/53)
Order=128(16/53)
Order=130(17/53)
Order=132(18/53)
Order=134(19/53)
Order=136(20/53)
Order=138(21/53)
Order=140(22/53)
Order=142(23/53)
Found 4 real poles and 64 conjugate complex pairs.
Final number of poles: 68
Saved figure: WMP_Lib/Kr86/743035-950000_MT2.png
Saved figure: WMP_Lib/Kr86/743035-950000_MT27.png
Saved figure: WMP_Lib/Kr86/743035-950000_MT102.png
Dumped multipole data to file: WMP_Lib/Kr86/Kr86_mp.pickle
Start searching ...
Testing N_win=16 N_cf=10
Windowing:
  config: # windows=16, spacing=60.91726380651983, CF order=10
  error tolerance: rtol=0.001, atol=1e-05
Failed: Pure curvefit failed for the first window!
Testing N_win=120 N_cf=10
Windowing:
  config: # windows=120, spacing=8.12230184086931, CF order=10
  error tolerance: rtol=0.001, atol=1e-05
Best library so far.
Testing N_win=120 N_cf=9
Windowing:
  config: # windows=120, spacing=8.12230184086931, CF order=9
  error tolerance: rtol=0.001, atol=1e-05
Best library so far.
Testing N_win=120 N_cf=8
Windowing:
  config: # windows=120, spacing=8.12230184086931, CF order=8
  error tolerance: rtol=0.001, atol=1e-05
Best library so far.
Testing N_win=120 N_cf=7
Windowing:
  config: # windows=120, spacing=8.12230184086931, CF order=7
  error tolerance: rtol=0.001, atol=1e-05
Best library so far.
Testing N_win=120 N_cf=6
Windowing:
  config: # windows=120, spacing=8.12230184086931, CF order=6
  error tolerance: rtol=0.001, atol=1e-05
Best library so far.
Testing N_win=120 N_cf=5
Windowing:
  config: # windows=120, spacing=8.12230184086931, CF order=5
  error tolerance: rtol=0.001, atol=1e-05
Best library so far.
Testing N_win=120 N_cf=4
Windowing:
  config: # windows=120, spacing=8.12230184086931, CF order=4
  error tolerance: rtol=0.001, atol=1e-05
Best library so far.
Testing N_win=120 N_cf=3
Windowing:
  config: # windows=120, spacing=8.12230184086931, CF order=3
  error tolerance: rtol=0.001, atol=1e-05
Best library so far.
Testing N_win=120 N_cf=2
Windowing:
  config: # windows=120, spacing=8.12230184086931, CF order=2
  error tolerance: rtol=0.001, atol=1e-05
Best library so far.
Testing N_win=224 N_cf=10
Windowing:
  config: # windows=224, spacing=4.351233129037131, CF order=10
  error tolerance: rtol=0.001, atol=1e-05
Best library so far.
Testing N_win=224 N_cf=9
Windowing:
  config: # windows=224, spacing=4.351233129037131, CF order=9
  error tolerance: rtol=0.001, atol=1e-05
Best library so far.
Testing N_win=224 N_cf=8
Windowing:
  config: # windows=224, spacing=4.351233129037131, CF order=8
  error tolerance: rtol=0.001, atol=1e-05
Best library so far.
Testing N_win=224 N_cf=7
Windowing:
  config: # windows=224, spacing=4.351233129037131, CF order=7
  error tolerance: rtol=0.001, atol=1e-05
Best library so far.
Testing N_win=224 N_cf=6
Windowing:
  config: # windows=224, spacing=4.351233129037131, CF order=6
  error tolerance: rtol=0.001, atol=1e-05
Best library so far.
Testing N_win=224 N_cf=5
Windowing:
  config: # windows=224, spacing=4.351233129037131, CF order=5
  error tolerance: rtol=0.001, atol=1e-05
Best library so far.
Testing N_win=224 N_cf=4
Windowing:
  config: # windows=224, spacing=4.351233129037131, CF order=4
  error tolerance: rtol=0.001, atol=1e-05
Best library so far.
Testing N_win=224 N_cf=3
Windowing:
  config: # windows=224, spacing=4.351233129037131, CF order=3
  error tolerance: rtol=0.001, atol=1e-05
Best library so far.
Testing N_win=224 N_cf=2
Windowing:
  config: # windows=224, spacing=4.351233129037131, CF order=2
  error tolerance: rtol=0.001, atol=1e-05
Best library so far.
Testing N_win=329 N_cf=10
Windowing:
  config: # windows=329, spacing=2.9625417048763443, CF order=10
  error tolerance: rtol=0.001, atol=1e-05
Testing N_win=329 N_cf=9
Windowing:
  config: # windows=329, spacing=2.9625417048763443, CF order=9
  error tolerance: rtol=0.001, atol=1e-05
Testing N_win=329 N_cf=8
Windowing:
  config: # windows=329, spacing=2.9625417048763443, CF order=8
  error tolerance: rtol=0.001, atol=1e-05
Testing N_win=329 N_cf=7
Windowing:
  config: # windows=329, spacing=2.9625417048763443, CF order=7
  error tolerance: rtol=0.001, atol=1e-05
Testing N_win=329 N_cf=6
Windowing:
  config: # windows=329, spacing=2.9625417048763443, CF order=6
  error tolerance: rtol=0.001, atol=1e-05
Testing N_win=329 N_cf=5
Windowing:
  config: # windows=329, spacing=2.9625417048763443, CF order=5
  error tolerance: rtol=0.001, atol=1e-05
Testing N_win=329 N_cf=4
Windowing:
  config: # windows=329, spacing=2.9625417048763443, CF order=4
  error tolerance: rtol=0.001, atol=1e-05
Testing N_win=329 N_cf=3
Windowing:
  config: # windows=329, spacing=2.9625417048763443, CF order=3
  error tolerance: rtol=0.001, atol=1e-05
Testing N_win=329 N_cf=2
Windowing:
  config: # windows=329, spacing=2.9625417048763443, CF order=2
  error tolerance: rtol=0.001, atol=1e-05
Testing N_win=433 N_cf=10
Windowing:
  config: # windows=433, spacing=2.2509843438898782, CF order=10
  error tolerance: rtol=0.001, atol=1e-05
Testing N_win=433 N_cf=9
Windowing:
  config: # windows=433, spacing=2.2509843438898782, CF order=9
  error tolerance: rtol=0.001, atol=1e-05
Testing N_win=433 N_cf=8
Windowing:
  config: # windows=433, spacing=2.2509843438898782, CF order=8
  error tolerance: rtol=0.001, atol=1e-05
Testing N_win=433 N_cf=7
Windowing:
  config: # windows=433, spacing=2.2509843438898782, CF order=7
  error tolerance: rtol=0.001, atol=1e-05
Testing N_win=433 N_cf=6
Windowing:
  config: # windows=433, spacing=2.2509843438898782, CF order=6
  error tolerance: rtol=0.001, atol=1e-05
Testing N_win=433 N_cf=5
Windowing:
  config: # windows=433, spacing=2.2509843438898782, CF order=5
  error tolerance: rtol=0.001, atol=1e-05
Testing N_win=433 N_cf=4
Windowing:
  config: # windows=433, spacing=2.2509843438898782, CF order=4
  error tolerance: rtol=0.001, atol=1e-05
Testing N_win=433 N_cf=3
Windowing:
  config: # windows=433, spacing=2.2509843438898782, CF order=3
  error tolerance: rtol=0.001, atol=1e-05
Testing N_win=433 N_cf=2
Windowing:
  config: # windows=433, spacing=2.2509843438898782, CF order=2
  error tolerance: rtol=0.001, atol=1e-05
Testing N_win=538 N_cf=10
Windowing:
  config: # windows=538, spacing=1.8116658381121138, CF order=10
  error tolerance: rtol=0.001, atol=1e-05
Testing N_win=538 N_cf=9
Windowing:
  config: # windows=538, spacing=1.8116658381121138, CF order=9
  error tolerance: rtol=0.001, atol=1e-05
Testing N_win=538 N_cf=8
Windowing:
  config: # windows=538, spacing=1.8116658381121138, CF order=8
  error tolerance: rtol=0.001, atol=1e-05
Testing N_win=538 N_cf=7
Windowing:
  config: # windows=538, spacing=1.8116658381121138, CF order=7
  error tolerance: rtol=0.001, atol=1e-05
Testing N_win=538 N_cf=6
Windowing:
  config: # windows=538, spacing=1.8116658381121138, CF order=6
  error tolerance: rtol=0.001, atol=1e-05
Testing N_win=538 N_cf=5
Windowing:
  config: # windows=538, spacing=1.8116658381121138, CF order=5
  error tolerance: rtol=0.001, atol=1e-05
Testing N_win=538 N_cf=4
Windowing:
  config: # windows=538, spacing=1.8116658381121138, CF order=4
  error tolerance: rtol=0.001, atol=1e-05
Testing N_win=538 N_cf=3
Windowing:
  config: # windows=538, spacing=1.8116658381121138, CF order=3
  error tolerance: rtol=0.001, atol=1e-05
Best library so far.
Testing N_win=538 N_cf=2
Windowing:
  config: # windows=538, spacing=1.8116658381121138, CF order=2
  error tolerance: rtol=0.001, atol=1e-05
Best library so far.
Testing N_win=642 N_cf=10
Windowing:
  config: # windows=642, spacing=1.518187259975572, CF order=10
  error tolerance: rtol=0.001, atol=1e-05
Testing N_win=642 N_cf=9
Windowing:
  config: # windows=642, spacing=1.518187259975572, CF order=9
  error tolerance: rtol=0.001, atol=1e-05
Testing N_win=642 N_cf=8
Windowing:
  config: # windows=642, spacing=1.518187259975572, CF order=8
  error tolerance: rtol=0.001, atol=1e-05
Testing N_win=642 N_cf=7
Windowing:
  config: # windows=642, spacing=1.518187259975572, CF order=7
  error tolerance: rtol=0.001, atol=1e-05
Testing N_win=642 N_cf=6
Windowing:
  config: # windows=642, spacing=1.518187259975572, CF order=6
  error tolerance: rtol=0.001, atol=1e-05
Testing N_win=642 N_cf=5
Windowing:
  config: # windows=642, spacing=1.518187259975572, CF order=5
  error tolerance: rtol=0.001, atol=1e-05
Testing N_win=642 N_cf=4
Windowing:
  config: # windows=642, spacing=1.518187259975572, CF order=4
  error tolerance: rtol=0.001, atol=1e-05
Testing N_win=642 N_cf=3
Windowing:
  config: # windows=642, spacing=1.518187259975572, CF order=3
  error tolerance: rtol=0.001, atol=1e-05
Best library so far.
Testing N_win=642 N_cf=2
Windowing:
  config: # windows=642, spacing=1.518187259975572, CF order=2
  error tolerance: rtol=0.001, atol=1e-05
Best library so far.
Testing N_win=746 N_cf=10
Windowing:
  config: # windows=746, spacing=1.3065364891478783, CF order=10
  error tolerance: rtol=0.001, atol=1e-05
Testing N_win=746 N_cf=9
Windowing:
  config: # windows=746, spacing=1.3065364891478783, CF order=9
  error tolerance: rtol=0.001, atol=1e-05
Testing N_win=746 N_cf=8
Windowing:
  config: # windows=746, spacing=1.3065364891478783, CF order=8
  error tolerance: rtol=0.001, atol=1e-05
Testing N_win=746 N_cf=7
Windowing:
  config: # windows=746, spacing=1.3065364891478783, CF order=7
  error tolerance: rtol=0.001, atol=1e-05
Testing N_win=746 N_cf=6
Windowing:
  config: # windows=746, spacing=1.3065364891478783, CF order=6
  error tolerance: rtol=0.001, atol=1e-05
Testing N_win=746 N_cf=5
Windowing:
  config: # windows=746, spacing=1.3065364891478783, CF order=5
  error tolerance: rtol=0.001, atol=1e-05
Testing N_win=746 N_cf=4
Windowing:
  config: # windows=746, spacing=1.3065364891478783, CF order=4
  error tolerance: rtol=0.001, atol=1e-05
Testing N_win=746 N_cf=3
Windowing:
  config: # windows=746, spacing=1.3065364891478783, CF order=3
  error tolerance: rtol=0.001, atol=1e-05
Testing N_win=746 N_cf=2
Windowing:
  config: # windows=746, spacing=1.3065364891478783, CF order=2
  error tolerance: rtol=0.001, atol=1e-05
Best library so far.
Testing N_win=851 N_cf=10
Windowing:
  config: # windows=851, spacing=1.1453304593470237, CF order=10
  error tolerance: rtol=0.001, atol=1e-05
Testing N_win=851 N_cf=9
Windowing:
  config: # windows=851, spacing=1.1453304593470237, CF order=9
  error tolerance: rtol=0.001, atol=1e-05
Testing N_win=851 N_cf=8
Windowing:
  config: # windows=851, spacing=1.1453304593470237, CF order=8
  error tolerance: rtol=0.001, atol=1e-05
Testing N_win=851 N_cf=7
Windowing:
  config: # windows=851, spacing=1.1453304593470237, CF order=7
  error tolerance: rtol=0.001, atol=1e-05
Testing N_win=851 N_cf=6
Windowing:
  config: # windows=851, spacing=1.1453304593470237, CF order=6
  error tolerance: rtol=0.001, atol=1e-05
Testing N_win=851 N_cf=5
Windowing:
  config: # windows=851, spacing=1.1453304593470237, CF order=5
  error tolerance: rtol=0.001, atol=1e-05
Testing N_win=851 N_cf=4
Windowing:
  config: # windows=851, spacing=1.1453304593470237, CF order=4
  error tolerance: rtol=0.001, atol=1e-05
Testing N_win=851 N_cf=3
Windowing:
  config: # windows=851, spacing=1.1453304593470237, CF order=3
  error tolerance: rtol=0.001, atol=1e-05
Testing N_win=851 N_cf=2
Windowing:
  config: # windows=851, spacing=1.1453304593470237, CF order=2
  error tolerance: rtol=0.001, atol=1e-05
Best library so far.
Testing N_win=955 N_cf=10
Windowing:
  config: # windows=955, spacing=1.0206033726746777, CF order=10
  error tolerance: rtol=0.001, atol=1e-05
Testing N_win=955 N_cf=9
Windowing:
  config: # windows=955, spacing=1.0206033726746777, CF order=9
  error tolerance: rtol=0.001, atol=1e-05
Testing N_win=955 N_cf=8
Windowing:
  config: # windows=955, spacing=1.0206033726746777, CF order=8
  error tolerance: rtol=0.001, atol=1e-05
Testing N_win=955 N_cf=7
Windowing:
  config: # windows=955, spacing=1.0206033726746777, CF order=7
  error tolerance: rtol=0.001, atol=1e-05
Testing N_win=955 N_cf=6
Windowing:
  config: # windows=955, spacing=1.0206033726746777, CF order=6
  error tolerance: rtol=0.001, atol=1e-05
Testing N_win=955 N_cf=5
Windowing:
  config: # windows=955, spacing=1.0206033726746777, CF order=5
  error tolerance: rtol=0.001, atol=1e-05
Testing N_win=955 N_cf=4
Windowing:
  config: # windows=955, spacing=1.0206033726746777, CF order=4
  error tolerance: rtol=0.001, atol=1e-05
Testing N_win=955 N_cf=3
Windowing:
  config: # windows=955, spacing=1.0206033726746777, CF order=3
  error tolerance: rtol=0.001, atol=1e-05
Testing N_win=955 N_cf=2
Windowing:
  config: # windows=955, spacing=1.0206033726746777, CF order=2
  error tolerance: rtol=0.001, atol=1e-05
Best library so far.
Testing N_win=1060 N_cf=10
Windowing:
  config: # windows=1060, spacing=0.9195058687776577, CF order=10
  error tolerance: rtol=0.001, atol=1e-05
Testing N_win=1060 N_cf=9
Windowing:
  config: # windows=1060, spacing=0.9195058687776577, CF order=9
  error tolerance: rtol=0.001, atol=1e-05
Testing N_win=1060 N_cf=8
Windowing:
  config: # windows=1060, spacing=0.9195058687776577, CF order=8
  error tolerance: rtol=0.001, atol=1e-05
Testing N_win=1060 N_cf=7
Windowing:
  config: # windows=1060, spacing=0.9195058687776577, CF order=7
  error tolerance: rtol=0.001, atol=1e-05
Testing N_win=1060 N_cf=6
Windowing:
  config: # windows=1060, spacing=0.9195058687776577, CF order=6
  error tolerance: rtol=0.001, atol=1e-05
Testing N_win=1060 N_cf=5
Windowing:
  config: # windows=1060, spacing=0.9195058687776577, CF order=5
  error tolerance: rtol=0.001, atol=1e-05
Testing N_win=1060 N_cf=4
Windowing:
  config: # windows=1060, spacing=0.9195058687776577, CF order=4
  error tolerance: rtol=0.001, atol=1e-05
Testing N_win=1060 N_cf=3
Windowing:
  config: # windows=1060, spacing=0.9195058687776577, CF order=3
  error tolerance: rtol=0.001, atol=1e-05
Testing N_win=1060 N_cf=2
Windowing:
  config: # windows=1060, spacing=0.9195058687776577, CF order=2
  error tolerance: rtol=0.001, atol=1e-05
Best library so far.
Testing N_win=1164 N_cf=10
Windowing:
  config: # windows=1164, spacing=0.8373507052442588, CF order=10
  error tolerance: rtol=0.001, atol=1e-05
Testing N_win=1164 N_cf=9
Windowing:
  config: # windows=1164, spacing=0.8373507052442588, CF order=9
  error tolerance: rtol=0.001, atol=1e-05
Testing N_win=1164 N_cf=8
Windowing:
  config: # windows=1164, spacing=0.8373507052442588, CF order=8
  error tolerance: rtol=0.001, atol=1e-05
Testing N_win=1164 N_cf=7
Windowing:
  config: # windows=1164, spacing=0.8373507052442588, CF order=7
  error tolerance: rtol=0.001, atol=1e-05
Testing N_win=1164 N_cf=6
Windowing:
  config: # windows=1164, spacing=0.8373507052442588, CF order=6
  error tolerance: rtol=0.001, atol=1e-05
Testing N_win=1164 N_cf=5
Windowing:
  config: # windows=1164, spacing=0.8373507052442588, CF order=5
  error tolerance: rtol=0.001, atol=1e-05
Testing N_win=1164 N_cf=4
Windowing:
  config: # windows=1164, spacing=0.8373507052442588, CF order=4
  error tolerance: rtol=0.001, atol=1e-05
Testing N_win=1164 N_cf=3
Windowing:
  config: # windows=1164, spacing=0.8373507052442588, CF order=3
  error tolerance: rtol=0.001, atol=1e-05
Testing N_win=1164 N_cf=2
Windowing:
  config: # windows=1164, spacing=0.8373507052442588, CF order=2
  error tolerance: rtol=0.001, atol=1e-05
Testing N_win=1269 N_cf=10
Windowing:
  config: # windows=1269, spacing=0.768066367930904, CF order=10
  error tolerance: rtol=0.001, atol=1e-05
Testing N_win=1269 N_cf=9
Windowing:
  config: # windows=1269, spacing=0.768066367930904, CF order=9
  error tolerance: rtol=0.001, atol=1e-05
Testing N_win=1269 N_cf=8
Windowing:
  config: # windows=1269, spacing=0.768066367930904, CF order=8
  error tolerance: rtol=0.001, atol=1e-05
Testing N_win=1269 N_cf=7
Windowing:
  config: # windows=1269, spacing=0.768066367930904, CF order=7
  error tolerance: rtol=0.001, atol=1e-05
Testing N_win=1269 N_cf=6
Windowing:
  config: # windows=1269, spacing=0.768066367930904, CF order=6
  error tolerance: rtol=0.001, atol=1e-05
Testing N_win=1269 N_cf=5
Windowing:
  config: # windows=1269, spacing=0.768066367930904, CF order=5
  error tolerance: rtol=0.001, atol=1e-05
Testing N_win=1269 N_cf=4
Windowing:
  config: # windows=1269, spacing=0.768066367930904, CF order=4
  error tolerance: rtol=0.001, atol=1e-05
Testing N_win=1269 N_cf=3
Windowing:
  config: # windows=1269, spacing=0.768066367930904, CF order=3
  error tolerance: rtol=0.001, atol=1e-05
Testing N_win=1269 N_cf=2
Windowing:
  config: # windows=1269, spacing=0.768066367930904, CF order=2
  error tolerance: rtol=0.001, atol=1e-05
Testing N_win=1373 N_cf=10
Windowing:
  config: # windows=1373, spacing=0.7098879977453149, CF order=10
  error tolerance: rtol=0.001, atol=1e-05
Testing N_win=1373 N_cf=9
Windowing:
  config: # windows=1373, spacing=0.7098879977453149, CF order=9
  error tolerance: rtol=0.001, atol=1e-05
Testing N_win=1373 N_cf=8
Windowing:
  config: # windows=1373, spacing=0.7098879977453149, CF order=8
  error tolerance: rtol=0.001, atol=1e-05
Testing N_win=1373 N_cf=7
Windowing:
  config: # windows=1373, spacing=0.7098879977453149, CF order=7
  error tolerance: rtol=0.001, atol=1e-05
Testing N_win=1373 N_cf=6
Windowing:
  config: # windows=1373, spacing=0.7098879977453149, CF order=6
  error tolerance: rtol=0.001, atol=1e-05
Testing N_win=1373 N_cf=5
Windowing:
  config: # windows=1373, spacing=0.7098879977453149, CF order=5
  error tolerance: rtol=0.001, atol=1e-05
Testing N_win=1373 N_cf=4
Windowing:
  config: # windows=1373, spacing=0.7098879977453149, CF order=4
  error tolerance: rtol=0.001, atol=1e-05
Testing N_win=1373 N_cf=3
Windowing:
  config: # windows=1373, spacing=0.7098879977453149, CF order=3
  error tolerance: rtol=0.001, atol=1e-05
Testing N_win=1373 N_cf=2
Windowing:
  config: # windows=1373, spacing=0.7098879977453149, CF order=2
  error tolerance: rtol=0.001, atol=1e-05
Testing N_win=1477 N_cf=10
Windowing:
  config: # windows=1477, spacing=0.6599026546407023, CF order=10
  error tolerance: rtol=0.001, atol=1e-05
Testing N_win=1477 N_cf=9
Windowing:
  config: # windows=1477, spacing=0.6599026546407023, CF order=9
  error tolerance: rtol=0.001, atol=1e-05
Testing N_win=1477 N_cf=8
Windowing:
  config: # windows=1477, spacing=0.6599026546407023, CF order=8
  error tolerance: rtol=0.001, atol=1e-05
Testing N_win=1477 N_cf=7
Windowing:
  config: # windows=1477, spacing=0.6599026546407023, CF order=7
  error tolerance: rtol=0.001, atol=1e-05
Testing N_win=1477 N_cf=6
Windowing:
  config: # windows=1477, spacing=0.6599026546407023, CF order=6
  error tolerance: rtol=0.001, atol=1e-05
Testing N_win=1477 N_cf=5
Windowing:
  config: # windows=1477, spacing=0.6599026546407023, CF order=5
  error tolerance: rtol=0.001, atol=1e-05
Testing N_win=1477 N_cf=4
Windowing:
  config: # windows=1477, spacing=0.6599026546407023, CF order=4
  error tolerance: rtol=0.001, atol=1e-05
Testing N_win=1477 N_cf=3
Windowing:
  config: # windows=1477, spacing=0.6599026546407023, CF order=3
  error tolerance: rtol=0.001, atol=1e-05
Testing N_win=1477 N_cf=2
Windowing:
  config: # windows=1477, spacing=0.6599026546407023, CF order=2
  error tolerance: rtol=0.001, atol=1e-05
Testing N_win=1582 N_cf=10
Windowing:
  config: # windows=1582, spacing=0.6161038058813636, CF order=10
  error tolerance: rtol=0.001, atol=1e-05
Testing N_win=1582 N_cf=9
Windowing:
  config: # windows=1582, spacing=0.6161038058813636, CF order=9
  error tolerance: rtol=0.001, atol=1e-05
Testing N_win=1582 N_cf=8
Windowing:
  config: # windows=1582, spacing=0.6161038058813636, CF order=8
  error tolerance: rtol=0.001, atol=1e-05
Testing N_win=1582 N_cf=7
Windowing:
  config: # windows=1582, spacing=0.6161038058813636, CF order=7
  error tolerance: rtol=0.001, atol=1e-05
Testing N_win=1582 N_cf=6
Windowing:
  config: # windows=1582, spacing=0.6161038058813636, CF order=6
  error tolerance: rtol=0.001, atol=1e-05
Testing N_win=1582 N_cf=5
Windowing:
  config: # windows=1582, spacing=0.6161038058813636, CF order=5
  error tolerance: rtol=0.001, atol=1e-05
Testing N_win=1582 N_cf=4
Windowing:
  config: # windows=1582, spacing=0.6161038058813636, CF order=4
  error tolerance: rtol=0.001, atol=1e-05
Testing N_win=1582 N_cf=3
Windowing:
  config: # windows=1582, spacing=0.6161038058813636, CF order=3
  error tolerance: rtol=0.001, atol=1e-05
Testing N_win=1582 N_cf=2
Windowing:
  config: # windows=1582, spacing=0.6161038058813636, CF order=2
  error tolerance: rtol=0.001, atol=1e-05
Testing N_win=1686 N_cf=10
Windowing:
  config: # windows=1686, spacing=0.5780997751508405, CF order=10
  error tolerance: rtol=0.001, atol=1e-05
Testing N_win=1686 N_cf=9
Windowing:
  config: # windows=1686, spacing=0.5780997751508405, CF order=9
  error tolerance: rtol=0.001, atol=1e-05
Testing N_win=1686 N_cf=8
Windowing:
  config: # windows=1686, spacing=0.5780997751508405, CF order=8
  error tolerance: rtol=0.001, atol=1e-05
Testing N_win=1686 N_cf=7
Windowing:
  config: # windows=1686, spacing=0.5780997751508405, CF order=7
  error tolerance: rtol=0.001, atol=1e-05
Testing N_win=1686 N_cf=6
Windowing:
  config: # windows=1686, spacing=0.5780997751508405, CF order=6
  error tolerance: rtol=0.001, atol=1e-05
Testing N_win=1686 N_cf=5
Windowing:
  config: # windows=1686, spacing=0.5780997751508405, CF order=5
  error tolerance: rtol=0.001, atol=1e-05
Testing N_win=1686 N_cf=4
Windowing:
  config: # windows=1686, spacing=0.5780997751508405, CF order=4
  error tolerance: rtol=0.001, atol=1e-05
Testing N_win=1686 N_cf=3
Windowing:
  config: # windows=1686, spacing=0.5780997751508405, CF order=3
  error tolerance: rtol=0.001, atol=1e-05
Testing N_win=1686 N_cf=2
Windowing:
  config: # windows=1686, spacing=0.5780997751508405, CF order=2
  error tolerance: rtol=0.001, atol=1e-05
Testing N_win=1791 N_cf=10
Windowing:
  config: # windows=1791, spacing=0.5442078285339571, CF order=10
  error tolerance: rtol=0.001, atol=1e-05
Testing N_win=1791 N_cf=9
Windowing:
  config: # windows=1791, spacing=0.5442078285339571, CF order=9
  error tolerance: rtol=0.001, atol=1e-05
Testing N_win=1791 N_cf=8
Windowing:
  config: # windows=1791, spacing=0.5442078285339571, CF order=8
  error tolerance: rtol=0.001, atol=1e-05
Testing N_win=1791 N_cf=7
Windowing:
  config: # windows=1791, spacing=0.5442078285339571, CF order=7
  error tolerance: rtol=0.001, atol=1e-05
Testing N_win=1791 N_cf=6
Windowing:
  config: # windows=1791, spacing=0.5442078285339571, CF order=6
  error tolerance: rtol=0.001, atol=1e-05
Testing N_win=1791 N_cf=5
Windowing:
  config: # windows=1791, spacing=0.5442078285339571, CF order=5
  error tolerance: rtol=0.001, atol=1e-05
Testing N_win=1791 N_cf=4
Windowing:
  config: # windows=1791, spacing=0.5442078285339571, CF order=4
  error tolerance: rtol=0.001, atol=1e-05
Testing N_win=1791 N_cf=3
Windowing:
  config: # windows=1791, spacing=0.5442078285339571, CF order=3
  error tolerance: rtol=0.001, atol=1e-05
Testing N_win=1791 N_cf=2
Windowing:
  config: # windows=1791, spacing=0.5442078285339571, CF order=2
  error tolerance: rtol=0.001, atol=1e-05
Testing N_win=1895 N_cf=10
Windowing:
  config: # windows=1895, spacing=0.5143410136698244, CF order=10
  error tolerance: rtol=0.001, atol=1e-05
Testing N_win=1895 N_cf=9
Windowing:
  config: # windows=1895, spacing=0.5143410136698244, CF order=9
  error tolerance: rtol=0.001, atol=1e-05
Testing N_win=1895 N_cf=8
Windowing:
  config: # windows=1895, spacing=0.5143410136698244, CF order=8
  error tolerance: rtol=0.001, atol=1e-05
Testing N_win=1895 N_cf=7
Windowing:
  config: # windows=1895, spacing=0.5143410136698244, CF order=7
  error tolerance: rtol=0.001, atol=1e-05
Testing N_win=1895 N_cf=6
Windowing:
  config: # windows=1895, spacing=0.5143410136698244, CF order=6
  error tolerance: rtol=0.001, atol=1e-05
Testing N_win=1895 N_cf=5
Windowing:
  config: # windows=1895, spacing=0.5143410136698244, CF order=5
  error tolerance: rtol=0.001, atol=1e-05
Testing N_win=1895 N_cf=4
Windowing:
  config: # windows=1895, spacing=0.5143410136698244, CF order=4
  error tolerance: rtol=0.001, atol=1e-05
Testing N_win=1895 N_cf=3
Windowing:
  config: # windows=1895, spacing=0.5143410136698244, CF order=3
  error tolerance: rtol=0.001, atol=1e-05
Testing N_win=1895 N_cf=2
Windowing:
  config: # windows=1895, spacing=0.5143410136698244, CF order=2
  error tolerance: rtol=0.001, atol=1e-05
Testing N_win=2000 N_cf=10
Windowing:
  config: # windows=2000, spacing=0.48733811045215863, CF order=10
  error tolerance: rtol=0.001, atol=1e-05
Testing N_win=2000 N_cf=9
Windowing:
  config: # windows=2000, spacing=0.48733811045215863, CF order=9
  error tolerance: rtol=0.001, atol=1e-05
Testing N_win=2000 N_cf=8
Windowing:
  config: # windows=2000, spacing=0.48733811045215863, CF order=8
  error tolerance: rtol=0.001, atol=1e-05
Testing N_win=2000 N_cf=7
Windowing:
  config: # windows=2000, spacing=0.48733811045215863, CF order=7
  error tolerance: rtol=0.001, atol=1e-05
Testing N_win=2000 N_cf=6
Windowing:
  config: # windows=2000, spacing=0.48733811045215863, CF order=6
  error tolerance: rtol=0.001, atol=1e-05
Testing N_win=2000 N_cf=5
Windowing:
  config: # windows=2000, spacing=0.48733811045215863, CF order=5
  error tolerance: rtol=0.001, atol=1e-05
Testing N_win=2000 N_cf=4
Windowing:
  config: # windows=2000, spacing=0.48733811045215863, CF order=4
  error tolerance: rtol=0.001, atol=1e-05
Testing N_win=2000 N_cf=3
Windowing:
  config: # windows=2000, spacing=0.48733811045215863, CF order=3
  error tolerance: rtol=0.001, atol=1e-05
Testing N_win=2000 N_cf=2
Windowing:
  config: # windows=2000, spacing=0.48733811045215863, CF order=2
  error tolerance: rtol=0.001, atol=1e-05
Final library: 226 poles, 1060 windows, 1.9 poles per window, 2 CF order
