Running NJOY to get 0K point-wise data (error=0.0005)...
Parsing cross sections within resolved resonance range...
  MTs: [2, 27, 102]
  Energy range: 1.000e-05 to 6.000e+03 eV (29852 points)
Vector fitting piece 1/14...
  energy: 1.000e-05 to 3.406e+01 eV (601 points)
  error tolerance: rtol=0.001, atol=1e-05
Found 0 peaks
Fitting orders from 2 to 200
Order=2(0/100)
Order=4(1/100)
Order=6(2/100)
Found ideal results. Stop!
Found 2 real poles and 2 conjugate complex pairs.
Final number of poles: 4
Saved figure: WMP_Lib/Pd106/0-34_MT2.png
Saved figure: WMP_Lib/Pd106/0-34_MT27.png
Saved figure: WMP_Lib/Pd106/0-34_MT102.png
Vector fitting piece 2/14...
  energy: 6.562e+00 to 1.282e+02 eV (377 points)
  error tolerance: rtol=0.001, atol=1e-05
Found 1 peaks
Fitting orders from 2 to 200
Order=2(0/100)
Order=4(1/100)
Order=6(2/100)
Order=8(3/100)
Order=10(4/100)
Order=12(5/100)
Order=14(6/100)
Order=16(7/100)
Order=18(8/100)
Order=20(9/100)
Order=22(10/100)
Order=24(11/100)
Order=26(12/100)
Order=28(13/100)
Order=30(14/100)
Order=32(15/100)
Order=34(16/100)
Order=36(17/100)
Order=38(18/100)
Order=40(19/100)
Order=42(20/100)
Order=44(21/100)
Order=46(22/100)
Order=48(23/100)
Order=50(24/100)
Order=52(25/100)
Order=54(26/100)
Order=56(27/100)
Order=58(28/100)
Order=60(29/100)
Found 2 real poles and 4 conjugate complex pairs.
Final number of poles: 6
Saved figure: WMP_Lib/Pd106/7-128_MT2.png
Saved figure: WMP_Lib/Pd106/7-128_MT27.png
Saved figure: WMP_Lib/Pd106/7-128_MT102.png
Vector fitting piece 3/14...
  energy: 6.561e+01 to 2.823e+02 eV (1393 points)
  error tolerance: rtol=0.001, atol=1e-05
Found 3 peaks
Fitting orders from 6 to 200
Order=6(0/98)
Order=8(1/98)
Order=10(2/98)
Order=12(3/98)
Order=14(4/98)
Order=16(5/98)
Order=18(6/98)
Order=20(7/98)
Order=22(8/98)
Order=24(9/98)
Order=26(10/98)
Order=28(11/98)
Order=30(12/98)
Order=32(13/98)
Order=34(14/98)
Order=36(15/98)
Order=38(16/98)
Order=40(17/98)
Order=42(18/98)
Order=44(19/98)
Order=46(20/98)
Order=48(21/98)
Order=50(22/98)
Order=52(23/98)
Order=54(24/98)
Order=56(25/98)
Order=58(26/98)
Order=60(27/98)
Found 0 real poles and 5 conjugate complex pairs.
Final number of poles: 5
Saved figure: WMP_Lib/Pd106/66-282_MT2.png
Saved figure: WMP_Lib/Pd106/66-282_MT27.png
Saved figure: WMP_Lib/Pd106/66-282_MT102.png
Vector fitting piece 4/14...
  energy: 1.852e+02 to 5.000e+02 eV (1734 points)
  error tolerance: rtol=0.001, atol=1e-05
Found 4 peaks
Fitting orders from 8 to 200
Order=8(0/97)
Order=10(1/97)
Order=12(2/97)
Order=14(3/97)
Order=16(4/97)
Order=18(5/97)
Order=20(6/97)
Order=22(7/97)
Order=24(8/97)
Order=26(9/97)
Order=28(10/97)
Order=30(11/97)
Order=32(12/97)
Order=34(13/97)
Order=36(14/97)
Order=38(15/97)
Order=40(16/97)
Order=42(17/97)
Order=44(18/97)
Order=46(19/97)
Order=48(20/97)
Order=50(21/97)
Order=52(22/97)
Order=54(23/97)
Order=56(24/97)
Order=58(25/97)
Order=60(26/97)
Found 2 real poles and 5 conjugate complex pairs.
Final number of poles: 7
Saved figure: WMP_Lib/Pd106/185-500_MT2.png
Saved figure: WMP_Lib/Pd106/185-500_MT27.png
Saved figure: WMP_Lib/Pd106/185-500_MT102.png
Vector fitting piece 5/14...
  energy: 3.667e+02 to 7.789e+02 eV (2431 points)
  error tolerance: rtol=0.001, atol=1e-05
Found 6 peaks
Fitting orders from 12 to 200
Order=12(0/95)
Order=14(1/95)
Order=16(2/95)
Order=18(3/95)
Order=20(4/95)
Order=22(5/95)
Order=24(6/95)
Order=26(7/95)
Order=28(8/95)
Order=30(9/95)
Order=32(10/95)
Order=34(11/95)
Order=36(12/95)
Order=38(13/95)
Order=40(14/95)
Order=42(15/95)
Order=44(16/95)
Order=46(17/95)
Order=48(18/95)
Order=50(19/95)
Order=52(20/95)
Order=54(21/95)
Order=56(22/95)
Order=58(23/95)
Order=60(24/95)
Found 4 real poles and 7 conjugate complex pairs.
Final number of poles: 11
Saved figure: WMP_Lib/Pd106/367-779_MT2.png
Saved figure: WMP_Lib/Pd106/367-779_MT27.png
Saved figure: WMP_Lib/Pd106/367-779_MT102.png
Vector fitting piece 6/14...
  energy: 6.095e+02 to 1.119e+03 eV (2559 points)
  error tolerance: rtol=0.001, atol=1e-05
Found 5 peaks
Fitting orders from 10 to 200
Order=10(0/96)
Order=12(1/96)
Order=14(2/96)
Order=16(3/96)
Order=18(4/96)
Order=20(5/96)
Order=22(6/96)
Order=24(7/96)
Order=26(8/96)
Order=28(9/96)
Order=30(10/96)
Order=32(11/96)
Order=34(12/96)
Order=36(13/96)
Order=38(14/96)
Order=40(15/96)
Order=42(16/96)
Order=44(17/96)
Order=46(18/96)
Order=48(19/96)
Order=50(20/96)
Order=52(21/96)
Order=54(22/96)
Order=56(23/96)
Order=58(24/96)
Order=60(25/96)
Found 2 real poles and 7 conjugate complex pairs.
Final number of poles: 9
Saved figure: WMP_Lib/Pd106/610-1119_MT2.png
Saved figure: WMP_Lib/Pd106/610-1119_MT27.png
Saved figure: WMP_Lib/Pd106/610-1119_MT102.png
Vector fitting piece 7/14...
  energy: 9.141e+02 to 1.516e+03 eV (4175 points)
  error tolerance: rtol=0.001, atol=1e-05
Found 10 peaks
Fitting orders from 20 to 200
Order=20(0/91)
Order=22(1/91)
Order=24(2/91)
Order=26(3/91)
Order=28(4/91)
Order=30(5/91)
Order=32(6/91)
Order=34(7/91)
Order=36(8/91)
Order=38(9/91)
Order=40(10/91)
Order=42(11/91)
Order=44(12/91)
Order=46(13/91)
Order=48(14/91)
Order=50(15/91)
Order=52(16/91)
Order=54(17/91)
Order=56(18/91)
Order=58(19/91)
Order=60(20/91)
Found 2 real poles and 12 conjugate complex pairs.
Final number of poles: 14
Saved figure: WMP_Lib/Pd106/914-1516_MT2.png
Saved figure: WMP_Lib/Pd106/914-1516_MT27.png
Saved figure: WMP_Lib/Pd106/914-1516_MT102.png
Vector fitting piece 8/14...
  energy: 1.278e+03 to 1.980e+03 eV (4397 points)
  error tolerance: rtol=0.001, atol=1e-05
Found 11 peaks
Fitting orders from 22 to 200
Order=22(0/90)
Order=24(1/90)
Order=26(2/90)
Order=28(3/90)
Order=30(4/90)
Order=32(5/90)
Order=34(6/90)
Order=36(7/90)
Order=38(8/90)
Order=40(9/90)
Order=42(10/90)
Order=44(11/90)
Order=46(12/90)
Order=48(13/90)
Order=50(14/90)
Order=52(15/90)
Order=54(16/90)
Order=56(17/90)
Order=58(18/90)
Order=60(19/90)
Found 2 real poles and 12 conjugate complex pairs.
Final number of poles: 14
Saved figure: WMP_Lib/Pd106/1278-1980_MT2.png
Saved figure: WMP_Lib/Pd106/1278-1980_MT27.png
Saved figure: WMP_Lib/Pd106/1278-1980_MT102.png
Vector fitting piece 9/14...
  energy: 1.705e+03 to 2.505e+03 eV (1145 points)
  error tolerance: rtol=0.001, atol=1e-05
Found 2 peaks
Fitting orders from 4 to 200
Order=4(0/99)
Order=6(1/99)
Order=8(2/99)
Order=10(3/99)
Order=12(4/99)
Order=14(5/99)
Order=16(6/99)
Order=18(7/99)
Order=20(8/99)
Order=22(9/99)
Order=24(10/99)
Order=26(11/99)
Order=28(12/99)
Order=30(13/99)
Order=32(14/99)
Order=34(15/99)
Order=36(16/99)
Order=38(17/99)
Order=40(18/99)
Order=42(19/99)
Order=44(20/99)
Order=46(21/99)
Order=48(22/99)
Order=50(23/99)
Order=52(24/99)
Order=54(25/99)
Order=56(26/99)
Order=58(27/99)
Order=60(28/99)
Found 4 real poles and 2 conjugate complex pairs.
Final number of poles: 6
Saved figure: WMP_Lib/Pd106/1705-2505_MT2.png
Saved figure: WMP_Lib/Pd106/1705-2505_MT27.png
Saved figure: WMP_Lib/Pd106/1705-2505_MT102.png
Vector fitting piece 10/14...
  energy: 2.187e+03 to 3.084e+03 eV (2738 points)
  error tolerance: rtol=0.001, atol=1e-05
Found 6 peaks
Fitting orders from 12 to 200
Order=12(0/95)
Order=14(1/95)
Order=16(2/95)
Order=18(3/95)
Order=20(4/95)
Order=22(5/95)
Order=24(6/95)
Order=26(7/95)
Order=28(8/95)
Order=30(9/95)
Order=32(10/95)
Order=34(11/95)
Order=36(12/95)
Order=38(13/95)
Order=40(14/95)
Order=42(15/95)
Order=44(16/95)
Order=46(17/95)
Order=48(18/95)
Order=50(19/95)
Order=52(20/95)
Order=54(21/95)
Order=56(22/95)
Order=58(23/95)
Order=60(24/95)
Found 2 real poles and 8 conjugate complex pairs.
Final number of poles: 10
Saved figure: WMP_Lib/Pd106/2187-3084_MT2.png
Saved figure: WMP_Lib/Pd106/2187-3084_MT27.png
Saved figure: WMP_Lib/Pd106/2187-3084_MT102.png
Vector fitting piece 11/14...
  energy: 2.742e+03 to 3.729e+03 eV (5226 points)
  error tolerance: rtol=0.001, atol=1e-05
Found 15 peaks
Fitting orders from 30 to 200
Order=30(0/86)
Order=32(1/86)
Order=34(2/86)
Order=36(3/86)
Order=38(4/86)
Order=40(5/86)
Order=42(6/86)
Order=44(7/86)
Order=46(8/86)
Order=48(9/86)
Order=50(10/86)
Order=52(11/86)
Order=54(12/86)
Order=56(13/86)
Order=58(14/86)
Order=60(15/86)
Order=62(16/86)
Order=64(17/86)
Order=66(18/86)
Order=68(19/86)
Order=70(20/86)
Found 4 real poles and 16 conjugate complex pairs.
Final number of poles: 20
Saved figure: WMP_Lib/Pd106/2742-3729_MT2.png
Saved figure: WMP_Lib/Pd106/2742-3729_MT27.png
Saved figure: WMP_Lib/Pd106/2742-3729_MT102.png
Vector fitting piece 12/14...
  energy: 3.352e+03 to 4.437e+03 eV (5409 points)
  error tolerance: rtol=0.001, atol=1e-05
Found 17 peaks
Fitting orders from 34 to 200
Order=34(0/84)
Order=36(1/84)
Order=38(2/84)
Order=40(3/84)
Order=42(4/84)
Order=44(5/84)
Order=46(6/84)
Order=48(7/84)
Order=50(8/84)
Order=52(9/84)
Order=54(10/84)
Order=56(11/84)
Order=58(12/84)
Order=60(13/84)
Order=62(14/84)
Order=64(15/84)
Order=66(16/84)
Order=68(17/84)
Order=70(18/84)
Found 4 real poles and 17 conjugate complex pairs.
Final number of poles: 21
Saved figure: WMP_Lib/Pd106/3352-4437_MT2.png
Saved figure: WMP_Lib/Pd106/3352-4437_MT27.png
Saved figure: WMP_Lib/Pd106/3352-4437_MT102.png
Vector fitting piece 13/14...
  energy: 4.019e+03 to 5.202e+03 eV (6126 points)
  error tolerance: rtol=0.001, atol=1e-05
Found 23 peaks
Fitting orders from 46 to 200
Order=46(0/78)
Order=48(1/78)
Order=50(2/78)
Order=52(3/78)
Order=54(4/78)
Order=56(5/78)
Order=58(6/78)
Order=60(7/78)
Order=62(8/78)
Order=64(9/78)
Order=66(10/78)
Order=68(11/78)
Order=70(12/78)
Order=72(13/78)
Found 4 real poles and 24 conjugate complex pairs.
Final number of poles: 28
Saved figure: WMP_Lib/Pd106/4019-5202_MT2.png
Saved figure: WMP_Lib/Pd106/4019-5202_MT27.png
Saved figure: WMP_Lib/Pd106/4019-5202_MT102.png
Vector fitting piece 14/14...
  energy: 4.756e+03 to 6.000e+03 eV (5961 points)
  error tolerance: rtol=0.001, atol=1e-05
Found 23 peaks
Fitting orders from 46 to 200
Order=46(0/78)
Order=48(1/78)
Order=50(2/78)
Order=52(3/78)
Order=54(4/78)
Order=56(5/78)
Order=58(6/78)
Order=60(7/78)
Order=62(8/78)
Order=64(9/78)
Order=66(10/78)
Order=68(11/78)
Order=70(12/78)
Found 2 real poles and 24 conjugate complex pairs.
Final number of poles: 26
Saved figure: WMP_Lib/Pd106/4756-6000_MT2.png
Saved figure: WMP_Lib/Pd106/4756-6000_MT27.png
Saved figure: WMP_Lib/Pd106/4756-6000_MT102.png
Dumped multipole data to file: WMP_Lib/Pd106/Pd106_mp.pickle
Start searching ...
Testing N_win=9 N_cf=10
Failed: Window spacing cannot be larger than piece spacing.
Testing N_win=113 N_cf=10
Windowing:
  config: # windows=113, spacing=0.6854557362081032, CF order=10
  error tolerance: rtol=0.001, atol=1e-05
Best library so far.
Testing N_win=113 N_cf=9
Windowing:
  config: # windows=113, spacing=0.6854557362081032, CF order=9
  error tolerance: rtol=0.001, atol=1e-05
Best library so far.
Testing N_win=113 N_cf=8
Windowing:
  config: # windows=113, spacing=0.6854557362081032, CF order=8
  error tolerance: rtol=0.001, atol=1e-05
Best library so far.
Testing N_win=113 N_cf=7
Windowing:
  config: # windows=113, spacing=0.6854557362081032, CF order=7
  error tolerance: rtol=0.001, atol=1e-05
Best library so far.
Testing N_win=113 N_cf=6
Windowing:
  config: # windows=113, spacing=0.6854557362081032, CF order=6
  error tolerance: rtol=0.001, atol=1e-05
Best library so far.
Testing N_win=113 N_cf=5
Windowing:
  config: # windows=113, spacing=0.6854557362081032, CF order=5
  error tolerance: rtol=0.001, atol=1e-05
Best library so far.
Testing N_win=113 N_cf=4
Windowing:
  config: # windows=113, spacing=0.6854557362081032, CF order=4
  error tolerance: rtol=0.001, atol=1e-05
Best library so far.
Testing N_win=113 N_cf=3
Windowing:
  config: # windows=113, spacing=0.6854557362081032, CF order=3
  error tolerance: rtol=0.001, atol=1e-05
Testing N_win=113 N_cf=2
Windowing:
  config: # windows=113, spacing=0.6854557362081032, CF order=2
  error tolerance: rtol=0.001, atol=1e-05
Failed: Pure curvefit failed for the first window!
Testing N_win=218 N_cf=10
Windowing:
  config: # windows=218, spacing=0.35530503757575993, CF order=10
  error tolerance: rtol=0.001, atol=1e-05
Testing N_win=218 N_cf=9
Windowing:
  config: # windows=218, spacing=0.35530503757575993, CF order=9
  error tolerance: rtol=0.001, atol=1e-05
Best library so far.
Testing N_win=218 N_cf=8
Windowing:
  config: # windows=218, spacing=0.35530503757575993, CF order=8
  error tolerance: rtol=0.001, atol=1e-05
Best library so far.
Testing N_win=218 N_cf=7
Windowing:
  config: # windows=218, spacing=0.35530503757575993, CF order=7
  error tolerance: rtol=0.001, atol=1e-05
Best library so far.
Testing N_win=218 N_cf=6
Windowing:
  config: # windows=218, spacing=0.35530503757575993, CF order=6
  error tolerance: rtol=0.001, atol=1e-05
Best library so far.
Testing N_win=218 N_cf=5
Windowing:
  config: # windows=218, spacing=0.35530503757575993, CF order=5
  error tolerance: rtol=0.001, atol=1e-05
Best library so far.
Testing N_win=218 N_cf=4
Windowing:
  config: # windows=218, spacing=0.35530503757575993, CF order=4
  error tolerance: rtol=0.001, atol=1e-05
Best library so far.
Testing N_win=218 N_cf=3
Windowing:
  config: # windows=218, spacing=0.35530503757575993, CF order=3
  error tolerance: rtol=0.001, atol=1e-05
Best library so far.
Testing N_win=218 N_cf=2
Windowing:
  config: # windows=218, spacing=0.35530503757575993, CF order=2
  error tolerance: rtol=0.001, atol=1e-05
Failed: Pure curvefit failed for the first window!
Testing N_win=323 N_cf=10
Windowing:
  config: # windows=323, spacing=0.2398033999737327, CF order=10
  error tolerance: rtol=0.001, atol=1e-05
Testing N_win=323 N_cf=9
Windowing:
  config: # windows=323, spacing=0.2398033999737327, CF order=9
  error tolerance: rtol=0.001, atol=1e-05
Testing N_win=323 N_cf=8
Windowing:
  config: # windows=323, spacing=0.2398033999737327, CF order=8
  error tolerance: rtol=0.001, atol=1e-05
Testing N_win=323 N_cf=7
Windowing:
  config: # windows=323, spacing=0.2398033999737327, CF order=7
  error tolerance: rtol=0.001, atol=1e-05
Testing N_win=323 N_cf=6
Windowing:
  config: # windows=323, spacing=0.2398033999737327, CF order=6
  error tolerance: rtol=0.001, atol=1e-05
Testing N_win=323 N_cf=5
Windowing:
  config: # windows=323, spacing=0.2398033999737327, CF order=5
  error tolerance: rtol=0.001, atol=1e-05
Best library so far.
Testing N_win=323 N_cf=4
Windowing:
  config: # windows=323, spacing=0.2398033999737327, CF order=4
  error tolerance: rtol=0.001, atol=1e-05
Best library so far.
Testing N_win=323 N_cf=3
Windowing:
  config: # windows=323, spacing=0.2398033999737327, CF order=3
  error tolerance: rtol=0.001, atol=1e-05
Best library so far.
Testing N_win=323 N_cf=2
Windowing:
  config: # windows=323, spacing=0.2398033999737327, CF order=2
  error tolerance: rtol=0.001, atol=1e-05
Testing N_win=428 N_cf=10
Windowing:
  config: # windows=428, spacing=0.18097312661569082, CF order=10
  error tolerance: rtol=0.001, atol=1e-05
Testing N_win=428 N_cf=9
Windowing:
  config: # windows=428, spacing=0.18097312661569082, CF order=9
  error tolerance: rtol=0.001, atol=1e-05
Testing N_win=428 N_cf=8
Windowing:
  config: # windows=428, spacing=0.18097312661569082, CF order=8
  error tolerance: rtol=0.001, atol=1e-05
Testing N_win=428 N_cf=7
Windowing:
  config: # windows=428, spacing=0.18097312661569082, CF order=7
  error tolerance: rtol=0.001, atol=1e-05
Testing N_win=428 N_cf=6
Windowing:
  config: # windows=428, spacing=0.18097312661569082, CF order=6
  error tolerance: rtol=0.001, atol=1e-05
Testing N_win=428 N_cf=5
Windowing:
  config: # windows=428, spacing=0.18097312661569082, CF order=5
  error tolerance: rtol=0.001, atol=1e-05
Testing N_win=428 N_cf=4
Windowing:
  config: # windows=428, spacing=0.18097312661569082, CF order=4
  error tolerance: rtol=0.001, atol=1e-05
Testing N_win=428 N_cf=3
Windowing:
  config: # windows=428, spacing=0.18097312661569082, CF order=3
  error tolerance: rtol=0.001, atol=1e-05
Best library so far.
Testing N_win=428 N_cf=2
Windowing:
  config: # windows=428, spacing=0.18097312661569082, CF order=2
  error tolerance: rtol=0.001, atol=1e-05
Testing N_win=532 N_cf=10
Windowing:
  config: # windows=532, spacing=0.14559492141262342, CF order=10
  error tolerance: rtol=0.001, atol=1e-05
Testing N_win=532 N_cf=9
Windowing:
  config: # windows=532, spacing=0.14559492141262342, CF order=9
  error tolerance: rtol=0.001, atol=1e-05
Testing N_win=532 N_cf=8
Windowing:
  config: # windows=532, spacing=0.14559492141262342, CF order=8
  error tolerance: rtol=0.001, atol=1e-05
Testing N_win=532 N_cf=7
Windowing:
  config: # windows=532, spacing=0.14559492141262342, CF order=7
  error tolerance: rtol=0.001, atol=1e-05
Testing N_win=532 N_cf=6
Windowing:
  config: # windows=532, spacing=0.14559492141262342, CF order=6
  error tolerance: rtol=0.001, atol=1e-05
Testing N_win=532 N_cf=5
Windowing:
  config: # windows=532, spacing=0.14559492141262342, CF order=5
  error tolerance: rtol=0.001, atol=1e-05
Testing N_win=532 N_cf=4
Windowing:
  config: # windows=532, spacing=0.14559492141262342, CF order=4
  error tolerance: rtol=0.001, atol=1e-05
Testing N_win=532 N_cf=3
Windowing:
  config: # windows=532, spacing=0.14559492141262342, CF order=3
  error tolerance: rtol=0.001, atol=1e-05
Testing N_win=532 N_cf=2
Windowing:
  config: # windows=532, spacing=0.14559492141262342, CF order=2
  error tolerance: rtol=0.001, atol=1e-05
Testing N_win=637 N_cf=10
Windowing:
  config: # windows=637, spacing=0.12159575854241078, CF order=10
  error tolerance: rtol=0.001, atol=1e-05
Testing N_win=637 N_cf=9
Windowing:
  config: # windows=637, spacing=0.12159575854241078, CF order=9
  error tolerance: rtol=0.001, atol=1e-05
Testing N_win=637 N_cf=8
Windowing:
  config: # windows=637, spacing=0.12159575854241078, CF order=8
  error tolerance: rtol=0.001, atol=1e-05
Testing N_win=637 N_cf=7
Windowing:
  config: # windows=637, spacing=0.12159575854241078, CF order=7
  error tolerance: rtol=0.001, atol=1e-05
Testing N_win=637 N_cf=6
Windowing:
  config: # windows=637, spacing=0.12159575854241078, CF order=6
  error tolerance: rtol=0.001, atol=1e-05
Testing N_win=637 N_cf=5
Windowing:
  config: # windows=637, spacing=0.12159575854241078, CF order=5
  error tolerance: rtol=0.001, atol=1e-05
Testing N_win=637 N_cf=4
Windowing:
  config: # windows=637, spacing=0.12159575854241078, CF order=4
  error tolerance: rtol=0.001, atol=1e-05
Testing N_win=637 N_cf=3
Windowing:
  config: # windows=637, spacing=0.12159575854241078, CF order=3
  error tolerance: rtol=0.001, atol=1e-05
Testing N_win=637 N_cf=2
Windowing:
  config: # windows=637, spacing=0.12159575854241078, CF order=2
  error tolerance: rtol=0.001, atol=1e-05
Testing N_win=742 N_cf=10
Windowing:
  config: # windows=742, spacing=0.10438881157886208, CF order=10
  error tolerance: rtol=0.001, atol=1e-05
Testing N_win=742 N_cf=9
Windowing:
  config: # windows=742, spacing=0.10438881157886208, CF order=9
  error tolerance: rtol=0.001, atol=1e-05
Testing N_win=742 N_cf=8
Windowing:
  config: # windows=742, spacing=0.10438881157886208, CF order=8
  error tolerance: rtol=0.001, atol=1e-05
Testing N_win=742 N_cf=7
Windowing:
  config: # windows=742, spacing=0.10438881157886208, CF order=7
  error tolerance: rtol=0.001, atol=1e-05
Testing N_win=742 N_cf=6
Windowing:
  config: # windows=742, spacing=0.10438881157886208, CF order=6
  error tolerance: rtol=0.001, atol=1e-05
Testing N_win=742 N_cf=5
Windowing:
  config: # windows=742, spacing=0.10438881157886208, CF order=5
  error tolerance: rtol=0.001, atol=1e-05
Testing N_win=742 N_cf=4
Windowing:
  config: # windows=742, spacing=0.10438881157886208, CF order=4
  error tolerance: rtol=0.001, atol=1e-05
Testing N_win=742 N_cf=3
Windowing:
  config: # windows=742, spacing=0.10438881157886208, CF order=3
  error tolerance: rtol=0.001, atol=1e-05
Testing N_win=742 N_cf=2
Windowing:
  config: # windows=742, spacing=0.10438881157886208, CF order=2
  error tolerance: rtol=0.001, atol=1e-05
Testing N_win=847 N_cf=10
Windowing:
  config: # windows=847, spacing=0.09144804981288744, CF order=10
  error tolerance: rtol=0.001, atol=1e-05
Testing N_win=847 N_cf=9
Windowing:
  config: # windows=847, spacing=0.09144804981288744, CF order=9
  error tolerance: rtol=0.001, atol=1e-05
Testing N_win=847 N_cf=8
Windowing:
  config: # windows=847, spacing=0.09144804981288744, CF order=8
  error tolerance: rtol=0.001, atol=1e-05
Testing N_win=847 N_cf=7
Windowing:
  config: # windows=847, spacing=0.09144804981288744, CF order=7
  error tolerance: rtol=0.001, atol=1e-05
Testing N_win=847 N_cf=6
Windowing:
  config: # windows=847, spacing=0.09144804981288744, CF order=6
  error tolerance: rtol=0.001, atol=1e-05
Testing N_win=847 N_cf=5
Windowing:
  config: # windows=847, spacing=0.09144804981288744, CF order=5
  error tolerance: rtol=0.001, atol=1e-05
Testing N_win=847 N_cf=4
Windowing:
  config: # windows=847, spacing=0.09144804981288744, CF order=4
  error tolerance: rtol=0.001, atol=1e-05
Testing N_win=847 N_cf=3
Windowing:
  config: # windows=847, spacing=0.09144804981288744, CF order=3
  error tolerance: rtol=0.001, atol=1e-05
Testing N_win=847 N_cf=2
Windowing:
  config: # windows=847, spacing=0.09144804981288744, CF order=2
  error tolerance: rtol=0.001, atol=1e-05
Testing N_win=952 N_cf=10
Windowing:
  config: # windows=952, spacing=0.08136186784823074, CF order=10
  error tolerance: rtol=0.001, atol=1e-05
Testing N_win=952 N_cf=9
Windowing:
  config: # windows=952, spacing=0.08136186784823074, CF order=9
  error tolerance: rtol=0.001, atol=1e-05
Testing N_win=952 N_cf=8
Windowing:
  config: # windows=952, spacing=0.08136186784823074, CF order=8
  error tolerance: rtol=0.001, atol=1e-05
Testing N_win=952 N_cf=7
Windowing:
  config: # windows=952, spacing=0.08136186784823074, CF order=7
  error tolerance: rtol=0.001, atol=1e-05
Testing N_win=952 N_cf=6
Windowing:
  config: # windows=952, spacing=0.08136186784823074, CF order=6
  error tolerance: rtol=0.001, atol=1e-05
Testing N_win=952 N_cf=5
Windowing:
  config: # windows=952, spacing=0.08136186784823074, CF order=5
  error tolerance: rtol=0.001, atol=1e-05
Testing N_win=952 N_cf=4
Windowing:
  config: # windows=952, spacing=0.08136186784823074, CF order=4
  error tolerance: rtol=0.001, atol=1e-05
Testing N_win=952 N_cf=3
Windowing:
  config: # windows=952, spacing=0.08136186784823074, CF order=3
  error tolerance: rtol=0.001, atol=1e-05
Testing N_win=952 N_cf=2
Windowing:
  config: # windows=952, spacing=0.08136186784823074, CF order=2
  error tolerance: rtol=0.001, atol=1e-05
Testing N_win=1056 N_cf=10
Windowing:
  config: # windows=1056, spacing=0.07334895662075347, CF order=10
  error tolerance: rtol=0.001, atol=1e-05
Testing N_win=1056 N_cf=9
Windowing:
  config: # windows=1056, spacing=0.07334895662075347, CF order=9
  error tolerance: rtol=0.001, atol=1e-05
Testing N_win=1056 N_cf=8
Windowing:
  config: # windows=1056, spacing=0.07334895662075347, CF order=8
  error tolerance: rtol=0.001, atol=1e-05
Testing N_win=1056 N_cf=7
Windowing:
  config: # windows=1056, spacing=0.07334895662075347, CF order=7
  error tolerance: rtol=0.001, atol=1e-05
Testing N_win=1056 N_cf=6
Windowing:
  config: # windows=1056, spacing=0.07334895662075347, CF order=6
  error tolerance: rtol=0.001, atol=1e-05
Testing N_win=1056 N_cf=5
Windowing:
  config: # windows=1056, spacing=0.07334895662075347, CF order=5
  error tolerance: rtol=0.001, atol=1e-05
Testing N_win=1056 N_cf=4
Windowing:
  config: # windows=1056, spacing=0.07334895662075347, CF order=4
  error tolerance: rtol=0.001, atol=1e-05
Testing N_win=1056 N_cf=3
Windowing:
  config: # windows=1056, spacing=0.07334895662075347, CF order=3
  error tolerance: rtol=0.001, atol=1e-05
Testing N_win=1056 N_cf=2
Windowing:
  config: # windows=1056, spacing=0.07334895662075347, CF order=2
  error tolerance: rtol=0.001, atol=1e-05
Testing N_win=1161 N_cf=10
Windowing:
  config: # windows=1161, spacing=0.06671533005298506, CF order=10
  error tolerance: rtol=0.001, atol=1e-05
Testing N_win=1161 N_cf=9
Windowing:
  config: # windows=1161, spacing=0.06671533005298506, CF order=9
  error tolerance: rtol=0.001, atol=1e-05
Testing N_win=1161 N_cf=8
Windowing:
  config: # windows=1161, spacing=0.06671533005298506, CF order=8
  error tolerance: rtol=0.001, atol=1e-05
Testing N_win=1161 N_cf=7
Windowing:
  config: # windows=1161, spacing=0.06671533005298506, CF order=7
  error tolerance: rtol=0.001, atol=1e-05
Testing N_win=1161 N_cf=6
Windowing:
  config: # windows=1161, spacing=0.06671533005298506, CF order=6
  error tolerance: rtol=0.001, atol=1e-05
Testing N_win=1161 N_cf=5
Windowing:
  config: # windows=1161, spacing=0.06671533005298506, CF order=5
  error tolerance: rtol=0.001, atol=1e-05
Testing N_win=1161 N_cf=4
Windowing:
  config: # windows=1161, spacing=0.06671533005298506, CF order=4
  error tolerance: rtol=0.001, atol=1e-05
Testing N_win=1161 N_cf=3
Windowing:
  config: # windows=1161, spacing=0.06671533005298506, CF order=3
  error tolerance: rtol=0.001, atol=1e-05
Testing N_win=1161 N_cf=2
Windowing:
  config: # windows=1161, spacing=0.06671533005298506, CF order=2
  error tolerance: rtol=0.001, atol=1e-05
Testing N_win=1266 N_cf=10
Windowing:
  config: # windows=1266, spacing=0.06118206808176593, CF order=10
  error tolerance: rtol=0.001, atol=1e-05
Testing N_win=1266 N_cf=9
Windowing:
  config: # windows=1266, spacing=0.06118206808176593, CF order=9
  error tolerance: rtol=0.001, atol=1e-05
Testing N_win=1266 N_cf=8
Windowing:
  config: # windows=1266, spacing=0.06118206808176593, CF order=8
  error tolerance: rtol=0.001, atol=1e-05
Testing N_win=1266 N_cf=7
Windowing:
  config: # windows=1266, spacing=0.06118206808176593, CF order=7
  error tolerance: rtol=0.001, atol=1e-05
Testing N_win=1266 N_cf=6
Windowing:
  config: # windows=1266, spacing=0.06118206808176593, CF order=6
  error tolerance: rtol=0.001, atol=1e-05
Testing N_win=1266 N_cf=5
Windowing:
  config: # windows=1266, spacing=0.06118206808176593, CF order=5
  error tolerance: rtol=0.001, atol=1e-05
Testing N_win=1266 N_cf=4
Windowing:
  config: # windows=1266, spacing=0.06118206808176593, CF order=4
  error tolerance: rtol=0.001, atol=1e-05
Testing N_win=1266 N_cf=3
Windowing:
  config: # windows=1266, spacing=0.06118206808176593, CF order=3
  error tolerance: rtol=0.001, atol=1e-05
Testing N_win=1266 N_cf=2
Windowing:
  config: # windows=1266, spacing=0.06118206808176593, CF order=2
  error tolerance: rtol=0.001, atol=1e-05
Testing N_win=1371 N_cf=10
Windowing:
  config: # windows=1371, spacing=0.05649635170788889, CF order=10
  error tolerance: rtol=0.001, atol=1e-05
Testing N_win=1371 N_cf=9
Windowing:
  config: # windows=1371, spacing=0.05649635170788889, CF order=9
  error tolerance: rtol=0.001, atol=1e-05
Testing N_win=1371 N_cf=8
Windowing:
  config: # windows=1371, spacing=0.05649635170788889, CF order=8
  error tolerance: rtol=0.001, atol=1e-05
Testing N_win=1371 N_cf=7
Windowing:
  config: # windows=1371, spacing=0.05649635170788889, CF order=7
  error tolerance: rtol=0.001, atol=1e-05
Testing N_win=1371 N_cf=6
Windowing:
  config: # windows=1371, spacing=0.05649635170788889, CF order=6
  error tolerance: rtol=0.001, atol=1e-05
Testing N_win=1371 N_cf=5
Windowing:
  config: # windows=1371, spacing=0.05649635170788889, CF order=5
  error tolerance: rtol=0.001, atol=1e-05
Testing N_win=1371 N_cf=4
Windowing:
  config: # windows=1371, spacing=0.05649635170788889, CF order=4
  error tolerance: rtol=0.001, atol=1e-05
Testing N_win=1371 N_cf=3
Windowing:
  config: # windows=1371, spacing=0.05649635170788889, CF order=3
  error tolerance: rtol=0.001, atol=1e-05
Testing N_win=1371 N_cf=2
Windowing:
  config: # windows=1371, spacing=0.05649635170788889, CF order=2
  error tolerance: rtol=0.001, atol=1e-05
Testing N_win=1476 N_cf=10
Windowing:
  config: # windows=1476, spacing=0.05247730229777484, CF order=10
  error tolerance: rtol=0.001, atol=1e-05
Testing N_win=1476 N_cf=9
Windowing:
  config: # windows=1476, spacing=0.05247730229777484, CF order=9
  error tolerance: rtol=0.001, atol=1e-05
Testing N_win=1476 N_cf=8
Windowing:
  config: # windows=1476, spacing=0.05247730229777484, CF order=8
  error tolerance: rtol=0.001, atol=1e-05
Testing N_win=1476 N_cf=7
Windowing:
  config: # windows=1476, spacing=0.05247730229777484, CF order=7
  error tolerance: rtol=0.001, atol=1e-05
Testing N_win=1476 N_cf=6
Windowing:
  config: # windows=1476, spacing=0.05247730229777484, CF order=6
  error tolerance: rtol=0.001, atol=1e-05
Testing N_win=1476 N_cf=5
Windowing:
  config: # windows=1476, spacing=0.05247730229777484, CF order=5
  error tolerance: rtol=0.001, atol=1e-05
Testing N_win=1476 N_cf=4
Windowing:
  config: # windows=1476, spacing=0.05247730229777484, CF order=4
  error tolerance: rtol=0.001, atol=1e-05
Testing N_win=1476 N_cf=3
Windowing:
  config: # windows=1476, spacing=0.05247730229777484, CF order=3
  error tolerance: rtol=0.001, atol=1e-05
Testing N_win=1476 N_cf=2
Windowing:
  config: # windows=1476, spacing=0.05247730229777484, CF order=2
  error tolerance: rtol=0.001, atol=1e-05
Testing N_win=1580 N_cf=10
Windowing:
  config: # windows=1580, spacing=0.04902310012121244, CF order=10
  error tolerance: rtol=0.001, atol=1e-05
Testing N_win=1580 N_cf=9
Windowing:
  config: # windows=1580, spacing=0.04902310012121244, CF order=9
  error tolerance: rtol=0.001, atol=1e-05
Testing N_win=1580 N_cf=8
Windowing:
  config: # windows=1580, spacing=0.04902310012121244, CF order=8
  error tolerance: rtol=0.001, atol=1e-05
Testing N_win=1580 N_cf=7
Windowing:
  config: # windows=1580, spacing=0.04902310012121244, CF order=7
  error tolerance: rtol=0.001, atol=1e-05
Testing N_win=1580 N_cf=6
Windowing:
  config: # windows=1580, spacing=0.04902310012121244, CF order=6
  error tolerance: rtol=0.001, atol=1e-05
Testing N_win=1580 N_cf=5
Windowing:
  config: # windows=1580, spacing=0.04902310012121244, CF order=5
  error tolerance: rtol=0.001, atol=1e-05
Testing N_win=1580 N_cf=4
Windowing:
  config: # windows=1580, spacing=0.04902310012121244, CF order=4
  error tolerance: rtol=0.001, atol=1e-05
Testing N_win=1580 N_cf=3
Windowing:
  config: # windows=1580, spacing=0.04902310012121244, CF order=3
  error tolerance: rtol=0.001, atol=1e-05
Testing N_win=1580 N_cf=2
Windowing:
  config: # windows=1580, spacing=0.04902310012121244, CF order=2
  error tolerance: rtol=0.001, atol=1e-05
Testing N_win=1685 N_cf=10
Windowing:
  config: # windows=1685, spacing=0.045968248184875764, CF order=10
  error tolerance: rtol=0.001, atol=1e-05
Testing N_win=1685 N_cf=9
Windowing:
  config: # windows=1685, spacing=0.045968248184875764, CF order=9
  error tolerance: rtol=0.001, atol=1e-05
Testing N_win=1685 N_cf=8
Windowing:
  config: # windows=1685, spacing=0.045968248184875764, CF order=8
  error tolerance: rtol=0.001, atol=1e-05
Testing N_win=1685 N_cf=7
Windowing:
  config: # windows=1685, spacing=0.045968248184875764, CF order=7
  error tolerance: rtol=0.001, atol=1e-05
Testing N_win=1685 N_cf=6
Windowing:
  config: # windows=1685, spacing=0.045968248184875764, CF order=6
  error tolerance: rtol=0.001, atol=1e-05
Testing N_win=1685 N_cf=5
Windowing:
  config: # windows=1685, spacing=0.045968248184875764, CF order=5
  error tolerance: rtol=0.001, atol=1e-05
Testing N_win=1685 N_cf=4
Windowing:
  config: # windows=1685, spacing=0.045968248184875764, CF order=4
  error tolerance: rtol=0.001, atol=1e-05
Testing N_win=1685 N_cf=3
Windowing:
  config: # windows=1685, spacing=0.045968248184875764, CF order=3
  error tolerance: rtol=0.001, atol=1e-05
Testing N_win=1685 N_cf=2
Windowing:
  config: # windows=1685, spacing=0.045968248184875764, CF order=2
  error tolerance: rtol=0.001, atol=1e-05
Testing N_win=1790 N_cf=10
Windowing:
  config: # windows=1790, spacing=0.04327178669917076, CF order=10
  error tolerance: rtol=0.001, atol=1e-05
Testing N_win=1790 N_cf=9
Windowing:
  config: # windows=1790, spacing=0.04327178669917076, CF order=9
  error tolerance: rtol=0.001, atol=1e-05
Testing N_win=1790 N_cf=8
Windowing:
  config: # windows=1790, spacing=0.04327178669917076, CF order=8
  error tolerance: rtol=0.001, atol=1e-05
Testing N_win=1790 N_cf=7
Windowing:
  config: # windows=1790, spacing=0.04327178669917076, CF order=7
  error tolerance: rtol=0.001, atol=1e-05
Testing N_win=1790 N_cf=6
Windowing:
  config: # windows=1790, spacing=0.04327178669917076, CF order=6
  error tolerance: rtol=0.001, atol=1e-05
Testing N_win=1790 N_cf=5
Windowing:
  config: # windows=1790, spacing=0.04327178669917076, CF order=5
  error tolerance: rtol=0.001, atol=1e-05
Testing N_win=1790 N_cf=4
Windowing:
  config: # windows=1790, spacing=0.04327178669917076, CF order=4
  error tolerance: rtol=0.001, atol=1e-05
Testing N_win=1790 N_cf=3
Windowing:
  config: # windows=1790, spacing=0.04327178669917076, CF order=3
  error tolerance: rtol=0.001, atol=1e-05
Testing N_win=1790 N_cf=2
Windowing:
  config: # windows=1790, spacing=0.04327178669917076, CF order=2
  error tolerance: rtol=0.001, atol=1e-05
Testing N_win=1895 N_cf=10
Windowing:
  config: # windows=1895, spacing=0.040874141525865784, CF order=10
  error tolerance: rtol=0.001, atol=1e-05
Testing N_win=1895 N_cf=9
Windowing:
  config: # windows=1895, spacing=0.040874141525865784, CF order=9
  error tolerance: rtol=0.001, atol=1e-05
Testing N_win=1895 N_cf=8
Windowing:
  config: # windows=1895, spacing=0.040874141525865784, CF order=8
  error tolerance: rtol=0.001, atol=1e-05
Testing N_win=1895 N_cf=7
Windowing:
  config: # windows=1895, spacing=0.040874141525865784, CF order=7
  error tolerance: rtol=0.001, atol=1e-05
Testing N_win=1895 N_cf=6
Windowing:
  config: # windows=1895, spacing=0.040874141525865784, CF order=6
  error tolerance: rtol=0.001, atol=1e-05
Testing N_win=1895 N_cf=5
Windowing:
  config: # windows=1895, spacing=0.040874141525865784, CF order=5
  error tolerance: rtol=0.001, atol=1e-05
Testing N_win=1895 N_cf=4
Windowing:
  config: # windows=1895, spacing=0.040874141525865784, CF order=4
  error tolerance: rtol=0.001, atol=1e-05
Testing N_win=1895 N_cf=3
Windowing:
  config: # windows=1895, spacing=0.040874141525865784, CF order=3
  error tolerance: rtol=0.001, atol=1e-05
Testing N_win=1895 N_cf=2
Windowing:
  config: # windows=1895, spacing=0.040874141525865784, CF order=2
  error tolerance: rtol=0.001, atol=1e-05
Testing N_win=2000 N_cf=10
Windowing:
  config: # windows=2000, spacing=0.03872824909575783, CF order=10
  error tolerance: rtol=0.001, atol=1e-05
Testing N_win=2000 N_cf=9
Windowing:
  config: # windows=2000, spacing=0.03872824909575783, CF order=9
  error tolerance: rtol=0.001, atol=1e-05
Testing N_win=2000 N_cf=8
Windowing:
  config: # windows=2000, spacing=0.03872824909575783, CF order=8
  error tolerance: rtol=0.001, atol=1e-05
Testing N_win=2000 N_cf=7
Windowing:
  config: # windows=2000, spacing=0.03872824909575783, CF order=7
  error tolerance: rtol=0.001, atol=1e-05
Testing N_win=2000 N_cf=6
Windowing:
  config: # windows=2000, spacing=0.03872824909575783, CF order=6
  error tolerance: rtol=0.001, atol=1e-05
Testing N_win=2000 N_cf=5
Windowing:
  config: # windows=2000, spacing=0.03872824909575783, CF order=5
  error tolerance: rtol=0.001, atol=1e-05
Testing N_win=2000 N_cf=4
Windowing:
  config: # windows=2000, spacing=0.03872824909575783, CF order=4
  error tolerance: rtol=0.001, atol=1e-05
Testing N_win=2000 N_cf=3
Windowing:
  config: # windows=2000, spacing=0.03872824909575783, CF order=3
  error tolerance: rtol=0.001, atol=1e-05
Testing N_win=2000 N_cf=2
Windowing:
  config: # windows=2000, spacing=0.03872824909575783, CF order=2
  error tolerance: rtol=0.001, atol=1e-05
Final library: 107 poles, 428 windows, 1.8 poles per window, 3 CF order
