Running NJOY to get 0K point-wise data (error=0.0005)...
Parsing cross sections within resolved resonance range...
  MTs: [2, 27, 102]
  Energy range: 1.000e-05 to 1.385e+04 eV (36252 points)
Vector fitting piece 1/18...
  energy: 1.000e-05 to 4.625e+01 eV (614 points)
  error tolerance: rtol=0.001, atol=1e-05
Found 0 peaks
Fitting orders from 2 to 200
Order=2(0/100)
Order=4(1/100)
Order=6(2/100)
Found ideal results. Stop!
Found 1 real poles and 3 conjugate complex pairs.
Final number of poles: 4
Saved figure: WMP_Lib/Nd150/0-46_MT2.png
Saved figure: WMP_Lib/Nd150/0-46_MT27.png
Saved figure: WMP_Lib/Nd150/0-46_MT102.png
Vector fitting piece 2/18...
  energy: 9.375e+00 to 1.812e+02 eV (958 points)
  error tolerance: rtol=0.001, atol=1e-05
Found 1 peaks
Fitting orders from 2 to 200
Order=2(0/100)
Order=4(1/100)
Order=6(2/100)
Order=8(3/100)
Order=10(4/100)
Order=12(5/100)
Order=14(6/100)
Order=16(7/100)
Order=18(8/100)
Order=20(9/100)
Order=22(10/100)
Order=24(11/100)
Order=26(12/100)
Order=28(13/100)
Order=30(14/100)
Order=32(15/100)
Order=34(16/100)
Order=36(17/100)
Order=38(18/100)
Order=40(19/100)
Order=42(20/100)
Order=44(21/100)
Order=46(22/100)
Order=48(23/100)
Order=50(24/100)
Order=52(25/100)
Order=54(26/100)
Order=56(27/100)
Order=58(28/100)
Order=60(29/100)
Found 2 real poles and 2 conjugate complex pairs.
Final number of poles: 4
Saved figure: WMP_Lib/Nd150/9-181_MT2.png
Saved figure: WMP_Lib/Nd150/9-181_MT27.png
Saved figure: WMP_Lib/Nd150/9-181_MT102.png
Vector fitting piece 3/18...
  energy: 9.272e+01 to 3.953e+02 eV (1198 points)
  error tolerance: rtol=0.001, atol=1e-05
Found 2 peaks
Fitting orders from 4 to 200
Order=4(0/99)
Order=6(1/99)
Order=8(2/99)
Order=10(3/99)
Order=12(4/99)
Order=14(5/99)
Order=16(6/99)
Order=18(7/99)
Order=20(8/99)
Order=22(9/99)
Order=24(10/99)
Order=26(11/99)
Order=28(12/99)
Order=30(13/99)
Order=32(14/99)
Order=34(15/99)
Order=36(16/99)
Order=38(17/99)
Order=40(18/99)
Order=42(19/99)
Order=44(20/99)
Order=46(21/99)
Order=48(22/99)
Order=50(23/99)
Order=52(24/99)
Order=54(25/99)
Order=56(26/99)
Order=58(27/99)
Order=60(28/99)
Found 0 real poles and 5 conjugate complex pairs.
Final number of poles: 5
Saved figure: WMP_Lib/Nd150/93-395_MT2.png
Saved figure: WMP_Lib/Nd150/93-395_MT27.png
Saved figure: WMP_Lib/Nd150/93-395_MT102.png
Vector fitting piece 4/18...
  energy: 2.618e+02 to 6.959e+02 eV (2760 points)
  error tolerance: rtol=0.001, atol=1e-05
Found 5 peaks
Fitting orders from 10 to 200
Order=10(0/96)
Order=12(1/96)
Order=14(2/96)
Order=16(3/96)
Order=18(4/96)
Order=20(5/96)
Order=22(6/96)
Order=24(7/96)
Order=26(8/96)
Order=28(9/96)
Order=30(10/96)
Order=32(11/96)
Order=34(12/96)
Order=36(13/96)
Order=38(14/96)
Order=40(15/96)
Order=42(16/96)
Order=44(17/96)
Order=46(18/96)
Order=48(19/96)
Order=50(20/96)
Order=52(21/96)
Order=54(22/96)
Order=56(23/96)
Order=58(24/96)
Order=60(25/96)
Found 0 real poles and 7 conjugate complex pairs.
Final number of poles: 7
Saved figure: WMP_Lib/Nd150/262-696_MT2.png
Saved figure: WMP_Lib/Nd150/262-696_MT27.png
Saved figure: WMP_Lib/Nd150/262-696_MT102.png
Vector fitting piece 5/18...
  energy: 5.159e+02 to 1.081e+03 eV (2432 points)
  error tolerance: rtol=0.001, atol=1e-05
Found 4 peaks
Fitting orders from 8 to 200
Order=8(0/97)
Order=10(1/97)
Order=12(2/97)
Order=14(3/97)
Order=16(4/97)
Order=18(5/97)
Order=20(6/97)
Order=22(7/97)
Order=24(8/97)
Order=26(9/97)
Order=28(10/97)
Order=30(11/97)
Order=32(12/97)
Order=34(13/97)
Order=36(14/97)
Order=38(15/97)
Order=40(16/97)
Order=42(17/97)
Order=44(18/97)
Order=46(19/97)
Order=48(20/97)
Order=50(21/97)
Order=52(22/97)
Order=54(23/97)
Order=56(24/97)
Order=58(25/97)
Order=60(26/97)
Found 4 real poles and 5 conjugate complex pairs.
Final number of poles: 9
Saved figure: WMP_Lib/Nd150/516-1081_MT2.png
Saved figure: WMP_Lib/Nd150/516-1081_MT27.png
Saved figure: WMP_Lib/Nd150/516-1081_MT102.png
Vector fitting piece 6/18...
  energy: 8.557e+02 to 1.554e+03 eV (2671 points)
  error tolerance: rtol=0.001, atol=1e-05
Found 5 peaks
Fitting orders from 10 to 200
Order=10(0/96)
Order=12(1/96)
Order=14(2/96)
Order=16(3/96)
Order=18(4/96)
Order=20(5/96)
Order=22(6/96)
Order=24(7/96)
Order=26(8/96)
Order=28(9/96)
Order=30(10/96)
Order=32(11/96)
Order=34(12/96)
Order=36(13/96)
Order=38(14/96)
Order=40(15/96)
Order=42(16/96)
Order=44(17/96)
Order=46(18/96)
Order=48(19/96)
Order=50(20/96)
Order=52(21/96)
Order=54(22/96)
Order=56(23/96)
Order=58(24/96)
Order=60(25/96)
Found 4 real poles and 5 conjugate complex pairs.
Final number of poles: 9
Saved figure: WMP_Lib/Nd150/856-1554_MT2.png
Saved figure: WMP_Lib/Nd150/856-1554_MT27.png
Saved figure: WMP_Lib/Nd150/856-1554_MT102.png
Vector fitting piece 7/18...
  energy: 1.280e+03 to 2.122e+03 eV (2949 points)
  error tolerance: rtol=0.001, atol=1e-05
Found 5 peaks
Fitting orders from 10 to 200
Order=10(0/96)
Order=12(1/96)
Order=14(2/96)
Order=16(3/96)
Order=18(4/96)
Order=20(5/96)
Order=22(6/96)
Order=24(7/96)
Order=26(8/96)
Order=28(9/96)
Order=30(10/96)
Order=32(11/96)
Order=34(12/96)
Order=36(13/96)
Order=38(14/96)
Order=40(15/96)
Order=42(16/96)
Order=44(17/96)
Order=46(18/96)
Order=48(19/96)
Order=50(20/96)
Order=52(21/96)
Order=54(22/96)
Order=56(23/96)
Order=58(24/96)
Order=60(25/96)
Found 2 real poles and 6 conjugate complex pairs.
Final number of poles: 8
Saved figure: WMP_Lib/Nd150/1280-2122_MT2.png
Saved figure: WMP_Lib/Nd150/1280-2122_MT27.png
Saved figure: WMP_Lib/Nd150/1280-2122_MT102.png
Vector fitting piece 8/18...
  energy: 1.792e+03 to 2.754e+03 eV (2775 points)
  error tolerance: rtol=0.001, atol=1e-05
Found 5 peaks
Fitting orders from 10 to 200
Order=10(0/96)
Order=12(1/96)
Order=14(2/96)
Order=16(3/96)
Order=18(4/96)
Order=20(5/96)
Order=22(6/96)
Order=24(7/96)
Order=26(8/96)
Order=28(9/96)
Order=30(10/96)
Order=32(11/96)
Order=34(12/96)
Order=36(13/96)
Order=38(14/96)
Order=40(15/96)
Order=42(16/96)
Order=44(17/96)
Order=46(18/96)
Order=48(19/96)
Order=50(20/96)
Order=52(21/96)
Order=54(22/96)
Order=56(23/96)
Order=58(24/96)
Order=60(25/96)
Found 4 real poles and 6 conjugate complex pairs.
Final number of poles: 10
Saved figure: WMP_Lib/Nd150/1792-2754_MT2.png
Saved figure: WMP_Lib/Nd150/1792-2754_MT27.png
Saved figure: WMP_Lib/Nd150/1792-2754_MT102.png
Vector fitting piece 9/18...
  energy: 2.387e+03 to 3.483e+03 eV (3498 points)
  error tolerance: rtol=0.001, atol=1e-05
Found 7 peaks
Fitting orders from 14 to 200
Order=14(0/94)
Order=16(1/94)
Order=18(2/94)
Order=20(3/94)
Order=22(4/94)
Order=24(5/94)
Order=26(6/94)
Order=28(7/94)
Order=30(8/94)
Order=32(9/94)
Order=34(10/94)
Order=36(11/94)
Order=38(12/94)
Order=40(13/94)
Order=42(14/94)
Order=44(15/94)
Order=46(16/94)
Order=48(17/94)
Order=50(18/94)
Order=52(19/94)
Order=54(20/94)
Order=56(21/94)
Order=58(22/94)
Order=60(23/94)
Found 4 real poles and 8 conjugate complex pairs.
Final number of poles: 12
Saved figure: WMP_Lib/Nd150/2387-3483_MT2.png
Saved figure: WMP_Lib/Nd150/2387-3483_MT27.png
Saved figure: WMP_Lib/Nd150/2387-3483_MT102.png
Vector fitting piece 10/18...
  energy: 3.066e+03 to 4.298e+03 eV (3649 points)
  error tolerance: rtol=0.001, atol=1e-05
Found 7 peaks
Fitting orders from 14 to 200
Order=14(0/94)
Order=16(1/94)
Order=18(2/94)
Order=20(3/94)
Order=22(4/94)
Order=24(5/94)
Order=26(6/94)
Order=28(7/94)
Order=30(8/94)
Order=32(9/94)
Order=34(10/94)
Order=36(11/94)
Order=38(12/94)
Order=40(13/94)
Order=42(14/94)
Order=44(15/94)
Order=46(16/94)
Order=48(17/94)
Order=50(18/94)
Order=52(19/94)
Order=54(20/94)
Order=56(21/94)
Order=58(22/94)
Order=60(23/94)
Found 4 real poles and 8 conjugate complex pairs.
Final number of poles: 12
Saved figure: WMP_Lib/Nd150/3066-4298_MT2.png
Saved figure: WMP_Lib/Nd150/3066-4298_MT27.png
Saved figure: WMP_Lib/Nd150/3066-4298_MT102.png
Vector fitting piece 11/18...
  energy: 3.837e+03 to 5.199e+03 eV (5181 points)
  error tolerance: rtol=0.001, atol=1e-05
Found 11 peaks
Fitting orders from 22 to 200
Order=22(0/90)
Order=24(1/90)
Order=26(2/90)
Order=28(3/90)
Order=30(4/90)
Order=32(5/90)
Order=34(6/90)
Order=36(7/90)
Order=38(8/90)
Order=40(9/90)
Order=42(10/90)
Order=44(11/90)
Order=46(12/90)
Order=48(13/90)
Order=50(14/90)
Order=52(15/90)
Order=54(16/90)
Order=56(17/90)
Order=58(18/90)
Order=60(19/90)
Found 4 real poles and 12 conjugate complex pairs.
Final number of poles: 16
Saved figure: WMP_Lib/Nd150/3837-5199_MT2.png
Saved figure: WMP_Lib/Nd150/3837-5199_MT27.png
Saved figure: WMP_Lib/Nd150/3837-5199_MT102.png
Vector fitting piece 12/18...
  energy: 4.690e+03 to 6.185e+03 eV (4744 points)
  error tolerance: rtol=0.001, atol=1e-05
Found 11 peaks
Fitting orders from 22 to 200
Order=22(0/90)
Order=24(1/90)
Order=26(2/90)
Order=28(3/90)
Order=30(4/90)
Order=32(5/90)
Order=34(6/90)
Order=36(7/90)
Order=38(8/90)
Order=40(9/90)
Order=42(10/90)
Order=44(11/90)
Order=46(12/90)
Order=48(13/90)
Order=50(14/90)
Order=52(15/90)
Order=54(16/90)
Order=56(17/90)
Order=58(18/90)
Order=60(19/90)
Found 4 real poles and 12 conjugate complex pairs.
Final number of poles: 16
Saved figure: WMP_Lib/Nd150/4690-6185_MT2.png
Saved figure: WMP_Lib/Nd150/4690-6185_MT27.png
Saved figure: WMP_Lib/Nd150/4690-6185_MT102.png
Vector fitting piece 13/18...
  energy: 5.628e+03 to 7.256e+03 eV (3783 points)
  error tolerance: rtol=0.001, atol=1e-05
Found 9 peaks
Fitting orders from 18 to 200
Order=18(0/92)
Order=20(1/92)
Order=22(2/92)
Order=24(3/92)
Order=26(4/92)
Order=28(5/92)
Order=30(6/92)
Order=32(7/92)
Order=34(8/92)
Order=36(9/92)
Order=38(10/92)
Order=40(11/92)
Order=42(12/92)
Order=44(13/92)
Order=46(14/92)
Order=48(15/92)
Order=50(16/92)
Order=52(17/92)
Order=54(18/92)
Order=56(19/92)
Order=58(20/92)
Order=60(21/92)
Found 6 real poles and 9 conjugate complex pairs.
Final number of poles: 15
Saved figure: WMP_Lib/Nd150/5628-7256_MT2.png
Saved figure: WMP_Lib/Nd150/5628-7256_MT27.png
Saved figure: WMP_Lib/Nd150/5628-7256_MT102.png
Vector fitting piece 14/18...
  energy: 6.651e+03 to 8.410e+03 eV (4861 points)
  error tolerance: rtol=0.001, atol=1e-05
Found 13 peaks
Fitting orders from 26 to 200
Order=26(0/88)
Order=28(1/88)
Order=30(2/88)
Order=32(3/88)
Order=34(4/88)
Order=36(5/88)
Order=38(6/88)
Order=40(7/88)
Order=42(8/88)
Order=44(9/88)
Order=46(10/88)
Order=48(11/88)
Order=50(12/88)
Order=52(13/88)
Order=54(14/88)
Order=56(15/88)
Order=58(16/88)
Order=60(17/88)
Found 4 real poles and 14 conjugate complex pairs.
Final number of poles: 18
Saved figure: WMP_Lib/Nd150/6651-8410_MT2.png
Saved figure: WMP_Lib/Nd150/6651-8410_MT27.png
Saved figure: WMP_Lib/Nd150/6651-8410_MT102.png
Vector fitting piece 15/18...
  energy: 7.760e+03 to 9.655e+03 eV (3932 points)
  error tolerance: rtol=0.001, atol=1e-05
Found 10 peaks
Fitting orders from 20 to 200
Order=20(0/91)
Order=22(1/91)
Order=24(2/91)
Order=26(3/91)
Order=28(4/91)
Order=30(5/91)
Order=32(6/91)
Order=34(7/91)
Order=36(8/91)
Order=38(9/91)
Order=40(10/91)
Order=42(11/91)
Order=44(12/91)
Order=46(13/91)
Order=48(14/91)
Order=50(15/91)
Order=52(16/91)
Order=54(17/91)
Order=56(18/91)
Order=58(19/91)
Order=60(20/91)
Found 6 real poles and 10 conjugate complex pairs.
Final number of poles: 16
Saved figure: WMP_Lib/Nd150/7760-9655_MT2.png
Saved figure: WMP_Lib/Nd150/7760-9655_MT27.png
Saved figure: WMP_Lib/Nd150/7760-9655_MT102.png
Vector fitting piece 16/18...
  energy: 8.956e+03 to 1.098e+04 eV (3073 points)
  error tolerance: rtol=0.001, atol=1e-05
Found 7 peaks
Fitting orders from 14 to 200
Order=14(0/94)
Order=16(1/94)
Order=18(2/94)
Order=20(3/94)
Order=22(4/94)
Order=24(5/94)
Order=26(6/94)
Order=28(7/94)
Order=30(8/94)
Order=32(9/94)
Order=34(10/94)
Order=36(11/94)
Order=38(12/94)
Order=40(13/94)
Order=42(14/94)
Order=44(15/94)
Order=46(16/94)
Order=48(17/94)
Order=50(18/94)
Order=52(19/94)
Order=54(20/94)
Order=56(21/94)
Order=58(22/94)
Order=60(23/94)
Found 6 real poles and 8 conjugate complex pairs.
Final number of poles: 14
Saved figure: WMP_Lib/Nd150/8956-10979_MT2.png
Saved figure: WMP_Lib/Nd150/8956-10979_MT27.png
Saved figure: WMP_Lib/Nd150/8956-10979_MT102.png
Vector fitting piece 17/18...
  energy: 1.024e+04 to 1.239e+04 eV (3379 points)
  error tolerance: rtol=0.001, atol=1e-05
Found 8 peaks
Fitting orders from 16 to 200
Order=16(0/93)
Order=18(1/93)
Order=20(2/93)
Order=22(3/93)
Order=24(4/93)
Order=26(5/93)
Order=28(6/93)
Order=30(7/93)
Order=32(8/93)
Order=34(9/93)
Order=36(10/93)
Order=38(11/93)
Order=40(12/93)
Order=42(13/93)
Order=44(14/93)
Order=46(15/93)
Order=48(16/93)
Order=50(17/93)
Order=52(18/93)
Order=54(19/93)
Order=56(20/93)
Order=58(21/93)
Order=60(22/93)
Found 4 real poles and 9 conjugate complex pairs.
Final number of poles: 13
Saved figure: WMP_Lib/Nd150/10235-12393_MT2.png
Saved figure: WMP_Lib/Nd150/10235-12393_MT27.png
Saved figure: WMP_Lib/Nd150/10235-12393_MT102.png
Vector fitting piece 18/18...
  energy: 1.160e+04 to 1.385e+04 eV (3738 points)
  error tolerance: rtol=0.001, atol=1e-05
Found 9 peaks
Fitting orders from 18 to 200
Order=18(0/92)
Order=20(1/92)
Order=22(2/92)
Order=24(3/92)
Order=26(4/92)
Order=28(5/92)
Order=30(6/92)
Order=32(7/92)
Order=34(8/92)
Order=36(9/92)
Order=38(10/92)
Order=40(11/92)
Order=42(12/92)
Order=44(13/92)
Order=46(14/92)
Order=48(15/92)
Order=50(16/92)
Order=52(17/92)
Order=54(18/92)
Order=56(19/92)
Order=58(20/92)
Order=60(21/92)
Found 4 real poles and 9 conjugate complex pairs.
Final number of poles: 13
Saved figure: WMP_Lib/Nd150/11601-13850_MT2.png
Saved figure: WMP_Lib/Nd150/11601-13850_MT27.png
Saved figure: WMP_Lib/Nd150/11601-13850_MT102.png
Dumped multipole data to file: WMP_Lib/Nd150/Nd150_mp.pickle
Start searching ...
Testing N_win=10 N_cf=10
Failed: Window spacing cannot be larger than piece spacing.
Testing N_win=114 N_cf=10
Windowing:
  config: # windows=114, spacing=1.0323054227701887, CF order=10
  error tolerance: rtol=0.001, atol=1e-05
Best library so far.
Testing N_win=114 N_cf=9
Windowing:
  config: # windows=114, spacing=1.0323054227701887, CF order=9
  error tolerance: rtol=0.001, atol=1e-05
Best library so far.
Testing N_win=114 N_cf=8
Windowing:
  config: # windows=114, spacing=1.0323054227701887, CF order=8
  error tolerance: rtol=0.001, atol=1e-05
Best library so far.
Testing N_win=114 N_cf=7
Windowing:
  config: # windows=114, spacing=1.0323054227701887, CF order=7
  error tolerance: rtol=0.001, atol=1e-05
Best library so far.
Testing N_win=114 N_cf=6
Windowing:
  config: # windows=114, spacing=1.0323054227701887, CF order=6
  error tolerance: rtol=0.001, atol=1e-05
Best library so far.
Testing N_win=114 N_cf=5
Windowing:
  config: # windows=114, spacing=1.0323054227701887, CF order=5
  error tolerance: rtol=0.001, atol=1e-05
Best library so far.
Testing N_win=114 N_cf=4
Windowing:
  config: # windows=114, spacing=1.0323054227701887, CF order=4
  error tolerance: rtol=0.001, atol=1e-05
Best library so far.
Testing N_win=114 N_cf=3
Windowing:
  config: # windows=114, spacing=1.0323054227701887, CF order=3
  error tolerance: rtol=0.001, atol=1e-05
Testing N_win=114 N_cf=2
Windowing:
  config: # windows=114, spacing=1.0323054227701887, CF order=2
  error tolerance: rtol=0.001, atol=1e-05
Testing N_win=219 N_cf=10
Windowing:
  config: # windows=219, spacing=0.5373644666474955, CF order=10
  error tolerance: rtol=0.001, atol=1e-05
Best library so far.
Testing N_win=219 N_cf=9
Windowing:
  config: # windows=219, spacing=0.5373644666474955, CF order=9
  error tolerance: rtol=0.001, atol=1e-05
Best library so far.
Testing N_win=219 N_cf=8
Windowing:
  config: # windows=219, spacing=0.5373644666474955, CF order=8
  error tolerance: rtol=0.001, atol=1e-05
Best library so far.
Testing N_win=219 N_cf=7
Windowing:
  config: # windows=219, spacing=0.5373644666474955, CF order=7
  error tolerance: rtol=0.001, atol=1e-05
Best library so far.
Testing N_win=219 N_cf=6
Windowing:
  config: # windows=219, spacing=0.5373644666474955, CF order=6
  error tolerance: rtol=0.001, atol=1e-05
Best library so far.
Testing N_win=219 N_cf=5
Windowing:
  config: # windows=219, spacing=0.5373644666474955, CF order=5
  error tolerance: rtol=0.001, atol=1e-05
Best library so far.
Testing N_win=219 N_cf=4
Windowing:
  config: # windows=219, spacing=0.5373644666474955, CF order=4
  error tolerance: rtol=0.001, atol=1e-05
Best library so far.
Testing N_win=219 N_cf=3
Windowing:
  config: # windows=219, spacing=0.5373644666474955, CF order=3
  error tolerance: rtol=0.001, atol=1e-05
Best library so far.
Testing N_win=219 N_cf=2
Windowing:
  config: # windows=219, spacing=0.5373644666474955, CF order=2
  error tolerance: rtol=0.001, atol=1e-05
Testing N_win=324 N_cf=10
Windowing:
  config: # windows=324, spacing=0.3632185746783997, CF order=10
  error tolerance: rtol=0.001, atol=1e-05
Testing N_win=324 N_cf=9
Windowing:
  config: # windows=324, spacing=0.3632185746783997, CF order=9
  error tolerance: rtol=0.001, atol=1e-05
Best library so far.
Testing N_win=324 N_cf=8
Windowing:
  config: # windows=324, spacing=0.3632185746783997, CF order=8
  error tolerance: rtol=0.001, atol=1e-05
Best library so far.
Testing N_win=324 N_cf=7
Windowing:
  config: # windows=324, spacing=0.3632185746783997, CF order=7
  error tolerance: rtol=0.001, atol=1e-05
Best library so far.
Testing N_win=324 N_cf=6
Windowing:
  config: # windows=324, spacing=0.3632185746783997, CF order=6
  error tolerance: rtol=0.001, atol=1e-05
Best library so far.
Testing N_win=324 N_cf=5
Windowing:
  config: # windows=324, spacing=0.3632185746783997, CF order=5
  error tolerance: rtol=0.001, atol=1e-05
Best library so far.
Testing N_win=324 N_cf=4
Windowing:
  config: # windows=324, spacing=0.3632185746783997, CF order=4
  error tolerance: rtol=0.001, atol=1e-05
Best library so far.
Testing N_win=324 N_cf=3
Windowing:
  config: # windows=324, spacing=0.3632185746783997, CF order=3
  error tolerance: rtol=0.001, atol=1e-05
Best library so far.
Testing N_win=324 N_cf=2
Windowing:
  config: # windows=324, spacing=0.3632185746783997, CF order=2
  error tolerance: rtol=0.001, atol=1e-05
Testing N_win=428 N_cf=10
Windowing:
  config: # windows=428, spacing=0.27495985559766706, CF order=10
  error tolerance: rtol=0.001, atol=1e-05
Testing N_win=428 N_cf=9
Windowing:
  config: # windows=428, spacing=0.27495985559766706, CF order=9
  error tolerance: rtol=0.001, atol=1e-05
Testing N_win=428 N_cf=8
Windowing:
  config: # windows=428, spacing=0.27495985559766706, CF order=8
  error tolerance: rtol=0.001, atol=1e-05
Testing N_win=428 N_cf=7
Windowing:
  config: # windows=428, spacing=0.27495985559766706, CF order=7
  error tolerance: rtol=0.001, atol=1e-05
Testing N_win=428 N_cf=6
Windowing:
  config: # windows=428, spacing=0.27495985559766706, CF order=6
  error tolerance: rtol=0.001, atol=1e-05
Testing N_win=428 N_cf=5
Windowing:
  config: # windows=428, spacing=0.27495985559766706, CF order=5
  error tolerance: rtol=0.001, atol=1e-05
Best library so far.
Testing N_win=428 N_cf=4
Windowing:
  config: # windows=428, spacing=0.27495985559766706, CF order=4
  error tolerance: rtol=0.001, atol=1e-05
Best library so far.
Testing N_win=428 N_cf=3
Windowing:
  config: # windows=428, spacing=0.27495985559766706, CF order=3
  error tolerance: rtol=0.001, atol=1e-05
Best library so far.
Testing N_win=428 N_cf=2
Windowing:
  config: # windows=428, spacing=0.27495985559766706, CF order=2
  error tolerance: rtol=0.001, atol=1e-05
Testing N_win=533 N_cf=10
Windowing:
  config: # windows=533, spacing=0.22079327991707598, CF order=10
  error tolerance: rtol=0.001, atol=1e-05
Testing N_win=533 N_cf=9
Windowing:
  config: # windows=533, spacing=0.22079327991707598, CF order=9
  error tolerance: rtol=0.001, atol=1e-05
Testing N_win=533 N_cf=8
Windowing:
  config: # windows=533, spacing=0.22079327991707598, CF order=8
  error tolerance: rtol=0.001, atol=1e-05
Testing N_win=533 N_cf=7
Windowing:
  config: # windows=533, spacing=0.22079327991707598, CF order=7
  error tolerance: rtol=0.001, atol=1e-05
Testing N_win=533 N_cf=6
Windowing:
  config: # windows=533, spacing=0.22079327991707598, CF order=6
  error tolerance: rtol=0.001, atol=1e-05
Testing N_win=533 N_cf=5
Windowing:
  config: # windows=533, spacing=0.22079327991707598, CF order=5
  error tolerance: rtol=0.001, atol=1e-05
Testing N_win=533 N_cf=4
Windowing:
  config: # windows=533, spacing=0.22079327991707598, CF order=4
  error tolerance: rtol=0.001, atol=1e-05
Best library so far.
Testing N_win=533 N_cf=3
Windowing:
  config: # windows=533, spacing=0.22079327991707598, CF order=3
  error tolerance: rtol=0.001, atol=1e-05
Best library so far.
Testing N_win=533 N_cf=2
Windowing:
  config: # windows=533, spacing=0.22079327991707598, CF order=2
  error tolerance: rtol=0.001, atol=1e-05
Testing N_win=638 N_cf=10
Windowing:
  config: # windows=638, spacing=0.1844558278931058, CF order=10
  error tolerance: rtol=0.001, atol=1e-05
Testing N_win=638 N_cf=9
Windowing:
  config: # windows=638, spacing=0.1844558278931058, CF order=9
  error tolerance: rtol=0.001, atol=1e-05
Testing N_win=638 N_cf=8
Windowing:
  config: # windows=638, spacing=0.1844558278931058, CF order=8
  error tolerance: rtol=0.001, atol=1e-05
Testing N_win=638 N_cf=7
Windowing:
  config: # windows=638, spacing=0.1844558278931058, CF order=7
  error tolerance: rtol=0.001, atol=1e-05
Testing N_win=638 N_cf=6
Windowing:
  config: # windows=638, spacing=0.1844558278931058, CF order=6
  error tolerance: rtol=0.001, atol=1e-05
Testing N_win=638 N_cf=5
Windowing:
  config: # windows=638, spacing=0.1844558278931058, CF order=5
  error tolerance: rtol=0.001, atol=1e-05
Testing N_win=638 N_cf=4
Windowing:
  config: # windows=638, spacing=0.1844558278931058, CF order=4
  error tolerance: rtol=0.001, atol=1e-05
Testing N_win=638 N_cf=3
Windowing:
  config: # windows=638, spacing=0.1844558278931058, CF order=3
  error tolerance: rtol=0.001, atol=1e-05
Testing N_win=638 N_cf=2
Windowing:
  config: # windows=638, spacing=0.1844558278931058, CF order=2
  error tolerance: rtol=0.001, atol=1e-05
Testing N_win=743 N_cf=10
Windowing:
  config: # windows=743, spacing=0.15838871897146906, CF order=10
  error tolerance: rtol=0.001, atol=1e-05
Testing N_win=743 N_cf=9
Windowing:
  config: # windows=743, spacing=0.15838871897146906, CF order=9
  error tolerance: rtol=0.001, atol=1e-05
Testing N_win=743 N_cf=8
Windowing:
  config: # windows=743, spacing=0.15838871897146906, CF order=8
  error tolerance: rtol=0.001, atol=1e-05
Testing N_win=743 N_cf=7
Windowing:
  config: # windows=743, spacing=0.15838871897146906, CF order=7
  error tolerance: rtol=0.001, atol=1e-05
Testing N_win=743 N_cf=6
Windowing:
  config: # windows=743, spacing=0.15838871897146906, CF order=6
  error tolerance: rtol=0.001, atol=1e-05
Testing N_win=743 N_cf=5
Windowing:
  config: # windows=743, spacing=0.15838871897146906, CF order=5
  error tolerance: rtol=0.001, atol=1e-05
Testing N_win=743 N_cf=4
Windowing:
  config: # windows=743, spacing=0.15838871897146906, CF order=4
  error tolerance: rtol=0.001, atol=1e-05
Testing N_win=743 N_cf=3
Windowing:
  config: # windows=743, spacing=0.15838871897146906, CF order=3
  error tolerance: rtol=0.001, atol=1e-05
Testing N_win=743 N_cf=2
Windowing:
  config: # windows=743, spacing=0.15838871897146906, CF order=2
  error tolerance: rtol=0.001, atol=1e-05
Testing N_win=847 N_cf=10
Windowing:
  config: # windows=847, spacing=0.13894075347792384, CF order=10
  error tolerance: rtol=0.001, atol=1e-05
Testing N_win=847 N_cf=9
Windowing:
  config: # windows=847, spacing=0.13894075347792384, CF order=9
  error tolerance: rtol=0.001, atol=1e-05
Testing N_win=847 N_cf=8
Windowing:
  config: # windows=847, spacing=0.13894075347792384, CF order=8
  error tolerance: rtol=0.001, atol=1e-05
Testing N_win=847 N_cf=7
Windowing:
  config: # windows=847, spacing=0.13894075347792384, CF order=7
  error tolerance: rtol=0.001, atol=1e-05
Testing N_win=847 N_cf=6
Windowing:
  config: # windows=847, spacing=0.13894075347792384, CF order=6
  error tolerance: rtol=0.001, atol=1e-05
Testing N_win=847 N_cf=5
Windowing:
  config: # windows=847, spacing=0.13894075347792384, CF order=5
  error tolerance: rtol=0.001, atol=1e-05
Testing N_win=847 N_cf=4
Windowing:
  config: # windows=847, spacing=0.13894075347792384, CF order=4
  error tolerance: rtol=0.001, atol=1e-05
Testing N_win=847 N_cf=3
Windowing:
  config: # windows=847, spacing=0.13894075347792384, CF order=3
  error tolerance: rtol=0.001, atol=1e-05
Best library so far.
Testing N_win=847 N_cf=2
Windowing:
  config: # windows=847, spacing=0.13894075347792384, CF order=2
  error tolerance: rtol=0.001, atol=1e-05
Testing N_win=952 N_cf=10
Windowing:
  config: # windows=952, spacing=0.12361640566785873, CF order=10
  error tolerance: rtol=0.001, atol=1e-05
Testing N_win=952 N_cf=9
Windowing:
  config: # windows=952, spacing=0.12361640566785873, CF order=9
  error tolerance: rtol=0.001, atol=1e-05
Testing N_win=952 N_cf=8
Windowing:
  config: # windows=952, spacing=0.12361640566785873, CF order=8
  error tolerance: rtol=0.001, atol=1e-05
Testing N_win=952 N_cf=7
Windowing:
  config: # windows=952, spacing=0.12361640566785873, CF order=7
  error tolerance: rtol=0.001, atol=1e-05
Testing N_win=952 N_cf=6
Windowing:
  config: # windows=952, spacing=0.12361640566785873, CF order=6
  error tolerance: rtol=0.001, atol=1e-05
Testing N_win=952 N_cf=5
Windowing:
  config: # windows=952, spacing=0.12361640566785873, CF order=5
  error tolerance: rtol=0.001, atol=1e-05
Testing N_win=952 N_cf=4
Windowing:
  config: # windows=952, spacing=0.12361640566785873, CF order=4
  error tolerance: rtol=0.001, atol=1e-05
Testing N_win=952 N_cf=3
Windowing:
  config: # windows=952, spacing=0.12361640566785873, CF order=3
  error tolerance: rtol=0.001, atol=1e-05
Best library so far.
Testing N_win=952 N_cf=2
Windowing:
  config: # windows=952, spacing=0.12361640566785873, CF order=2
  error tolerance: rtol=0.001, atol=1e-05
Testing N_win=1057 N_cf=10
Windowing:
  config: # windows=1057, spacing=0.11133663027038931, CF order=10
  error tolerance: rtol=0.001, atol=1e-05
Testing N_win=1057 N_cf=9
Windowing:
  config: # windows=1057, spacing=0.11133663027038931, CF order=9
  error tolerance: rtol=0.001, atol=1e-05
Testing N_win=1057 N_cf=8
Windowing:
  config: # windows=1057, spacing=0.11133663027038931, CF order=8
  error tolerance: rtol=0.001, atol=1e-05
Testing N_win=1057 N_cf=7
Windowing:
  config: # windows=1057, spacing=0.11133663027038931, CF order=7
  error tolerance: rtol=0.001, atol=1e-05
Testing N_win=1057 N_cf=6
Windowing:
  config: # windows=1057, spacing=0.11133663027038931, CF order=6
  error tolerance: rtol=0.001, atol=1e-05
Testing N_win=1057 N_cf=5
Windowing:
  config: # windows=1057, spacing=0.11133663027038931, CF order=5
  error tolerance: rtol=0.001, atol=1e-05
Testing N_win=1057 N_cf=4
Windowing:
  config: # windows=1057, spacing=0.11133663027038931, CF order=4
  error tolerance: rtol=0.001, atol=1e-05
Testing N_win=1057 N_cf=3
Windowing:
  config: # windows=1057, spacing=0.11133663027038931, CF order=3
  error tolerance: rtol=0.001, atol=1e-05
Testing N_win=1057 N_cf=2
Windowing:
  config: # windows=1057, spacing=0.11133663027038931, CF order=2
  error tolerance: rtol=0.001, atol=1e-05
Testing N_win=1162 N_cf=10
Windowing:
  config: # windows=1162, spacing=0.10127609139053485, CF order=10
  error tolerance: rtol=0.001, atol=1e-05
Testing N_win=1162 N_cf=9
Windowing:
  config: # windows=1162, spacing=0.10127609139053485, CF order=9
  error tolerance: rtol=0.001, atol=1e-05
Testing N_win=1162 N_cf=8
Windowing:
  config: # windows=1162, spacing=0.10127609139053485, CF order=8
  error tolerance: rtol=0.001, atol=1e-05
Testing N_win=1162 N_cf=7
Windowing:
  config: # windows=1162, spacing=0.10127609139053485, CF order=7
  error tolerance: rtol=0.001, atol=1e-05
Testing N_win=1162 N_cf=6
Windowing:
  config: # windows=1162, spacing=0.10127609139053485, CF order=6
  error tolerance: rtol=0.001, atol=1e-05
Testing N_win=1162 N_cf=5
Windowing:
  config: # windows=1162, spacing=0.10127609139053485, CF order=5
  error tolerance: rtol=0.001, atol=1e-05
Testing N_win=1162 N_cf=4
Windowing:
  config: # windows=1162, spacing=0.10127609139053485, CF order=4
  error tolerance: rtol=0.001, atol=1e-05
Testing N_win=1162 N_cf=3
Windowing:
  config: # windows=1162, spacing=0.10127609139053485, CF order=3
  error tolerance: rtol=0.001, atol=1e-05
Testing N_win=1162 N_cf=2
Windowing:
  config: # windows=1162, spacing=0.10127609139053485, CF order=2
  error tolerance: rtol=0.001, atol=1e-05
Testing N_win=1266 N_cf=10
Windowing:
  config: # windows=1266, spacing=0.09295641247693641, CF order=10
  error tolerance: rtol=0.001, atol=1e-05
Testing N_win=1266 N_cf=9
Windowing:
  config: # windows=1266, spacing=0.09295641247693641, CF order=9
  error tolerance: rtol=0.001, atol=1e-05
Testing N_win=1266 N_cf=8
Windowing:
  config: # windows=1266, spacing=0.09295641247693641, CF order=8
  error tolerance: rtol=0.001, atol=1e-05
Testing N_win=1266 N_cf=7
Windowing:
  config: # windows=1266, spacing=0.09295641247693641, CF order=7
  error tolerance: rtol=0.001, atol=1e-05
Testing N_win=1266 N_cf=6
Windowing:
  config: # windows=1266, spacing=0.09295641247693641, CF order=6
  error tolerance: rtol=0.001, atol=1e-05
Testing N_win=1266 N_cf=5
Windowing:
  config: # windows=1266, spacing=0.09295641247693641, CF order=5
  error tolerance: rtol=0.001, atol=1e-05
Testing N_win=1266 N_cf=4
Windowing:
  config: # windows=1266, spacing=0.09295641247693641, CF order=4
  error tolerance: rtol=0.001, atol=1e-05
Testing N_win=1266 N_cf=3
Windowing:
  config: # windows=1266, spacing=0.09295641247693641, CF order=3
  error tolerance: rtol=0.001, atol=1e-05
Testing N_win=1266 N_cf=2
Windowing:
  config: # windows=1266, spacing=0.09295641247693641, CF order=2
  error tolerance: rtol=0.001, atol=1e-05
Testing N_win=1371 N_cf=10
Windowing:
  config: # windows=1371, spacing=0.08583721239664588, CF order=10
  error tolerance: rtol=0.001, atol=1e-05
Testing N_win=1371 N_cf=9
Windowing:
  config: # windows=1371, spacing=0.08583721239664588, CF order=9
  error tolerance: rtol=0.001, atol=1e-05
Testing N_win=1371 N_cf=8
Windowing:
  config: # windows=1371, spacing=0.08583721239664588, CF order=8
  error tolerance: rtol=0.001, atol=1e-05
Testing N_win=1371 N_cf=7
Windowing:
  config: # windows=1371, spacing=0.08583721239664588, CF order=7
  error tolerance: rtol=0.001, atol=1e-05
Testing N_win=1371 N_cf=6
Windowing:
  config: # windows=1371, spacing=0.08583721239664588, CF order=6
  error tolerance: rtol=0.001, atol=1e-05
Testing N_win=1371 N_cf=5
Windowing:
  config: # windows=1371, spacing=0.08583721239664588, CF order=5
  error tolerance: rtol=0.001, atol=1e-05
Testing N_win=1371 N_cf=4
Windowing:
  config: # windows=1371, spacing=0.08583721239664588, CF order=4
  error tolerance: rtol=0.001, atol=1e-05
Testing N_win=1371 N_cf=3
Windowing:
  config: # windows=1371, spacing=0.08583721239664588, CF order=3
  error tolerance: rtol=0.001, atol=1e-05
Testing N_win=1371 N_cf=2
Windowing:
  config: # windows=1371, spacing=0.08583721239664588, CF order=2
  error tolerance: rtol=0.001, atol=1e-05
Testing N_win=1476 N_cf=10
Windowing:
  config: # windows=1476, spacing=0.07973090663672189, CF order=10
  error tolerance: rtol=0.001, atol=1e-05
Testing N_win=1476 N_cf=9
Windowing:
  config: # windows=1476, spacing=0.07973090663672189, CF order=9
  error tolerance: rtol=0.001, atol=1e-05
Testing N_win=1476 N_cf=8
Windowing:
  config: # windows=1476, spacing=0.07973090663672189, CF order=8
  error tolerance: rtol=0.001, atol=1e-05
Testing N_win=1476 N_cf=7
Windowing:
  config: # windows=1476, spacing=0.07973090663672189, CF order=7
  error tolerance: rtol=0.001, atol=1e-05
Testing N_win=1476 N_cf=6
Windowing:
  config: # windows=1476, spacing=0.07973090663672189, CF order=6
  error tolerance: rtol=0.001, atol=1e-05
Testing N_win=1476 N_cf=5
Windowing:
  config: # windows=1476, spacing=0.07973090663672189, CF order=5
  error tolerance: rtol=0.001, atol=1e-05
Testing N_win=1476 N_cf=4
Windowing:
  config: # windows=1476, spacing=0.07973090663672189, CF order=4
  error tolerance: rtol=0.001, atol=1e-05
Testing N_win=1476 N_cf=3
Windowing:
  config: # windows=1476, spacing=0.07973090663672189, CF order=3
  error tolerance: rtol=0.001, atol=1e-05
Testing N_win=1476 N_cf=2
Windowing:
  config: # windows=1476, spacing=0.07973090663672189, CF order=2
  error tolerance: rtol=0.001, atol=1e-05
Testing N_win=1581 N_cf=10
Windowing:
  config: # windows=1581, spacing=0.07443568513333429, CF order=10
  error tolerance: rtol=0.001, atol=1e-05
Testing N_win=1581 N_cf=9
Windowing:
  config: # windows=1581, spacing=0.07443568513333429, CF order=9
  error tolerance: rtol=0.001, atol=1e-05
Testing N_win=1581 N_cf=8
Windowing:
  config: # windows=1581, spacing=0.07443568513333429, CF order=8
  error tolerance: rtol=0.001, atol=1e-05
Testing N_win=1581 N_cf=7
Windowing:
  config: # windows=1581, spacing=0.07443568513333429, CF order=7
  error tolerance: rtol=0.001, atol=1e-05
Testing N_win=1581 N_cf=6
Windowing:
  config: # windows=1581, spacing=0.07443568513333429, CF order=6
  error tolerance: rtol=0.001, atol=1e-05
Testing N_win=1581 N_cf=5
Windowing:
  config: # windows=1581, spacing=0.07443568513333429, CF order=5
  error tolerance: rtol=0.001, atol=1e-05
Testing N_win=1581 N_cf=4
Windowing:
  config: # windows=1581, spacing=0.07443568513333429, CF order=4
  error tolerance: rtol=0.001, atol=1e-05
Testing N_win=1581 N_cf=3
Windowing:
  config: # windows=1581, spacing=0.07443568513333429, CF order=3
  error tolerance: rtol=0.001, atol=1e-05
Testing N_win=1581 N_cf=2
Windowing:
  config: # windows=1581, spacing=0.07443568513333429, CF order=2
  error tolerance: rtol=0.001, atol=1e-05
Testing N_win=1685 N_cf=10
Windowing:
  config: # windows=1685, spacing=0.06984143513103946, CF order=10
  error tolerance: rtol=0.001, atol=1e-05
Testing N_win=1685 N_cf=9
Windowing:
  config: # windows=1685, spacing=0.06984143513103946, CF order=9
  error tolerance: rtol=0.001, atol=1e-05
Testing N_win=1685 N_cf=8
Windowing:
  config: # windows=1685, spacing=0.06984143513103946, CF order=8
  error tolerance: rtol=0.001, atol=1e-05
Testing N_win=1685 N_cf=7
Windowing:
  config: # windows=1685, spacing=0.06984143513103946, CF order=7
  error tolerance: rtol=0.001, atol=1e-05
Testing N_win=1685 N_cf=6
Windowing:
  config: # windows=1685, spacing=0.06984143513103946, CF order=6
  error tolerance: rtol=0.001, atol=1e-05
Testing N_win=1685 N_cf=5
Windowing:
  config: # windows=1685, spacing=0.06984143513103946, CF order=5
  error tolerance: rtol=0.001, atol=1e-05
Testing N_win=1685 N_cf=4
Windowing:
  config: # windows=1685, spacing=0.06984143513103946, CF order=4
  error tolerance: rtol=0.001, atol=1e-05
Testing N_win=1685 N_cf=3
Windowing:
  config: # windows=1685, spacing=0.06984143513103946, CF order=3
  error tolerance: rtol=0.001, atol=1e-05
Testing N_win=1685 N_cf=2
Windowing:
  config: # windows=1685, spacing=0.06984143513103946, CF order=2
  error tolerance: rtol=0.001, atol=1e-05
Testing N_win=1790 N_cf=10
Windowing:
  config: # windows=1790, spacing=0.06574459117083883, CF order=10
  error tolerance: rtol=0.001, atol=1e-05
Testing N_win=1790 N_cf=9
Windowing:
  config: # windows=1790, spacing=0.06574459117083883, CF order=9
  error tolerance: rtol=0.001, atol=1e-05
Testing N_win=1790 N_cf=8
Windowing:
  config: # windows=1790, spacing=0.06574459117083883, CF order=8
  error tolerance: rtol=0.001, atol=1e-05
Testing N_win=1790 N_cf=7
Windowing:
  config: # windows=1790, spacing=0.06574459117083883, CF order=7
  error tolerance: rtol=0.001, atol=1e-05
Testing N_win=1790 N_cf=6
Windowing:
  config: # windows=1790, spacing=0.06574459117083883, CF order=6
  error tolerance: rtol=0.001, atol=1e-05
Testing N_win=1790 N_cf=5
Windowing:
  config: # windows=1790, spacing=0.06574459117083883, CF order=5
  error tolerance: rtol=0.001, atol=1e-05
Testing N_win=1790 N_cf=4
Windowing:
  config: # windows=1790, spacing=0.06574459117083883, CF order=4
  error tolerance: rtol=0.001, atol=1e-05
Testing N_win=1790 N_cf=3
Windowing:
  config: # windows=1790, spacing=0.06574459117083883, CF order=3
  error tolerance: rtol=0.001, atol=1e-05
Testing N_win=1790 N_cf=2
Windowing:
  config: # windows=1790, spacing=0.06574459117083883, CF order=2
  error tolerance: rtol=0.001, atol=1e-05
Testing N_win=1895 N_cf=10
Windowing:
  config: # windows=1895, spacing=0.06210175102680818, CF order=10
  error tolerance: rtol=0.001, atol=1e-05
Testing N_win=1895 N_cf=9
Windowing:
  config: # windows=1895, spacing=0.06210175102680818, CF order=9
  error tolerance: rtol=0.001, atol=1e-05
Testing N_win=1895 N_cf=8
Windowing:
  config: # windows=1895, spacing=0.06210175102680818, CF order=8
  error tolerance: rtol=0.001, atol=1e-05
Testing N_win=1895 N_cf=7
Windowing:
  config: # windows=1895, spacing=0.06210175102680818, CF order=7
  error tolerance: rtol=0.001, atol=1e-05
Testing N_win=1895 N_cf=6
Windowing:
  config: # windows=1895, spacing=0.06210175102680818, CF order=6
  error tolerance: rtol=0.001, atol=1e-05
Testing N_win=1895 N_cf=5
Windowing:
  config: # windows=1895, spacing=0.06210175102680818, CF order=5
  error tolerance: rtol=0.001, atol=1e-05
Testing N_win=1895 N_cf=4
Windowing:
  config: # windows=1895, spacing=0.06210175102680818, CF order=4
  error tolerance: rtol=0.001, atol=1e-05
Testing N_win=1895 N_cf=3
Windowing:
  config: # windows=1895, spacing=0.06210175102680818, CF order=3
  error tolerance: rtol=0.001, atol=1e-05
Testing N_win=1895 N_cf=2
Windowing:
  config: # windows=1895, spacing=0.06210175102680818, CF order=2
  error tolerance: rtol=0.001, atol=1e-05
Testing N_win=2000 N_cf=10
Windowing:
  config: # windows=2000, spacing=0.058841409097900754, CF order=10
  error tolerance: rtol=0.001, atol=1e-05
Testing N_win=2000 N_cf=9
Windowing:
  config: # windows=2000, spacing=0.058841409097900754, CF order=9
  error tolerance: rtol=0.001, atol=1e-05
Testing N_win=2000 N_cf=8
Windowing:
  config: # windows=2000, spacing=0.058841409097900754, CF order=8
  error tolerance: rtol=0.001, atol=1e-05
Testing N_win=2000 N_cf=7
Windowing:
  config: # windows=2000, spacing=0.058841409097900754, CF order=7
  error tolerance: rtol=0.001, atol=1e-05
Testing N_win=2000 N_cf=6
Windowing:
  config: # windows=2000, spacing=0.058841409097900754, CF order=6
  error tolerance: rtol=0.001, atol=1e-05
Testing N_win=2000 N_cf=5
Windowing:
  config: # windows=2000, spacing=0.058841409097900754, CF order=5
  error tolerance: rtol=0.001, atol=1e-05
Testing N_win=2000 N_cf=4
Windowing:
  config: # windows=2000, spacing=0.058841409097900754, CF order=4
  error tolerance: rtol=0.001, atol=1e-05
Testing N_win=2000 N_cf=3
Windowing:
  config: # windows=2000, spacing=0.058841409097900754, CF order=3
  error tolerance: rtol=0.001, atol=1e-05
Testing N_win=2000 N_cf=2
Windowing:
  config: # windows=2000, spacing=0.058841409097900754, CF order=2
  error tolerance: rtol=0.001, atol=1e-05
Final library: 142 poles, 952 windows, 2.2 poles per window, 3 CF order
