Running NJOY to get 0K point-wise data (error=0.0005)...
Parsing cross sections within resolved resonance range...
  MTs: [2, 27, 102]
  Energy range: 1.000e-05 to 3.633e+05 eV (28667 points)
Vector fitting piece 1/14...
  energy: 1.000e-05 to 2.000e+03 eV (716 points)
  error tolerance: rtol=0.001, atol=1e-05
Found 0 peaks
Fitting orders from 2 to 200
Order=2(0/100)
Order=4(1/100)
Found ideal results. Stop!
Found 2 real poles and 1 conjugate complex pairs.
Final number of poles: 3
Saved figure: WMP_Lib/Ti46/0-2000_MT2.png
Saved figure: WMP_Lib/Ti46/0-2000_MT27.png
Saved figure: WMP_Lib/Ti46/0-2000_MT102.png
Vector fitting piece 2/14...
  energy: 4.438e+02 to 7.653e+03 eV (296 points)
  error tolerance: rtol=0.001, atol=1e-05
Found 1 peaks
Fitting orders from 2 to 200
Order=2(0/100)
Order=4(1/100)
Order=6(2/100)
Order=8(3/100)
Order=10(4/100)
Order=12(5/100)
Order=14(6/100)
Order=16(7/100)
Order=18(8/100)
Order=20(9/100)
Order=22(10/100)
Order=24(11/100)
Order=26(12/100)
Order=28(13/100)
Order=30(14/100)
Order=32(15/100)
Order=34(16/100)
Order=36(17/100)
Order=38(18/100)
Order=40(19/100)
Order=42(20/100)
Order=44(21/100)
Order=46(22/100)
Order=48(23/100)
Order=50(24/100)
Order=52(25/100)
Order=54(26/100)
Order=56(27/100)
Order=58(28/100)
Order=60(29/100)
Order=62(30/100)
Order=64(31/100)
Order=66(32/100)
Order=68(33/100)
Order=70(34/100)
Found 2 real poles and 2 conjugate complex pairs.
Final number of poles: 4
Saved figure: WMP_Lib/Ti46/444-7653_MT2.png
Saved figure: WMP_Lib/Ti46/444-7653_MT27.png
Saved figure: WMP_Lib/Ti46/444-7653_MT102.png
Vector fitting piece 3/14...
  energy: 4.116e+03 to 1.696e+04 eV (1443 points)
  error tolerance: rtol=0.001, atol=1e-05
Found 4 peaks
Fitting orders from 8 to 200
Order=8(0/97)
Order=10(1/97)
Order=12(2/97)
Order=14(3/97)
Order=16(4/97)
Order=18(5/97)
Order=20(6/97)
Order=22(7/97)
Order=24(8/97)
Order=26(9/97)
Order=28(10/97)
Order=30(11/97)
Order=32(12/97)
Order=34(13/97)
Order=36(14/97)
Order=38(15/97)
Order=40(16/97)
Order=42(17/97)
Order=44(18/97)
Order=46(19/97)
Order=48(20/97)
Order=50(21/97)
Order=52(22/97)
Order=54(23/97)
Order=56(24/97)
Order=58(25/97)
Order=60(26/97)
Found 2 real poles and 5 conjugate complex pairs.
Final number of poles: 7
Saved figure: WMP_Lib/Ti46/4116-16961_MT2.png
Saved figure: WMP_Lib/Ti46/4116-16961_MT27.png
Saved figure: WMP_Lib/Ti46/4116-16961_MT102.png
Vector fitting piece 4/14...
  energy: 1.152e+04 to 3.008e+04 eV (2297 points)
  error tolerance: rtol=0.001, atol=1e-05
Found 7 peaks
Fitting orders from 14 to 200
Order=14(0/94)
Order=16(1/94)
Order=18(2/94)
Order=20(3/94)
Order=22(4/94)
Order=24(5/94)
Order=26(6/94)
Order=28(7/94)
Order=30(8/94)
Order=32(9/94)
Order=34(10/94)
Order=36(11/94)
Order=38(12/94)
Order=40(13/94)
Order=42(14/94)
Order=44(15/94)
Order=46(16/94)
Order=48(17/94)
Order=50(18/94)
Order=52(19/94)
Order=54(20/94)
Order=56(21/94)
Order=58(22/94)
Order=60(23/94)
Order=62(24/94)
Order=64(25/94)
Order=66(26/94)
Order=68(27/94)
Order=70(28/94)
Found 2 real poles and 9 conjugate complex pairs.
Final number of poles: 11
Saved figure: WMP_Lib/Ti46/11519-30078_MT2.png
Saved figure: WMP_Lib/Ti46/11519-30078_MT27.png
Saved figure: WMP_Lib/Ti46/11519-30078_MT102.png
Vector fitting piece 5/14...
  energy: 2.256e+04 to 4.653e+04 eV (2579 points)
  error tolerance: rtol=0.001, atol=1e-05
Found 9 peaks
Fitting orders from 18 to 200
Order=18(0/92)
Order=20(1/92)
Order=22(2/92)
Order=24(3/92)
Order=26(4/92)
Order=28(5/92)
Order=30(6/92)
Order=32(7/92)
Order=34(8/92)
Order=36(9/92)
Order=38(10/92)
Order=40(11/92)
Order=42(12/92)
Order=44(13/92)
Order=46(14/92)
Order=48(15/92)
Order=50(16/92)
Order=52(17/92)
Order=54(18/92)
Order=56(19/92)
Order=58(20/92)
Order=60(21/92)
Order=62(22/92)
Order=64(23/92)
Order=66(24/92)
Order=68(25/92)
Order=70(26/92)
Found 4 real poles and 10 conjugate complex pairs.
Final number of poles: 14
Saved figure: WMP_Lib/Ti46/22565-46527_MT2.png
Saved figure: WMP_Lib/Ti46/22565-46527_MT27.png
Saved figure: WMP_Lib/Ti46/22565-46527_MT102.png
Vector fitting piece 6/14...
  energy: 3.739e+04 to 6.707e+04 eV (3025 points)
  error tolerance: rtol=0.001, atol=1e-05
Found 12 peaks
Fitting orders from 24 to 200
Order=24(0/89)
Order=26(1/89)
Order=28(2/89)
Order=30(3/89)
Order=32(4/89)
Order=34(5/89)
Order=36(6/89)
Order=38(7/89)
Order=40(8/89)
Order=42(9/89)
Order=44(10/89)
Order=46(11/89)
Order=48(12/89)
Order=50(13/89)
Order=52(14/89)
Order=54(15/89)
Order=56(16/89)
Order=58(17/89)
Order=60(18/89)
Found 2 real poles and 13 conjugate complex pairs.
Final number of poles: 15
Saved figure: WMP_Lib/Ti46/37394-67075_MT2.png
Saved figure: WMP_Lib/Ti46/37394-67075_MT27.png
Saved figure: WMP_Lib/Ti46/37394-67075_MT102.png
Vector fitting piece 7/14...
  energy: 5.592e+04 to 9.102e+04 eV (4966 points)
  error tolerance: rtol=0.001, atol=1e-05
Found 18 peaks
Fitting orders from 36 to 200
Order=36(0/83)
Order=38(1/83)
Order=40(2/83)
Order=42(3/83)
Order=44(4/83)
Order=46(5/83)
Order=48(6/83)
Order=50(7/83)
Order=52(8/83)
Order=54(9/83)
Order=56(10/83)
Order=58(11/83)
Order=60(12/83)
Found 6 real poles and 19 conjugate complex pairs.
Final number of poles: 25
Saved figure: WMP_Lib/Ti46/55921-91019_MT2.png
Saved figure: WMP_Lib/Ti46/55921-91019_MT27.png
Saved figure: WMP_Lib/Ti46/55921-91019_MT102.png
Vector fitting piece 8/14...
  energy: 7.814e+04 to 1.189e+05 eV (6432 points)
  error tolerance: rtol=0.001, atol=1e-05
Found 24 peaks
Fitting orders from 48 to 200
Order=48(0/77)
Order=50(1/77)
Order=52(2/77)
Order=54(3/77)
Order=56(4/77)
Order=58(5/77)
Order=60(6/77)
Order=62(7/77)
Order=64(8/77)
Found 4 real poles and 25 conjugate complex pairs.
Final number of poles: 29
Saved figure: WMP_Lib/Ti46/78139-118881_MT2.png
Saved figure: WMP_Lib/Ti46/78139-118881_MT27.png
Saved figure: WMP_Lib/Ti46/78139-118881_MT102.png
Vector fitting piece 9/14...
  energy: 1.040e+05 to 1.504e+05 eV (4988 points)
  error tolerance: rtol=0.001, atol=1e-05
Found 17 peaks
Fitting orders from 34 to 200
Order=34(0/84)
Order=36(1/84)
Order=38(2/84)
Order=40(3/84)
Order=42(4/84)
Order=44(5/84)
Order=46(6/84)
Order=48(7/84)
Order=50(8/84)
Order=52(9/84)
Order=54(10/84)
Order=56(11/84)
Order=58(12/84)
Order=60(13/84)
Found 2 real poles and 20 conjugate complex pairs.
Final number of poles: 22
Saved figure: WMP_Lib/Ti46/103991-150375_MT2.png
Saved figure: WMP_Lib/Ti46/103991-150375_MT27.png
Saved figure: WMP_Lib/Ti46/103991-150375_MT102.png
Vector fitting piece 10/14...
  energy: 1.337e+05 to 1.857e+05 eV (3514 points)
  error tolerance: rtol=0.001, atol=1e-05
Found 13 peaks
Fitting orders from 26 to 200
Order=26(0/88)
Order=28(1/88)
Order=30(2/88)
Order=32(3/88)
Order=34(4/88)
Order=36(5/88)
Order=38(6/88)
Order=40(7/88)
Order=42(8/88)
Order=44(9/88)
Order=46(10/88)
Order=48(11/88)
Order=50(12/88)
Order=52(13/88)
Order=54(14/88)
Order=56(15/88)
Order=58(16/88)
Order=60(17/88)
Found 4 real poles and 15 conjugate complex pairs.
Final number of poles: 19
Saved figure: WMP_Lib/Ti46/133690-185691_MT2.png
Saved figure: WMP_Lib/Ti46/133690-185691_MT27.png
Saved figure: WMP_Lib/Ti46/133690-185691_MT102.png
Vector fitting piece 11/14...
  energy: 1.670e+05 to 2.246e+05 eV (2395 points)
  error tolerance: rtol=0.001, atol=1e-05
Found 11 peaks
Fitting orders from 22 to 200
Order=22(0/90)
Order=24(1/90)
Order=26(2/90)
Order=28(3/90)
Order=30(4/90)
Order=32(5/90)
Order=34(6/90)
Order=36(7/90)
Order=38(8/90)
Order=40(9/90)
Order=42(10/90)
Order=44(11/90)
Order=46(12/90)
Order=48(13/90)
Order=50(14/90)
Order=52(15/90)
Order=54(16/90)
Order=56(17/90)
Order=58(18/90)
Order=60(19/90)
Found 2 real poles and 13 conjugate complex pairs.
Final number of poles: 15
Saved figure: WMP_Lib/Ti46/166988-224626_MT2.png
Saved figure: WMP_Lib/Ti46/166988-224626_MT27.png
Saved figure: WMP_Lib/Ti46/166988-224626_MT102.png
Vector fitting piece 12/14...
  energy: 2.039e+05 to 2.672e+05 eV (4102 points)
  error tolerance: rtol=0.001, atol=1e-05
Found 17 peaks
Fitting orders from 34 to 200
Order=34(0/84)
Order=36(1/84)
Order=38(2/84)
Order=40(3/84)
Order=42(4/84)
Order=44(5/84)
Order=46(6/84)
Order=48(7/84)
Order=50(8/84)
Order=52(9/84)
Order=54(10/84)
Order=56(11/84)
Order=58(12/84)
Order=60(13/84)
Found 6 real poles and 17 conjugate complex pairs.
Final number of poles: 23
Saved figure: WMP_Lib/Ti46/203929-267220_MT2.png
Saved figure: WMP_Lib/Ti46/203929-267220_MT27.png
Saved figure: WMP_Lib/Ti46/203929-267220_MT102.png
Vector fitting piece 13/14...
  energy: 2.448e+05 to 3.138e+05 eV (3175 points)
  error tolerance: rtol=0.001, atol=1e-05
Found 14 peaks
Fitting orders from 28 to 200
Order=28(0/87)
Order=30(1/87)
Order=32(2/87)
Order=34(3/87)
Order=36(4/87)
Order=38(5/87)
Order=40(6/87)
Order=42(7/87)
Order=44(8/87)
Order=46(9/87)
Order=48(10/87)
Order=50(11/87)
Order=52(12/87)
Order=54(13/87)
Order=56(14/87)
Order=58(15/87)
Order=60(16/87)
Found 6 real poles and 14 conjugate complex pairs.
Final number of poles: 20
Saved figure: WMP_Lib/Ti46/244809-313810_MT2.png
Saved figure: WMP_Lib/Ti46/244809-313810_MT27.png
Saved figure: WMP_Lib/Ti46/244809-313810_MT102.png
Vector fitting piece 14/14...
  energy: 2.892e+05 to 3.633e+05 eV (2505 points)
  error tolerance: rtol=0.001, atol=1e-05
Found 12 peaks
Fitting orders from 24 to 200
Order=24(0/89)
Order=26(1/89)
Order=28(2/89)
Order=30(3/89)
Order=32(4/89)
Order=34(5/89)
Order=36(6/89)
Order=38(7/89)
Order=40(8/89)
Order=42(9/89)
Order=44(10/89)
Order=46(11/89)
Order=48(12/89)
Order=50(13/89)
Order=52(14/89)
Order=54(15/89)
Order=56(16/89)
Order=58(17/89)
Order=60(18/89)
Found 4 real poles and 12 conjugate complex pairs.
Final number of poles: 16
Saved figure: WMP_Lib/Ti46/289223-363280_MT2.png
Saved figure: WMP_Lib/Ti46/289223-363280_MT27.png
Saved figure: WMP_Lib/Ti46/289223-363280_MT102.png
Dumped multipole data to file: WMP_Lib/Ti46/Ti46_mp.pickle
Start searching ...
Testing N_win=11 N_cf=10
Failed: Window spacing cannot be larger than piece spacing.
Testing N_win=115 N_cf=10
Windowing:
  config: # windows=115, spacing=5.241077307613294, CF order=10
  error tolerance: rtol=0.001, atol=1e-05
Best library so far.
Testing N_win=115 N_cf=9
Windowing:
  config: # windows=115, spacing=5.241077307613294, CF order=9
  error tolerance: rtol=0.001, atol=1e-05
Best library so far.
Testing N_win=115 N_cf=8
Windowing:
  config: # windows=115, spacing=5.241077307613294, CF order=8
  error tolerance: rtol=0.001, atol=1e-05
Best library so far.
Testing N_win=115 N_cf=7
Windowing:
  config: # windows=115, spacing=5.241077307613294, CF order=7
  error tolerance: rtol=0.001, atol=1e-05
Best library so far.
Testing N_win=115 N_cf=6
Windowing:
  config: # windows=115, spacing=5.241077307613294, CF order=6
  error tolerance: rtol=0.001, atol=1e-05
Best library so far.
Testing N_win=115 N_cf=5
Windowing:
  config: # windows=115, spacing=5.241077307613294, CF order=5
  error tolerance: rtol=0.001, atol=1e-05
Best library so far.
Testing N_win=115 N_cf=4
Windowing:
  config: # windows=115, spacing=5.241077307613294, CF order=4
  error tolerance: rtol=0.001, atol=1e-05
Best library so far.
Testing N_win=115 N_cf=3
Windowing:
  config: # windows=115, spacing=5.241077307613294, CF order=3
  error tolerance: rtol=0.001, atol=1e-05
Best library so far.
Testing N_win=115 N_cf=2
Windowing:
  config: # windows=115, spacing=5.241077307613294, CF order=2
  error tolerance: rtol=0.001, atol=1e-05
Testing N_win=220 N_cf=10
Windowing:
  config: # windows=220, spacing=2.7396540471614945, CF order=10
  error tolerance: rtol=0.001, atol=1e-05
Best library so far.
Testing N_win=220 N_cf=9
Windowing:
  config: # windows=220, spacing=2.7396540471614945, CF order=9
  error tolerance: rtol=0.001, atol=1e-05
Best library so far.
Testing N_win=220 N_cf=8
Windowing:
  config: # windows=220, spacing=2.7396540471614945, CF order=8
  error tolerance: rtol=0.001, atol=1e-05
Best library so far.
Testing N_win=220 N_cf=7
Windowing:
  config: # windows=220, spacing=2.7396540471614945, CF order=7
  error tolerance: rtol=0.001, atol=1e-05
Best library so far.
Testing N_win=220 N_cf=6
Windowing:
  config: # windows=220, spacing=2.7396540471614945, CF order=6
  error tolerance: rtol=0.001, atol=1e-05
Best library so far.
Testing N_win=220 N_cf=5
Windowing:
  config: # windows=220, spacing=2.7396540471614945, CF order=5
  error tolerance: rtol=0.001, atol=1e-05
Best library so far.
Testing N_win=220 N_cf=4
Windowing:
  config: # windows=220, spacing=2.7396540471614945, CF order=4
  error tolerance: rtol=0.001, atol=1e-05
Best library so far.
Testing N_win=220 N_cf=3
Windowing:
  config: # windows=220, spacing=2.7396540471614945, CF order=3
  error tolerance: rtol=0.001, atol=1e-05
Best library so far.
Testing N_win=220 N_cf=2
Windowing:
  config: # windows=220, spacing=2.7396540471614945, CF order=2
  error tolerance: rtol=0.001, atol=1e-05
Best library so far.
Testing N_win=325 N_cf=10
Windowing:
  config: # windows=325, spacing=1.8545350473093192, CF order=10
  error tolerance: rtol=0.001, atol=1e-05
Testing N_win=325 N_cf=9
Windowing:
  config: # windows=325, spacing=1.8545350473093192, CF order=9
  error tolerance: rtol=0.001, atol=1e-05
Testing N_win=325 N_cf=8
Windowing:
  config: # windows=325, spacing=1.8545350473093192, CF order=8
  error tolerance: rtol=0.001, atol=1e-05
Testing N_win=325 N_cf=7
Windowing:
  config: # windows=325, spacing=1.8545350473093192, CF order=7
  error tolerance: rtol=0.001, atol=1e-05
Testing N_win=325 N_cf=6
Windowing:
  config: # windows=325, spacing=1.8545350473093192, CF order=6
  error tolerance: rtol=0.001, atol=1e-05
Best library so far.
Testing N_win=325 N_cf=5
Windowing:
  config: # windows=325, spacing=1.8545350473093192, CF order=5
  error tolerance: rtol=0.001, atol=1e-05
Best library so far.
Testing N_win=325 N_cf=4
Windowing:
  config: # windows=325, spacing=1.8545350473093192, CF order=4
  error tolerance: rtol=0.001, atol=1e-05
Best library so far.
Testing N_win=325 N_cf=3
Windowing:
  config: # windows=325, spacing=1.8545350473093192, CF order=3
  error tolerance: rtol=0.001, atol=1e-05
Best library so far.
Testing N_win=325 N_cf=2
Windowing:
  config: # windows=325, spacing=1.8545350473093192, CF order=2
  error tolerance: rtol=0.001, atol=1e-05
Best library so far.
Testing N_win=429 N_cf=10
Windowing:
  config: # windows=429, spacing=1.404950793416151, CF order=10
  error tolerance: rtol=0.001, atol=1e-05
Testing N_win=429 N_cf=9
Windowing:
  config: # windows=429, spacing=1.404950793416151, CF order=9
  error tolerance: rtol=0.001, atol=1e-05
Testing N_win=429 N_cf=8
Windowing:
  config: # windows=429, spacing=1.404950793416151, CF order=8
  error tolerance: rtol=0.001, atol=1e-05
Testing N_win=429 N_cf=7
Windowing:
  config: # windows=429, spacing=1.404950793416151, CF order=7
  error tolerance: rtol=0.001, atol=1e-05
Testing N_win=429 N_cf=6
Windowing:
  config: # windows=429, spacing=1.404950793416151, CF order=6
  error tolerance: rtol=0.001, atol=1e-05
Testing N_win=429 N_cf=5
Windowing:
  config: # windows=429, spacing=1.404950793416151, CF order=5
  error tolerance: rtol=0.001, atol=1e-05
Testing N_win=429 N_cf=4
Windowing:
  config: # windows=429, spacing=1.404950793416151, CF order=4
  error tolerance: rtol=0.001, atol=1e-05
Testing N_win=429 N_cf=3
Windowing:
  config: # windows=429, spacing=1.404950793416151, CF order=3
  error tolerance: rtol=0.001, atol=1e-05
Best library so far.
Testing N_win=429 N_cf=2
Windowing:
  config: # windows=429, spacing=1.404950793416151, CF order=2
  error tolerance: rtol=0.001, atol=1e-05
Best library so far.
Testing N_win=534 N_cf=10
Windowing:
  config: # windows=534, spacing=1.1286964239242112, CF order=10
  error tolerance: rtol=0.001, atol=1e-05
Testing N_win=534 N_cf=9
Windowing:
  config: # windows=534, spacing=1.1286964239242112, CF order=9
  error tolerance: rtol=0.001, atol=1e-05
Testing N_win=534 N_cf=8
Windowing:
  config: # windows=534, spacing=1.1286964239242112, CF order=8
  error tolerance: rtol=0.001, atol=1e-05
Testing N_win=534 N_cf=7
Windowing:
  config: # windows=534, spacing=1.1286964239242112, CF order=7
  error tolerance: rtol=0.001, atol=1e-05
Testing N_win=534 N_cf=6
Windowing:
  config: # windows=534, spacing=1.1286964239242112, CF order=6
  error tolerance: rtol=0.001, atol=1e-05
Testing N_win=534 N_cf=5
Windowing:
  config: # windows=534, spacing=1.1286964239242112, CF order=5
  error tolerance: rtol=0.001, atol=1e-05
Testing N_win=534 N_cf=4
Windowing:
  config: # windows=534, spacing=1.1286964239242112, CF order=4
  error tolerance: rtol=0.001, atol=1e-05
Testing N_win=534 N_cf=3
Windowing:
  config: # windows=534, spacing=1.1286964239242112, CF order=3
  error tolerance: rtol=0.001, atol=1e-05
Testing N_win=534 N_cf=2
Windowing:
  config: # windows=534, spacing=1.1286964239242112, CF order=2
  error tolerance: rtol=0.001, atol=1e-05
Best library so far.
Testing N_win=639 N_cf=10
Windowing:
  config: # windows=639, spacing=0.9432298753920638, CF order=10
  error tolerance: rtol=0.001, atol=1e-05
Testing N_win=639 N_cf=9
Windowing:
  config: # windows=639, spacing=0.9432298753920638, CF order=9
  error tolerance: rtol=0.001, atol=1e-05
Testing N_win=639 N_cf=8
Windowing:
  config: # windows=639, spacing=0.9432298753920638, CF order=8
  error tolerance: rtol=0.001, atol=1e-05
Testing N_win=639 N_cf=7
Windowing:
  config: # windows=639, spacing=0.9432298753920638, CF order=7
  error tolerance: rtol=0.001, atol=1e-05
Testing N_win=639 N_cf=6
Windowing:
  config: # windows=639, spacing=0.9432298753920638, CF order=6
  error tolerance: rtol=0.001, atol=1e-05
Testing N_win=639 N_cf=5
Windowing:
  config: # windows=639, spacing=0.9432298753920638, CF order=5
  error tolerance: rtol=0.001, atol=1e-05
Testing N_win=639 N_cf=4
Windowing:
  config: # windows=639, spacing=0.9432298753920638, CF order=4
  error tolerance: rtol=0.001, atol=1e-05
Testing N_win=639 N_cf=3
Windowing:
  config: # windows=639, spacing=0.9432298753920638, CF order=3
  error tolerance: rtol=0.001, atol=1e-05
Testing N_win=639 N_cf=2
Windowing:
  config: # windows=639, spacing=0.9432298753920638, CF order=2
  error tolerance: rtol=0.001, atol=1e-05
Testing N_win=743 N_cf=10
Windowing:
  config: # windows=743, spacing=0.8112030826050185, CF order=10
  error tolerance: rtol=0.001, atol=1e-05
Testing N_win=743 N_cf=9
Windowing:
  config: # windows=743, spacing=0.8112030826050185, CF order=9
  error tolerance: rtol=0.001, atol=1e-05
Testing N_win=743 N_cf=8
Windowing:
  config: # windows=743, spacing=0.8112030826050185, CF order=8
  error tolerance: rtol=0.001, atol=1e-05
Testing N_win=743 N_cf=7
Windowing:
  config: # windows=743, spacing=0.8112030826050185, CF order=7
  error tolerance: rtol=0.001, atol=1e-05
Testing N_win=743 N_cf=6
Windowing:
  config: # windows=743, spacing=0.8112030826050185, CF order=6
  error tolerance: rtol=0.001, atol=1e-05
Testing N_win=743 N_cf=5
Windowing:
  config: # windows=743, spacing=0.8112030826050185, CF order=5
  error tolerance: rtol=0.001, atol=1e-05
Testing N_win=743 N_cf=4
Windowing:
  config: # windows=743, spacing=0.8112030826050185, CF order=4
  error tolerance: rtol=0.001, atol=1e-05
Testing N_win=743 N_cf=3
Windowing:
  config: # windows=743, spacing=0.8112030826050185, CF order=3
  error tolerance: rtol=0.001, atol=1e-05
Testing N_win=743 N_cf=2
Windowing:
  config: # windows=743, spacing=0.8112030826050185, CF order=2
  error tolerance: rtol=0.001, atol=1e-05
Testing N_win=848 N_cf=10
Windowing:
  config: # windows=848, spacing=0.7107593046881235, CF order=10
  error tolerance: rtol=0.001, atol=1e-05
Testing N_win=848 N_cf=9
Windowing:
  config: # windows=848, spacing=0.7107593046881235, CF order=9
  error tolerance: rtol=0.001, atol=1e-05
Testing N_win=848 N_cf=8
Windowing:
  config: # windows=848, spacing=0.7107593046881235, CF order=8
  error tolerance: rtol=0.001, atol=1e-05
Testing N_win=848 N_cf=7
Windowing:
  config: # windows=848, spacing=0.7107593046881235, CF order=7
  error tolerance: rtol=0.001, atol=1e-05
Testing N_win=848 N_cf=6
Windowing:
  config: # windows=848, spacing=0.7107593046881235, CF order=6
  error tolerance: rtol=0.001, atol=1e-05
Testing N_win=848 N_cf=5
Windowing:
  config: # windows=848, spacing=0.7107593046881235, CF order=5
  error tolerance: rtol=0.001, atol=1e-05
Testing N_win=848 N_cf=4
Windowing:
  config: # windows=848, spacing=0.7107593046881235, CF order=4
  error tolerance: rtol=0.001, atol=1e-05
Testing N_win=848 N_cf=3
Windowing:
  config: # windows=848, spacing=0.7107593046881235, CF order=3
  error tolerance: rtol=0.001, atol=1e-05
Testing N_win=848 N_cf=2
Windowing:
  config: # windows=848, spacing=0.7107593046881235, CF order=2
  error tolerance: rtol=0.001, atol=1e-05
Testing N_win=953 N_cf=10
Windowing:
  config: # windows=953, spacing=0.6324489930488234, CF order=10
  error tolerance: rtol=0.001, atol=1e-05
Testing N_win=953 N_cf=9
Windowing:
  config: # windows=953, spacing=0.6324489930488234, CF order=9
  error tolerance: rtol=0.001, atol=1e-05
Testing N_win=953 N_cf=8
Windowing:
  config: # windows=953, spacing=0.6324489930488234, CF order=8
  error tolerance: rtol=0.001, atol=1e-05
Testing N_win=953 N_cf=7
Windowing:
  config: # windows=953, spacing=0.6324489930488234, CF order=7
  error tolerance: rtol=0.001, atol=1e-05
Testing N_win=953 N_cf=6
Windowing:
  config: # windows=953, spacing=0.6324489930488234, CF order=6
  error tolerance: rtol=0.001, atol=1e-05
Testing N_win=953 N_cf=5
Windowing:
  config: # windows=953, spacing=0.6324489930488234, CF order=5
  error tolerance: rtol=0.001, atol=1e-05
Testing N_win=953 N_cf=4
Windowing:
  config: # windows=953, spacing=0.6324489930488234, CF order=4
  error tolerance: rtol=0.001, atol=1e-05
Testing N_win=953 N_cf=3
Windowing:
  config: # windows=953, spacing=0.6324489930488234, CF order=3
  error tolerance: rtol=0.001, atol=1e-05
Testing N_win=953 N_cf=2
Windowing:
  config: # windows=953, spacing=0.6324489930488234, CF order=2
  error tolerance: rtol=0.001, atol=1e-05
Testing N_win=1057 N_cf=10
Windowing:
  config: # windows=1057, spacing=0.5702212775548995, CF order=10
  error tolerance: rtol=0.001, atol=1e-05
Testing N_win=1057 N_cf=9
Windowing:
  config: # windows=1057, spacing=0.5702212775548995, CF order=9
  error tolerance: rtol=0.001, atol=1e-05
Testing N_win=1057 N_cf=8
Windowing:
  config: # windows=1057, spacing=0.5702212775548995, CF order=8
  error tolerance: rtol=0.001, atol=1e-05
Testing N_win=1057 N_cf=7
Windowing:
  config: # windows=1057, spacing=0.5702212775548995, CF order=7
  error tolerance: rtol=0.001, atol=1e-05
Testing N_win=1057 N_cf=6
Windowing:
  config: # windows=1057, spacing=0.5702212775548995, CF order=6
  error tolerance: rtol=0.001, atol=1e-05
Testing N_win=1057 N_cf=5
Windowing:
  config: # windows=1057, spacing=0.5702212775548995, CF order=5
  error tolerance: rtol=0.001, atol=1e-05
Testing N_win=1057 N_cf=4
Windowing:
  config: # windows=1057, spacing=0.5702212775548995, CF order=4
  error tolerance: rtol=0.001, atol=1e-05
Testing N_win=1057 N_cf=3
Windowing:
  config: # windows=1057, spacing=0.5702212775548995, CF order=3
  error tolerance: rtol=0.001, atol=1e-05
Testing N_win=1057 N_cf=2
Windowing:
  config: # windows=1057, spacing=0.5702212775548995, CF order=2
  error tolerance: rtol=0.001, atol=1e-05
Testing N_win=1162 N_cf=10
Windowing:
  config: # windows=1162, spacing=0.5186952584987339, CF order=10
  error tolerance: rtol=0.001, atol=1e-05
Testing N_win=1162 N_cf=9
Windowing:
  config: # windows=1162, spacing=0.5186952584987339, CF order=9
  error tolerance: rtol=0.001, atol=1e-05
Testing N_win=1162 N_cf=8
Windowing:
  config: # windows=1162, spacing=0.5186952584987339, CF order=8
  error tolerance: rtol=0.001, atol=1e-05
Testing N_win=1162 N_cf=7
Windowing:
  config: # windows=1162, spacing=0.5186952584987339, CF order=7
  error tolerance: rtol=0.001, atol=1e-05
Testing N_win=1162 N_cf=6
Windowing:
  config: # windows=1162, spacing=0.5186952584987339, CF order=6
  error tolerance: rtol=0.001, atol=1e-05
Testing N_win=1162 N_cf=5
Windowing:
  config: # windows=1162, spacing=0.5186952584987339, CF order=5
  error tolerance: rtol=0.001, atol=1e-05
Testing N_win=1162 N_cf=4
Windowing:
  config: # windows=1162, spacing=0.5186952584987339, CF order=4
  error tolerance: rtol=0.001, atol=1e-05
Testing N_win=1162 N_cf=3
Windowing:
  config: # windows=1162, spacing=0.5186952584987339, CF order=3
  error tolerance: rtol=0.001, atol=1e-05
Testing N_win=1162 N_cf=2
Windowing:
  config: # windows=1162, spacing=0.5186952584987339, CF order=2
  error tolerance: rtol=0.001, atol=1e-05
Testing N_win=1267 N_cf=10
Windowing:
  config: # windows=1267, spacing=0.47570946359552385, CF order=10
  error tolerance: rtol=0.001, atol=1e-05
Testing N_win=1267 N_cf=9
Windowing:
  config: # windows=1267, spacing=0.47570946359552385, CF order=9
  error tolerance: rtol=0.001, atol=1e-05
Testing N_win=1267 N_cf=8
Windowing:
  config: # windows=1267, spacing=0.47570946359552385, CF order=8
  error tolerance: rtol=0.001, atol=1e-05
Testing N_win=1267 N_cf=7
Windowing:
  config: # windows=1267, spacing=0.47570946359552385, CF order=7
  error tolerance: rtol=0.001, atol=1e-05
Testing N_win=1267 N_cf=6
Windowing:
  config: # windows=1267, spacing=0.47570946359552385, CF order=6
  error tolerance: rtol=0.001, atol=1e-05
Testing N_win=1267 N_cf=5
Windowing:
  config: # windows=1267, spacing=0.47570946359552385, CF order=5
  error tolerance: rtol=0.001, atol=1e-05
Testing N_win=1267 N_cf=4
Windowing:
  config: # windows=1267, spacing=0.47570946359552385, CF order=4
  error tolerance: rtol=0.001, atol=1e-05
Testing N_win=1267 N_cf=3
Windowing:
  config: # windows=1267, spacing=0.47570946359552385, CF order=3
  error tolerance: rtol=0.001, atol=1e-05
Testing N_win=1267 N_cf=2
Windowing:
  config: # windows=1267, spacing=0.47570946359552385, CF order=2
  error tolerance: rtol=0.001, atol=1e-05
Testing N_win=1371 N_cf=10
Windowing:
  config: # windows=1371, spacing=0.43962355242562273, CF order=10
  error tolerance: rtol=0.001, atol=1e-05
Testing N_win=1371 N_cf=9
Windowing:
  config: # windows=1371, spacing=0.43962355242562273, CF order=9
  error tolerance: rtol=0.001, atol=1e-05
Testing N_win=1371 N_cf=8
Windowing:
  config: # windows=1371, spacing=0.43962355242562273, CF order=8
  error tolerance: rtol=0.001, atol=1e-05
Testing N_win=1371 N_cf=7
Windowing:
  config: # windows=1371, spacing=0.43962355242562273, CF order=7
  error tolerance: rtol=0.001, atol=1e-05
Testing N_win=1371 N_cf=6
Windowing:
  config: # windows=1371, spacing=0.43962355242562273, CF order=6
  error tolerance: rtol=0.001, atol=1e-05
Testing N_win=1371 N_cf=5
Windowing:
  config: # windows=1371, spacing=0.43962355242562273, CF order=5
  error tolerance: rtol=0.001, atol=1e-05
Testing N_win=1371 N_cf=4
Windowing:
  config: # windows=1371, spacing=0.43962355242562273, CF order=4
  error tolerance: rtol=0.001, atol=1e-05
Testing N_win=1371 N_cf=3
Windowing:
  config: # windows=1371, spacing=0.43962355242562273, CF order=3
  error tolerance: rtol=0.001, atol=1e-05
Testing N_win=1371 N_cf=2
Windowing:
  config: # windows=1371, spacing=0.43962355242562273, CF order=2
  error tolerance: rtol=0.001, atol=1e-05
Testing N_win=1476 N_cf=10
Windowing:
  config: # windows=1476, spacing=0.408349519224613, CF order=10
  error tolerance: rtol=0.001, atol=1e-05
Testing N_win=1476 N_cf=9
Windowing:
  config: # windows=1476, spacing=0.408349519224613, CF order=9
  error tolerance: rtol=0.001, atol=1e-05
Testing N_win=1476 N_cf=8
Windowing:
  config: # windows=1476, spacing=0.408349519224613, CF order=8
  error tolerance: rtol=0.001, atol=1e-05
Testing N_win=1476 N_cf=7
Windowing:
  config: # windows=1476, spacing=0.408349519224613, CF order=7
  error tolerance: rtol=0.001, atol=1e-05
Testing N_win=1476 N_cf=6
Windowing:
  config: # windows=1476, spacing=0.408349519224613, CF order=6
  error tolerance: rtol=0.001, atol=1e-05
Testing N_win=1476 N_cf=5
Windowing:
  config: # windows=1476, spacing=0.408349519224613, CF order=5
  error tolerance: rtol=0.001, atol=1e-05
Testing N_win=1476 N_cf=4
Windowing:
  config: # windows=1476, spacing=0.408349519224613, CF order=4
  error tolerance: rtol=0.001, atol=1e-05
Testing N_win=1476 N_cf=3
Windowing:
  config: # windows=1476, spacing=0.408349519224613, CF order=3
  error tolerance: rtol=0.001, atol=1e-05
Testing N_win=1476 N_cf=2
Windowing:
  config: # windows=1476, spacing=0.408349519224613, CF order=2
  error tolerance: rtol=0.001, atol=1e-05
Testing N_win=1581 N_cf=10
Windowing:
  config: # windows=1581, spacing=0.3812295321793351, CF order=10
  error tolerance: rtol=0.001, atol=1e-05
Testing N_win=1581 N_cf=9
Windowing:
  config: # windows=1581, spacing=0.3812295321793351, CF order=9
  error tolerance: rtol=0.001, atol=1e-05
Testing N_win=1581 N_cf=8
Windowing:
  config: # windows=1581, spacing=0.3812295321793351, CF order=8
  error tolerance: rtol=0.001, atol=1e-05
Testing N_win=1581 N_cf=7
Windowing:
  config: # windows=1581, spacing=0.3812295321793351, CF order=7
  error tolerance: rtol=0.001, atol=1e-05
Testing N_win=1581 N_cf=6
Windowing:
  config: # windows=1581, spacing=0.3812295321793351, CF order=6
  error tolerance: rtol=0.001, atol=1e-05
Testing N_win=1581 N_cf=5
Windowing:
  config: # windows=1581, spacing=0.3812295321793351, CF order=5
  error tolerance: rtol=0.001, atol=1e-05
Testing N_win=1581 N_cf=4
Windowing:
  config: # windows=1581, spacing=0.3812295321793351, CF order=4
  error tolerance: rtol=0.001, atol=1e-05
Testing N_win=1581 N_cf=3
Windowing:
  config: # windows=1581, spacing=0.3812295321793351, CF order=3
  error tolerance: rtol=0.001, atol=1e-05
Testing N_win=1581 N_cf=2
Windowing:
  config: # windows=1581, spacing=0.3812295321793351, CF order=2
  error tolerance: rtol=0.001, atol=1e-05
Testing N_win=1685 N_cf=10
Windowing:
  config: # windows=1685, spacing=0.35769963820506157, CF order=10
  error tolerance: rtol=0.001, atol=1e-05
Testing N_win=1685 N_cf=9
Windowing:
  config: # windows=1685, spacing=0.35769963820506157, CF order=9
  error tolerance: rtol=0.001, atol=1e-05
Testing N_win=1685 N_cf=8
Windowing:
  config: # windows=1685, spacing=0.35769963820506157, CF order=8
  error tolerance: rtol=0.001, atol=1e-05
Testing N_win=1685 N_cf=7
Windowing:
  config: # windows=1685, spacing=0.35769963820506157, CF order=7
  error tolerance: rtol=0.001, atol=1e-05
Testing N_win=1685 N_cf=6
Windowing:
  config: # windows=1685, spacing=0.35769963820506157, CF order=6
  error tolerance: rtol=0.001, atol=1e-05
Testing N_win=1685 N_cf=5
Windowing:
  config: # windows=1685, spacing=0.35769963820506157, CF order=5
  error tolerance: rtol=0.001, atol=1e-05
Testing N_win=1685 N_cf=4
Windowing:
  config: # windows=1685, spacing=0.35769963820506157, CF order=4
  error tolerance: rtol=0.001, atol=1e-05
Testing N_win=1685 N_cf=3
Windowing:
  config: # windows=1685, spacing=0.35769963820506157, CF order=3
  error tolerance: rtol=0.001, atol=1e-05
Testing N_win=1685 N_cf=2
Windowing:
  config: # windows=1685, spacing=0.35769963820506157, CF order=2
  error tolerance: rtol=0.001, atol=1e-05
Testing N_win=1790 N_cf=10
Windowing:
  config: # windows=1790, spacing=0.3367172571930328, CF order=10
  error tolerance: rtol=0.001, atol=1e-05
Testing N_win=1790 N_cf=9
Windowing:
  config: # windows=1790, spacing=0.3367172571930328, CF order=9
  error tolerance: rtol=0.001, atol=1e-05
Testing N_win=1790 N_cf=8
Windowing:
  config: # windows=1790, spacing=0.3367172571930328, CF order=8
  error tolerance: rtol=0.001, atol=1e-05
Testing N_win=1790 N_cf=7
Windowing:
  config: # windows=1790, spacing=0.3367172571930328, CF order=7
  error tolerance: rtol=0.001, atol=1e-05
Testing N_win=1790 N_cf=6
Windowing:
  config: # windows=1790, spacing=0.3367172571930328, CF order=6
  error tolerance: rtol=0.001, atol=1e-05
Testing N_win=1790 N_cf=5
Windowing:
  config: # windows=1790, spacing=0.3367172571930328, CF order=5
  error tolerance: rtol=0.001, atol=1e-05
Testing N_win=1790 N_cf=4
Windowing:
  config: # windows=1790, spacing=0.3367172571930328, CF order=4
  error tolerance: rtol=0.001, atol=1e-05
Testing N_win=1790 N_cf=3
Windowing:
  config: # windows=1790, spacing=0.3367172571930328, CF order=3
  error tolerance: rtol=0.001, atol=1e-05
Testing N_win=1790 N_cf=2
Windowing:
  config: # windows=1790, spacing=0.3367172571930328, CF order=2
  error tolerance: rtol=0.001, atol=1e-05
Testing N_win=1895 N_cf=10
Windowing:
  config: # windows=1895, spacing=0.31806010046202043, CF order=10
  error tolerance: rtol=0.001, atol=1e-05
Testing N_win=1895 N_cf=9
Windowing:
  config: # windows=1895, spacing=0.31806010046202043, CF order=9
  error tolerance: rtol=0.001, atol=1e-05
Testing N_win=1895 N_cf=8
Windowing:
  config: # windows=1895, spacing=0.31806010046202043, CF order=8
  error tolerance: rtol=0.001, atol=1e-05
Testing N_win=1895 N_cf=7
Windowing:
  config: # windows=1895, spacing=0.31806010046202043, CF order=7
  error tolerance: rtol=0.001, atol=1e-05
Testing N_win=1895 N_cf=6
Windowing:
  config: # windows=1895, spacing=0.31806010046202043, CF order=6
  error tolerance: rtol=0.001, atol=1e-05
Testing N_win=1895 N_cf=5
Windowing:
  config: # windows=1895, spacing=0.31806010046202043, CF order=5
  error tolerance: rtol=0.001, atol=1e-05
Testing N_win=1895 N_cf=4
Windowing:
  config: # windows=1895, spacing=0.31806010046202043, CF order=4
  error tolerance: rtol=0.001, atol=1e-05
Testing N_win=1895 N_cf=3
Windowing:
  config: # windows=1895, spacing=0.31806010046202043, CF order=3
  error tolerance: rtol=0.001, atol=1e-05
Testing N_win=1895 N_cf=2
Windowing:
  config: # windows=1895, spacing=0.31806010046202043, CF order=2
  error tolerance: rtol=0.001, atol=1e-05
Testing N_win=2000 N_cf=10
Windowing:
  config: # windows=2000, spacing=0.3013619451877644, CF order=10
  error tolerance: rtol=0.001, atol=1e-05
Testing N_win=2000 N_cf=9
Windowing:
  config: # windows=2000, spacing=0.3013619451877644, CF order=9
  error tolerance: rtol=0.001, atol=1e-05
Testing N_win=2000 N_cf=8
Windowing:
  config: # windows=2000, spacing=0.3013619451877644, CF order=8
  error tolerance: rtol=0.001, atol=1e-05
Testing N_win=2000 N_cf=7
Windowing:
  config: # windows=2000, spacing=0.3013619451877644, CF order=7
  error tolerance: rtol=0.001, atol=1e-05
Testing N_win=2000 N_cf=6
Windowing:
  config: # windows=2000, spacing=0.3013619451877644, CF order=6
  error tolerance: rtol=0.001, atol=1e-05
Testing N_win=2000 N_cf=5
Windowing:
  config: # windows=2000, spacing=0.3013619451877644, CF order=5
  error tolerance: rtol=0.001, atol=1e-05
Testing N_win=2000 N_cf=4
Windowing:
  config: # windows=2000, spacing=0.3013619451877644, CF order=4
  error tolerance: rtol=0.001, atol=1e-05
Testing N_win=2000 N_cf=3
Windowing:
  config: # windows=2000, spacing=0.3013619451877644, CF order=3
  error tolerance: rtol=0.001, atol=1e-05
Testing N_win=2000 N_cf=2
Windowing:
  config: # windows=2000, spacing=0.3013619451877644, CF order=2
  error tolerance: rtol=0.001, atol=1e-05
Final library: 123 poles, 534 windows, 1.2 poles per window, 2 CF order
