Running NJOY to get 0K point-wise data (error=0.0005)...
Parsing cross sections within resolved resonance range...
  MTs: [2, 27, 102]
  Energy range: 1.000e-05 to 7.000e+05 eV (36763 points)
Vector fitting piece 1/18...
  energy: 1.000e-05 to 2.234e+03 eV (777 points)
  error tolerance: rtol=0.001, atol=1e-05
Found 0 peaks
Fitting orders from 2 to 200
Order=2(0/100)
Order=4(1/100)
Order=6(2/100)
Found ideal results. Stop!
Found 2 real poles and 2 conjugate complex pairs.
Final number of poles: 4
Saved figure: WMP_Lib/Fe54/0-2234_MT2.png
Saved figure: WMP_Lib/Fe54/0-2234_MT27.png
Saved figure: WMP_Lib/Fe54/0-2234_MT102.png
Vector fitting piece 2/18...
  energy: 5.156e+02 to 8.735e+03 eV (547 points)
  error tolerance: rtol=0.001, atol=1e-05
Found 1 peaks
Fitting orders from 2 to 200
Order=2(0/100)
Order=4(1/100)
Order=6(2/100)
Order=8(3/100)
Order=10(4/100)
Order=12(5/100)
Order=14(6/100)
Order=16(7/100)
Order=18(8/100)
Order=20(9/100)
Order=22(10/100)
Order=24(11/100)
Order=26(12/100)
Order=28(13/100)
Order=30(14/100)
Order=32(15/100)
Order=34(16/100)
Order=36(17/100)
Order=38(18/100)
Order=40(19/100)
Order=42(20/100)
Order=44(21/100)
Order=46(22/100)
Order=48(23/100)
Order=50(24/100)
Order=52(25/100)
Order=54(26/100)
Order=56(27/100)
Order=58(28/100)
Order=60(29/100)
Found 0 real poles and 3 conjugate complex pairs.
Final number of poles: 3
Saved figure: WMP_Lib/Fe54/516-8735_MT2.png
Saved figure: WMP_Lib/Fe54/516-8735_MT27.png
Saved figure: WMP_Lib/Fe54/516-8735_MT102.png
Vector fitting piece 3/18...
  energy: 4.812e+03 to 2.000e+04 eV (1639 points)
  error tolerance: rtol=0.001, atol=1e-05
Found 4 peaks
Fitting orders from 8 to 200
Order=8(0/97)
Order=10(1/97)
Order=12(2/97)
Order=14(3/97)
Order=16(4/97)
Order=18(5/97)
Order=20(6/97)
Order=22(7/97)
Order=24(8/97)
Order=26(9/97)
Order=28(10/97)
Order=30(11/97)
Order=32(12/97)
Order=34(13/97)
Order=36(14/97)
Order=38(15/97)
Order=40(16/97)
Order=42(17/97)
Order=44(18/97)
Order=46(19/97)
Order=48(20/97)
Order=50(21/97)
Order=52(22/97)
Order=54(23/97)
Order=56(24/97)
Order=58(25/97)
Order=60(26/97)
Found 2 real poles and 5 conjugate complex pairs.
Final number of poles: 7
Saved figure: WMP_Lib/Fe54/4812-20000_MT2.png
Saved figure: WMP_Lib/Fe54/4812-20000_MT27.png
Saved figure: WMP_Lib/Fe54/4812-20000_MT102.png
Vector fitting piece 4/18...
  energy: 1.343e+04 to 3.542e+04 eV (890 points)
  error tolerance: rtol=0.001, atol=1e-05
Found 2 peaks
Fitting orders from 4 to 200
Order=4(0/99)
Order=6(1/99)
Order=8(2/99)
Order=10(3/99)
Order=12(4/99)
Order=14(5/99)
Order=16(6/99)
Order=18(7/99)
Order=20(8/99)
Order=22(9/99)
Order=24(10/99)
Order=26(11/99)
Order=28(12/99)
Order=30(13/99)
Order=32(14/99)
Order=34(15/99)
Order=36(16/99)
Order=38(17/99)
Order=40(18/99)
Order=42(19/99)
Order=44(20/99)
Order=46(21/99)
Order=48(22/99)
Order=50(23/99)
Order=52(24/99)
Order=54(25/99)
Order=56(26/99)
Order=58(27/99)
Order=60(28/99)
Found 4 real poles and 3 conjugate complex pairs.
Final number of poles: 7
Saved figure: WMP_Lib/Fe54/13428-35422_MT2.png
Saved figure: WMP_Lib/Fe54/13428-35422_MT27.png
Saved figure: WMP_Lib/Fe54/13428-35422_MT102.png
Vector fitting piece 5/18...
  energy: 2.632e+04 to 5.419e+04 eV (1545 points)
  error tolerance: rtol=0.001, atol=1e-05
Found 5 peaks
Fitting orders from 10 to 200
Order=10(0/96)
Order=12(1/96)
Order=14(2/96)
Order=16(3/96)
Order=18(4/96)
Order=20(5/96)
Order=22(6/96)
Order=24(7/96)
Order=26(8/96)
Order=28(9/96)
Order=30(10/96)
Order=32(11/96)
Order=34(12/96)
Order=36(13/96)
Order=38(14/96)
Order=40(15/96)
Order=42(16/96)
Order=44(17/96)
Order=46(18/96)
Order=48(19/96)
Order=50(20/96)
Order=52(21/96)
Order=54(22/96)
Order=56(23/96)
Order=58(24/96)
Order=60(25/96)
Found 4 real poles and 5 conjugate complex pairs.
Final number of poles: 9
Saved figure: WMP_Lib/Fe54/26316-54194_MT2.png
Saved figure: WMP_Lib/Fe54/26316-54194_MT27.png
Saved figure: WMP_Lib/Fe54/26316-54194_MT102.png
Vector fitting piece 6/18...
  energy: 4.355e+04 to 7.804e+04 eV (2097 points)
  error tolerance: rtol=0.001, atol=1e-05
Found 8 peaks
Fitting orders from 16 to 200
Order=16(0/93)
Order=18(1/93)
Order=20(2/93)
Order=22(3/93)
Order=24(4/93)
Order=26(5/93)
Order=28(6/93)
Order=30(7/93)
Order=32(8/93)
Order=34(9/93)
Order=36(10/93)
Order=38(11/93)
Order=40(12/93)
Order=42(13/93)
Order=44(14/93)
Order=46(15/93)
Order=48(16/93)
Order=50(17/93)
Order=52(18/93)
Order=54(19/93)
Order=56(20/93)
Order=58(21/93)
Order=60(22/93)
Found 2 real poles and 9 conjugate complex pairs.
Final number of poles: 11
Saved figure: WMP_Lib/Fe54/43552-78038_MT2.png
Saved figure: WMP_Lib/Fe54/43552-78038_MT27.png
Saved figure: WMP_Lib/Fe54/43552-78038_MT102.png
Vector fitting piece 7/18...
  energy: 6.514e+04 to 1.064e+05 eV (1876 points)
  error tolerance: rtol=0.001, atol=1e-05
Found 8 peaks
Fitting orders from 16 to 200
Order=16(0/93)
Order=18(1/93)
Order=20(2/93)
Order=22(3/93)
Order=24(4/93)
Order=26(5/93)
Order=28(6/93)
Order=30(7/93)
Order=32(8/93)
Order=34(9/93)
Order=36(10/93)
Order=38(11/93)
Order=40(12/93)
Order=42(13/93)
Order=44(14/93)
Order=46(15/93)
Order=48(16/93)
Order=50(17/93)
Order=52(18/93)
Order=54(19/93)
Order=56(20/93)
Order=58(21/93)
Order=60(22/93)
Order=62(23/93)
Order=64(24/93)
Order=66(25/93)
Order=68(26/93)
Order=70(27/93)
Found 1 real poles and 13 conjugate complex pairs.
Final number of poles: 14
Saved figure: WMP_Lib/Fe54/65144-106352_MT2.png
Saved figure: WMP_Lib/Fe54/65144-106352_MT27.png
Saved figure: WMP_Lib/Fe54/65144-106352_MT102.png
Vector fitting piece 8/18...
  energy: 9.110e+04 to 1.386e+05 eV (2445 points)
  error tolerance: rtol=0.001, atol=1e-05
Found 11 peaks
Fitting orders from 22 to 200
Order=22(0/90)
Order=24(1/90)
Order=26(2/90)
Order=28(3/90)
Order=30(4/90)
Order=32(5/90)
Order=34(6/90)
Order=36(7/90)
Order=38(8/90)
Order=40(9/90)
Order=42(10/90)
Order=44(11/90)
Order=46(12/90)
Order=48(13/90)
Order=50(14/90)
Order=52(15/90)
Order=54(16/90)
Order=56(17/90)
Order=58(18/90)
Order=60(19/90)
Order=62(20/90)
Order=64(21/90)
Order=66(22/90)
Order=68(23/90)
Order=70(24/90)
Found 2 real poles and 17 conjugate complex pairs.
Final number of poles: 19
Saved figure: WMP_Lib/Fe54/91095-138557_MT2.png
Saved figure: WMP_Lib/Fe54/91095-138557_MT27.png
Saved figure: WMP_Lib/Fe54/91095-138557_MT102.png
Vector fitting piece 9/18...
  energy: 1.213e+05 to 1.753e+05 eV (2799 points)
  error tolerance: rtol=0.001, atol=1e-05
Found 15 peaks
Fitting orders from 30 to 200
Order=30(0/86)
Order=32(1/86)
Order=34(2/86)
Order=36(3/86)
Order=38(4/86)
Order=40(5/86)
Order=42(6/86)
Order=44(7/86)
Order=46(8/86)
Order=48(9/86)
Order=50(10/86)
Order=52(11/86)
Order=54(12/86)
Order=56(13/86)
Order=58(14/86)
Order=60(15/86)
Found 3 real poles and 25 conjugate complex pairs.
Final number of poles: 28
Saved figure: WMP_Lib/Fe54/121298-175256_MT2.png
Saved figure: WMP_Lib/Fe54/121298-175256_MT27.png
Saved figure: WMP_Lib/Fe54/121298-175256_MT102.png
Vector fitting piece 10/18...
  energy: 1.558e+05 to 2.174e+05 eV (3019 points)
  error tolerance: rtol=0.001, atol=1e-05
Found 17 peaks
Fitting orders from 34 to 200
Order=34(0/84)
Order=36(1/84)
Order=38(2/84)
Order=40(3/84)
Order=42(4/84)
Order=44(5/84)
Order=46(6/84)
Order=48(7/84)
Order=50(8/84)
Order=52(9/84)
Order=54(10/84)
Order=56(11/84)
Order=58(12/84)
Order=60(13/84)
Order=62(14/84)
Found 2 real poles and 25 conjugate complex pairs.
Final number of poles: 27
Saved figure: WMP_Lib/Fe54/155831-217392_MT2.png
Saved figure: WMP_Lib/Fe54/155831-217392_MT27.png
Saved figure: WMP_Lib/Fe54/155831-217392_MT102.png
Vector fitting piece 11/18...
  energy: 1.947e+05 to 2.618e+05 eV (2942 points)
  error tolerance: rtol=0.001, atol=1e-05
Found 21 peaks
Fitting orders from 42 to 200
Order=42(0/80)
Order=44(1/80)
Order=46(2/80)
Order=48(3/80)
Order=50(4/80)
Order=52(5/80)
Order=54(6/80)
Order=56(7/80)
Order=58(8/80)
Order=60(9/80)
Order=62(10/80)
Order=64(11/80)
Order=66(12/80)
Order=68(13/80)
Order=70(14/80)
Order=72(15/80)
Order=74(16/80)
Found 5 real poles and 25 conjugate complex pairs.
Final number of poles: 30
Saved figure: WMP_Lib/Fe54/194737-261809_MT2.png
Saved figure: WMP_Lib/Fe54/194737-261809_MT27.png
Saved figure: WMP_Lib/Fe54/194737-261809_MT102.png
Vector fitting piece 12/18...
  energy: 2.379e+05 to 3.115e+05 eV (3256 points)
  error tolerance: rtol=0.001, atol=1e-05
Found 23 peaks
Fitting orders from 46 to 200
Order=46(0/78)
Order=48(1/78)
Order=50(2/78)
Order=52(3/78)
Order=54(4/78)
Order=56(5/78)
Order=58(6/78)
Order=60(7/78)
Order=62(8/78)
Order=64(9/78)
Order=66(10/78)
Order=68(11/78)
Order=70(12/78)
Order=72(13/78)
Order=74(14/78)
Order=76(15/78)
Order=78(16/78)
Order=80(17/78)
Found 4 real poles and 28 conjugate complex pairs.
Final number of poles: 32
Saved figure: WMP_Lib/Fe54/237921-311461_MT2.png
Saved figure: WMP_Lib/Fe54/237921-311461_MT27.png
Saved figure: WMP_Lib/Fe54/237921-311461_MT102.png
Vector fitting piece 13/18...
  energy: 2.853e+05 to 3.655e+05 eV (3430 points)
  error tolerance: rtol=0.001, atol=1e-05
Found 22 peaks
Fitting orders from 44 to 200
Order=44(0/79)
Order=46(1/79)
Order=48(2/79)
Order=50(3/79)
Order=52(4/79)
Order=54(5/79)
Order=56(6/79)
Order=58(7/79)
Order=60(8/79)
Order=62(9/79)
Order=64(10/79)
Order=66(11/79)
Order=68(12/79)
Found 2 real poles and 28 conjugate complex pairs.
Final number of poles: 30
Saved figure: WMP_Lib/Fe54/285334-365525_MT2.png
Saved figure: WMP_Lib/Fe54/285334-365525_MT27.png
Saved figure: WMP_Lib/Fe54/285334-365525_MT102.png
Vector fitting piece 14/18...
  energy: 3.372e+05 to 4.239e+05 eV (4430 points)
  error tolerance: rtol=0.001, atol=1e-05
Found 29 peaks
Fitting orders from 58 to 200
Order=58(0/72)
Order=60(1/72)
Order=62(2/72)
Order=64(3/72)
Order=66(4/72)
Order=68(5/72)
Order=70(6/72)
Order=72(7/72)
Order=74(8/72)
Order=76(9/72)
Order=78(10/72)
Order=80(11/72)
Order=82(12/72)
Order=84(13/72)
Order=86(14/72)
Found 4 real poles and 31 conjugate complex pairs.
Final number of poles: 35
Saved figure: WMP_Lib/Fe54/337247-423879_MT2.png
Saved figure: WMP_Lib/Fe54/337247-423879_MT27.png
Saved figure: WMP_Lib/Fe54/337247-423879_MT102.png
Vector fitting piece 15/18...
  energy: 3.933e+05 to 4.866e+05 eV (5156 points)
  error tolerance: rtol=0.001, atol=1e-05
Found 36 peaks
Fitting orders from 72 to 200
Order=72(0/65)
Order=74(1/65)
Order=76(2/65)
Order=78(3/65)
Order=80(4/65)
Order=82(5/65)
Order=84(6/65)
Order=86(7/65)
Order=88(8/65)
Order=90(9/65)
Found 4 real poles and 38 conjugate complex pairs.
Final number of poles: 42
Saved figure: WMP_Lib/Fe54/393325-486574_MT2.png
Saved figure: WMP_Lib/Fe54/393325-486574_MT27.png
Saved figure: WMP_Lib/Fe54/393325-486574_MT102.png
Vector fitting piece 16/18...
  energy: 4.538e+05 to 5.535e+05 eV (5708 points)
  error tolerance: rtol=0.001, atol=1e-05
Found 42 peaks
Fitting orders from 84 to 200
Order=84(0/59)
Order=86(1/59)
Order=88(2/59)
Order=90(3/59)
Order=92(4/59)
Order=94(5/59)
Order=96(6/59)
Order=98(7/59)
Order=100(8/59)
Order=102(9/59)
Order=104(10/59)
Found 2 real poles and 46 conjugate complex pairs.
Final number of poles: 48
Saved figure: WMP_Lib/Fe54/453850-553546_MT2.png
Saved figure: WMP_Lib/Fe54/453850-553546_MT27.png
Saved figure: WMP_Lib/Fe54/453850-553546_MT102.png
Vector fitting piece 17/18...
  energy: 5.186e+05 to 6.249e+05 eV (5768 points)
  error tolerance: rtol=0.001, atol=1e-05
Found 43 peaks
Fitting orders from 86 to 200
Order=86(0/58)
Order=88(1/58)
Order=90(2/58)
Order=92(3/58)
Order=94(4/58)
Order=96(5/58)
Order=98(6/58)
Order=100(7/58)
Order=102(8/58)
Order=104(9/58)
Found 4 real poles and 45 conjugate complex pairs.
Final number of poles: 49
Saved figure: WMP_Lib/Fe54/518646-624869_MT2.png
Saved figure: WMP_Lib/Fe54/518646-624869_MT27.png
Saved figure: WMP_Lib/Fe54/518646-624869_MT102.png
Vector fitting piece 18/18...
  energy: 5.878e+05 to 7.000e+05 eV (5501 points)
  error tolerance: rtol=0.001, atol=1e-05
Found 45 peaks
Fitting orders from 90 to 200
Order=90(0/56)
Order=92(1/56)
Order=94(2/56)
Order=96(3/56)
Order=98(4/56)
Order=100(5/56)
Order=102(6/56)
Order=104(7/56)
Order=106(8/56)
Order=108(9/56)
Found 2 real poles and 48 conjugate complex pairs.
Final number of poles: 50
Saved figure: WMP_Lib/Fe54/587764-700000_MT2.png
Saved figure: WMP_Lib/Fe54/587764-700000_MT27.png
Saved figure: WMP_Lib/Fe54/587764-700000_MT102.png
Dumped multipole data to file: WMP_Lib/Fe54/Fe54_mp.pickle
Start searching ...
Testing N_win=22 N_cf=10
Windowing:
  config: # windows=22, spacing=38.02985474977194, CF order=10
  error tolerance: rtol=0.001, atol=1e-05
Failed: Pure curvefit failed for the first window!
Testing N_win=126 N_cf=10
Windowing:
  config: # windows=126, spacing=6.6401333690078, CF order=10
  error tolerance: rtol=0.001, atol=1e-05
Best library so far.
Testing N_win=126 N_cf=9
Windowing:
  config: # windows=126, spacing=6.6401333690078, CF order=9
  error tolerance: rtol=0.001, atol=1e-05
Best library so far.
Testing N_win=126 N_cf=8
Windowing:
  config: # windows=126, spacing=6.6401333690078, CF order=8
  error tolerance: rtol=0.001, atol=1e-05
Best library so far.
Testing N_win=126 N_cf=7
Windowing:
  config: # windows=126, spacing=6.6401333690078, CF order=7
  error tolerance: rtol=0.001, atol=1e-05
Best library so far.
Testing N_win=126 N_cf=6
Windowing:
  config: # windows=126, spacing=6.6401333690078, CF order=6
  error tolerance: rtol=0.001, atol=1e-05
Best library so far.
Testing N_win=126 N_cf=5
Windowing:
  config: # windows=126, spacing=6.6401333690078, CF order=5
  error tolerance: rtol=0.001, atol=1e-05
Best library so far.
Testing N_win=126 N_cf=4
Windowing:
  config: # windows=126, spacing=6.6401333690078, CF order=4
  error tolerance: rtol=0.001, atol=1e-05
Testing N_win=126 N_cf=3
Windowing:
  config: # windows=126, spacing=6.6401333690078, CF order=3
  error tolerance: rtol=0.001, atol=1e-05
Failed: Pure curvefit failed for the first window!
Testing N_win=230 N_cf=10
Windowing:
  config: # windows=230, spacing=3.6376382804129688, CF order=10
  error tolerance: rtol=0.001, atol=1e-05
Best library so far.
Testing N_win=230 N_cf=9
Windowing:
  config: # windows=230, spacing=3.6376382804129688, CF order=9
  error tolerance: rtol=0.001, atol=1e-05
Best library so far.
Testing N_win=230 N_cf=8
Windowing:
  config: # windows=230, spacing=3.6376382804129688, CF order=8
  error tolerance: rtol=0.001, atol=1e-05
Best library so far.
Testing N_win=230 N_cf=7
Windowing:
  config: # windows=230, spacing=3.6376382804129688, CF order=7
  error tolerance: rtol=0.001, atol=1e-05
Best library so far.
Testing N_win=230 N_cf=6
Windowing:
  config: # windows=230, spacing=3.6376382804129688, CF order=6
  error tolerance: rtol=0.001, atol=1e-05
Best library so far.
Testing N_win=230 N_cf=5
Windowing:
  config: # windows=230, spacing=3.6376382804129688, CF order=5
  error tolerance: rtol=0.001, atol=1e-05
Best library so far.
Testing N_win=230 N_cf=4
Windowing:
  config: # windows=230, spacing=3.6376382804129688, CF order=4
  error tolerance: rtol=0.001, atol=1e-05
Best library so far.
Testing N_win=230 N_cf=3
Windowing:
  config: # windows=230, spacing=3.6376382804129688, CF order=3
  error tolerance: rtol=0.001, atol=1e-05
Testing N_win=230 N_cf=2
Windowing:
  config: # windows=230, spacing=3.6376382804129688, CF order=2
  error tolerance: rtol=0.001, atol=1e-05
Failed: Pure curvefit failed for the first window!
Testing N_win=334 N_cf=10
Windowing:
  config: # windows=334, spacing=2.5049604924999485, CF order=10
  error tolerance: rtol=0.001, atol=1e-05
Best library so far.
Testing N_win=334 N_cf=9
Windowing:
  config: # windows=334, spacing=2.5049604924999485, CF order=9
  error tolerance: rtol=0.001, atol=1e-05
Best library so far.
Testing N_win=334 N_cf=8
Windowing:
  config: # windows=334, spacing=2.5049604924999485, CF order=8
  error tolerance: rtol=0.001, atol=1e-05
Best library so far.
Testing N_win=334 N_cf=7
Windowing:
  config: # windows=334, spacing=2.5049604924999485, CF order=7
  error tolerance: rtol=0.001, atol=1e-05
Best library so far.
Testing N_win=334 N_cf=6
Windowing:
  config: # windows=334, spacing=2.5049604924999485, CF order=6
  error tolerance: rtol=0.001, atol=1e-05
Best library so far.
Testing N_win=334 N_cf=5
Windowing:
  config: # windows=334, spacing=2.5049604924999485, CF order=5
  error tolerance: rtol=0.001, atol=1e-05
Best library so far.
Testing N_win=334 N_cf=4
Windowing:
  config: # windows=334, spacing=2.5049604924999485, CF order=4
  error tolerance: rtol=0.001, atol=1e-05
Best library so far.
Testing N_win=334 N_cf=3
Windowing:
  config: # windows=334, spacing=2.5049604924999485, CF order=3
  error tolerance: rtol=0.001, atol=1e-05
Best library so far.
Testing N_win=334 N_cf=2
Windowing:
  config: # windows=334, spacing=2.5049604924999485, CF order=2
  error tolerance: rtol=0.001, atol=1e-05
Best library so far.
Testing N_win=438 N_cf=10
Windowing:
  config: # windows=438, spacing=1.9101753527282712, CF order=10
  error tolerance: rtol=0.001, atol=1e-05
Testing N_win=438 N_cf=9
Windowing:
  config: # windows=438, spacing=1.9101753527282712, CF order=9
  error tolerance: rtol=0.001, atol=1e-05
Testing N_win=438 N_cf=8
Windowing:
  config: # windows=438, spacing=1.9101753527282712, CF order=8
  error tolerance: rtol=0.001, atol=1e-05
Testing N_win=438 N_cf=7
Windowing:
  config: # windows=438, spacing=1.9101753527282712, CF order=7
  error tolerance: rtol=0.001, atol=1e-05
Testing N_win=438 N_cf=6
Windowing:
  config: # windows=438, spacing=1.9101753527282712, CF order=6
  error tolerance: rtol=0.001, atol=1e-05
Testing N_win=438 N_cf=5
Windowing:
  config: # windows=438, spacing=1.9101753527282712, CF order=5
  error tolerance: rtol=0.001, atol=1e-05
Testing N_win=438 N_cf=4
Windowing:
  config: # windows=438, spacing=1.9101753527282712, CF order=4
  error tolerance: rtol=0.001, atol=1e-05
Testing N_win=438 N_cf=3
Windowing:
  config: # windows=438, spacing=1.9101753527282712, CF order=3
  error tolerance: rtol=0.001, atol=1e-05
Testing N_win=438 N_cf=2
Windowing:
  config: # windows=438, spacing=1.9101753527282712, CF order=2
  error tolerance: rtol=0.001, atol=1e-05
Testing N_win=542 N_cf=10
Windowing:
  config: # windows=542, spacing=1.543647240765651, CF order=10
  error tolerance: rtol=0.001, atol=1e-05
Testing N_win=542 N_cf=9
Windowing:
  config: # windows=542, spacing=1.543647240765651, CF order=9
  error tolerance: rtol=0.001, atol=1e-05
Testing N_win=542 N_cf=8
Windowing:
  config: # windows=542, spacing=1.543647240765651, CF order=8
  error tolerance: rtol=0.001, atol=1e-05
Testing N_win=542 N_cf=7
Windowing:
  config: # windows=542, spacing=1.543647240765651, CF order=7
  error tolerance: rtol=0.001, atol=1e-05
Testing N_win=542 N_cf=6
Windowing:
  config: # windows=542, spacing=1.543647240765651, CF order=6
  error tolerance: rtol=0.001, atol=1e-05
Testing N_win=542 N_cf=5
Windowing:
  config: # windows=542, spacing=1.543647240765651, CF order=5
  error tolerance: rtol=0.001, atol=1e-05
Testing N_win=542 N_cf=4
Windowing:
  config: # windows=542, spacing=1.543647240765651, CF order=4
  error tolerance: rtol=0.001, atol=1e-05
Testing N_win=542 N_cf=3
Windowing:
  config: # windows=542, spacing=1.543647240765651, CF order=3
  error tolerance: rtol=0.001, atol=1e-05
Testing N_win=542 N_cf=2
Windowing:
  config: # windows=542, spacing=1.543647240765651, CF order=2
  error tolerance: rtol=0.001, atol=1e-05
Testing N_win=646 N_cf=10
Windowing:
  config: # windows=646, spacing=1.2951343722832551, CF order=10
  error tolerance: rtol=0.001, atol=1e-05
Testing N_win=646 N_cf=9
Windowing:
  config: # windows=646, spacing=1.2951343722832551, CF order=9
  error tolerance: rtol=0.001, atol=1e-05
Testing N_win=646 N_cf=8
Windowing:
  config: # windows=646, spacing=1.2951343722832551, CF order=8
  error tolerance: rtol=0.001, atol=1e-05
Testing N_win=646 N_cf=7
Windowing:
  config: # windows=646, spacing=1.2951343722832551, CF order=7
  error tolerance: rtol=0.001, atol=1e-05
Testing N_win=646 N_cf=6
Windowing:
  config: # windows=646, spacing=1.2951343722832551, CF order=6
  error tolerance: rtol=0.001, atol=1e-05
Testing N_win=646 N_cf=5
Windowing:
  config: # windows=646, spacing=1.2951343722832551, CF order=5
  error tolerance: rtol=0.001, atol=1e-05
Testing N_win=646 N_cf=4
Windowing:
  config: # windows=646, spacing=1.2951343722832551, CF order=4
  error tolerance: rtol=0.001, atol=1e-05
Testing N_win=646 N_cf=3
Windowing:
  config: # windows=646, spacing=1.2951343722832551, CF order=3
  error tolerance: rtol=0.001, atol=1e-05
Testing N_win=646 N_cf=2
Windowing:
  config: # windows=646, spacing=1.2951343722832551, CF order=2
  error tolerance: rtol=0.001, atol=1e-05
Testing N_win=750 N_cf=10
Windowing:
  config: # windows=750, spacing=1.1155424059933103, CF order=10
  error tolerance: rtol=0.001, atol=1e-05
Testing N_win=750 N_cf=9
Windowing:
  config: # windows=750, spacing=1.1155424059933103, CF order=9
  error tolerance: rtol=0.001, atol=1e-05
Testing N_win=750 N_cf=8
Windowing:
  config: # windows=750, spacing=1.1155424059933103, CF order=8
  error tolerance: rtol=0.001, atol=1e-05
Testing N_win=750 N_cf=7
Windowing:
  config: # windows=750, spacing=1.1155424059933103, CF order=7
  error tolerance: rtol=0.001, atol=1e-05
Testing N_win=750 N_cf=6
Windowing:
  config: # windows=750, spacing=1.1155424059933103, CF order=6
  error tolerance: rtol=0.001, atol=1e-05
Testing N_win=750 N_cf=5
Windowing:
  config: # windows=750, spacing=1.1155424059933103, CF order=5
  error tolerance: rtol=0.001, atol=1e-05
Testing N_win=750 N_cf=4
Windowing:
  config: # windows=750, spacing=1.1155424059933103, CF order=4
  error tolerance: rtol=0.001, atol=1e-05
Testing N_win=750 N_cf=3
Windowing:
  config: # windows=750, spacing=1.1155424059933103, CF order=3
  error tolerance: rtol=0.001, atol=1e-05
Testing N_win=750 N_cf=2
Windowing:
  config: # windows=750, spacing=1.1155424059933103, CF order=2
  error tolerance: rtol=0.001, atol=1e-05
Testing N_win=854 N_cf=10
Windowing:
  config: # windows=854, spacing=0.9796918085421344, CF order=10
  error tolerance: rtol=0.001, atol=1e-05
Testing N_win=854 N_cf=9
Windowing:
  config: # windows=854, spacing=0.9796918085421344, CF order=9
  error tolerance: rtol=0.001, atol=1e-05
Testing N_win=854 N_cf=8
Windowing:
  config: # windows=854, spacing=0.9796918085421344, CF order=8
  error tolerance: rtol=0.001, atol=1e-05
Testing N_win=854 N_cf=7
Windowing:
  config: # windows=854, spacing=0.9796918085421344, CF order=7
  error tolerance: rtol=0.001, atol=1e-05
Testing N_win=854 N_cf=6
Windowing:
  config: # windows=854, spacing=0.9796918085421344, CF order=6
  error tolerance: rtol=0.001, atol=1e-05
Testing N_win=854 N_cf=5
Windowing:
  config: # windows=854, spacing=0.9796918085421344, CF order=5
  error tolerance: rtol=0.001, atol=1e-05
Testing N_win=854 N_cf=4
Windowing:
  config: # windows=854, spacing=0.9796918085421344, CF order=4
  error tolerance: rtol=0.001, atol=1e-05
Testing N_win=854 N_cf=3
Windowing:
  config: # windows=854, spacing=0.9796918085421344, CF order=3
  error tolerance: rtol=0.001, atol=1e-05
Testing N_win=854 N_cf=2
Windowing:
  config: # windows=854, spacing=0.9796918085421344, CF order=2
  error tolerance: rtol=0.001, atol=1e-05
Best library so far.
Testing N_win=958 N_cf=10
Windowing:
  config: # windows=958, spacing=0.8733369566753474, CF order=10
  error tolerance: rtol=0.001, atol=1e-05
Testing N_win=958 N_cf=9
Windowing:
  config: # windows=958, spacing=0.8733369566753474, CF order=9
  error tolerance: rtol=0.001, atol=1e-05
Testing N_win=958 N_cf=8
Windowing:
  config: # windows=958, spacing=0.8733369566753474, CF order=8
  error tolerance: rtol=0.001, atol=1e-05
Testing N_win=958 N_cf=7
Windowing:
  config: # windows=958, spacing=0.8733369566753474, CF order=7
  error tolerance: rtol=0.001, atol=1e-05
Testing N_win=958 N_cf=6
Windowing:
  config: # windows=958, spacing=0.8733369566753474, CF order=6
  error tolerance: rtol=0.001, atol=1e-05
Testing N_win=958 N_cf=5
Windowing:
  config: # windows=958, spacing=0.8733369566753474, CF order=5
  error tolerance: rtol=0.001, atol=1e-05
Testing N_win=958 N_cf=4
Windowing:
  config: # windows=958, spacing=0.8733369566753474, CF order=4
  error tolerance: rtol=0.001, atol=1e-05
Testing N_win=958 N_cf=3
Windowing:
  config: # windows=958, spacing=0.8733369566753474, CF order=3
  error tolerance: rtol=0.001, atol=1e-05
Best library so far.
Testing N_win=958 N_cf=2
Windowing:
  config: # windows=958, spacing=0.8733369566753474, CF order=2
  error tolerance: rtol=0.001, atol=1e-05
Best library so far.
Testing N_win=1063 N_cf=10
Windowing:
  config: # windows=1063, spacing=0.7870713118485256, CF order=10
  error tolerance: rtol=0.001, atol=1e-05
Testing N_win=1063 N_cf=9
Windowing:
  config: # windows=1063, spacing=0.7870713118485256, CF order=9
  error tolerance: rtol=0.001, atol=1e-05
Testing N_win=1063 N_cf=8
Windowing:
  config: # windows=1063, spacing=0.7870713118485256, CF order=8
  error tolerance: rtol=0.001, atol=1e-05
Testing N_win=1063 N_cf=7
Windowing:
  config: # windows=1063, spacing=0.7870713118485256, CF order=7
  error tolerance: rtol=0.001, atol=1e-05
Testing N_win=1063 N_cf=6
Windowing:
  config: # windows=1063, spacing=0.7870713118485256, CF order=6
  error tolerance: rtol=0.001, atol=1e-05
Testing N_win=1063 N_cf=5
Windowing:
  config: # windows=1063, spacing=0.7870713118485256, CF order=5
  error tolerance: rtol=0.001, atol=1e-05
Testing N_win=1063 N_cf=4
Windowing:
  config: # windows=1063, spacing=0.7870713118485256, CF order=4
  error tolerance: rtol=0.001, atol=1e-05
Testing N_win=1063 N_cf=3
Windowing:
  config: # windows=1063, spacing=0.7870713118485256, CF order=3
  error tolerance: rtol=0.001, atol=1e-05
Testing N_win=1063 N_cf=2
Windowing:
  config: # windows=1063, spacing=0.7870713118485256, CF order=2
  error tolerance: rtol=0.001, atol=1e-05
Best library so far.
Testing N_win=1167 N_cf=10
Windowing:
  config: # windows=1167, spacing=0.7169295668337471, CF order=10
  error tolerance: rtol=0.001, atol=1e-05
Testing N_win=1167 N_cf=9
Windowing:
  config: # windows=1167, spacing=0.7169295668337471, CF order=9
  error tolerance: rtol=0.001, atol=1e-05
Testing N_win=1167 N_cf=8
Windowing:
  config: # windows=1167, spacing=0.7169295668337471, CF order=8
  error tolerance: rtol=0.001, atol=1e-05
Testing N_win=1167 N_cf=7
Windowing:
  config: # windows=1167, spacing=0.7169295668337471, CF order=7
  error tolerance: rtol=0.001, atol=1e-05
Testing N_win=1167 N_cf=6
Windowing:
  config: # windows=1167, spacing=0.7169295668337471, CF order=6
  error tolerance: rtol=0.001, atol=1e-05
Testing N_win=1167 N_cf=5
Windowing:
  config: # windows=1167, spacing=0.7169295668337471, CF order=5
  error tolerance: rtol=0.001, atol=1e-05
Testing N_win=1167 N_cf=4
Windowing:
  config: # windows=1167, spacing=0.7169295668337471, CF order=4
  error tolerance: rtol=0.001, atol=1e-05
Testing N_win=1167 N_cf=3
Windowing:
  config: # windows=1167, spacing=0.7169295668337471, CF order=3
  error tolerance: rtol=0.001, atol=1e-05
Testing N_win=1167 N_cf=2
Windowing:
  config: # windows=1167, spacing=0.7169295668337471, CF order=2
  error tolerance: rtol=0.001, atol=1e-05
Best library so far.
Testing N_win=1271 N_cf=10
Windowing:
  config: # windows=1271, spacing=0.6582665652989637, CF order=10
  error tolerance: rtol=0.001, atol=1e-05
Testing N_win=1271 N_cf=9
Windowing:
  config: # windows=1271, spacing=0.6582665652989637, CF order=9
  error tolerance: rtol=0.001, atol=1e-05
Testing N_win=1271 N_cf=8
Windowing:
  config: # windows=1271, spacing=0.6582665652989637, CF order=8
  error tolerance: rtol=0.001, atol=1e-05
Testing N_win=1271 N_cf=7
Windowing:
  config: # windows=1271, spacing=0.6582665652989637, CF order=7
  error tolerance: rtol=0.001, atol=1e-05
Testing N_win=1271 N_cf=6
Windowing:
  config: # windows=1271, spacing=0.6582665652989637, CF order=6
  error tolerance: rtol=0.001, atol=1e-05
Testing N_win=1271 N_cf=5
Windowing:
  config: # windows=1271, spacing=0.6582665652989637, CF order=5
  error tolerance: rtol=0.001, atol=1e-05
Testing N_win=1271 N_cf=4
Windowing:
  config: # windows=1271, spacing=0.6582665652989637, CF order=4
  error tolerance: rtol=0.001, atol=1e-05
Testing N_win=1271 N_cf=3
Windowing:
  config: # windows=1271, spacing=0.6582665652989637, CF order=3
  error tolerance: rtol=0.001, atol=1e-05
Testing N_win=1271 N_cf=2
Windowing:
  config: # windows=1271, spacing=0.6582665652989637, CF order=2
  error tolerance: rtol=0.001, atol=1e-05
Testing N_win=1375 N_cf=10
Windowing:
  config: # windows=1375, spacing=0.6084776759963512, CF order=10
  error tolerance: rtol=0.001, atol=1e-05
Testing N_win=1375 N_cf=9
Windowing:
  config: # windows=1375, spacing=0.6084776759963512, CF order=9
  error tolerance: rtol=0.001, atol=1e-05
Testing N_win=1375 N_cf=8
Windowing:
  config: # windows=1375, spacing=0.6084776759963512, CF order=8
  error tolerance: rtol=0.001, atol=1e-05
Testing N_win=1375 N_cf=7
Windowing:
  config: # windows=1375, spacing=0.6084776759963512, CF order=7
  error tolerance: rtol=0.001, atol=1e-05
Testing N_win=1375 N_cf=6
Windowing:
  config: # windows=1375, spacing=0.6084776759963512, CF order=6
  error tolerance: rtol=0.001, atol=1e-05
Testing N_win=1375 N_cf=5
Windowing:
  config: # windows=1375, spacing=0.6084776759963512, CF order=5
  error tolerance: rtol=0.001, atol=1e-05
Testing N_win=1375 N_cf=4
Windowing:
  config: # windows=1375, spacing=0.6084776759963512, CF order=4
  error tolerance: rtol=0.001, atol=1e-05
Testing N_win=1375 N_cf=3
Windowing:
  config: # windows=1375, spacing=0.6084776759963512, CF order=3
  error tolerance: rtol=0.001, atol=1e-05
Testing N_win=1375 N_cf=2
Windowing:
  config: # windows=1375, spacing=0.6084776759963512, CF order=2
  error tolerance: rtol=0.001, atol=1e-05
Testing N_win=1479 N_cf=10
Windowing:
  config: # windows=1479, spacing=0.5656908752501574, CF order=10
  error tolerance: rtol=0.001, atol=1e-05
Testing N_win=1479 N_cf=9
Windowing:
  config: # windows=1479, spacing=0.5656908752501574, CF order=9
  error tolerance: rtol=0.001, atol=1e-05
Testing N_win=1479 N_cf=8
Windowing:
  config: # windows=1479, spacing=0.5656908752501574, CF order=8
  error tolerance: rtol=0.001, atol=1e-05
Testing N_win=1479 N_cf=7
Windowing:
  config: # windows=1479, spacing=0.5656908752501574, CF order=7
  error tolerance: rtol=0.001, atol=1e-05
Testing N_win=1479 N_cf=6
Windowing:
  config: # windows=1479, spacing=0.5656908752501574, CF order=6
  error tolerance: rtol=0.001, atol=1e-05
Testing N_win=1479 N_cf=5
Windowing:
  config: # windows=1479, spacing=0.5656908752501574, CF order=5
  error tolerance: rtol=0.001, atol=1e-05
Testing N_win=1479 N_cf=4
Windowing:
  config: # windows=1479, spacing=0.5656908752501574, CF order=4
  error tolerance: rtol=0.001, atol=1e-05
Testing N_win=1479 N_cf=3
Windowing:
  config: # windows=1479, spacing=0.5656908752501574, CF order=3
  error tolerance: rtol=0.001, atol=1e-05
Testing N_win=1479 N_cf=2
Windowing:
  config: # windows=1479, spacing=0.5656908752501574, CF order=2
  error tolerance: rtol=0.001, atol=1e-05
Testing N_win=1583 N_cf=10
Windowing:
  config: # windows=1583, spacing=0.5285260925426297, CF order=10
  error tolerance: rtol=0.001, atol=1e-05
Testing N_win=1583 N_cf=9
Windowing:
  config: # windows=1583, spacing=0.5285260925426297, CF order=9
  error tolerance: rtol=0.001, atol=1e-05
Testing N_win=1583 N_cf=8
Windowing:
  config: # windows=1583, spacing=0.5285260925426297, CF order=8
  error tolerance: rtol=0.001, atol=1e-05
Testing N_win=1583 N_cf=7
Windowing:
  config: # windows=1583, spacing=0.5285260925426297, CF order=7
  error tolerance: rtol=0.001, atol=1e-05
Testing N_win=1583 N_cf=6
Windowing:
  config: # windows=1583, spacing=0.5285260925426297, CF order=6
  error tolerance: rtol=0.001, atol=1e-05
Testing N_win=1583 N_cf=5
Windowing:
  config: # windows=1583, spacing=0.5285260925426297, CF order=5
  error tolerance: rtol=0.001, atol=1e-05
Testing N_win=1583 N_cf=4
Windowing:
  config: # windows=1583, spacing=0.5285260925426297, CF order=4
  error tolerance: rtol=0.001, atol=1e-05
Testing N_win=1583 N_cf=3
Windowing:
  config: # windows=1583, spacing=0.5285260925426297, CF order=3
  error tolerance: rtol=0.001, atol=1e-05
Testing N_win=1583 N_cf=2
Windowing:
  config: # windows=1583, spacing=0.5285260925426297, CF order=2
  error tolerance: rtol=0.001, atol=1e-05
Testing N_win=1687 N_cf=10
Windowing:
  config: # windows=1687, spacing=0.4959435711292133, CF order=10
  error tolerance: rtol=0.001, atol=1e-05
Testing N_win=1687 N_cf=9
Windowing:
  config: # windows=1687, spacing=0.4959435711292133, CF order=9
  error tolerance: rtol=0.001, atol=1e-05
Testing N_win=1687 N_cf=8
Windowing:
  config: # windows=1687, spacing=0.4959435711292133, CF order=8
  error tolerance: rtol=0.001, atol=1e-05
Testing N_win=1687 N_cf=7
Windowing:
  config: # windows=1687, spacing=0.4959435711292133, CF order=7
  error tolerance: rtol=0.001, atol=1e-05
Testing N_win=1687 N_cf=6
Windowing:
  config: # windows=1687, spacing=0.4959435711292133, CF order=6
  error tolerance: rtol=0.001, atol=1e-05
Testing N_win=1687 N_cf=5
Windowing:
  config: # windows=1687, spacing=0.4959435711292133, CF order=5
  error tolerance: rtol=0.001, atol=1e-05
Testing N_win=1687 N_cf=4
Windowing:
  config: # windows=1687, spacing=0.4959435711292133, CF order=4
  error tolerance: rtol=0.001, atol=1e-05
Testing N_win=1687 N_cf=3
Windowing:
  config: # windows=1687, spacing=0.4959435711292133, CF order=3
  error tolerance: rtol=0.001, atol=1e-05
Testing N_win=1687 N_cf=2
Windowing:
  config: # windows=1687, spacing=0.4959435711292133, CF order=2
  error tolerance: rtol=0.001, atol=1e-05
Testing N_win=1791 N_cf=10
Windowing:
  config: # windows=1791, spacing=0.4671450611362271, CF order=10
  error tolerance: rtol=0.001, atol=1e-05
Testing N_win=1791 N_cf=9
Windowing:
  config: # windows=1791, spacing=0.4671450611362271, CF order=9
  error tolerance: rtol=0.001, atol=1e-05
Testing N_win=1791 N_cf=8
Windowing:
  config: # windows=1791, spacing=0.4671450611362271, CF order=8
  error tolerance: rtol=0.001, atol=1e-05
Testing N_win=1791 N_cf=7
Windowing:
  config: # windows=1791, spacing=0.4671450611362271, CF order=7
  error tolerance: rtol=0.001, atol=1e-05
Testing N_win=1791 N_cf=6
Windowing:
  config: # windows=1791, spacing=0.4671450611362271, CF order=6
  error tolerance: rtol=0.001, atol=1e-05
Testing N_win=1791 N_cf=5
Windowing:
  config: # windows=1791, spacing=0.4671450611362271, CF order=5
  error tolerance: rtol=0.001, atol=1e-05
Testing N_win=1791 N_cf=4
Windowing:
  config: # windows=1791, spacing=0.4671450611362271, CF order=4
  error tolerance: rtol=0.001, atol=1e-05
Testing N_win=1791 N_cf=3
Windowing:
  config: # windows=1791, spacing=0.4671450611362271, CF order=3
  error tolerance: rtol=0.001, atol=1e-05
Testing N_win=1791 N_cf=2
Windowing:
  config: # windows=1791, spacing=0.4671450611362271, CF order=2
  error tolerance: rtol=0.001, atol=1e-05
Testing N_win=1895 N_cf=10
Windowing:
  config: # windows=1895, spacing=0.4415075485461651, CF order=10
  error tolerance: rtol=0.001, atol=1e-05
Testing N_win=1895 N_cf=9
Windowing:
  config: # windows=1895, spacing=0.4415075485461651, CF order=9
  error tolerance: rtol=0.001, atol=1e-05
Testing N_win=1895 N_cf=8
Windowing:
  config: # windows=1895, spacing=0.4415075485461651, CF order=8
  error tolerance: rtol=0.001, atol=1e-05
Testing N_win=1895 N_cf=7
Windowing:
  config: # windows=1895, spacing=0.4415075485461651, CF order=7
  error tolerance: rtol=0.001, atol=1e-05
Testing N_win=1895 N_cf=6
Windowing:
  config: # windows=1895, spacing=0.4415075485461651, CF order=6
  error tolerance: rtol=0.001, atol=1e-05
Testing N_win=1895 N_cf=5
Windowing:
  config: # windows=1895, spacing=0.4415075485461651, CF order=5
  error tolerance: rtol=0.001, atol=1e-05
Testing N_win=1895 N_cf=4
Windowing:
  config: # windows=1895, spacing=0.4415075485461651, CF order=4
  error tolerance: rtol=0.001, atol=1e-05
Testing N_win=1895 N_cf=3
Windowing:
  config: # windows=1895, spacing=0.4415075485461651, CF order=3
  error tolerance: rtol=0.001, atol=1e-05
Testing N_win=1895 N_cf=2
Windowing:
  config: # windows=1895, spacing=0.4415075485461651, CF order=2
  error tolerance: rtol=0.001, atol=1e-05
Testing N_win=2000 N_cf=10
Windowing:
  config: # windows=2000, spacing=0.4183284022474914, CF order=10
  error tolerance: rtol=0.001, atol=1e-05
Testing N_win=2000 N_cf=9
Windowing:
  config: # windows=2000, spacing=0.4183284022474914, CF order=9
  error tolerance: rtol=0.001, atol=1e-05
Testing N_win=2000 N_cf=8
Windowing:
  config: # windows=2000, spacing=0.4183284022474914, CF order=8
  error tolerance: rtol=0.001, atol=1e-05
Testing N_win=2000 N_cf=7
Windowing:
  config: # windows=2000, spacing=0.4183284022474914, CF order=7
  error tolerance: rtol=0.001, atol=1e-05
Testing N_win=2000 N_cf=6
Windowing:
  config: # windows=2000, spacing=0.4183284022474914, CF order=6
  error tolerance: rtol=0.001, atol=1e-05
Testing N_win=2000 N_cf=5
Windowing:
  config: # windows=2000, spacing=0.4183284022474914, CF order=5
  error tolerance: rtol=0.001, atol=1e-05
Testing N_win=2000 N_cf=4
Windowing:
  config: # windows=2000, spacing=0.4183284022474914, CF order=4
  error tolerance: rtol=0.001, atol=1e-05
Testing N_win=2000 N_cf=3
Windowing:
  config: # windows=2000, spacing=0.4183284022474914, CF order=3
  error tolerance: rtol=0.001, atol=1e-05
Testing N_win=2000 N_cf=2
Windowing:
  config: # windows=2000, spacing=0.4183284022474914, CF order=2
  error tolerance: rtol=0.001, atol=1e-05
Final library: 329 poles, 1167 windows, 2.7 poles per window, 2 CF order
