Running NJOY to get 0K point-wise data (error=0.0005)...
Parsing cross sections within resolved resonance range...
  MTs: [2, 27, 102]
  Energy range: 1.000e-05 to 2.600e+02 eV (3337 points)
Vector fitting piece 1/1...
  energy: 1.000e-05 to 2.600e+02 eV (3337 points)
  error tolerance: rtol=0.001, atol=1e-05
Found 4 peaks
Fitting orders from 8 to 200
Order=8(0/97)
Order=10(1/97)
Order=12(2/97)
Order=14(3/97)
Order=16(4/97)
Order=18(5/97)
Order=20(6/97)
Order=22(7/97)
Order=24(8/97)
Order=26(9/97)
Order=28(10/97)
Order=30(11/97)
Order=32(12/97)
Order=34(13/97)
Order=36(14/97)
Order=38(15/97)
Order=40(16/97)
Order=42(17/97)
Order=44(18/97)
Order=46(19/97)
Order=48(20/97)
Order=50(21/97)
Order=52(22/97)
Order=54(23/97)
Order=56(24/97)
Order=58(25/97)
Order=60(26/97)
Found 4 real poles and 5 conjugate complex pairs.
Final number of poles: 9
Saved figure: WMP_Lib/Xe124/0-260_MT2.png
Saved figure: WMP_Lib/Xe124/0-260_MT27.png
Saved figure: WMP_Lib/Xe124/0-260_MT102.png
Dumped multipole data to file: WMP_Lib/Xe124/Xe124_mp.pickle
Start searching ...
Testing N_win=5 N_cf=10
Windowing:
  config: # windows=5, spacing=3.2242700236136534, CF order=10
  error tolerance: rtol=0.001, atol=1e-05
Failed: Pure curvefit failed for the first window!
Testing N_win=110 N_cf=10
Windowing:
  config: # windows=110, spacing=0.14655772834607517, CF order=10
  error tolerance: rtol=0.001, atol=1e-05
Best library so far.
Testing N_win=110 N_cf=9
Windowing:
  config: # windows=110, spacing=0.14655772834607517, CF order=9
  error tolerance: rtol=0.001, atol=1e-05
Best library so far.
Testing N_win=110 N_cf=8
Windowing:
  config: # windows=110, spacing=0.14655772834607517, CF order=8
  error tolerance: rtol=0.001, atol=1e-05
Best library so far.
Testing N_win=110 N_cf=7
Windowing:
  config: # windows=110, spacing=0.14655772834607517, CF order=7
  error tolerance: rtol=0.001, atol=1e-05
Best library so far.
Testing N_win=110 N_cf=6
Windowing:
  config: # windows=110, spacing=0.14655772834607517, CF order=6
  error tolerance: rtol=0.001, atol=1e-05
Best library so far.
Testing N_win=110 N_cf=5
Windowing:
  config: # windows=110, spacing=0.14655772834607517, CF order=5
  error tolerance: rtol=0.001, atol=1e-05
Best library so far.
Testing N_win=110 N_cf=4
Windowing:
  config: # windows=110, spacing=0.14655772834607517, CF order=4
  error tolerance: rtol=0.001, atol=1e-05
Testing N_win=110 N_cf=3
Windowing:
  config: # windows=110, spacing=0.14655772834607517, CF order=3
  error tolerance: rtol=0.001, atol=1e-05
Failed: Pure curvefit failed for the first window!
Testing N_win=215 N_cf=10
Windowing:
  config: # windows=215, spacing=0.07498302380496868, CF order=10
  error tolerance: rtol=0.001, atol=1e-05
Testing N_win=215 N_cf=9
Windowing:
  config: # windows=215, spacing=0.07498302380496868, CF order=9
  error tolerance: rtol=0.001, atol=1e-05
Testing N_win=215 N_cf=8
Windowing:
  config: # windows=215, spacing=0.07498302380496868, CF order=8
  error tolerance: rtol=0.001, atol=1e-05
Testing N_win=215 N_cf=7
Windowing:
  config: # windows=215, spacing=0.07498302380496868, CF order=7
  error tolerance: rtol=0.001, atol=1e-05
Testing N_win=215 N_cf=6
Windowing:
  config: # windows=215, spacing=0.07498302380496868, CF order=6
  error tolerance: rtol=0.001, atol=1e-05
Testing N_win=215 N_cf=5
Windowing:
  config: # windows=215, spacing=0.07498302380496868, CF order=5
  error tolerance: rtol=0.001, atol=1e-05
Testing N_win=215 N_cf=4
Windowing:
  config: # windows=215, spacing=0.07498302380496868, CF order=4
  error tolerance: rtol=0.001, atol=1e-05
Testing N_win=215 N_cf=3
Windowing:
  config: # windows=215, spacing=0.07498302380496868, CF order=3
  error tolerance: rtol=0.001, atol=1e-05
Failed: Pure curvefit failed for the first window!
Testing N_win=320 N_cf=10
Windowing:
  config: # windows=320, spacing=0.050379219118963335, CF order=10
  error tolerance: rtol=0.001, atol=1e-05
Testing N_win=320 N_cf=9
Windowing:
  config: # windows=320, spacing=0.050379219118963335, CF order=9
  error tolerance: rtol=0.001, atol=1e-05
Testing N_win=320 N_cf=8
Windowing:
  config: # windows=320, spacing=0.050379219118963335, CF order=8
  error tolerance: rtol=0.001, atol=1e-05
Testing N_win=320 N_cf=7
Windowing:
  config: # windows=320, spacing=0.050379219118963335, CF order=7
  error tolerance: rtol=0.001, atol=1e-05
Testing N_win=320 N_cf=6
Windowing:
  config: # windows=320, spacing=0.050379219118963335, CF order=6
  error tolerance: rtol=0.001, atol=1e-05
Testing N_win=320 N_cf=5
Windowing:
  config: # windows=320, spacing=0.050379219118963335, CF order=5
  error tolerance: rtol=0.001, atol=1e-05
Testing N_win=320 N_cf=4
Windowing:
  config: # windows=320, spacing=0.050379219118963335, CF order=4
  error tolerance: rtol=0.001, atol=1e-05
Testing N_win=320 N_cf=3
Windowing:
  config: # windows=320, spacing=0.050379219118963335, CF order=3
  error tolerance: rtol=0.001, atol=1e-05
Failed: Pure curvefit failed for the first window!
Testing N_win=425 N_cf=10
Windowing:
  config: # windows=425, spacing=0.03793258851310181, CF order=10
  error tolerance: rtol=0.001, atol=1e-05
Testing N_win=425 N_cf=9
Windowing:
  config: # windows=425, spacing=0.03793258851310181, CF order=9
  error tolerance: rtol=0.001, atol=1e-05
Testing N_win=425 N_cf=8
Windowing:
  config: # windows=425, spacing=0.03793258851310181, CF order=8
  error tolerance: rtol=0.001, atol=1e-05
Testing N_win=425 N_cf=7
Windowing:
  config: # windows=425, spacing=0.03793258851310181, CF order=7
  error tolerance: rtol=0.001, atol=1e-05
Testing N_win=425 N_cf=6
Windowing:
  config: # windows=425, spacing=0.03793258851310181, CF order=6
  error tolerance: rtol=0.001, atol=1e-05
Testing N_win=425 N_cf=5
Windowing:
  config: # windows=425, spacing=0.03793258851310181, CF order=5
  error tolerance: rtol=0.001, atol=1e-05
Testing N_win=425 N_cf=4
Windowing:
  config: # windows=425, spacing=0.03793258851310181, CF order=4
  error tolerance: rtol=0.001, atol=1e-05
Testing N_win=425 N_cf=3
Windowing:
  config: # windows=425, spacing=0.03793258851310181, CF order=3
  error tolerance: rtol=0.001, atol=1e-05
Failed: Pure curvefit failed for the first window!
Testing N_win=530 N_cf=10
Windowing:
  config: # windows=530, spacing=0.03041764173220428, CF order=10
  error tolerance: rtol=0.001, atol=1e-05
Testing N_win=530 N_cf=9
Windowing:
  config: # windows=530, spacing=0.03041764173220428, CF order=9
  error tolerance: rtol=0.001, atol=1e-05
Testing N_win=530 N_cf=8
Windowing:
  config: # windows=530, spacing=0.03041764173220428, CF order=8
  error tolerance: rtol=0.001, atol=1e-05
Testing N_win=530 N_cf=7
Windowing:
  config: # windows=530, spacing=0.03041764173220428, CF order=7
  error tolerance: rtol=0.001, atol=1e-05
Testing N_win=530 N_cf=6
Windowing:
  config: # windows=530, spacing=0.03041764173220428, CF order=6
  error tolerance: rtol=0.001, atol=1e-05
Testing N_win=530 N_cf=5
Windowing:
  config: # windows=530, spacing=0.03041764173220428, CF order=5
  error tolerance: rtol=0.001, atol=1e-05
Testing N_win=530 N_cf=4
Windowing:
  config: # windows=530, spacing=0.03041764173220428, CF order=4
  error tolerance: rtol=0.001, atol=1e-05
Testing N_win=530 N_cf=3
Windowing:
  config: # windows=530, spacing=0.03041764173220428, CF order=3
  error tolerance: rtol=0.001, atol=1e-05
Failed: Pure curvefit failed for the first window!
Testing N_win=635 N_cf=10
Windowing:
  config: # windows=635, spacing=0.025387952941839792, CF order=10
  error tolerance: rtol=0.001, atol=1e-05
Testing N_win=635 N_cf=9
Windowing:
  config: # windows=635, spacing=0.025387952941839792, CF order=9
  error tolerance: rtol=0.001, atol=1e-05
Testing N_win=635 N_cf=8
Windowing:
  config: # windows=635, spacing=0.025387952941839792, CF order=8
  error tolerance: rtol=0.001, atol=1e-05
Testing N_win=635 N_cf=7
Windowing:
  config: # windows=635, spacing=0.025387952941839792, CF order=7
  error tolerance: rtol=0.001, atol=1e-05
Testing N_win=635 N_cf=6
Windowing:
  config: # windows=635, spacing=0.025387952941839792, CF order=6
  error tolerance: rtol=0.001, atol=1e-05
Testing N_win=635 N_cf=5
Windowing:
  config: # windows=635, spacing=0.025387952941839792, CF order=5
  error tolerance: rtol=0.001, atol=1e-05
Testing N_win=635 N_cf=4
Windowing:
  config: # windows=635, spacing=0.025387952941839792, CF order=4
  error tolerance: rtol=0.001, atol=1e-05
Testing N_win=635 N_cf=3
Windowing:
  config: # windows=635, spacing=0.025387952941839792, CF order=3
  error tolerance: rtol=0.001, atol=1e-05
Failed: Pure curvefit failed for the first window!
Testing N_win=740 N_cf=10
Windowing:
  config: # windows=740, spacing=0.021785608267659823, CF order=10
  error tolerance: rtol=0.001, atol=1e-05
Testing N_win=740 N_cf=9
Windowing:
  config: # windows=740, spacing=0.021785608267659823, CF order=9
  error tolerance: rtol=0.001, atol=1e-05
Testing N_win=740 N_cf=8
Windowing:
  config: # windows=740, spacing=0.021785608267659823, CF order=8
  error tolerance: rtol=0.001, atol=1e-05
Testing N_win=740 N_cf=7
Windowing:
  config: # windows=740, spacing=0.021785608267659823, CF order=7
  error tolerance: rtol=0.001, atol=1e-05
Testing N_win=740 N_cf=6
Windowing:
  config: # windows=740, spacing=0.021785608267659823, CF order=6
  error tolerance: rtol=0.001, atol=1e-05
Testing N_win=740 N_cf=5
Windowing:
  config: # windows=740, spacing=0.021785608267659823, CF order=5
  error tolerance: rtol=0.001, atol=1e-05
Testing N_win=740 N_cf=4
Windowing:
  config: # windows=740, spacing=0.021785608267659823, CF order=4
  error tolerance: rtol=0.001, atol=1e-05
Testing N_win=740 N_cf=3
Windowing:
  config: # windows=740, spacing=0.021785608267659823, CF order=3
  error tolerance: rtol=0.001, atol=1e-05
Failed: Pure curvefit failed for the first window!
Testing N_win=845 N_cf=10
Windowing:
  config: # windows=845, spacing=0.01907852084978493, CF order=10
  error tolerance: rtol=0.001, atol=1e-05
Testing N_win=845 N_cf=9
Windowing:
  config: # windows=845, spacing=0.01907852084978493, CF order=9
  error tolerance: rtol=0.001, atol=1e-05
Testing N_win=845 N_cf=8
Windowing:
  config: # windows=845, spacing=0.01907852084978493, CF order=8
  error tolerance: rtol=0.001, atol=1e-05
Testing N_win=845 N_cf=7
Windowing:
  config: # windows=845, spacing=0.01907852084978493, CF order=7
  error tolerance: rtol=0.001, atol=1e-05
Testing N_win=845 N_cf=6
Windowing:
  config: # windows=845, spacing=0.01907852084978493, CF order=6
  error tolerance: rtol=0.001, atol=1e-05
Testing N_win=845 N_cf=5
Windowing:
  config: # windows=845, spacing=0.01907852084978493, CF order=5
  error tolerance: rtol=0.001, atol=1e-05
Testing N_win=845 N_cf=4
Windowing:
  config: # windows=845, spacing=0.01907852084978493, CF order=4
  error tolerance: rtol=0.001, atol=1e-05
Testing N_win=845 N_cf=3
Windowing:
  config: # windows=845, spacing=0.01907852084978493, CF order=3
  error tolerance: rtol=0.001, atol=1e-05
Failed: Pure curvefit failed for the first window!
Testing N_win=950 N_cf=10
Windowing:
  config: # windows=950, spacing=0.016969842229545545, CF order=10
  error tolerance: rtol=0.001, atol=1e-05
Testing N_win=950 N_cf=9
Windowing:
  config: # windows=950, spacing=0.016969842229545545, CF order=9
  error tolerance: rtol=0.001, atol=1e-05
Testing N_win=950 N_cf=8
Windowing:
  config: # windows=950, spacing=0.016969842229545545, CF order=8
  error tolerance: rtol=0.001, atol=1e-05
Testing N_win=950 N_cf=7
Windowing:
  config: # windows=950, spacing=0.016969842229545545, CF order=7
  error tolerance: rtol=0.001, atol=1e-05
Testing N_win=950 N_cf=6
Windowing:
  config: # windows=950, spacing=0.016969842229545545, CF order=6
  error tolerance: rtol=0.001, atol=1e-05
Testing N_win=950 N_cf=5
Windowing:
  config: # windows=950, spacing=0.016969842229545545, CF order=5
  error tolerance: rtol=0.001, atol=1e-05
Testing N_win=950 N_cf=4
Windowing:
  config: # windows=950, spacing=0.016969842229545545, CF order=4
  error tolerance: rtol=0.001, atol=1e-05
Testing N_win=950 N_cf=3
Windowing:
  config: # windows=950, spacing=0.016969842229545545, CF order=3
  error tolerance: rtol=0.001, atol=1e-05
Failed: Pure curvefit failed for the first window!
Testing N_win=1055 N_cf=10
Windowing:
  config: # windows=1055, spacing=0.0152809005858467, CF order=10
  error tolerance: rtol=0.001, atol=1e-05
Testing N_win=1055 N_cf=9
Windowing:
  config: # windows=1055, spacing=0.0152809005858467, CF order=9
  error tolerance: rtol=0.001, atol=1e-05
Testing N_win=1055 N_cf=8
Windowing:
  config: # windows=1055, spacing=0.0152809005858467, CF order=8
  error tolerance: rtol=0.001, atol=1e-05
Testing N_win=1055 N_cf=7
Windowing:
  config: # windows=1055, spacing=0.0152809005858467, CF order=7
  error tolerance: rtol=0.001, atol=1e-05
Testing N_win=1055 N_cf=6
Windowing:
  config: # windows=1055, spacing=0.0152809005858467, CF order=6
  error tolerance: rtol=0.001, atol=1e-05
Testing N_win=1055 N_cf=5
Windowing:
  config: # windows=1055, spacing=0.0152809005858467, CF order=5
  error tolerance: rtol=0.001, atol=1e-05
Testing N_win=1055 N_cf=4
Windowing:
  config: # windows=1055, spacing=0.0152809005858467, CF order=4
  error tolerance: rtol=0.001, atol=1e-05
Testing N_win=1055 N_cf=3
Windowing:
  config: # windows=1055, spacing=0.0152809005858467, CF order=3
  error tolerance: rtol=0.001, atol=1e-05
Failed: Pure curvefit failed for the first window!
Testing N_win=1160 N_cf=10
Windowing:
  config: # windows=1160, spacing=0.013897715619024368, CF order=10
  error tolerance: rtol=0.001, atol=1e-05
Testing N_win=1160 N_cf=9
Windowing:
  config: # windows=1160, spacing=0.013897715619024368, CF order=9
  error tolerance: rtol=0.001, atol=1e-05
Testing N_win=1160 N_cf=8
Windowing:
  config: # windows=1160, spacing=0.013897715619024368, CF order=8
  error tolerance: rtol=0.001, atol=1e-05
Testing N_win=1160 N_cf=7
Windowing:
  config: # windows=1160, spacing=0.013897715619024368, CF order=7
  error tolerance: rtol=0.001, atol=1e-05
Testing N_win=1160 N_cf=6
Windowing:
  config: # windows=1160, spacing=0.013897715619024368, CF order=6
  error tolerance: rtol=0.001, atol=1e-05
Testing N_win=1160 N_cf=5
Windowing:
  config: # windows=1160, spacing=0.013897715619024368, CF order=5
  error tolerance: rtol=0.001, atol=1e-05
Testing N_win=1160 N_cf=4
Windowing:
  config: # windows=1160, spacing=0.013897715619024368, CF order=4
  error tolerance: rtol=0.001, atol=1e-05
Testing N_win=1160 N_cf=3
Windowing:
  config: # windows=1160, spacing=0.013897715619024368, CF order=3
  error tolerance: rtol=0.001, atol=1e-05
Failed: Pure curvefit failed for the first window!
Testing N_win=1265 N_cf=10
Windowing:
  config: # windows=1265, spacing=0.012744150290963057, CF order=10
  error tolerance: rtol=0.001, atol=1e-05
Testing N_win=1265 N_cf=9
Windowing:
  config: # windows=1265, spacing=0.012744150290963057, CF order=9
  error tolerance: rtol=0.001, atol=1e-05
Testing N_win=1265 N_cf=8
Windowing:
  config: # windows=1265, spacing=0.012744150290963057, CF order=8
  error tolerance: rtol=0.001, atol=1e-05
Testing N_win=1265 N_cf=7
Windowing:
  config: # windows=1265, spacing=0.012744150290963057, CF order=7
  error tolerance: rtol=0.001, atol=1e-05
Testing N_win=1265 N_cf=6
Windowing:
  config: # windows=1265, spacing=0.012744150290963057, CF order=6
  error tolerance: rtol=0.001, atol=1e-05
Testing N_win=1265 N_cf=5
Windowing:
  config: # windows=1265, spacing=0.012744150290963057, CF order=5
  error tolerance: rtol=0.001, atol=1e-05
Testing N_win=1265 N_cf=4
Windowing:
  config: # windows=1265, spacing=0.012744150290963057, CF order=4
  error tolerance: rtol=0.001, atol=1e-05
Testing N_win=1265 N_cf=3
Windowing:
  config: # windows=1265, spacing=0.012744150290963057, CF order=3
  error tolerance: rtol=0.001, atol=1e-05
Failed: Pure curvefit failed for the first window!
Testing N_win=1370 N_cf=10
Windowing:
  config: # windows=1370, spacing=0.011767408845305305, CF order=10
  error tolerance: rtol=0.001, atol=1e-05
Testing N_win=1370 N_cf=9
Windowing:
  config: # windows=1370, spacing=0.011767408845305305, CF order=9
  error tolerance: rtol=0.001, atol=1e-05
Testing N_win=1370 N_cf=8
Windowing:
  config: # windows=1370, spacing=0.011767408845305305, CF order=8
  error tolerance: rtol=0.001, atol=1e-05
Testing N_win=1370 N_cf=7
Windowing:
  config: # windows=1370, spacing=0.011767408845305305, CF order=7
  error tolerance: rtol=0.001, atol=1e-05
Testing N_win=1370 N_cf=6
Windowing:
  config: # windows=1370, spacing=0.011767408845305305, CF order=6
  error tolerance: rtol=0.001, atol=1e-05
Testing N_win=1370 N_cf=5
Windowing:
  config: # windows=1370, spacing=0.011767408845305305, CF order=5
  error tolerance: rtol=0.001, atol=1e-05
Testing N_win=1370 N_cf=4
Windowing:
  config: # windows=1370, spacing=0.011767408845305305, CF order=4
  error tolerance: rtol=0.001, atol=1e-05
Testing N_win=1370 N_cf=3
Windowing:
  config: # windows=1370, spacing=0.011767408845305305, CF order=3
  error tolerance: rtol=0.001, atol=1e-05
Failed: Pure curvefit failed for the first window!
Testing N_win=1475 N_cf=10
Windowing:
  config: # windows=1475, spacing=0.010929728893605606, CF order=10
  error tolerance: rtol=0.001, atol=1e-05
Testing N_win=1475 N_cf=9
Windowing:
  config: # windows=1475, spacing=0.010929728893605606, CF order=9
  error tolerance: rtol=0.001, atol=1e-05
Testing N_win=1475 N_cf=8
Windowing:
  config: # windows=1475, spacing=0.010929728893605606, CF order=8
  error tolerance: rtol=0.001, atol=1e-05
Testing N_win=1475 N_cf=7
Windowing:
  config: # windows=1475, spacing=0.010929728893605606, CF order=7
  error tolerance: rtol=0.001, atol=1e-05
Testing N_win=1475 N_cf=6
Windowing:
  config: # windows=1475, spacing=0.010929728893605606, CF order=6
  error tolerance: rtol=0.001, atol=1e-05
Testing N_win=1475 N_cf=5
Windowing:
  config: # windows=1475, spacing=0.010929728893605606, CF order=5
  error tolerance: rtol=0.001, atol=1e-05
Testing N_win=1475 N_cf=4
Windowing:
  config: # windows=1475, spacing=0.010929728893605606, CF order=4
  error tolerance: rtol=0.001, atol=1e-05
Testing N_win=1475 N_cf=3
Windowing:
  config: # windows=1475, spacing=0.010929728893605606, CF order=3
  error tolerance: rtol=0.001, atol=1e-05
Failed: Pure curvefit failed for the first window!
Testing N_win=1580 N_cf=10
Windowing:
  config: # windows=1580, spacing=0.01020338615067612, CF order=10
  error tolerance: rtol=0.001, atol=1e-05
Testing N_win=1580 N_cf=9
Windowing:
  config: # windows=1580, spacing=0.01020338615067612, CF order=9
  error tolerance: rtol=0.001, atol=1e-05
Testing N_win=1580 N_cf=8
Windowing:
  config: # windows=1580, spacing=0.01020338615067612, CF order=8
  error tolerance: rtol=0.001, atol=1e-05
Testing N_win=1580 N_cf=7
Windowing:
  config: # windows=1580, spacing=0.01020338615067612, CF order=7
  error tolerance: rtol=0.001, atol=1e-05
Testing N_win=1580 N_cf=6
Windowing:
  config: # windows=1580, spacing=0.01020338615067612, CF order=6
  error tolerance: rtol=0.001, atol=1e-05
Testing N_win=1580 N_cf=5
Windowing:
  config: # windows=1580, spacing=0.01020338615067612, CF order=5
  error tolerance: rtol=0.001, atol=1e-05
Testing N_win=1580 N_cf=4
Windowing:
  config: # windows=1580, spacing=0.01020338615067612, CF order=4
  error tolerance: rtol=0.001, atol=1e-05
Testing N_win=1580 N_cf=3
Windowing:
  config: # windows=1580, spacing=0.01020338615067612, CF order=3
  error tolerance: rtol=0.001, atol=1e-05
Failed: Pure curvefit failed for the first window!
Testing N_win=1685 N_cf=10
Windowing:
  config: # windows=1685, spacing=0.009567566835648824, CF order=10
  error tolerance: rtol=0.001, atol=1e-05
Testing N_win=1685 N_cf=9
Windowing:
  config: # windows=1685, spacing=0.009567566835648824, CF order=9
  error tolerance: rtol=0.001, atol=1e-05
Testing N_win=1685 N_cf=8
Windowing:
  config: # windows=1685, spacing=0.009567566835648824, CF order=8
  error tolerance: rtol=0.001, atol=1e-05
Testing N_win=1685 N_cf=7
Windowing:
  config: # windows=1685, spacing=0.009567566835648824, CF order=7
  error tolerance: rtol=0.001, atol=1e-05
Testing N_win=1685 N_cf=6
Windowing:
  config: # windows=1685, spacing=0.009567566835648824, CF order=6
  error tolerance: rtol=0.001, atol=1e-05
Testing N_win=1685 N_cf=5
Windowing:
  config: # windows=1685, spacing=0.009567566835648824, CF order=5
  error tolerance: rtol=0.001, atol=1e-05
Testing N_win=1685 N_cf=4
Windowing:
  config: # windows=1685, spacing=0.009567566835648824, CF order=4
  error tolerance: rtol=0.001, atol=1e-05
Testing N_win=1685 N_cf=3
Windowing:
  config: # windows=1685, spacing=0.009567566835648824, CF order=3
  error tolerance: rtol=0.001, atol=1e-05
Failed: Pure curvefit failed for the first window!
Testing N_win=1790 N_cf=10
Windowing:
  config: # windows=1790, spacing=0.009006340848082831, CF order=10
  error tolerance: rtol=0.001, atol=1e-05
Testing N_win=1790 N_cf=9
Windowing:
  config: # windows=1790, spacing=0.009006340848082831, CF order=9
  error tolerance: rtol=0.001, atol=1e-05
Testing N_win=1790 N_cf=8
Windowing:
  config: # windows=1790, spacing=0.009006340848082831, CF order=8
  error tolerance: rtol=0.001, atol=1e-05
Testing N_win=1790 N_cf=7
Windowing:
  config: # windows=1790, spacing=0.009006340848082831, CF order=7
  error tolerance: rtol=0.001, atol=1e-05
Testing N_win=1790 N_cf=6
Windowing:
  config: # windows=1790, spacing=0.009006340848082831, CF order=6
  error tolerance: rtol=0.001, atol=1e-05
Testing N_win=1790 N_cf=5
Windowing:
  config: # windows=1790, spacing=0.009006340848082831, CF order=5
  error tolerance: rtol=0.001, atol=1e-05
Testing N_win=1790 N_cf=4
Windowing:
  config: # windows=1790, spacing=0.009006340848082831, CF order=4
  error tolerance: rtol=0.001, atol=1e-05
Testing N_win=1790 N_cf=3
Windowing:
  config: # windows=1790, spacing=0.009006340848082831, CF order=3
  error tolerance: rtol=0.001, atol=1e-05
Failed: Pure curvefit failed for the first window!
Testing N_win=1895 N_cf=10
Windowing:
  config: # windows=1895, spacing=0.008507308769429164, CF order=10
  error tolerance: rtol=0.001, atol=1e-05
Testing N_win=1895 N_cf=9
Windowing:
  config: # windows=1895, spacing=0.008507308769429164, CF order=9
  error tolerance: rtol=0.001, atol=1e-05
Testing N_win=1895 N_cf=8
Windowing:
  config: # windows=1895, spacing=0.008507308769429164, CF order=8
  error tolerance: rtol=0.001, atol=1e-05
Testing N_win=1895 N_cf=7
Windowing:
  config: # windows=1895, spacing=0.008507308769429164, CF order=7
  error tolerance: rtol=0.001, atol=1e-05
Testing N_win=1895 N_cf=6
Windowing:
  config: # windows=1895, spacing=0.008507308769429164, CF order=6
  error tolerance: rtol=0.001, atol=1e-05
Testing N_win=1895 N_cf=5
Windowing:
  config: # windows=1895, spacing=0.008507308769429164, CF order=5
  error tolerance: rtol=0.001, atol=1e-05
Testing N_win=1895 N_cf=4
Windowing:
  config: # windows=1895, spacing=0.008507308769429164, CF order=4
  error tolerance: rtol=0.001, atol=1e-05
Testing N_win=1895 N_cf=3
Windowing:
  config: # windows=1895, spacing=0.008507308769429164, CF order=3
  error tolerance: rtol=0.001, atol=1e-05
Failed: Pure curvefit failed for the first window!
Testing N_win=2000 N_cf=10
Windowing:
  config: # windows=2000, spacing=0.008060675059034133, CF order=10
  error tolerance: rtol=0.001, atol=1e-05
Testing N_win=2000 N_cf=9
Windowing:
  config: # windows=2000, spacing=0.008060675059034133, CF order=9
  error tolerance: rtol=0.001, atol=1e-05
Testing N_win=2000 N_cf=8
Windowing:
  config: # windows=2000, spacing=0.008060675059034133, CF order=8
  error tolerance: rtol=0.001, atol=1e-05
Testing N_win=2000 N_cf=7
Windowing:
  config: # windows=2000, spacing=0.008060675059034133, CF order=7
  error tolerance: rtol=0.001, atol=1e-05
Testing N_win=2000 N_cf=6
Windowing:
  config: # windows=2000, spacing=0.008060675059034133, CF order=6
  error tolerance: rtol=0.001, atol=1e-05
Testing N_win=2000 N_cf=5
Windowing:
  config: # windows=2000, spacing=0.008060675059034133, CF order=5
  error tolerance: rtol=0.001, atol=1e-05
Testing N_win=2000 N_cf=4
Windowing:
  config: # windows=2000, spacing=0.008060675059034133, CF order=4
  error tolerance: rtol=0.001, atol=1e-05
Testing N_win=2000 N_cf=3
Windowing:
  config: # windows=2000, spacing=0.008060675059034133, CF order=3
  error tolerance: rtol=0.001, atol=1e-05
Failed: Pure curvefit failed for the first window!
Final library: 4 poles, 110 windows, 0.41 poles per window, 5 CF order
