Running NJOY to get 0K point-wise data (error=0.0005)...
Parsing cross sections within resolved resonance range...
  MTs: [2, 27, 102]
  Energy range: 1.000e-05 to 9.968e+02 eV (45518 points)
Vector fitting piece 1/22...
  energy: 1.000e-05 to 2.574e+00 eV (819 points)
  error tolerance: rtol=0.001, atol=1e-05
Found 1 peaks
Fitting orders from 2 to 200
Order=2(0/100)
Order=4(1/100)
Order=6(2/100)
Found ideal results. Stop!
Found 0 real poles and 3 conjugate complex pairs.
Final number of poles: 3
Saved figure: WMP_Lib/Dy163/0-3_MT2.png
Saved figure: WMP_Lib/Dy163/0-3_MT27.png
Saved figure: WMP_Lib/Dy163/0-3_MT102.png
Vector fitting piece 2/22...
  energy: 3.125e-01 to 9.354e+00 eV (693 points)
  error tolerance: rtol=0.001, atol=1e-05
Found 2 peaks
Fitting orders from 4 to 200
Order=4(0/99)
Order=6(1/99)
Order=8(2/99)
Order=10(3/99)
Found ideal results. Stop!
Found 2 real poles and 4 conjugate complex pairs.
Final number of poles: 6
Saved figure: WMP_Lib/Dy163/0-9_MT2.png
Saved figure: WMP_Lib/Dy163/0-9_MT27.png
Saved figure: WMP_Lib/Dy163/0-9_MT102.png
Vector fitting piece 3/22...
  energy: 3.969e+00 to 1.997e+01 eV (1015 points)
  error tolerance: rtol=0.001, atol=1e-05
Found 3 peaks
Fitting orders from 6 to 200
Order=6(0/98)
Order=8(1/98)
Order=10(2/98)
Found ideal results. Stop!
Found 0 real poles and 5 conjugate complex pairs.
Final number of poles: 5
Saved figure: WMP_Lib/Dy163/4-20_MT2.png
Saved figure: WMP_Lib/Dy163/4-20_MT27.png
Saved figure: WMP_Lib/Dy163/4-20_MT102.png
Vector fitting piece 4/22...
  energy: 1.173e+01 to 3.487e+01 eV (942 points)
  error tolerance: rtol=0.001, atol=1e-05
Found 2 peaks
Fitting orders from 4 to 200
Order=4(0/99)
Order=6(1/99)
Order=8(2/99)
Order=10(3/99)
Found ideal results. Stop!
Found 2 real poles and 4 conjugate complex pairs.
Final number of poles: 6
Saved figure: WMP_Lib/Dy163/12-35_MT2.png
Saved figure: WMP_Lib/Dy163/12-35_MT27.png
Saved figure: WMP_Lib/Dy163/12-35_MT102.png
Vector fitting piece 5/22...
  energy: 2.356e+01 to 5.390e+01 eV (990 points)
  error tolerance: rtol=0.001, atol=1e-05
Found 2 peaks
Fitting orders from 4 to 200
Order=4(0/99)
Order=6(1/99)
Order=8(2/99)
Order=10(3/99)
Found ideal results. Stop!
Found 4 real poles and 3 conjugate complex pairs.
Final number of poles: 7
Saved figure: WMP_Lib/Dy163/24-54_MT2.png
Saved figure: WMP_Lib/Dy163/24-54_MT27.png
Saved figure: WMP_Lib/Dy163/24-54_MT102.png
Vector fitting piece 6/22...
  energy: 3.961e+01 to 7.699e+01 eV (2450 points)
  error tolerance: rtol=0.001, atol=1e-05
Found 6 peaks
Fitting orders from 12 to 200
Order=12(0/95)
Order=14(1/95)
Order=16(2/95)
Order=18(3/95)
Found ideal results. Stop!
Found 2 real poles and 8 conjugate complex pairs.
Final number of poles: 10
Saved figure: WMP_Lib/Dy163/40-77_MT2.png
Saved figure: WMP_Lib/Dy163/40-77_MT27.png
Saved figure: WMP_Lib/Dy163/40-77_MT102.png
Vector fitting piece 7/22...
  energy: 5.982e+01 to 1.042e+02 eV (2613 points)
  error tolerance: rtol=0.001, atol=1e-05
Found 6 peaks
Fitting orders from 12 to 200
Order=12(0/95)
Order=14(1/95)
Order=16(2/95)
Order=18(3/95)
Order=20(4/95)
Found ideal results. Stop!
Found 2 real poles and 9 conjugate complex pairs.
Final number of poles: 11
Saved figure: WMP_Lib/Dy163/60-104_MT2.png
Saved figure: WMP_Lib/Dy163/60-104_MT27.png
Saved figure: WMP_Lib/Dy163/60-104_MT102.png
Vector fitting piece 8/22...
  energy: 8.400e+01 to 1.356e+02 eV (3126 points)
  error tolerance: rtol=0.001, atol=1e-05
Found 8 peaks
Fitting orders from 16 to 200
Order=16(0/93)
Order=18(1/93)
Order=20(2/93)
Order=22(3/93)
Found ideal results. Stop!
Found 4 real poles and 9 conjugate complex pairs.
Final number of poles: 13
Saved figure: WMP_Lib/Dy163/84-136_MT2.png
Saved figure: WMP_Lib/Dy163/84-136_MT27.png
Saved figure: WMP_Lib/Dy163/84-136_MT102.png
Vector fitting piece 9/22...
  energy: 1.124e+02 to 1.713e+02 eV (3261 points)
  error tolerance: rtol=0.001, atol=1e-05
Found 8 peaks
Fitting orders from 16 to 200
Order=16(0/93)
Order=18(1/93)
Order=20(2/93)
Order=22(3/93)
Found ideal results. Stop!
Found 4 real poles and 9 conjugate complex pairs.
Final number of poles: 13
Saved figure: WMP_Lib/Dy163/112-171_MT2.png
Saved figure: WMP_Lib/Dy163/112-171_MT27.png
Saved figure: WMP_Lib/Dy163/112-171_MT102.png
Vector fitting piece 10/22...
  energy: 1.450e+02 to 2.108e+02 eV (3260 points)
  error tolerance: rtol=0.001, atol=1e-05
Found 8 peaks
Fitting orders from 16 to 200
Order=16(0/93)
Order=18(1/93)
Order=20(2/93)
Order=22(3/93)
Found ideal results. Stop!
Found 2 real poles and 10 conjugate complex pairs.
Final number of poles: 12
Saved figure: WMP_Lib/Dy163/145-211_MT2.png
Saved figure: WMP_Lib/Dy163/145-211_MT27.png
Saved figure: WMP_Lib/Dy163/145-211_MT102.png
Vector fitting piece 11/22...
  energy: 1.815e+02 to 2.544e+02 eV (3392 points)
  error tolerance: rtol=0.001, atol=1e-05
Found 8 peaks
Fitting orders from 16 to 200
Order=16(0/93)
Order=18(1/93)
Order=20(2/93)
Order=22(3/93)
Found ideal results. Stop!
Found 6 real poles and 8 conjugate complex pairs.
Final number of poles: 14
Saved figure: WMP_Lib/Dy163/182-254_MT2.png
Saved figure: WMP_Lib/Dy163/182-254_MT27.png
Saved figure: WMP_Lib/Dy163/182-254_MT102.png
Vector fitting piece 12/22...
  energy: 2.223e+02 to 3.023e+02 eV (3971 points)
  error tolerance: rtol=0.001, atol=1e-05
Found 10 peaks
Fitting orders from 20 to 200
Order=20(0/91)
Order=22(1/91)
Order=24(2/91)
Found ideal results. Stop!
Found 4 real poles and 10 conjugate complex pairs.
Final number of poles: 14
Saved figure: WMP_Lib/Dy163/222-302_MT2.png
Saved figure: WMP_Lib/Dy163/222-302_MT27.png
Saved figure: WMP_Lib/Dy163/222-302_MT102.png
Vector fitting piece 13/22...
  energy: 2.672e+02 to 3.543e+02 eV (4545 points)
  error tolerance: rtol=0.001, atol=1e-05
Found 13 peaks
Fitting orders from 26 to 200
Order=26(0/88)
Order=28(1/88)
Order=30(2/88)
Order=32(3/88)
Found ideal results. Stop!
Found 4 real poles and 14 conjugate complex pairs.
Final number of poles: 18
Saved figure: WMP_Lib/Dy163/267-354_MT2.png
Saved figure: WMP_Lib/Dy163/267-354_MT27.png
Saved figure: WMP_Lib/Dy163/267-354_MT102.png
Vector fitting piece 14/22...
  energy: 3.160e+02 to 4.102e+02 eV (4720 points)
  error tolerance: rtol=0.001, atol=1e-05
Found 13 peaks
Fitting orders from 26 to 200
Order=26(0/88)
Order=28(1/88)
Order=30(2/88)
Order=32(3/88)
Found ideal results. Stop!
Found 4 real poles and 14 conjugate complex pairs.
Final number of poles: 18
Saved figure: WMP_Lib/Dy163/316-410_MT2.png
Saved figure: WMP_Lib/Dy163/316-410_MT27.png
Saved figure: WMP_Lib/Dy163/316-410_MT102.png
Vector fitting piece 15/22...
  energy: 3.692e+02 to 4.707e+02 eV (4718 points)
  error tolerance: rtol=0.001, atol=1e-05
Found 12 peaks
Fitting orders from 24 to 200
Order=24(0/89)
Order=26(1/89)
Order=28(2/89)
Order=30(3/89)
Order=32(4/89)
Order=34(5/89)
Order=36(6/89)
Order=38(7/89)
Order=40(8/89)
Order=42(9/89)
Order=44(10/89)
Order=46(11/89)
Order=48(12/89)
Order=50(13/89)
Order=52(14/89)
Order=54(15/89)
Order=56(16/89)
Order=58(17/89)
Order=60(18/89)
Found 4 real poles and 13 conjugate complex pairs.
Final number of poles: 17
Saved figure: WMP_Lib/Dy163/369-471_MT2.png
Saved figure: WMP_Lib/Dy163/369-471_MT27.png
Saved figure: WMP_Lib/Dy163/369-471_MT102.png
Vector fitting piece 16/22...
  energy: 4.264e+02 to 5.347e+02 eV (4209 points)
  error tolerance: rtol=0.001, atol=1e-05
Found 10 peaks
Fitting orders from 20 to 200
Order=20(0/91)
Order=22(1/91)
Order=24(2/91)
Order=26(3/91)
Found ideal results. Stop!
Found 6 real poles and 10 conjugate complex pairs.
Final number of poles: 16
Saved figure: WMP_Lib/Dy163/426-535_MT2.png
Saved figure: WMP_Lib/Dy163/426-535_MT27.png
Saved figure: WMP_Lib/Dy163/426-535_MT102.png
Vector fitting piece 17/22...
  energy: 4.877e+02 to 6.031e+02 eV (4159 points)
  error tolerance: rtol=0.001, atol=1e-05
Found 10 peaks
Fitting orders from 20 to 200
Order=20(0/91)
Order=22(1/91)
Order=24(2/91)
Order=26(3/91)
Found ideal results. Stop!
Found 6 real poles and 10 conjugate complex pairs.
Final number of poles: 16
Saved figure: WMP_Lib/Dy163/488-603_MT2.png
Saved figure: WMP_Lib/Dy163/488-603_MT27.png
Saved figure: WMP_Lib/Dy163/488-603_MT102.png
Vector fitting piece 18/22...
  energy: 5.532e+02 to 6.762e+02 eV (5098 points)
  error tolerance: rtol=0.001, atol=1e-05
Found 13 peaks
Fitting orders from 26 to 200
Order=26(0/88)
Order=28(1/88)
Order=30(2/88)
Order=32(3/88)
Found ideal results. Stop!
Found 6 real poles and 13 conjugate complex pairs.
Final number of poles: 19
Saved figure: WMP_Lib/Dy163/553-676_MT2.png
Saved figure: WMP_Lib/Dy163/553-676_MT27.png
Saved figure: WMP_Lib/Dy163/553-676_MT102.png
Vector fitting piece 19/22...
  energy: 6.227e+02 to 7.524e+02 eV (5726 points)
  error tolerance: rtol=0.001, atol=1e-05
Found 15 peaks
Fitting orders from 30 to 200
Order=30(0/86)
Order=32(1/86)
Order=34(2/86)
Order=36(3/86)
Order=38(4/86)
Order=40(5/86)
Order=42(6/86)
Order=44(7/86)
Order=46(8/86)
Order=48(9/86)
Order=50(10/86)
Order=52(11/86)
Order=54(12/86)
Order=56(13/86)
Order=58(14/86)
Order=60(15/86)
Found 4 real poles and 17 conjugate complex pairs.
Final number of poles: 21
Saved figure: WMP_Lib/Dy163/623-752_MT2.png
Saved figure: WMP_Lib/Dy163/623-752_MT27.png
Saved figure: WMP_Lib/Dy163/623-752_MT102.png
Vector fitting piece 20/22...
  energy: 6.964e+02 to 8.331e+02 eV (6346 points)
  error tolerance: rtol=0.001, atol=1e-05
Found 16 peaks
Fitting orders from 32 to 200
Order=32(0/85)
Order=34(1/85)
Order=36(2/85)
Order=38(3/85)
Order=40(4/85)
Order=42(5/85)
Order=44(6/85)
Order=46(7/85)
Order=48(8/85)
Order=50(9/85)
Order=52(10/85)
Order=54(11/85)
Order=56(12/85)
Order=58(13/85)
Order=60(14/85)
Found 4 real poles and 17 conjugate complex pairs.
Final number of poles: 21
Saved figure: WMP_Lib/Dy163/696-833_MT2.png
Saved figure: WMP_Lib/Dy163/696-833_MT27.png
Saved figure: WMP_Lib/Dy163/696-833_MT102.png
Vector fitting piece 21/22...
  energy: 7.741e+02 to 9.180e+02 eV (5060 points)
  error tolerance: rtol=0.001, atol=1e-05
Found 12 peaks
Fitting orders from 24 to 200
Order=24(0/89)
Order=26(1/89)
Order=28(2/89)
Order=30(3/89)
Order=32(4/89)
Order=34(5/89)
Order=36(6/89)
Order=38(7/89)
Order=40(8/89)
Order=42(9/89)
Order=44(10/89)
Order=46(11/89)
Order=48(12/89)
Order=50(13/89)
Order=52(14/89)
Order=54(15/89)
Order=56(16/89)
Order=58(17/89)
Order=60(18/89)
Found 6 real poles and 13 conjugate complex pairs.
Final number of poles: 19
Saved figure: WMP_Lib/Dy163/774-918_MT2.png
Saved figure: WMP_Lib/Dy163/774-918_MT27.png
Saved figure: WMP_Lib/Dy163/774-918_MT102.png
Vector fitting piece 22/22...
  energy: 8.561e+02 to 9.968e+02 eV (5375 points)
  error tolerance: rtol=0.001, atol=1e-05
Found 14 peaks
Fitting orders from 28 to 200
Order=28(0/87)
Order=30(1/87)
Order=32(2/87)
Order=34(3/87)
Order=36(4/87)
Order=38(5/87)
Order=40(6/87)
Order=42(7/87)
Order=44(8/87)
Order=46(9/87)
Order=48(10/87)
Order=50(11/87)
Order=52(12/87)
Order=54(13/87)
Order=56(14/87)
Order=58(15/87)
Order=60(16/87)
Found 2 real poles and 15 conjugate complex pairs.
Final number of poles: 17
Saved figure: WMP_Lib/Dy163/856-997_MT2.png
Saved figure: WMP_Lib/Dy163/856-997_MT27.png
Saved figure: WMP_Lib/Dy163/856-997_MT102.png
Dumped multipole data to file: WMP_Lib/Dy163/Dy163_mp.pickle
Start searching ...
Testing N_win=14 N_cf=10
Failed: Window spacing cannot be larger than piece spacing.
Testing N_win=118 N_cf=10
Windowing:
  config: # windows=118, spacing=0.26753369284524436, CF order=10
  error tolerance: rtol=0.001, atol=1e-05
Best library so far.
Testing N_win=118 N_cf=9
Windowing:
  config: # windows=118, spacing=0.26753369284524436, CF order=9
  error tolerance: rtol=0.001, atol=1e-05
Best library so far.
Testing N_win=118 N_cf=8
Windowing:
  config: # windows=118, spacing=0.26753369284524436, CF order=8
  error tolerance: rtol=0.001, atol=1e-05
Best library so far.
Testing N_win=118 N_cf=7
Windowing:
  config: # windows=118, spacing=0.26753369284524436, CF order=7
  error tolerance: rtol=0.001, atol=1e-05
Best library so far.
Testing N_win=118 N_cf=6
Windowing:
  config: # windows=118, spacing=0.26753369284524436, CF order=6
  error tolerance: rtol=0.001, atol=1e-05
Best library so far.
Testing N_win=118 N_cf=5
Windowing:
  config: # windows=118, spacing=0.26753369284524436, CF order=5
  error tolerance: rtol=0.001, atol=1e-05
Best library so far.
Testing N_win=118 N_cf=4
Windowing:
  config: # windows=118, spacing=0.26753369284524436, CF order=4
  error tolerance: rtol=0.001, atol=1e-05
Best library so far.
Testing N_win=118 N_cf=3
Windowing:
  config: # windows=118, spacing=0.26753369284524436, CF order=3
  error tolerance: rtol=0.001, atol=1e-05
Failed: Pure curvefit failed for the first window!
Testing N_win=223 N_cf=10
Windowing:
  config: # windows=223, spacing=0.14156491370286473, CF order=10
  error tolerance: rtol=0.001, atol=1e-05
Best library so far.
Testing N_win=223 N_cf=9
Windowing:
  config: # windows=223, spacing=0.14156491370286473, CF order=9
  error tolerance: rtol=0.001, atol=1e-05
Best library so far.
Testing N_win=223 N_cf=8
Windowing:
  config: # windows=223, spacing=0.14156491370286473, CF order=8
  error tolerance: rtol=0.001, atol=1e-05
Best library so far.
Testing N_win=223 N_cf=7
Windowing:
  config: # windows=223, spacing=0.14156491370286473, CF order=7
  error tolerance: rtol=0.001, atol=1e-05
Best library so far.
Testing N_win=223 N_cf=6
Windowing:
  config: # windows=223, spacing=0.14156491370286473, CF order=6
  error tolerance: rtol=0.001, atol=1e-05
Best library so far.
Testing N_win=223 N_cf=5
Windowing:
  config: # windows=223, spacing=0.14156491370286473, CF order=5
  error tolerance: rtol=0.001, atol=1e-05
Best library so far.
Testing N_win=223 N_cf=4
Windowing:
  config: # windows=223, spacing=0.14156491370286473, CF order=4
  error tolerance: rtol=0.001, atol=1e-05
Best library so far.
Testing N_win=223 N_cf=3
Windowing:
  config: # windows=223, spacing=0.14156491370286473, CF order=3
  error tolerance: rtol=0.001, atol=1e-05
Testing N_win=223 N_cf=2
Windowing:
  config: # windows=223, spacing=0.14156491370286473, CF order=2
  error tolerance: rtol=0.001, atol=1e-05
Failed: Pure curvefit failed for the first window!
Testing N_win=327 N_cf=10
Windowing:
  config: # windows=327, spacing=0.09654121026219827, CF order=10
  error tolerance: rtol=0.001, atol=1e-05
Testing N_win=327 N_cf=9
Windowing:
  config: # windows=327, spacing=0.09654121026219827, CF order=9
  error tolerance: rtol=0.001, atol=1e-05
Testing N_win=327 N_cf=8
Windowing:
  config: # windows=327, spacing=0.09654121026219827, CF order=8
  error tolerance: rtol=0.001, atol=1e-05
Testing N_win=327 N_cf=7
Windowing:
  config: # windows=327, spacing=0.09654121026219827, CF order=7
  error tolerance: rtol=0.001, atol=1e-05
Testing N_win=327 N_cf=6
Windowing:
  config: # windows=327, spacing=0.09654121026219827, CF order=6
  error tolerance: rtol=0.001, atol=1e-05
Testing N_win=327 N_cf=5
Windowing:
  config: # windows=327, spacing=0.09654121026219827, CF order=5
  error tolerance: rtol=0.001, atol=1e-05
Best library so far.
Testing N_win=327 N_cf=4
Windowing:
  config: # windows=327, spacing=0.09654121026219827, CF order=4
  error tolerance: rtol=0.001, atol=1e-05
Best library so far.
Testing N_win=327 N_cf=3
Windowing:
  config: # windows=327, spacing=0.09654121026219827, CF order=3
  error tolerance: rtol=0.001, atol=1e-05
Testing N_win=327 N_cf=2
Windowing:
  config: # windows=327, spacing=0.09654121026219827, CF order=2
  error tolerance: rtol=0.001, atol=1e-05
Failed: Pure curvefit failed for the first window!
Testing N_win=432 N_cf=10
Windowing:
  config: # windows=432, spacing=0.07307633276791396, CF order=10
  error tolerance: rtol=0.001, atol=1e-05
Testing N_win=432 N_cf=9
Windowing:
  config: # windows=432, spacing=0.07307633276791396, CF order=9
  error tolerance: rtol=0.001, atol=1e-05
Testing N_win=432 N_cf=8
Windowing:
  config: # windows=432, spacing=0.07307633276791396, CF order=8
  error tolerance: rtol=0.001, atol=1e-05
Testing N_win=432 N_cf=7
Windowing:
  config: # windows=432, spacing=0.07307633276791396, CF order=7
  error tolerance: rtol=0.001, atol=1e-05
Testing N_win=432 N_cf=6
Windowing:
  config: # windows=432, spacing=0.07307633276791396, CF order=6
  error tolerance: rtol=0.001, atol=1e-05
Testing N_win=432 N_cf=5
Windowing:
  config: # windows=432, spacing=0.07307633276791396, CF order=5
  error tolerance: rtol=0.001, atol=1e-05
Testing N_win=432 N_cf=4
Windowing:
  config: # windows=432, spacing=0.07307633276791396, CF order=4
  error tolerance: rtol=0.001, atol=1e-05
Best library so far.
Testing N_win=432 N_cf=3
Windowing:
  config: # windows=432, spacing=0.07307633276791396, CF order=3
  error tolerance: rtol=0.001, atol=1e-05
Testing N_win=432 N_cf=2
Windowing:
  config: # windows=432, spacing=0.07307633276791396, CF order=2
  error tolerance: rtol=0.001, atol=1e-05
Failed: Pure curvefit failed for the first window!
Testing N_win=536 N_cf=10
Windowing:
  config: # windows=536, spacing=0.05889734282787096, CF order=10
  error tolerance: rtol=0.001, atol=1e-05
Testing N_win=536 N_cf=9
Windowing:
  config: # windows=536, spacing=0.05889734282787096, CF order=9
  error tolerance: rtol=0.001, atol=1e-05
Testing N_win=536 N_cf=8
Windowing:
  config: # windows=536, spacing=0.05889734282787096, CF order=8
  error tolerance: rtol=0.001, atol=1e-05
Testing N_win=536 N_cf=7
Windowing:
  config: # windows=536, spacing=0.05889734282787096, CF order=7
  error tolerance: rtol=0.001, atol=1e-05
Testing N_win=536 N_cf=6
Windowing:
  config: # windows=536, spacing=0.05889734282787096, CF order=6
  error tolerance: rtol=0.001, atol=1e-05
Testing N_win=536 N_cf=5
Windowing:
  config: # windows=536, spacing=0.05889734282787096, CF order=5
  error tolerance: rtol=0.001, atol=1e-05
Testing N_win=536 N_cf=4
Windowing:
  config: # windows=536, spacing=0.05889734282787096, CF order=4
  error tolerance: rtol=0.001, atol=1e-05
Best library so far.
Testing N_win=536 N_cf=3
Windowing:
  config: # windows=536, spacing=0.05889734282787096, CF order=3
  error tolerance: rtol=0.001, atol=1e-05
Testing N_win=536 N_cf=2
Windowing:
  config: # windows=536, spacing=0.05889734282787096, CF order=2
  error tolerance: rtol=0.001, atol=1e-05
Failed: Pure curvefit failed for the first window!
Testing N_win=641 N_cf=10
Windowing:
  config: # windows=641, spacing=0.049249572161839054, CF order=10
  error tolerance: rtol=0.001, atol=1e-05
Testing N_win=641 N_cf=9
Windowing:
  config: # windows=641, spacing=0.049249572161839054, CF order=9
  error tolerance: rtol=0.001, atol=1e-05
Testing N_win=641 N_cf=8
Windowing:
  config: # windows=641, spacing=0.049249572161839054, CF order=8
  error tolerance: rtol=0.001, atol=1e-05
Testing N_win=641 N_cf=7
Windowing:
  config: # windows=641, spacing=0.049249572161839054, CF order=7
  error tolerance: rtol=0.001, atol=1e-05
Testing N_win=641 N_cf=6
Windowing:
  config: # windows=641, spacing=0.049249572161839054, CF order=6
  error tolerance: rtol=0.001, atol=1e-05
Testing N_win=641 N_cf=5
Windowing:
  config: # windows=641, spacing=0.049249572161839054, CF order=5
  error tolerance: rtol=0.001, atol=1e-05
Testing N_win=641 N_cf=4
Windowing:
  config: # windows=641, spacing=0.049249572161839054, CF order=4
  error tolerance: rtol=0.001, atol=1e-05
Testing N_win=641 N_cf=3
Windowing:
  config: # windows=641, spacing=0.049249572161839054, CF order=3
  error tolerance: rtol=0.001, atol=1e-05
Testing N_win=641 N_cf=2
Windowing:
  config: # windows=641, spacing=0.049249572161839054, CF order=2
  error tolerance: rtol=0.001, atol=1e-05
Failed: Pure curvefit failed for the first window!
Testing N_win=745 N_cf=10
Windowing:
  config: # windows=745, spacing=0.042374464101662866, CF order=10
  error tolerance: rtol=0.001, atol=1e-05
Testing N_win=745 N_cf=9
Windowing:
  config: # windows=745, spacing=0.042374464101662866, CF order=9
  error tolerance: rtol=0.001, atol=1e-05
Testing N_win=745 N_cf=8
Windowing:
  config: # windows=745, spacing=0.042374464101662866, CF order=8
  error tolerance: rtol=0.001, atol=1e-05
Testing N_win=745 N_cf=7
Windowing:
  config: # windows=745, spacing=0.042374464101662866, CF order=7
  error tolerance: rtol=0.001, atol=1e-05
Testing N_win=745 N_cf=6
Windowing:
  config: # windows=745, spacing=0.042374464101662866, CF order=6
  error tolerance: rtol=0.001, atol=1e-05
Testing N_win=745 N_cf=5
Windowing:
  config: # windows=745, spacing=0.042374464101662866, CF order=5
  error tolerance: rtol=0.001, atol=1e-05
Testing N_win=745 N_cf=4
Windowing:
  config: # windows=745, spacing=0.042374464101662866, CF order=4
  error tolerance: rtol=0.001, atol=1e-05
Testing N_win=745 N_cf=3
Windowing:
  config: # windows=745, spacing=0.042374464101662866, CF order=3
  error tolerance: rtol=0.001, atol=1e-05
Testing N_win=745 N_cf=2
Windowing:
  config: # windows=745, spacing=0.042374464101662866, CF order=2
  error tolerance: rtol=0.001, atol=1e-05
Failed: Pure curvefit failed for the first window!
Testing N_win=850 N_cf=10
Windowing:
  config: # windows=850, spacing=0.0371399714773398, CF order=10
  error tolerance: rtol=0.001, atol=1e-05
Testing N_win=850 N_cf=9
Windowing:
  config: # windows=850, spacing=0.0371399714773398, CF order=9
  error tolerance: rtol=0.001, atol=1e-05
Testing N_win=850 N_cf=8
Windowing:
  config: # windows=850, spacing=0.0371399714773398, CF order=8
  error tolerance: rtol=0.001, atol=1e-05
Testing N_win=850 N_cf=7
Windowing:
  config: # windows=850, spacing=0.0371399714773398, CF order=7
  error tolerance: rtol=0.001, atol=1e-05
Testing N_win=850 N_cf=6
Windowing:
  config: # windows=850, spacing=0.0371399714773398, CF order=6
  error tolerance: rtol=0.001, atol=1e-05
Testing N_win=850 N_cf=5
Windowing:
  config: # windows=850, spacing=0.0371399714773398, CF order=5
  error tolerance: rtol=0.001, atol=1e-05
Testing N_win=850 N_cf=4
Windowing:
  config: # windows=850, spacing=0.0371399714773398, CF order=4
  error tolerance: rtol=0.001, atol=1e-05
Testing N_win=850 N_cf=3
Windowing:
  config: # windows=850, spacing=0.0371399714773398, CF order=3
  error tolerance: rtol=0.001, atol=1e-05
Testing N_win=850 N_cf=2
Windowing:
  config: # windows=850, spacing=0.0371399714773398, CF order=2
  error tolerance: rtol=0.001, atol=1e-05
Failed: Pure curvefit failed for the first window!
Testing N_win=954 N_cf=10
Windowing:
  config: # windows=954, spacing=0.033091169555281796, CF order=10
  error tolerance: rtol=0.001, atol=1e-05
Testing N_win=954 N_cf=9
Windowing:
  config: # windows=954, spacing=0.033091169555281796, CF order=9
  error tolerance: rtol=0.001, atol=1e-05
Testing N_win=954 N_cf=8
Windowing:
  config: # windows=954, spacing=0.033091169555281796, CF order=8
  error tolerance: rtol=0.001, atol=1e-05
Testing N_win=954 N_cf=7
Windowing:
  config: # windows=954, spacing=0.033091169555281796, CF order=7
  error tolerance: rtol=0.001, atol=1e-05
Testing N_win=954 N_cf=6
Windowing:
  config: # windows=954, spacing=0.033091169555281796, CF order=6
  error tolerance: rtol=0.001, atol=1e-05
Testing N_win=954 N_cf=5
Windowing:
  config: # windows=954, spacing=0.033091169555281796, CF order=5
  error tolerance: rtol=0.001, atol=1e-05
Testing N_win=954 N_cf=4
Windowing:
  config: # windows=954, spacing=0.033091169555281796, CF order=4
  error tolerance: rtol=0.001, atol=1e-05
Testing N_win=954 N_cf=3
Windowing:
  config: # windows=954, spacing=0.033091169555281796, CF order=3
  error tolerance: rtol=0.001, atol=1e-05
Testing N_win=954 N_cf=2
Windowing:
  config: # windows=954, spacing=0.033091169555281796, CF order=2
  error tolerance: rtol=0.001, atol=1e-05
Failed: Pure curvefit failed for the first window!
Testing N_win=1059 N_cf=10
Windowing:
  config: # windows=1059, spacing=0.029810175406741107, CF order=10
  error tolerance: rtol=0.001, atol=1e-05
Testing N_win=1059 N_cf=9
Windowing:
  config: # windows=1059, spacing=0.029810175406741107, CF order=9
  error tolerance: rtol=0.001, atol=1e-05
Testing N_win=1059 N_cf=8
Windowing:
  config: # windows=1059, spacing=0.029810175406741107, CF order=8
  error tolerance: rtol=0.001, atol=1e-05
Testing N_win=1059 N_cf=7
Windowing:
  config: # windows=1059, spacing=0.029810175406741107, CF order=7
  error tolerance: rtol=0.001, atol=1e-05
Testing N_win=1059 N_cf=6
Windowing:
  config: # windows=1059, spacing=0.029810175406741107, CF order=6
  error tolerance: rtol=0.001, atol=1e-05
Testing N_win=1059 N_cf=5
Windowing:
  config: # windows=1059, spacing=0.029810175406741107, CF order=5
  error tolerance: rtol=0.001, atol=1e-05
Testing N_win=1059 N_cf=4
Windowing:
  config: # windows=1059, spacing=0.029810175406741107, CF order=4
  error tolerance: rtol=0.001, atol=1e-05
Testing N_win=1059 N_cf=3
Windowing:
  config: # windows=1059, spacing=0.029810175406741107, CF order=3
  error tolerance: rtol=0.001, atol=1e-05
Testing N_win=1059 N_cf=2
Windowing:
  config: # windows=1059, spacing=0.029810175406741107, CF order=2
  error tolerance: rtol=0.001, atol=1e-05
Failed: Pure curvefit failed for the first window!
Testing N_win=1163 N_cf=10
Windowing:
  config: # windows=1163, spacing=0.02714443315196804, CF order=10
  error tolerance: rtol=0.001, atol=1e-05
Testing N_win=1163 N_cf=9
Windowing:
  config: # windows=1163, spacing=0.02714443315196804, CF order=9
  error tolerance: rtol=0.001, atol=1e-05
Testing N_win=1163 N_cf=8
Windowing:
  config: # windows=1163, spacing=0.02714443315196804, CF order=8
  error tolerance: rtol=0.001, atol=1e-05
Testing N_win=1163 N_cf=7
Windowing:
  config: # windows=1163, spacing=0.02714443315196804, CF order=7
  error tolerance: rtol=0.001, atol=1e-05
Testing N_win=1163 N_cf=6
Windowing:
  config: # windows=1163, spacing=0.02714443315196804, CF order=6
  error tolerance: rtol=0.001, atol=1e-05
Testing N_win=1163 N_cf=5
Windowing:
  config: # windows=1163, spacing=0.02714443315196804, CF order=5
  error tolerance: rtol=0.001, atol=1e-05
Testing N_win=1163 N_cf=4
Windowing:
  config: # windows=1163, spacing=0.02714443315196804, CF order=4
  error tolerance: rtol=0.001, atol=1e-05
Testing N_win=1163 N_cf=3
Windowing:
  config: # windows=1163, spacing=0.02714443315196804, CF order=3
  error tolerance: rtol=0.001, atol=1e-05
Testing N_win=1163 N_cf=2
Windowing:
  config: # windows=1163, spacing=0.02714443315196804, CF order=2
  error tolerance: rtol=0.001, atol=1e-05
Failed: Pure curvefit failed for the first window!
Testing N_win=1268 N_cf=10
Windowing:
  config: # windows=1268, spacing=0.0248966685770811, CF order=10
  error tolerance: rtol=0.001, atol=1e-05
Testing N_win=1268 N_cf=9
Windowing:
  config: # windows=1268, spacing=0.0248966685770811, CF order=9
  error tolerance: rtol=0.001, atol=1e-05
Testing N_win=1268 N_cf=8
Windowing:
  config: # windows=1268, spacing=0.0248966685770811, CF order=8
  error tolerance: rtol=0.001, atol=1e-05
Testing N_win=1268 N_cf=7
Windowing:
  config: # windows=1268, spacing=0.0248966685770811, CF order=7
  error tolerance: rtol=0.001, atol=1e-05
Testing N_win=1268 N_cf=6
Windowing:
  config: # windows=1268, spacing=0.0248966685770811, CF order=6
  error tolerance: rtol=0.001, atol=1e-05
Testing N_win=1268 N_cf=5
Windowing:
  config: # windows=1268, spacing=0.0248966685770811, CF order=5
  error tolerance: rtol=0.001, atol=1e-05
Testing N_win=1268 N_cf=4
Windowing:
  config: # windows=1268, spacing=0.0248966685770811, CF order=4
  error tolerance: rtol=0.001, atol=1e-05
Testing N_win=1268 N_cf=3
Windowing:
  config: # windows=1268, spacing=0.0248966685770811, CF order=3
  error tolerance: rtol=0.001, atol=1e-05
Testing N_win=1268 N_cf=2
Windowing:
  config: # windows=1268, spacing=0.0248966685770811, CF order=2
  error tolerance: rtol=0.001, atol=1e-05
Failed: Pure curvefit failed for the first window!
Testing N_win=1372 N_cf=10
Windowing:
  config: # windows=1372, spacing=0.023009457547914603, CF order=10
  error tolerance: rtol=0.001, atol=1e-05
Testing N_win=1372 N_cf=9
Windowing:
  config: # windows=1372, spacing=0.023009457547914603, CF order=9
  error tolerance: rtol=0.001, atol=1e-05
Testing N_win=1372 N_cf=8
Windowing:
  config: # windows=1372, spacing=0.023009457547914603, CF order=8
  error tolerance: rtol=0.001, atol=1e-05
Testing N_win=1372 N_cf=7
Windowing:
  config: # windows=1372, spacing=0.023009457547914603, CF order=7
  error tolerance: rtol=0.001, atol=1e-05
Testing N_win=1372 N_cf=6
Windowing:
  config: # windows=1372, spacing=0.023009457547914603, CF order=6
  error tolerance: rtol=0.001, atol=1e-05
Testing N_win=1372 N_cf=5
Windowing:
  config: # windows=1372, spacing=0.023009457547914603, CF order=5
  error tolerance: rtol=0.001, atol=1e-05
Testing N_win=1372 N_cf=4
Windowing:
  config: # windows=1372, spacing=0.023009457547914603, CF order=4
  error tolerance: rtol=0.001, atol=1e-05
Testing N_win=1372 N_cf=3
Windowing:
  config: # windows=1372, spacing=0.023009457547914603, CF order=3
  error tolerance: rtol=0.001, atol=1e-05
Testing N_win=1372 N_cf=2
Windowing:
  config: # windows=1372, spacing=0.023009457547914603, CF order=2
  error tolerance: rtol=0.001, atol=1e-05
Failed: Pure curvefit failed for the first window!
Testing N_win=1477 N_cf=10
Windowing:
  config: # windows=1477, spacing=0.021373714120337735, CF order=10
  error tolerance: rtol=0.001, atol=1e-05
Testing N_win=1477 N_cf=9
Windowing:
  config: # windows=1477, spacing=0.021373714120337735, CF order=9
  error tolerance: rtol=0.001, atol=1e-05
Testing N_win=1477 N_cf=8
Windowing:
  config: # windows=1477, spacing=0.021373714120337735, CF order=8
  error tolerance: rtol=0.001, atol=1e-05
Testing N_win=1477 N_cf=7
Windowing:
  config: # windows=1477, spacing=0.021373714120337735, CF order=7
  error tolerance: rtol=0.001, atol=1e-05
Testing N_win=1477 N_cf=6
Windowing:
  config: # windows=1477, spacing=0.021373714120337735, CF order=6
  error tolerance: rtol=0.001, atol=1e-05
Testing N_win=1477 N_cf=5
Windowing:
  config: # windows=1477, spacing=0.021373714120337735, CF order=5
  error tolerance: rtol=0.001, atol=1e-05
Testing N_win=1477 N_cf=4
Windowing:
  config: # windows=1477, spacing=0.021373714120337735, CF order=4
  error tolerance: rtol=0.001, atol=1e-05
Testing N_win=1477 N_cf=3
Windowing:
  config: # windows=1477, spacing=0.021373714120337735, CF order=3
  error tolerance: rtol=0.001, atol=1e-05
Testing N_win=1477 N_cf=2
Windowing:
  config: # windows=1477, spacing=0.021373714120337735, CF order=2
  error tolerance: rtol=0.001, atol=1e-05
Failed: Pure curvefit failed for the first window!
Testing N_win=1581 N_cf=10
Windowing:
  config: # windows=1581, spacing=0.019967726600720326, CF order=10
  error tolerance: rtol=0.001, atol=1e-05
Testing N_win=1581 N_cf=9
Windowing:
  config: # windows=1581, spacing=0.019967726600720326, CF order=9
  error tolerance: rtol=0.001, atol=1e-05
Testing N_win=1581 N_cf=8
Windowing:
  config: # windows=1581, spacing=0.019967726600720326, CF order=8
  error tolerance: rtol=0.001, atol=1e-05
Testing N_win=1581 N_cf=7
Windowing:
  config: # windows=1581, spacing=0.019967726600720326, CF order=7
  error tolerance: rtol=0.001, atol=1e-05
Testing N_win=1581 N_cf=6
Windowing:
  config: # windows=1581, spacing=0.019967726600720326, CF order=6
  error tolerance: rtol=0.001, atol=1e-05
Testing N_win=1581 N_cf=5
Windowing:
  config: # windows=1581, spacing=0.019967726600720326, CF order=5
  error tolerance: rtol=0.001, atol=1e-05
Testing N_win=1581 N_cf=4
Windowing:
  config: # windows=1581, spacing=0.019967726600720326, CF order=4
  error tolerance: rtol=0.001, atol=1e-05
Testing N_win=1581 N_cf=3
Windowing:
  config: # windows=1581, spacing=0.019967726600720326, CF order=3
  error tolerance: rtol=0.001, atol=1e-05
Testing N_win=1581 N_cf=2
Windowing:
  config: # windows=1581, spacing=0.019967726600720326, CF order=2
  error tolerance: rtol=0.001, atol=1e-05
Failed: Pure curvefit failed for the first window!
Testing N_win=1686 N_cf=10
Windowing:
  config: # windows=1686, spacing=0.018724184908504644, CF order=10
  error tolerance: rtol=0.001, atol=1e-05
Testing N_win=1686 N_cf=9
Windowing:
  config: # windows=1686, spacing=0.018724184908504644, CF order=9
  error tolerance: rtol=0.001, atol=1e-05
Testing N_win=1686 N_cf=8
Windowing:
  config: # windows=1686, spacing=0.018724184908504644, CF order=8
  error tolerance: rtol=0.001, atol=1e-05
Testing N_win=1686 N_cf=7
Windowing:
  config: # windows=1686, spacing=0.018724184908504644, CF order=7
  error tolerance: rtol=0.001, atol=1e-05
Testing N_win=1686 N_cf=6
Windowing:
  config: # windows=1686, spacing=0.018724184908504644, CF order=6
  error tolerance: rtol=0.001, atol=1e-05
Testing N_win=1686 N_cf=5
Windowing:
  config: # windows=1686, spacing=0.018724184908504644, CF order=5
  error tolerance: rtol=0.001, atol=1e-05
Testing N_win=1686 N_cf=4
Windowing:
  config: # windows=1686, spacing=0.018724184908504644, CF order=4
  error tolerance: rtol=0.001, atol=1e-05
Testing N_win=1686 N_cf=3
Windowing:
  config: # windows=1686, spacing=0.018724184908504644, CF order=3
  error tolerance: rtol=0.001, atol=1e-05
Testing N_win=1686 N_cf=2
Windowing:
  config: # windows=1686, spacing=0.018724184908504644, CF order=2
  error tolerance: rtol=0.001, atol=1e-05
Failed: Pure curvefit failed for the first window!
Testing N_win=1790 N_cf=10
Windowing:
  config: # windows=1790, spacing=0.01763629930488203, CF order=10
  error tolerance: rtol=0.001, atol=1e-05
Testing N_win=1790 N_cf=9
Windowing:
  config: # windows=1790, spacing=0.01763629930488203, CF order=9
  error tolerance: rtol=0.001, atol=1e-05
Testing N_win=1790 N_cf=8
Windowing:
  config: # windows=1790, spacing=0.01763629930488203, CF order=8
  error tolerance: rtol=0.001, atol=1e-05
Testing N_win=1790 N_cf=7
Windowing:
  config: # windows=1790, spacing=0.01763629930488203, CF order=7
  error tolerance: rtol=0.001, atol=1e-05
Testing N_win=1790 N_cf=6
Windowing:
  config: # windows=1790, spacing=0.01763629930488203, CF order=6
  error tolerance: rtol=0.001, atol=1e-05
Testing N_win=1790 N_cf=5
Windowing:
  config: # windows=1790, spacing=0.01763629930488203, CF order=5
  error tolerance: rtol=0.001, atol=1e-05
Testing N_win=1790 N_cf=4
Windowing:
  config: # windows=1790, spacing=0.01763629930488203, CF order=4
  error tolerance: rtol=0.001, atol=1e-05
Testing N_win=1790 N_cf=3
Windowing:
  config: # windows=1790, spacing=0.01763629930488203, CF order=3
  error tolerance: rtol=0.001, atol=1e-05
Testing N_win=1790 N_cf=2
Windowing:
  config: # windows=1790, spacing=0.01763629930488203, CF order=2
  error tolerance: rtol=0.001, atol=1e-05
Failed: Pure curvefit failed for the first window!
Testing N_win=1895 N_cf=10
Windowing:
  config: # windows=1895, spacing=0.016659090108569304, CF order=10
  error tolerance: rtol=0.001, atol=1e-05
Testing N_win=1895 N_cf=9
Windowing:
  config: # windows=1895, spacing=0.016659090108569304, CF order=9
  error tolerance: rtol=0.001, atol=1e-05
Testing N_win=1895 N_cf=8
Windowing:
  config: # windows=1895, spacing=0.016659090108569304, CF order=8
  error tolerance: rtol=0.001, atol=1e-05
Testing N_win=1895 N_cf=7
Windowing:
  config: # windows=1895, spacing=0.016659090108569304, CF order=7
  error tolerance: rtol=0.001, atol=1e-05
Testing N_win=1895 N_cf=6
Windowing:
  config: # windows=1895, spacing=0.016659090108569304, CF order=6
  error tolerance: rtol=0.001, atol=1e-05
Testing N_win=1895 N_cf=5
Windowing:
  config: # windows=1895, spacing=0.016659090108569304, CF order=5
  error tolerance: rtol=0.001, atol=1e-05
Testing N_win=1895 N_cf=4
Windowing:
  config: # windows=1895, spacing=0.016659090108569304, CF order=4
  error tolerance: rtol=0.001, atol=1e-05
Testing N_win=1895 N_cf=3
Windowing:
  config: # windows=1895, spacing=0.016659090108569304, CF order=3
  error tolerance: rtol=0.001, atol=1e-05
Testing N_win=1895 N_cf=2
Windowing:
  config: # windows=1895, spacing=0.016659090108569304, CF order=2
  error tolerance: rtol=0.001, atol=1e-05
Failed: Pure curvefit failed for the first window!
Testing N_win=2000 N_cf=10
Windowing:
  config: # windows=2000, spacing=0.015784487877869416, CF order=10
  error tolerance: rtol=0.001, atol=1e-05
Testing N_win=2000 N_cf=9
Windowing:
  config: # windows=2000, spacing=0.015784487877869416, CF order=9
  error tolerance: rtol=0.001, atol=1e-05
Testing N_win=2000 N_cf=8
Windowing:
  config: # windows=2000, spacing=0.015784487877869416, CF order=8
  error tolerance: rtol=0.001, atol=1e-05
Testing N_win=2000 N_cf=7
Windowing:
  config: # windows=2000, spacing=0.015784487877869416, CF order=7
  error tolerance: rtol=0.001, atol=1e-05
Testing N_win=2000 N_cf=6
Windowing:
  config: # windows=2000, spacing=0.015784487877869416, CF order=6
  error tolerance: rtol=0.001, atol=1e-05
Testing N_win=2000 N_cf=5
Windowing:
  config: # windows=2000, spacing=0.015784487877869416, CF order=5
  error tolerance: rtol=0.001, atol=1e-05
Testing N_win=2000 N_cf=4
Windowing:
  config: # windows=2000, spacing=0.015784487877869416, CF order=4
  error tolerance: rtol=0.001, atol=1e-05
Testing N_win=2000 N_cf=3
Windowing:
  config: # windows=2000, spacing=0.015784487877869416, CF order=3
  error tolerance: rtol=0.001, atol=1e-05
Testing N_win=2000 N_cf=2
Windowing:
  config: # windows=2000, spacing=0.015784487877869416, CF order=2
  error tolerance: rtol=0.001, atol=1e-05
Failed: Pure curvefit failed for the first window!
Final library: 175 poles, 536 windows, 3.4 poles per window, 4 CF order
