Running NJOY to get 0K point-wise data (error=0.0005)...
Parsing cross sections within resolved resonance range...
  MTs: [2, 27, 102, 18]
  Energy range: 1.000e-05 to 9.230e+02 eV (35236 points)
Vector fitting piece 1/17...
  energy: 1.000e-05 to 3.718e+00 eV (1215 points)
  error tolerance: rtol=0.001, atol=1e-05
Found 1 peaks
Fitting orders from 2 to 200
Order=2(0/100)
Order=4(1/100)
Order=6(2/100)
Order=8(3/100)
Found ideal results. Stop!
Found 2 real poles and 3 conjugate complex pairs.
Final number of poles: 5
Saved figure: WMP_Lib/Pu242/0-4_MT2.png
Saved figure: WMP_Lib/Pu242/0-4_MT27.png
Saved figure: WMP_Lib/Pu242/0-4_MT102.png
Saved figure: WMP_Lib/Pu242/0-4_MT18.png
Vector fitting piece 2/17...
  energy: 5.781e-01 to 1.378e+01 eV (889 points)
  error tolerance: rtol=0.001, atol=1e-05
Found 1 peaks
Fitting orders from 2 to 200
Order=2(0/100)
Order=4(1/100)
Order=6(2/100)
Order=8(3/100)
Found ideal results. Stop!
Found 2 real poles and 3 conjugate complex pairs.
Final number of poles: 5
Saved figure: WMP_Lib/Pu242/1-14_MT2.png
Saved figure: WMP_Lib/Pu242/1-14_MT27.png
Saved figure: WMP_Lib/Pu242/1-14_MT102.png
Saved figure: WMP_Lib/Pu242/1-14_MT18.png
Vector fitting piece 3/17...
  energy: 6.484e+00 to 3.060e+01 eV (1250 points)
  error tolerance: rtol=0.001, atol=1e-05
Found 2 peaks
Fitting orders from 4 to 200
Order=4(0/99)
Order=6(1/99)
Order=8(2/99)
Order=10(3/99)
Found ideal results. Stop!
Found 2 real poles and 4 conjugate complex pairs.
Final number of poles: 6
Saved figure: WMP_Lib/Pu242/6-31_MT2.png
Saved figure: WMP_Lib/Pu242/6-31_MT27.png
Saved figure: WMP_Lib/Pu242/6-31_MT102.png
Saved figure: WMP_Lib/Pu242/6-31_MT18.png
Vector fitting piece 4/17...
  energy: 1.882e+01 to 5.304e+01 eV (1586 points)
  error tolerance: rtol=0.001, atol=1e-05
Found 2 peaks
Fitting orders from 4 to 200
Order=4(0/99)
Order=6(1/99)
Order=8(2/99)
Order=10(3/99)
Order=12(4/99)
Order=14(5/99)
Order=16(6/99)
Order=18(7/99)
Order=20(8/99)
Order=22(9/99)
Order=24(10/99)
Order=26(11/99)
Order=28(12/99)
Order=30(13/99)
Order=32(14/99)
Order=34(15/99)
Order=36(16/99)
Order=38(17/99)
Order=40(18/99)
Order=42(19/99)
Order=44(20/99)
Order=46(21/99)
Order=48(22/99)
Order=50(23/99)
Order=52(24/99)
Order=54(25/99)
Order=56(26/99)
Order=58(27/99)
Order=60(28/99)
Found 2 real poles and 4 conjugate complex pairs.
Final number of poles: 6
Saved figure: WMP_Lib/Pu242/19-53_MT2.png
Saved figure: WMP_Lib/Pu242/19-53_MT27.png
Saved figure: WMP_Lib/Pu242/19-53_MT102.png
Saved figure: WMP_Lib/Pu242/19-53_MT18.png
Vector fitting piece 5/17...
  energy: 3.749e+01 to 8.258e+01 eV (2149 points)
  error tolerance: rtol=0.001, atol=1e-05
Found 3 peaks
Fitting orders from 6 to 200
Order=6(0/98)
Order=8(1/98)
Order=10(2/98)
Order=12(3/98)
Order=14(4/98)
Order=16(5/98)
Order=18(6/98)
Order=20(7/98)
Order=22(8/98)
Order=24(9/98)
Order=26(10/98)
Order=28(11/98)
Order=30(12/98)
Order=32(13/98)
Order=34(14/98)
Order=36(15/98)
Order=38(16/98)
Order=40(17/98)
Order=42(18/98)
Order=44(19/98)
Order=46(20/98)
Order=48(21/98)
Order=50(22/98)
Order=52(23/98)
Order=54(24/98)
Order=56(25/98)
Order=58(26/98)
Order=60(27/98)
Found 2 real poles and 4 conjugate complex pairs.
Final number of poles: 6
Saved figure: WMP_Lib/Pu242/37-83_MT2.png
Saved figure: WMP_Lib/Pu242/37-83_MT27.png
Saved figure: WMP_Lib/Pu242/37-83_MT102.png
Saved figure: WMP_Lib/Pu242/37-83_MT18.png
Vector fitting piece 6/17...
  energy: 6.252e+01 to 1.180e+02 eV (2262 points)
  error tolerance: rtol=0.001, atol=1e-05
Found 3 peaks
Fitting orders from 6 to 200
Order=6(0/98)
Order=8(1/98)
Order=10(2/98)
Order=12(3/98)
Order=14(4/98)
Order=16(5/98)
Order=18(6/98)
Order=20(7/98)
Order=22(8/98)
Order=24(9/98)
Order=26(10/98)
Order=28(11/98)
Order=30(12/98)
Order=32(13/98)
Order=34(14/98)
Order=36(15/98)
Order=38(16/98)
Order=40(17/98)
Order=42(18/98)
Order=44(19/98)
Order=46(20/98)
Order=48(21/98)
Order=50(22/98)
Order=52(23/98)
Order=54(24/98)
Order=56(25/98)
Order=58(26/98)
Order=60(27/98)
Found 4 real poles and 4 conjugate complex pairs.
Final number of poles: 8
Saved figure: WMP_Lib/Pu242/63-118_MT2.png
Saved figure: WMP_Lib/Pu242/63-118_MT27.png
Saved figure: WMP_Lib/Pu242/63-118_MT102.png
Saved figure: WMP_Lib/Pu242/63-118_MT18.png
Vector fitting piece 7/17...
  energy: 9.405e+01 to 1.603e+02 eV (2708 points)
  error tolerance: rtol=0.001, atol=1e-05
Found 4 peaks
Fitting orders from 8 to 200
Order=8(0/97)
Order=10(1/97)
Order=12(2/97)
Order=14(3/97)
Order=16(4/97)
Order=18(5/97)
Order=20(6/97)
Order=22(7/97)
Order=24(8/97)
Order=26(9/97)
Order=28(10/97)
Order=30(11/97)
Order=32(12/97)
Order=34(13/97)
Order=36(14/97)
Order=38(15/97)
Order=40(16/97)
Order=42(17/97)
Order=44(18/97)
Order=46(19/97)
Order=48(20/97)
Order=50(21/97)
Order=52(22/97)
Order=54(23/97)
Order=56(24/97)
Order=58(25/97)
Order=60(26/97)
Found 4 real poles and 5 conjugate complex pairs.
Final number of poles: 9
Saved figure: WMP_Lib/Pu242/94-160_MT2.png
Saved figure: WMP_Lib/Pu242/94-160_MT27.png
Saved figure: WMP_Lib/Pu242/94-160_MT102.png
Saved figure: WMP_Lib/Pu242/94-160_MT18.png
Vector fitting piece 8/17...
  energy: 1.319e+02 to 2.084e+02 eV (2483 points)
  error tolerance: rtol=0.001, atol=1e-05
Found 4 peaks
Fitting orders from 8 to 200
Order=8(0/97)
Order=10(1/97)
Order=12(2/97)
Order=14(3/97)
Order=16(4/97)
Order=18(5/97)
Order=20(6/97)
Order=22(7/97)
Order=24(8/97)
Order=26(9/97)
Order=28(10/97)
Order=30(11/97)
Order=32(12/97)
Order=34(13/97)
Order=36(14/97)
Order=38(15/97)
Order=40(16/97)
Order=42(17/97)
Order=44(18/97)
Order=46(19/97)
Order=48(20/97)
Order=50(21/97)
Order=52(22/97)
Order=54(23/97)
Order=56(24/97)
Order=58(25/97)
Order=60(26/97)
Found 4 real poles and 6 conjugate complex pairs.
Final number of poles: 10
Saved figure: WMP_Lib/Pu242/132-208_MT2.png
Saved figure: WMP_Lib/Pu242/132-208_MT27.png
Saved figure: WMP_Lib/Pu242/132-208_MT102.png
Saved figure: WMP_Lib/Pu242/132-208_MT18.png
Vector fitting piece 9/17...
  energy: 1.761e+02 to 2.631e+02 eV (2884 points)
  error tolerance: rtol=0.001, atol=1e-05
Found 5 peaks
Fitting orders from 10 to 200
Order=10(0/96)
Order=12(1/96)
Order=14(2/96)
Order=16(3/96)
Order=18(4/96)
Order=20(5/96)
Order=22(6/96)
Order=24(7/96)
Order=26(8/96)
Order=28(9/96)
Order=30(10/96)
Order=32(11/96)
Order=34(12/96)
Order=36(13/96)
Order=38(14/96)
Order=40(15/96)
Order=42(16/96)
Order=44(17/96)
Order=46(18/96)
Order=48(19/96)
Order=50(20/96)
Order=52(21/96)
Order=54(22/96)
Order=56(23/96)
Order=58(24/96)
Order=60(25/96)
Found 4 real poles and 6 conjugate complex pairs.
Final number of poles: 10
Saved figure: WMP_Lib/Pu242/176-263_MT2.png
Saved figure: WMP_Lib/Pu242/176-263_MT27.png
Saved figure: WMP_Lib/Pu242/176-263_MT102.png
Saved figure: WMP_Lib/Pu242/176-263_MT18.png
Vector fitting piece 10/17...
  energy: 2.266e+02 to 3.242e+02 eV (4339 points)
  error tolerance: rtol=0.001, atol=1e-05
Found 9 peaks
Fitting orders from 18 to 200
Order=18(0/92)
Order=20(1/92)
Order=22(2/92)
Order=24(3/92)
Order=26(4/92)
Order=28(5/92)
Order=30(6/92)
Order=32(7/92)
Order=34(8/92)
Order=36(9/92)
Order=38(10/92)
Order=40(11/92)
Order=42(12/92)
Order=44(13/92)
Order=46(14/92)
Order=48(15/92)
Order=50(16/92)
Order=52(17/92)
Order=54(18/92)
Order=56(19/92)
Order=58(20/92)
Order=60(21/92)
Found 2 real poles and 11 conjugate complex pairs.
Final number of poles: 13
Saved figure: WMP_Lib/Pu242/227-324_MT2.png
Saved figure: WMP_Lib/Pu242/227-324_MT27.png
Saved figure: WMP_Lib/Pu242/227-324_MT102.png
Saved figure: WMP_Lib/Pu242/227-324_MT18.png
Vector fitting piece 11/17...
  energy: 2.836e+02 to 3.918e+02 eV (4402 points)
  error tolerance: rtol=0.001, atol=1e-05
Found 8 peaks
Fitting orders from 16 to 200
Order=16(0/93)
Order=18(1/93)
Order=20(2/93)
Order=22(3/93)
Order=24(4/93)
Order=26(5/93)
Order=28(6/93)
Order=30(7/93)
Order=32(8/93)
Order=34(9/93)
Order=36(10/93)
Order=38(11/93)
Order=40(12/93)
Order=42(13/93)
Order=44(14/93)
Order=46(15/93)
Order=48(16/93)
Order=50(17/93)
Order=52(18/93)
Order=54(19/93)
Order=56(20/93)
Order=58(21/93)
Order=60(22/93)
Found 6 real poles and 8 conjugate complex pairs.
Final number of poles: 14
Saved figure: WMP_Lib/Pu242/284-392_MT2.png
Saved figure: WMP_Lib/Pu242/284-392_MT27.png
Saved figure: WMP_Lib/Pu242/284-392_MT102.png
Saved figure: WMP_Lib/Pu242/284-392_MT18.png
Vector fitting piece 12/17...
  energy: 3.472e+02 to 4.660e+02 eV (3869 points)
  error tolerance: rtol=0.001, atol=1e-05
Found 8 peaks
Fitting orders from 16 to 200
Order=16(0/93)
Order=18(1/93)
Order=20(2/93)
Order=22(3/93)
Order=24(4/93)
Order=26(5/93)
Order=28(6/93)
Order=30(7/93)
Order=32(8/93)
Order=34(9/93)
Order=36(10/93)
Order=38(11/93)
Order=40(12/93)
Order=42(13/93)
Order=44(14/93)
Order=46(15/93)
Order=48(16/93)
Order=50(17/93)
Order=52(18/93)
Order=54(19/93)
Order=56(20/93)
Order=58(21/93)
Order=60(22/93)
Found 2 real poles and 10 conjugate complex pairs.
Final number of poles: 12
Saved figure: WMP_Lib/Pu242/347-466_MT2.png
Saved figure: WMP_Lib/Pu242/347-466_MT27.png
Saved figure: WMP_Lib/Pu242/347-466_MT102.png
Saved figure: WMP_Lib/Pu242/347-466_MT18.png
Vector fitting piece 13/17...
  energy: 4.169e+02 to 5.460e+02 eV (3536 points)
  error tolerance: rtol=0.001, atol=1e-05
Found 8 peaks
Fitting orders from 16 to 200
Order=16(0/93)
Order=18(1/93)
Order=20(2/93)
Order=22(3/93)
Order=24(4/93)
Order=26(5/93)
Order=28(6/93)
Order=30(7/93)
Order=32(8/93)
Order=34(9/93)
Order=36(10/93)
Order=38(11/93)
Order=40(12/93)
Order=42(13/93)
Order=44(14/93)
Order=46(15/93)
Order=48(16/93)
Order=50(17/93)
Order=52(18/93)
Order=54(19/93)
Order=56(20/93)
Order=58(21/93)
Order=60(22/93)
Found 2 real poles and 10 conjugate complex pairs.
Final number of poles: 12
Saved figure: WMP_Lib/Pu242/417-546_MT2.png
Saved figure: WMP_Lib/Pu242/417-546_MT27.png
Saved figure: WMP_Lib/Pu242/417-546_MT102.png
Saved figure: WMP_Lib/Pu242/417-546_MT18.png
Vector fitting piece 14/17...
  energy: 4.932e+02 to 6.329e+02 eV (4635 points)
  error tolerance: rtol=0.001, atol=1e-05
Found 8 peaks
Fitting orders from 16 to 200
Order=16(0/93)
Order=18(1/93)
Order=20(2/93)
Order=22(3/93)
Order=24(4/93)
Order=26(5/93)
Order=28(6/93)
Order=30(7/93)
Order=32(8/93)
Order=34(9/93)
Order=36(10/93)
Order=38(11/93)
Order=40(12/93)
Order=42(13/93)
Order=44(14/93)
Order=46(15/93)
Order=48(16/93)
Order=50(17/93)
Order=52(18/93)
Order=54(19/93)
Order=56(20/93)
Order=58(21/93)
Order=60(22/93)
Found 2 real poles and 10 conjugate complex pairs.
Final number of poles: 12
Saved figure: WMP_Lib/Pu242/493-633_MT2.png
Saved figure: WMP_Lib/Pu242/493-633_MT27.png
Saved figure: WMP_Lib/Pu242/493-633_MT102.png
Saved figure: WMP_Lib/Pu242/493-633_MT18.png
Vector fitting piece 15/17...
  energy: 5.758e+02 to 7.258e+02 eV (5072 points)
  error tolerance: rtol=0.001, atol=1e-05
Found 9 peaks
Fitting orders from 18 to 200
Order=18(0/92)
Order=20(1/92)
Order=22(2/92)
Order=24(3/92)
Order=26(4/92)
Order=28(5/92)
Order=30(6/92)
Order=32(7/92)
Order=34(8/92)
Order=36(9/92)
Order=38(10/92)
Order=40(11/92)
Order=42(12/92)
Order=44(13/92)
Order=46(14/92)
Order=48(15/92)
Order=50(16/92)
Order=52(17/92)
Order=54(18/92)
Order=56(19/92)
Order=58(20/92)
Order=60(21/92)
Found 4 real poles and 10 conjugate complex pairs.
Final number of poles: 14
Saved figure: WMP_Lib/Pu242/576-726_MT2.png
Saved figure: WMP_Lib/Pu242/576-726_MT27.png
Saved figure: WMP_Lib/Pu242/576-726_MT102.png
Saved figure: WMP_Lib/Pu242/576-726_MT18.png
Vector fitting piece 16/17...
  energy: 6.647e+02 to 8.252e+02 eV (5644 points)
  error tolerance: rtol=0.001, atol=1e-05
Found 11 peaks
Fitting orders from 22 to 200
Order=22(0/90)
Order=24(1/90)
Order=26(2/90)
Order=28(3/90)
Order=30(4/90)
Order=32(5/90)
Order=34(6/90)
Order=36(7/90)
Order=38(8/90)
Order=40(9/90)
Order=42(10/90)
Order=44(11/90)
Order=46(12/90)
Order=48(13/90)
Order=50(14/90)
Order=52(15/90)
Order=54(16/90)
Order=56(17/90)
Order=58(18/90)
Order=60(19/90)
Found 4 real poles and 11 conjugate complex pairs.
Final number of poles: 15
Saved figure: WMP_Lib/Pu242/665-825_MT2.png
Saved figure: WMP_Lib/Pu242/665-825_MT27.png
Saved figure: WMP_Lib/Pu242/665-825_MT102.png
Saved figure: WMP_Lib/Pu242/665-825_MT18.png
Vector fitting piece 17/17...
  energy: 7.600e+02 to 9.230e+02 eV (5252 points)
  error tolerance: rtol=0.001, atol=1e-05
Found 10 peaks
Fitting orders from 20 to 200
Order=20(0/91)
Order=22(1/91)
Order=24(2/91)
Order=26(3/91)
Order=28(4/91)
Order=30(5/91)
Order=32(6/91)
Order=34(7/91)
Order=36(8/91)
Order=38(9/91)
Order=40(10/91)
Order=42(11/91)
Order=44(12/91)
Order=46(13/91)
Order=48(14/91)
Order=50(15/91)
Order=52(16/91)
Order=54(17/91)
Order=56(18/91)
Order=58(19/91)
Order=60(20/91)
Found 2 real poles and 11 conjugate complex pairs.
Final number of poles: 13
Saved figure: WMP_Lib/Pu242/760-923_MT2.png
Saved figure: WMP_Lib/Pu242/760-923_MT27.png
Saved figure: WMP_Lib/Pu242/760-923_MT102.png
Saved figure: WMP_Lib/Pu242/760-923_MT18.png
Dumped multipole data to file: WMP_Lib/Pu242/Pu242_mp.pickle
Start searching ...
Testing N_win=8 N_cf=10
Failed: Window spacing cannot be larger than piece spacing.
Testing N_win=112 N_cf=10
Windowing:
  config: # windows=112, spacing=0.2712299208794318, CF order=10
  error tolerance: rtol=0.001, atol=1e-05
Best library so far.
Testing N_win=112 N_cf=9
Windowing:
  config: # windows=112, spacing=0.2712299208794318, CF order=9
  error tolerance: rtol=0.001, atol=1e-05
Best library so far.
Testing N_win=112 N_cf=8
Windowing:
  config: # windows=112, spacing=0.2712299208794318, CF order=8
  error tolerance: rtol=0.001, atol=1e-05
Best library so far.
Testing N_win=112 N_cf=7
Windowing:
  config: # windows=112, spacing=0.2712299208794318, CF order=7
  error tolerance: rtol=0.001, atol=1e-05
Best library so far.
Testing N_win=112 N_cf=6
Windowing:
  config: # windows=112, spacing=0.2712299208794318, CF order=6
  error tolerance: rtol=0.001, atol=1e-05
Best library so far.
Testing N_win=112 N_cf=5
Windowing:
  config: # windows=112, spacing=0.2712299208794318, CF order=5
  error tolerance: rtol=0.001, atol=1e-05
Best library so far.
Testing N_win=112 N_cf=4
Windowing:
  config: # windows=112, spacing=0.2712299208794318, CF order=4
  error tolerance: rtol=0.001, atol=1e-05
Best library so far.
Testing N_win=112 N_cf=3
Windowing:
  config: # windows=112, spacing=0.2712299208794318, CF order=3
  error tolerance: rtol=0.001, atol=1e-05
Testing N_win=112 N_cf=2
Windowing:
  config: # windows=112, spacing=0.2712299208794318, CF order=2
  error tolerance: rtol=0.001, atol=1e-05
Failed: Pure curvefit failed for the first window!
Testing N_win=217 N_cf=10
Windowing:
  config: # windows=217, spacing=0.13998963658293254, CF order=10
  error tolerance: rtol=0.001, atol=1e-05
Testing N_win=217 N_cf=9
Windowing:
  config: # windows=217, spacing=0.13998963658293254, CF order=9
  error tolerance: rtol=0.001, atol=1e-05
Best library so far.
Testing N_win=217 N_cf=8
Windowing:
  config: # windows=217, spacing=0.13998963658293254, CF order=8
  error tolerance: rtol=0.001, atol=1e-05
Best library so far.
Testing N_win=217 N_cf=7
Windowing:
  config: # windows=217, spacing=0.13998963658293254, CF order=7
  error tolerance: rtol=0.001, atol=1e-05
Best library so far.
Testing N_win=217 N_cf=6
Windowing:
  config: # windows=217, spacing=0.13998963658293254, CF order=6
  error tolerance: rtol=0.001, atol=1e-05
Best library so far.
Testing N_win=217 N_cf=5
Windowing:
  config: # windows=217, spacing=0.13998963658293254, CF order=5
  error tolerance: rtol=0.001, atol=1e-05
Best library so far.
Testing N_win=217 N_cf=4
Windowing:
  config: # windows=217, spacing=0.13998963658293254, CF order=4
  error tolerance: rtol=0.001, atol=1e-05
Best library so far.
Testing N_win=217 N_cf=3
Windowing:
  config: # windows=217, spacing=0.13998963658293254, CF order=3
  error tolerance: rtol=0.001, atol=1e-05
Testing N_win=217 N_cf=2
Windowing:
  config: # windows=217, spacing=0.13998963658293254, CF order=2
  error tolerance: rtol=0.001, atol=1e-05
Failed: Pure curvefit failed for the first window!
Testing N_win=322 N_cf=10
Windowing:
  config: # windows=322, spacing=0.09434084204501976, CF order=10
  error tolerance: rtol=0.001, atol=1e-05
Testing N_win=322 N_cf=9
Windowing:
  config: # windows=322, spacing=0.09434084204501976, CF order=9
  error tolerance: rtol=0.001, atol=1e-05
Testing N_win=322 N_cf=8
Windowing:
  config: # windows=322, spacing=0.09434084204501976, CF order=8
  error tolerance: rtol=0.001, atol=1e-05
Testing N_win=322 N_cf=7
Windowing:
  config: # windows=322, spacing=0.09434084204501976, CF order=7
  error tolerance: rtol=0.001, atol=1e-05
Testing N_win=322 N_cf=6
Windowing:
  config: # windows=322, spacing=0.09434084204501976, CF order=6
  error tolerance: rtol=0.001, atol=1e-05
Testing N_win=322 N_cf=5
Windowing:
  config: # windows=322, spacing=0.09434084204501976, CF order=5
  error tolerance: rtol=0.001, atol=1e-05
Testing N_win=322 N_cf=4
Windowing:
  config: # windows=322, spacing=0.09434084204501976, CF order=4
  error tolerance: rtol=0.001, atol=1e-05
Best library so far.
Testing N_win=322 N_cf=3
Windowing:
  config: # windows=322, spacing=0.09434084204501976, CF order=3
  error tolerance: rtol=0.001, atol=1e-05
Testing N_win=322 N_cf=2
Windowing:
  config: # windows=322, spacing=0.09434084204501976, CF order=2
  error tolerance: rtol=0.001, atol=1e-05
Failed: Pure curvefit failed for the first window!
Testing N_win=427 N_cf=10
Windowing:
  config: # windows=427, spacing=0.0711422743290313, CF order=10
  error tolerance: rtol=0.001, atol=1e-05
Testing N_win=427 N_cf=9
Windowing:
  config: # windows=427, spacing=0.0711422743290313, CF order=9
  error tolerance: rtol=0.001, atol=1e-05
Testing N_win=427 N_cf=8
Windowing:
  config: # windows=427, spacing=0.0711422743290313, CF order=8
  error tolerance: rtol=0.001, atol=1e-05
Testing N_win=427 N_cf=7
Windowing:
  config: # windows=427, spacing=0.0711422743290313, CF order=7
  error tolerance: rtol=0.001, atol=1e-05
Testing N_win=427 N_cf=6
Windowing:
  config: # windows=427, spacing=0.0711422743290313, CF order=6
  error tolerance: rtol=0.001, atol=1e-05
Testing N_win=427 N_cf=5
Windowing:
  config: # windows=427, spacing=0.0711422743290313, CF order=5
  error tolerance: rtol=0.001, atol=1e-05
Testing N_win=427 N_cf=4
Windowing:
  config: # windows=427, spacing=0.0711422743290313, CF order=4
  error tolerance: rtol=0.001, atol=1e-05
Testing N_win=427 N_cf=3
Windowing:
  config: # windows=427, spacing=0.0711422743290313, CF order=3
  error tolerance: rtol=0.001, atol=1e-05
Testing N_win=427 N_cf=2
Windowing:
  config: # windows=427, spacing=0.0711422743290313, CF order=2
  error tolerance: rtol=0.001, atol=1e-05
Failed: Pure curvefit failed for the first window!
Testing N_win=532 N_cf=10
Windowing:
  config: # windows=532, spacing=0.05710103597461722, CF order=10
  error tolerance: rtol=0.001, atol=1e-05
Testing N_win=532 N_cf=9
Windowing:
  config: # windows=532, spacing=0.05710103597461722, CF order=9
  error tolerance: rtol=0.001, atol=1e-05
Testing N_win=532 N_cf=8
Windowing:
  config: # windows=532, spacing=0.05710103597461722, CF order=8
  error tolerance: rtol=0.001, atol=1e-05
Testing N_win=532 N_cf=7
Windowing:
  config: # windows=532, spacing=0.05710103597461722, CF order=7
  error tolerance: rtol=0.001, atol=1e-05
Testing N_win=532 N_cf=6
Windowing:
  config: # windows=532, spacing=0.05710103597461722, CF order=6
  error tolerance: rtol=0.001, atol=1e-05
Testing N_win=532 N_cf=5
Windowing:
  config: # windows=532, spacing=0.05710103597461722, CF order=5
  error tolerance: rtol=0.001, atol=1e-05
Testing N_win=532 N_cf=4
Windowing:
  config: # windows=532, spacing=0.05710103597461722, CF order=4
  error tolerance: rtol=0.001, atol=1e-05
Testing N_win=532 N_cf=3
Windowing:
  config: # windows=532, spacing=0.05710103597461722, CF order=3
  error tolerance: rtol=0.001, atol=1e-05
Testing N_win=532 N_cf=2
Windowing:
  config: # windows=532, spacing=0.05710103597461722, CF order=2
  error tolerance: rtol=0.001, atol=1e-05
Failed: Pure curvefit failed for the first window!
Testing N_win=637 N_cf=10
Windowing:
  config: # windows=637, spacing=0.04768877729748251, CF order=10
  error tolerance: rtol=0.001, atol=1e-05
Testing N_win=637 N_cf=9
Windowing:
  config: # windows=637, spacing=0.04768877729748251, CF order=9
  error tolerance: rtol=0.001, atol=1e-05
Testing N_win=637 N_cf=8
Windowing:
  config: # windows=637, spacing=0.04768877729748251, CF order=8
  error tolerance: rtol=0.001, atol=1e-05
Testing N_win=637 N_cf=7
Windowing:
  config: # windows=637, spacing=0.04768877729748251, CF order=7
  error tolerance: rtol=0.001, atol=1e-05
Testing N_win=637 N_cf=6
Windowing:
  config: # windows=637, spacing=0.04768877729748251, CF order=6
  error tolerance: rtol=0.001, atol=1e-05
Testing N_win=637 N_cf=5
Windowing:
  config: # windows=637, spacing=0.04768877729748251, CF order=5
  error tolerance: rtol=0.001, atol=1e-05
Testing N_win=637 N_cf=4
Windowing:
  config: # windows=637, spacing=0.04768877729748251, CF order=4
  error tolerance: rtol=0.001, atol=1e-05
Testing N_win=637 N_cf=3
Windowing:
  config: # windows=637, spacing=0.04768877729748251, CF order=3
  error tolerance: rtol=0.001, atol=1e-05
Testing N_win=637 N_cf=2
Windowing:
  config: # windows=637, spacing=0.04768877729748251, CF order=2
  error tolerance: rtol=0.001, atol=1e-05
Failed: Pure curvefit failed for the first window!
Testing N_win=741 N_cf=10
Windowing:
  config: # windows=741, spacing=0.04099561557152005, CF order=10
  error tolerance: rtol=0.001, atol=1e-05
Testing N_win=741 N_cf=9
Windowing:
  config: # windows=741, spacing=0.04099561557152005, CF order=9
  error tolerance: rtol=0.001, atol=1e-05
Testing N_win=741 N_cf=8
Windowing:
  config: # windows=741, spacing=0.04099561557152005, CF order=8
  error tolerance: rtol=0.001, atol=1e-05
Testing N_win=741 N_cf=7
Windowing:
  config: # windows=741, spacing=0.04099561557152005, CF order=7
  error tolerance: rtol=0.001, atol=1e-05
Testing N_win=741 N_cf=6
Windowing:
  config: # windows=741, spacing=0.04099561557152005, CF order=6
  error tolerance: rtol=0.001, atol=1e-05
Testing N_win=741 N_cf=5
Windowing:
  config: # windows=741, spacing=0.04099561557152005, CF order=5
  error tolerance: rtol=0.001, atol=1e-05
Testing N_win=741 N_cf=4
Windowing:
  config: # windows=741, spacing=0.04099561557152005, CF order=4
  error tolerance: rtol=0.001, atol=1e-05
Testing N_win=741 N_cf=3
Windowing:
  config: # windows=741, spacing=0.04099561557152005, CF order=3
  error tolerance: rtol=0.001, atol=1e-05
Testing N_win=741 N_cf=2
Windowing:
  config: # windows=741, spacing=0.04099561557152005, CF order=2
  error tolerance: rtol=0.001, atol=1e-05
Failed: Pure curvefit failed for the first window!
Testing N_win=846 N_cf=10
Windowing:
  config: # windows=846, spacing=0.035907507255905864, CF order=10
  error tolerance: rtol=0.001, atol=1e-05
Testing N_win=846 N_cf=9
Windowing:
  config: # windows=846, spacing=0.035907507255905864, CF order=9
  error tolerance: rtol=0.001, atol=1e-05
Testing N_win=846 N_cf=8
Windowing:
  config: # windows=846, spacing=0.035907507255905864, CF order=8
  error tolerance: rtol=0.001, atol=1e-05
Testing N_win=846 N_cf=7
Windowing:
  config: # windows=846, spacing=0.035907507255905864, CF order=7
  error tolerance: rtol=0.001, atol=1e-05
Testing N_win=846 N_cf=6
Windowing:
  config: # windows=846, spacing=0.035907507255905864, CF order=6
  error tolerance: rtol=0.001, atol=1e-05
Testing N_win=846 N_cf=5
Windowing:
  config: # windows=846, spacing=0.035907507255905864, CF order=5
  error tolerance: rtol=0.001, atol=1e-05
Testing N_win=846 N_cf=4
Windowing:
  config: # windows=846, spacing=0.035907507255905864, CF order=4
  error tolerance: rtol=0.001, atol=1e-05
Testing N_win=846 N_cf=3
Windowing:
  config: # windows=846, spacing=0.035907507255905864, CF order=3
  error tolerance: rtol=0.001, atol=1e-05
Testing N_win=846 N_cf=2
Windowing:
  config: # windows=846, spacing=0.035907507255905864, CF order=2
  error tolerance: rtol=0.001, atol=1e-05
Failed: Pure curvefit failed for the first window!
Testing N_win=951 N_cf=10
Windowing:
  config: # windows=951, spacing=0.03194295598159449, CF order=10
  error tolerance: rtol=0.001, atol=1e-05
Testing N_win=951 N_cf=9
Windowing:
  config: # windows=951, spacing=0.03194295598159449, CF order=9
  error tolerance: rtol=0.001, atol=1e-05
Testing N_win=951 N_cf=8
Windowing:
  config: # windows=951, spacing=0.03194295598159449, CF order=8
  error tolerance: rtol=0.001, atol=1e-05
Testing N_win=951 N_cf=7
Windowing:
  config: # windows=951, spacing=0.03194295598159449, CF order=7
  error tolerance: rtol=0.001, atol=1e-05
Testing N_win=951 N_cf=6
Windowing:
  config: # windows=951, spacing=0.03194295598159449, CF order=6
  error tolerance: rtol=0.001, atol=1e-05
Testing N_win=951 N_cf=5
Windowing:
  config: # windows=951, spacing=0.03194295598159449, CF order=5
  error tolerance: rtol=0.001, atol=1e-05
Testing N_win=951 N_cf=4
Windowing:
  config: # windows=951, spacing=0.03194295598159449, CF order=4
  error tolerance: rtol=0.001, atol=1e-05
Testing N_win=951 N_cf=3
Windowing:
  config: # windows=951, spacing=0.03194295598159449, CF order=3
  error tolerance: rtol=0.001, atol=1e-05
Testing N_win=951 N_cf=2
Windowing:
  config: # windows=951, spacing=0.03194295598159449, CF order=2
  error tolerance: rtol=0.001, atol=1e-05
Failed: Pure curvefit failed for the first window!
Testing N_win=1056 N_cf=10
Windowing:
  config: # windows=1056, spacing=0.028766809790242764, CF order=10
  error tolerance: rtol=0.001, atol=1e-05
Testing N_win=1056 N_cf=9
Windowing:
  config: # windows=1056, spacing=0.028766809790242764, CF order=9
  error tolerance: rtol=0.001, atol=1e-05
Testing N_win=1056 N_cf=8
Windowing:
  config: # windows=1056, spacing=0.028766809790242764, CF order=8
  error tolerance: rtol=0.001, atol=1e-05
Testing N_win=1056 N_cf=7
Windowing:
  config: # windows=1056, spacing=0.028766809790242764, CF order=7
  error tolerance: rtol=0.001, atol=1e-05
Testing N_win=1056 N_cf=6
Windowing:
  config: # windows=1056, spacing=0.028766809790242764, CF order=6
  error tolerance: rtol=0.001, atol=1e-05
Testing N_win=1056 N_cf=5
Windowing:
  config: # windows=1056, spacing=0.028766809790242764, CF order=5
  error tolerance: rtol=0.001, atol=1e-05
Testing N_win=1056 N_cf=4
Windowing:
  config: # windows=1056, spacing=0.028766809790242764, CF order=4
  error tolerance: rtol=0.001, atol=1e-05
Testing N_win=1056 N_cf=3
Windowing:
  config: # windows=1056, spacing=0.028766809790242764, CF order=3
  error tolerance: rtol=0.001, atol=1e-05
Testing N_win=1056 N_cf=2
Windowing:
  config: # windows=1056, spacing=0.028766809790242764, CF order=2
  error tolerance: rtol=0.001, atol=1e-05
Failed: Pure curvefit failed for the first window!
Testing N_win=1161 N_cf=10
Windowing:
  config: # windows=1161, spacing=0.026165160326008925, CF order=10
  error tolerance: rtol=0.001, atol=1e-05
Testing N_win=1161 N_cf=9
Windowing:
  config: # windows=1161, spacing=0.026165160326008925, CF order=9
  error tolerance: rtol=0.001, atol=1e-05
Testing N_win=1161 N_cf=8
Windowing:
  config: # windows=1161, spacing=0.026165160326008925, CF order=8
  error tolerance: rtol=0.001, atol=1e-05
Testing N_win=1161 N_cf=7
Windowing:
  config: # windows=1161, spacing=0.026165160326008925, CF order=7
  error tolerance: rtol=0.001, atol=1e-05
Testing N_win=1161 N_cf=6
Windowing:
  config: # windows=1161, spacing=0.026165160326008925, CF order=6
  error tolerance: rtol=0.001, atol=1e-05
Testing N_win=1161 N_cf=5
Windowing:
  config: # windows=1161, spacing=0.026165160326008925, CF order=5
  error tolerance: rtol=0.001, atol=1e-05
Testing N_win=1161 N_cf=4
Windowing:
  config: # windows=1161, spacing=0.026165160326008925, CF order=4
  error tolerance: rtol=0.001, atol=1e-05
Testing N_win=1161 N_cf=3
Windowing:
  config: # windows=1161, spacing=0.026165160326008925, CF order=3
  error tolerance: rtol=0.001, atol=1e-05
Testing N_win=1161 N_cf=2
Windowing:
  config: # windows=1161, spacing=0.026165160326008925, CF order=2
  error tolerance: rtol=0.001, atol=1e-05
Failed: Pure curvefit failed for the first window!
Testing N_win=1266 N_cf=10
Windowing:
  config: # windows=1266, spacing=0.023995064090439465, CF order=10
  error tolerance: rtol=0.001, atol=1e-05
Testing N_win=1266 N_cf=9
Windowing:
  config: # windows=1266, spacing=0.023995064090439465, CF order=9
  error tolerance: rtol=0.001, atol=1e-05
Testing N_win=1266 N_cf=8
Windowing:
  config: # windows=1266, spacing=0.023995064090439465, CF order=8
  error tolerance: rtol=0.001, atol=1e-05
Testing N_win=1266 N_cf=7
Windowing:
  config: # windows=1266, spacing=0.023995064090439465, CF order=7
  error tolerance: rtol=0.001, atol=1e-05
Testing N_win=1266 N_cf=6
Windowing:
  config: # windows=1266, spacing=0.023995064090439465, CF order=6
  error tolerance: rtol=0.001, atol=1e-05
Testing N_win=1266 N_cf=5
Windowing:
  config: # windows=1266, spacing=0.023995064090439465, CF order=5
  error tolerance: rtol=0.001, atol=1e-05
Testing N_win=1266 N_cf=4
Windowing:
  config: # windows=1266, spacing=0.023995064090439465, CF order=4
  error tolerance: rtol=0.001, atol=1e-05
Testing N_win=1266 N_cf=3
Windowing:
  config: # windows=1266, spacing=0.023995064090439465, CF order=3
  error tolerance: rtol=0.001, atol=1e-05
Testing N_win=1266 N_cf=2
Windowing:
  config: # windows=1266, spacing=0.023995064090439465, CF order=2
  error tolerance: rtol=0.001, atol=1e-05
Failed: Pure curvefit failed for the first window!
Testing N_win=1370 N_cf=10
Windowing:
  config: # windows=1370, spacing=0.022173540977004642, CF order=10
  error tolerance: rtol=0.001, atol=1e-05
Testing N_win=1370 N_cf=9
Windowing:
  config: # windows=1370, spacing=0.022173540977004642, CF order=9
  error tolerance: rtol=0.001, atol=1e-05
Testing N_win=1370 N_cf=8
Windowing:
  config: # windows=1370, spacing=0.022173540977004642, CF order=8
  error tolerance: rtol=0.001, atol=1e-05
Testing N_win=1370 N_cf=7
Windowing:
  config: # windows=1370, spacing=0.022173540977004642, CF order=7
  error tolerance: rtol=0.001, atol=1e-05
Testing N_win=1370 N_cf=6
Windowing:
  config: # windows=1370, spacing=0.022173540977004642, CF order=6
  error tolerance: rtol=0.001, atol=1e-05
Testing N_win=1370 N_cf=5
Windowing:
  config: # windows=1370, spacing=0.022173540977004642, CF order=5
  error tolerance: rtol=0.001, atol=1e-05
Testing N_win=1370 N_cf=4
Windowing:
  config: # windows=1370, spacing=0.022173540977004642, CF order=4
  error tolerance: rtol=0.001, atol=1e-05
Testing N_win=1370 N_cf=3
Windowing:
  config: # windows=1370, spacing=0.022173540977004642, CF order=3
  error tolerance: rtol=0.001, atol=1e-05
Testing N_win=1370 N_cf=2
Windowing:
  config: # windows=1370, spacing=0.022173540977004642, CF order=2
  error tolerance: rtol=0.001, atol=1e-05
Failed: Pure curvefit failed for the first window!
Testing N_win=1475 N_cf=10
Windowing:
  config: # windows=1475, spacing=0.02059508551762465, CF order=10
  error tolerance: rtol=0.001, atol=1e-05
Testing N_win=1475 N_cf=9
Windowing:
  config: # windows=1475, spacing=0.02059508551762465, CF order=9
  error tolerance: rtol=0.001, atol=1e-05
Testing N_win=1475 N_cf=8
Windowing:
  config: # windows=1475, spacing=0.02059508551762465, CF order=8
  error tolerance: rtol=0.001, atol=1e-05
Testing N_win=1475 N_cf=7
Windowing:
  config: # windows=1475, spacing=0.02059508551762465, CF order=7
  error tolerance: rtol=0.001, atol=1e-05
Testing N_win=1475 N_cf=6
Windowing:
  config: # windows=1475, spacing=0.02059508551762465, CF order=6
  error tolerance: rtol=0.001, atol=1e-05
Testing N_win=1475 N_cf=5
Windowing:
  config: # windows=1475, spacing=0.02059508551762465, CF order=5
  error tolerance: rtol=0.001, atol=1e-05
Testing N_win=1475 N_cf=4
Windowing:
  config: # windows=1475, spacing=0.02059508551762465, CF order=4
  error tolerance: rtol=0.001, atol=1e-05
Testing N_win=1475 N_cf=3
Windowing:
  config: # windows=1475, spacing=0.02059508551762465, CF order=3
  error tolerance: rtol=0.001, atol=1e-05
Testing N_win=1475 N_cf=2
Windowing:
  config: # windows=1475, spacing=0.02059508551762465, CF order=2
  error tolerance: rtol=0.001, atol=1e-05
Failed: Pure curvefit failed for the first window!
Testing N_win=1580 N_cf=10
Windowing:
  config: # windows=1580, spacing=0.019226424771200228, CF order=10
  error tolerance: rtol=0.001, atol=1e-05
Testing N_win=1580 N_cf=9
Windowing:
  config: # windows=1580, spacing=0.019226424771200228, CF order=9
  error tolerance: rtol=0.001, atol=1e-05
Testing N_win=1580 N_cf=8
Windowing:
  config: # windows=1580, spacing=0.019226424771200228, CF order=8
  error tolerance: rtol=0.001, atol=1e-05
Testing N_win=1580 N_cf=7
Windowing:
  config: # windows=1580, spacing=0.019226424771200228, CF order=7
  error tolerance: rtol=0.001, atol=1e-05
Testing N_win=1580 N_cf=6
Windowing:
  config: # windows=1580, spacing=0.019226424771200228, CF order=6
  error tolerance: rtol=0.001, atol=1e-05
Testing N_win=1580 N_cf=5
Windowing:
  config: # windows=1580, spacing=0.019226424771200228, CF order=5
  error tolerance: rtol=0.001, atol=1e-05
Testing N_win=1580 N_cf=4
Windowing:
  config: # windows=1580, spacing=0.019226424771200228, CF order=4
  error tolerance: rtol=0.001, atol=1e-05
Testing N_win=1580 N_cf=3
Windowing:
  config: # windows=1580, spacing=0.019226424771200228, CF order=3
  error tolerance: rtol=0.001, atol=1e-05
Testing N_win=1580 N_cf=2
Windowing:
  config: # windows=1580, spacing=0.019226424771200228, CF order=2
  error tolerance: rtol=0.001, atol=1e-05
Failed: Pure curvefit failed for the first window!
Testing N_win=1685 N_cf=10
Windowing:
  config: # windows=1685, spacing=0.018028338954597246, CF order=10
  error tolerance: rtol=0.001, atol=1e-05
Testing N_win=1685 N_cf=9
Windowing:
  config: # windows=1685, spacing=0.018028338954597246, CF order=9
  error tolerance: rtol=0.001, atol=1e-05
Testing N_win=1685 N_cf=8
Windowing:
  config: # windows=1685, spacing=0.018028338954597246, CF order=8
  error tolerance: rtol=0.001, atol=1e-05
Testing N_win=1685 N_cf=7
Windowing:
  config: # windows=1685, spacing=0.018028338954597246, CF order=7
  error tolerance: rtol=0.001, atol=1e-05
Testing N_win=1685 N_cf=6
Windowing:
  config: # windows=1685, spacing=0.018028338954597246, CF order=6
  error tolerance: rtol=0.001, atol=1e-05
Testing N_win=1685 N_cf=5
Windowing:
  config: # windows=1685, spacing=0.018028338954597246, CF order=5
  error tolerance: rtol=0.001, atol=1e-05
Testing N_win=1685 N_cf=4
Windowing:
  config: # windows=1685, spacing=0.018028338954597246, CF order=4
  error tolerance: rtol=0.001, atol=1e-05
Testing N_win=1685 N_cf=3
Windowing:
  config: # windows=1685, spacing=0.018028338954597246, CF order=3
  error tolerance: rtol=0.001, atol=1e-05
Testing N_win=1685 N_cf=2
Windowing:
  config: # windows=1685, spacing=0.018028338954597246, CF order=2
  error tolerance: rtol=0.001, atol=1e-05
Failed: Pure curvefit failed for the first window!
Testing N_win=1790 N_cf=10
Windowing:
  config: # windows=1790, spacing=0.016970810691897407, CF order=10
  error tolerance: rtol=0.001, atol=1e-05
Testing N_win=1790 N_cf=9
Windowing:
  config: # windows=1790, spacing=0.016970810691897407, CF order=9
  error tolerance: rtol=0.001, atol=1e-05
Testing N_win=1790 N_cf=8
Windowing:
  config: # windows=1790, spacing=0.016970810691897407, CF order=8
  error tolerance: rtol=0.001, atol=1e-05
Testing N_win=1790 N_cf=7
Windowing:
  config: # windows=1790, spacing=0.016970810691897407, CF order=7
  error tolerance: rtol=0.001, atol=1e-05
Testing N_win=1790 N_cf=6
Windowing:
  config: # windows=1790, spacing=0.016970810691897407, CF order=6
  error tolerance: rtol=0.001, atol=1e-05
Testing N_win=1790 N_cf=5
Windowing:
  config: # windows=1790, spacing=0.016970810691897407, CF order=5
  error tolerance: rtol=0.001, atol=1e-05
Testing N_win=1790 N_cf=4
Windowing:
  config: # windows=1790, spacing=0.016970810691897407, CF order=4
  error tolerance: rtol=0.001, atol=1e-05
Testing N_win=1790 N_cf=3
Windowing:
  config: # windows=1790, spacing=0.016970810691897407, CF order=3
  error tolerance: rtol=0.001, atol=1e-05
Testing N_win=1790 N_cf=2
Windowing:
  config: # windows=1790, spacing=0.016970810691897407, CF order=2
  error tolerance: rtol=0.001, atol=1e-05
Failed: Pure curvefit failed for the first window!
Testing N_win=1895 N_cf=10
Windowing:
  config: # windows=1895, spacing=0.016030475534826574, CF order=10
  error tolerance: rtol=0.001, atol=1e-05
Testing N_win=1895 N_cf=9
Windowing:
  config: # windows=1895, spacing=0.016030475534826574, CF order=9
  error tolerance: rtol=0.001, atol=1e-05
Testing N_win=1895 N_cf=8
Windowing:
  config: # windows=1895, spacing=0.016030475534826574, CF order=8
  error tolerance: rtol=0.001, atol=1e-05
Testing N_win=1895 N_cf=7
Windowing:
  config: # windows=1895, spacing=0.016030475534826574, CF order=7
  error tolerance: rtol=0.001, atol=1e-05
Testing N_win=1895 N_cf=6
Windowing:
  config: # windows=1895, spacing=0.016030475534826574, CF order=6
  error tolerance: rtol=0.001, atol=1e-05
Testing N_win=1895 N_cf=5
Windowing:
  config: # windows=1895, spacing=0.016030475534826574, CF order=5
  error tolerance: rtol=0.001, atol=1e-05
Testing N_win=1895 N_cf=4
Windowing:
  config: # windows=1895, spacing=0.016030475534826574, CF order=4
  error tolerance: rtol=0.001, atol=1e-05
Testing N_win=1895 N_cf=3
Windowing:
  config: # windows=1895, spacing=0.016030475534826574, CF order=3
  error tolerance: rtol=0.001, atol=1e-05
Testing N_win=1895 N_cf=2
Windowing:
  config: # windows=1895, spacing=0.016030475534826574, CF order=2
  error tolerance: rtol=0.001, atol=1e-05
Failed: Pure curvefit failed for the first window!
Testing N_win=2000 N_cf=10
Windowing:
  config: # windows=2000, spacing=0.01518887556924818, CF order=10
  error tolerance: rtol=0.001, atol=1e-05
Testing N_win=2000 N_cf=9
Windowing:
  config: # windows=2000, spacing=0.01518887556924818, CF order=9
  error tolerance: rtol=0.001, atol=1e-05
Testing N_win=2000 N_cf=8
Windowing:
  config: # windows=2000, spacing=0.01518887556924818, CF order=8
  error tolerance: rtol=0.001, atol=1e-05
Testing N_win=2000 N_cf=7
Windowing:
  config: # windows=2000, spacing=0.01518887556924818, CF order=7
  error tolerance: rtol=0.001, atol=1e-05
Testing N_win=2000 N_cf=6
Windowing:
  config: # windows=2000, spacing=0.01518887556924818, CF order=6
  error tolerance: rtol=0.001, atol=1e-05
Testing N_win=2000 N_cf=5
Windowing:
  config: # windows=2000, spacing=0.01518887556924818, CF order=5
  error tolerance: rtol=0.001, atol=1e-05
Testing N_win=2000 N_cf=4
Windowing:
  config: # windows=2000, spacing=0.01518887556924818, CF order=4
  error tolerance: rtol=0.001, atol=1e-05
Testing N_win=2000 N_cf=3
Windowing:
  config: # windows=2000, spacing=0.01518887556924818, CF order=3
  error tolerance: rtol=0.001, atol=1e-05
Testing N_win=2000 N_cf=2
Windowing:
  config: # windows=2000, spacing=0.01518887556924818, CF order=2
  error tolerance: rtol=0.001, atol=1e-05
Failed: Pure curvefit failed for the first window!
Final library: 96 poles, 322 windows, 2.3 poles per window, 4 CF order
