Running NJOY to get 0K point-wise data (error=0.0005)...
Parsing cross sections within resolved resonance range...
  MTs: [2, 27, 102]
  Energy range: 1.000e-05 to 1.425e+04 eV (3830 points)
Vector fitting piece 1/1...
  energy: 1.000e-05 to 1.425e+04 eV (3830 points)
  error tolerance: rtol=0.001, atol=1e-05
Found 9 peaks
Fitting orders from 18 to 200
Order=18(0/92)
Order=20(1/92)
Order=22(2/92)
Order=24(3/92)
Order=26(4/92)
Order=28(5/92)
Order=30(6/92)
Order=32(7/92)
Order=34(8/92)
Order=36(9/92)
Order=38(10/92)
Order=40(11/92)
Order=42(12/92)
Order=44(13/92)
Order=46(14/92)
Order=48(15/92)
Order=50(16/92)
Order=52(17/92)
Order=54(18/92)
Order=56(19/92)
Order=58(20/92)
Order=60(21/92)
Found 2 real poles and 12 conjugate complex pairs.
Final number of poles: 14
Saved figure: WMP_Lib/Fe57/0-14248_MT2.png
Saved figure: WMP_Lib/Fe57/0-14248_MT27.png
Saved figure: WMP_Lib/Fe57/0-14248_MT102.png
Dumped multipole data to file: WMP_Lib/Fe57/Fe57_mp.pickle
Start searching ...
Testing N_win=5 N_cf=10
Windowing:
  config: # windows=5, spacing=23.872389975655857, CF order=10
  error tolerance: rtol=0.001, atol=1e-05
Best library so far.
Testing N_win=5 N_cf=9
Windowing:
  config: # windows=5, spacing=23.872389975655857, CF order=9
  error tolerance: rtol=0.001, atol=1e-05
Best library so far.
Testing N_win=5 N_cf=8
Windowing:
  config: # windows=5, spacing=23.872389975655857, CF order=8
  error tolerance: rtol=0.001, atol=1e-05
Best library so far.
Testing N_win=5 N_cf=7
Windowing:
  config: # windows=5, spacing=23.872389975655857, CF order=7
  error tolerance: rtol=0.001, atol=1e-05
Best library so far.
Testing N_win=5 N_cf=6
Windowing:
  config: # windows=5, spacing=23.872389975655857, CF order=6
  error tolerance: rtol=0.001, atol=1e-05
Best library so far.
Testing N_win=5 N_cf=5
Windowing:
  config: # windows=5, spacing=23.872389975655857, CF order=5
  error tolerance: rtol=0.001, atol=1e-05
Failed: Pure curvefit failed for the first window!
Testing N_win=110 N_cf=10
Windowing:
  config: # windows=110, spacing=1.0851086352570842, CF order=10
  error tolerance: rtol=0.001, atol=1e-05
Best library so far.
Testing N_win=110 N_cf=9
Windowing:
  config: # windows=110, spacing=1.0851086352570842, CF order=9
  error tolerance: rtol=0.001, atol=1e-05
Best library so far.
Testing N_win=110 N_cf=8
Windowing:
  config: # windows=110, spacing=1.0851086352570842, CF order=8
  error tolerance: rtol=0.001, atol=1e-05
Best library so far.
Testing N_win=110 N_cf=7
Windowing:
  config: # windows=110, spacing=1.0851086352570842, CF order=7
  error tolerance: rtol=0.001, atol=1e-05
Best library so far.
Testing N_win=110 N_cf=6
Windowing:
  config: # windows=110, spacing=1.0851086352570842, CF order=6
  error tolerance: rtol=0.001, atol=1e-05
Best library so far.
Testing N_win=110 N_cf=5
Windowing:
  config: # windows=110, spacing=1.0851086352570842, CF order=5
  error tolerance: rtol=0.001, atol=1e-05
Best library so far.
Testing N_win=110 N_cf=4
Windowing:
  config: # windows=110, spacing=1.0851086352570842, CF order=4
  error tolerance: rtol=0.001, atol=1e-05
Best library so far.
Testing N_win=110 N_cf=3
Windowing:
  config: # windows=110, spacing=1.0851086352570842, CF order=3
  error tolerance: rtol=0.001, atol=1e-05
Best library so far.
Testing N_win=110 N_cf=2
Windowing:
  config: # windows=110, spacing=1.0851086352570842, CF order=2
  error tolerance: rtol=0.001, atol=1e-05
Testing N_win=215 N_cf=10
Windowing:
  config: # windows=215, spacing=0.5551718598989733, CF order=10
  error tolerance: rtol=0.001, atol=1e-05
Testing N_win=215 N_cf=9
Windowing:
  config: # windows=215, spacing=0.5551718598989733, CF order=9
  error tolerance: rtol=0.001, atol=1e-05
Testing N_win=215 N_cf=8
Windowing:
  config: # windows=215, spacing=0.5551718598989733, CF order=8
  error tolerance: rtol=0.001, atol=1e-05
Testing N_win=215 N_cf=7
Windowing:
  config: # windows=215, spacing=0.5551718598989733, CF order=7
  error tolerance: rtol=0.001, atol=1e-05
Testing N_win=215 N_cf=6
Windowing:
  config: # windows=215, spacing=0.5551718598989733, CF order=6
  error tolerance: rtol=0.001, atol=1e-05
Testing N_win=215 N_cf=5
Windowing:
  config: # windows=215, spacing=0.5551718598989733, CF order=5
  error tolerance: rtol=0.001, atol=1e-05
Testing N_win=215 N_cf=4
Windowing:
  config: # windows=215, spacing=0.5551718598989733, CF order=4
  error tolerance: rtol=0.001, atol=1e-05
Testing N_win=215 N_cf=3
Windowing:
  config: # windows=215, spacing=0.5551718598989733, CF order=3
  error tolerance: rtol=0.001, atol=1e-05
Best library so far.
Testing N_win=215 N_cf=2
Windowing:
  config: # windows=215, spacing=0.5551718598989733, CF order=2
  error tolerance: rtol=0.001, atol=1e-05
Best library so far.
Testing N_win=320 N_cf=10
Windowing:
  config: # windows=320, spacing=0.37300609336962276, CF order=10
  error tolerance: rtol=0.001, atol=1e-05
Testing N_win=320 N_cf=9
Windowing:
  config: # windows=320, spacing=0.37300609336962276, CF order=9
  error tolerance: rtol=0.001, atol=1e-05
Testing N_win=320 N_cf=8
Windowing:
  config: # windows=320, spacing=0.37300609336962276, CF order=8
  error tolerance: rtol=0.001, atol=1e-05
Testing N_win=320 N_cf=7
Windowing:
  config: # windows=320, spacing=0.37300609336962276, CF order=7
  error tolerance: rtol=0.001, atol=1e-05
Testing N_win=320 N_cf=6
Windowing:
  config: # windows=320, spacing=0.37300609336962276, CF order=6
  error tolerance: rtol=0.001, atol=1e-05
Testing N_win=320 N_cf=5
Windowing:
  config: # windows=320, spacing=0.37300609336962276, CF order=5
  error tolerance: rtol=0.001, atol=1e-05
Testing N_win=320 N_cf=4
Windowing:
  config: # windows=320, spacing=0.37300609336962276, CF order=4
  error tolerance: rtol=0.001, atol=1e-05
Testing N_win=320 N_cf=3
Windowing:
  config: # windows=320, spacing=0.37300609336962276, CF order=3
  error tolerance: rtol=0.001, atol=1e-05
Testing N_win=320 N_cf=2
Windowing:
  config: # windows=320, spacing=0.37300609336962276, CF order=2
  error tolerance: rtol=0.001, atol=1e-05
Testing N_win=425 N_cf=10
Windowing:
  config: # windows=425, spacing=0.2808516467724218, CF order=10
  error tolerance: rtol=0.001, atol=1e-05
Testing N_win=425 N_cf=9
Windowing:
  config: # windows=425, spacing=0.2808516467724218, CF order=9
  error tolerance: rtol=0.001, atol=1e-05
Testing N_win=425 N_cf=8
Windowing:
  config: # windows=425, spacing=0.2808516467724218, CF order=8
  error tolerance: rtol=0.001, atol=1e-05
Testing N_win=425 N_cf=7
Windowing:
  config: # windows=425, spacing=0.2808516467724218, CF order=7
  error tolerance: rtol=0.001, atol=1e-05
Testing N_win=425 N_cf=6
Windowing:
  config: # windows=425, spacing=0.2808516467724218, CF order=6
  error tolerance: rtol=0.001, atol=1e-05
Testing N_win=425 N_cf=5
Windowing:
  config: # windows=425, spacing=0.2808516467724218, CF order=5
  error tolerance: rtol=0.001, atol=1e-05
Testing N_win=425 N_cf=4
Windowing:
  config: # windows=425, spacing=0.2808516467724218, CF order=4
  error tolerance: rtol=0.001, atol=1e-05
Testing N_win=425 N_cf=3
Windowing:
  config: # windows=425, spacing=0.2808516467724218, CF order=3
  error tolerance: rtol=0.001, atol=1e-05
Testing N_win=425 N_cf=2
Windowing:
  config: # windows=425, spacing=0.2808516467724218, CF order=2
  error tolerance: rtol=0.001, atol=1e-05
Testing N_win=530 N_cf=10
Windowing:
  config: # windows=530, spacing=0.2252112261854326, CF order=10
  error tolerance: rtol=0.001, atol=1e-05
Testing N_win=530 N_cf=9
Windowing:
  config: # windows=530, spacing=0.2252112261854326, CF order=9
  error tolerance: rtol=0.001, atol=1e-05
Testing N_win=530 N_cf=8
Windowing:
  config: # windows=530, spacing=0.2252112261854326, CF order=8
  error tolerance: rtol=0.001, atol=1e-05
Testing N_win=530 N_cf=7
Windowing:
  config: # windows=530, spacing=0.2252112261854326, CF order=7
  error tolerance: rtol=0.001, atol=1e-05
Testing N_win=530 N_cf=6
Windowing:
  config: # windows=530, spacing=0.2252112261854326, CF order=6
  error tolerance: rtol=0.001, atol=1e-05
Testing N_win=530 N_cf=5
Windowing:
  config: # windows=530, spacing=0.2252112261854326, CF order=5
  error tolerance: rtol=0.001, atol=1e-05
Testing N_win=530 N_cf=4
Windowing:
  config: # windows=530, spacing=0.2252112261854326, CF order=4
  error tolerance: rtol=0.001, atol=1e-05
Testing N_win=530 N_cf=3
Windowing:
  config: # windows=530, spacing=0.2252112261854326, CF order=3
  error tolerance: rtol=0.001, atol=1e-05
Testing N_win=530 N_cf=2
Windowing:
  config: # windows=530, spacing=0.2252112261854326, CF order=2
  error tolerance: rtol=0.001, atol=1e-05
Testing N_win=635 N_cf=10
Windowing:
  config: # windows=635, spacing=0.18797157461146344, CF order=10
  error tolerance: rtol=0.001, atol=1e-05
Testing N_win=635 N_cf=9
Windowing:
  config: # windows=635, spacing=0.18797157461146344, CF order=9
  error tolerance: rtol=0.001, atol=1e-05
Testing N_win=635 N_cf=8
Windowing:
  config: # windows=635, spacing=0.18797157461146344, CF order=8
  error tolerance: rtol=0.001, atol=1e-05
Testing N_win=635 N_cf=7
Windowing:
  config: # windows=635, spacing=0.18797157461146344, CF order=7
  error tolerance: rtol=0.001, atol=1e-05
Testing N_win=635 N_cf=6
Windowing:
  config: # windows=635, spacing=0.18797157461146344, CF order=6
  error tolerance: rtol=0.001, atol=1e-05
Testing N_win=635 N_cf=5
Windowing:
  config: # windows=635, spacing=0.18797157461146344, CF order=5
  error tolerance: rtol=0.001, atol=1e-05
Testing N_win=635 N_cf=4
Windowing:
  config: # windows=635, spacing=0.18797157461146344, CF order=4
  error tolerance: rtol=0.001, atol=1e-05
Testing N_win=635 N_cf=3
Windowing:
  config: # windows=635, spacing=0.18797157461146344, CF order=3
  error tolerance: rtol=0.001, atol=1e-05
Testing N_win=635 N_cf=2
Windowing:
  config: # windows=635, spacing=0.18797157461146344, CF order=2
  error tolerance: rtol=0.001, atol=1e-05
Testing N_win=740 N_cf=10
Windowing:
  config: # windows=740, spacing=0.16129993226794498, CF order=10
  error tolerance: rtol=0.001, atol=1e-05
Testing N_win=740 N_cf=9
Windowing:
  config: # windows=740, spacing=0.16129993226794498, CF order=9
  error tolerance: rtol=0.001, atol=1e-05
Testing N_win=740 N_cf=8
Windowing:
  config: # windows=740, spacing=0.16129993226794498, CF order=8
  error tolerance: rtol=0.001, atol=1e-05
Testing N_win=740 N_cf=7
Windowing:
  config: # windows=740, spacing=0.16129993226794498, CF order=7
  error tolerance: rtol=0.001, atol=1e-05
Testing N_win=740 N_cf=6
Windowing:
  config: # windows=740, spacing=0.16129993226794498, CF order=6
  error tolerance: rtol=0.001, atol=1e-05
Testing N_win=740 N_cf=5
Windowing:
  config: # windows=740, spacing=0.16129993226794498, CF order=5
  error tolerance: rtol=0.001, atol=1e-05
Testing N_win=740 N_cf=4
Windowing:
  config: # windows=740, spacing=0.16129993226794498, CF order=4
  error tolerance: rtol=0.001, atol=1e-05
Testing N_win=740 N_cf=3
Windowing:
  config: # windows=740, spacing=0.16129993226794498, CF order=3
  error tolerance: rtol=0.001, atol=1e-05
Testing N_win=740 N_cf=2
Windowing:
  config: # windows=740, spacing=0.16129993226794498, CF order=2
  error tolerance: rtol=0.001, atol=1e-05
Testing N_win=845 N_cf=10
Windowing:
  config: # windows=845, spacing=0.14125674541808197, CF order=10
  error tolerance: rtol=0.001, atol=1e-05
Testing N_win=845 N_cf=9
Windowing:
  config: # windows=845, spacing=0.14125674541808197, CF order=9
  error tolerance: rtol=0.001, atol=1e-05
Testing N_win=845 N_cf=8
Windowing:
  config: # windows=845, spacing=0.14125674541808197, CF order=8
  error tolerance: rtol=0.001, atol=1e-05
Testing N_win=845 N_cf=7
Windowing:
  config: # windows=845, spacing=0.14125674541808197, CF order=7
  error tolerance: rtol=0.001, atol=1e-05
Testing N_win=845 N_cf=6
Windowing:
  config: # windows=845, spacing=0.14125674541808197, CF order=6
  error tolerance: rtol=0.001, atol=1e-05
Testing N_win=845 N_cf=5
Windowing:
  config: # windows=845, spacing=0.14125674541808197, CF order=5
  error tolerance: rtol=0.001, atol=1e-05
Testing N_win=845 N_cf=4
Windowing:
  config: # windows=845, spacing=0.14125674541808197, CF order=4
  error tolerance: rtol=0.001, atol=1e-05
Testing N_win=845 N_cf=3
Windowing:
  config: # windows=845, spacing=0.14125674541808197, CF order=3
  error tolerance: rtol=0.001, atol=1e-05
Testing N_win=845 N_cf=2
Windowing:
  config: # windows=845, spacing=0.14125674541808197, CF order=2
  error tolerance: rtol=0.001, atol=1e-05
Testing N_win=950 N_cf=10
Windowing:
  config: # windows=950, spacing=0.12564415776660975, CF order=10
  error tolerance: rtol=0.001, atol=1e-05
Testing N_win=950 N_cf=9
Windowing:
  config: # windows=950, spacing=0.12564415776660975, CF order=9
  error tolerance: rtol=0.001, atol=1e-05
Testing N_win=950 N_cf=8
Windowing:
  config: # windows=950, spacing=0.12564415776660975, CF order=8
  error tolerance: rtol=0.001, atol=1e-05
Testing N_win=950 N_cf=7
Windowing:
  config: # windows=950, spacing=0.12564415776660975, CF order=7
  error tolerance: rtol=0.001, atol=1e-05
Testing N_win=950 N_cf=6
Windowing:
  config: # windows=950, spacing=0.12564415776660975, CF order=6
  error tolerance: rtol=0.001, atol=1e-05
Testing N_win=950 N_cf=5
Windowing:
  config: # windows=950, spacing=0.12564415776660975, CF order=5
  error tolerance: rtol=0.001, atol=1e-05
Testing N_win=950 N_cf=4
Windowing:
  config: # windows=950, spacing=0.12564415776660975, CF order=4
  error tolerance: rtol=0.001, atol=1e-05
Testing N_win=950 N_cf=3
Windowing:
  config: # windows=950, spacing=0.12564415776660975, CF order=3
  error tolerance: rtol=0.001, atol=1e-05
Testing N_win=950 N_cf=2
Windowing:
  config: # windows=950, spacing=0.12564415776660975, CF order=2
  error tolerance: rtol=0.001, atol=1e-05
Testing N_win=1055 N_cf=10
Windowing:
  config: # windows=1055, spacing=0.11313928898415097, CF order=10
  error tolerance: rtol=0.001, atol=1e-05
Testing N_win=1055 N_cf=9
Windowing:
  config: # windows=1055, spacing=0.11313928898415097, CF order=9
  error tolerance: rtol=0.001, atol=1e-05
Testing N_win=1055 N_cf=8
Windowing:
  config: # windows=1055, spacing=0.11313928898415097, CF order=8
  error tolerance: rtol=0.001, atol=1e-05
Testing N_win=1055 N_cf=7
Windowing:
  config: # windows=1055, spacing=0.11313928898415097, CF order=7
  error tolerance: rtol=0.001, atol=1e-05
Testing N_win=1055 N_cf=6
Windowing:
  config: # windows=1055, spacing=0.11313928898415097, CF order=6
  error tolerance: rtol=0.001, atol=1e-05
Testing N_win=1055 N_cf=5
Windowing:
  config: # windows=1055, spacing=0.11313928898415097, CF order=5
  error tolerance: rtol=0.001, atol=1e-05
Testing N_win=1055 N_cf=4
Windowing:
  config: # windows=1055, spacing=0.11313928898415097, CF order=4
  error tolerance: rtol=0.001, atol=1e-05
Testing N_win=1055 N_cf=3
Windowing:
  config: # windows=1055, spacing=0.11313928898415097, CF order=3
  error tolerance: rtol=0.001, atol=1e-05
Testing N_win=1055 N_cf=2
Windowing:
  config: # windows=1055, spacing=0.11313928898415097, CF order=2
  error tolerance: rtol=0.001, atol=1e-05
Testing N_win=1160 N_cf=10
Windowing:
  config: # windows=1160, spacing=0.10289823265368903, CF order=10
  error tolerance: rtol=0.001, atol=1e-05
Testing N_win=1160 N_cf=9
Windowing:
  config: # windows=1160, spacing=0.10289823265368903, CF order=9
  error tolerance: rtol=0.001, atol=1e-05
Testing N_win=1160 N_cf=8
Windowing:
  config: # windows=1160, spacing=0.10289823265368903, CF order=8
  error tolerance: rtol=0.001, atol=1e-05
Testing N_win=1160 N_cf=7
Windowing:
  config: # windows=1160, spacing=0.10289823265368903, CF order=7
  error tolerance: rtol=0.001, atol=1e-05
Testing N_win=1160 N_cf=6
Windowing:
  config: # windows=1160, spacing=0.10289823265368903, CF order=6
  error tolerance: rtol=0.001, atol=1e-05
Testing N_win=1160 N_cf=5
Windowing:
  config: # windows=1160, spacing=0.10289823265368903, CF order=5
  error tolerance: rtol=0.001, atol=1e-05
Testing N_win=1160 N_cf=4
Windowing:
  config: # windows=1160, spacing=0.10289823265368903, CF order=4
  error tolerance: rtol=0.001, atol=1e-05
Testing N_win=1160 N_cf=3
Windowing:
  config: # windows=1160, spacing=0.10289823265368903, CF order=3
  error tolerance: rtol=0.001, atol=1e-05
Testing N_win=1160 N_cf=2
Windowing:
  config: # windows=1160, spacing=0.10289823265368903, CF order=2
  error tolerance: rtol=0.001, atol=1e-05
Testing N_win=1265 N_cf=10
Windowing:
  config: # windows=1265, spacing=0.09435727263105081, CF order=10
  error tolerance: rtol=0.001, atol=1e-05
Testing N_win=1265 N_cf=9
Windowing:
  config: # windows=1265, spacing=0.09435727263105081, CF order=9
  error tolerance: rtol=0.001, atol=1e-05
Testing N_win=1265 N_cf=8
Windowing:
  config: # windows=1265, spacing=0.09435727263105081, CF order=8
  error tolerance: rtol=0.001, atol=1e-05
Testing N_win=1265 N_cf=7
Windowing:
  config: # windows=1265, spacing=0.09435727263105081, CF order=7
  error tolerance: rtol=0.001, atol=1e-05
Testing N_win=1265 N_cf=6
Windowing:
  config: # windows=1265, spacing=0.09435727263105081, CF order=6
  error tolerance: rtol=0.001, atol=1e-05
Testing N_win=1265 N_cf=5
Windowing:
  config: # windows=1265, spacing=0.09435727263105081, CF order=5
  error tolerance: rtol=0.001, atol=1e-05
Testing N_win=1265 N_cf=4
Windowing:
  config: # windows=1265, spacing=0.09435727263105081, CF order=4
  error tolerance: rtol=0.001, atol=1e-05
Testing N_win=1265 N_cf=3
Windowing:
  config: # windows=1265, spacing=0.09435727263105081, CF order=3
  error tolerance: rtol=0.001, atol=1e-05
Testing N_win=1265 N_cf=2
Windowing:
  config: # windows=1265, spacing=0.09435727263105081, CF order=2
  error tolerance: rtol=0.001, atol=1e-05
Testing N_win=1370 N_cf=10
Windowing:
  config: # windows=1370, spacing=0.08712551086005786, CF order=10
  error tolerance: rtol=0.001, atol=1e-05
Testing N_win=1370 N_cf=9
Windowing:
  config: # windows=1370, spacing=0.08712551086005786, CF order=9
  error tolerance: rtol=0.001, atol=1e-05
Testing N_win=1370 N_cf=8
Windowing:
  config: # windows=1370, spacing=0.08712551086005786, CF order=8
  error tolerance: rtol=0.001, atol=1e-05
Testing N_win=1370 N_cf=7
Windowing:
  config: # windows=1370, spacing=0.08712551086005786, CF order=7
  error tolerance: rtol=0.001, atol=1e-05
Testing N_win=1370 N_cf=6
Windowing:
  config: # windows=1370, spacing=0.08712551086005786, CF order=6
  error tolerance: rtol=0.001, atol=1e-05
Testing N_win=1370 N_cf=5
Windowing:
  config: # windows=1370, spacing=0.08712551086005786, CF order=5
  error tolerance: rtol=0.001, atol=1e-05
Testing N_win=1370 N_cf=4
Windowing:
  config: # windows=1370, spacing=0.08712551086005786, CF order=4
  error tolerance: rtol=0.001, atol=1e-05
Testing N_win=1370 N_cf=3
Windowing:
  config: # windows=1370, spacing=0.08712551086005786, CF order=3
  error tolerance: rtol=0.001, atol=1e-05
Testing N_win=1370 N_cf=2
Windowing:
  config: # windows=1370, spacing=0.08712551086005786, CF order=2
  error tolerance: rtol=0.001, atol=1e-05
Testing N_win=1475 N_cf=10
Windowing:
  config: # windows=1475, spacing=0.08092335584968087, CF order=10
  error tolerance: rtol=0.001, atol=1e-05
Testing N_win=1475 N_cf=9
Windowing:
  config: # windows=1475, spacing=0.08092335584968087, CF order=9
  error tolerance: rtol=0.001, atol=1e-05
Testing N_win=1475 N_cf=8
Windowing:
  config: # windows=1475, spacing=0.08092335584968087, CF order=8
  error tolerance: rtol=0.001, atol=1e-05
Testing N_win=1475 N_cf=7
Windowing:
  config: # windows=1475, spacing=0.08092335584968087, CF order=7
  error tolerance: rtol=0.001, atol=1e-05
Testing N_win=1475 N_cf=6
Windowing:
  config: # windows=1475, spacing=0.08092335584968087, CF order=6
  error tolerance: rtol=0.001, atol=1e-05
Testing N_win=1475 N_cf=5
Windowing:
  config: # windows=1475, spacing=0.08092335584968087, CF order=5
  error tolerance: rtol=0.001, atol=1e-05
Testing N_win=1475 N_cf=4
Windowing:
  config: # windows=1475, spacing=0.08092335584968087, CF order=4
  error tolerance: rtol=0.001, atol=1e-05
Testing N_win=1475 N_cf=3
Windowing:
  config: # windows=1475, spacing=0.08092335584968087, CF order=3
  error tolerance: rtol=0.001, atol=1e-05
Testing N_win=1475 N_cf=2
Windowing:
  config: # windows=1475, spacing=0.08092335584968087, CF order=2
  error tolerance: rtol=0.001, atol=1e-05
Testing N_win=1580 N_cf=10
Windowing:
  config: # windows=1580, spacing=0.07554553789764511, CF order=10
  error tolerance: rtol=0.001, atol=1e-05
Testing N_win=1580 N_cf=9
Windowing:
  config: # windows=1580, spacing=0.07554553789764511, CF order=9
  error tolerance: rtol=0.001, atol=1e-05
Testing N_win=1580 N_cf=8
Windowing:
  config: # windows=1580, spacing=0.07554553789764511, CF order=8
  error tolerance: rtol=0.001, atol=1e-05
Testing N_win=1580 N_cf=7
Windowing:
  config: # windows=1580, spacing=0.07554553789764511, CF order=7
  error tolerance: rtol=0.001, atol=1e-05
Testing N_win=1580 N_cf=6
Windowing:
  config: # windows=1580, spacing=0.07554553789764511, CF order=6
  error tolerance: rtol=0.001, atol=1e-05
Testing N_win=1580 N_cf=5
Windowing:
  config: # windows=1580, spacing=0.07554553789764511, CF order=5
  error tolerance: rtol=0.001, atol=1e-05
Testing N_win=1580 N_cf=4
Windowing:
  config: # windows=1580, spacing=0.07554553789764511, CF order=4
  error tolerance: rtol=0.001, atol=1e-05
Testing N_win=1580 N_cf=3
Windowing:
  config: # windows=1580, spacing=0.07554553789764511, CF order=3
  error tolerance: rtol=0.001, atol=1e-05
Testing N_win=1580 N_cf=2
Windowing:
  config: # windows=1580, spacing=0.07554553789764511, CF order=2
  error tolerance: rtol=0.001, atol=1e-05
Testing N_win=1685 N_cf=10
Windowing:
  config: # windows=1685, spacing=0.07083795245001738, CF order=10
  error tolerance: rtol=0.001, atol=1e-05
Testing N_win=1685 N_cf=9
Windowing:
  config: # windows=1685, spacing=0.07083795245001738, CF order=9
  error tolerance: rtol=0.001, atol=1e-05
Testing N_win=1685 N_cf=8
Windowing:
  config: # windows=1685, spacing=0.07083795245001738, CF order=8
  error tolerance: rtol=0.001, atol=1e-05
Testing N_win=1685 N_cf=7
Windowing:
  config: # windows=1685, spacing=0.07083795245001738, CF order=7
  error tolerance: rtol=0.001, atol=1e-05
Testing N_win=1685 N_cf=6
Windowing:
  config: # windows=1685, spacing=0.07083795245001738, CF order=6
  error tolerance: rtol=0.001, atol=1e-05
Testing N_win=1685 N_cf=5
Windowing:
  config: # windows=1685, spacing=0.07083795245001738, CF order=5
  error tolerance: rtol=0.001, atol=1e-05
Testing N_win=1685 N_cf=4
Windowing:
  config: # windows=1685, spacing=0.07083795245001738, CF order=4
  error tolerance: rtol=0.001, atol=1e-05
Testing N_win=1685 N_cf=3
Windowing:
  config: # windows=1685, spacing=0.07083795245001738, CF order=3
  error tolerance: rtol=0.001, atol=1e-05
Testing N_win=1685 N_cf=2
Windowing:
  config: # windows=1685, spacing=0.07083795245001738, CF order=2
  error tolerance: rtol=0.001, atol=1e-05
Testing N_win=1790 N_cf=10
Windowing:
  config: # windows=1790, spacing=0.06668265356328451, CF order=10
  error tolerance: rtol=0.001, atol=1e-05
Testing N_win=1790 N_cf=9
Windowing:
  config: # windows=1790, spacing=0.06668265356328451, CF order=9
  error tolerance: rtol=0.001, atol=1e-05
Testing N_win=1790 N_cf=8
Windowing:
  config: # windows=1790, spacing=0.06668265356328451, CF order=8
  error tolerance: rtol=0.001, atol=1e-05
Testing N_win=1790 N_cf=7
Windowing:
  config: # windows=1790, spacing=0.06668265356328451, CF order=7
  error tolerance: rtol=0.001, atol=1e-05
Testing N_win=1790 N_cf=6
Windowing:
  config: # windows=1790, spacing=0.06668265356328451, CF order=6
  error tolerance: rtol=0.001, atol=1e-05
Testing N_win=1790 N_cf=5
Windowing:
  config: # windows=1790, spacing=0.06668265356328451, CF order=5
  error tolerance: rtol=0.001, atol=1e-05
Testing N_win=1790 N_cf=4
Windowing:
  config: # windows=1790, spacing=0.06668265356328451, CF order=4
  error tolerance: rtol=0.001, atol=1e-05
Testing N_win=1790 N_cf=3
Windowing:
  config: # windows=1790, spacing=0.06668265356328451, CF order=3
  error tolerance: rtol=0.001, atol=1e-05
Testing N_win=1790 N_cf=2
Windowing:
  config: # windows=1790, spacing=0.06668265356328451, CF order=2
  error tolerance: rtol=0.001, atol=1e-05
Testing N_win=1895 N_cf=10
Windowing:
  config: # windows=1895, spacing=0.06298783634737692, CF order=10
  error tolerance: rtol=0.001, atol=1e-05
Testing N_win=1895 N_cf=9
Windowing:
  config: # windows=1895, spacing=0.06298783634737692, CF order=9
  error tolerance: rtol=0.001, atol=1e-05
Testing N_win=1895 N_cf=8
Windowing:
  config: # windows=1895, spacing=0.06298783634737692, CF order=8
  error tolerance: rtol=0.001, atol=1e-05
Testing N_win=1895 N_cf=7
Windowing:
  config: # windows=1895, spacing=0.06298783634737692, CF order=7
  error tolerance: rtol=0.001, atol=1e-05
Testing N_win=1895 N_cf=6
Windowing:
  config: # windows=1895, spacing=0.06298783634737692, CF order=6
  error tolerance: rtol=0.001, atol=1e-05
Testing N_win=1895 N_cf=5
Windowing:
  config: # windows=1895, spacing=0.06298783634737692, CF order=5
  error tolerance: rtol=0.001, atol=1e-05
Testing N_win=1895 N_cf=4
Windowing:
  config: # windows=1895, spacing=0.06298783634737692, CF order=4
  error tolerance: rtol=0.001, atol=1e-05
Testing N_win=1895 N_cf=3
Windowing:
  config: # windows=1895, spacing=0.06298783634737692, CF order=3
  error tolerance: rtol=0.001, atol=1e-05
Testing N_win=1895 N_cf=2
Windowing:
  config: # windows=1895, spacing=0.06298783634737692, CF order=2
  error tolerance: rtol=0.001, atol=1e-05
Testing N_win=2000 N_cf=10
Windowing:
  config: # windows=2000, spacing=0.05968097493913964, CF order=10
  error tolerance: rtol=0.001, atol=1e-05
Testing N_win=2000 N_cf=9
Windowing:
  config: # windows=2000, spacing=0.05968097493913964, CF order=9
  error tolerance: rtol=0.001, atol=1e-05
Testing N_win=2000 N_cf=8
Windowing:
  config: # windows=2000, spacing=0.05968097493913964, CF order=8
  error tolerance: rtol=0.001, atol=1e-05
Testing N_win=2000 N_cf=7
Windowing:
  config: # windows=2000, spacing=0.05968097493913964, CF order=7
  error tolerance: rtol=0.001, atol=1e-05
Testing N_win=2000 N_cf=6
Windowing:
  config: # windows=2000, spacing=0.05968097493913964, CF order=6
  error tolerance: rtol=0.001, atol=1e-05
Testing N_win=2000 N_cf=5
Windowing:
  config: # windows=2000, spacing=0.05968097493913964, CF order=5
  error tolerance: rtol=0.001, atol=1e-05
Testing N_win=2000 N_cf=4
Windowing:
  config: # windows=2000, spacing=0.05968097493913964, CF order=4
  error tolerance: rtol=0.001, atol=1e-05
Testing N_win=2000 N_cf=3
Windowing:
  config: # windows=2000, spacing=0.05968097493913964, CF order=3
  error tolerance: rtol=0.001, atol=1e-05
Testing N_win=2000 N_cf=2
Windowing:
  config: # windows=2000, spacing=0.05968097493913964, CF order=2
  error tolerance: rtol=0.001, atol=1e-05
Final library: 9 poles, 215 windows, 0.43 poles per window, 2 CF order
