Running NJOY to get 0K point-wise data (error=0.0005)...
Parsing cross sections within resolved resonance range...
  MTs: [2, 27, 102]
  Energy range: 1.000e-05 to 7.500e+03 eV (35269 points)
Vector fitting piece 1/17...
  energy: 1.000e-05 to 2.938e+01 eV (596 points)
  error tolerance: rtol=0.001, atol=1e-05
Found 0 peaks
Fitting orders from 2 to 200
Order=2(0/100)
Order=4(1/100)
Order=6(2/100)
Order=8(3/100)
Order=10(4/100)
Order=12(5/100)
Order=14(6/100)
Order=16(7/100)
Order=18(8/100)
Order=20(9/100)
Order=22(10/100)
Order=24(11/100)
Order=26(12/100)
Order=28(13/100)
Order=30(14/100)
Order=32(15/100)
Order=34(16/100)
Order=36(17/100)
Order=38(18/100)
Order=40(19/100)
Order=42(20/100)
Order=44(21/100)
Order=46(22/100)
Order=48(23/100)
Order=50(24/100)
Order=52(25/100)
Order=54(26/100)
Order=56(27/100)
Order=58(28/100)
Order=60(29/100)
Found 2 real poles and 1 conjugate complex pairs.
Final number of poles: 3
Saved figure: WMP_Lib/Pd104/0-29_MT2.png
Saved figure: WMP_Lib/Pd104/0-29_MT27.png
Saved figure: WMP_Lib/Pd104/0-29_MT102.png
Vector fitting piece 2/17...
  energy: 5.469e+00 to 1.080e+02 eV (160 points)
  error tolerance: rtol=0.001, atol=1e-05
Found 0 peaks
Fitting orders from 2 to 200
Order=2(0/100)
Order=4(1/100)
Order=6(2/100)
Found ideal results. Stop!
Found 4 real poles and 1 conjugate complex pairs.
Final number of poles: 5
Saved figure: WMP_Lib/Pd104/5-108_MT2.png
Saved figure: WMP_Lib/Pd104/5-108_MT27.png
Saved figure: WMP_Lib/Pd104/5-108_MT102.png
Vector fitting piece 3/17...
  energy: 5.469e+01 to 2.416e+02 eV (1364 points)
  error tolerance: rtol=0.001, atol=1e-05
Found 3 peaks
Fitting orders from 6 to 200
Order=6(0/98)
Order=8(1/98)
Order=10(2/98)
Order=12(3/98)
Order=14(4/98)
Order=16(5/98)
Order=18(6/98)
Order=20(7/98)
Order=22(8/98)
Order=24(9/98)
Order=26(10/98)
Order=28(11/98)
Order=30(12/98)
Order=32(13/98)
Order=34(14/98)
Order=36(15/98)
Order=38(16/98)
Order=40(17/98)
Order=42(18/98)
Order=44(19/98)
Order=46(20/98)
Order=48(21/98)
Order=50(22/98)
Order=52(23/98)
Order=54(24/98)
Order=56(25/98)
Order=58(26/98)
Order=60(27/98)
Found 2 real poles and 4 conjugate complex pairs.
Final number of poles: 6
Saved figure: WMP_Lib/Pd104/55-242_MT2.png
Saved figure: WMP_Lib/Pd104/55-242_MT27.png
Saved figure: WMP_Lib/Pd104/55-242_MT102.png
Vector fitting piece 4/17...
  energy: 1.572e+02 to 4.264e+02 eV (2205 points)
  error tolerance: rtol=0.001, atol=1e-05
Found 4 peaks
Fitting orders from 8 to 200
Order=8(0/97)
Order=10(1/97)
Order=12(2/97)
Order=14(3/97)
Order=16(4/97)
Order=18(5/97)
Order=20(6/97)
Order=22(7/97)
Order=24(8/97)
Order=26(9/97)
Order=28(10/97)
Order=30(11/97)
Order=32(12/97)
Order=34(13/97)
Order=36(14/97)
Order=38(15/97)
Order=40(16/97)
Order=42(17/97)
Order=44(18/97)
Order=46(19/97)
Order=48(20/97)
Order=50(21/97)
Order=52(22/97)
Order=54(23/97)
Order=56(24/97)
Order=58(25/97)
Order=60(26/97)
Found 2 real poles and 6 conjugate complex pairs.
Final number of poles: 8
Saved figure: WMP_Lib/Pd104/157-426_MT2.png
Saved figure: WMP_Lib/Pd104/157-426_MT27.png
Saved figure: WMP_Lib/Pd104/157-426_MT102.png
Vector fitting piece 5/17...
  energy: 3.105e+02 to 6.608e+02 eV (2216 points)
  error tolerance: rtol=0.001, atol=1e-05
Found 5 peaks
Fitting orders from 10 to 200
Order=10(0/96)
Order=12(1/96)
Order=14(2/96)
Order=16(3/96)
Order=18(4/96)
Order=20(5/96)
Order=22(6/96)
Order=24(7/96)
Order=26(8/96)
Order=28(9/96)
Order=30(10/96)
Order=32(11/96)
Order=34(12/96)
Order=36(13/96)
Order=38(14/96)
Order=40(15/96)
Order=42(16/96)
Order=44(17/96)
Order=46(18/96)
Order=48(19/96)
Order=50(20/96)
Order=52(21/96)
Order=54(22/96)
Order=56(23/96)
Order=58(24/96)
Order=60(25/96)
Found 4 real poles and 6 conjugate complex pairs.
Final number of poles: 10
Saved figure: WMP_Lib/Pd104/310-661_MT2.png
Saved figure: WMP_Lib/Pd104/310-661_MT27.png
Saved figure: WMP_Lib/Pd104/310-661_MT102.png
Vector fitting piece 6/17...
  energy: 5.162e+02 to 9.467e+02 eV (3285 points)
  error tolerance: rtol=0.001, atol=1e-05
Found 9 peaks
Fitting orders from 18 to 200
Order=18(0/92)
Order=20(1/92)
Order=22(2/92)
Order=24(3/92)
Order=26(4/92)
Order=28(5/92)
Order=30(6/92)
Order=32(7/92)
Order=34(8/92)
Order=36(9/92)
Order=38(10/92)
Order=40(11/92)
Order=42(12/92)
Order=44(13/92)
Order=46(14/92)
Order=48(15/92)
Order=50(16/92)
Order=52(17/92)
Order=54(18/92)
Order=56(19/92)
Order=58(20/92)
Order=60(21/92)
Found 2 real poles and 11 conjugate complex pairs.
Final number of poles: 13
Saved figure: WMP_Lib/Pd104/516-947_MT2.png
Saved figure: WMP_Lib/Pd104/516-947_MT27.png
Saved figure: WMP_Lib/Pd104/516-947_MT102.png
Vector fitting piece 7/17...
  energy: 7.739e+02 to 1.288e+03 eV (2656 points)
  error tolerance: rtol=0.001, atol=1e-05
Found 6 peaks
Fitting orders from 12 to 200
Order=12(0/95)
Order=14(1/95)
Order=16(2/95)
Order=18(3/95)
Order=20(4/95)
Order=22(5/95)
Order=24(6/95)
Order=26(7/95)
Order=28(8/95)
Order=30(9/95)
Order=32(10/95)
Order=34(11/95)
Order=36(12/95)
Order=38(13/95)
Order=40(14/95)
Order=42(15/95)
Order=44(16/95)
Order=46(17/95)
Order=48(18/95)
Order=50(19/95)
Order=52(20/95)
Order=54(21/95)
Order=56(22/95)
Order=58(23/95)
Order=60(24/95)
Found 2 real poles and 8 conjugate complex pairs.
Final number of poles: 10
Saved figure: WMP_Lib/Pd104/774-1288_MT2.png
Saved figure: WMP_Lib/Pd104/774-1288_MT27.png
Saved figure: WMP_Lib/Pd104/774-1288_MT102.png
Vector fitting piece 8/17...
  energy: 1.082e+03 to 1.685e+03 eV (2988 points)
  error tolerance: rtol=0.001, atol=1e-05
Found 7 peaks
Fitting orders from 14 to 200
Order=14(0/94)
Order=16(1/94)
Order=18(2/94)
Order=20(3/94)
Order=22(4/94)
Order=24(5/94)
Order=26(6/94)
Order=28(7/94)
Order=30(8/94)
Order=32(9/94)
Order=34(10/94)
Order=36(11/94)
Order=38(12/94)
Order=40(13/94)
Order=42(14/94)
Order=44(15/94)
Order=46(16/94)
Order=48(17/94)
Order=50(18/94)
Order=52(19/94)
Order=54(20/94)
Order=56(21/94)
Order=58(22/94)
Order=60(23/94)
Found 4 real poles and 7 conjugate complex pairs.
Final number of poles: 11
Saved figure: WMP_Lib/Pd104/1082-1685_MT2.png
Saved figure: WMP_Lib/Pd104/1082-1685_MT27.png
Saved figure: WMP_Lib/Pd104/1082-1685_MT102.png
Vector fitting piece 9/17...
  energy: 1.444e+03 to 2.123e+03 eV (2723 points)
  error tolerance: rtol=0.001, atol=1e-05
Found 7 peaks
Fitting orders from 14 to 200
Order=14(0/94)
Order=16(1/94)
Order=18(2/94)
Order=20(3/94)
Order=22(4/94)
Order=24(5/94)
Order=26(6/94)
Order=28(7/94)
Order=30(8/94)
Order=32(9/94)
Order=34(10/94)
Order=36(11/94)
Order=38(12/94)
Order=40(13/94)
Order=42(14/94)
Order=44(15/94)
Order=46(16/94)
Order=48(17/94)
Order=50(18/94)
Order=52(19/94)
Order=54(20/94)
Order=56(21/94)
Order=58(22/94)
Order=60(23/94)
Found 2 real poles and 8 conjugate complex pairs.
Final number of poles: 10
Saved figure: WMP_Lib/Pd104/1444-2123_MT2.png
Saved figure: WMP_Lib/Pd104/1444-2123_MT27.png
Saved figure: WMP_Lib/Pd104/1444-2123_MT102.png
Vector fitting piece 10/17...
  energy: 1.858e+03 to 2.624e+03 eV (1212 points)
  error tolerance: rtol=0.001, atol=1e-05
Found 3 peaks
Fitting orders from 6 to 200
Order=6(0/98)
Order=8(1/98)
Order=10(2/98)
Order=12(3/98)
Order=14(4/98)
Order=16(5/98)
Order=18(6/98)
Order=20(7/98)
Order=22(8/98)
Order=24(9/98)
Order=26(10/98)
Order=28(11/98)
Order=30(12/98)
Order=32(13/98)
Order=34(14/98)
Order=36(15/98)
Order=38(16/98)
Order=40(17/98)
Order=42(18/98)
Order=44(19/98)
Order=46(20/98)
Order=48(21/98)
Order=50(22/98)
Order=52(23/98)
Order=54(24/98)
Order=56(25/98)
Order=58(26/98)
Order=60(27/98)
Found 2 real poles and 5 conjugate complex pairs.
Final number of poles: 7
Saved figure: WMP_Lib/Pd104/1858-2624_MT2.png
Saved figure: WMP_Lib/Pd104/1858-2624_MT27.png
Saved figure: WMP_Lib/Pd104/1858-2624_MT102.png
Vector fitting piece 11/17...
  energy: 2.318e+03 to 3.172e+03 eV (2560 points)
  error tolerance: rtol=0.001, atol=1e-05
Found 7 peaks
Fitting orders from 14 to 200
Order=14(0/94)
Order=16(1/94)
Order=18(2/94)
Order=20(3/94)
Order=22(4/94)
Order=24(5/94)
Order=26(6/94)
Order=28(7/94)
Order=30(8/94)
Order=32(9/94)
Order=34(10/94)
Order=36(11/94)
Order=38(12/94)
Order=40(13/94)
Order=42(14/94)
Order=44(15/94)
Order=46(16/94)
Order=48(17/94)
Order=50(18/94)
Order=52(19/94)
Order=54(20/94)
Order=56(21/94)
Order=58(22/94)
Order=60(23/94)
Found 4 real poles and 7 conjugate complex pairs.
Final number of poles: 11
Saved figure: WMP_Lib/Pd104/2318-3172_MT2.png
Saved figure: WMP_Lib/Pd104/2318-3172_MT27.png
Saved figure: WMP_Lib/Pd104/2318-3172_MT102.png
Vector fitting piece 12/17...
  energy: 2.840e+03 to 3.765e+03 eV (3701 points)
  error tolerance: rtol=0.001, atol=1e-05
Found 12 peaks
Fitting orders from 24 to 200
Order=24(0/89)
Order=26(1/89)
Order=28(2/89)
Order=30(3/89)
Order=32(4/89)
Order=34(5/89)
Order=36(6/89)
Order=38(7/89)
Order=40(8/89)
Order=42(9/89)
Order=44(10/89)
Order=46(11/89)
Order=48(12/89)
Order=50(13/89)
Order=52(14/89)
Order=54(15/89)
Order=56(16/89)
Order=58(17/89)
Order=60(18/89)
Order=62(19/89)
Order=64(20/89)
Order=66(21/89)
Order=68(22/89)
Order=70(23/89)
Found 4 real poles and 13 conjugate complex pairs.
Final number of poles: 17
Saved figure: WMP_Lib/Pd104/2840-3765_MT2.png
Saved figure: WMP_Lib/Pd104/2840-3765_MT27.png
Saved figure: WMP_Lib/Pd104/2840-3765_MT102.png
Vector fitting piece 13/17...
  energy: 3.408e+03 to 4.413e+03 eV (4484 points)
  error tolerance: rtol=0.001, atol=1e-05
Found 17 peaks
Fitting orders from 34 to 200
Order=34(0/84)
Order=36(1/84)
Order=38(2/84)
Order=40(3/84)
Order=42(4/84)
Order=44(5/84)
Order=46(6/84)
Order=48(7/84)
Order=50(8/84)
Order=52(9/84)
Order=54(10/84)
Order=56(11/84)
Order=58(12/84)
Order=60(13/84)
Order=62(14/84)
Order=64(15/84)
Order=66(16/84)
Order=68(17/84)
Order=70(18/84)
Found 2 real poles and 18 conjugate complex pairs.
Final number of poles: 20
Saved figure: WMP_Lib/Pd104/3408-4413_MT2.png
Saved figure: WMP_Lib/Pd104/3408-4413_MT27.png
Saved figure: WMP_Lib/Pd104/3408-4413_MT102.png
Vector fitting piece 14/17...
  energy: 4.027e+03 to 5.116e+03 eV (5894 points)
  error tolerance: rtol=0.001, atol=1e-05
Found 22 peaks
Fitting orders from 44 to 200
Order=44(0/79)
Order=46(1/79)
Order=48(2/79)
Order=50(3/79)
Order=52(4/79)
Order=54(5/79)
Order=56(6/79)
Order=58(7/79)
Order=60(8/79)
Order=62(9/79)
Order=64(10/79)
Order=66(11/79)
Order=68(12/79)
Order=70(13/79)
Found 4 real poles and 22 conjugate complex pairs.
Final number of poles: 26
Saved figure: WMP_Lib/Pd104/4027-5116_MT2.png
Saved figure: WMP_Lib/Pd104/4027-5116_MT27.png
Saved figure: WMP_Lib/Pd104/4027-5116_MT102.png
Vector fitting piece 15/17...
  energy: 4.702e+03 to 5.884e+03 eV (5171 points)
  error tolerance: rtol=0.001, atol=1e-05
Found 20 peaks
Fitting orders from 40 to 200
Order=40(0/81)
Order=42(1/81)
Order=44(2/81)
Order=46(3/81)
Order=48(4/81)
Order=50(5/81)
Order=52(6/81)
Order=54(7/81)
Order=56(8/81)
Order=58(9/81)
Order=60(10/81)
Order=62(11/81)
Order=64(12/81)
Order=66(13/81)
Order=68(14/81)
Order=70(15/81)
Found 2 real poles and 21 conjugate complex pairs.
Final number of poles: 23
Saved figure: WMP_Lib/Pd104/4702-5884_MT2.png
Saved figure: WMP_Lib/Pd104/4702-5884_MT27.png
Saved figure: WMP_Lib/Pd104/4702-5884_MT102.png
Vector fitting piece 16/17...
  energy: 5.426e+03 to 6.677e+03 eV (6351 points)
  error tolerance: rtol=0.001, atol=1e-05
Found 27 peaks
Fitting orders from 54 to 200
Order=54(0/74)
Order=56(1/74)
Order=58(2/74)
Order=60(3/74)
Order=62(4/74)
Order=64(5/74)
Order=66(6/74)
Order=68(7/74)
Order=70(8/74)
Order=72(9/74)
Order=74(10/74)
Order=76(11/74)
Order=78(12/74)
Order=80(13/74)
Found 2 real poles and 29 conjugate complex pairs.
Final number of poles: 31
Saved figure: WMP_Lib/Pd104/5426-6677_MT2.png
Saved figure: WMP_Lib/Pd104/5426-6677_MT27.png
Saved figure: WMP_Lib/Pd104/5426-6677_MT102.png
Vector fitting piece 17/17...
  energy: 6.203e+03 to 7.500e+03 eV (6709 points)
  error tolerance: rtol=0.001, atol=1e-05
Found 32 peaks
Fitting orders from 64 to 200
Order=64(0/69)
Order=66(1/69)
Order=68(2/69)
Order=70(3/69)
Order=72(4/69)
Order=74(5/69)
Order=76(6/69)
Order=78(7/69)
Order=80(8/69)
Order=82(9/69)
Order=84(10/69)
Order=86(11/69)
Order=88(12/69)
Found 4 real poles and 32 conjugate complex pairs.
Final number of poles: 36
Saved figure: WMP_Lib/Pd104/6203-7500_MT2.png
Saved figure: WMP_Lib/Pd104/6203-7500_MT27.png
Saved figure: WMP_Lib/Pd104/6203-7500_MT102.png
Dumped multipole data to file: WMP_Lib/Pd104/Pd104_mp.pickle
Start searching ...
Testing N_win=12 N_cf=10
Failed: Window spacing cannot be larger than piece spacing.
Testing N_win=116 N_cf=10
Windowing:
  config: # windows=116, spacing=0.746546313166214, CF order=10
  error tolerance: rtol=0.001, atol=1e-05
Best library so far.
Testing N_win=116 N_cf=9
Windowing:
  config: # windows=116, spacing=0.746546313166214, CF order=9
  error tolerance: rtol=0.001, atol=1e-05
Best library so far.
Testing N_win=116 N_cf=8
Windowing:
  config: # windows=116, spacing=0.746546313166214, CF order=8
  error tolerance: rtol=0.001, atol=1e-05
Best library so far.
Testing N_win=116 N_cf=7
Windowing:
  config: # windows=116, spacing=0.746546313166214, CF order=7
  error tolerance: rtol=0.001, atol=1e-05
Best library so far.
Testing N_win=116 N_cf=6
Windowing:
  config: # windows=116, spacing=0.746546313166214, CF order=6
  error tolerance: rtol=0.001, atol=1e-05
Best library so far.
Testing N_win=116 N_cf=5
Windowing:
  config: # windows=116, spacing=0.746546313166214, CF order=5
  error tolerance: rtol=0.001, atol=1e-05
Best library so far.
Testing N_win=116 N_cf=4
Windowing:
  config: # windows=116, spacing=0.746546313166214, CF order=4
  error tolerance: rtol=0.001, atol=1e-05
Best library so far.
Testing N_win=116 N_cf=3
Windowing:
  config: # windows=116, spacing=0.746546313166214, CF order=3
  error tolerance: rtol=0.001, atol=1e-05
Best library so far.
Testing N_win=116 N_cf=2
Windowing:
  config: # windows=116, spacing=0.746546313166214, CF order=2
  error tolerance: rtol=0.001, atol=1e-05
Testing N_win=221 N_cf=10
Windowing:
  config: # windows=221, spacing=0.3918523634718589, CF order=10
  error tolerance: rtol=0.001, atol=1e-05
Best library so far.
Testing N_win=221 N_cf=9
Windowing:
  config: # windows=221, spacing=0.3918523634718589, CF order=9
  error tolerance: rtol=0.001, atol=1e-05
Best library so far.
Testing N_win=221 N_cf=8
Windowing:
  config: # windows=221, spacing=0.3918523634718589, CF order=8
  error tolerance: rtol=0.001, atol=1e-05
Best library so far.
Testing N_win=221 N_cf=7
Windowing:
  config: # windows=221, spacing=0.3918523634718589, CF order=7
  error tolerance: rtol=0.001, atol=1e-05
Best library so far.
Testing N_win=221 N_cf=6
Windowing:
  config: # windows=221, spacing=0.3918523634718589, CF order=6
  error tolerance: rtol=0.001, atol=1e-05
Best library so far.
Testing N_win=221 N_cf=5
Windowing:
  config: # windows=221, spacing=0.3918523634718589, CF order=5
  error tolerance: rtol=0.001, atol=1e-05
Best library so far.
Testing N_win=221 N_cf=4
Windowing:
  config: # windows=221, spacing=0.3918523634718589, CF order=4
  error tolerance: rtol=0.001, atol=1e-05
Best library so far.
Testing N_win=221 N_cf=3
Windowing:
  config: # windows=221, spacing=0.3918523634718589, CF order=3
  error tolerance: rtol=0.001, atol=1e-05
Best library so far.
Testing N_win=221 N_cf=2
Windowing:
  config: # windows=221, spacing=0.3918523634718589, CF order=2
  error tolerance: rtol=0.001, atol=1e-05
Testing N_win=325 N_cf=10
Windowing:
  config: # windows=325, spacing=0.26645960716086403, CF order=10
  error tolerance: rtol=0.001, atol=1e-05
Testing N_win=325 N_cf=9
Windowing:
  config: # windows=325, spacing=0.26645960716086403, CF order=9
  error tolerance: rtol=0.001, atol=1e-05
Testing N_win=325 N_cf=8
Windowing:
  config: # windows=325, spacing=0.26645960716086403, CF order=8
  error tolerance: rtol=0.001, atol=1e-05
Testing N_win=325 N_cf=7
Windowing:
  config: # windows=325, spacing=0.26645960716086403, CF order=7
  error tolerance: rtol=0.001, atol=1e-05
Testing N_win=325 N_cf=6
Windowing:
  config: # windows=325, spacing=0.26645960716086403, CF order=6
  error tolerance: rtol=0.001, atol=1e-05
Testing N_win=325 N_cf=5
Windowing:
  config: # windows=325, spacing=0.26645960716086403, CF order=5
  error tolerance: rtol=0.001, atol=1e-05
Best library so far.
Testing N_win=325 N_cf=4
Windowing:
  config: # windows=325, spacing=0.26645960716086403, CF order=4
  error tolerance: rtol=0.001, atol=1e-05
Best library so far.
Testing N_win=325 N_cf=3
Windowing:
  config: # windows=325, spacing=0.26645960716086403, CF order=3
  error tolerance: rtol=0.001, atol=1e-05
Best library so far.
Testing N_win=325 N_cf=2
Windowing:
  config: # windows=325, spacing=0.26645960716086403, CF order=2
  error tolerance: rtol=0.001, atol=1e-05
Testing N_win=430 N_cf=10
Windowing:
  config: # windows=430, spacing=0.2013938891332112, CF order=10
  error tolerance: rtol=0.001, atol=1e-05
Testing N_win=430 N_cf=9
Windowing:
  config: # windows=430, spacing=0.2013938891332112, CF order=9
  error tolerance: rtol=0.001, atol=1e-05
Testing N_win=430 N_cf=8
Windowing:
  config: # windows=430, spacing=0.2013938891332112, CF order=8
  error tolerance: rtol=0.001, atol=1e-05
Testing N_win=430 N_cf=7
Windowing:
  config: # windows=430, spacing=0.2013938891332112, CF order=7
  error tolerance: rtol=0.001, atol=1e-05
Testing N_win=430 N_cf=6
Windowing:
  config: # windows=430, spacing=0.2013938891332112, CF order=6
  error tolerance: rtol=0.001, atol=1e-05
Testing N_win=430 N_cf=5
Windowing:
  config: # windows=430, spacing=0.2013938891332112, CF order=5
  error tolerance: rtol=0.001, atol=1e-05
Testing N_win=430 N_cf=4
Windowing:
  config: # windows=430, spacing=0.2013938891332112, CF order=4
  error tolerance: rtol=0.001, atol=1e-05
Best library so far.
Testing N_win=430 N_cf=3
Windowing:
  config: # windows=430, spacing=0.2013938891332112, CF order=3
  error tolerance: rtol=0.001, atol=1e-05
Best library so far.
Testing N_win=430 N_cf=2
Windowing:
  config: # windows=430, spacing=0.2013938891332112, CF order=2
  error tolerance: rtol=0.001, atol=1e-05
Testing N_win=535 N_cf=10
Windowing:
  config: # windows=535, spacing=0.16186798565846883, CF order=10
  error tolerance: rtol=0.001, atol=1e-05
Testing N_win=535 N_cf=9
Windowing:
  config: # windows=535, spacing=0.16186798565846883, CF order=9
  error tolerance: rtol=0.001, atol=1e-05
Testing N_win=535 N_cf=8
Windowing:
  config: # windows=535, spacing=0.16186798565846883, CF order=8
  error tolerance: rtol=0.001, atol=1e-05
Testing N_win=535 N_cf=7
Windowing:
  config: # windows=535, spacing=0.16186798565846883, CF order=7
  error tolerance: rtol=0.001, atol=1e-05
Testing N_win=535 N_cf=6
Windowing:
  config: # windows=535, spacing=0.16186798565846883, CF order=6
  error tolerance: rtol=0.001, atol=1e-05
Testing N_win=535 N_cf=5
Windowing:
  config: # windows=535, spacing=0.16186798565846883, CF order=5
  error tolerance: rtol=0.001, atol=1e-05
Testing N_win=535 N_cf=4
Windowing:
  config: # windows=535, spacing=0.16186798565846883, CF order=4
  error tolerance: rtol=0.001, atol=1e-05
Testing N_win=535 N_cf=3
Windowing:
  config: # windows=535, spacing=0.16186798565846883, CF order=3
  error tolerance: rtol=0.001, atol=1e-05
Testing N_win=535 N_cf=2
Windowing:
  config: # windows=535, spacing=0.16186798565846883, CF order=2
  error tolerance: rtol=0.001, atol=1e-05
Testing N_win=639 N_cf=10
Windowing:
  config: # windows=639, spacing=0.13552327437759126, CF order=10
  error tolerance: rtol=0.001, atol=1e-05
Testing N_win=639 N_cf=9
Windowing:
  config: # windows=639, spacing=0.13552327437759126, CF order=9
  error tolerance: rtol=0.001, atol=1e-05
Testing N_win=639 N_cf=8
Windowing:
  config: # windows=639, spacing=0.13552327437759126, CF order=8
  error tolerance: rtol=0.001, atol=1e-05
Testing N_win=639 N_cf=7
Windowing:
  config: # windows=639, spacing=0.13552327437759126, CF order=7
  error tolerance: rtol=0.001, atol=1e-05
Testing N_win=639 N_cf=6
Windowing:
  config: # windows=639, spacing=0.13552327437759126, CF order=6
  error tolerance: rtol=0.001, atol=1e-05
Testing N_win=639 N_cf=5
Windowing:
  config: # windows=639, spacing=0.13552327437759126, CF order=5
  error tolerance: rtol=0.001, atol=1e-05
Testing N_win=639 N_cf=4
Windowing:
  config: # windows=639, spacing=0.13552327437759126, CF order=4
  error tolerance: rtol=0.001, atol=1e-05
Testing N_win=639 N_cf=3
Windowing:
  config: # windows=639, spacing=0.13552327437759126, CF order=3
  error tolerance: rtol=0.001, atol=1e-05
Testing N_win=639 N_cf=2
Windowing:
  config: # windows=639, spacing=0.13552327437759126, CF order=2
  error tolerance: rtol=0.001, atol=1e-05
Testing N_win=744 N_cf=10
Windowing:
  config: # windows=744, spacing=0.11639700581623766, CF order=10
  error tolerance: rtol=0.001, atol=1e-05
Testing N_win=744 N_cf=9
Windowing:
  config: # windows=744, spacing=0.11639700581623766, CF order=9
  error tolerance: rtol=0.001, atol=1e-05
Testing N_win=744 N_cf=8
Windowing:
  config: # windows=744, spacing=0.11639700581623766, CF order=8
  error tolerance: rtol=0.001, atol=1e-05
Testing N_win=744 N_cf=7
Windowing:
  config: # windows=744, spacing=0.11639700581623766, CF order=7
  error tolerance: rtol=0.001, atol=1e-05
Testing N_win=744 N_cf=6
Windowing:
  config: # windows=744, spacing=0.11639700581623766, CF order=6
  error tolerance: rtol=0.001, atol=1e-05
Testing N_win=744 N_cf=5
Windowing:
  config: # windows=744, spacing=0.11639700581623766, CF order=5
  error tolerance: rtol=0.001, atol=1e-05
Testing N_win=744 N_cf=4
Windowing:
  config: # windows=744, spacing=0.11639700581623766, CF order=4
  error tolerance: rtol=0.001, atol=1e-05
Testing N_win=744 N_cf=3
Windowing:
  config: # windows=744, spacing=0.11639700581623766, CF order=3
  error tolerance: rtol=0.001, atol=1e-05
Testing N_win=744 N_cf=2
Windowing:
  config: # windows=744, spacing=0.11639700581623766, CF order=2
  error tolerance: rtol=0.001, atol=1e-05
Testing N_win=849 N_cf=10
Windowing:
  config: # windows=849, spacing=0.10200161640433547, CF order=10
  error tolerance: rtol=0.001, atol=1e-05
Testing N_win=849 N_cf=9
Windowing:
  config: # windows=849, spacing=0.10200161640433547, CF order=9
  error tolerance: rtol=0.001, atol=1e-05
Testing N_win=849 N_cf=8
Windowing:
  config: # windows=849, spacing=0.10200161640433547, CF order=8
  error tolerance: rtol=0.001, atol=1e-05
Testing N_win=849 N_cf=7
Windowing:
  config: # windows=849, spacing=0.10200161640433547, CF order=7
  error tolerance: rtol=0.001, atol=1e-05
Testing N_win=849 N_cf=6
Windowing:
  config: # windows=849, spacing=0.10200161640433547, CF order=6
  error tolerance: rtol=0.001, atol=1e-05
Testing N_win=849 N_cf=5
Windowing:
  config: # windows=849, spacing=0.10200161640433547, CF order=5
  error tolerance: rtol=0.001, atol=1e-05
Testing N_win=849 N_cf=4
Windowing:
  config: # windows=849, spacing=0.10200161640433547, CF order=4
  error tolerance: rtol=0.001, atol=1e-05
Testing N_win=849 N_cf=3
Windowing:
  config: # windows=849, spacing=0.10200161640433547, CF order=3
  error tolerance: rtol=0.001, atol=1e-05
Testing N_win=849 N_cf=2
Windowing:
  config: # windows=849, spacing=0.10200161640433547, CF order=2
  error tolerance: rtol=0.001, atol=1e-05
Testing N_win=953 N_cf=10
Windowing:
  config: # windows=953, spacing=0.09087027526472279, CF order=10
  error tolerance: rtol=0.001, atol=1e-05
Testing N_win=953 N_cf=9
Windowing:
  config: # windows=953, spacing=0.09087027526472279, CF order=9
  error tolerance: rtol=0.001, atol=1e-05
Testing N_win=953 N_cf=8
Windowing:
  config: # windows=953, spacing=0.09087027526472279, CF order=8
  error tolerance: rtol=0.001, atol=1e-05
Testing N_win=953 N_cf=7
Windowing:
  config: # windows=953, spacing=0.09087027526472279, CF order=7
  error tolerance: rtol=0.001, atol=1e-05
Testing N_win=953 N_cf=6
Windowing:
  config: # windows=953, spacing=0.09087027526472279, CF order=6
  error tolerance: rtol=0.001, atol=1e-05
Testing N_win=953 N_cf=5
Windowing:
  config: # windows=953, spacing=0.09087027526472279, CF order=5
  error tolerance: rtol=0.001, atol=1e-05
Testing N_win=953 N_cf=4
Windowing:
  config: # windows=953, spacing=0.09087027526472279, CF order=4
  error tolerance: rtol=0.001, atol=1e-05
Testing N_win=953 N_cf=3
Windowing:
  config: # windows=953, spacing=0.09087027526472279, CF order=3
  error tolerance: rtol=0.001, atol=1e-05
Testing N_win=953 N_cf=2
Windowing:
  config: # windows=953, spacing=0.09087027526472279, CF order=2
  error tolerance: rtol=0.001, atol=1e-05
Testing N_win=1058 N_cf=10
Windowing:
  config: # windows=1058, spacing=0.08185195872143744, CF order=10
  error tolerance: rtol=0.001, atol=1e-05
Testing N_win=1058 N_cf=9
Windowing:
  config: # windows=1058, spacing=0.08185195872143744, CF order=9
  error tolerance: rtol=0.001, atol=1e-05
Testing N_win=1058 N_cf=8
Windowing:
  config: # windows=1058, spacing=0.08185195872143744, CF order=8
  error tolerance: rtol=0.001, atol=1e-05
Testing N_win=1058 N_cf=7
Windowing:
  config: # windows=1058, spacing=0.08185195872143744, CF order=7
  error tolerance: rtol=0.001, atol=1e-05
Testing N_win=1058 N_cf=6
Windowing:
  config: # windows=1058, spacing=0.08185195872143744, CF order=6
  error tolerance: rtol=0.001, atol=1e-05
Testing N_win=1058 N_cf=5
Windowing:
  config: # windows=1058, spacing=0.08185195872143744, CF order=5
  error tolerance: rtol=0.001, atol=1e-05
Testing N_win=1058 N_cf=4
Windowing:
  config: # windows=1058, spacing=0.08185195872143744, CF order=4
  error tolerance: rtol=0.001, atol=1e-05
Testing N_win=1058 N_cf=3
Windowing:
  config: # windows=1058, spacing=0.08185195872143744, CF order=3
  error tolerance: rtol=0.001, atol=1e-05
Testing N_win=1058 N_cf=2
Windowing:
  config: # windows=1058, spacing=0.08185195872143744, CF order=2
  error tolerance: rtol=0.001, atol=1e-05
Testing N_win=1162 N_cf=10
Windowing:
  config: # windows=1162, spacing=0.07452613797528469, CF order=10
  error tolerance: rtol=0.001, atol=1e-05
Testing N_win=1162 N_cf=9
Windowing:
  config: # windows=1162, spacing=0.07452613797528469, CF order=9
  error tolerance: rtol=0.001, atol=1e-05
Testing N_win=1162 N_cf=8
Windowing:
  config: # windows=1162, spacing=0.07452613797528469, CF order=8
  error tolerance: rtol=0.001, atol=1e-05
Testing N_win=1162 N_cf=7
Windowing:
  config: # windows=1162, spacing=0.07452613797528469, CF order=7
  error tolerance: rtol=0.001, atol=1e-05
Testing N_win=1162 N_cf=6
Windowing:
  config: # windows=1162, spacing=0.07452613797528469, CF order=6
  error tolerance: rtol=0.001, atol=1e-05
Testing N_win=1162 N_cf=5
Windowing:
  config: # windows=1162, spacing=0.07452613797528469, CF order=5
  error tolerance: rtol=0.001, atol=1e-05
Testing N_win=1162 N_cf=4
Windowing:
  config: # windows=1162, spacing=0.07452613797528469, CF order=4
  error tolerance: rtol=0.001, atol=1e-05
Testing N_win=1162 N_cf=3
Windowing:
  config: # windows=1162, spacing=0.07452613797528469, CF order=3
  error tolerance: rtol=0.001, atol=1e-05
Testing N_win=1162 N_cf=2
Windowing:
  config: # windows=1162, spacing=0.07452613797528469, CF order=2
  error tolerance: rtol=0.001, atol=1e-05
Testing N_win=1267 N_cf=10
Windowing:
  config: # windows=1267, spacing=0.06834993869556497, CF order=10
  error tolerance: rtol=0.001, atol=1e-05
Testing N_win=1267 N_cf=9
Windowing:
  config: # windows=1267, spacing=0.06834993869556497, CF order=9
  error tolerance: rtol=0.001, atol=1e-05
Testing N_win=1267 N_cf=8
Windowing:
  config: # windows=1267, spacing=0.06834993869556497, CF order=8
  error tolerance: rtol=0.001, atol=1e-05
Testing N_win=1267 N_cf=7
Windowing:
  config: # windows=1267, spacing=0.06834993869556497, CF order=7
  error tolerance: rtol=0.001, atol=1e-05
Testing N_win=1267 N_cf=6
Windowing:
  config: # windows=1267, spacing=0.06834993869556497, CF order=6
  error tolerance: rtol=0.001, atol=1e-05
Testing N_win=1267 N_cf=5
Windowing:
  config: # windows=1267, spacing=0.06834993869556497, CF order=5
  error tolerance: rtol=0.001, atol=1e-05
Testing N_win=1267 N_cf=4
Windowing:
  config: # windows=1267, spacing=0.06834993869556497, CF order=4
  error tolerance: rtol=0.001, atol=1e-05
Testing N_win=1267 N_cf=3
Windowing:
  config: # windows=1267, spacing=0.06834993869556497, CF order=3
  error tolerance: rtol=0.001, atol=1e-05
Testing N_win=1267 N_cf=2
Windowing:
  config: # windows=1267, spacing=0.06834993869556497, CF order=2
  error tolerance: rtol=0.001, atol=1e-05
Testing N_win=1372 N_cf=10
Windowing:
  config: # windows=1372, spacing=0.06311907604029214, CF order=10
  error tolerance: rtol=0.001, atol=1e-05
Testing N_win=1372 N_cf=9
Windowing:
  config: # windows=1372, spacing=0.06311907604029214, CF order=9
  error tolerance: rtol=0.001, atol=1e-05
Testing N_win=1372 N_cf=8
Windowing:
  config: # windows=1372, spacing=0.06311907604029214, CF order=8
  error tolerance: rtol=0.001, atol=1e-05
Testing N_win=1372 N_cf=7
Windowing:
  config: # windows=1372, spacing=0.06311907604029214, CF order=7
  error tolerance: rtol=0.001, atol=1e-05
Testing N_win=1372 N_cf=6
Windowing:
  config: # windows=1372, spacing=0.06311907604029214, CF order=6
  error tolerance: rtol=0.001, atol=1e-05
Testing N_win=1372 N_cf=5
Windowing:
  config: # windows=1372, spacing=0.06311907604029214, CF order=5
  error tolerance: rtol=0.001, atol=1e-05
Testing N_win=1372 N_cf=4
Windowing:
  config: # windows=1372, spacing=0.06311907604029214, CF order=4
  error tolerance: rtol=0.001, atol=1e-05
Testing N_win=1372 N_cf=3
Windowing:
  config: # windows=1372, spacing=0.06311907604029214, CF order=3
  error tolerance: rtol=0.001, atol=1e-05
Testing N_win=1372 N_cf=2
Windowing:
  config: # windows=1372, spacing=0.06311907604029214, CF order=2
  error tolerance: rtol=0.001, atol=1e-05
Testing N_win=1476 N_cf=10
Windowing:
  config: # windows=1476, spacing=0.05867166146834744, CF order=10
  error tolerance: rtol=0.001, atol=1e-05
Testing N_win=1476 N_cf=9
Windowing:
  config: # windows=1476, spacing=0.05867166146834744, CF order=9
  error tolerance: rtol=0.001, atol=1e-05
Testing N_win=1476 N_cf=8
Windowing:
  config: # windows=1476, spacing=0.05867166146834744, CF order=8
  error tolerance: rtol=0.001, atol=1e-05
Testing N_win=1476 N_cf=7
Windowing:
  config: # windows=1476, spacing=0.05867166146834744, CF order=7
  error tolerance: rtol=0.001, atol=1e-05
Testing N_win=1476 N_cf=6
Windowing:
  config: # windows=1476, spacing=0.05867166146834744, CF order=6
  error tolerance: rtol=0.001, atol=1e-05
Testing N_win=1476 N_cf=5
Windowing:
  config: # windows=1476, spacing=0.05867166146834744, CF order=5
  error tolerance: rtol=0.001, atol=1e-05
Testing N_win=1476 N_cf=4
Windowing:
  config: # windows=1476, spacing=0.05867166146834744, CF order=4
  error tolerance: rtol=0.001, atol=1e-05
Testing N_win=1476 N_cf=3
Windowing:
  config: # windows=1476, spacing=0.05867166146834744, CF order=3
  error tolerance: rtol=0.001, atol=1e-05
Testing N_win=1476 N_cf=2
Windowing:
  config: # windows=1476, spacing=0.05867166146834744, CF order=2
  error tolerance: rtol=0.001, atol=1e-05
Testing N_win=1581 N_cf=10
Windowing:
  config: # windows=1581, spacing=0.05477506156058243, CF order=10
  error tolerance: rtol=0.001, atol=1e-05
Testing N_win=1581 N_cf=9
Windowing:
  config: # windows=1581, spacing=0.05477506156058243, CF order=9
  error tolerance: rtol=0.001, atol=1e-05
Testing N_win=1581 N_cf=8
Windowing:
  config: # windows=1581, spacing=0.05477506156058243, CF order=8
  error tolerance: rtol=0.001, atol=1e-05
Testing N_win=1581 N_cf=7
Windowing:
  config: # windows=1581, spacing=0.05477506156058243, CF order=7
  error tolerance: rtol=0.001, atol=1e-05
Testing N_win=1581 N_cf=6
Windowing:
  config: # windows=1581, spacing=0.05477506156058243, CF order=6
  error tolerance: rtol=0.001, atol=1e-05
Testing N_win=1581 N_cf=5
Windowing:
  config: # windows=1581, spacing=0.05477506156058243, CF order=5
  error tolerance: rtol=0.001, atol=1e-05
Testing N_win=1581 N_cf=4
Windowing:
  config: # windows=1581, spacing=0.05477506156058243, CF order=4
  error tolerance: rtol=0.001, atol=1e-05
Testing N_win=1581 N_cf=3
Windowing:
  config: # windows=1581, spacing=0.05477506156058243, CF order=3
  error tolerance: rtol=0.001, atol=1e-05
Testing N_win=1581 N_cf=2
Windowing:
  config: # windows=1581, spacing=0.05477506156058243, CF order=2
  error tolerance: rtol=0.001, atol=1e-05
Testing N_win=1686 N_cf=10
Windowing:
  config: # windows=1686, spacing=0.05136380327833975, CF order=10
  error tolerance: rtol=0.001, atol=1e-05
Testing N_win=1686 N_cf=9
Windowing:
  config: # windows=1686, spacing=0.05136380327833975, CF order=9
  error tolerance: rtol=0.001, atol=1e-05
Testing N_win=1686 N_cf=8
Windowing:
  config: # windows=1686, spacing=0.05136380327833975, CF order=8
  error tolerance: rtol=0.001, atol=1e-05
Testing N_win=1686 N_cf=7
Windowing:
  config: # windows=1686, spacing=0.05136380327833975, CF order=7
  error tolerance: rtol=0.001, atol=1e-05
Testing N_win=1686 N_cf=6
Windowing:
  config: # windows=1686, spacing=0.05136380327833975, CF order=6
  error tolerance: rtol=0.001, atol=1e-05
Testing N_win=1686 N_cf=5
Windowing:
  config: # windows=1686, spacing=0.05136380327833975, CF order=5
  error tolerance: rtol=0.001, atol=1e-05
Testing N_win=1686 N_cf=4
Windowing:
  config: # windows=1686, spacing=0.05136380327833975, CF order=4
  error tolerance: rtol=0.001, atol=1e-05
Testing N_win=1686 N_cf=3
Windowing:
  config: # windows=1686, spacing=0.05136380327833975, CF order=3
  error tolerance: rtol=0.001, atol=1e-05
Testing N_win=1686 N_cf=2
Windowing:
  config: # windows=1686, spacing=0.05136380327833975, CF order=2
  error tolerance: rtol=0.001, atol=1e-05
Testing N_win=1790 N_cf=10
Windowing:
  config: # windows=1790, spacing=0.04837953761300604, CF order=10
  error tolerance: rtol=0.001, atol=1e-05
Testing N_win=1790 N_cf=9
Windowing:
  config: # windows=1790, spacing=0.04837953761300604, CF order=9
  error tolerance: rtol=0.001, atol=1e-05
Testing N_win=1790 N_cf=8
Windowing:
  config: # windows=1790, spacing=0.04837953761300604, CF order=8
  error tolerance: rtol=0.001, atol=1e-05
Testing N_win=1790 N_cf=7
Windowing:
  config: # windows=1790, spacing=0.04837953761300604, CF order=7
  error tolerance: rtol=0.001, atol=1e-05
Testing N_win=1790 N_cf=6
Windowing:
  config: # windows=1790, spacing=0.04837953761300604, CF order=6
  error tolerance: rtol=0.001, atol=1e-05
Testing N_win=1790 N_cf=5
Windowing:
  config: # windows=1790, spacing=0.04837953761300604, CF order=5
  error tolerance: rtol=0.001, atol=1e-05
Testing N_win=1790 N_cf=4
Windowing:
  config: # windows=1790, spacing=0.04837953761300604, CF order=4
  error tolerance: rtol=0.001, atol=1e-05
Testing N_win=1790 N_cf=3
Windowing:
  config: # windows=1790, spacing=0.04837953761300604, CF order=3
  error tolerance: rtol=0.001, atol=1e-05
Testing N_win=1790 N_cf=2
Windowing:
  config: # windows=1790, spacing=0.04837953761300604, CF order=2
  error tolerance: rtol=0.001, atol=1e-05
Testing N_win=1895 N_cf=10
Windowing:
  config: # windows=1895, spacing=0.04569887721756244, CF order=10
  error tolerance: rtol=0.001, atol=1e-05
Testing N_win=1895 N_cf=9
Windowing:
  config: # windows=1895, spacing=0.04569887721756244, CF order=9
  error tolerance: rtol=0.001, atol=1e-05
Testing N_win=1895 N_cf=8
Windowing:
  config: # windows=1895, spacing=0.04569887721756244, CF order=8
  error tolerance: rtol=0.001, atol=1e-05
Testing N_win=1895 N_cf=7
Windowing:
  config: # windows=1895, spacing=0.04569887721756244, CF order=7
  error tolerance: rtol=0.001, atol=1e-05
Testing N_win=1895 N_cf=6
Windowing:
  config: # windows=1895, spacing=0.04569887721756244, CF order=6
  error tolerance: rtol=0.001, atol=1e-05
Testing N_win=1895 N_cf=5
Windowing:
  config: # windows=1895, spacing=0.04569887721756244, CF order=5
  error tolerance: rtol=0.001, atol=1e-05
Testing N_win=1895 N_cf=4
Windowing:
  config: # windows=1895, spacing=0.04569887721756244, CF order=4
  error tolerance: rtol=0.001, atol=1e-05
Testing N_win=1895 N_cf=3
Windowing:
  config: # windows=1895, spacing=0.04569887721756244, CF order=3
  error tolerance: rtol=0.001, atol=1e-05
Testing N_win=1895 N_cf=2
Windowing:
  config: # windows=1895, spacing=0.04569887721756244, CF order=2
  error tolerance: rtol=0.001, atol=1e-05
Testing N_win=2000 N_cf=10
Windowing:
  config: # windows=2000, spacing=0.04329968616364041, CF order=10
  error tolerance: rtol=0.001, atol=1e-05
Testing N_win=2000 N_cf=9
Windowing:
  config: # windows=2000, spacing=0.04329968616364041, CF order=9
  error tolerance: rtol=0.001, atol=1e-05
Testing N_win=2000 N_cf=8
Windowing:
  config: # windows=2000, spacing=0.04329968616364041, CF order=8
  error tolerance: rtol=0.001, atol=1e-05
Testing N_win=2000 N_cf=7
Windowing:
  config: # windows=2000, spacing=0.04329968616364041, CF order=7
  error tolerance: rtol=0.001, atol=1e-05
Testing N_win=2000 N_cf=6
Windowing:
  config: # windows=2000, spacing=0.04329968616364041, CF order=6
  error tolerance: rtol=0.001, atol=1e-05
Testing N_win=2000 N_cf=5
Windowing:
  config: # windows=2000, spacing=0.04329968616364041, CF order=5
  error tolerance: rtol=0.001, atol=1e-05
Testing N_win=2000 N_cf=4
Windowing:
  config: # windows=2000, spacing=0.04329968616364041, CF order=4
  error tolerance: rtol=0.001, atol=1e-05
Testing N_win=2000 N_cf=3
Windowing:
  config: # windows=2000, spacing=0.04329968616364041, CF order=3
  error tolerance: rtol=0.001, atol=1e-05
Testing N_win=2000 N_cf=2
Windowing:
  config: # windows=2000, spacing=0.04329968616364041, CF order=2
  error tolerance: rtol=0.001, atol=1e-05
Final library: 155 poles, 430 windows, 2.4 poles per window, 3 CF order
