Running NJOY to get 0K point-wise data (error=0.0005)...
Parsing cross sections within resolved resonance range...
  MTs: [2, 27, 102]
  Energy range: 1.000e-05 to 5.640e+05 eV (43142 points)
Vector fitting piece 1/21...
  energy: 1.000e-05 to 1.375e+03 eV (719 points)
  error tolerance: rtol=0.001, atol=1e-05
Found 0 peaks
Fitting orders from 2 to 200
Order=2(0/100)
Order=4(1/100)
Order=6(2/100)
Found ideal results. Stop!
Found 2 real poles and 2 conjugate complex pairs.
Final number of poles: 4
Saved figure: WMP_Lib/Cr53/0-1375_MT2.png
Saved figure: WMP_Lib/Cr53/0-1375_MT27.png
Saved figure: WMP_Lib/Cr53/0-1375_MT102.png
Vector fitting piece 2/21...
  energy: 3.031e+02 to 5.191e+03 eV (161 points)
  error tolerance: rtol=0.001, atol=1e-05
Found 1 peaks
Fitting orders from 2 to 200
Order=2(0/100)
Order=4(1/100)
Order=6(2/100)
Order=8(3/100)
Found ideal results. Stop!
Found 4 real poles and 2 conjugate complex pairs.
Final number of poles: 6
Saved figure: WMP_Lib/Cr53/303-5191_MT2.png
Saved figure: WMP_Lib/Cr53/303-5191_MT27.png
Saved figure: WMP_Lib/Cr53/303-5191_MT102.png
Vector fitting piece 3/21...
  energy: 2.832e+03 to 1.164e+04 eV (440 points)
  error tolerance: rtol=0.001, atol=1e-05
Found 4 peaks
Fitting orders from 8 to 200
Order=8(0/97)
Order=10(1/97)
Order=12(2/97)
Found ideal results. Stop!
Found 2 real poles and 5 conjugate complex pairs.
Final number of poles: 7
Saved figure: WMP_Lib/Cr53/2832-11641_MT2.png
Saved figure: WMP_Lib/Cr53/2832-11641_MT27.png
Saved figure: WMP_Lib/Cr53/2832-11641_MT102.png
Vector fitting piece 4/21...
  energy: 7.922e+03 to 2.058e+04 eV (1938 points)
  error tolerance: rtol=0.001, atol=1e-05
Found 7 peaks
Fitting orders from 14 to 200
Order=14(0/94)
Order=16(1/94)
Order=18(2/94)
Order=20(3/94)
Order=22(4/94)
Order=24(5/94)
Order=26(6/94)
Order=28(7/94)
Order=30(8/94)
Order=32(9/94)
Order=34(10/94)
Order=36(11/94)
Order=38(12/94)
Order=40(13/94)
Order=42(14/94)
Order=44(15/94)
Order=46(16/94)
Order=48(17/94)
Order=50(18/94)
Order=52(19/94)
Order=54(20/94)
Order=56(21/94)
Order=58(22/94)
Order=60(23/94)
Found 2 real poles and 9 conjugate complex pairs.
Final number of poles: 11
Saved figure: WMP_Lib/Cr53/7922-20576_MT2.png
Saved figure: WMP_Lib/Cr53/7922-20576_MT27.png
Saved figure: WMP_Lib/Cr53/7922-20576_MT102.png
Vector fitting piece 5/21...
  energy: 1.551e+04 to 3.208e+04 eV (2451 points)
  error tolerance: rtol=0.001, atol=1e-05
Found 11 peaks
Fitting orders from 22 to 200
Order=22(0/90)
Order=24(1/90)
Order=26(2/90)
Order=28(3/90)
Order=30(4/90)
Order=32(5/90)
Order=34(6/90)
Order=36(7/90)
Order=38(8/90)
Order=40(9/90)
Order=42(10/90)
Order=44(11/90)
Order=46(12/90)
Order=48(13/90)
Order=50(14/90)
Order=52(15/90)
Order=54(16/90)
Order=56(17/90)
Order=58(18/90)
Order=60(19/90)
Order=62(20/90)
Order=64(21/90)
Order=66(22/90)
Order=68(23/90)
Order=70(24/90)
Found 2 real poles and 13 conjugate complex pairs.
Final number of poles: 15
Saved figure: WMP_Lib/Cr53/15514-32082_MT2.png
Saved figure: WMP_Lib/Cr53/15514-32082_MT27.png
Saved figure: WMP_Lib/Cr53/15514-32082_MT102.png
Vector fitting piece 6/21...
  energy: 2.581e+04 to 4.620e+04 eV (2787 points)
  error tolerance: rtol=0.001, atol=1e-05
Found 14 peaks
Fitting orders from 28 to 200
Order=28(0/87)
Order=30(1/87)
Order=32(2/87)
Order=34(3/87)
Order=36(4/87)
Order=38(5/87)
Order=40(6/87)
Order=42(7/87)
Order=44(8/87)
Order=46(9/87)
Order=48(10/87)
Order=50(11/87)
Order=52(12/87)
Order=54(13/87)
Order=56(14/87)
Order=58(15/87)
Order=60(16/87)
Found 2 real poles and 14 conjugate complex pairs.
Final number of poles: 16
Saved figure: WMP_Lib/Cr53/25806-46203_MT2.png
Saved figure: WMP_Lib/Cr53/25806-46203_MT27.png
Saved figure: WMP_Lib/Cr53/25806-46203_MT102.png
Vector fitting piece 7/21...
  energy: 3.853e+04 to 6.283e+04 eV (2973 points)
  error tolerance: rtol=0.001, atol=1e-05
Found 15 peaks
Fitting orders from 30 to 200
Order=30(0/86)
Order=32(1/86)
Order=34(2/86)
Order=36(3/86)
Order=38(4/86)
Order=40(5/86)
Order=42(6/86)
Order=44(7/86)
Order=46(8/86)
Order=48(9/86)
Order=50(10/86)
Order=52(11/86)
Order=54(12/86)
Order=56(13/86)
Order=58(14/86)
Order=60(15/86)
Found 2 real poles and 14 conjugate complex pairs.
Final number of poles: 16
Saved figure: WMP_Lib/Cr53/38533-62825_MT2.png
Saved figure: WMP_Lib/Cr53/38533-62825_MT27.png
Saved figure: WMP_Lib/Cr53/38533-62825_MT102.png
Vector fitting piece 8/21...
  energy: 5.390e+04 to 8.223e+04 eV (3101 points)
  error tolerance: rtol=0.001, atol=1e-05
Found 20 peaks
Fitting orders from 40 to 200
Order=40(0/81)
Order=42(1/81)
Order=44(2/81)
Order=46(3/81)
Order=48(4/81)
Order=50(5/81)
Order=52(6/81)
Order=54(7/81)
Order=56(8/81)
Order=58(9/81)
Order=60(10/81)
Order=62(11/81)
Order=64(12/81)
Order=66(13/81)
Order=68(14/81)
Order=70(15/81)
Found 0 real poles and 22 conjugate complex pairs.
Final number of poles: 22
Saved figure: WMP_Lib/Cr53/53903-82227_MT2.png
Saved figure: WMP_Lib/Cr53/53903-82227_MT27.png
Saved figure: WMP_Lib/Cr53/53903-82227_MT102.png
Vector fitting piece 9/21...
  energy: 7.177e+04 to 1.038e+05 eV (2610 points)
  error tolerance: rtol=0.001, atol=1e-05
Found 18 peaks
Fitting orders from 36 to 200
Order=36(0/83)
Order=38(1/83)
Order=40(2/83)
Order=42(3/83)
Order=44(4/83)
Order=46(5/83)
Order=48(6/83)
Order=50(7/83)
Order=52(8/83)
Order=54(9/83)
Order=56(10/83)
Order=58(11/83)
Order=60(12/83)
Order=62(13/83)
Order=64(14/83)
Order=66(15/83)
Order=68(16/83)
Order=70(17/83)
Found 4 real poles and 20 conjugate complex pairs.
Final number of poles: 24
Saved figure: WMP_Lib/Cr53/71774-103818_MT2.png
Saved figure: WMP_Lib/Cr53/71774-103818_MT27.png
Saved figure: WMP_Lib/Cr53/71774-103818_MT102.png
Vector fitting piece 10/21...
  energy: 9.217e+04 to 1.281e+05 eV (3093 points)
  error tolerance: rtol=0.001, atol=1e-05
Found 17 peaks
Fitting orders from 34 to 200
Order=34(0/84)
Order=36(1/84)
Order=38(2/84)
Order=40(3/84)
Order=42(4/84)
Order=44(5/84)
Order=46(6/84)
Order=48(7/84)
Order=50(8/84)
Order=52(9/84)
Order=54(10/84)
Order=56(11/84)
Order=58(12/84)
Order=60(13/84)
Found 2 real poles and 20 conjugate complex pairs.
Final number of poles: 22
Saved figure: WMP_Lib/Cr53/92169-128114_MT2.png
Saved figure: WMP_Lib/Cr53/92169-128114_MT27.png
Saved figure: WMP_Lib/Cr53/92169-128114_MT102.png
Vector fitting piece 11/21...
  energy: 1.151e+05 to 1.550e+05 eV (3455 points)
  error tolerance: rtol=0.001, atol=1e-05
Found 21 peaks
Fitting orders from 42 to 200
Order=42(0/80)
Order=44(1/80)
Order=46(2/80)
Order=48(3/80)
Order=50(4/80)
Order=52(5/80)
Order=54(6/80)
Order=56(7/80)
Order=58(8/80)
Order=60(9/80)
Found 2 real poles and 24 conjugate complex pairs.
Final number of poles: 26
Saved figure: WMP_Lib/Cr53/115126-155030_MT2.png
Saved figure: WMP_Lib/Cr53/115126-155030_MT27.png
Saved figure: WMP_Lib/Cr53/115126-155030_MT102.png
Vector fitting piece 12/21...
  energy: 1.408e+05 to 1.844e+05 eV (4297 points)
  error tolerance: rtol=0.001, atol=1e-05
Found 31 peaks
Fitting orders from 62 to 200
Order=62(0/70)
Order=64(1/70)
Order=66(2/70)
Order=68(3/70)
Order=70(4/70)
Order=72(5/70)
Order=74(6/70)
Order=76(7/70)
Order=78(8/70)
Order=80(9/70)
Order=82(10/70)
Order=84(11/70)
Order=86(12/70)
Order=88(13/70)
Found 2 real poles and 33 conjugate complex pairs.
Final number of poles: 35
Saved figure: WMP_Lib/Cr53/140764-184424_MT2.png
Saved figure: WMP_Lib/Cr53/140764-184424_MT27.png
Saved figure: WMP_Lib/Cr53/140764-184424_MT102.png
Vector fitting piece 13/21...
  energy: 1.689e+05 to 2.164e+05 eV (4083 points)
  error tolerance: rtol=0.001, atol=1e-05
Found 28 peaks
Fitting orders from 56 to 200
Order=56(0/73)
Order=58(1/73)
Order=60(2/73)
Order=62(3/73)
Order=64(4/73)
Order=66(5/73)
Order=68(6/73)
Order=70(7/73)
Order=72(8/73)
Order=74(9/73)
Order=76(10/73)
Found 2 real poles and 32 conjugate complex pairs.
Final number of poles: 34
Saved figure: WMP_Lib/Cr53/168903-216408_MT2.png
Saved figure: WMP_Lib/Cr53/168903-216408_MT27.png
Saved figure: WMP_Lib/Cr53/168903-216408_MT102.png
Vector fitting piece 14/21...
  energy: 1.996e+05 to 2.510e+05 eV (4446 points)
  error tolerance: rtol=0.001, atol=1e-05
Found 36 peaks
Fitting orders from 72 to 200
Order=72(0/65)
Order=74(1/65)
Order=76(2/65)
Order=78(3/65)
Order=80(4/65)
Order=82(5/65)
Order=84(6/65)
Order=86(7/65)
Order=88(8/65)
Order=90(9/65)
Order=92(10/65)
Order=94(11/65)
Found 4 real poles and 35 conjugate complex pairs.
Final number of poles: 39
Saved figure: WMP_Lib/Cr53/199579-251002_MT2.png
Saved figure: WMP_Lib/Cr53/199579-251002_MT27.png
Saved figure: WMP_Lib/Cr53/199579-251002_MT102.png
Vector fitting piece 15/21...
  energy: 2.328e+05 to 2.881e+05 eV (4123 points)
  error tolerance: rtol=0.001, atol=1e-05
Found 33 peaks
Fitting orders from 66 to 200
Order=66(0/68)
Order=68(1/68)
Order=70(2/68)
Order=72(3/68)
Order=74(4/68)
Order=76(5/68)
Order=78(6/68)
Order=80(7/68)
Order=82(8/68)
Order=84(9/68)
Order=86(10/68)
Order=88(11/68)
Order=90(12/68)
Found 4 real poles and 33 conjugate complex pairs.
Final number of poles: 37
Saved figure: WMP_Lib/Cr53/232807-288075_MT2.png
Saved figure: WMP_Lib/Cr53/232807-288075_MT27.png
Saved figure: WMP_Lib/Cr53/232807-288075_MT102.png
Vector fitting piece 16/21...
  energy: 2.686e+05 to 3.278e+05 eV (4753 points)
  error tolerance: rtol=0.001, atol=1e-05
Found 40 peaks
Fitting orders from 80 to 200
Order=80(0/61)
Order=82(1/61)
Order=84(2/61)
Order=86(3/61)
Order=88(4/61)
Order=90(5/61)
Order=92(6/61)
Order=94(7/61)
Order=96(8/61)
Order=98(9/61)
Order=100(10/61)
Order=102(11/61)
Order=104(12/61)
Order=106(13/61)
Order=108(14/61)
Found 4 real poles and 42 conjugate complex pairs.
Final number of poles: 46
Saved figure: WMP_Lib/Cr53/268599-327773_MT2.png
Saved figure: WMP_Lib/Cr53/268599-327773_MT27.png
Saved figure: WMP_Lib/Cr53/268599-327773_MT102.png
Vector fitting piece 17/21...
  energy: 3.069e+05 to 3.701e+05 eV (3755 points)
  error tolerance: rtol=0.001, atol=1e-05
Found 34 peaks
Fitting orders from 68 to 200
Order=68(0/67)
Order=70(1/67)
Order=72(2/67)
Order=74(3/67)
Order=76(4/67)
Order=78(5/67)
Order=80(6/67)
Order=82(7/67)
Order=84(8/67)
Order=86(9/67)
Order=88(10/67)
Order=90(11/67)
Found 2 real poles and 39 conjugate complex pairs.
Final number of poles: 41
Saved figure: WMP_Lib/Cr53/306870-370110_MT2.png
Saved figure: WMP_Lib/Cr53/306870-370110_MT27.png
Saved figure: WMP_Lib/Cr53/306870-370110_MT102.png
Vector fitting piece 18/21...
  energy: 3.478e+05 to 4.147e+05 eV (4154 points)
  error tolerance: rtol=0.001, atol=1e-05
Found 41 peaks
Fitting orders from 82 to 200
Order=82(0/60)
Order=84(1/60)
Order=86(2/60)
Order=88(3/60)
Order=90(4/60)
Order=92(5/60)
Order=94(6/60)
Order=96(7/60)
Order=98(8/60)
Order=100(9/60)
Found 2 real poles and 44 conjugate complex pairs.
Final number of poles: 46
Saved figure: WMP_Lib/Cr53/347802-414744_MT2.png
Saved figure: WMP_Lib/Cr53/347802-414744_MT27.png
Saved figure: WMP_Lib/Cr53/347802-414744_MT102.png
Vector fitting piece 19/21...
  energy: 3.913e+05 to 4.621e+05 eV (3754 points)
  error tolerance: rtol=0.001, atol=1e-05
Found 41 peaks
Fitting orders from 82 to 200
Order=82(0/60)
Order=84(1/60)
Order=86(2/60)
Order=88(3/60)
Order=90(4/60)
Order=92(5/60)
Order=94(6/60)
Order=96(7/60)
Order=98(8/60)
Order=100(9/60)
Order=102(10/60)
Order=104(11/60)
Found 4 real poles and 45 conjugate complex pairs.
Final number of poles: 49
Saved figure: WMP_Lib/Cr53/391278-462122_MT2.png
Saved figure: WMP_Lib/Cr53/391278-462122_MT27.png
Saved figure: WMP_Lib/Cr53/391278-462122_MT102.png
Vector fitting piece 20/21...
  energy: 4.373e+05 to 5.120e+05 eV (3349 points)
  error tolerance: rtol=0.001, atol=1e-05
Found 30 peaks
Fitting orders from 60 to 200
Order=60(0/71)
Order=62(1/71)
Order=64(2/71)
Order=66(3/71)
Order=68(4/71)
Order=70(5/71)
Order=72(6/71)
Order=74(7/71)
Order=76(8/71)
Order=78(9/71)
Order=80(10/71)
Order=82(11/71)
Order=84(12/71)
Order=86(13/71)
Order=88(14/71)
Order=90(15/71)
Order=92(16/71)
Order=94(17/71)
Order=96(18/71)
Order=98(19/71)
Found 1 real poles and 44 conjugate complex pairs.
Final number of poles: 45
Saved figure: WMP_Lib/Cr53/437306-511977_MT2.png
Saved figure: WMP_Lib/Cr53/437306-511977_MT27.png
Saved figure: WMP_Lib/Cr53/437306-511977_MT102.png
Vector fitting piece 21/21...
  energy: 4.859e+05 to 5.640e+05 eV (4031 points)
  error tolerance: rtol=0.001, atol=1e-05
Found 40 peaks
Fitting orders from 80 to 200
Order=80(0/61)
Order=82(1/61)
Order=84(2/61)
Order=86(3/61)
Order=88(4/61)
Order=90(5/61)
Order=92(6/61)
Order=94(7/61)
Order=96(8/61)
Order=98(9/61)
Order=100(10/61)
Order=102(11/61)
Order=104(12/61)
Order=106(13/61)
Order=108(14/61)
Order=110(15/61)
Order=112(16/61)
Order=114(17/61)
Order=116(18/61)
Found 2 real poles and 52 conjugate complex pairs.
Final number of poles: 54
Saved figure: WMP_Lib/Cr53/485912-564000_MT2.png
Saved figure: WMP_Lib/Cr53/485912-564000_MT27.png
Saved figure: WMP_Lib/Cr53/485912-564000_MT102.png
Dumped multipole data to file: WMP_Lib/Cr53/Cr53_mp.pickle
Start searching ...
Testing N_win=29 N_cf=10
Windowing:
  config: # windows=29, spacing=25.89641742638363, CF order=10
  error tolerance: rtol=0.001, atol=1e-05
Best library so far.
Testing N_win=29 N_cf=9
Windowing:
  config: # windows=29, spacing=25.89641742638363, CF order=9
  error tolerance: rtol=0.001, atol=1e-05
Best library so far.
Testing N_win=29 N_cf=8
Windowing:
  config: # windows=29, spacing=25.89641742638363, CF order=8
  error tolerance: rtol=0.001, atol=1e-05
Best library so far.
Testing N_win=29 N_cf=7
Windowing:
  config: # windows=29, spacing=25.89641742638363, CF order=7
  error tolerance: rtol=0.001, atol=1e-05
Best library so far.
Testing N_win=29 N_cf=6
Windowing:
  config: # windows=29, spacing=25.89641742638363, CF order=6
  error tolerance: rtol=0.001, atol=1e-05
Best library so far.
Testing N_win=29 N_cf=5
Windowing:
  config: # windows=29, spacing=25.89641742638363, CF order=5
  error tolerance: rtol=0.001, atol=1e-05
Best library so far.
Testing N_win=29 N_cf=4
Windowing:
  config: # windows=29, spacing=25.89641742638363, CF order=4
  error tolerance: rtol=0.001, atol=1e-05
Failed: Pure curvefit failed for the first window!
Testing N_win=132 N_cf=10
Windowing:
  config: # windows=132, spacing=5.689364434584282, CF order=10
  error tolerance: rtol=0.001, atol=1e-05
Best library so far.
Testing N_win=132 N_cf=9
Windowing:
  config: # windows=132, spacing=5.689364434584282, CF order=9
  error tolerance: rtol=0.001, atol=1e-05
Best library so far.
Testing N_win=132 N_cf=8
Windowing:
  config: # windows=132, spacing=5.689364434584282, CF order=8
  error tolerance: rtol=0.001, atol=1e-05
Best library so far.
Testing N_win=132 N_cf=7
Windowing:
  config: # windows=132, spacing=5.689364434584282, CF order=7
  error tolerance: rtol=0.001, atol=1e-05
Best library so far.
Testing N_win=132 N_cf=6
Windowing:
  config: # windows=132, spacing=5.689364434584282, CF order=6
  error tolerance: rtol=0.001, atol=1e-05
Best library so far.
Testing N_win=132 N_cf=5
Windowing:
  config: # windows=132, spacing=5.689364434584282, CF order=5
  error tolerance: rtol=0.001, atol=1e-05
Best library so far.
Testing N_win=132 N_cf=4
Windowing:
  config: # windows=132, spacing=5.689364434584282, CF order=4
  error tolerance: rtol=0.001, atol=1e-05
Best library so far.
Testing N_win=132 N_cf=3
Windowing:
  config: # windows=132, spacing=5.689364434584282, CF order=3
  error tolerance: rtol=0.001, atol=1e-05
Failed: Pure curvefit failed for the first window!
Testing N_win=236 N_cf=10
Windowing:
  config: # windows=236, spacing=3.1821868871403614, CF order=10
  error tolerance: rtol=0.001, atol=1e-05
Best library so far.
Testing N_win=236 N_cf=9
Windowing:
  config: # windows=236, spacing=3.1821868871403614, CF order=9
  error tolerance: rtol=0.001, atol=1e-05
Best library so far.
Testing N_win=236 N_cf=8
Windowing:
  config: # windows=236, spacing=3.1821868871403614, CF order=8
  error tolerance: rtol=0.001, atol=1e-05
Best library so far.
Testing N_win=236 N_cf=7
Windowing:
  config: # windows=236, spacing=3.1821868871403614, CF order=7
  error tolerance: rtol=0.001, atol=1e-05
Best library so far.
Testing N_win=236 N_cf=6
Windowing:
  config: # windows=236, spacing=3.1821868871403614, CF order=6
  error tolerance: rtol=0.001, atol=1e-05
Best library so far.
Testing N_win=236 N_cf=5
Windowing:
  config: # windows=236, spacing=3.1821868871403614, CF order=5
  error tolerance: rtol=0.001, atol=1e-05
Best library so far.
Testing N_win=236 N_cf=4
Windowing:
  config: # windows=236, spacing=3.1821868871403614, CF order=4
  error tolerance: rtol=0.001, atol=1e-05
Best library so far.
Testing N_win=236 N_cf=3
Windowing:
  config: # windows=236, spacing=3.1821868871403614, CF order=3
  error tolerance: rtol=0.001, atol=1e-05
Best library so far.
Testing N_win=236 N_cf=2
Windowing:
  config: # windows=236, spacing=3.1821868871403614, CF order=2
  error tolerance: rtol=0.001, atol=1e-05
Failed: Pure curvefit failed for the first window!
Testing N_win=340 N_cf=10
Windowing:
  config: # windows=340, spacing=2.2088120746033093, CF order=10
  error tolerance: rtol=0.001, atol=1e-05
Testing N_win=340 N_cf=9
Windowing:
  config: # windows=340, spacing=2.2088120746033093, CF order=9
  error tolerance: rtol=0.001, atol=1e-05
Testing N_win=340 N_cf=8
Windowing:
  config: # windows=340, spacing=2.2088120746033093, CF order=8
  error tolerance: rtol=0.001, atol=1e-05
Best library so far.
Testing N_win=340 N_cf=7
Windowing:
  config: # windows=340, spacing=2.2088120746033093, CF order=7
  error tolerance: rtol=0.001, atol=1e-05
Best library so far.
Testing N_win=340 N_cf=6
Windowing:
  config: # windows=340, spacing=2.2088120746033093, CF order=6
  error tolerance: rtol=0.001, atol=1e-05
Best library so far.
Testing N_win=340 N_cf=5
Windowing:
  config: # windows=340, spacing=2.2088120746033093, CF order=5
  error tolerance: rtol=0.001, atol=1e-05
Best library so far.
Testing N_win=340 N_cf=4
Windowing:
  config: # windows=340, spacing=2.2088120746033093, CF order=4
  error tolerance: rtol=0.001, atol=1e-05
Best library so far.
Testing N_win=340 N_cf=3
Windowing:
  config: # windows=340, spacing=2.2088120746033093, CF order=3
  error tolerance: rtol=0.001, atol=1e-05
Best library so far.
Testing N_win=340 N_cf=2
Windowing:
  config: # windows=340, spacing=2.2088120746033093, CF order=2
  error tolerance: rtol=0.001, atol=1e-05
Best library so far.
Testing N_win=443 N_cf=10
Windowing:
  config: # windows=443, spacing=1.6952508021786123, CF order=10
  error tolerance: rtol=0.001, atol=1e-05
Testing N_win=443 N_cf=9
Windowing:
  config: # windows=443, spacing=1.6952508021786123, CF order=9
  error tolerance: rtol=0.001, atol=1e-05
Testing N_win=443 N_cf=8
Windowing:
  config: # windows=443, spacing=1.6952508021786123, CF order=8
  error tolerance: rtol=0.001, atol=1e-05
Testing N_win=443 N_cf=7
Windowing:
  config: # windows=443, spacing=1.6952508021786123, CF order=7
  error tolerance: rtol=0.001, atol=1e-05
Testing N_win=443 N_cf=6
Windowing:
  config: # windows=443, spacing=1.6952508021786123, CF order=6
  error tolerance: rtol=0.001, atol=1e-05
Testing N_win=443 N_cf=5
Windowing:
  config: # windows=443, spacing=1.6952508021786123, CF order=5
  error tolerance: rtol=0.001, atol=1e-05
Testing N_win=443 N_cf=4
Windowing:
  config: # windows=443, spacing=1.6952508021786123, CF order=4
  error tolerance: rtol=0.001, atol=1e-05
Testing N_win=443 N_cf=3
Windowing:
  config: # windows=443, spacing=1.6952508021786123, CF order=3
  error tolerance: rtol=0.001, atol=1e-05
Testing N_win=443 N_cf=2
Windowing:
  config: # windows=443, spacing=1.6952508021786123, CF order=2
  error tolerance: rtol=0.001, atol=1e-05
Testing N_win=547 N_cf=10
Windowing:
  config: # windows=547, spacing=1.3729362072488578, CF order=10
  error tolerance: rtol=0.001, atol=1e-05
Testing N_win=547 N_cf=9
Windowing:
  config: # windows=547, spacing=1.3729362072488578, CF order=9
  error tolerance: rtol=0.001, atol=1e-05
Testing N_win=547 N_cf=8
Windowing:
  config: # windows=547, spacing=1.3729362072488578, CF order=8
  error tolerance: rtol=0.001, atol=1e-05
Testing N_win=547 N_cf=7
Windowing:
  config: # windows=547, spacing=1.3729362072488578, CF order=7
  error tolerance: rtol=0.001, atol=1e-05
Testing N_win=547 N_cf=6
Windowing:
  config: # windows=547, spacing=1.3729362072488578, CF order=6
  error tolerance: rtol=0.001, atol=1e-05
Testing N_win=547 N_cf=5
Windowing:
  config: # windows=547, spacing=1.3729362072488578, CF order=5
  error tolerance: rtol=0.001, atol=1e-05
Testing N_win=547 N_cf=4
Windowing:
  config: # windows=547, spacing=1.3729362072488578, CF order=4
  error tolerance: rtol=0.001, atol=1e-05
Testing N_win=547 N_cf=3
Windowing:
  config: # windows=547, spacing=1.3729362072488578, CF order=3
  error tolerance: rtol=0.001, atol=1e-05
Testing N_win=547 N_cf=2
Windowing:
  config: # windows=547, spacing=1.3729362072488578, CF order=2
  error tolerance: rtol=0.001, atol=1e-05
Testing N_win=651 N_cf=10
Windowing:
  config: # windows=651, spacing=1.1536038484871356, CF order=10
  error tolerance: rtol=0.001, atol=1e-05
Testing N_win=651 N_cf=9
Windowing:
  config: # windows=651, spacing=1.1536038484871356, CF order=9
  error tolerance: rtol=0.001, atol=1e-05
Testing N_win=651 N_cf=8
Windowing:
  config: # windows=651, spacing=1.1536038484871356, CF order=8
  error tolerance: rtol=0.001, atol=1e-05
Testing N_win=651 N_cf=7
Windowing:
  config: # windows=651, spacing=1.1536038484871356, CF order=7
  error tolerance: rtol=0.001, atol=1e-05
Testing N_win=651 N_cf=6
Windowing:
  config: # windows=651, spacing=1.1536038484871356, CF order=6
  error tolerance: rtol=0.001, atol=1e-05
Testing N_win=651 N_cf=5
Windowing:
  config: # windows=651, spacing=1.1536038484871356, CF order=5
  error tolerance: rtol=0.001, atol=1e-05
Testing N_win=651 N_cf=4
Windowing:
  config: # windows=651, spacing=1.1536038484871356, CF order=4
  error tolerance: rtol=0.001, atol=1e-05
Best library so far.
Testing N_win=651 N_cf=3
Windowing:
  config: # windows=651, spacing=1.1536038484871356, CF order=3
  error tolerance: rtol=0.001, atol=1e-05
Best library so far.
Testing N_win=651 N_cf=2
Windowing:
  config: # windows=651, spacing=1.1536038484871356, CF order=2
  error tolerance: rtol=0.001, atol=1e-05
Best library so far.
Testing N_win=755 N_cf=10
Windowing:
  config: # windows=755, spacing=0.9946968282981791, CF order=10
  error tolerance: rtol=0.001, atol=1e-05
Testing N_win=755 N_cf=9
Windowing:
  config: # windows=755, spacing=0.9946968282981791, CF order=9
  error tolerance: rtol=0.001, atol=1e-05
Testing N_win=755 N_cf=8
Windowing:
  config: # windows=755, spacing=0.9946968282981791, CF order=8
  error tolerance: rtol=0.001, atol=1e-05
Testing N_win=755 N_cf=7
Windowing:
  config: # windows=755, spacing=0.9946968282981791, CF order=7
  error tolerance: rtol=0.001, atol=1e-05
Testing N_win=755 N_cf=6
Windowing:
  config: # windows=755, spacing=0.9946968282981791, CF order=6
  error tolerance: rtol=0.001, atol=1e-05
Testing N_win=755 N_cf=5
Windowing:
  config: # windows=755, spacing=0.9946968282981791, CF order=5
  error tolerance: rtol=0.001, atol=1e-05
Testing N_win=755 N_cf=4
Windowing:
  config: # windows=755, spacing=0.9946968282981791, CF order=4
  error tolerance: rtol=0.001, atol=1e-05
Testing N_win=755 N_cf=3
Windowing:
  config: # windows=755, spacing=0.9946968282981791, CF order=3
  error tolerance: rtol=0.001, atol=1e-05
Best library so far.
Testing N_win=755 N_cf=2
Windowing:
  config: # windows=755, spacing=0.9946968282981791, CF order=2
  error tolerance: rtol=0.001, atol=1e-05
Best library so far.
Testing N_win=858 N_cf=10
Windowing:
  config: # windows=858, spacing=0.8752868360898896, CF order=10
  error tolerance: rtol=0.001, atol=1e-05
Testing N_win=858 N_cf=9
Windowing:
  config: # windows=858, spacing=0.8752868360898896, CF order=9
  error tolerance: rtol=0.001, atol=1e-05
Testing N_win=858 N_cf=8
Windowing:
  config: # windows=858, spacing=0.8752868360898896, CF order=8
  error tolerance: rtol=0.001, atol=1e-05
Testing N_win=858 N_cf=7
Windowing:
  config: # windows=858, spacing=0.8752868360898896, CF order=7
  error tolerance: rtol=0.001, atol=1e-05
Testing N_win=858 N_cf=6
Windowing:
  config: # windows=858, spacing=0.8752868360898896, CF order=6
  error tolerance: rtol=0.001, atol=1e-05
Testing N_win=858 N_cf=5
Windowing:
  config: # windows=858, spacing=0.8752868360898896, CF order=5
  error tolerance: rtol=0.001, atol=1e-05
Testing N_win=858 N_cf=4
Windowing:
  config: # windows=858, spacing=0.8752868360898896, CF order=4
  error tolerance: rtol=0.001, atol=1e-05
Testing N_win=858 N_cf=3
Windowing:
  config: # windows=858, spacing=0.8752868360898896, CF order=3
  error tolerance: rtol=0.001, atol=1e-05
Testing N_win=858 N_cf=2
Windowing:
  config: # windows=858, spacing=0.8752868360898896, CF order=2
  error tolerance: rtol=0.001, atol=1e-05
Best library so far.
Testing N_win=962 N_cf=10
Windowing:
  config: # windows=962, spacing=0.7806612321882799, CF order=10
  error tolerance: rtol=0.001, atol=1e-05
Testing N_win=962 N_cf=9
Windowing:
  config: # windows=962, spacing=0.7806612321882799, CF order=9
  error tolerance: rtol=0.001, atol=1e-05
Testing N_win=962 N_cf=8
Windowing:
  config: # windows=962, spacing=0.7806612321882799, CF order=8
  error tolerance: rtol=0.001, atol=1e-05
Testing N_win=962 N_cf=7
Windowing:
  config: # windows=962, spacing=0.7806612321882799, CF order=7
  error tolerance: rtol=0.001, atol=1e-05
Testing N_win=962 N_cf=6
Windowing:
  config: # windows=962, spacing=0.7806612321882799, CF order=6
  error tolerance: rtol=0.001, atol=1e-05
Testing N_win=962 N_cf=5
Windowing:
  config: # windows=962, spacing=0.7806612321882799, CF order=5
  error tolerance: rtol=0.001, atol=1e-05
Testing N_win=962 N_cf=4
Windowing:
  config: # windows=962, spacing=0.7806612321882799, CF order=4
  error tolerance: rtol=0.001, atol=1e-05
Testing N_win=962 N_cf=3
Windowing:
  config: # windows=962, spacing=0.7806612321882799, CF order=3
  error tolerance: rtol=0.001, atol=1e-05
Testing N_win=962 N_cf=2
Windowing:
  config: # windows=962, spacing=0.7806612321882799, CF order=2
  error tolerance: rtol=0.001, atol=1e-05
Best library so far.
Testing N_win=1066 N_cf=10
Windowing:
  config: # windows=1066, spacing=0.704499160755277, CF order=10
  error tolerance: rtol=0.001, atol=1e-05
Testing N_win=1066 N_cf=9
Windowing:
  config: # windows=1066, spacing=0.704499160755277, CF order=9
  error tolerance: rtol=0.001, atol=1e-05
Testing N_win=1066 N_cf=8
Windowing:
  config: # windows=1066, spacing=0.704499160755277, CF order=8
  error tolerance: rtol=0.001, atol=1e-05
Testing N_win=1066 N_cf=7
Windowing:
  config: # windows=1066, spacing=0.704499160755277, CF order=7
  error tolerance: rtol=0.001, atol=1e-05
Testing N_win=1066 N_cf=6
Windowing:
  config: # windows=1066, spacing=0.704499160755277, CF order=6
  error tolerance: rtol=0.001, atol=1e-05
Testing N_win=1066 N_cf=5
Windowing:
  config: # windows=1066, spacing=0.704499160755277, CF order=5
  error tolerance: rtol=0.001, atol=1e-05
Testing N_win=1066 N_cf=4
Windowing:
  config: # windows=1066, spacing=0.704499160755277, CF order=4
  error tolerance: rtol=0.001, atol=1e-05
Testing N_win=1066 N_cf=3
Windowing:
  config: # windows=1066, spacing=0.704499160755277, CF order=3
  error tolerance: rtol=0.001, atol=1e-05
Testing N_win=1066 N_cf=2
Windowing:
  config: # windows=1066, spacing=0.704499160755277, CF order=2
  error tolerance: rtol=0.001, atol=1e-05
Best library so far.
Testing N_win=1170 N_cf=10
Windowing:
  config: # windows=1170, spacing=0.6418770131325857, CF order=10
  error tolerance: rtol=0.001, atol=1e-05
Testing N_win=1170 N_cf=9
Windowing:
  config: # windows=1170, spacing=0.6418770131325857, CF order=9
  error tolerance: rtol=0.001, atol=1e-05
Testing N_win=1170 N_cf=8
Windowing:
  config: # windows=1170, spacing=0.6418770131325857, CF order=8
  error tolerance: rtol=0.001, atol=1e-05
Testing N_win=1170 N_cf=7
Windowing:
  config: # windows=1170, spacing=0.6418770131325857, CF order=7
  error tolerance: rtol=0.001, atol=1e-05
Testing N_win=1170 N_cf=6
Windowing:
  config: # windows=1170, spacing=0.6418770131325857, CF order=6
  error tolerance: rtol=0.001, atol=1e-05
Testing N_win=1170 N_cf=5
Windowing:
  config: # windows=1170, spacing=0.6418770131325857, CF order=5
  error tolerance: rtol=0.001, atol=1e-05
Testing N_win=1170 N_cf=4
Windowing:
  config: # windows=1170, spacing=0.6418770131325857, CF order=4
  error tolerance: rtol=0.001, atol=1e-05
Testing N_win=1170 N_cf=3
Windowing:
  config: # windows=1170, spacing=0.6418770131325857, CF order=3
  error tolerance: rtol=0.001, atol=1e-05
Testing N_win=1170 N_cf=2
Windowing:
  config: # windows=1170, spacing=0.6418770131325857, CF order=2
  error tolerance: rtol=0.001, atol=1e-05
Best library so far.
Testing N_win=1273 N_cf=10
Windowing:
  config: # windows=1273, spacing=0.5899419523685194, CF order=10
  error tolerance: rtol=0.001, atol=1e-05
Testing N_win=1273 N_cf=9
Windowing:
  config: # windows=1273, spacing=0.5899419523685194, CF order=9
  error tolerance: rtol=0.001, atol=1e-05
Testing N_win=1273 N_cf=8
Windowing:
  config: # windows=1273, spacing=0.5899419523685194, CF order=8
  error tolerance: rtol=0.001, atol=1e-05
Testing N_win=1273 N_cf=7
Windowing:
  config: # windows=1273, spacing=0.5899419523685194, CF order=7
  error tolerance: rtol=0.001, atol=1e-05
Testing N_win=1273 N_cf=6
Windowing:
  config: # windows=1273, spacing=0.5899419523685194, CF order=6
  error tolerance: rtol=0.001, atol=1e-05
Testing N_win=1273 N_cf=5
Windowing:
  config: # windows=1273, spacing=0.5899419523685194, CF order=5
  error tolerance: rtol=0.001, atol=1e-05
Testing N_win=1273 N_cf=4
Windowing:
  config: # windows=1273, spacing=0.5899419523685194, CF order=4
  error tolerance: rtol=0.001, atol=1e-05
Testing N_win=1273 N_cf=3
Windowing:
  config: # windows=1273, spacing=0.5899419523685194, CF order=3
  error tolerance: rtol=0.001, atol=1e-05
Testing N_win=1273 N_cf=2
Windowing:
  config: # windows=1273, spacing=0.5899419523685194, CF order=2
  error tolerance: rtol=0.001, atol=1e-05
Testing N_win=1377 N_cf=10
Windowing:
  config: # windows=1377, spacing=0.5453856974329159, CF order=10
  error tolerance: rtol=0.001, atol=1e-05
Testing N_win=1377 N_cf=9
Windowing:
  config: # windows=1377, spacing=0.5453856974329159, CF order=9
  error tolerance: rtol=0.001, atol=1e-05
Testing N_win=1377 N_cf=8
Windowing:
  config: # windows=1377, spacing=0.5453856974329159, CF order=8
  error tolerance: rtol=0.001, atol=1e-05
Testing N_win=1377 N_cf=7
Windowing:
  config: # windows=1377, spacing=0.5453856974329159, CF order=7
  error tolerance: rtol=0.001, atol=1e-05
Testing N_win=1377 N_cf=6
Windowing:
  config: # windows=1377, spacing=0.5453856974329159, CF order=6
  error tolerance: rtol=0.001, atol=1e-05
Testing N_win=1377 N_cf=5
Windowing:
  config: # windows=1377, spacing=0.5453856974329159, CF order=5
  error tolerance: rtol=0.001, atol=1e-05
Testing N_win=1377 N_cf=4
Windowing:
  config: # windows=1377, spacing=0.5453856974329159, CF order=4
  error tolerance: rtol=0.001, atol=1e-05
Testing N_win=1377 N_cf=3
Windowing:
  config: # windows=1377, spacing=0.5453856974329159, CF order=3
  error tolerance: rtol=0.001, atol=1e-05
Testing N_win=1377 N_cf=2
Windowing:
  config: # windows=1377, spacing=0.5453856974329159, CF order=2
  error tolerance: rtol=0.001, atol=1e-05
Testing N_win=1481 N_cf=10
Windowing:
  config: # windows=1481, spacing=0.5070871744531568, CF order=10
  error tolerance: rtol=0.001, atol=1e-05
Testing N_win=1481 N_cf=9
Windowing:
  config: # windows=1481, spacing=0.5070871744531568, CF order=9
  error tolerance: rtol=0.001, atol=1e-05
Testing N_win=1481 N_cf=8
Windowing:
  config: # windows=1481, spacing=0.5070871744531568, CF order=8
  error tolerance: rtol=0.001, atol=1e-05
Testing N_win=1481 N_cf=7
Windowing:
  config: # windows=1481, spacing=0.5070871744531568, CF order=7
  error tolerance: rtol=0.001, atol=1e-05
Testing N_win=1481 N_cf=6
Windowing:
  config: # windows=1481, spacing=0.5070871744531568, CF order=6
  error tolerance: rtol=0.001, atol=1e-05
Testing N_win=1481 N_cf=5
Windowing:
  config: # windows=1481, spacing=0.5070871744531568, CF order=5
  error tolerance: rtol=0.001, atol=1e-05
Testing N_win=1481 N_cf=4
Windowing:
  config: # windows=1481, spacing=0.5070871744531568, CF order=4
  error tolerance: rtol=0.001, atol=1e-05
Testing N_win=1481 N_cf=3
Windowing:
  config: # windows=1481, spacing=0.5070871744531568, CF order=3
  error tolerance: rtol=0.001, atol=1e-05
Testing N_win=1481 N_cf=2
Windowing:
  config: # windows=1481, spacing=0.5070871744531568, CF order=2
  error tolerance: rtol=0.001, atol=1e-05
Testing N_win=1585 N_cf=10
Windowing:
  config: # windows=1585, spacing=0.47381457751742917, CF order=10