Running NJOY to get 0K point-wise data (error=0.0005)...
Parsing cross sections within resolved resonance range...
  MTs: [2, 27, 102]
  Energy range: 1.000e-05 to 2.227e+03 eV (37874 points)
Vector fitting piece 1/18...
  energy: 1.000e-05 to 8.125e+00 eV (559 points)
  error tolerance: rtol=0.001, atol=1e-05
Found 0 peaks
Fitting orders from 2 to 200
Order=2(0/100)
Order=4(1/100)
Order=6(2/100)
Order=8(3/100)
Order=10(4/100)
Order=12(5/100)
Order=14(6/100)
Order=16(7/100)
Order=18(8/100)
Order=20(9/100)
Order=22(10/100)
Order=24(11/100)
Order=26(12/100)
Order=28(13/100)
Order=30(14/100)
Order=32(15/100)
Order=34(16/100)
Order=36(17/100)
Order=38(18/100)
Order=40(19/100)
Order=42(20/100)
Order=44(21/100)
Order=46(22/100)
Order=48(23/100)
Order=50(24/100)
Order=52(25/100)
Order=54(26/100)
Order=56(27/100)
Order=58(28/100)
Order=60(29/100)
Found 2 real poles and 1 conjugate complex pairs.
Final number of poles: 3
Saved figure: WMP_Lib/Gd156/0-8_MT2.png
Saved figure: WMP_Lib/Gd156/0-8_MT27.png
Saved figure: WMP_Lib/Gd156/0-8_MT102.png
Vector fitting piece 2/18...
  energy: 1.312e+00 to 2.942e+01 eV (149 points)
  error tolerance: rtol=0.001, atol=1e-05
Found 0 peaks
Fitting orders from 2 to 200
Order=2(0/100)
Order=4(1/100)
Order=6(2/100)
Found ideal results. Stop!
Found 0 real poles and 3 conjugate complex pairs.
Final number of poles: 3
Saved figure: WMP_Lib/Gd156/1-29_MT2.png
Saved figure: WMP_Lib/Gd156/1-29_MT27.png
Saved figure: WMP_Lib/Gd156/1-29_MT102.png
Vector fitting piece 3/18...
  energy: 1.375e+01 to 6.498e+01 eV (1061 points)
  error tolerance: rtol=0.001, atol=1e-05
Found 2 peaks
Fitting orders from 4 to 200
Order=4(0/99)
Order=6(1/99)
Order=8(2/99)
Order=10(3/99)
Order=12(4/99)
Order=14(5/99)
Order=16(6/99)
Order=18(7/99)
Order=20(8/99)
Order=22(9/99)
Order=24(10/99)
Order=26(11/99)
Order=28(12/99)
Order=30(13/99)
Order=32(14/99)
Order=34(15/99)
Order=36(16/99)
Order=38(17/99)
Order=40(18/99)
Order=42(19/99)
Order=44(20/99)
Order=46(21/99)
Order=48(22/99)
Order=50(23/99)
Order=52(24/99)
Order=54(25/99)
Order=56(26/99)
Order=58(27/99)
Order=60(28/99)
Found 2 real poles and 3 conjugate complex pairs.
Final number of poles: 5
Saved figure: WMP_Lib/Gd156/14-65_MT2.png
Saved figure: WMP_Lib/Gd156/14-65_MT27.png
Saved figure: WMP_Lib/Gd156/14-65_MT102.png
Vector fitting piece 4/18...
  energy: 4.086e+01 to 1.136e+02 eV (1720 points)
  error tolerance: rtol=0.001, atol=1e-05
Found 4 peaks
Fitting orders from 8 to 200
Order=8(0/97)
Order=10(1/97)
Order=12(2/97)
Order=14(3/97)
Order=16(4/97)
Order=18(5/97)
Order=20(6/97)
Order=22(7/97)
Order=24(8/97)
Order=26(9/97)
Order=28(10/97)
Order=30(11/97)
Order=32(12/97)
Order=34(13/97)
Order=36(14/97)
Order=38(15/97)
Order=40(16/97)
Order=42(17/97)
Order=44(18/97)
Order=46(19/97)
Order=48(20/97)
Order=50(21/97)
Order=52(22/97)
Order=54(23/97)
Order=56(24/97)
Order=58(25/97)
Order=60(26/97)
Found 4 real poles and 5 conjugate complex pairs.
Final number of poles: 9
Saved figure: WMP_Lib/Gd156/41-114_MT2.png
Saved figure: WMP_Lib/Gd156/41-114_MT27.png
Saved figure: WMP_Lib/Gd156/41-114_MT102.png
Vector fitting piece 5/18...
  energy: 8.127e+01 to 1.767e+02 eV (1421 points)
  error tolerance: rtol=0.001, atol=1e-05
Found 2 peaks
Fitting orders from 4 to 200
Order=4(0/99)
Order=6(1/99)
Order=8(2/99)
Order=10(3/99)
Order=12(4/99)
Order=14(5/99)
Order=16(6/99)
Order=18(7/99)
Order=20(8/99)
Order=22(9/99)
Order=24(10/99)
Order=26(11/99)
Order=28(12/99)
Order=30(13/99)
Order=32(14/99)
Order=34(15/99)
Order=36(16/99)
Order=38(17/99)
Order=40(18/99)
Order=42(19/99)
Order=44(20/99)
Order=46(21/99)
Order=48(22/99)
Order=50(23/99)
Order=52(24/99)
Order=54(25/99)
Order=56(26/99)
Order=58(27/99)
Order=60(28/99)
Found 0 real poles and 5 conjugate complex pairs.
Final number of poles: 5
Saved figure: WMP_Lib/Gd156/81-177_MT2.png
Saved figure: WMP_Lib/Gd156/81-177_MT27.png
Saved figure: WMP_Lib/Gd156/81-177_MT102.png
Vector fitting piece 6/18...
  energy: 1.351e+02 to 2.533e+02 eV (2386 points)
  error tolerance: rtol=0.001, atol=1e-05
Found 4 peaks
Fitting orders from 8 to 200
Order=8(0/97)
Order=10(1/97)
Order=12(2/97)
Order=14(3/97)
Order=16(4/97)
Order=18(5/97)
Order=20(6/97)
Order=22(7/97)
Order=24(8/97)
Order=26(9/97)
Order=28(10/97)
Order=30(11/97)
Order=32(12/97)
Order=34(13/97)
Order=36(14/97)
Order=38(15/97)
Order=40(16/97)
Order=42(17/97)
Order=44(18/97)
Order=46(19/97)
Order=48(20/97)
Order=50(21/97)
Order=52(22/97)
Order=54(23/97)
Order=56(24/97)
Order=58(25/97)
Order=60(26/97)
Found 2 real poles and 5 conjugate complex pairs.
Final number of poles: 7
Saved figure: WMP_Lib/Gd156/135-253_MT2.png
Saved figure: WMP_Lib/Gd156/135-253_MT27.png
Saved figure: WMP_Lib/Gd156/135-253_MT102.png
Vector fitting piece 7/18...
  energy: 2.033e+02 to 3.430e+02 eV (1483 points)
  error tolerance: rtol=0.001, atol=1e-05
Found 3 peaks
Fitting orders from 6 to 200
Order=6(0/98)
Order=8(1/98)
Order=10(2/98)
Order=12(3/98)
Order=14(4/98)
Order=16(5/98)
Order=18(6/98)
Order=20(7/98)
Order=22(8/98)
Order=24(9/98)
Order=26(10/98)
Order=28(11/98)
Order=30(12/98)
Order=32(13/98)
Order=34(14/98)
Order=36(15/98)
Order=38(16/98)
Order=40(17/98)
Order=42(18/98)
Order=44(19/98)
Order=46(20/98)
Order=48(21/98)
Order=50(22/98)
Order=52(23/98)
Order=54(24/98)
Order=56(25/98)
Order=58(26/98)
Order=60(27/98)
Found 6 real poles and 3 conjugate complex pairs.
Final number of poles: 9
Saved figure: WMP_Lib/Gd156/203-343_MT2.png
Saved figure: WMP_Lib/Gd156/203-343_MT27.png
Saved figure: WMP_Lib/Gd156/203-343_MT102.png
Vector fitting piece 8/18...
  energy: 2.841e+02 to 4.470e+02 eV (1803 points)
  error tolerance: rtol=0.001, atol=1e-05
Found 3 peaks
Fitting orders from 6 to 200
Order=6(0/98)
Order=8(1/98)
Order=10(2/98)
Order=12(3/98)
Order=14(4/98)
Order=16(5/98)
Order=18(6/98)
Order=20(7/98)
Order=22(8/98)
Order=24(9/98)
Order=26(10/98)
Order=28(11/98)
Order=30(12/98)
Order=32(13/98)
Order=34(14/98)
Order=36(15/98)
Order=38(16/98)
Order=40(17/98)
Order=42(18/98)
Order=44(19/98)
Order=46(20/98)
Order=48(21/98)
Order=50(22/98)
Order=52(23/98)
Order=54(24/98)
Order=56(25/98)
Order=58(26/98)
Order=60(27/98)
Found 2 real poles and 5 conjugate complex pairs.
Final number of poles: 7
Saved figure: WMP_Lib/Gd156/284-447_MT2.png
Saved figure: WMP_Lib/Gd156/284-447_MT27.png
Saved figure: WMP_Lib/Gd156/284-447_MT102.png
Vector fitting piece 9/18...
  energy: 3.803e+02 to 5.647e+02 eV (3582 points)
  error tolerance: rtol=0.001, atol=1e-05
Found 8 peaks
Fitting orders from 16 to 200
Order=16(0/93)
Order=18(1/93)
Order=20(2/93)
Order=22(3/93)
Order=24(4/93)
Order=26(5/93)
Order=28(6/93)
Order=30(7/93)
Order=32(8/93)
Order=34(9/93)
Order=36(10/93)
Order=38(11/93)
Order=40(12/93)
Order=42(13/93)
Order=44(14/93)
Order=46(15/93)
Order=48(16/93)
Order=50(17/93)
Order=52(18/93)
Order=54(19/93)
Order=56(20/93)
Order=58(21/93)
Order=60(22/93)
Found 4 real poles and 9 conjugate complex pairs.
Final number of poles: 13
Saved figure: WMP_Lib/Gd156/380-565_MT2.png
Saved figure: WMP_Lib/Gd156/380-565_MT27.png
Saved figure: WMP_Lib/Gd156/380-565_MT102.png
Vector fitting piece 10/18...
  energy: 4.894e+02 to 6.964e+02 eV (2545 points)
  error tolerance: rtol=0.001, atol=1e-05
Found 6 peaks
Fitting orders from 12 to 200
Order=12(0/95)
Order=14(1/95)
Order=16(2/95)
Order=18(3/95)
Order=20(4/95)
Order=22(5/95)
Order=24(6/95)
Order=26(7/95)
Order=28(8/95)
Order=30(9/95)
Order=32(10/95)
Order=34(11/95)
Order=36(12/95)
Order=38(13/95)
Order=40(14/95)
Order=42(15/95)
Order=44(16/95)
Order=46(17/95)
Order=48(18/95)
Order=50(19/95)
Order=52(20/95)
Order=54(21/95)
Order=56(22/95)
Order=58(23/95)
Order=60(24/95)
Found 8 real poles and 6 conjugate complex pairs.
Final number of poles: 14
Saved figure: WMP_Lib/Gd156/489-696_MT2.png
Saved figure: WMP_Lib/Gd156/489-696_MT27.png
Saved figure: WMP_Lib/Gd156/489-696_MT102.png
Vector fitting piece 11/18...
  energy: 6.121e+02 to 8.412e+02 eV (3229 points)
  error tolerance: rtol=0.001, atol=1e-05
Found 6 peaks
Fitting orders from 12 to 200
Order=12(0/95)
Order=14(1/95)
Order=16(2/95)
Order=18(3/95)
Order=20(4/95)
Order=22(5/95)
Order=24(6/95)
Order=26(7/95)
Order=28(8/95)
Order=30(9/95)
Order=32(10/95)
Order=34(11/95)
Order=36(12/95)
Order=38(13/95)
Order=40(14/95)
Order=42(15/95)
Order=44(16/95)
Order=46(17/95)
Order=48(18/95)
Order=50(19/95)
Order=52(20/95)
Order=54(21/95)
Order=56(22/95)
Order=58(23/95)
Order=60(24/95)
Found 6 real poles and 7 conjugate complex pairs.
Final number of poles: 13
Saved figure: WMP_Lib/Gd156/612-841_MT2.png
Saved figure: WMP_Lib/Gd156/612-841_MT27.png
Saved figure: WMP_Lib/Gd156/612-841_MT102.png
Vector fitting piece 12/18...
  energy: 7.485e+02 to 1.001e+03 eV (3962 points)
  error tolerance: rtol=0.001, atol=1e-05
Found 8 peaks
Fitting orders from 16 to 200
Order=16(0/93)
Order=18(1/93)
Order=20(2/93)
Order=22(3/93)
Order=24(4/93)
Order=26(5/93)
Order=28(6/93)
Order=30(7/93)
Order=32(8/93)
Order=34(9/93)
Order=36(10/93)
Order=38(11/93)
Order=40(12/93)
Order=42(13/93)
Order=44(14/93)
Order=46(15/93)
Order=48(16/93)
Order=50(17/93)
Order=52(18/93)
Order=54(19/93)
Order=56(20/93)
Order=58(21/93)
Order=60(22/93)
Found 4 real poles and 9 conjugate complex pairs.
Final number of poles: 13
Saved figure: WMP_Lib/Gd156/748-1001_MT2.png
Saved figure: WMP_Lib/Gd156/748-1001_MT27.png
Saved figure: WMP_Lib/Gd156/748-1001_MT102.png
Vector fitting piece 13/18...
  energy: 8.992e+02 to 1.173e+03 eV (4870 points)
  error tolerance: rtol=0.001, atol=1e-05
Found 11 peaks
Fitting orders from 22 to 200
Order=22(0/90)
Order=24(1/90)
Order=26(2/90)
Order=28(3/90)
Order=30(4/90)
Order=32(5/90)
Order=34(6/90)
Order=36(7/90)
Order=38(8/90)
Order=40(9/90)
Order=42(10/90)
Order=44(11/90)
Order=46(12/90)
Order=48(13/90)
Order=50(14/90)
Order=52(15/90)
Order=54(16/90)
Order=56(17/90)
Order=58(18/90)
Order=60(19/90)
Found 6 real poles and 11 conjugate complex pairs.
Final number of poles: 17
Saved figure: WMP_Lib/Gd156/899-1173_MT2.png
Saved figure: WMP_Lib/Gd156/899-1173_MT27.png
Saved figure: WMP_Lib/Gd156/899-1173_MT102.png
Vector fitting piece 14/18...
  energy: 1.063e+03 to 1.360e+03 eV (5534 points)
  error tolerance: rtol=0.001, atol=1e-05
Found 13 peaks
Fitting orders from 26 to 200
Order=26(0/88)
Order=28(1/88)
Order=30(2/88)
Order=32(3/88)
Order=34(4/88)
Order=36(5/88)
Order=38(6/88)
Order=40(7/88)
Order=42(8/88)
Order=44(9/88)
Order=46(10/88)
Order=48(11/88)
Order=50(12/88)
Order=52(13/88)
Order=54(14/88)
Order=56(15/88)
Order=58(16/88)
Order=60(17/88)
Found 6 real poles and 13 conjugate complex pairs.
Final number of poles: 19
Saved figure: WMP_Lib/Gd156/1063-1360_MT2.png
Saved figure: WMP_Lib/Gd156/1063-1360_MT27.png
Saved figure: WMP_Lib/Gd156/1063-1360_MT102.png
Vector fitting piece 15/18...
  energy: 1.241e+03 to 1.560e+03 eV (5762 points)
  error tolerance: rtol=0.001, atol=1e-05
Found 14 peaks
Fitting orders from 28 to 200
Order=28(0/87)
Order=30(1/87)
Order=32(2/87)
Order=34(3/87)
Order=36(4/87)
Order=38(5/87)
Order=40(6/87)
Order=42(7/87)
Order=44(8/87)
Order=46(9/87)
Order=48(10/87)
Order=50(11/87)
Order=52(12/87)
Order=54(13/87)
Order=56(14/87)
Order=58(15/87)
Order=60(16/87)
Found 4 real poles and 16 conjugate complex pairs.
Final number of poles: 20
Saved figure: WMP_Lib/Gd156/1241-1560_MT2.png
Saved figure: WMP_Lib/Gd156/1241-1560_MT27.png
Saved figure: WMP_Lib/Gd156/1241-1560_MT102.png
Vector fitting piece 16/18...
  energy: 1.433e+03 to 1.773e+03 eV (5440 points)
  error tolerance: rtol=0.001, atol=1e-05
Found 13 peaks
Fitting orders from 26 to 200
Order=26(0/88)
Order=28(1/88)
Order=30(2/88)
Order=32(3/88)
Order=34(4/88)
Order=36(5/88)
Order=38(6/88)
Order=40(7/88)
Order=42(8/88)
Order=44(9/88)
Order=46(10/88)
Order=48(11/88)
Order=50(12/88)
Order=52(13/88)
Order=54(14/88)
Order=56(15/88)
Order=58(16/88)
Order=60(17/88)
Found 6 real poles and 16 conjugate complex pairs.
Final number of poles: 22
Saved figure: WMP_Lib/Gd156/1433-1773_MT2.png
Saved figure: WMP_Lib/Gd156/1433-1773_MT27.png
Saved figure: WMP_Lib/Gd156/1433-1773_MT102.png
Vector fitting piece 17/18...
  energy: 1.638e+03 to 2.001e+03 eV (5585 points)
  error tolerance: rtol=0.001, atol=1e-05
Found 13 peaks
Fitting orders from 26 to 200
Order=26(0/88)
Order=28(1/88)
Order=30(2/88)
Order=32(3/88)
Order=34(4/88)
Order=36(5/88)
Order=38(6/88)
Order=40(7/88)
Order=42(8/88)
Order=44(9/88)
Order=46(10/88)
Order=48(11/88)
Order=50(12/88)
Order=52(13/88)
Order=54(14/88)
Order=56(15/88)
Order=58(16/88)
Order=60(17/88)
Found 4 real poles and 14 conjugate complex pairs.
Final number of poles: 18
Saved figure: WMP_Lib/Gd156/1638-2001_MT2.png
Saved figure: WMP_Lib/Gd156/1638-2001_MT27.png
Saved figure: WMP_Lib/Gd156/1638-2001_MT102.png
Vector fitting piece 18/18...
  energy: 1.857e+03 to 2.227e+03 eV (4913 points)
  error tolerance: rtol=0.001, atol=1e-05
Found 15 peaks
Fitting orders from 30 to 200
Order=30(0/86)
Order=32(1/86)
Order=34(2/86)
Order=36(3/86)
Order=38(4/86)
Order=40(5/86)
Order=42(6/86)
Order=44(7/86)
Order=46(8/86)
Order=48(9/86)
Order=50(10/86)
Order=52(11/86)
Order=54(12/86)
Order=56(13/86)
Order=58(14/86)
Order=60(15/86)
Found 6 real poles and 15 conjugate complex pairs.
Final number of poles: 21
Saved figure: WMP_Lib/Gd156/1857-2227_MT2.png
Saved figure: WMP_Lib/Gd156/1857-2227_MT27.png
Saved figure: WMP_Lib/Gd156/1857-2227_MT102.png
Dumped multipole data to file: WMP_Lib/Gd156/Gd156_mp.pickle
Start searching ...
Testing N_win=10 N_cf=10
Failed: Window spacing cannot be larger than piece spacing.
Testing N_win=114 N_cf=10
Windowing:
  config: # windows=114, spacing=0.41392919283428364, CF order=10
  error tolerance: rtol=0.001, atol=1e-05
Best library so far.
Testing N_win=114 N_cf=9
Windowing:
  config: # windows=114, spacing=0.41392919283428364, CF order=9
  error tolerance: rtol=0.001, atol=1e-05
Best library so far.
Testing N_win=114 N_cf=8
Windowing:
  config: # windows=114, spacing=0.41392919283428364, CF order=8
  error tolerance: rtol=0.001, atol=1e-05
Best library so far.
Testing N_win=114 N_cf=7
Windowing:
  config: # windows=114, spacing=0.41392919283428364, CF order=7
  error tolerance: rtol=0.001, atol=1e-05
Testing N_win=114 N_cf=6
Windowing:
  config: # windows=114, spacing=0.41392919283428364, CF order=6
  error tolerance: rtol=0.001, atol=1e-05
Best library so far.
Testing N_win=114 N_cf=5
Windowing:
  config: # windows=114, spacing=0.41392919283428364, CF order=5
  error tolerance: rtol=0.001, atol=1e-05
Best library so far.
Testing N_win=114 N_cf=4
Windowing:
  config: # windows=114, spacing=0.41392919283428364, CF order=4
  error tolerance: rtol=0.001, atol=1e-05
Best library so far.
Testing N_win=114 N_cf=3
Windowing:
  config: # windows=114, spacing=0.41392919283428364, CF order=3
  error tolerance: rtol=0.001, atol=1e-05
Testing N_win=114 N_cf=2
Windowing:
  config: # windows=114, spacing=0.41392919283428364, CF order=2
  error tolerance: rtol=0.001, atol=1e-05
Failed: Pure curvefit failed for the first window!
Testing N_win=219 N_cf=10
Windowing:
  config: # windows=219, spacing=0.21546999079044904, CF order=10
  error tolerance: rtol=0.001, atol=1e-05
Best library so far.
Testing N_win=219 N_cf=9
Windowing:
  config: # windows=219, spacing=0.21546999079044904, CF order=9
  error tolerance: rtol=0.001, atol=1e-05
Best library so far.
Testing N_win=219 N_cf=8
Windowing:
  config: # windows=219, spacing=0.21546999079044904, CF order=8
  error tolerance: rtol=0.001, atol=1e-05
Best library so far.
Testing N_win=219 N_cf=7
Windowing:
  config: # windows=219, spacing=0.21546999079044904, CF order=7
  error tolerance: rtol=0.001, atol=1e-05
Best library so far.
Testing N_win=219 N_cf=6
Windowing:
  config: # windows=219, spacing=0.21546999079044904, CF order=6
  error tolerance: rtol=0.001, atol=1e-05
Best library so far.
Testing N_win=219 N_cf=5
Windowing:
  config: # windows=219, spacing=0.21546999079044904, CF order=5
  error tolerance: rtol=0.001, atol=1e-05
Best library so far.
Testing N_win=219 N_cf=4
Windowing:
  config: # windows=219, spacing=0.21546999079044904, CF order=4
  error tolerance: rtol=0.001, atol=1e-05
Best library so far.
Testing N_win=219 N_cf=3
Windowing:
  config: # windows=219, spacing=0.21546999079044904, CF order=3
  error tolerance: rtol=0.001, atol=1e-05
Testing N_win=219 N_cf=2
Windowing:
  config: # windows=219, spacing=0.21546999079044904, CF order=2
  error tolerance: rtol=0.001, atol=1e-05
Testing N_win=324 N_cf=10
Windowing:
  config: # windows=324, spacing=0.145641753034285, CF order=10
  error tolerance: rtol=0.001, atol=1e-05
Testing N_win=324 N_cf=9
Windowing:
  config: # windows=324, spacing=0.145641753034285, CF order=9
  error tolerance: rtol=0.001, atol=1e-05
Testing N_win=324 N_cf=8
Windowing:
  config: # windows=324, spacing=0.145641753034285, CF order=8
  error tolerance: rtol=0.001, atol=1e-05
Best library so far.
Testing N_win=324 N_cf=7
Windowing:
  config: # windows=324, spacing=0.145641753034285, CF order=7
  error tolerance: rtol=0.001, atol=1e-05
Best library so far.
Testing N_win=324 N_cf=6
Windowing:
  config: # windows=324, spacing=0.145641753034285, CF order=6
  error tolerance: rtol=0.001, atol=1e-05
Best library so far.
Testing N_win=324 N_cf=5
Windowing:
  config: # windows=324, spacing=0.145641753034285, CF order=5
  error tolerance: rtol=0.001, atol=1e-05
Best library so far.
Testing N_win=324 N_cf=4
Windowing:
  config: # windows=324, spacing=0.145641753034285, CF order=4
  error tolerance: rtol=0.001, atol=1e-05
Best library so far.
Testing N_win=324 N_cf=3
Windowing:
  config: # windows=324, spacing=0.145641753034285, CF order=3
  error tolerance: rtol=0.001, atol=1e-05
Testing N_win=324 N_cf=2
Windowing:
  config: # windows=324, spacing=0.145641753034285, CF order=2
  error tolerance: rtol=0.001, atol=1e-05
Testing N_win=428 N_cf=10
Windowing:
  config: # windows=428, spacing=0.11025216818483256, CF order=10
  error tolerance: rtol=0.001, atol=1e-05
Testing N_win=428 N_cf=9
Windowing:
  config: # windows=428, spacing=0.11025216818483256, CF order=9
  error tolerance: rtol=0.001, atol=1e-05
Testing N_win=428 N_cf=8
Windowing:
  config: # windows=428, spacing=0.11025216818483256, CF order=8
  error tolerance: rtol=0.001, atol=1e-05
Testing N_win=428 N_cf=7
Windowing:
  config: # windows=428, spacing=0.11025216818483256, CF order=7
  error tolerance: rtol=0.001, atol=1e-05
Testing N_win=428 N_cf=6
Windowing:
  config: # windows=428, spacing=0.11025216818483256, CF order=6
  error tolerance: rtol=0.001, atol=1e-05
Best library so far.
Testing N_win=428 N_cf=5
Windowing:
  config: # windows=428, spacing=0.11025216818483256, CF order=5
  error tolerance: rtol=0.001, atol=1e-05
Best library so far.
Testing N_win=428 N_cf=4
Windowing:
  config: # windows=428, spacing=0.11025216818483256, CF order=4
  error tolerance: rtol=0.001, atol=1e-05
Best library so far.
Testing N_win=428 N_cf=3
Windowing:
  config: # windows=428, spacing=0.11025216818483256, CF order=3
  error tolerance: rtol=0.001, atol=1e-05
Testing N_win=428 N_cf=2
Windowing:
  config: # windows=428, spacing=0.11025216818483256, CF order=2
  error tolerance: rtol=0.001, atol=1e-05
Testing N_win=533 N_cf=10
Windowing:
  config: # windows=533, spacing=0.08853269790451845, CF order=10
  error tolerance: rtol=0.001, atol=1e-05
Testing N_win=533 N_cf=9
Windowing:
  config: # windows=533, spacing=0.08853269790451845, CF order=9
  error tolerance: rtol=0.001, atol=1e-05
Testing N_win=533 N_cf=8
Windowing:
  config: # windows=533, spacing=0.08853269790451845, CF order=8
  error tolerance: rtol=0.001, atol=1e-05
Testing N_win=533 N_cf=7
Windowing:
  config: # windows=533, spacing=0.08853269790451845, CF order=7
  error tolerance: rtol=0.001, atol=1e-05
Testing N_win=533 N_cf=6
Windowing:
  config: # windows=533, spacing=0.08853269790451845, CF order=6
  error tolerance: rtol=0.001, atol=1e-05
Testing N_win=533 N_cf=5
Windowing:
  config: # windows=533, spacing=0.08853269790451845, CF order=5
  error tolerance: rtol=0.001, atol=1e-05
Testing N_win=533 N_cf=4
Windowing:
  config: # windows=533, spacing=0.08853269790451845, CF order=4
  error tolerance: rtol=0.001, atol=1e-05
Testing N_win=533 N_cf=3
Windowing:
  config: # windows=533, spacing=0.08853269790451845, CF order=3
  error tolerance: rtol=0.001, atol=1e-05
Testing N_win=533 N_cf=2
Windowing:
  config: # windows=533, spacing=0.08853269790451845, CF order=2
  error tolerance: rtol=0.001, atol=1e-05
Testing N_win=638 N_cf=10
Windowing:
  config: # windows=638, spacing=0.07396226956600054, CF order=10
  error tolerance: rtol=0.001, atol=1e-05
Testing N_win=638 N_cf=9
Windowing:
  config: # windows=638, spacing=0.07396226956600054, CF order=9
  error tolerance: rtol=0.001, atol=1e-05
Testing N_win=638 N_cf=8
Windowing:
  config: # windows=638, spacing=0.07396226956600054, CF order=8
  error tolerance: rtol=0.001, atol=1e-05
Testing N_win=638 N_cf=7
Windowing:
  config: # windows=638, spacing=0.07396226956600054, CF order=7
  error tolerance: rtol=0.001, atol=1e-05
Testing N_win=638 N_cf=6
Windowing:
  config: # windows=638, spacing=0.07396226956600054, CF order=6
  error tolerance: rtol=0.001, atol=1e-05
Testing N_win=638 N_cf=5
Windowing:
  config: # windows=638, spacing=0.07396226956600054, CF order=5
  error tolerance: rtol=0.001, atol=1e-05
Testing N_win=638 N_cf=4
Windowing:
  config: # windows=638, spacing=0.07396226956600054, CF order=4
  error tolerance: rtol=0.001, atol=1e-05
Testing N_win=638 N_cf=3
Windowing:
  config: # windows=638, spacing=0.07396226956600054, CF order=3
  error tolerance: rtol=0.001, atol=1e-05
Testing N_win=638 N_cf=2
Windowing:
  config: # windows=638, spacing=0.07396226956600054, CF order=2
  error tolerance: rtol=0.001, atol=1e-05
Testing N_win=743 N_cf=10
Windowing:
  config: # windows=743, spacing=0.06350999728547556, CF order=10
  error tolerance: rtol=0.001, atol=1e-05
Testing N_win=743 N_cf=9
Windowing:
  config: # windows=743, spacing=0.06350999728547556, CF order=9
  error tolerance: rtol=0.001, atol=1e-05
Testing N_win=743 N_cf=8
Windowing:
  config: # windows=743, spacing=0.06350999728547556, CF order=8
  error tolerance: rtol=0.001, atol=1e-05
Testing N_win=743 N_cf=7
Windowing:
  config: # windows=743, spacing=0.06350999728547556, CF order=7
  error tolerance: rtol=0.001, atol=1e-05
Testing N_win=743 N_cf=6
Windowing:
  config: # windows=743, spacing=0.06350999728547556, CF order=6
  error tolerance: rtol=0.001, atol=1e-05
Testing N_win=743 N_cf=5
Windowing:
  config: # windows=743, spacing=0.06350999728547556, CF order=5
  error tolerance: rtol=0.001, atol=1e-05
Testing N_win=743 N_cf=4
Windowing:
  config: # windows=743, spacing=0.06350999728547556, CF order=4
  error tolerance: rtol=0.001, atol=1e-05
Testing N_win=743 N_cf=3
Windowing:
  config: # windows=743, spacing=0.06350999728547556, CF order=3
  error tolerance: rtol=0.001, atol=1e-05
Testing N_win=743 N_cf=2
Windowing:
  config: # windows=743, spacing=0.06350999728547556, CF order=2
  error tolerance: rtol=0.001, atol=1e-05
Testing N_win=847 N_cf=10
Windowing:
  config: # windows=847, spacing=0.05571183941335105, CF order=10
  error tolerance: rtol=0.001, atol=1e-05
Testing N_win=847 N_cf=9
Windowing:
  config: # windows=847, spacing=0.05571183941335105, CF order=9
  error tolerance: rtol=0.001, atol=1e-05
Testing N_win=847 N_cf=8
Windowing:
  config: # windows=847, spacing=0.05571183941335105, CF order=8
  error tolerance: rtol=0.001, atol=1e-05
Testing N_win=847 N_cf=7
Windowing:
  config: # windows=847, spacing=0.05571183941335105, CF order=7
  error tolerance: rtol=0.001, atol=1e-05
Testing N_win=847 N_cf=6
Windowing:
  config: # windows=847, spacing=0.05571183941335105, CF order=6
  error tolerance: rtol=0.001, atol=1e-05
Testing N_win=847 N_cf=5
Windowing:
  config: # windows=847, spacing=0.05571183941335105, CF order=5
  error tolerance: rtol=0.001, atol=1e-05
Testing N_win=847 N_cf=4
Windowing:
  config: # windows=847, spacing=0.05571183941335105, CF order=4
  error tolerance: rtol=0.001, atol=1e-05
Testing N_win=847 N_cf=3
Windowing:
  config: # windows=847, spacing=0.05571183941335105, CF order=3
  error tolerance: rtol=0.001, atol=1e-05
Testing N_win=847 N_cf=2
Windowing:
  config: # windows=847, spacing=0.05571183941335105, CF order=2
  error tolerance: rtol=0.001, atol=1e-05
Testing N_win=952 N_cf=10
Windowing:
  config: # windows=952, spacing=0.04956715124276086, CF order=10
  error tolerance: rtol=0.001, atol=1e-05
Testing N_win=952 N_cf=9
Windowing:
  config: # windows=952, spacing=0.04956715124276086, CF order=9
  error tolerance: rtol=0.001, atol=1e-05
Testing N_win=952 N_cf=8
Windowing:
  config: # windows=952, spacing=0.04956715124276086, CF order=8
  error tolerance: rtol=0.001, atol=1e-05
Testing N_win=952 N_cf=7
Windowing:
  config: # windows=952, spacing=0.04956715124276086, CF order=7
  error tolerance: rtol=0.001, atol=1e-05
Testing N_win=952 N_cf=6
Windowing:
  config: # windows=952, spacing=0.04956715124276086, CF order=6
  error tolerance: rtol=0.001, atol=1e-05
Testing N_win=952 N_cf=5
Windowing:
  config: # windows=952, spacing=0.04956715124276086, CF order=5
  error tolerance: rtol=0.001, atol=1e-05
Testing N_win=952 N_cf=4
Windowing:
  config: # windows=952, spacing=0.04956715124276086, CF order=4
  error tolerance: rtol=0.001, atol=1e-05
Testing N_win=952 N_cf=3
Windowing:
  config: # windows=952, spacing=0.04956715124276086, CF order=3
  error tolerance: rtol=0.001, atol=1e-05
Testing N_win=952 N_cf=2
Windowing:
  config: # windows=952, spacing=0.04956715124276086, CF order=2
  error tolerance: rtol=0.001, atol=1e-05
Testing N_win=1057 N_cf=10
Windowing:
  config: # windows=1057, spacing=0.04464326204646011, CF order=10
  error tolerance: rtol=0.001, atol=1e-05
Testing N_win=1057 N_cf=9
Windowing:
  config: # windows=1057, spacing=0.04464326204646011, CF order=9
  error tolerance: rtol=0.001, atol=1e-05
Testing N_win=1057 N_cf=8
Windowing:
  config: # windows=1057, spacing=0.04464326204646011, CF order=8
  error tolerance: rtol=0.001, atol=1e-05
Testing N_win=1057 N_cf=7
Windowing:
  config: # windows=1057, spacing=0.04464326204646011, CF order=7
  error tolerance: rtol=0.001, atol=1e-05
Testing N_win=1057 N_cf=6
Windowing:
  config: # windows=1057, spacing=0.04464326204646011, CF order=6
  error tolerance: rtol=0.001, atol=1e-05
Testing N_win=1057 N_cf=5
Windowing:
  config: # windows=1057, spacing=0.04464326204646011, CF order=5
  error tolerance: rtol=0.001, atol=1e-05
Testing N_win=1057 N_cf=4
Windowing:
  config: # windows=1057, spacing=0.04464326204646011, CF order=4
  error tolerance: rtol=0.001, atol=1e-05
Testing N_win=1057 N_cf=3
Windowing:
  config: # windows=1057, spacing=0.04464326204646011, CF order=3
  error tolerance: rtol=0.001, atol=1e-05
Testing N_win=1057 N_cf=2
Windowing:
  config: # windows=1057, spacing=0.04464326204646011, CF order=2
  error tolerance: rtol=0.001, atol=1e-05
Testing N_win=1162 N_cf=10
Windowing:
  config: # windows=1162, spacing=0.04060923234346673, CF order=10
  error tolerance: rtol=0.001, atol=1e-05
Testing N_win=1162 N_cf=9
Windowing:
  config: # windows=1162, spacing=0.04060923234346673, CF order=9
  error tolerance: rtol=0.001, atol=1e-05
Testing N_win=1162 N_cf=8
Windowing:
  config: # windows=1162, spacing=0.04060923234346673, CF order=8
  error tolerance: rtol=0.001, atol=1e-05
Testing N_win=1162 N_cf=7
Windowing:
  config: # windows=1162, spacing=0.04060923234346673, CF order=7
  error tolerance: rtol=0.001, atol=1e-05
Testing N_win=1162 N_cf=6
Windowing:
  config: # windows=1162, spacing=0.04060923234346673, CF order=6
  error tolerance: rtol=0.001, atol=1e-05
Testing N_win=1162 N_cf=5
Windowing:
  config: # windows=1162, spacing=0.04060923234346673, CF order=5
  error tolerance: rtol=0.001, atol=1e-05
Testing N_win=1162 N_cf=4
Windowing:
  config: # windows=1162, spacing=0.04060923234346673, CF order=4
  error tolerance: rtol=0.001, atol=1e-05
Testing N_win=1162 N_cf=3
Windowing:
  config: # windows=1162, spacing=0.04060923234346673, CF order=3
  error tolerance: rtol=0.001, atol=1e-05
Testing N_win=1162 N_cf=2
Windowing:
  config: # windows=1162, spacing=0.04060923234346673, CF order=2
  error tolerance: rtol=0.001, atol=1e-05
Testing N_win=1266 N_cf=10
Windowing:
  config: # windows=1266, spacing=0.03727324485237626, CF order=10
  error tolerance: rtol=0.001, atol=1e-05
Testing N_win=1266 N_cf=9
Windowing:
  config: # windows=1266, spacing=0.03727324485237626, CF order=9
  error tolerance: rtol=0.001, atol=1e-05
Testing N_win=1266 N_cf=8
Windowing:
  config: # windows=1266, spacing=0.03727324485237626, CF order=8
  error tolerance: rtol=0.001, atol=1e-05
Testing N_win=1266 N_cf=7
Windowing:
  config: # windows=1266, spacing=0.03727324485237626, CF order=7
  error tolerance: rtol=0.001, atol=1e-05
Testing N_win=1266 N_cf=6
Windowing:
  config: # windows=1266, spacing=0.03727324485237626, CF order=6
  error tolerance: rtol=0.001, atol=1e-05
Testing N_win=1266 N_cf=5
Windowing:
  config: # windows=1266, spacing=0.03727324485237626, CF order=5
  error tolerance: rtol=0.001, atol=1e-05
Testing N_win=1266 N_cf=4
Windowing:
  config: # windows=1266, spacing=0.03727324485237626, CF order=4
  error tolerance: rtol=0.001, atol=1e-05
Testing N_win=1266 N_cf=3
Windowing:
  config: # windows=1266, spacing=0.03727324485237626, CF order=3
  error tolerance: rtol=0.001, atol=1e-05
Testing N_win=1266 N_cf=2
Windowing:
  config: # windows=1266, spacing=0.03727324485237626, CF order=2
  error tolerance: rtol=0.001, atol=1e-05
Testing N_win=1371 N_cf=10
Windowing:
  config: # windows=1371, spacing=0.03441861997309142, CF order=10
  error tolerance: rtol=0.001, atol=1e-05
Testing N_win=1371 N_cf=9
Windowing:
  config: # windows=1371, spacing=0.03441861997309142, CF order=9
  error tolerance: rtol=0.001, atol=1e-05
Testing N_win=1371 N_cf=8
Windowing:
  config: # windows=1371, spacing=0.03441861997309142, CF order=8
  error tolerance: rtol=0.001, atol=1e-05
Testing N_win=1371 N_cf=7
Windowing:
  config: # windows=1371, spacing=0.03441861997309142, CF order=7
  error tolerance: rtol=0.001, atol=1e-05
Testing N_win=1371 N_cf=6
Windowing:
  config: # windows=1371, spacing=0.03441861997309142, CF order=6
  error tolerance: rtol=0.001, atol=1e-05
Testing N_win=1371 N_cf=5
Windowing:
  config: # windows=1371, spacing=0.03441861997309142, CF order=5
  error tolerance: rtol=0.001, atol=1e-05
Testing N_win=1371 N_cf=4
Windowing:
  config: # windows=1371, spacing=0.03441861997309142, CF order=4
  error tolerance: rtol=0.001, atol=1e-05
Testing N_win=1371 N_cf=3
Windowing:
  config: # windows=1371, spacing=0.03441861997309142, CF order=3
  error tolerance: rtol=0.001, atol=1e-05
Testing N_win=1371 N_cf=2
Windowing:
  config: # windows=1371, spacing=0.03441861997309142, CF order=2
  error tolerance: rtol=0.001, atol=1e-05
Testing N_win=1476 N_cf=10
Windowing:
  config: # windows=1476, spacing=0.031970140909965, CF order=10
  error tolerance: rtol=0.001, atol=1e-05
Testing N_win=1476 N_cf=9
Windowing:
  config: # windows=1476, spacing=0.031970140909965, CF order=9
  error tolerance: rtol=0.001, atol=1e-05
Testing N_win=1476 N_cf=8
Windowing:
  config: # windows=1476, spacing=0.031970140909965, CF order=8
  error tolerance: rtol=0.001, atol=1e-05
Testing N_win=1476 N_cf=7
Windowing:
  config: # windows=1476, spacing=0.031970140909965, CF order=7
  error tolerance: rtol=0.001, atol=1e-05
Testing N_win=1476 N_cf=6
Windowing:
  config: # windows=1476, spacing=0.031970140909965, CF order=6
  error tolerance: rtol=0.001, atol=1e-05
Testing N_win=1476 N_cf=5
Windowing:
  config: # windows=1476, spacing=0.031970140909965, CF order=5
  error tolerance: rtol=0.001, atol=1e-05
Testing N_win=1476 N_cf=4
Windowing:
  config: # windows=1476, spacing=0.031970140909965, CF order=4
  error tolerance: rtol=0.001, atol=1e-05
Testing N_win=1476 N_cf=3
Windowing:
  config: # windows=1476, spacing=0.031970140909965, CF order=3
  error tolerance: rtol=0.001, atol=1e-05
Testing N_win=1476 N_cf=2
Windowing:
  config: # windows=1476, spacing=0.031970140909965, CF order=2
  error tolerance: rtol=0.001, atol=1e-05
Testing N_win=1581 N_cf=10
Windowing:
  config: # windows=1581, spacing=0.029846886769834494, CF order=10
  error tolerance: rtol=0.001, atol=1e-05
Testing N_win=1581 N_cf=9
Windowing:
  config: # windows=1581, spacing=0.029846886769834494, CF order=9
  error tolerance: rtol=0.001, atol=1e-05
Testing N_win=1581 N_cf=8
Windowing:
  config: # windows=1581, spacing=0.029846886769834494, CF order=8
  error tolerance: rtol=0.001, atol=1e-05
Testing N_win=1581 N_cf=7
Windowing:
  config: # windows=1581, spacing=0.029846886769834494, CF order=7
  error tolerance: rtol=0.001, atol=1e-05
Testing N_win=1581 N_cf=6
Windowing:
  config: # windows=1581, spacing=0.029846886769834494, CF order=6
  error tolerance: rtol=0.001, atol=1e-05
Testing N_win=1581 N_cf=5
Windowing:
  config: # windows=1581, spacing=0.029846886769834494, CF order=5
  error tolerance: rtol=0.001, atol=1e-05
Testing N_win=1581 N_cf=4
Windowing:
  config: # windows=1581, spacing=0.029846886769834494, CF order=4
  error tolerance: rtol=0.001, atol=1e-05
Testing N_win=1581 N_cf=3
Windowing:
  config: # windows=1581, spacing=0.029846886769834494, CF order=3
  error tolerance: rtol=0.001, atol=1e-05
Testing N_win=1581 N_cf=2
Windowing:
  config: # windows=1581, spacing=0.029846886769834494, CF order=2
  error tolerance: rtol=0.001, atol=1e-05
Testing N_win=1685 N_cf=10
Windowing:
  config: # windows=1685, spacing=0.028004705034485662, CF order=10
  error tolerance: rtol=0.001, atol=1e-05
Testing N_win=1685 N_cf=9
Windowing:
  config: # windows=1685, spacing=0.028004705034485662, CF order=9
  error tolerance: rtol=0.001, atol=1e-05
Testing N_win=1685 N_cf=8
Windowing:
  config: # windows=1685, spacing=0.028004705034485662, CF order=8
  error tolerance: rtol=0.001, atol=1e-05
Testing N_win=1685 N_cf=7
Windowing:
  config: # windows=1685, spacing=0.028004705034485662, CF order=7
  error tolerance: rtol=0.001, atol=1e-05
Testing N_win=1685 N_cf=6
Windowing:
  config: # windows=1685, spacing=0.028004705034485662, CF order=6
  error tolerance: rtol=0.001, atol=1e-05
Testing N_win=1685 N_cf=5
Windowing:
  config: # windows=1685, spacing=0.028004705034485662, CF order=5
  error tolerance: rtol=0.001, atol=1e-05
Testing N_win=1685 N_cf=4
Windowing:
  config: # windows=1685, spacing=0.028004705034485662, CF order=4
  error tolerance: rtol=0.001, atol=1e-05
Testing N_win=1685 N_cf=3
Windowing:
  config: # windows=1685, spacing=0.028004705034485662, CF order=3
  error tolerance: rtol=0.001, atol=1e-05
Testing N_win=1685 N_cf=2
Windowing:
  config: # windows=1685, spacing=0.028004705034485662, CF order=2
  error tolerance: rtol=0.001, atol=1e-05
Testing N_win=1790 N_cf=10
Windowing:
  config: # windows=1790, spacing=0.026361970940283988, CF order=10
  error tolerance: rtol=0.001, atol=1e-05
Testing N_win=1790 N_cf=9
Windowing:
  config: # windows=1790, spacing=0.026361970940283988, CF order=9
  error tolerance: rtol=0.001, atol=1e-05
Testing N_win=1790 N_cf=8
Windowing:
  config: # windows=1790, spacing=0.026361970940283988, CF order=8
  error tolerance: rtol=0.001, atol=1e-05
Testing N_win=1790 N_cf=7
Windowing:
  config: # windows=1790, spacing=0.026361970940283988, CF order=7
  error tolerance: rtol=0.001, atol=1e-05
Testing N_win=1790 N_cf=6
Windowing:
  config: # windows=1790, spacing=0.026361970940283988, CF order=6
  error tolerance: rtol=0.001, atol=1e-05
Testing N_win=1790 N_cf=5
Windowing:
  config: # windows=1790, spacing=0.026361970940283988, CF order=5
  error tolerance: rtol=0.001, atol=1e-05
Testing N_win=1790 N_cf=4
Windowing:
  config: # windows=1790, spacing=0.026361970940283988, CF order=4
  error tolerance: rtol=0.001, atol=1e-05
Testing N_win=1790 N_cf=3
Windowing:
  config: # windows=1790, spacing=0.026361970940283988, CF order=3
  error tolerance: rtol=0.001, atol=1e-05
Testing N_win=1790 N_cf=2
Windowing:
  config: # windows=1790, spacing=0.026361970940283988, CF order=2
  error tolerance: rtol=0.001, atol=1e-05
Testing N_win=1895 N_cf=10
Windowing:
  config: # windows=1895, spacing=0.02490128125757696, CF order=10
  error tolerance: rtol=0.001, atol=1e-05
Testing N_win=1895 N_cf=9
Windowing:
  config: # windows=1895, spacing=0.02490128125757696, CF order=9
  error tolerance: rtol=0.001, atol=1e-05
Testing N_win=1895 N_cf=8
Windowing:
  config: # windows=1895, spacing=0.02490128125757696, CF order=8
  error tolerance: rtol=0.001, atol=1e-05
Testing N_win=1895 N_cf=7
Windowing:
  config: # windows=1895, spacing=0.02490128125757696, CF order=7
  error tolerance: rtol=0.001, atol=1e-05
Testing N_win=1895 N_cf=6
Windowing:
  config: # windows=1895, spacing=0.02490128125757696, CF order=6
  error tolerance: rtol=0.001, atol=1e-05
Testing N_win=1895 N_cf=5
Windowing:
  config: # windows=1895, spacing=0.02490128125757696, CF order=5
  error tolerance: rtol=0.001, atol=1e-05
Testing N_win=1895 N_cf=4
Windowing:
  config: # windows=1895, spacing=0.02490128125757696, CF order=4
  error tolerance: rtol=0.001, atol=1e-05
Testing N_win=1895 N_cf=3
Windowing:
  config: # windows=1895, spacing=0.02490128125757696, CF order=3
  error tolerance: rtol=0.001, atol=1e-05
Testing N_win=1895 N_cf=2
Windowing:
  config: # windows=1895, spacing=0.02490128125757696, CF order=2
  error tolerance: rtol=0.001, atol=1e-05
Testing N_win=2000 N_cf=10
Windowing:
  config: # windows=2000, spacing=0.023593963991554168, CF order=10
  error tolerance: rtol=0.001, atol=1e-05
Testing N_win=2000 N_cf=9
Windowing:
  config: # windows=2000, spacing=0.023593963991554168, CF order=9
  error tolerance: rtol=0.001, atol=1e-05
Testing N_win=2000 N_cf=8
Windowing:
  config: # windows=2000, spacing=0.023593963991554168, CF order=8
  error tolerance: rtol=0.001, atol=1e-05
Testing N_win=2000 N_cf=7
Windowing:
  config: # windows=2000, spacing=0.023593963991554168, CF order=7
  error tolerance: rtol=0.001, atol=1e-05
Testing N_win=2000 N_cf=6
Windowing:
  config: # windows=2000, spacing=0.023593963991554168, CF order=6
  error tolerance: rtol=0.001, atol=1e-05
Testing N_win=2000 N_cf=5
Windowing:
  config: # windows=2000, spacing=0.023593963991554168, CF order=5
  error tolerance: rtol=0.001, atol=1e-05
Testing N_win=2000 N_cf=4
Windowing:
  config: # windows=2000, spacing=0.023593963991554168, CF order=4
  error tolerance: rtol=0.001, atol=1e-05
Testing N_win=2000 N_cf=3
Windowing:
  config: # windows=2000, spacing=0.023593963991554168, CF order=3
  error tolerance: rtol=0.001, atol=1e-05
Testing N_win=2000 N_cf=2
Windowing:
  config: # windows=2000, spacing=0.023593963991554168, CF order=2
  error tolerance: rtol=0.001, atol=1e-05
Final library: 132 poles, 428 windows, 2.9 poles per window, 4 CF order
