Start searching ...
Testing N_win=11 N_cf=10
Failed: Window spacing cannot be larger than piece spacing.
Testing N_win=115 N_cf=10
Windowing:
  config: # windows=115, spacing=0.11770145274886863, CF order=10
  error tolerance: rtol=0.001, atol=1e-05
Best library so far.
Testing N_win=115 N_cf=9
Windowing:
  config: # windows=115, spacing=0.11770145274886863, CF order=9
  error tolerance: rtol=0.001, atol=1e-05
Best library so far.
Testing N_win=115 N_cf=8
Windowing:
  config: # windows=115, spacing=0.11770145274886863, CF order=8
  error tolerance: rtol=0.001, atol=1e-05
Failed: Pure curvefit failed for the first window!
Testing N_win=220 N_cf=10
Windowing:
  config: # windows=220, spacing=0.061525759391454056, CF order=10
  error tolerance: rtol=0.001, atol=1e-05
Best library so far.
Testing N_win=220 N_cf=9
Windowing:
  config: # windows=220, spacing=0.061525759391454056, CF order=9
  error tolerance: rtol=0.001, atol=1e-05
Best library so far.
Testing N_win=220 N_cf=8
Windowing:
  config: # windows=220, spacing=0.061525759391454056, CF order=8
  error tolerance: rtol=0.001, atol=1e-05
Best library so far.
Testing N_win=220 N_cf=7
Windowing:
  config: # windows=220, spacing=0.061525759391454056, CF order=7
  error tolerance: rtol=0.001, atol=1e-05
Best library so far.
Testing N_win=220 N_cf=6
Windowing:
  config: # windows=220, spacing=0.061525759391454056, CF order=6
  error tolerance: rtol=0.001, atol=1e-05
Failed: Pure curvefit failed for the first window!
Testing N_win=325 N_cf=10
Windowing:
  config: # windows=325, spacing=0.041648206357291974, CF order=10
  error tolerance: rtol=0.001, atol=1e-05
Testing N_win=325 N_cf=9
Windowing:
  config: # windows=325, spacing=0.041648206357291974, CF order=9
  error tolerance: rtol=0.001, atol=1e-05
Testing N_win=325 N_cf=8
Windowing:
  config: # windows=325, spacing=0.041648206357291974, CF order=8
  error tolerance: rtol=0.001, atol=1e-05
Testing N_win=325 N_cf=7
Windowing:
  config: # windows=325, spacing=0.041648206357291974, CF order=7
  error tolerance: rtol=0.001, atol=1e-05
Best library so far.
Testing N_win=325 N_cf=6
Windowing:
  config: # windows=325, spacing=0.041648206357291974, CF order=6
  error tolerance: rtol=0.001, atol=1e-05
Best library so far.
Testing N_win=325 N_cf=5
Windowing:
  config: # windows=325, spacing=0.041648206357291974, CF order=5
  error tolerance: rtol=0.001, atol=1e-05
Failed: Pure curvefit failed for the first window!
Testing N_win=429 N_cf=10
Windowing:
  config: # windows=429, spacing=0.03155167148279695, CF order=10
  error tolerance: rtol=0.001, atol=1e-05
Testing N_win=429 N_cf=9
Windowing:
  config: # windows=429, spacing=0.03155167148279695, CF order=9
  error tolerance: rtol=0.001, atol=1e-05
Testing N_win=429 N_cf=8
Windowing:
  config: # windows=429, spacing=0.03155167148279695, CF order=8
  error tolerance: rtol=0.001, atol=1e-05
Testing N_win=429 N_cf=7
Windowing:
  config: # windows=429, spacing=0.03155167148279695, CF order=7
  error tolerance: rtol=0.001, atol=1e-05
Testing N_win=429 N_cf=6
Windowing:
  config: # windows=429, spacing=0.03155167148279695, CF order=6
  error tolerance: rtol=0.001, atol=1e-05
Testing N_win=429 N_cf=5
Windowing:
  config: # windows=429, spacing=0.03155167148279695, CF order=5
  error tolerance: rtol=0.001, atol=1e-05
Failed: Pure curvefit failed for the first window!
Testing N_win=534 N_cf=10
Windowing:
  config: # windows=534, spacing=0.02534769113505598, CF order=10
  error tolerance: rtol=0.001, atol=1e-05
Testing N_win=534 N_cf=9
Windowing:
  config: # windows=534, spacing=0.02534769113505598, CF order=9
  error tolerance: rtol=0.001, atol=1e-05
Testing N_win=534 N_cf=8
Windowing:
  config: # windows=534, spacing=0.02534769113505598, CF order=8
  error tolerance: rtol=0.001, atol=1e-05
Testing N_win=534 N_cf=7
Windowing:
  config: # windows=534, spacing=0.02534769113505598, CF order=7
  error tolerance: rtol=0.001, atol=1e-05
Testing N_win=534 N_cf=6
Windowing:
  config: # windows=534, spacing=0.02534769113505598, CF order=6
  error tolerance: rtol=0.001, atol=1e-05
Testing N_win=534 N_cf=5
Windowing:
  config: # windows=534, spacing=0.02534769113505598, CF order=5
  error tolerance: rtol=0.001, atol=1e-05
Failed: Pure curvefit failed for the first window!
Testing N_win=639 N_cf=10
Windowing:
  config: # windows=639, spacing=0.02118257756826274, CF order=10
  error tolerance: rtol=0.001, atol=1e-05
Testing N_win=639 N_cf=9
Windowing:
  config: # windows=639, spacing=0.02118257756826274, CF order=9
  error tolerance: rtol=0.001, atol=1e-05
Testing N_win=639 N_cf=8
Windowing:
  config: # windows=639, spacing=0.02118257756826274, CF order=8
  error tolerance: rtol=0.001, atol=1e-05
Testing N_win=639 N_cf=7
Windowing:
  config: # windows=639, spacing=0.02118257756826274, CF order=7
  error tolerance: rtol=0.001, atol=1e-05
Testing N_win=639 N_cf=6
Windowing:
  config: # windows=639, spacing=0.02118257756826274, CF order=6
  error tolerance: rtol=0.001, atol=1e-05
Testing N_win=639 N_cf=5
Windowing:
  config: # windows=639, spacing=0.02118257756826274, CF order=5
  error tolerance: rtol=0.001, atol=1e-05
Failed: Pure curvefit failed for the first window!
Testing N_win=743 N_cf=10
Windowing:
  config: # windows=743, spacing=0.018217586899219235, CF order=10
  error tolerance: rtol=0.001, atol=1e-05
Testing N_win=743 N_cf=9
Windowing:
  config: # windows=743, spacing=0.018217586899219235, CF order=9
  error tolerance: rtol=0.001, atol=1e-05
Testing N_win=743 N_cf=8
Windowing:
  config: # windows=743, spacing=0.018217586899219235, CF order=8
  error tolerance: rtol=0.001, atol=1e-05
Testing N_win=743 N_cf=7
Windowing:
  config: # windows=743, spacing=0.018217586899219235, CF order=7
  error tolerance: rtol=0.001, atol=1e-05
Testing N_win=743 N_cf=6
Windowing:
  config: # windows=743, spacing=0.018217586899219235, CF order=6
  error tolerance: rtol=0.001, atol=1e-05
Testing N_win=743 N_cf=5
Windowing:
  config: # windows=743, spacing=0.018217586899219235, CF order=5
  error tolerance: rtol=0.001, atol=1e-05
Failed: Pure curvefit failed for the first window!
Testing N_win=848 N_cf=10
Windowing:
  config: # windows=848, spacing=0.015961871540235723, CF order=10
  error tolerance: rtol=0.001, atol=1e-05
Testing N_win=848 N_cf=9
Windowing:
  config: # windows=848, spacing=0.015961871540235723, CF order=9
  error tolerance: rtol=0.001, atol=1e-05
Testing N_win=848 N_cf=8
Windowing:
  config: # windows=848, spacing=0.015961871540235723, CF order=8
  error tolerance: rtol=0.001, atol=1e-05
Testing N_win=848 N_cf=7
Windowing:
  config: # windows=848, spacing=0.015961871540235723, CF order=7
  error tolerance: rtol=0.001, atol=1e-05
Testing N_win=848 N_cf=6
Windowing:
  config: # windows=848, spacing=0.015961871540235723, CF order=6
  error tolerance: rtol=0.001, atol=1e-05
Testing N_win=848 N_cf=5
Windowing:
  config: # windows=848, spacing=0.015961871540235723, CF order=5
  error tolerance: rtol=0.001, atol=1e-05
Failed: Pure curvefit failed for the first window!
Testing N_win=953 N_cf=10
Windowing:
  config: # windows=953, spacing=0.014203218327513003, CF order=10
  error tolerance: rtol=0.001, atol=1e-05
Testing N_win=953 N_cf=9
Windowing:
  config: # windows=953, spacing=0.014203218327513003, CF order=9
  error tolerance: rtol=0.001, atol=1e-05
Testing N_win=953 N_cf=8
Windowing:
  config: # windows=953, spacing=0.014203218327513003, CF order=8
  error tolerance: rtol=0.001, atol=1e-05
Testing N_win=953 N_cf=7
Windowing:
  config: # windows=953, spacing=0.014203218327513003, CF order=7
  error tolerance: rtol=0.001, atol=1e-05
Testing N_win=953 N_cf=6
Windowing:
  config: # windows=953, spacing=0.014203218327513003, CF order=6
  error tolerance: rtol=0.001, atol=1e-05
Testing N_win=953 N_cf=5
Windowing:
  config: # windows=953, spacing=0.014203218327513003, CF order=5
  error tolerance: rtol=0.001, atol=1e-05
Failed: Pure curvefit failed for the first window!
Testing N_win=1057 N_cf=10
Windowing:
  config: # windows=1057, spacing=0.012805739892261013, CF order=10
  error tolerance: rtol=0.001, atol=1e-05
Testing N_win=1057 N_cf=9
Windowing:
  config: # windows=1057, spacing=0.012805739892261013, CF order=9
  error tolerance: rtol=0.001, atol=1e-05
Testing N_win=1057 N_cf=8
Windowing:
  config: # windows=1057, spacing=0.012805739892261013, CF order=8
  error tolerance: rtol=0.001, atol=1e-05
Testing N_win=1057 N_cf=7
Windowing:
  config: # windows=1057, spacing=0.012805739892261013, CF order=7
  error tolerance: rtol=0.001, atol=1e-05
Testing N_win=1057 N_cf=6
Windowing:
  config: # windows=1057, spacing=0.012805739892261013, CF order=6
  error tolerance: rtol=0.001, atol=1e-05
Testing N_win=1057 N_cf=5
Windowing:
  config: # windows=1057, spacing=0.012805739892261013, CF order=5
  error tolerance: rtol=0.001, atol=1e-05
Failed: Pure curvefit failed for the first window!
Testing N_win=1162 N_cf=10
Windowing:
  config: # windows=1162, spacing=0.011648594721273574, CF order=10
  error tolerance: rtol=0.001, atol=1e-05
Testing N_win=1162 N_cf=9
Windowing:
  config: # windows=1162, spacing=0.011648594721273574, CF order=9
  error tolerance: rtol=0.001, atol=1e-05
Testing N_win=1162 N_cf=8
Windowing:
  config: # windows=1162, spacing=0.011648594721273574, CF order=8
  error tolerance: rtol=0.001, atol=1e-05
Testing N_win=1162 N_cf=7
Windowing:
  config: # windows=1162, spacing=0.011648594721273574, CF order=7
  error tolerance: rtol=0.001, atol=1e-05
Testing N_win=1162 N_cf=6
Windowing:
  config: # windows=1162, spacing=0.011648594721273574, CF order=6
  error tolerance: rtol=0.001, atol=1e-05
Testing N_win=1162 N_cf=5
Windowing:
  config: # windows=1162, spacing=0.011648594721273574, CF order=5
  error tolerance: rtol=0.001, atol=1e-05
Failed: Pure curvefit failed for the first window!
Testing N_win=1267 N_cf=10
Windowing:
  config: # windows=1267, spacing=0.010683241567576869, CF order=10
  error tolerance: rtol=0.001, atol=1e-05
Testing N_win=1267 N_cf=9
Windowing:
  config: # windows=1267, spacing=0.010683241567576869, CF order=9
  error tolerance: rtol=0.001, atol=1e-05
Testing N_win=1267 N_cf=8
Windowing:
  config: # windows=1267, spacing=0.010683241567576869, CF order=8
  error tolerance: rtol=0.001, atol=1e-05
Testing N_win=1267 N_cf=7
Windowing:
  config: # windows=1267, spacing=0.010683241567576869, CF order=7
  error tolerance: rtol=0.001, atol=1e-05
Testing N_win=1267 N_cf=6
Windowing:
  config: # windows=1267, spacing=0.010683241567576869, CF order=6
  error tolerance: rtol=0.001, atol=1e-05
Testing N_win=1267 N_cf=5
Windowing:
  config: # windows=1267, spacing=0.010683241567576869, CF order=5
  error tolerance: rtol=0.001, atol=1e-05
Failed: Pure curvefit failed for the first window!
Testing N_win=1371 N_cf=10
Windowing:
  config: # windows=1371, spacing=0.009872842498993357, CF order=10
  error tolerance: rtol=0.001, atol=1e-05
Testing N_win=1371 N_cf=9
Windowing:
  config: # windows=1371, spacing=0.009872842498993357, CF order=9
  error tolerance: rtol=0.001, atol=1e-05
Testing N_win=1371 N_cf=8
Windowing:
  config: # windows=1371, spacing=0.009872842498993357, CF order=8
  error tolerance: rtol=0.001, atol=1e-05
Testing N_win=1371 N_cf=7
Windowing:
  config: # windows=1371, spacing=0.009872842498993357, CF order=7
  error tolerance: rtol=0.001, atol=1e-05
Testing N_win=1371 N_cf=6
Windowing:
  config: # windows=1371, spacing=0.009872842498993357, CF order=6
  error tolerance: rtol=0.001, atol=1e-05
Testing N_win=1371 N_cf=5
Windowing:
  config: # windows=1371, spacing=0.009872842498993357, CF order=5
  error tolerance: rtol=0.001, atol=1e-05
Failed: Pure curvefit failed for the first window!
Testing N_win=1476 N_cf=10
Windowing:
  config: # windows=1476, spacing=0.00917050614235765, CF order=10
  error tolerance: rtol=0.001, atol=1e-05
Testing N_win=1476 N_cf=9
Windowing:
  config: # windows=1476, spacing=0.00917050614235765, CF order=9
  error tolerance: rtol=0.001, atol=1e-05
Testing N_win=1476 N_cf=8
Windowing:
  config: # windows=1476, spacing=0.00917050614235765, CF order=8
  error tolerance: rtol=0.001, atol=1e-05
Testing N_win=1476 N_cf=7
Windowing:
  config: # windows=1476, spacing=0.00917050614235765, CF order=7
  error tolerance: rtol=0.001, atol=1e-05
Testing N_win=1476 N_cf=6
Windowing:
  config: # windows=1476, spacing=0.00917050614235765, CF order=6
  error tolerance: rtol=0.001, atol=1e-05
Testing N_win=1476 N_cf=5
Windowing:
  config: # windows=1476, spacing=0.00917050614235765, CF order=5
  error tolerance: rtol=0.001, atol=1e-05
Failed: Pure curvefit failed for the first window!
Testing N_win=1581 N_cf=10
Windowing:
  config: # windows=1581, spacing=0.008561459244857617, CF order=10
  error tolerance: rtol=0.001, atol=1e-05
Testing N_win=1581 N_cf=9
Windowing:
  config: # windows=1581, spacing=0.008561459244857617, CF order=9
  error tolerance: rtol=0.001, atol=1e-05
Testing N_win=1581 N_cf=8
Windowing:
  config: # windows=1581, spacing=0.008561459244857617, CF order=8
  error tolerance: rtol=0.001, atol=1e-05
Testing N_win=1581 N_cf=7
Windowing:
  config: # windows=1581, spacing=0.008561459244857617, CF order=7
  error tolerance: rtol=0.001, atol=1e-05
Testing N_win=1581 N_cf=6
Windowing:
  config: # windows=1581, spacing=0.008561459244857617, CF order=6
  error tolerance: rtol=0.001, atol=1e-05
Testing N_win=1581 N_cf=5
Windowing:
  config: # windows=1581, spacing=0.008561459244857617, CF order=5
  error tolerance: rtol=0.001, atol=1e-05
Failed: Pure curvefit failed for the first window!
Testing N_win=1685 N_cf=10
Windowing:
  config: # windows=1685, spacing=0.008033036834492517, CF order=10
  error tolerance: rtol=0.001, atol=1e-05
Testing N_win=1685 N_cf=9
Windowing:
  config: # windows=1685, spacing=0.008033036834492517, CF order=9
  error tolerance: rtol=0.001, atol=1e-05
Testing N_win=1685 N_cf=8
Windowing:
  config: # windows=1685, spacing=0.008033036834492517, CF order=8
  error tolerance: rtol=0.001, atol=1e-05
Testing N_win=1685 N_cf=7
Windowing:
  config: # windows=1685, spacing=0.008033036834492517, CF order=7
  error tolerance: rtol=0.001, atol=1e-05
Testing N_win=1685 N_cf=6
Windowing:
  config: # windows=1685, spacing=0.008033036834492517, CF order=6
  error tolerance: rtol=0.001, atol=1e-05
Testing N_win=1685 N_cf=5
Windowing:
  config: # windows=1685, spacing=0.008033036834492517, CF order=5
  error tolerance: rtol=0.001, atol=1e-05
Failed: Pure curvefit failed for the first window!
Testing N_win=1790 N_cf=10
Windowing:
  config: # windows=1790, spacing=0.007561825176603291, CF order=10
  error tolerance: rtol=0.001, atol=1e-05
Testing N_win=1790 N_cf=9
Windowing:
  config: # windows=1790, spacing=0.007561825176603291, CF order=9
  error tolerance: rtol=0.001, atol=1e-05
Testing N_win=1790 N_cf=8
Windowing:
  config: # windows=1790, spacing=0.007561825176603291, CF order=8
  error tolerance: rtol=0.001, atol=1e-05
Testing N_win=1790 N_cf=7
Windowing:
  config: # windows=1790, spacing=0.007561825176603291, CF order=7
  error tolerance: rtol=0.001, atol=1e-05
Testing N_win=1790 N_cf=6
Windowing:
  config: # windows=1790, spacing=0.007561825176603291, CF order=6
  error tolerance: rtol=0.001, atol=1e-05
Testing N_win=1790 N_cf=5
Windowing:
  config: # windows=1790, spacing=0.007561825176603291, CF order=5
  error tolerance: rtol=0.001, atol=1e-05
Failed: Pure curvefit failed for the first window!
Testing N_win=1895 N_cf=10
Windowing:
  config: # windows=1895, spacing=0.007142832224865378, CF order=10
  error tolerance: rtol=0.001, atol=1e-05
Testing N_win=1895 N_cf=9
Windowing:
  config: # windows=1895, spacing=0.007142832224865378, CF order=9
  error tolerance: rtol=0.001, atol=1e-05
Testing N_win=1895 N_cf=8
Windowing:
  config: # windows=1895, spacing=0.007142832224865378, CF order=8
  error tolerance: rtol=0.001, atol=1e-05
Testing N_win=1895 N_cf=7
Windowing:
  config: # windows=1895, spacing=0.007142832224865378, CF order=7
  error tolerance: rtol=0.001, atol=1e-05
Testing N_win=1895 N_cf=6
Windowing:
  config: # windows=1895, spacing=0.007142832224865378, CF order=6
  error tolerance: rtol=0.001, atol=1e-05
Testing N_win=1895 N_cf=5
Windowing:
  config: # windows=1895, spacing=0.007142832224865378, CF order=5
  error tolerance: rtol=0.001, atol=1e-05
Failed: Pure curvefit failed for the first window!
Testing N_win=2000 N_cf=10
Windowing:
  config: # windows=2000, spacing=0.006767833533059946, CF order=10
  error tolerance: rtol=0.001, atol=1e-05
Testing N_win=2000 N_cf=9
Windowing:
  config: # windows=2000, spacing=0.006767833533059946, CF order=9
  error tolerance: rtol=0.001, atol=1e-05
Testing N_win=2000 N_cf=8
Windowing:
  config: # windows=2000, spacing=0.006767833533059946, CF order=8
  error tolerance: rtol=0.001, atol=1e-05
Testing N_win=2000 N_cf=7
Windowing:
  config: # windows=2000, spacing=0.006767833533059946, CF order=7
  error tolerance: rtol=0.001, atol=1e-05
Testing N_win=2000 N_cf=6
Windowing:
  config: # windows=2000, spacing=0.006767833533059946, CF order=6
  error tolerance: rtol=0.001, atol=1e-05
Testing N_win=2000 N_cf=5
Windowing:
  config: # windows=2000, spacing=0.006767833533059946, CF order=5
  error tolerance: rtol=0.001, atol=1e-05
Failed: Pure curvefit failed for the first window!
Final library: 144 poles, 325 windows, 4.5 poles per window, 6 CF order
