Running NJOY to get 0K point-wise data (error=0.0005)...
Parsing cross sections within resolved resonance range...
  MTs: [2, 27, 102]
  Energy range: 1.000e-05 to 9.950e+04 eV (34547 points)
Vector fitting piece 1/17...
  energy: 1.000e-05 to 3.651e+02 eV (1309 points)
  error tolerance: rtol=0.001, atol=1e-05
Found 1 peaks
Fitting orders from 2 to 200
Order=2(0/100)
Order=4(1/100)
Order=6(2/100)
Order=8(3/100)
Found ideal results. Stop!
Found 1 real poles and 4 conjugate complex pairs.
Final number of poles: 5
Saved figure: WMP_Lib/Cu65/0-365_MT2.png
Saved figure: WMP_Lib/Cu65/0-365_MT27.png
Saved figure: WMP_Lib/Cu65/0-365_MT102.png
Vector fitting piece 2/17...
  energy: 8.125e+01 to 1.398e+03 eV (1092 points)
  error tolerance: rtol=0.001, atol=1e-05
Found 2 peaks
Fitting orders from 4 to 200
Order=4(0/99)
Order=6(1/99)
Order=8(2/99)
Order=10(3/99)
Order=12(4/99)
Order=14(5/99)
Order=16(6/99)
Order=18(7/99)
Order=20(8/99)
Order=22(9/99)
Order=24(10/99)
Order=26(11/99)
Order=28(12/99)
Order=30(13/99)
Order=32(14/99)
Order=34(15/99)
Order=36(16/99)
Order=38(17/99)
Order=40(18/99)
Order=42(19/99)
Order=44(20/99)
Order=46(21/99)
Order=48(22/99)
Order=50(23/99)
Order=52(24/99)
Order=54(25/99)
Order=56(26/99)
Order=58(27/99)
Order=60(28/99)
Found 2 real poles and 3 conjugate complex pairs.
Final number of poles: 5
Saved figure: WMP_Lib/Cu65/81-1398_MT2.png
Saved figure: WMP_Lib/Cu65/81-1398_MT27.png
Saved figure: WMP_Lib/Cu65/81-1398_MT102.png
Vector fitting piece 3/17...
  energy: 7.500e+02 to 3.129e+03 eV (971 points)
  error tolerance: rtol=0.001, atol=1e-05
Found 2 peaks
Fitting orders from 4 to 200
Order=4(0/99)
Order=6(1/99)
Order=8(2/99)
Order=10(3/99)
Order=12(4/99)
Order=14(5/99)
Order=16(6/99)
Order=18(7/99)
Order=20(8/99)
Order=22(9/99)
Order=24(10/99)
Order=26(11/99)
Order=28(12/99)
Order=30(13/99)
Order=32(14/99)
Order=34(15/99)
Order=36(16/99)
Order=38(17/99)
Order=40(18/99)
Order=42(19/99)
Order=44(20/99)
Order=46(21/99)
Order=48(22/99)
Order=50(23/99)
Order=52(24/99)
Order=54(25/99)
Order=56(26/99)
Order=58(27/99)
Order=60(28/99)
Found 4 real poles and 3 conjugate complex pairs.
Final number of poles: 7
Saved figure: WMP_Lib/Cu65/750-3129_MT2.png
Saved figure: WMP_Lib/Cu65/750-3129_MT27.png
Saved figure: WMP_Lib/Cu65/750-3129_MT102.png
Vector fitting piece 4/17...
  energy: 2.122e+03 to 5.590e+03 eV (1756 points)
  error tolerance: rtol=0.001, atol=1e-05
Found 5 peaks
Fitting orders from 10 to 200
Order=10(0/96)
Order=12(1/96)
Order=14(2/96)
Order=16(3/96)
Order=18(4/96)
Order=20(5/96)
Order=22(6/96)
Order=24(7/96)
Order=26(8/96)
Order=28(9/96)
Order=30(10/96)
Order=32(11/96)
Order=34(12/96)
Order=36(13/96)
Order=38(14/96)
Order=40(15/96)
Order=42(16/96)
Order=44(17/96)
Order=46(18/96)
Order=48(19/96)
Order=50(20/96)
Order=52(21/96)
Order=54(22/96)
Order=56(23/96)
Order=58(24/96)
Order=60(25/96)
Found 4 real poles and 5 conjugate complex pairs.
Final number of poles: 9
Saved figure: WMP_Lib/Cu65/2122-5590_MT2.png
Saved figure: WMP_Lib/Cu65/2122-5590_MT27.png
Saved figure: WMP_Lib/Cu65/2122-5590_MT102.png
Vector fitting piece 5/17...
  energy: 4.184e+03 to 8.669e+03 eV (2649 points)
  error tolerance: rtol=0.001, atol=1e-05
Found 11 peaks
Fitting orders from 22 to 200
Order=22(0/90)
Order=24(1/90)
Order=26(2/90)
Order=28(3/90)
Order=30(4/90)
Order=32(5/90)
Order=34(6/90)
Order=36(7/90)
Order=38(8/90)
Order=40(9/90)
Order=42(10/90)
Order=44(11/90)
Order=46(12/90)
Order=48(13/90)
Order=50(14/90)
Order=52(15/90)
Order=54(16/90)
Order=56(17/90)
Order=58(18/90)
Order=60(19/90)
Order=62(20/90)
Order=64(21/90)
Order=66(22/90)
Order=68(23/90)
Order=70(24/90)
Found 0 real poles and 14 conjugate complex pairs.
Final number of poles: 14
Saved figure: WMP_Lib/Cu65/4184-8669_MT2.png
Saved figure: WMP_Lib/Cu65/4184-8669_MT27.png
Saved figure: WMP_Lib/Cu65/4184-8669_MT102.png
Vector fitting piece 6/17...
  energy: 6.926e+03 to 1.248e+04 eV (2412 points)
  error tolerance: rtol=0.001, atol=1e-05
Found 9 peaks
Fitting orders from 18 to 200
Order=18(0/92)
Order=20(1/92)
Order=22(2/92)
Order=24(3/92)
Order=26(4/92)
Order=28(5/92)
Order=30(6/92)
Order=32(7/92)
Order=34(8/92)
Order=36(9/92)
Order=38(10/92)
Order=40(11/92)
Order=42(12/92)
Order=44(13/92)
Order=46(14/92)
Order=48(15/92)
Order=50(16/92)
Order=52(17/92)
Order=54(18/92)
Order=56(19/92)
Order=58(20/92)
Order=60(21/92)
Order=62(22/92)
Order=64(23/92)
Order=66(24/92)
Order=68(25/92)
Order=70(26/92)
Found 0 real poles and 12 conjugate complex pairs.
Final number of poles: 12
Saved figure: WMP_Lib/Cu65/6926-12479_MT2.png
Saved figure: WMP_Lib/Cu65/6926-12479_MT27.png
Saved figure: WMP_Lib/Cu65/6926-12479_MT102.png
Vector fitting piece 7/17...
  energy: 1.036e+04 to 1.696e+04 eV (2797 points)
  error tolerance: rtol=0.001, atol=1e-05
Found 12 peaks
Fitting orders from 24 to 200
Order=24(0/89)
Order=26(1/89)
Order=28(2/89)
Order=30(3/89)
Order=32(4/89)
Order=34(5/89)
Order=36(6/89)
Order=38(7/89)
Order=40(8/89)
Order=42(9/89)
Order=44(10/89)
Order=46(11/89)
Order=48(12/89)
Order=50(13/89)
Order=52(14/89)
Order=54(15/89)
Order=56(16/89)
Order=58(17/89)
Order=60(18/89)
Order=62(19/89)
Order=64(20/89)
Order=66(21/89)
Order=68(22/89)
Order=70(23/89)
Found 4 real poles and 12 conjugate complex pairs.
Final number of poles: 16
Saved figure: WMP_Lib/Cu65/10360-16958_MT2.png
Saved figure: WMP_Lib/Cu65/10360-16958_MT27.png
Saved figure: WMP_Lib/Cu65/10360-16958_MT102.png
Vector fitting piece 8/17...
  energy: 1.448e+04 to 2.212e+04 eV (2990 points)
  error tolerance: rtol=0.001, atol=1e-05
Found 14 peaks
Fitting orders from 28 to 200
Order=28(0/87)
Order=30(1/87)
Order=32(2/87)
Order=34(3/87)
Order=36(4/87)
Order=38(5/87)
Order=40(6/87)
Order=42(7/87)
Order=44(8/87)
Order=46(9/87)
Order=48(10/87)
Order=50(11/87)
Order=52(12/87)
Order=54(13/87)
Order=56(14/87)
Order=58(15/87)
Order=60(16/87)
Order=62(17/87)
Order=64(18/87)
Order=66(19/87)
Order=68(20/87)
Order=70(21/87)
Found 6 real poles and 14 conjugate complex pairs.
Final number of poles: 20
Saved figure: WMP_Lib/Cu65/14484-22115_MT2.png
Saved figure: WMP_Lib/Cu65/14484-22115_MT27.png
Saved figure: WMP_Lib/Cu65/14484-22115_MT102.png
Vector fitting piece 9/17...
  energy: 1.929e+04 to 2.799e+04 eV (3921 points)
  error tolerance: rtol=0.001, atol=1e-05
Found 18 peaks
Fitting orders from 36 to 200
Order=36(0/83)
Order=38(1/83)
Order=40(2/83)
Order=42(3/83)
Order=44(4/83)
Order=46(5/83)
Order=48(6/83)
Order=50(7/83)
Order=52(8/83)
Order=54(9/83)
Order=56(10/83)
Order=58(11/83)
Order=60(12/83)
Order=62(13/83)
Order=64(14/83)
Order=66(15/83)
Order=68(16/83)
Order=70(17/83)
Found 4 real poles and 19 conjugate complex pairs.
Final number of poles: 23
Saved figure: WMP_Lib/Cu65/19290-27986_MT2.png
Saved figure: WMP_Lib/Cu65/19290-27986_MT27.png
Saved figure: WMP_Lib/Cu65/19290-27986_MT102.png
Vector fitting piece 10/17...
  energy: 2.479e+04 to 3.453e+04 eV (4856 points)
  error tolerance: rtol=0.001, atol=1e-05
Found 21 peaks
Fitting orders from 42 to 200
Order=42(0/80)
Order=44(1/80)
Order=46(2/80)
Order=48(3/80)
Order=50(4/80)
Order=52(5/80)
Order=54(6/80)
Order=56(7/80)
Order=58(8/80)
Order=60(9/80)
Order=62(10/80)
Order=64(11/80)
Order=66(12/80)
Order=68(13/80)
Order=70(14/80)
Found 4 real poles and 22 conjugate complex pairs.
Final number of poles: 26
Saved figure: WMP_Lib/Cu65/24790-34534_MT2.png
Saved figure: WMP_Lib/Cu65/24790-34534_MT27.png
Saved figure: WMP_Lib/Cu65/24790-34534_MT102.png
Vector fitting piece 11/17...
  energy: 3.098e+04 to 4.177e+04 eV (4990 points)
  error tolerance: rtol=0.001, atol=1e-05
Found 24 peaks
Fitting orders from 48 to 200
Order=48(0/77)
Order=50(1/77)
Order=52(2/77)
Order=54(3/77)
Order=56(4/77)
Order=58(5/77)
Order=60(6/77)
Order=62(7/77)
Order=64(8/77)
Order=66(9/77)
Order=68(10/77)
Order=70(11/77)
Order=72(12/77)
Found 4 real poles and 24 conjugate complex pairs.
Final number of poles: 28
Saved figure: WMP_Lib/Cu65/30983-41766_MT2.png
Saved figure: WMP_Lib/Cu65/30983-41766_MT27.png
Saved figure: WMP_Lib/Cu65/30983-41766_MT102.png
Vector fitting piece 12/17...
  energy: 3.786e+04 to 4.970e+04 eV (5767 points)
  error tolerance: rtol=0.001, atol=1e-05
Found 29 peaks
Fitting orders from 58 to 200
Order=58(0/72)
Order=60(1/72)
Order=62(2/72)
Order=64(3/72)
Order=66(4/72)
Order=68(5/72)
Order=70(6/72)
Order=72(7/72)
Order=74(8/72)
Order=76(9/72)
Order=78(10/72)
Order=80(11/72)
Order=82(12/72)
Order=84(13/72)
Found 4 real poles and 30 conjugate complex pairs.
Final number of poles: 34
Saved figure: WMP_Lib/Cu65/37860-49695_MT2.png
Saved figure: WMP_Lib/Cu65/37860-49695_MT27.png
Saved figure: WMP_Lib/Cu65/37860-49695_MT102.png
Vector fitting piece 13/17...
  energy: 4.542e+04 to 5.831e+04 eV (4886 points)
  error tolerance: rtol=0.001, atol=1e-05
Found 23 peaks
Fitting orders from 46 to 200
Order=46(0/78)
Order=48(1/78)
Order=50(2/78)
Order=52(3/78)
Order=54(4/78)
Order=56(5/78)
Order=58(6/78)
Order=60(7/78)
Order=62(8/78)
Order=64(9/78)
Order=66(10/78)
Order=68(11/78)
Order=70(12/78)
Order=72(13/78)
Found 4 real poles and 24 conjugate complex pairs.
Final number of poles: 28
Saved figure: WMP_Lib/Cu65/45423-58312_MT2.png
Saved figure: WMP_Lib/Cu65/45423-58312_MT27.png
Saved figure: WMP_Lib/Cu65/45423-58312_MT102.png
Vector fitting piece 14/17...
  energy: 5.368e+04 to 6.763e+04 eV (2577 points)
  error tolerance: rtol=0.001, atol=1e-05
Found 12 peaks
Fitting orders from 24 to 200
Order=24(0/89)
Order=26(1/89)
Order=28(2/89)
Order=30(3/89)
Order=32(4/89)
Order=34(5/89)
Order=36(6/89)
Order=38(7/89)
Order=40(8/89)
Order=42(9/89)
Order=44(10/89)
Order=46(11/89)
Order=48(12/89)
Order=50(13/89)
Order=52(14/89)
Order=54(15/89)
Order=56(16/89)
Order=58(17/89)
Order=60(18/89)
Order=62(19/89)
Order=64(20/89)
Order=66(21/89)
Order=68(22/89)
Order=70(23/89)
Found 2 real poles and 24 conjugate complex pairs.
Final number of poles: 26
Saved figure: WMP_Lib/Cu65/53677-67628_MT2.png
Saved figure: WMP_Lib/Cu65/53677-67628_MT27.png
Saved figure: WMP_Lib/Cu65/53677-67628_MT102.png
Vector fitting piece 15/17...
  energy: 6.261e+04 to 7.767e+04 eV (2761 points)
  error tolerance: rtol=0.001, atol=1e-05
Found 15 peaks
Fitting orders from 30 to 200
Order=30(0/86)
Order=32(1/86)
Order=34(2/86)
Order=36(3/86)
Order=38(4/86)
Order=40(5/86)
Order=42(6/86)
Order=44(7/86)
Order=46(8/86)
Order=48(9/86)
Order=50(10/86)
Order=52(11/86)
Order=54(12/86)
Order=56(13/86)
Order=58(14/86)
Order=60(15/86)
Found 4 real poles and 18 conjugate complex pairs.
Final number of poles: 22
Saved figure: WMP_Lib/Cu65/62613-77671_MT2.png
Saved figure: WMP_Lib/Cu65/62613-77671_MT27.png
Saved figure: WMP_Lib/Cu65/62613-77671_MT102.png
Vector fitting piece 16/17...
  energy: 7.224e+04 to 8.832e+04 eV (2740 points)
  error tolerance: rtol=0.001, atol=1e-05
Found 15 peaks
Fitting orders from 30 to 200
Order=30(0/86)
Order=32(1/86)
Order=34(2/86)
Order=36(3/86)
Order=38(4/86)
Order=40(5/86)
Order=42(6/86)
Order=44(7/86)
Order=46(8/86)
Order=48(9/86)
Order=50(10/86)
Order=52(11/86)
Order=54(12/86)
Order=56(13/86)
Order=58(14/86)
Order=60(15/86)
Found 4 real poles and 18 conjugate complex pairs.
Final number of poles: 22
Saved figure: WMP_Lib/Cu65/72245-88322_MT2.png
Saved figure: WMP_Lib/Cu65/72245-88322_MT27.png
Saved figure: WMP_Lib/Cu65/72245-88322_MT102.png
Vector fitting piece 17/17...
  energy: 8.256e+04 to 9.950e+04 eV (2813 points)
  error tolerance: rtol=0.001, atol=1e-05
Found 15 peaks
Fitting orders from 30 to 200
Order=30(0/86)
Order=32(1/86)
Order=34(2/86)
Order=36(3/86)
Order=38(4/86)
Order=40(5/86)
Order=42(6/86)
Order=44(7/86)
Order=46(8/86)
Order=48(9/86)
Order=50(10/86)
Order=52(11/86)
Order=54(12/86)
Order=56(13/86)
Order=58(14/86)
Order=60(15/86)
Found 2 real poles and 19 conjugate complex pairs.
Final number of poles: 21
Saved figure: WMP_Lib/Cu65/82563-99500_MT2.png
Saved figure: WMP_Lib/Cu65/82563-99500_MT27.png
Saved figure: WMP_Lib/Cu65/82563-99500_MT102.png
Dumped multipole data to file: WMP_Lib/Cu65/Cu65_mp.pickle
Start searching ...
Testing N_win=15 N_cf=10
Failed: Window spacing cannot be larger than piece spacing.
Testing N_win=119 N_cf=10
Windowing:
  config: # windows=119, spacing=2.6506977124623856, CF order=10
  error tolerance: rtol=0.001, atol=1e-05
Best library so far.
Testing N_win=119 N_cf=9
Windowing:
  config: # windows=119, spacing=2.6506977124623856, CF order=9
  error tolerance: rtol=0.001, atol=1e-05
Best library so far.
Testing N_win=119 N_cf=8
Windowing:
  config: # windows=119, spacing=2.6506977124623856, CF order=8
  error tolerance: rtol=0.001, atol=1e-05
Best library so far.
Testing N_win=119 N_cf=7
Windowing:
  config: # windows=119, spacing=2.6506977124623856, CF order=7
  error tolerance: rtol=0.001, atol=1e-05
Best library so far.
Testing N_win=119 N_cf=6
Windowing:
  config: # windows=119, spacing=2.6506977124623856, CF order=6
  error tolerance: rtol=0.001, atol=1e-05
Best library so far.
Testing N_win=119 N_cf=5
Windowing:
  config: # windows=119, spacing=2.6506977124623856, CF order=5
  error tolerance: rtol=0.001, atol=1e-05
Best library so far.
Testing N_win=119 N_cf=4
Windowing:
  config: # windows=119, spacing=2.6506977124623856, CF order=4
  error tolerance: rtol=0.001, atol=1e-05
Best library so far.
Testing N_win=119 N_cf=3
Windowing:
  config: # windows=119, spacing=2.6506977124623856, CF order=3
  error tolerance: rtol=0.001, atol=1e-05
Best library so far.
Testing N_win=119 N_cf=2
Windowing:
  config: # windows=119, spacing=2.6506977124623856, CF order=2
  error tolerance: rtol=0.001, atol=1e-05
Failed: Pure curvefit failed for the first window!
Testing N_win=223 N_cf=10
Windowing:
  config: # windows=223, spacing=1.4144978824350847, CF order=10
  error tolerance: rtol=0.001, atol=1e-05
Best library so far.
Testing N_win=223 N_cf=9
Windowing:
  config: # windows=223, spacing=1.4144978824350847, CF order=9
  error tolerance: rtol=0.001, atol=1e-05
Best library so far.
Testing N_win=223 N_cf=8
Windowing:
  config: # windows=223, spacing=1.4144978824350847, CF order=8
  error tolerance: rtol=0.001, atol=1e-05
Best library so far.
Testing N_win=223 N_cf=7
Windowing:
  config: # windows=223, spacing=1.4144978824350847, CF order=7
  error tolerance: rtol=0.001, atol=1e-05
Best library so far.
Testing N_win=223 N_cf=6
Windowing:
  config: # windows=223, spacing=1.4144978824350847, CF order=6
  error tolerance: rtol=0.001, atol=1e-05
Best library so far.
Testing N_win=223 N_cf=5
Windowing:
  config: # windows=223, spacing=1.4144978824350847, CF order=5
  error tolerance: rtol=0.001, atol=1e-05
Best library so far.
Testing N_win=223 N_cf=4
Windowing:
  config: # windows=223, spacing=1.4144978824350847, CF order=4
  error tolerance: rtol=0.001, atol=1e-05
Best library so far.
Testing N_win=223 N_cf=3
Windowing:
  config: # windows=223, spacing=1.4144978824350847, CF order=3
  error tolerance: rtol=0.001, atol=1e-05
Best library so far.
Testing N_win=223 N_cf=2
Windowing:
  config: # windows=223, spacing=1.4144978824350847, CF order=2
  error tolerance: rtol=0.001, atol=1e-05
Best library so far.
Testing N_win=328 N_cf=10
Windowing:
  config: # windows=328, spacing=0.9616860603140972, CF order=10
  error tolerance: rtol=0.001, atol=1e-05
Testing N_win=328 N_cf=9
Windowing:
  config: # windows=328, spacing=0.9616860603140972, CF order=9
  error tolerance: rtol=0.001, atol=1e-05
Testing N_win=328 N_cf=8
Windowing:
  config: # windows=328, spacing=0.9616860603140972, CF order=8
  error tolerance: rtol=0.001, atol=1e-05
Testing N_win=328 N_cf=7
Windowing:
  config: # windows=328, spacing=0.9616860603140972, CF order=7
  error tolerance: rtol=0.001, atol=1e-05
Best library so far.
Testing N_win=328 N_cf=6
Windowing:
  config: # windows=328, spacing=0.9616860603140972, CF order=6
  error tolerance: rtol=0.001, atol=1e-05
Best library so far.
Testing N_win=328 N_cf=5
Windowing:
  config: # windows=328, spacing=0.9616860603140972, CF order=5
  error tolerance: rtol=0.001, atol=1e-05
Best library so far.
Testing N_win=328 N_cf=4
Windowing:
  config: # windows=328, spacing=0.9616860603140972, CF order=4
  error tolerance: rtol=0.001, atol=1e-05
Best library so far.
Testing N_win=328 N_cf=3
Windowing:
  config: # windows=328, spacing=0.9616860603140972, CF order=3
  error tolerance: rtol=0.001, atol=1e-05
Best library so far.
Testing N_win=328 N_cf=2
Windowing:
  config: # windows=328, spacing=0.9616860603140972, CF order=2
  error tolerance: rtol=0.001, atol=1e-05
Best library so far.
Testing N_win=432 N_cf=10
Windowing:
  config: # windows=432, spacing=0.7301690457940367, CF order=10
  error tolerance: rtol=0.001, atol=1e-05
Testing N_win=432 N_cf=9
Windowing:
  config: # windows=432, spacing=0.7301690457940367, CF order=9
  error tolerance: rtol=0.001, atol=1e-05
Testing N_win=432 N_cf=8
Windowing:
  config: # windows=432, spacing=0.7301690457940367, CF order=8
  error tolerance: rtol=0.001, atol=1e-05
Testing N_win=432 N_cf=7
Windowing:
  config: # windows=432, spacing=0.7301690457940367, CF order=7
  error tolerance: rtol=0.001, atol=1e-05
Testing N_win=432 N_cf=6
Windowing:
  config: # windows=432, spacing=0.7301690457940367, CF order=6
  error tolerance: rtol=0.001, atol=1e-05
Testing N_win=432 N_cf=5
Windowing:
  config: # windows=432, spacing=0.7301690457940367, CF order=5
  error tolerance: rtol=0.001, atol=1e-05
Best library so far.
Testing N_win=432 N_cf=4
Windowing:
  config: # windows=432, spacing=0.7301690457940367, CF order=4
  error tolerance: rtol=0.001, atol=1e-05
Best library so far.
Testing N_win=432 N_cf=3
Windowing:
  config: # windows=432, spacing=0.7301690457940367, CF order=3
  error tolerance: rtol=0.001, atol=1e-05
Best library so far.
Testing N_win=432 N_cf=2
Windowing:
  config: # windows=432, spacing=0.7301690457940367, CF order=2
  error tolerance: rtol=0.001, atol=1e-05
Best library so far.
Testing N_win=537 N_cf=10
Windowing:
  config: # windows=537, spacing=0.5873985619795603, CF order=10
  error tolerance: rtol=0.001, atol=1e-05
Testing N_win=537 N_cf=9
Windowing:
  config: # windows=537, spacing=0.5873985619795603, CF order=9
  error tolerance: rtol=0.001, atol=1e-05
Testing N_win=537 N_cf=8
Windowing:
  config: # windows=537, spacing=0.5873985619795603, CF order=8
  error tolerance: rtol=0.001, atol=1e-05
Testing N_win=537 N_cf=7
Windowing:
  config: # windows=537, spacing=0.5873985619795603, CF order=7
  error tolerance: rtol=0.001, atol=1e-05
Testing N_win=537 N_cf=6
Windowing:
  config: # windows=537, spacing=0.5873985619795603, CF order=6
  error tolerance: rtol=0.001, atol=1e-05
Testing N_win=537 N_cf=5
Windowing:
  config: # windows=537, spacing=0.5873985619795603, CF order=5
  error tolerance: rtol=0.001, atol=1e-05
Testing N_win=537 N_cf=4
Windowing:
  config: # windows=537, spacing=0.5873985619795603, CF order=4
  error tolerance: rtol=0.001, atol=1e-05
Testing N_win=537 N_cf=3
Windowing:
  config: # windows=537, spacing=0.5873985619795603, CF order=3
  error tolerance: rtol=0.001, atol=1e-05
Best library so far.
Testing N_win=537 N_cf=2
Windowing:
  config: # windows=537, spacing=0.5873985619795603, CF order=2
  error tolerance: rtol=0.001, atol=1e-05
Best library so far.
Testing N_win=641 N_cf=10
Windowing:
  config: # windows=641, spacing=0.49209520714980326, CF order=10
  error tolerance: rtol=0.001, atol=1e-05
Testing N_win=641 N_cf=9
Windowing:
  config: # windows=641, spacing=0.49209520714980326, CF order=9
  error tolerance: rtol=0.001, atol=1e-05
Testing N_win=641 N_cf=8
Windowing:
  config: # windows=641, spacing=0.49209520714980326, CF order=8
  error tolerance: rtol=0.001, atol=1e-05
Testing N_win=641 N_cf=7
Windowing:
  config: # windows=641, spacing=0.49209520714980326, CF order=7
  error tolerance: rtol=0.001, atol=1e-05
Testing N_win=641 N_cf=6
Windowing:
  config: # windows=641, spacing=0.49209520714980326, CF order=6
  error tolerance: rtol=0.001, atol=1e-05
Testing N_win=641 N_cf=5
Windowing:
  config: # windows=641, spacing=0.49209520714980326, CF order=5
  error tolerance: rtol=0.001, atol=1e-05
Testing N_win=641 N_cf=4
Windowing:
  config: # windows=641, spacing=0.49209520714980326, CF order=4
  error tolerance: rtol=0.001, atol=1e-05
Testing N_win=641 N_cf=3
Windowing:
  config: # windows=641, spacing=0.49209520714980326, CF order=3
  error tolerance: rtol=0.001, atol=1e-05
Best library so far.
Testing N_win=641 N_cf=2
Windowing:
  config: # windows=641, spacing=0.49209520714980326, CF order=2
  error tolerance: rtol=0.001, atol=1e-05
Best library so far.
Testing N_win=746 N_cf=10
Windowing:
  config: # windows=746, spacing=0.42283247692094356, CF order=10
  error tolerance: rtol=0.001, atol=1e-05
Testing N_win=746 N_cf=9
Windowing:
  config: # windows=746, spacing=0.42283247692094356, CF order=9
  error tolerance: rtol=0.001, atol=1e-05
Testing N_win=746 N_cf=8
Windowing:
  config: # windows=746, spacing=0.42283247692094356, CF order=8
  error tolerance: rtol=0.001, atol=1e-05
Testing N_win=746 N_cf=7
Windowing:
  config: # windows=746, spacing=0.42283247692094356, CF order=7
  error tolerance: rtol=0.001, atol=1e-05
Testing N_win=746 N_cf=6
Windowing:
  config: # windows=746, spacing=0.42283247692094356, CF order=6
  error tolerance: rtol=0.001, atol=1e-05
Testing N_win=746 N_cf=5
Windowing:
  config: # windows=746, spacing=0.42283247692094356, CF order=5
  error tolerance: rtol=0.001, atol=1e-05
Testing N_win=746 N_cf=4
Windowing:
  config: # windows=746, spacing=0.42283247692094356, CF order=4
  error tolerance: rtol=0.001, atol=1e-05
Testing N_win=746 N_cf=3
Windowing:
  config: # windows=746, spacing=0.42283247692094356, CF order=3
  error tolerance: rtol=0.001, atol=1e-05
Testing N_win=746 N_cf=2
Windowing:
  config: # windows=746, spacing=0.42283247692094356, CF order=2
  error tolerance: rtol=0.001, atol=1e-05
Best library so far.
Testing N_win=850 N_cf=10
Windowing:
  config: # windows=850, spacing=0.37109767974473395, CF order=10
  error tolerance: rtol=0.001, atol=1e-05
Testing N_win=850 N_cf=9
Windowing:
  config: # windows=850, spacing=0.37109767974473395, CF order=9
  error tolerance: rtol=0.001, atol=1e-05
Testing N_win=850 N_cf=8
Windowing:
  config: # windows=850, spacing=0.37109767974473395, CF order=8
  error tolerance: rtol=0.001, atol=1e-05
Testing N_win=850 N_cf=7
Windowing:
  config: # windows=850, spacing=0.37109767974473395, CF order=7
  error tolerance: rtol=0.001, atol=1e-05
Testing N_win=850 N_cf=6
Windowing:
  config: # windows=850, spacing=0.37109767974473395, CF order=6
  error tolerance: rtol=0.001, atol=1e-05
Testing N_win=850 N_cf=5
Windowing:
  config: # windows=850, spacing=0.37109767974473395, CF order=5
  error tolerance: rtol=0.001, atol=1e-05
Testing N_win=850 N_cf=4
Windowing:
  config: # windows=850, spacing=0.37109767974473395, CF order=4
  error tolerance: rtol=0.001, atol=1e-05
Testing N_win=850 N_cf=3
Windowing:
  config: # windows=850, spacing=0.37109767974473395, CF order=3
  error tolerance: rtol=0.001, atol=1e-05
Testing N_win=850 N_cf=2
Windowing:
  config: # windows=850, spacing=0.37109767974473395, CF order=2
  error tolerance: rtol=0.001, atol=1e-05
Testing N_win=955 N_cf=10
Windowing:
  config: # windows=955, spacing=0.3302963641707056, CF order=10
  error tolerance: rtol=0.001, atol=1e-05
Testing N_win=955 N_cf=9
Windowing:
  config: # windows=955, spacing=0.3302963641707056, CF order=9
  error tolerance: rtol=0.001, atol=1e-05
Testing N_win=955 N_cf=8
Windowing:
  config: # windows=955, spacing=0.3302963641707056, CF order=8
  error tolerance: rtol=0.001, atol=1e-05
Testing N_win=955 N_cf=7
Windowing:
  config: # windows=955, spacing=0.3302963641707056, CF order=7
  error tolerance: rtol=0.001, atol=1e-05
Testing N_win=955 N_cf=6
Windowing:
  config: # windows=955, spacing=0.3302963641707056, CF order=6
  error tolerance: rtol=0.001, atol=1e-05
Testing N_win=955 N_cf=5
Windowing:
  config: # windows=955, spacing=0.3302963641707056, CF order=5
  error tolerance: rtol=0.001, atol=1e-05
Testing N_win=955 N_cf=4
Windowing:
  config: # windows=955, spacing=0.3302963641707056, CF order=4
  error tolerance: rtol=0.001, atol=1e-05
Testing N_win=955 N_cf=3
Windowing:
  config: # windows=955, spacing=0.3302963641707056, CF order=3
  error tolerance: rtol=0.001, atol=1e-05
Testing N_win=955 N_cf=2
Windowing:
  config: # windows=955, spacing=0.3302963641707056, CF order=2
  error tolerance: rtol=0.001, atol=1e-05
Testing N_win=1059 N_cf=10
Windowing:
  config: # windows=1059, spacing=0.2978593274627232, CF order=10
  error tolerance: rtol=0.001, atol=1e-05
Testing N_win=1059 N_cf=9
Windowing:
  config: # windows=1059, spacing=0.2978593274627232, CF order=9
  error tolerance: rtol=0.001, atol=1e-05
Testing N_win=1059 N_cf=8
Windowing:
  config: # windows=1059, spacing=0.2978593274627232, CF order=8
  error tolerance: rtol=0.001, atol=1e-05
Testing N_win=1059 N_cf=7
Windowing:
  config: # windows=1059, spacing=0.2978593274627232, CF order=7
  error tolerance: rtol=0.001, atol=1e-05
Testing N_win=1059 N_cf=6
Windowing:
  config: # windows=1059, spacing=0.2978593274627232, CF order=6
  error tolerance: rtol=0.001, atol=1e-05
Testing N_win=1059 N_cf=5
Windowing:
  config: # windows=1059, spacing=0.2978593274627232, CF order=5
  error tolerance: rtol=0.001, atol=1e-05
Testing N_win=1059 N_cf=4
Windowing:
  config: # windows=1059, spacing=0.2978593274627232, CF order=4
  error tolerance: rtol=0.001, atol=1e-05
Testing N_win=1059 N_cf=3
Windowing:
  config: # windows=1059, spacing=0.2978593274627232, CF order=3
  error tolerance: rtol=0.001, atol=1e-05
Testing N_win=1059 N_cf=2
Windowing:
  config: # windows=1059, spacing=0.2978593274627232, CF order=2
  error tolerance: rtol=0.001, atol=1e-05
Testing N_win=1164 N_cf=10
Windowing:
  config: # windows=1164, spacing=0.2709905736967559, CF order=10
  error tolerance: rtol=0.001, atol=1e-05
Testing N_win=1164 N_cf=9
Windowing:
  config: # windows=1164, spacing=0.2709905736967559, CF order=9
  error tolerance: rtol=0.001, atol=1e-05
Testing N_win=1164 N_cf=8
Windowing:
  config: # windows=1164, spacing=0.2709905736967559, CF order=8
  error tolerance: rtol=0.001, atol=1e-05
Testing N_win=1164 N_cf=7
Windowing:
  config: # windows=1164, spacing=0.2709905736967559, CF order=7
  error tolerance: rtol=0.001, atol=1e-05
Testing N_win=1164 N_cf=6
Windowing:
  config: # windows=1164, spacing=0.2709905736967559, CF order=6
  error tolerance: rtol=0.001, atol=1e-05
Testing N_win=1164 N_cf=5
Windowing:
  config: # windows=1164, spacing=0.2709905736967559, CF order=5
  error tolerance: rtol=0.001, atol=1e-05
Testing N_win=1164 N_cf=4
Windowing:
  config: # windows=1164, spacing=0.2709905736967559, CF order=4
  error tolerance: rtol=0.001, atol=1e-05
Testing N_win=1164 N_cf=3
Windowing:
  config: # windows=1164, spacing=0.2709905736967559, CF order=3
  error tolerance: rtol=0.001, atol=1e-05
Testing N_win=1164 N_cf=2
Windowing:
  config: # windows=1164, spacing=0.2709905736967559, CF order=2
  error tolerance: rtol=0.001, atol=1e-05
Testing N_win=1268 N_cf=10
Windowing:
  config: # windows=1268, spacing=0.2487642174944983, CF order=10
  error tolerance: rtol=0.001, atol=1e-05
Testing N_win=1268 N_cf=9
Windowing:
  config: # windows=1268, spacing=0.2487642174944983, CF order=9
  error tolerance: rtol=0.001, atol=1e-05
Testing N_win=1268 N_cf=8
Windowing:
  config: # windows=1268, spacing=0.2487642174944983, CF order=8
  error tolerance: rtol=0.001, atol=1e-05
Testing N_win=1268 N_cf=7
Windowing:
  config: # windows=1268, spacing=0.2487642174944983, CF order=7
  error tolerance: rtol=0.001, atol=1e-05
Testing N_win=1268 N_cf=6
Windowing:
  config: # windows=1268, spacing=0.2487642174944983, CF order=6
  error tolerance: rtol=0.001, atol=1e-05
Testing N_win=1268 N_cf=5
Windowing:
  config: # windows=1268, spacing=0.2487642174944983, CF order=5
  error tolerance: rtol=0.001, atol=1e-05
Testing N_win=1268 N_cf=4
Windowing:
  config: # windows=1268, spacing=0.2487642174944983, CF order=4
  error tolerance: rtol=0.001, atol=1e-05
Testing N_win=1268 N_cf=3
Windowing:
  config: # windows=1268, spacing=0.2487642174944983, CF order=3
  error tolerance: rtol=0.001, atol=1e-05
Testing N_win=1268 N_cf=2
Windowing:
  config: # windows=1268, spacing=0.2487642174944983, CF order=2
  error tolerance: rtol=0.001, atol=1e-05
Testing N_win=1373 N_cf=10
Windowing:
  config: # windows=1373, spacing=0.22974000566862626, CF order=10
  error tolerance: rtol=0.001, atol=1e-05
Testing N_win=1373 N_cf=9
Windowing:
  config: # windows=1373, spacing=0.22974000566862626, CF order=9
  error tolerance: rtol=0.001, atol=1e-05
Testing N_win=1373 N_cf=8
Windowing:
  config: # windows=1373, spacing=0.22974000566862626, CF order=8
  error tolerance: rtol=0.001, atol=1e-05
Testing N_win=1373 N_cf=7
Windowing:
  config: # windows=1373, spacing=0.22974000566862626, CF order=7
  error tolerance: rtol=0.001, atol=1e-05
Testing N_win=1373 N_cf=6
Windowing:
  config: # windows=1373, spacing=0.22974000566862626, CF order=6
  error tolerance: rtol=0.001, atol=1e-05
Testing N_win=1373 N_cf=5
Windowing:
  config: # windows=1373, spacing=0.22974000566862626, CF order=5
  error tolerance: rtol=0.001, atol=1e-05
Testing N_win=1373 N_cf=4
Windowing:
  config: # windows=1373, spacing=0.22974000566862626, CF order=4
  error tolerance: rtol=0.001, atol=1e-05
Testing N_win=1373 N_cf=3
Windowing:
  config: # windows=1373, spacing=0.22974000566862626, CF order=3
  error tolerance: rtol=0.001, atol=1e-05
Testing N_win=1373 N_cf=2
Windowing:
  config: # windows=1373, spacing=0.22974000566862626, CF order=2
  error tolerance: rtol=0.001, atol=1e-05
Testing N_win=1477 N_cf=10
Windowing:
  config: # windows=1477, spacing=0.21356332280502632, CF order=10
  error tolerance: rtol=0.001, atol=1e-05
Testing N_win=1477 N_cf=9
Windowing:
  config: # windows=1477, spacing=0.21356332280502632, CF order=9
  error tolerance: rtol=0.001, atol=1e-05
Testing N_win=1477 N_cf=8
Windowing:
  config: # windows=1477, spacing=0.21356332280502632, CF order=8
  error tolerance: rtol=0.001, atol=1e-05
Testing N_win=1477 N_cf=7
Windowing:
  config: # windows=1477, spacing=0.21356332280502632, CF order=7
  error tolerance: rtol=0.001, atol=1e-05
Testing N_win=1477 N_cf=6
Windowing:
  config: # windows=1477, spacing=0.21356332280502632, CF order=6
  error tolerance: rtol=0.001, atol=1e-05
Testing N_win=1477 N_cf=5
Windowing:
  config: # windows=1477, spacing=0.21356332280502632, CF order=5
  error tolerance: rtol=0.001, atol=1e-05
Testing N_win=1477 N_cf=4
Windowing:
  config: # windows=1477, spacing=0.21356332280502632, CF order=4
  error tolerance: rtol=0.001, atol=1e-05
Testing N_win=1477 N_cf=3
Windowing:
  config: # windows=1477, spacing=0.21356332280502632, CF order=3
  error tolerance: rtol=0.001, atol=1e-05
Testing N_win=1477 N_cf=2
Windowing:
  config: # windows=1477, spacing=0.21356332280502632, CF order=2
  error tolerance: rtol=0.001, atol=1e-05
Testing N_win=1582 N_cf=10
Windowing:
  config: # windows=1582, spacing=0.19938876598168387, CF order=10
  error tolerance: rtol=0.001, atol=1e-05
Testing N_win=1582 N_cf=9
Windowing:
  config: # windows=1582, spacing=0.19938876598168387, CF order=9
  error tolerance: rtol=0.001, atol=1e-05
Testing N_win=1582 N_cf=8
Windowing:
  config: # windows=1582, spacing=0.19938876598168387, CF order=8
  error tolerance: rtol=0.001, atol=1e-05
Testing N_win=1582 N_cf=7
Windowing:
  config: # windows=1582, spacing=0.19938876598168387, CF order=7
  error tolerance: rtol=0.001, atol=1e-05
Testing N_win=1582 N_cf=6
Windowing:
  config: # windows=1582, spacing=0.19938876598168387, CF order=6
  error tolerance: rtol=0.001, atol=1e-05
Testing N_win=1582 N_cf=5
Windowing:
  config: # windows=1582, spacing=0.19938876598168387, CF order=5
  error tolerance: rtol=0.001, atol=1e-05
Testing N_win=1582 N_cf=4
Windowing:
  config: # windows=1582, spacing=0.19938876598168387, CF order=4
  error tolerance: rtol=0.001, atol=1e-05
Testing N_win=1582 N_cf=3
Windowing:
  config: # windows=1582, spacing=0.19938876598168387, CF order=3
  error tolerance: rtol=0.001, atol=1e-05
Testing N_win=1582 N_cf=2
Windowing:
  config: # windows=1582, spacing=0.19938876598168387, CF order=2
  error tolerance: rtol=0.001, atol=1e-05
Testing N_win=1686 N_cf=10
Windowing:
  config: # windows=1686, spacing=0.1870895775700023, CF order=10
  error tolerance: rtol=0.001, atol=1e-05
Testing N_win=1686 N_cf=9
Windowing:
  config: # windows=1686, spacing=0.1870895775700023, CF order=9
  error tolerance: rtol=0.001, atol=1e-05
Testing N_win=1686 N_cf=8
Windowing:
  config: # windows=1686, spacing=0.1870895775700023, CF order=8
  error tolerance: rtol=0.001, atol=1e-05
Testing N_win=1686 N_cf=7
Windowing:
  config: # windows=1686, spacing=0.1870895775700023, CF order=7
  error tolerance: rtol=0.001, atol=1e-05
Testing N_win=1686 N_cf=6
Windowing:
  config: # windows=1686, spacing=0.1870895775700023, CF order=6
  error tolerance: rtol=0.001, atol=1e-05
Testing N_win=1686 N_cf=5
Windowing:
  config: # windows=1686, spacing=0.1870895775700023, CF order=5
  error tolerance: rtol=0.001, atol=1e-05
Testing N_win=1686 N_cf=4
Windowing:
  config: # windows=1686, spacing=0.1870895775700023, CF order=4
  error tolerance: rtol=0.001, atol=1e-05
Testing N_win=1686 N_cf=3
Windowing:
  config: # windows=1686, spacing=0.1870895775700023, CF order=3
  error tolerance: rtol=0.001, atol=1e-05
Testing N_win=1686 N_cf=2
Windowing:
  config: # windows=1686, spacing=0.1870895775700023, CF order=2
  error tolerance: rtol=0.001, atol=1e-05
Testing N_win=1791 N_cf=10
Windowing:
  config: # windows=1791, spacing=0.17612117687494352, CF order=10
  error tolerance: rtol=0.001, atol=1e-05
Testing N_win=1791 N_cf=9
Windowing:
  config: # windows=1791, spacing=0.17612117687494352, CF order=9
  error tolerance: rtol=0.001, atol=1e-05
Testing N_win=1791 N_cf=8
Windowing:
  config: # windows=1791, spacing=0.17612117687494352, CF order=8
  error tolerance: rtol=0.001, atol=1e-05
Testing N_win=1791 N_cf=7
Windowing:
  config: # windows=1791, spacing=0.17612117687494352, CF order=7
  error tolerance: rtol=0.001, atol=1e-05
Testing N_win=1791 N_cf=6
Windowing:
  config: # windows=1791, spacing=0.17612117687494352, CF order=6
  error tolerance: rtol=0.001, atol=1e-05
Testing N_win=1791 N_cf=5
Windowing:
  config: # windows=1791, spacing=0.17612117687494352, CF order=5
  error tolerance: rtol=0.001, atol=1e-05
Testing N_win=1791 N_cf=4
Windowing:
  config: # windows=1791, spacing=0.17612117687494352, CF order=4
  error tolerance: rtol=0.001, atol=1e-05
Testing N_win=1791 N_cf=3
Windowing:
  config: # windows=1791, spacing=0.17612117687494352, CF order=3
  error tolerance: rtol=0.001, atol=1e-05
Testing N_win=1791 N_cf=2
Windowing:
  config: # windows=1791, spacing=0.17612117687494352, CF order=2
  error tolerance: rtol=0.001, atol=1e-05
Testing N_win=1895 N_cf=10
Windowing:
  config: # windows=1895, spacing=0.16645542363220256, CF order=10
  error tolerance: rtol=0.001, atol=1e-05
Testing N_win=1895 N_cf=9
Windowing:
  config: # windows=1895, spacing=0.16645542363220256, CF order=9
  error tolerance: rtol=0.001, atol=1e-05
Testing N_win=1895 N_cf=8
Windowing:
  config: # windows=1895, spacing=0.16645542363220256, CF order=8
  error tolerance: rtol=0.001, atol=1e-05
Testing N_win=1895 N_cf=7
Windowing:
  config: # windows=1895, spacing=0.16645542363220256, CF order=7
  error tolerance: rtol=0.001, atol=1e-05
Testing N_win=1895 N_cf=6
Windowing:
  config: # windows=1895, spacing=0.16645542363220256, CF order=6
  error tolerance: rtol=0.001, atol=1e-05
Testing N_win=1895 N_cf=5
Windowing:
  config: # windows=1895, spacing=0.16645542363220256, CF order=5
  error tolerance: rtol=0.001, atol=1e-05
Testing N_win=1895 N_cf=4
Windowing:
  config: # windows=1895, spacing=0.16645542363220256, CF order=4
  error tolerance: rtol=0.001, atol=1e-05
Testing N_win=1895 N_cf=3
Windowing:
  config: # windows=1895, spacing=0.16645542363220256, CF order=3
  error tolerance: rtol=0.001, atol=1e-05
Testing N_win=1895 N_cf=2
Windowing:
  config: # windows=1895, spacing=0.16645542363220256, CF order=2
  error tolerance: rtol=0.001, atol=1e-05
Testing N_win=2000 N_cf=10
Windowing:
  config: # windows=2000, spacing=0.15771651389151195, CF order=10
  error tolerance: rtol=0.001, atol=1e-05
Testing N_win=2000 N_cf=9
Windowing:
  config: # windows=2000, spacing=0.15771651389151195, CF order=9
  error tolerance: rtol=0.001, atol=1e-05
Testing N_win=2000 N_cf=8
Windowing:
  config: # windows=2000, spacing=0.15771651389151195, CF order=8
  error tolerance: rtol=0.001, atol=1e-05
Testing N_win=2000 N_cf=7
Windowing:
  config: # windows=2000, spacing=0.15771651389151195, CF order=7
  error tolerance: rtol=0.001, atol=1e-05
Testing N_win=2000 N_cf=6
Windowing:
  config: # windows=2000, spacing=0.15771651389151195, CF order=6
  error tolerance: rtol=0.001, atol=1e-05
Testing N_win=2000 N_cf=5
Windowing:
  config: # windows=2000, spacing=0.15771651389151195, CF order=5
  error tolerance: rtol=0.001, atol=1e-05
Testing N_win=2000 N_cf=4
Windowing:
  config: # windows=2000, spacing=0.15771651389151195, CF order=4
  error tolerance: rtol=0.001, atol=1e-05
Testing N_win=2000 N_cf=3
Windowing:
  config: # windows=2000, spacing=0.15771651389151195, CF order=3
  error tolerance: rtol=0.001, atol=1e-05
Testing N_win=2000 N_cf=2
Windowing:
  config: # windows=2000, spacing=0.15771651389151195, CF order=2
  error tolerance: rtol=0.001, atol=1e-05
Final library: 201 poles, 746 windows, 1.7 poles per window, 2 CF order
